[2025-04-10T13:35:40.363+0000] {processor.py:161} INFO - Started process (PID=81) to work on /home/airflow/.local/lib/python3.12/site-packages/airflow/example_dags/example_branch_labels.py
[2025-04-10T13:35:40.365+0000] {processor.py:830} INFO - Processing file /home/airflow/.local/lib/python3.12/site-packages/airflow/example_dags/example_branch_labels.py for tasks to queue
[2025-04-10T13:35:40.368+0000] {logging_mixin.py:188} INFO - [2025-04-10T13:35:40.367+0000] {dagbag.py:540} INFO - Filling up the DagBag from /home/airflow/.local/lib/python3.12/site-packages/airflow/example_dags/example_branch_labels.py
[2025-04-10T13:35:40.394+0000] {processor.py:840} INFO - DAG(s) 'example_branch_labels' retrieved from /home/airflow/.local/lib/python3.12/site-packages/airflow/example_dags/example_branch_labels.py
[2025-04-10T13:35:40.612+0000] {logging_mixin.py:188} INFO - [2025-04-10T13:35:40.611+0000] {dag.py:3096} INFO - Sync 1 DAGs
[2025-04-10T13:35:40.653+0000] {logging_mixin.py:188} INFO - [2025-04-10T13:35:40.653+0000] {dag.py:3954} INFO - Setting next_dagrun for example_branch_labels to 2025-04-09 00:00:00+00:00, run_after=2025-04-10 00:00:00+00:00
[2025-04-10T13:35:40.695+0000] {processor.py:183} INFO - Processing /home/airflow/.local/lib/python3.12/site-packages/airflow/example_dags/example_branch_labels.py took 0.341 seconds
[2025-04-10T13:36:11.359+0000] {processor.py:161} INFO - Started process (PID=139) to work on /home/airflow/.local/lib/python3.12/site-packages/airflow/example_dags/example_branch_labels.py
[2025-04-10T13:36:11.361+0000] {processor.py:830} INFO - Processing file /home/airflow/.local/lib/python3.12/site-packages/airflow/example_dags/example_branch_labels.py for tasks to queue
[2025-04-10T13:36:11.364+0000] {logging_mixin.py:188} INFO - [2025-04-10T13:36:11.363+0000] {dagbag.py:540} INFO - Filling up the DagBag from /home/airflow/.local/lib/python3.12/site-packages/airflow/example_dags/example_branch_labels.py
[2025-04-10T13:36:11.376+0000] {processor.py:840} INFO - DAG(s) 'example_branch_labels' retrieved from /home/airflow/.local/lib/python3.12/site-packages/airflow/example_dags/example_branch_labels.py
[2025-04-10T13:36:11.410+0000] {logging_mixin.py:188} INFO - [2025-04-10T13:36:11.410+0000] {dag.py:3096} INFO - Sync 1 DAGs
[2025-04-10T13:36:11.450+0000] {logging_mixin.py:188} INFO - [2025-04-10T13:36:11.449+0000] {dag.py:3954} INFO - Setting next_dagrun for example_branch_labels to 2025-04-09 00:00:00+00:00, run_after=2025-04-10 00:00:00+00:00
[2025-04-10T13:36:11.482+0000] {processor.py:183} INFO - Processing /home/airflow/.local/lib/python3.12/site-packages/airflow/example_dags/example_branch_labels.py took 0.132 seconds
[2025-04-10T13:36:41.931+0000] {processor.py:161} INFO - Started process (PID=197) to work on /home/airflow/.local/lib/python3.12/site-packages/airflow/example_dags/example_branch_labels.py
[2025-04-10T13:36:41.932+0000] {processor.py:830} INFO - Processing file /home/airflow/.local/lib/python3.12/site-packages/airflow/example_dags/example_branch_labels.py for tasks to queue
[2025-04-10T13:36:41.935+0000] {logging_mixin.py:188} INFO - [2025-04-10T13:36:41.935+0000] {dagbag.py:540} INFO - Filling up the DagBag from /home/airflow/.local/lib/python3.12/site-packages/airflow/example_dags/example_branch_labels.py
[2025-04-10T13:36:41.947+0000] {processor.py:840} INFO - DAG(s) 'example_branch_labels' retrieved from /home/airflow/.local/lib/python3.12/site-packages/airflow/example_dags/example_branch_labels.py
[2025-04-10T13:36:41.987+0000] {logging_mixin.py:188} INFO - [2025-04-10T13:36:41.987+0000] {dag.py:3096} INFO - Sync 1 DAGs
[2025-04-10T13:36:42.036+0000] {logging_mixin.py:188} INFO - [2025-04-10T13:36:42.036+0000] {dag.py:3954} INFO - Setting next_dagrun for example_branch_labels to 2025-04-09 00:00:00+00:00, run_after=2025-04-10 00:00:00+00:00
[2025-04-10T13:36:42.071+0000] {processor.py:183} INFO - Processing /home/airflow/.local/lib/python3.12/site-packages/airflow/example_dags/example_branch_labels.py took 0.149 seconds
[2025-04-10T13:37:12.338+0000] {processor.py:161} INFO - Started process (PID=255) to work on /home/airflow/.local/lib/python3.12/site-packages/airflow/example_dags/example_branch_labels.py
[2025-04-10T13:37:12.340+0000] {processor.py:830} INFO - Processing file /home/airflow/.local/lib/python3.12/site-packages/airflow/example_dags/example_branch_labels.py for tasks to queue
[2025-04-10T13:37:12.343+0000] {logging_mixin.py:188} INFO - [2025-04-10T13:37:12.342+0000] {dagbag.py:540} INFO - Filling up the DagBag from /home/airflow/.local/lib/python3.12/site-packages/airflow/example_dags/example_branch_labels.py
[2025-04-10T13:37:12.360+0000] {processor.py:840} INFO - DAG(s) 'example_branch_labels' retrieved from /home/airflow/.local/lib/python3.12/site-packages/airflow/example_dags/example_branch_labels.py
[2025-04-10T13:37:12.402+0000] {logging_mixin.py:188} INFO - [2025-04-10T13:37:12.401+0000] {dag.py:3096} INFO - Sync 1 DAGs
[2025-04-10T13:37:12.452+0000] {logging_mixin.py:188} INFO - [2025-04-10T13:37:12.452+0000] {dag.py:3954} INFO - Setting next_dagrun for example_branch_labels to 2025-04-09 00:00:00+00:00, run_after=2025-04-10 00:00:00+00:00
[2025-04-10T13:37:12.487+0000] {processor.py:183} INFO - Processing /home/airflow/.local/lib/python3.12/site-packages/airflow/example_dags/example_branch_labels.py took 0.160 seconds
[2025-04-10T13:37:42.870+0000] {processor.py:161} INFO - Started process (PID=313) to work on /home/airflow/.local/lib/python3.12/site-packages/airflow/example_dags/example_branch_labels.py
[2025-04-10T13:37:42.871+0000] {processor.py:830} INFO - Processing file /home/airflow/.local/lib/python3.12/site-packages/airflow/example_dags/example_branch_labels.py for tasks to queue
[2025-04-10T13:37:42.874+0000] {logging_mixin.py:188} INFO - [2025-04-10T13:37:42.874+0000] {dagbag.py:540} INFO - Filling up the DagBag from /home/airflow/.local/lib/python3.12/site-packages/airflow/example_dags/example_branch_labels.py
[2025-04-10T13:37:42.886+0000] {processor.py:840} INFO - DAG(s) 'example_branch_labels' retrieved from /home/airflow/.local/lib/python3.12/site-packages/airflow/example_dags/example_branch_labels.py
[2025-04-10T13:37:42.923+0000] {logging_mixin.py:188} INFO - [2025-04-10T13:37:42.922+0000] {dag.py:3096} INFO - Sync 1 DAGs
[2025-04-10T13:37:42.964+0000] {logging_mixin.py:188} INFO - [2025-04-10T13:37:42.963+0000] {dag.py:3954} INFO - Setting next_dagrun for example_branch_labels to 2025-04-09 00:00:00+00:00, run_after=2025-04-10 00:00:00+00:00
[2025-04-10T13:37:42.999+0000] {processor.py:183} INFO - Processing /home/airflow/.local/lib/python3.12/site-packages/airflow/example_dags/example_branch_labels.py took 0.139 seconds
[2025-04-10T13:38:13.679+0000] {processor.py:161} INFO - Started process (PID=371) to work on /home/airflow/.local/lib/python3.12/site-packages/airflow/example_dags/example_branch_labels.py
[2025-04-10T13:38:13.680+0000] {processor.py:830} INFO - Processing file /home/airflow/.local/lib/python3.12/site-packages/airflow/example_dags/example_branch_labels.py for tasks to queue
[2025-04-10T13:38:13.683+0000] {logging_mixin.py:188} INFO - [2025-04-10T13:38:13.683+0000] {dagbag.py:540} INFO - Filling up the DagBag from /home/airflow/.local/lib/python3.12/site-packages/airflow/example_dags/example_branch_labels.py
[2025-04-10T13:38:13.695+0000] {processor.py:840} INFO - DAG(s) 'example_branch_labels' retrieved from /home/airflow/.local/lib/python3.12/site-packages/airflow/example_dags/example_branch_labels.py
[2025-04-10T13:38:13.731+0000] {logging_mixin.py:188} INFO - [2025-04-10T13:38:13.731+0000] {dag.py:3096} INFO - Sync 1 DAGs
[2025-04-10T13:38:13.775+0000] {logging_mixin.py:188} INFO - [2025-04-10T13:38:13.775+0000] {dag.py:3954} INFO - Setting next_dagrun for example_branch_labels to 2025-04-09 00:00:00+00:00, run_after=2025-04-10 00:00:00+00:00
[2025-04-10T13:38:13.807+0000] {processor.py:183} INFO - Processing /home/airflow/.local/lib/python3.12/site-packages/airflow/example_dags/example_branch_labels.py took 0.138 seconds
[2025-04-10T13:38:44.592+0000] {processor.py:161} INFO - Started process (PID=429) to work on /home/airflow/.local/lib/python3.12/site-packages/airflow/example_dags/example_branch_labels.py
[2025-04-10T13:38:44.593+0000] {processor.py:830} INFO - Processing file /home/airflow/.local/lib/python3.12/site-packages/airflow/example_dags/example_branch_labels.py for tasks to queue
[2025-04-10T13:38:44.596+0000] {logging_mixin.py:188} INFO - [2025-04-10T13:38:44.596+0000] {dagbag.py:540} INFO - Filling up the DagBag from /home/airflow/.local/lib/python3.12/site-packages/airflow/example_dags/example_branch_labels.py
[2025-04-10T13:38:44.609+0000] {processor.py:840} INFO - DAG(s) 'example_branch_labels' retrieved from /home/airflow/.local/lib/python3.12/site-packages/airflow/example_dags/example_branch_labels.py
[2025-04-10T13:38:44.645+0000] {logging_mixin.py:188} INFO - [2025-04-10T13:38:44.644+0000] {dag.py:3096} INFO - Sync 1 DAGs
[2025-04-10T13:38:44.685+0000] {logging_mixin.py:188} INFO - [2025-04-10T13:38:44.684+0000] {dag.py:3954} INFO - Setting next_dagrun for example_branch_labels to 2025-04-09 00:00:00+00:00, run_after=2025-04-10 00:00:00+00:00
[2025-04-10T13:38:44.717+0000] {processor.py:183} INFO - Processing /home/airflow/.local/lib/python3.12/site-packages/airflow/example_dags/example_branch_labels.py took 0.134 seconds
[2025-04-10T13:39:15.024+0000] {processor.py:161} INFO - Started process (PID=487) to work on /home/airflow/.local/lib/python3.12/site-packages/airflow/example_dags/example_branch_labels.py
[2025-04-10T13:39:15.026+0000] {processor.py:830} INFO - Processing file /home/airflow/.local/lib/python3.12/site-packages/airflow/example_dags/example_branch_labels.py for tasks to queue
[2025-04-10T13:39:15.029+0000] {logging_mixin.py:188} INFO - [2025-04-10T13:39:15.028+0000] {dagbag.py:540} INFO - Filling up the DagBag from /home/airflow/.local/lib/python3.12/site-packages/airflow/example_dags/example_branch_labels.py
[2025-04-10T13:39:15.041+0000] {processor.py:840} INFO - DAG(s) 'example_branch_labels' retrieved from /home/airflow/.local/lib/python3.12/site-packages/airflow/example_dags/example_branch_labels.py
[2025-04-10T13:39:15.079+0000] {logging_mixin.py:188} INFO - [2025-04-10T13:39:15.079+0000] {dag.py:3096} INFO - Sync 1 DAGs
[2025-04-10T13:39:15.121+0000] {logging_mixin.py:188} INFO - [2025-04-10T13:39:15.120+0000] {dag.py:3954} INFO - Setting next_dagrun for example_branch_labels to 2025-04-09 00:00:00+00:00, run_after=2025-04-10 00:00:00+00:00
[2025-04-10T13:39:15.154+0000] {processor.py:183} INFO - Processing /home/airflow/.local/lib/python3.12/site-packages/airflow/example_dags/example_branch_labels.py took 0.138 seconds
[2025-04-10T13:39:45.463+0000] {processor.py:161} INFO - Started process (PID=545) to work on /home/airflow/.local/lib/python3.12/site-packages/airflow/example_dags/example_branch_labels.py
[2025-04-10T13:39:45.465+0000] {processor.py:830} INFO - Processing file /home/airflow/.local/lib/python3.12/site-packages/airflow/example_dags/example_branch_labels.py for tasks to queue
[2025-04-10T13:39:45.467+0000] {logging_mixin.py:188} INFO - [2025-04-10T13:39:45.467+0000] {dagbag.py:540} INFO - Filling up the DagBag from /home/airflow/.local/lib/python3.12/site-packages/airflow/example_dags/example_branch_labels.py
[2025-04-10T13:39:45.480+0000] {processor.py:840} INFO - DAG(s) 'example_branch_labels' retrieved from /home/airflow/.local/lib/python3.12/site-packages/airflow/example_dags/example_branch_labels.py
[2025-04-10T13:39:45.515+0000] {logging_mixin.py:188} INFO - [2025-04-10T13:39:45.515+0000] {dag.py:3096} INFO - Sync 1 DAGs
[2025-04-10T13:39:45.556+0000] {logging_mixin.py:188} INFO - [2025-04-10T13:39:45.556+0000] {dag.py:3954} INFO - Setting next_dagrun for example_branch_labels to 2025-04-09 00:00:00+00:00, run_after=2025-04-10 00:00:00+00:00
[2025-04-10T13:39:45.588+0000] {processor.py:183} INFO - Processing /home/airflow/.local/lib/python3.12/site-packages/airflow/example_dags/example_branch_labels.py took 0.134 seconds
[2025-04-10T13:40:16.404+0000] {processor.py:161} INFO - Started process (PID=603) to work on /home/airflow/.local/lib/python3.12/site-packages/airflow/example_dags/example_branch_labels.py
[2025-04-10T13:40:16.405+0000] {processor.py:830} INFO - Processing file /home/airflow/.local/lib/python3.12/site-packages/airflow/example_dags/example_branch_labels.py for tasks to queue
[2025-04-10T13:40:16.409+0000] {logging_mixin.py:188} INFO - [2025-04-10T13:40:16.408+0000] {dagbag.py:540} INFO - Filling up the DagBag from /home/airflow/.local/lib/python3.12/site-packages/airflow/example_dags/example_branch_labels.py
[2025-04-10T13:40:16.426+0000] {processor.py:840} INFO - DAG(s) 'example_branch_labels' retrieved from /home/airflow/.local/lib/python3.12/site-packages/airflow/example_dags/example_branch_labels.py
[2025-04-10T13:40:16.463+0000] {logging_mixin.py:188} INFO - [2025-04-10T13:40:16.463+0000] {dag.py:3096} INFO - Sync 1 DAGs
[2025-04-10T13:40:16.509+0000] {logging_mixin.py:188} INFO - [2025-04-10T13:40:16.508+0000] {dag.py:3954} INFO - Setting next_dagrun for example_branch_labels to 2025-04-09 00:00:00+00:00, run_after=2025-04-10 00:00:00+00:00
[2025-04-10T13:40:16.540+0000] {processor.py:183} INFO - Processing /home/airflow/.local/lib/python3.12/site-packages/airflow/example_dags/example_branch_labels.py took 0.145 seconds
[2025-04-10T13:40:47.442+0000] {processor.py:161} INFO - Started process (PID=661) to work on /home/airflow/.local/lib/python3.12/site-packages/airflow/example_dags/example_branch_labels.py
[2025-04-10T13:40:47.443+0000] {processor.py:830} INFO - Processing file /home/airflow/.local/lib/python3.12/site-packages/airflow/example_dags/example_branch_labels.py for tasks to queue
[2025-04-10T13:40:47.446+0000] {logging_mixin.py:188} INFO - [2025-04-10T13:40:47.446+0000] {dagbag.py:540} INFO - Filling up the DagBag from /home/airflow/.local/lib/python3.12/site-packages/airflow/example_dags/example_branch_labels.py
[2025-04-10T13:40:47.459+0000] {processor.py:840} INFO - DAG(s) 'example_branch_labels' retrieved from /home/airflow/.local/lib/python3.12/site-packages/airflow/example_dags/example_branch_labels.py
[2025-04-10T13:40:47.495+0000] {logging_mixin.py:188} INFO - [2025-04-10T13:40:47.495+0000] {dag.py:3096} INFO - Sync 1 DAGs
[2025-04-10T13:40:47.539+0000] {logging_mixin.py:188} INFO - [2025-04-10T13:40:47.538+0000] {dag.py:3954} INFO - Setting next_dagrun for example_branch_labels to 2025-04-09 00:00:00+00:00, run_after=2025-04-10 00:00:00+00:00
[2025-04-10T13:40:47.571+0000] {processor.py:183} INFO - Processing /home/airflow/.local/lib/python3.12/site-packages/airflow/example_dags/example_branch_labels.py took 0.138 seconds
[2025-04-10T13:41:18.438+0000] {processor.py:161} INFO - Started process (PID=719) to work on /home/airflow/.local/lib/python3.12/site-packages/airflow/example_dags/example_branch_labels.py
[2025-04-10T13:41:18.439+0000] {processor.py:830} INFO - Processing file /home/airflow/.local/lib/python3.12/site-packages/airflow/example_dags/example_branch_labels.py for tasks to queue
[2025-04-10T13:41:18.442+0000] {logging_mixin.py:188} INFO - [2025-04-10T13:41:18.441+0000] {dagbag.py:540} INFO - Filling up the DagBag from /home/airflow/.local/lib/python3.12/site-packages/airflow/example_dags/example_branch_labels.py
[2025-04-10T13:41:18.454+0000] {processor.py:840} INFO - DAG(s) 'example_branch_labels' retrieved from /home/airflow/.local/lib/python3.12/site-packages/airflow/example_dags/example_branch_labels.py
[2025-04-10T13:41:18.497+0000] {logging_mixin.py:188} INFO - [2025-04-10T13:41:18.497+0000] {dag.py:3096} INFO - Sync 1 DAGs
[2025-04-10T13:41:18.547+0000] {logging_mixin.py:188} INFO - [2025-04-10T13:41:18.547+0000] {dag.py:3954} INFO - Setting next_dagrun for example_branch_labels to 2025-04-09 00:00:00+00:00, run_after=2025-04-10 00:00:00+00:00
[2025-04-10T13:41:18.597+0000] {processor.py:183} INFO - Processing /home/airflow/.local/lib/python3.12/site-packages/airflow/example_dags/example_branch_labels.py took 0.169 seconds
[2025-04-10T13:50:03.671+0000] {processor.py:161} INFO - Started process (PID=81) to work on /home/airflow/.local/lib/python3.12/site-packages/airflow/example_dags/example_branch_labels.py
[2025-04-10T13:50:03.673+0000] {processor.py:830} INFO - Processing file /home/airflow/.local/lib/python3.12/site-packages/airflow/example_dags/example_branch_labels.py for tasks to queue
[2025-04-10T13:50:03.676+0000] {logging_mixin.py:188} INFO - [2025-04-10T13:50:03.675+0000] {dagbag.py:540} INFO - Filling up the DagBag from /home/airflow/.local/lib/python3.12/site-packages/airflow/example_dags/example_branch_labels.py
[2025-04-10T13:50:03.694+0000] {processor.py:840} INFO - DAG(s) 'example_branch_labels' retrieved from /home/airflow/.local/lib/python3.12/site-packages/airflow/example_dags/example_branch_labels.py
[2025-04-10T13:50:03.896+0000] {logging_mixin.py:188} INFO - [2025-04-10T13:50:03.896+0000] {dag.py:3096} INFO - Sync 1 DAGs
[2025-04-10T13:50:03.932+0000] {logging_mixin.py:188} INFO - [2025-04-10T13:50:03.931+0000] {dag.py:3954} INFO - Setting next_dagrun for example_branch_labels to 2025-04-09 00:00:00+00:00, run_after=2025-04-10 00:00:00+00:00
[2025-04-10T13:50:03.966+0000] {processor.py:183} INFO - Processing /home/airflow/.local/lib/python3.12/site-packages/airflow/example_dags/example_branch_labels.py took 0.304 seconds
[2025-04-10T13:50:34.420+0000] {processor.py:161} INFO - Started process (PID=139) to work on /home/airflow/.local/lib/python3.12/site-packages/airflow/example_dags/example_branch_labels.py
[2025-04-10T13:50:34.422+0000] {processor.py:830} INFO - Processing file /home/airflow/.local/lib/python3.12/site-packages/airflow/example_dags/example_branch_labels.py for tasks to queue
[2025-04-10T13:50:34.425+0000] {logging_mixin.py:188} INFO - [2025-04-10T13:50:34.425+0000] {dagbag.py:540} INFO - Filling up the DagBag from /home/airflow/.local/lib/python3.12/site-packages/airflow/example_dags/example_branch_labels.py
[2025-04-10T13:50:34.438+0000] {processor.py:840} INFO - DAG(s) 'example_branch_labels' retrieved from /home/airflow/.local/lib/python3.12/site-packages/airflow/example_dags/example_branch_labels.py
[2025-04-10T13:50:34.478+0000] {logging_mixin.py:188} INFO - [2025-04-10T13:50:34.477+0000] {dag.py:3096} INFO - Sync 1 DAGs
[2025-04-10T13:50:34.523+0000] {logging_mixin.py:188} INFO - [2025-04-10T13:50:34.523+0000] {dag.py:3954} INFO - Setting next_dagrun for example_branch_labels to 2025-04-09 00:00:00+00:00, run_after=2025-04-10 00:00:00+00:00
[2025-04-10T13:50:34.558+0000] {processor.py:183} INFO - Processing /home/airflow/.local/lib/python3.12/site-packages/airflow/example_dags/example_branch_labels.py took 0.147 seconds
[2025-04-10T13:51:04.869+0000] {processor.py:161} INFO - Started process (PID=197) to work on /home/airflow/.local/lib/python3.12/site-packages/airflow/example_dags/example_branch_labels.py
[2025-04-10T13:51:04.871+0000] {processor.py:830} INFO - Processing file /home/airflow/.local/lib/python3.12/site-packages/airflow/example_dags/example_branch_labels.py for tasks to queue
[2025-04-10T13:51:04.875+0000] {logging_mixin.py:188} INFO - [2025-04-10T13:51:04.875+0000] {dagbag.py:540} INFO - Filling up the DagBag from /home/airflow/.local/lib/python3.12/site-packages/airflow/example_dags/example_branch_labels.py
[2025-04-10T13:51:04.893+0000] {processor.py:840} INFO - DAG(s) 'example_branch_labels' retrieved from /home/airflow/.local/lib/python3.12/site-packages/airflow/example_dags/example_branch_labels.py
[2025-04-10T13:51:04.942+0000] {logging_mixin.py:188} INFO - [2025-04-10T13:51:04.942+0000] {dag.py:3096} INFO - Sync 1 DAGs
[2025-04-10T13:51:05.000+0000] {logging_mixin.py:188} INFO - [2025-04-10T13:51:04.999+0000] {dag.py:3954} INFO - Setting next_dagrun for example_branch_labels to 2025-04-09 00:00:00+00:00, run_after=2025-04-10 00:00:00+00:00
[2025-04-10T13:51:05.039+0000] {processor.py:183} INFO - Processing /home/airflow/.local/lib/python3.12/site-packages/airflow/example_dags/example_branch_labels.py took 0.181 seconds
[2025-04-10T13:51:35.169+0000] {processor.py:161} INFO - Started process (PID=255) to work on /home/airflow/.local/lib/python3.12/site-packages/airflow/example_dags/example_branch_labels.py
[2025-04-10T13:51:35.171+0000] {processor.py:830} INFO - Processing file /home/airflow/.local/lib/python3.12/site-packages/airflow/example_dags/example_branch_labels.py for tasks to queue
[2025-04-10T13:51:35.174+0000] {logging_mixin.py:188} INFO - [2025-04-10T13:51:35.173+0000] {dagbag.py:540} INFO - Filling up the DagBag from /home/airflow/.local/lib/python3.12/site-packages/airflow/example_dags/example_branch_labels.py
[2025-04-10T13:51:35.188+0000] {processor.py:840} INFO - DAG(s) 'example_branch_labels' retrieved from /home/airflow/.local/lib/python3.12/site-packages/airflow/example_dags/example_branch_labels.py
[2025-04-10T13:51:35.229+0000] {logging_mixin.py:188} INFO - [2025-04-10T13:51:35.229+0000] {dag.py:3096} INFO - Sync 1 DAGs
[2025-04-10T13:51:35.282+0000] {logging_mixin.py:188} INFO - [2025-04-10T13:51:35.282+0000] {dag.py:3954} INFO - Setting next_dagrun for example_branch_labels to 2025-04-09 00:00:00+00:00, run_after=2025-04-10 00:00:00+00:00
[2025-04-10T13:51:35.320+0000] {processor.py:183} INFO - Processing /home/airflow/.local/lib/python3.12/site-packages/airflow/example_dags/example_branch_labels.py took 0.161 seconds
[2025-04-10T13:52:05.735+0000] {processor.py:161} INFO - Started process (PID=313) to work on /home/airflow/.local/lib/python3.12/site-packages/airflow/example_dags/example_branch_labels.py
[2025-04-10T13:52:05.737+0000] {processor.py:830} INFO - Processing file /home/airflow/.local/lib/python3.12/site-packages/airflow/example_dags/example_branch_labels.py for tasks to queue
[2025-04-10T13:52:05.740+0000] {logging_mixin.py:188} INFO - [2025-04-10T13:52:05.740+0000] {dagbag.py:540} INFO - Filling up the DagBag from /home/airflow/.local/lib/python3.12/site-packages/airflow/example_dags/example_branch_labels.py
[2025-04-10T13:52:05.757+0000] {processor.py:840} INFO - DAG(s) 'example_branch_labels' retrieved from /home/airflow/.local/lib/python3.12/site-packages/airflow/example_dags/example_branch_labels.py
[2025-04-10T13:52:05.803+0000] {logging_mixin.py:188} INFO - [2025-04-10T13:52:05.802+0000] {dag.py:3096} INFO - Sync 1 DAGs
[2025-04-10T13:52:05.858+0000] {logging_mixin.py:188} INFO - [2025-04-10T13:52:05.857+0000] {dag.py:3954} INFO - Setting next_dagrun for example_branch_labels to 2025-04-09 00:00:00+00:00, run_after=2025-04-10 00:00:00+00:00
[2025-04-10T13:52:05.897+0000] {processor.py:183} INFO - Processing /home/airflow/.local/lib/python3.12/site-packages/airflow/example_dags/example_branch_labels.py took 0.175 seconds
[2025-04-10T13:52:36.110+0000] {processor.py:161} INFO - Started process (PID=371) to work on /home/airflow/.local/lib/python3.12/site-packages/airflow/example_dags/example_branch_labels.py
[2025-04-10T13:52:36.112+0000] {processor.py:830} INFO - Processing file /home/airflow/.local/lib/python3.12/site-packages/airflow/example_dags/example_branch_labels.py for tasks to queue
[2025-04-10T13:52:36.115+0000] {logging_mixin.py:188} INFO - [2025-04-10T13:52:36.114+0000] {dagbag.py:540} INFO - Filling up the DagBag from /home/airflow/.local/lib/python3.12/site-packages/airflow/example_dags/example_branch_labels.py
[2025-04-10T13:52:36.128+0000] {processor.py:840} INFO - DAG(s) 'example_branch_labels' retrieved from /home/airflow/.local/lib/python3.12/site-packages/airflow/example_dags/example_branch_labels.py
[2025-04-10T13:52:36.163+0000] {logging_mixin.py:188} INFO - [2025-04-10T13:52:36.162+0000] {dag.py:3096} INFO - Sync 1 DAGs
[2025-04-10T13:52:36.203+0000] {logging_mixin.py:188} INFO - [2025-04-10T13:52:36.202+0000] {dag.py:3954} INFO - Setting next_dagrun for example_branch_labels to 2025-04-09 00:00:00+00:00, run_after=2025-04-10 00:00:00+00:00
[2025-04-10T13:52:36.235+0000] {processor.py:183} INFO - Processing /home/airflow/.local/lib/python3.12/site-packages/airflow/example_dags/example_branch_labels.py took 0.135 seconds
[2025-04-10T13:53:06.477+0000] {processor.py:161} INFO - Started process (PID=429) to work on /home/airflow/.local/lib/python3.12/site-packages/airflow/example_dags/example_branch_labels.py
[2025-04-10T13:53:06.479+0000] {processor.py:830} INFO - Processing file /home/airflow/.local/lib/python3.12/site-packages/airflow/example_dags/example_branch_labels.py for tasks to queue
[2025-04-10T13:53:06.482+0000] {logging_mixin.py:188} INFO - [2025-04-10T13:53:06.481+0000] {dagbag.py:540} INFO - Filling up the DagBag from /home/airflow/.local/lib/python3.12/site-packages/airflow/example_dags/example_branch_labels.py
[2025-04-10T13:53:06.495+0000] {processor.py:840} INFO - DAG(s) 'example_branch_labels' retrieved from /home/airflow/.local/lib/python3.12/site-packages/airflow/example_dags/example_branch_labels.py
[2025-04-10T13:53:06.533+0000] {logging_mixin.py:188} INFO - [2025-04-10T13:53:06.533+0000] {dag.py:3096} INFO - Sync 1 DAGs
[2025-04-10T13:53:06.579+0000] {logging_mixin.py:188} INFO - [2025-04-10T13:53:06.578+0000] {dag.py:3954} INFO - Setting next_dagrun for example_branch_labels to 2025-04-09 00:00:00+00:00, run_after=2025-04-10 00:00:00+00:00
[2025-04-10T13:53:06.614+0000] {processor.py:183} INFO - Processing /home/airflow/.local/lib/python3.12/site-packages/airflow/example_dags/example_branch_labels.py took 0.147 seconds
[2025-04-10T13:53:36.823+0000] {processor.py:161} INFO - Started process (PID=487) to work on /home/airflow/.local/lib/python3.12/site-packages/airflow/example_dags/example_branch_labels.py
[2025-04-10T13:53:36.824+0000] {processor.py:830} INFO - Processing file /home/airflow/.local/lib/python3.12/site-packages/airflow/example_dags/example_branch_labels.py for tasks to queue
[2025-04-10T13:53:36.828+0000] {logging_mixin.py:188} INFO - [2025-04-10T13:53:36.827+0000] {dagbag.py:540} INFO - Filling up the DagBag from /home/airflow/.local/lib/python3.12/site-packages/airflow/example_dags/example_branch_labels.py
[2025-04-10T13:53:36.841+0000] {processor.py:840} INFO - DAG(s) 'example_branch_labels' retrieved from /home/airflow/.local/lib/python3.12/site-packages/airflow/example_dags/example_branch_labels.py
[2025-04-10T13:53:36.878+0000] {logging_mixin.py:188} INFO - [2025-04-10T13:53:36.878+0000] {dag.py:3096} INFO - Sync 1 DAGs
[2025-04-10T13:53:36.923+0000] {logging_mixin.py:188} INFO - [2025-04-10T13:53:36.922+0000] {dag.py:3954} INFO - Setting next_dagrun for example_branch_labels to 2025-04-09 00:00:00+00:00, run_after=2025-04-10 00:00:00+00:00
[2025-04-10T13:53:36.955+0000] {processor.py:183} INFO - Processing /home/airflow/.local/lib/python3.12/site-packages/airflow/example_dags/example_branch_labels.py took 0.142 seconds
[2025-04-10T13:54:07.270+0000] {processor.py:161} INFO - Started process (PID=545) to work on /home/airflow/.local/lib/python3.12/site-packages/airflow/example_dags/example_branch_labels.py
[2025-04-10T13:54:07.271+0000] {processor.py:830} INFO - Processing file /home/airflow/.local/lib/python3.12/site-packages/airflow/example_dags/example_branch_labels.py for tasks to queue
[2025-04-10T13:54:07.274+0000] {logging_mixin.py:188} INFO - [2025-04-10T13:54:07.274+0000] {dagbag.py:540} INFO - Filling up the DagBag from /home/airflow/.local/lib/python3.12/site-packages/airflow/example_dags/example_branch_labels.py
[2025-04-10T13:54:07.288+0000] {processor.py:840} INFO - DAG(s) 'example_branch_labels' retrieved from /home/airflow/.local/lib/python3.12/site-packages/airflow/example_dags/example_branch_labels.py
[2025-04-10T13:54:07.324+0000] {logging_mixin.py:188} INFO - [2025-04-10T13:54:07.323+0000] {dag.py:3096} INFO - Sync 1 DAGs
[2025-04-10T13:54:07.365+0000] {logging_mixin.py:188} INFO - [2025-04-10T13:54:07.365+0000] {dag.py:3954} INFO - Setting next_dagrun for example_branch_labels to 2025-04-09 00:00:00+00:00, run_after=2025-04-10 00:00:00+00:00
[2025-04-10T13:54:07.398+0000] {processor.py:183} INFO - Processing /home/airflow/.local/lib/python3.12/site-packages/airflow/example_dags/example_branch_labels.py took 0.139 seconds
[2025-04-10T13:54:38.184+0000] {processor.py:161} INFO - Started process (PID=603) to work on /home/airflow/.local/lib/python3.12/site-packages/airflow/example_dags/example_branch_labels.py
[2025-04-10T13:54:38.187+0000] {processor.py:830} INFO - Processing file /home/airflow/.local/lib/python3.12/site-packages/airflow/example_dags/example_branch_labels.py for tasks to queue
[2025-04-10T13:54:38.191+0000] {logging_mixin.py:188} INFO - [2025-04-10T13:54:38.190+0000] {dagbag.py:540} INFO - Filling up the DagBag from /home/airflow/.local/lib/python3.12/site-packages/airflow/example_dags/example_branch_labels.py
[2025-04-10T13:54:38.207+0000] {processor.py:840} INFO - DAG(s) 'example_branch_labels' retrieved from /home/airflow/.local/lib/python3.12/site-packages/airflow/example_dags/example_branch_labels.py
[2025-04-10T13:54:38.247+0000] {logging_mixin.py:188} INFO - [2025-04-10T13:54:38.246+0000] {dag.py:3096} INFO - Sync 1 DAGs
[2025-04-10T13:54:38.292+0000] {logging_mixin.py:188} INFO - [2025-04-10T13:54:38.291+0000] {dag.py:3954} INFO - Setting next_dagrun for example_branch_labels to 2025-04-09 00:00:00+00:00, run_after=2025-04-10 00:00:00+00:00
[2025-04-10T13:54:38.330+0000] {processor.py:183} INFO - Processing /home/airflow/.local/lib/python3.12/site-packages/airflow/example_dags/example_branch_labels.py took 0.158 seconds
[2025-04-10T13:55:08.655+0000] {processor.py:161} INFO - Started process (PID=663) to work on /home/airflow/.local/lib/python3.12/site-packages/airflow/example_dags/example_branch_labels.py
[2025-04-10T13:55:08.656+0000] {processor.py:830} INFO - Processing file /home/airflow/.local/lib/python3.12/site-packages/airflow/example_dags/example_branch_labels.py for tasks to queue
[2025-04-10T13:55:08.659+0000] {logging_mixin.py:188} INFO - [2025-04-10T13:55:08.659+0000] {dagbag.py:540} INFO - Filling up the DagBag from /home/airflow/.local/lib/python3.12/site-packages/airflow/example_dags/example_branch_labels.py
[2025-04-10T13:55:08.673+0000] {processor.py:840} INFO - DAG(s) 'example_branch_labels' retrieved from /home/airflow/.local/lib/python3.12/site-packages/airflow/example_dags/example_branch_labels.py
[2025-04-10T13:55:08.710+0000] {logging_mixin.py:188} INFO - [2025-04-10T13:55:08.710+0000] {dag.py:3096} INFO - Sync 1 DAGs
[2025-04-10T13:55:08.754+0000] {logging_mixin.py:188} INFO - [2025-04-10T13:55:08.753+0000] {dag.py:3954} INFO - Setting next_dagrun for example_branch_labels to 2025-04-09 00:00:00+00:00, run_after=2025-04-10 00:00:00+00:00
[2025-04-10T13:55:08.788+0000] {processor.py:183} INFO - Processing /home/airflow/.local/lib/python3.12/site-packages/airflow/example_dags/example_branch_labels.py took 0.143 seconds
[2025-04-10T13:55:39.051+0000] {processor.py:161} INFO - Started process (PID=723) to work on /home/airflow/.local/lib/python3.12/site-packages/airflow/example_dags/example_branch_labels.py
[2025-04-10T13:55:39.052+0000] {processor.py:830} INFO - Processing file /home/airflow/.local/lib/python3.12/site-packages/airflow/example_dags/example_branch_labels.py for tasks to queue
[2025-04-10T13:55:39.055+0000] {logging_mixin.py:188} INFO - [2025-04-10T13:55:39.055+0000] {dagbag.py:540} INFO - Filling up the DagBag from /home/airflow/.local/lib/python3.12/site-packages/airflow/example_dags/example_branch_labels.py
[2025-04-10T13:55:39.069+0000] {processor.py:840} INFO - DAG(s) 'example_branch_labels' retrieved from /home/airflow/.local/lib/python3.12/site-packages/airflow/example_dags/example_branch_labels.py
[2025-04-10T13:55:39.107+0000] {logging_mixin.py:188} INFO - [2025-04-10T13:55:39.107+0000] {dag.py:3096} INFO - Sync 1 DAGs
[2025-04-10T13:55:39.151+0000] {logging_mixin.py:188} INFO - [2025-04-10T13:55:39.150+0000] {dag.py:3954} INFO - Setting next_dagrun for example_branch_labels to 2025-04-09 00:00:00+00:00, run_after=2025-04-10 00:00:00+00:00
[2025-04-10T13:55:39.184+0000] {processor.py:183} INFO - Processing /home/airflow/.local/lib/python3.12/site-packages/airflow/example_dags/example_branch_labels.py took 0.143 seconds
[2025-04-10T13:56:09.898+0000] {processor.py:161} INFO - Started process (PID=783) to work on /home/airflow/.local/lib/python3.12/site-packages/airflow/example_dags/example_branch_labels.py
[2025-04-10T13:56:09.899+0000] {processor.py:830} INFO - Processing file /home/airflow/.local/lib/python3.12/site-packages/airflow/example_dags/example_branch_labels.py for tasks to queue
[2025-04-10T13:56:09.903+0000] {logging_mixin.py:188} INFO - [2025-04-10T13:56:09.902+0000] {dagbag.py:540} INFO - Filling up the DagBag from /home/airflow/.local/lib/python3.12/site-packages/airflow/example_dags/example_branch_labels.py
[2025-04-10T13:56:09.919+0000] {processor.py:840} INFO - DAG(s) 'example_branch_labels' retrieved from /home/airflow/.local/lib/python3.12/site-packages/airflow/example_dags/example_branch_labels.py
[2025-04-10T13:56:09.961+0000] {logging_mixin.py:188} INFO - [2025-04-10T13:56:09.960+0000] {dag.py:3096} INFO - Sync 1 DAGs
[2025-04-10T13:56:10.014+0000] {logging_mixin.py:188} INFO - [2025-04-10T13:56:10.014+0000] {dag.py:3954} INFO - Setting next_dagrun for example_branch_labels to 2025-04-09 00:00:00+00:00, run_after=2025-04-10 00:00:00+00:00
[2025-04-10T13:56:10.051+0000] {processor.py:183} INFO - Processing /home/airflow/.local/lib/python3.12/site-packages/airflow/example_dags/example_branch_labels.py took 0.164 seconds
[2025-04-10T13:56:40.353+0000] {processor.py:161} INFO - Started process (PID=843) to work on /home/airflow/.local/lib/python3.12/site-packages/airflow/example_dags/example_branch_labels.py
[2025-04-10T13:56:40.355+0000] {processor.py:830} INFO - Processing file /home/airflow/.local/lib/python3.12/site-packages/airflow/example_dags/example_branch_labels.py for tasks to queue
[2025-04-10T13:56:40.359+0000] {logging_mixin.py:188} INFO - [2025-04-10T13:56:40.358+0000] {dagbag.py:540} INFO - Filling up the DagBag from /home/airflow/.local/lib/python3.12/site-packages/airflow/example_dags/example_branch_labels.py
[2025-04-10T13:56:40.375+0000] {processor.py:840} INFO - DAG(s) 'example_branch_labels' retrieved from /home/airflow/.local/lib/python3.12/site-packages/airflow/example_dags/example_branch_labels.py
[2025-04-10T13:56:40.414+0000] {logging_mixin.py:188} INFO - [2025-04-10T13:56:40.414+0000] {dag.py:3096} INFO - Sync 1 DAGs
[2025-04-10T13:56:40.461+0000] {logging_mixin.py:188} INFO - [2025-04-10T13:56:40.461+0000] {dag.py:3954} INFO - Setting next_dagrun for example_branch_labels to 2025-04-09 00:00:00+00:00, run_after=2025-04-10 00:00:00+00:00
[2025-04-10T13:56:40.499+0000] {processor.py:183} INFO - Processing /home/airflow/.local/lib/python3.12/site-packages/airflow/example_dags/example_branch_labels.py took 0.158 seconds
[2025-04-10T13:57:10.817+0000] {processor.py:161} INFO - Started process (PID=903) to work on /home/airflow/.local/lib/python3.12/site-packages/airflow/example_dags/example_branch_labels.py
[2025-04-10T13:57:10.818+0000] {processor.py:830} INFO - Processing file /home/airflow/.local/lib/python3.12/site-packages/airflow/example_dags/example_branch_labels.py for tasks to queue
[2025-04-10T13:57:10.822+0000] {logging_mixin.py:188} INFO - [2025-04-10T13:57:10.821+0000] {dagbag.py:540} INFO - Filling up the DagBag from /home/airflow/.local/lib/python3.12/site-packages/airflow/example_dags/example_branch_labels.py
[2025-04-10T13:57:10.835+0000] {processor.py:840} INFO - DAG(s) 'example_branch_labels' retrieved from /home/airflow/.local/lib/python3.12/site-packages/airflow/example_dags/example_branch_labels.py
[2025-04-10T13:57:10.872+0000] {logging_mixin.py:188} INFO - [2025-04-10T13:57:10.871+0000] {dag.py:3096} INFO - Sync 1 DAGs
[2025-04-10T13:57:10.912+0000] {logging_mixin.py:188} INFO - [2025-04-10T13:57:10.912+0000] {dag.py:3954} INFO - Setting next_dagrun for example_branch_labels to 2025-04-09 00:00:00+00:00, run_after=2025-04-10 00:00:00+00:00
[2025-04-10T13:57:10.946+0000] {processor.py:183} INFO - Processing /home/airflow/.local/lib/python3.12/site-packages/airflow/example_dags/example_branch_labels.py took 0.139 seconds
[2025-04-10T13:57:41.052+0000] {processor.py:161} INFO - Started process (PID=963) to work on /home/airflow/.local/lib/python3.12/site-packages/airflow/example_dags/example_branch_labels.py
[2025-04-10T13:57:41.054+0000] {processor.py:830} INFO - Processing file /home/airflow/.local/lib/python3.12/site-packages/airflow/example_dags/example_branch_labels.py for tasks to queue
[2025-04-10T13:57:41.057+0000] {logging_mixin.py:188} INFO - [2025-04-10T13:57:41.056+0000] {dagbag.py:540} INFO - Filling up the DagBag from /home/airflow/.local/lib/python3.12/site-packages/airflow/example_dags/example_branch_labels.py
[2025-04-10T13:57:41.071+0000] {processor.py:840} INFO - DAG(s) 'example_branch_labels' retrieved from /home/airflow/.local/lib/python3.12/site-packages/airflow/example_dags/example_branch_labels.py
[2025-04-10T13:57:41.113+0000] {logging_mixin.py:188} INFO - [2025-04-10T13:57:41.112+0000] {dag.py:3096} INFO - Sync 1 DAGs
[2025-04-10T13:57:41.161+0000] {logging_mixin.py:188} INFO - [2025-04-10T13:57:41.160+0000] {dag.py:3954} INFO - Setting next_dagrun for example_branch_labels to 2025-04-09 00:00:00+00:00, run_after=2025-04-10 00:00:00+00:00
[2025-04-10T13:57:41.199+0000] {processor.py:183} INFO - Processing /home/airflow/.local/lib/python3.12/site-packages/airflow/example_dags/example_branch_labels.py took 0.156 seconds
[2025-04-10T13:58:11.896+0000] {processor.py:161} INFO - Started process (PID=1023) to work on /home/airflow/.local/lib/python3.12/site-packages/airflow/example_dags/example_branch_labels.py
[2025-04-10T13:58:11.898+0000] {processor.py:830} INFO - Processing file /home/airflow/.local/lib/python3.12/site-packages/airflow/example_dags/example_branch_labels.py for tasks to queue
[2025-04-10T13:58:11.902+0000] {logging_mixin.py:188} INFO - [2025-04-10T13:58:11.901+0000] {dagbag.py:540} INFO - Filling up the DagBag from /home/airflow/.local/lib/python3.12/site-packages/airflow/example_dags/example_branch_labels.py
[2025-04-10T13:58:11.915+0000] {processor.py:840} INFO - DAG(s) 'example_branch_labels' retrieved from /home/airflow/.local/lib/python3.12/site-packages/airflow/example_dags/example_branch_labels.py
[2025-04-10T13:58:11.966+0000] {logging_mixin.py:188} INFO - [2025-04-10T13:58:11.965+0000] {dag.py:3096} INFO - Sync 1 DAGs
[2025-04-10T13:58:12.012+0000] {logging_mixin.py:188} INFO - [2025-04-10T13:58:12.011+0000] {dag.py:3954} INFO - Setting next_dagrun for example_branch_labels to 2025-04-09 00:00:00+00:00, run_after=2025-04-10 00:00:00+00:00
[2025-04-10T13:58:12.046+0000] {processor.py:183} INFO - Processing /home/airflow/.local/lib/python3.12/site-packages/airflow/example_dags/example_branch_labels.py took 0.162 seconds
[2025-04-10T13:58:42.187+0000] {processor.py:161} INFO - Started process (PID=1083) to work on /home/airflow/.local/lib/python3.12/site-packages/airflow/example_dags/example_branch_labels.py
[2025-04-10T13:58:42.189+0000] {processor.py:830} INFO - Processing file /home/airflow/.local/lib/python3.12/site-packages/airflow/example_dags/example_branch_labels.py for tasks to queue
[2025-04-10T13:58:42.194+0000] {logging_mixin.py:188} INFO - [2025-04-10T13:58:42.193+0000] {dagbag.py:540} INFO - Filling up the DagBag from /home/airflow/.local/lib/python3.12/site-packages/airflow/example_dags/example_branch_labels.py
[2025-04-10T13:58:42.207+0000] {processor.py:840} INFO - DAG(s) 'example_branch_labels' retrieved from /home/airflow/.local/lib/python3.12/site-packages/airflow/example_dags/example_branch_labels.py
[2025-04-10T13:58:42.247+0000] {logging_mixin.py:188} INFO - [2025-04-10T13:58:42.246+0000] {dag.py:3096} INFO - Sync 1 DAGs
[2025-04-10T13:58:42.291+0000] {logging_mixin.py:188} INFO - [2025-04-10T13:58:42.291+0000] {dag.py:3954} INFO - Setting next_dagrun for example_branch_labels to 2025-04-09 00:00:00+00:00, run_after=2025-04-10 00:00:00+00:00
[2025-04-10T13:58:42.324+0000] {processor.py:183} INFO - Processing /home/airflow/.local/lib/python3.12/site-packages/airflow/example_dags/example_branch_labels.py took 0.149 seconds
[2025-04-10T13:59:14.498+0000] {processor.py:161} INFO - Started process (PID=1144) to work on /home/airflow/.local/lib/python3.12/site-packages/airflow/example_dags/example_branch_labels.py
[2025-04-10T13:59:14.500+0000] {processor.py:830} INFO - Processing file /home/airflow/.local/lib/python3.12/site-packages/airflow/example_dags/example_branch_labels.py for tasks to queue
[2025-04-10T13:59:14.505+0000] {logging_mixin.py:188} INFO - [2025-04-10T13:59:14.504+0000] {dagbag.py:540} INFO - Filling up the DagBag from /home/airflow/.local/lib/python3.12/site-packages/airflow/example_dags/example_branch_labels.py
[2025-04-10T13:59:14.521+0000] {processor.py:840} INFO - DAG(s) 'example_branch_labels' retrieved from /home/airflow/.local/lib/python3.12/site-packages/airflow/example_dags/example_branch_labels.py
[2025-04-10T13:59:14.575+0000] {logging_mixin.py:188} INFO - [2025-04-10T13:59:14.574+0000] {dag.py:3096} INFO - Sync 1 DAGs
[2025-04-10T13:59:14.851+0000] {logging_mixin.py:188} INFO - [2025-04-10T13:59:14.851+0000] {dag.py:3954} INFO - Setting next_dagrun for example_branch_labels to 2025-04-09 00:00:00+00:00, run_after=2025-04-10 00:00:00+00:00
[2025-04-10T13:59:14.887+0000] {processor.py:183} INFO - Processing /home/airflow/.local/lib/python3.12/site-packages/airflow/example_dags/example_branch_labels.py took 0.402 seconds
[2025-04-10T13:59:45.060+0000] {processor.py:161} INFO - Started process (PID=1204) to work on /home/airflow/.local/lib/python3.12/site-packages/airflow/example_dags/example_branch_labels.py
[2025-04-10T13:59:45.062+0000] {processor.py:830} INFO - Processing file /home/airflow/.local/lib/python3.12/site-packages/airflow/example_dags/example_branch_labels.py for tasks to queue
[2025-04-10T13:59:45.065+0000] {logging_mixin.py:188} INFO - [2025-04-10T13:59:45.064+0000] {dagbag.py:540} INFO - Filling up the DagBag from /home/airflow/.local/lib/python3.12/site-packages/airflow/example_dags/example_branch_labels.py
[2025-04-10T13:59:45.077+0000] {processor.py:840} INFO - DAG(s) 'example_branch_labels' retrieved from /home/airflow/.local/lib/python3.12/site-packages/airflow/example_dags/example_branch_labels.py
[2025-04-10T13:59:45.114+0000] {logging_mixin.py:188} INFO - [2025-04-10T13:59:45.113+0000] {dag.py:3096} INFO - Sync 1 DAGs
[2025-04-10T13:59:45.155+0000] {logging_mixin.py:188} INFO - [2025-04-10T13:59:45.154+0000] {dag.py:3954} INFO - Setting next_dagrun for example_branch_labels to 2025-04-09 00:00:00+00:00, run_after=2025-04-10 00:00:00+00:00
[2025-04-10T13:59:45.188+0000] {processor.py:183} INFO - Processing /home/airflow/.local/lib/python3.12/site-packages/airflow/example_dags/example_branch_labels.py took 0.137 seconds
[2025-04-10T14:00:16.101+0000] {processor.py:161} INFO - Started process (PID=1264) to work on /home/airflow/.local/lib/python3.12/site-packages/airflow/example_dags/example_branch_labels.py
[2025-04-10T14:00:16.103+0000] {processor.py:830} INFO - Processing file /home/airflow/.local/lib/python3.12/site-packages/airflow/example_dags/example_branch_labels.py for tasks to queue
[2025-04-10T14:00:16.107+0000] {logging_mixin.py:188} INFO - [2025-04-10T14:00:16.106+0000] {dagbag.py:540} INFO - Filling up the DagBag from /home/airflow/.local/lib/python3.12/site-packages/airflow/example_dags/example_branch_labels.py
[2025-04-10T14:00:16.119+0000] {processor.py:840} INFO - DAG(s) 'example_branch_labels' retrieved from /home/airflow/.local/lib/python3.12/site-packages/airflow/example_dags/example_branch_labels.py
[2025-04-10T14:00:16.158+0000] {logging_mixin.py:188} INFO - [2025-04-10T14:00:16.158+0000] {dag.py:3096} INFO - Sync 1 DAGs
[2025-04-10T14:00:16.201+0000] {logging_mixin.py:188} INFO - [2025-04-10T14:00:16.200+0000] {dag.py:3954} INFO - Setting next_dagrun for example_branch_labels to 2025-04-09 00:00:00+00:00, run_after=2025-04-10 00:00:00+00:00
[2025-04-10T14:00:16.236+0000] {processor.py:183} INFO - Processing /home/airflow/.local/lib/python3.12/site-packages/airflow/example_dags/example_branch_labels.py took 0.144 seconds
[2025-04-10T14:00:47.234+0000] {processor.py:161} INFO - Started process (PID=1325) to work on /home/airflow/.local/lib/python3.12/site-packages/airflow/example_dags/example_branch_labels.py
[2025-04-10T14:00:47.236+0000] {processor.py:830} INFO - Processing file /home/airflow/.local/lib/python3.12/site-packages/airflow/example_dags/example_branch_labels.py for tasks to queue
[2025-04-10T14:00:47.240+0000] {logging_mixin.py:188} INFO - [2025-04-10T14:00:47.239+0000] {dagbag.py:540} INFO - Filling up the DagBag from /home/airflow/.local/lib/python3.12/site-packages/airflow/example_dags/example_branch_labels.py
[2025-04-10T14:00:47.253+0000] {processor.py:840} INFO - DAG(s) 'example_branch_labels' retrieved from /home/airflow/.local/lib/python3.12/site-packages/airflow/example_dags/example_branch_labels.py
[2025-04-10T14:00:47.291+0000] {logging_mixin.py:188} INFO - [2025-04-10T14:00:47.291+0000] {dag.py:3096} INFO - Sync 1 DAGs
[2025-04-10T14:00:47.332+0000] {logging_mixin.py:188} INFO - [2025-04-10T14:00:47.331+0000] {dag.py:3954} INFO - Setting next_dagrun for example_branch_labels to 2025-04-09 00:00:00+00:00, run_after=2025-04-10 00:00:00+00:00
[2025-04-10T14:00:47.365+0000] {processor.py:183} INFO - Processing /home/airflow/.local/lib/python3.12/site-packages/airflow/example_dags/example_branch_labels.py took 0.140 seconds
[2025-04-10T14:01:18.553+0000] {processor.py:161} INFO - Started process (PID=1385) to work on /home/airflow/.local/lib/python3.12/site-packages/airflow/example_dags/example_branch_labels.py
[2025-04-10T14:01:18.554+0000] {processor.py:830} INFO - Processing file /home/airflow/.local/lib/python3.12/site-packages/airflow/example_dags/example_branch_labels.py for tasks to queue
[2025-04-10T14:01:18.557+0000] {logging_mixin.py:188} INFO - [2025-04-10T14:01:18.557+0000] {dagbag.py:540} INFO - Filling up the DagBag from /home/airflow/.local/lib/python3.12/site-packages/airflow/example_dags/example_branch_labels.py
[2025-04-10T14:01:18.570+0000] {processor.py:840} INFO - DAG(s) 'example_branch_labels' retrieved from /home/airflow/.local/lib/python3.12/site-packages/airflow/example_dags/example_branch_labels.py
[2025-04-10T14:01:18.607+0000] {logging_mixin.py:188} INFO - [2025-04-10T14:01:18.606+0000] {dag.py:3096} INFO - Sync 1 DAGs
[2025-04-10T14:01:18.647+0000] {logging_mixin.py:188} INFO - [2025-04-10T14:01:18.647+0000] {dag.py:3954} INFO - Setting next_dagrun for example_branch_labels to 2025-04-09 00:00:00+00:00, run_after=2025-04-10 00:00:00+00:00
[2025-04-10T14:01:18.681+0000] {processor.py:183} INFO - Processing /home/airflow/.local/lib/python3.12/site-packages/airflow/example_dags/example_branch_labels.py took 0.138 seconds
[2025-04-10T14:01:49.191+0000] {processor.py:161} INFO - Started process (PID=1445) to work on /home/airflow/.local/lib/python3.12/site-packages/airflow/example_dags/example_branch_labels.py
[2025-04-10T14:01:49.193+0000] {processor.py:830} INFO - Processing file /home/airflow/.local/lib/python3.12/site-packages/airflow/example_dags/example_branch_labels.py for tasks to queue
[2025-04-10T14:01:49.196+0000] {logging_mixin.py:188} INFO - [2025-04-10T14:01:49.195+0000] {dagbag.py:540} INFO - Filling up the DagBag from /home/airflow/.local/lib/python3.12/site-packages/airflow/example_dags/example_branch_labels.py
[2025-04-10T14:01:49.210+0000] {processor.py:840} INFO - DAG(s) 'example_branch_labels' retrieved from /home/airflow/.local/lib/python3.12/site-packages/airflow/example_dags/example_branch_labels.py
[2025-04-10T14:01:49.252+0000] {logging_mixin.py:188} INFO - [2025-04-10T14:01:49.251+0000] {dag.py:3096} INFO - Sync 1 DAGs
[2025-04-10T14:01:49.300+0000] {logging_mixin.py:188} INFO - [2025-04-10T14:01:49.299+0000] {dag.py:3954} INFO - Setting next_dagrun for example_branch_labels to 2025-04-09 00:00:00+00:00, run_after=2025-04-10 00:00:00+00:00
[2025-04-10T14:01:49.338+0000] {processor.py:183} INFO - Processing /home/airflow/.local/lib/python3.12/site-packages/airflow/example_dags/example_branch_labels.py took 0.157 seconds
[2025-04-10T14:02:20.238+0000] {processor.py:161} INFO - Started process (PID=1505) to work on /home/airflow/.local/lib/python3.12/site-packages/airflow/example_dags/example_branch_labels.py
[2025-04-10T14:02:20.240+0000] {processor.py:830} INFO - Processing file /home/airflow/.local/lib/python3.12/site-packages/airflow/example_dags/example_branch_labels.py for tasks to queue
[2025-04-10T14:02:20.243+0000] {logging_mixin.py:188} INFO - [2025-04-10T14:02:20.243+0000] {dagbag.py:540} INFO - Filling up the DagBag from /home/airflow/.local/lib/python3.12/site-packages/airflow/example_dags/example_branch_labels.py
[2025-04-10T14:02:20.256+0000] {processor.py:840} INFO - DAG(s) 'example_branch_labels' retrieved from /home/airflow/.local/lib/python3.12/site-packages/airflow/example_dags/example_branch_labels.py
[2025-04-10T14:02:20.298+0000] {logging_mixin.py:188} INFO - [2025-04-10T14:02:20.297+0000] {dag.py:3096} INFO - Sync 1 DAGs
[2025-04-10T14:02:20.343+0000] {logging_mixin.py:188} INFO - [2025-04-10T14:02:20.343+0000] {dag.py:3954} INFO - Setting next_dagrun for example_branch_labels to 2025-04-09 00:00:00+00:00, run_after=2025-04-10 00:00:00+00:00
[2025-04-10T14:02:20.381+0000] {processor.py:183} INFO - Processing /home/airflow/.local/lib/python3.12/site-packages/airflow/example_dags/example_branch_labels.py took 0.153 seconds
[2025-04-10T14:02:51.519+0000] {processor.py:161} INFO - Started process (PID=1565) to work on /home/airflow/.local/lib/python3.12/site-packages/airflow/example_dags/example_branch_labels.py
[2025-04-10T14:02:51.521+0000] {processor.py:830} INFO - Processing file /home/airflow/.local/lib/python3.12/site-packages/airflow/example_dags/example_branch_labels.py for tasks to queue
[2025-04-10T14:02:51.524+0000] {logging_mixin.py:188} INFO - [2025-04-10T14:02:51.523+0000] {dagbag.py:540} INFO - Filling up the DagBag from /home/airflow/.local/lib/python3.12/site-packages/airflow/example_dags/example_branch_labels.py
[2025-04-10T14:02:51.537+0000] {processor.py:840} INFO - DAG(s) 'example_branch_labels' retrieved from /home/airflow/.local/lib/python3.12/site-packages/airflow/example_dags/example_branch_labels.py
[2025-04-10T14:02:51.574+0000] {logging_mixin.py:188} INFO - [2025-04-10T14:02:51.574+0000] {dag.py:3096} INFO - Sync 1 DAGs
[2025-04-10T14:02:51.618+0000] {logging_mixin.py:188} INFO - [2025-04-10T14:02:51.617+0000] {dag.py:3954} INFO - Setting next_dagrun for example_branch_labels to 2025-04-09 00:00:00+00:00, run_after=2025-04-10 00:00:00+00:00
[2025-04-10T14:02:51.649+0000] {processor.py:183} INFO - Processing /home/airflow/.local/lib/python3.12/site-packages/airflow/example_dags/example_branch_labels.py took 0.139 seconds
[2025-04-10T14:03:21.780+0000] {processor.py:161} INFO - Started process (PID=1623) to work on /home/airflow/.local/lib/python3.12/site-packages/airflow/example_dags/example_branch_labels.py
[2025-04-10T14:03:21.782+0000] {processor.py:830} INFO - Processing file /home/airflow/.local/lib/python3.12/site-packages/airflow/example_dags/example_branch_labels.py for tasks to queue
[2025-04-10T14:03:21.785+0000] {logging_mixin.py:188} INFO - [2025-04-10T14:03:21.784+0000] {dagbag.py:540} INFO - Filling up the DagBag from /home/airflow/.local/lib/python3.12/site-packages/airflow/example_dags/example_branch_labels.py
[2025-04-10T14:03:21.799+0000] {processor.py:840} INFO - DAG(s) 'example_branch_labels' retrieved from /home/airflow/.local/lib/python3.12/site-packages/airflow/example_dags/example_branch_labels.py
[2025-04-10T14:03:21.839+0000] {logging_mixin.py:188} INFO - [2025-04-10T14:03:21.838+0000] {dag.py:3096} INFO - Sync 1 DAGs
[2025-04-10T14:03:21.887+0000] {logging_mixin.py:188} INFO - [2025-04-10T14:03:21.886+0000] {dag.py:3954} INFO - Setting next_dagrun for example_branch_labels to 2025-04-09 00:00:00+00:00, run_after=2025-04-10 00:00:00+00:00
[2025-04-10T14:03:21.921+0000] {processor.py:183} INFO - Processing /home/airflow/.local/lib/python3.12/site-packages/airflow/example_dags/example_branch_labels.py took 0.151 seconds
[2025-04-10T14:03:52.520+0000] {processor.py:161} INFO - Started process (PID=1683) to work on /home/airflow/.local/lib/python3.12/site-packages/airflow/example_dags/example_branch_labels.py
[2025-04-10T14:03:52.522+0000] {processor.py:830} INFO - Processing file /home/airflow/.local/lib/python3.12/site-packages/airflow/example_dags/example_branch_labels.py for tasks to queue
[2025-04-10T14:03:52.525+0000] {logging_mixin.py:188} INFO - [2025-04-10T14:03:52.524+0000] {dagbag.py:540} INFO - Filling up the DagBag from /home/airflow/.local/lib/python3.12/site-packages/airflow/example_dags/example_branch_labels.py
[2025-04-10T14:03:52.538+0000] {processor.py:840} INFO - DAG(s) 'example_branch_labels' retrieved from /home/airflow/.local/lib/python3.12/site-packages/airflow/example_dags/example_branch_labels.py
[2025-04-10T14:03:52.575+0000] {logging_mixin.py:188} INFO - [2025-04-10T14:03:52.574+0000] {dag.py:3096} INFO - Sync 1 DAGs
[2025-04-10T14:03:52.616+0000] {logging_mixin.py:188} INFO - [2025-04-10T14:03:52.616+0000] {dag.py:3954} INFO - Setting next_dagrun for example_branch_labels to 2025-04-09 00:00:00+00:00, run_after=2025-04-10 00:00:00+00:00
[2025-04-10T14:03:52.650+0000] {processor.py:183} INFO - Processing /home/airflow/.local/lib/python3.12/site-packages/airflow/example_dags/example_branch_labels.py took 0.139 seconds
[2025-04-10T14:04:23.442+0000] {processor.py:161} INFO - Started process (PID=1744) to work on /home/airflow/.local/lib/python3.12/site-packages/airflow/example_dags/example_branch_labels.py
[2025-04-10T14:04:23.443+0000] {processor.py:830} INFO - Processing file /home/airflow/.local/lib/python3.12/site-packages/airflow/example_dags/example_branch_labels.py for tasks to queue
[2025-04-10T14:04:23.446+0000] {logging_mixin.py:188} INFO - [2025-04-10T14:04:23.445+0000] {dagbag.py:540} INFO - Filling up the DagBag from /home/airflow/.local/lib/python3.12/site-packages/airflow/example_dags/example_branch_labels.py
[2025-04-10T14:04:23.458+0000] {processor.py:840} INFO - DAG(s) 'example_branch_labels' retrieved from /home/airflow/.local/lib/python3.12/site-packages/airflow/example_dags/example_branch_labels.py
[2025-04-10T14:04:23.494+0000] {logging_mixin.py:188} INFO - [2025-04-10T14:04:23.494+0000] {dag.py:3096} INFO - Sync 1 DAGs
[2025-04-10T14:04:23.537+0000] {logging_mixin.py:188} INFO - [2025-04-10T14:04:23.536+0000] {dag.py:3954} INFO - Setting next_dagrun for example_branch_labels to 2025-04-09 00:00:00+00:00, run_after=2025-04-10 00:00:00+00:00
[2025-04-10T14:04:23.568+0000] {processor.py:183} INFO - Processing /home/airflow/.local/lib/python3.12/site-packages/airflow/example_dags/example_branch_labels.py took 0.136 seconds
[2025-04-10T14:04:53.761+0000] {processor.py:161} INFO - Started process (PID=1804) to work on /home/airflow/.local/lib/python3.12/site-packages/airflow/example_dags/example_branch_labels.py
[2025-04-10T14:04:53.762+0000] {processor.py:830} INFO - Processing file /home/airflow/.local/lib/python3.12/site-packages/airflow/example_dags/example_branch_labels.py for tasks to queue
[2025-04-10T14:04:53.765+0000] {logging_mixin.py:188} INFO - [2025-04-10T14:04:53.765+0000] {dagbag.py:540} INFO - Filling up the DagBag from /home/airflow/.local/lib/python3.12/site-packages/airflow/example_dags/example_branch_labels.py
[2025-04-10T14:04:53.778+0000] {processor.py:840} INFO - DAG(s) 'example_branch_labels' retrieved from /home/airflow/.local/lib/python3.12/site-packages/airflow/example_dags/example_branch_labels.py
[2025-04-10T14:04:53.815+0000] {logging_mixin.py:188} INFO - [2025-04-10T14:04:53.815+0000] {dag.py:3096} INFO - Sync 1 DAGs
[2025-04-10T14:04:53.856+0000] {logging_mixin.py:188} INFO - [2025-04-10T14:04:53.856+0000] {dag.py:3954} INFO - Setting next_dagrun for example_branch_labels to 2025-04-09 00:00:00+00:00, run_after=2025-04-10 00:00:00+00:00
[2025-04-10T14:04:53.888+0000] {processor.py:183} INFO - Processing /home/airflow/.local/lib/python3.12/site-packages/airflow/example_dags/example_branch_labels.py took 0.137 seconds
[2025-04-10T14:05:24.396+0000] {processor.py:161} INFO - Started process (PID=1864) to work on /home/airflow/.local/lib/python3.12/site-packages/airflow/example_dags/example_branch_labels.py
[2025-04-10T14:05:24.397+0000] {processor.py:830} INFO - Processing file /home/airflow/.local/lib/python3.12/site-packages/airflow/example_dags/example_branch_labels.py for tasks to queue
[2025-04-10T14:05:24.400+0000] {logging_mixin.py:188} INFO - [2025-04-10T14:05:24.399+0000] {dagbag.py:540} INFO - Filling up the DagBag from /home/airflow/.local/lib/python3.12/site-packages/airflow/example_dags/example_branch_labels.py
[2025-04-10T14:05:24.413+0000] {processor.py:840} INFO - DAG(s) 'example_branch_labels' retrieved from /home/airflow/.local/lib/python3.12/site-packages/airflow/example_dags/example_branch_labels.py
[2025-04-10T14:05:24.451+0000] {logging_mixin.py:188} INFO - [2025-04-10T14:05:24.450+0000] {dag.py:3096} INFO - Sync 1 DAGs
[2025-04-10T14:05:24.493+0000] {logging_mixin.py:188} INFO - [2025-04-10T14:05:24.492+0000] {dag.py:3954} INFO - Setting next_dagrun for example_branch_labels to 2025-04-09 00:00:00+00:00, run_after=2025-04-10 00:00:00+00:00
[2025-04-10T14:05:24.526+0000] {processor.py:183} INFO - Processing /home/airflow/.local/lib/python3.12/site-packages/airflow/example_dags/example_branch_labels.py took 0.141 seconds
[2025-04-10T14:05:54.834+0000] {processor.py:161} INFO - Started process (PID=1924) to work on /home/airflow/.local/lib/python3.12/site-packages/airflow/example_dags/example_branch_labels.py
[2025-04-10T14:05:54.835+0000] {processor.py:830} INFO - Processing file /home/airflow/.local/lib/python3.12/site-packages/airflow/example_dags/example_branch_labels.py for tasks to queue
[2025-04-10T14:05:54.838+0000] {logging_mixin.py:188} INFO - [2025-04-10T14:05:54.837+0000] {dagbag.py:540} INFO - Filling up the DagBag from /home/airflow/.local/lib/python3.12/site-packages/airflow/example_dags/example_branch_labels.py
[2025-04-10T14:05:54.850+0000] {processor.py:840} INFO - DAG(s) 'example_branch_labels' retrieved from /home/airflow/.local/lib/python3.12/site-packages/airflow/example_dags/example_branch_labels.py
[2025-04-10T14:05:54.887+0000] {logging_mixin.py:188} INFO - [2025-04-10T14:05:54.886+0000] {dag.py:3096} INFO - Sync 1 DAGs
[2025-04-10T14:05:54.930+0000] {logging_mixin.py:188} INFO - [2025-04-10T14:05:54.930+0000] {dag.py:3954} INFO - Setting next_dagrun for example_branch_labels to 2025-04-09 00:00:00+00:00, run_after=2025-04-10 00:00:00+00:00
[2025-04-10T14:05:54.974+0000] {processor.py:183} INFO - Processing /home/airflow/.local/lib/python3.12/site-packages/airflow/example_dags/example_branch_labels.py took 0.150 seconds
[2025-04-10T14:06:25.291+0000] {processor.py:161} INFO - Started process (PID=1984) to work on /home/airflow/.local/lib/python3.12/site-packages/airflow/example_dags/example_branch_labels.py
[2025-04-10T14:06:25.292+0000] {processor.py:830} INFO - Processing file /home/airflow/.local/lib/python3.12/site-packages/airflow/example_dags/example_branch_labels.py for tasks to queue
[2025-04-10T14:06:25.296+0000] {logging_mixin.py:188} INFO - [2025-04-10T14:06:25.295+0000] {dagbag.py:540} INFO - Filling up the DagBag from /home/airflow/.local/lib/python3.12/site-packages/airflow/example_dags/example_branch_labels.py
[2025-04-10T14:06:25.309+0000] {processor.py:840} INFO - DAG(s) 'example_branch_labels' retrieved from /home/airflow/.local/lib/python3.12/site-packages/airflow/example_dags/example_branch_labels.py
[2025-04-10T14:06:25.346+0000] {logging_mixin.py:188} INFO - [2025-04-10T14:06:25.345+0000] {dag.py:3096} INFO - Sync 1 DAGs
[2025-04-10T14:06:25.394+0000] {logging_mixin.py:188} INFO - [2025-04-10T14:06:25.394+0000] {dag.py:3954} INFO - Setting next_dagrun for example_branch_labels to 2025-04-09 00:00:00+00:00, run_after=2025-04-10 00:00:00+00:00
[2025-04-10T14:06:25.432+0000] {processor.py:183} INFO - Processing /home/airflow/.local/lib/python3.12/site-packages/airflow/example_dags/example_branch_labels.py took 0.151 seconds
[2025-04-10T14:06:55.783+0000] {processor.py:161} INFO - Started process (PID=2044) to work on /home/airflow/.local/lib/python3.12/site-packages/airflow/example_dags/example_branch_labels.py
[2025-04-10T14:06:55.784+0000] {processor.py:830} INFO - Processing file /home/airflow/.local/lib/python3.12/site-packages/airflow/example_dags/example_branch_labels.py for tasks to queue
[2025-04-10T14:06:55.787+0000] {logging_mixin.py:188} INFO - [2025-04-10T14:06:55.787+0000] {dagbag.py:540} INFO - Filling up the DagBag from /home/airflow/.local/lib/python3.12/site-packages/airflow/example_dags/example_branch_labels.py
[2025-04-10T14:06:55.800+0000] {processor.py:840} INFO - DAG(s) 'example_branch_labels' retrieved from /home/airflow/.local/lib/python3.12/site-packages/airflow/example_dags/example_branch_labels.py
[2025-04-10T14:06:55.837+0000] {logging_mixin.py:188} INFO - [2025-04-10T14:06:55.837+0000] {dag.py:3096} INFO - Sync 1 DAGs
[2025-04-10T14:06:55.879+0000] {logging_mixin.py:188} INFO - [2025-04-10T14:06:55.878+0000] {dag.py:3954} INFO - Setting next_dagrun for example_branch_labels to 2025-04-09 00:00:00+00:00, run_after=2025-04-10 00:00:00+00:00
[2025-04-10T14:06:55.911+0000] {processor.py:183} INFO - Processing /home/airflow/.local/lib/python3.12/site-packages/airflow/example_dags/example_branch_labels.py took 0.138 seconds
[2025-04-10T14:07:26.362+0000] {processor.py:161} INFO - Started process (PID=2104) to work on /home/airflow/.local/lib/python3.12/site-packages/airflow/example_dags/example_branch_labels.py
[2025-04-10T14:07:26.363+0000] {processor.py:830} INFO - Processing file /home/airflow/.local/lib/python3.12/site-packages/airflow/example_dags/example_branch_labels.py for tasks to queue
[2025-04-10T14:07:26.366+0000] {logging_mixin.py:188} INFO - [2025-04-10T14:07:26.365+0000] {dagbag.py:540} INFO - Filling up the DagBag from /home/airflow/.local/lib/python3.12/site-packages/airflow/example_dags/example_branch_labels.py
[2025-04-10T14:07:26.379+0000] {processor.py:840} INFO - DAG(s) 'example_branch_labels' retrieved from /home/airflow/.local/lib/python3.12/site-packages/airflow/example_dags/example_branch_labels.py
[2025-04-10T14:07:26.416+0000] {logging_mixin.py:188} INFO - [2025-04-10T14:07:26.416+0000] {dag.py:3096} INFO - Sync 1 DAGs
[2025-04-10T14:07:26.458+0000] {logging_mixin.py:188} INFO - [2025-04-10T14:07:26.457+0000] {dag.py:3954} INFO - Setting next_dagrun for example_branch_labels to 2025-04-09 00:00:00+00:00, run_after=2025-04-10 00:00:00+00:00
[2025-04-10T14:07:26.492+0000] {processor.py:183} INFO - Processing /home/airflow/.local/lib/python3.12/site-packages/airflow/example_dags/example_branch_labels.py took 0.140 seconds
[2025-04-10T14:07:56.849+0000] {processor.py:161} INFO - Started process (PID=2164) to work on /home/airflow/.local/lib/python3.12/site-packages/airflow/example_dags/example_branch_labels.py
[2025-04-10T14:07:56.850+0000] {processor.py:830} INFO - Processing file /home/airflow/.local/lib/python3.12/site-packages/airflow/example_dags/example_branch_labels.py for tasks to queue
[2025-04-10T14:07:56.853+0000] {logging_mixin.py:188} INFO - [2025-04-10T14:07:56.853+0000] {dagbag.py:540} INFO - Filling up the DagBag from /home/airflow/.local/lib/python3.12/site-packages/airflow/example_dags/example_branch_labels.py
[2025-04-10T14:07:56.866+0000] {processor.py:840} INFO - DAG(s) 'example_branch_labels' retrieved from /home/airflow/.local/lib/python3.12/site-packages/airflow/example_dags/example_branch_labels.py
[2025-04-10T14:07:56.902+0000] {logging_mixin.py:188} INFO - [2025-04-10T14:07:56.901+0000] {dag.py:3096} INFO - Sync 1 DAGs
[2025-04-10T14:07:56.944+0000] {logging_mixin.py:188} INFO - [2025-04-10T14:07:56.943+0000] {dag.py:3954} INFO - Setting next_dagrun for example_branch_labels to 2025-04-09 00:00:00+00:00, run_after=2025-04-10 00:00:00+00:00
[2025-04-10T14:07:56.977+0000] {processor.py:183} INFO - Processing /home/airflow/.local/lib/python3.12/site-packages/airflow/example_dags/example_branch_labels.py took 0.138 seconds
[2025-04-10T14:08:27.423+0000] {processor.py:161} INFO - Started process (PID=2224) to work on /home/airflow/.local/lib/python3.12/site-packages/airflow/example_dags/example_branch_labels.py
[2025-04-10T14:08:27.424+0000] {processor.py:830} INFO - Processing file /home/airflow/.local/lib/python3.12/site-packages/airflow/example_dags/example_branch_labels.py for tasks to queue
[2025-04-10T14:08:27.427+0000] {logging_mixin.py:188} INFO - [2025-04-10T14:08:27.426+0000] {dagbag.py:540} INFO - Filling up the DagBag from /home/airflow/.local/lib/python3.12/site-packages/airflow/example_dags/example_branch_labels.py
[2025-04-10T14:08:27.440+0000] {processor.py:840} INFO - DAG(s) 'example_branch_labels' retrieved from /home/airflow/.local/lib/python3.12/site-packages/airflow/example_dags/example_branch_labels.py
[2025-04-10T14:08:27.476+0000] {logging_mixin.py:188} INFO - [2025-04-10T14:08:27.476+0000] {dag.py:3096} INFO - Sync 1 DAGs
[2025-04-10T14:08:27.519+0000] {logging_mixin.py:188} INFO - [2025-04-10T14:08:27.518+0000] {dag.py:3954} INFO - Setting next_dagrun for example_branch_labels to 2025-04-09 00:00:00+00:00, run_after=2025-04-10 00:00:00+00:00
[2025-04-10T14:08:27.552+0000] {processor.py:183} INFO - Processing /home/airflow/.local/lib/python3.12/site-packages/airflow/example_dags/example_branch_labels.py took 0.139 seconds
[2025-04-10T14:08:57.890+0000] {processor.py:161} INFO - Started process (PID=2284) to work on /home/airflow/.local/lib/python3.12/site-packages/airflow/example_dags/example_branch_labels.py
[2025-04-10T14:08:57.892+0000] {processor.py:830} INFO - Processing file /home/airflow/.local/lib/python3.12/site-packages/airflow/example_dags/example_branch_labels.py for tasks to queue
[2025-04-10T14:08:57.895+0000] {logging_mixin.py:188} INFO - [2025-04-10T14:08:57.894+0000] {dagbag.py:540} INFO - Filling up the DagBag from /home/airflow/.local/lib/python3.12/site-packages/airflow/example_dags/example_branch_labels.py
[2025-04-10T14:08:57.908+0000] {processor.py:840} INFO - DAG(s) 'example_branch_labels' retrieved from /home/airflow/.local/lib/python3.12/site-packages/airflow/example_dags/example_branch_labels.py
[2025-04-10T14:08:57.945+0000] {logging_mixin.py:188} INFO - [2025-04-10T14:08:57.945+0000] {dag.py:3096} INFO - Sync 1 DAGs
[2025-04-10T14:08:57.988+0000] {logging_mixin.py:188} INFO - [2025-04-10T14:08:57.988+0000] {dag.py:3954} INFO - Setting next_dagrun for example_branch_labels to 2025-04-09 00:00:00+00:00, run_after=2025-04-10 00:00:00+00:00
[2025-04-10T14:08:58.023+0000] {processor.py:183} INFO - Processing /home/airflow/.local/lib/python3.12/site-packages/airflow/example_dags/example_branch_labels.py took 0.143 seconds
[2025-04-10T14:09:28.394+0000] {processor.py:161} INFO - Started process (PID=2344) to work on /home/airflow/.local/lib/python3.12/site-packages/airflow/example_dags/example_branch_labels.py
[2025-04-10T14:09:28.395+0000] {processor.py:830} INFO - Processing file /home/airflow/.local/lib/python3.12/site-packages/airflow/example_dags/example_branch_labels.py for tasks to queue
[2025-04-10T14:09:28.398+0000] {logging_mixin.py:188} INFO - [2025-04-10T14:09:28.397+0000] {dagbag.py:540} INFO - Filling up the DagBag from /home/airflow/.local/lib/python3.12/site-packages/airflow/example_dags/example_branch_labels.py
[2025-04-10T14:09:28.411+0000] {processor.py:840} INFO - DAG(s) 'example_branch_labels' retrieved from /home/airflow/.local/lib/python3.12/site-packages/airflow/example_dags/example_branch_labels.py
[2025-04-10T14:09:28.449+0000] {logging_mixin.py:188} INFO - [2025-04-10T14:09:28.448+0000] {dag.py:3096} INFO - Sync 1 DAGs
[2025-04-10T14:09:28.490+0000] {logging_mixin.py:188} INFO - [2025-04-10T14:09:28.490+0000] {dag.py:3954} INFO - Setting next_dagrun for example_branch_labels to 2025-04-09 00:00:00+00:00, run_after=2025-04-10 00:00:00+00:00
[2025-04-10T14:09:28.527+0000] {processor.py:183} INFO - Processing /home/airflow/.local/lib/python3.12/site-packages/airflow/example_dags/example_branch_labels.py took 0.144 seconds
[2025-04-10T14:09:58.780+0000] {processor.py:161} INFO - Started process (PID=2402) to work on /home/airflow/.local/lib/python3.12/site-packages/airflow/example_dags/example_branch_labels.py
[2025-04-10T14:09:58.781+0000] {processor.py:830} INFO - Processing file /home/airflow/.local/lib/python3.12/site-packages/airflow/example_dags/example_branch_labels.py for tasks to queue
[2025-04-10T14:09:58.784+0000] {logging_mixin.py:188} INFO - [2025-04-10T14:09:58.784+0000] {dagbag.py:540} INFO - Filling up the DagBag from /home/airflow/.local/lib/python3.12/site-packages/airflow/example_dags/example_branch_labels.py
[2025-04-10T14:09:58.797+0000] {processor.py:840} INFO - DAG(s) 'example_branch_labels' retrieved from /home/airflow/.local/lib/python3.12/site-packages/airflow/example_dags/example_branch_labels.py
[2025-04-10T14:09:58.833+0000] {logging_mixin.py:188} INFO - [2025-04-10T14:09:58.832+0000] {dag.py:3096} INFO - Sync 1 DAGs
[2025-04-10T14:09:58.874+0000] {logging_mixin.py:188} INFO - [2025-04-10T14:09:58.873+0000] {dag.py:3954} INFO - Setting next_dagrun for example_branch_labels to 2025-04-09 00:00:00+00:00, run_after=2025-04-10 00:00:00+00:00
[2025-04-10T14:09:58.907+0000] {processor.py:183} INFO - Processing /home/airflow/.local/lib/python3.12/site-packages/airflow/example_dags/example_branch_labels.py took 0.137 seconds
[2025-04-10T14:10:29.197+0000] {processor.py:161} INFO - Started process (PID=2462) to work on /home/airflow/.local/lib/python3.12/site-packages/airflow/example_dags/example_branch_labels.py
[2025-04-10T14:10:29.198+0000] {processor.py:830} INFO - Processing file /home/airflow/.local/lib/python3.12/site-packages/airflow/example_dags/example_branch_labels.py for tasks to queue
[2025-04-10T14:10:29.201+0000] {logging_mixin.py:188} INFO - [2025-04-10T14:10:29.201+0000] {dagbag.py:540} INFO - Filling up the DagBag from /home/airflow/.local/lib/python3.12/site-packages/airflow/example_dags/example_branch_labels.py
[2025-04-10T14:10:29.215+0000] {processor.py:840} INFO - DAG(s) 'example_branch_labels' retrieved from /home/airflow/.local/lib/python3.12/site-packages/airflow/example_dags/example_branch_labels.py
[2025-04-10T14:10:29.252+0000] {logging_mixin.py:188} INFO - [2025-04-10T14:10:29.252+0000] {dag.py:3096} INFO - Sync 1 DAGs
[2025-04-10T14:10:29.297+0000] {logging_mixin.py:188} INFO - [2025-04-10T14:10:29.296+0000] {dag.py:3954} INFO - Setting next_dagrun for example_branch_labels to 2025-04-09 00:00:00+00:00, run_after=2025-04-10 00:00:00+00:00
[2025-04-10T14:10:29.331+0000] {processor.py:183} INFO - Processing /home/airflow/.local/lib/python3.12/site-packages/airflow/example_dags/example_branch_labels.py took 0.144 seconds
[2025-04-10T14:10:59.993+0000] {processor.py:161} INFO - Started process (PID=2522) to work on /home/airflow/.local/lib/python3.12/site-packages/airflow/example_dags/example_branch_labels.py
[2025-04-10T14:10:59.995+0000] {processor.py:830} INFO - Processing file /home/airflow/.local/lib/python3.12/site-packages/airflow/example_dags/example_branch_labels.py for tasks to queue
[2025-04-10T14:10:59.998+0000] {logging_mixin.py:188} INFO - [2025-04-10T14:10:59.998+0000] {dagbag.py:540} INFO - Filling up the DagBag from /home/airflow/.local/lib/python3.12/site-packages/airflow/example_dags/example_branch_labels.py
[2025-04-10T14:11:00.015+0000] {processor.py:840} INFO - DAG(s) 'example_branch_labels' retrieved from /home/airflow/.local/lib/python3.12/site-packages/airflow/example_dags/example_branch_labels.py
[2025-04-10T14:11:00.057+0000] {logging_mixin.py:188} INFO - [2025-04-10T14:11:00.057+0000] {dag.py:3096} INFO - Sync 1 DAGs
[2025-04-10T14:11:00.103+0000] {logging_mixin.py:188} INFO - [2025-04-10T14:11:00.102+0000] {dag.py:3954} INFO - Setting next_dagrun for example_branch_labels to 2025-04-09 00:00:00+00:00, run_after=2025-04-10 00:00:00+00:00
[2025-04-10T14:11:00.138+0000] {processor.py:183} INFO - Processing /home/airflow/.local/lib/python3.12/site-packages/airflow/example_dags/example_branch_labels.py took 0.158 seconds
[2025-04-10T14:11:30.346+0000] {processor.py:161} INFO - Started process (PID=2582) to work on /home/airflow/.local/lib/python3.12/site-packages/airflow/example_dags/example_branch_labels.py
[2025-04-10T14:11:30.348+0000] {processor.py:830} INFO - Processing file /home/airflow/.local/lib/python3.12/site-packages/airflow/example_dags/example_branch_labels.py for tasks to queue
[2025-04-10T14:11:30.350+0000] {logging_mixin.py:188} INFO - [2025-04-10T14:11:30.350+0000] {dagbag.py:540} INFO - Filling up the DagBag from /home/airflow/.local/lib/python3.12/site-packages/airflow/example_dags/example_branch_labels.py
[2025-04-10T14:11:30.365+0000] {processor.py:840} INFO - DAG(s) 'example_branch_labels' retrieved from /home/airflow/.local/lib/python3.12/site-packages/airflow/example_dags/example_branch_labels.py
[2025-04-10T14:11:30.404+0000] {logging_mixin.py:188} INFO - [2025-04-10T14:11:30.403+0000] {dag.py:3096} INFO - Sync 1 DAGs
[2025-04-10T14:11:30.445+0000] {logging_mixin.py:188} INFO - [2025-04-10T14:11:30.445+0000] {dag.py:3954} INFO - Setting next_dagrun for example_branch_labels to 2025-04-09 00:00:00+00:00, run_after=2025-04-10 00:00:00+00:00
[2025-04-10T14:11:30.482+0000] {processor.py:183} INFO - Processing /home/airflow/.local/lib/python3.12/site-packages/airflow/example_dags/example_branch_labels.py took 0.147 seconds
[2025-04-10T14:12:01.054+0000] {processor.py:161} INFO - Started process (PID=2648) to work on /home/airflow/.local/lib/python3.12/site-packages/airflow/example_dags/example_branch_labels.py
[2025-04-10T14:12:01.056+0000] {processor.py:830} INFO - Processing file /home/airflow/.local/lib/python3.12/site-packages/airflow/example_dags/example_branch_labels.py for tasks to queue
[2025-04-10T14:12:01.059+0000] {logging_mixin.py:188} INFO - [2025-04-10T14:12:01.058+0000] {dagbag.py:540} INFO - Filling up the DagBag from /home/airflow/.local/lib/python3.12/site-packages/airflow/example_dags/example_branch_labels.py
[2025-04-10T14:12:01.071+0000] {processor.py:840} INFO - DAG(s) 'example_branch_labels' retrieved from /home/airflow/.local/lib/python3.12/site-packages/airflow/example_dags/example_branch_labels.py
[2025-04-10T14:12:01.110+0000] {logging_mixin.py:188} INFO - [2025-04-10T14:12:01.110+0000] {dag.py:3096} INFO - Sync 1 DAGs
[2025-04-10T14:12:01.152+0000] {logging_mixin.py:188} INFO - [2025-04-10T14:12:01.151+0000] {dag.py:3954} INFO - Setting next_dagrun for example_branch_labels to 2025-04-09 00:00:00+00:00, run_after=2025-04-10 00:00:00+00:00
[2025-04-10T14:12:01.190+0000] {processor.py:183} INFO - Processing /home/airflow/.local/lib/python3.12/site-packages/airflow/example_dags/example_branch_labels.py took 0.146 seconds
[2025-04-10T14:12:31.953+0000] {processor.py:161} INFO - Started process (PID=2708) to work on /home/airflow/.local/lib/python3.12/site-packages/airflow/example_dags/example_branch_labels.py
[2025-04-10T14:12:31.954+0000] {processor.py:830} INFO - Processing file /home/airflow/.local/lib/python3.12/site-packages/airflow/example_dags/example_branch_labels.py for tasks to queue
[2025-04-10T14:12:31.957+0000] {logging_mixin.py:188} INFO - [2025-04-10T14:12:31.957+0000] {dagbag.py:540} INFO - Filling up the DagBag from /home/airflow/.local/lib/python3.12/site-packages/airflow/example_dags/example_branch_labels.py
[2025-04-10T14:12:31.970+0000] {processor.py:840} INFO - DAG(s) 'example_branch_labels' retrieved from /home/airflow/.local/lib/python3.12/site-packages/airflow/example_dags/example_branch_labels.py
[2025-04-10T14:12:32.008+0000] {logging_mixin.py:188} INFO - [2025-04-10T14:12:32.008+0000] {dag.py:3096} INFO - Sync 1 DAGs
[2025-04-10T14:12:32.049+0000] {logging_mixin.py:188} INFO - [2025-04-10T14:12:32.048+0000] {dag.py:3954} INFO - Setting next_dagrun for example_branch_labels to 2025-04-09 00:00:00+00:00, run_after=2025-04-10 00:00:00+00:00
[2025-04-10T14:12:32.085+0000] {processor.py:183} INFO - Processing /home/airflow/.local/lib/python3.12/site-packages/airflow/example_dags/example_branch_labels.py took 0.142 seconds
[2025-04-10T14:13:02.204+0000] {processor.py:161} INFO - Started process (PID=2767) to work on /home/airflow/.local/lib/python3.12/site-packages/airflow/example_dags/example_branch_labels.py
[2025-04-10T14:13:02.206+0000] {processor.py:830} INFO - Processing file /home/airflow/.local/lib/python3.12/site-packages/airflow/example_dags/example_branch_labels.py for tasks to queue
[2025-04-10T14:13:02.209+0000] {logging_mixin.py:188} INFO - [2025-04-10T14:13:02.209+0000] {dagbag.py:540} INFO - Filling up the DagBag from /home/airflow/.local/lib/python3.12/site-packages/airflow/example_dags/example_branch_labels.py
[2025-04-10T14:13:02.222+0000] {processor.py:840} INFO - DAG(s) 'example_branch_labels' retrieved from /home/airflow/.local/lib/python3.12/site-packages/airflow/example_dags/example_branch_labels.py
[2025-04-10T14:13:02.262+0000] {logging_mixin.py:188} INFO - [2025-04-10T14:13:02.261+0000] {dag.py:3096} INFO - Sync 1 DAGs
[2025-04-10T14:13:02.304+0000] {logging_mixin.py:188} INFO - [2025-04-10T14:13:02.304+0000] {dag.py:3954} INFO - Setting next_dagrun for example_branch_labels to 2025-04-09 00:00:00+00:00, run_after=2025-04-10 00:00:00+00:00
[2025-04-10T14:13:02.336+0000] {processor.py:183} INFO - Processing /home/airflow/.local/lib/python3.12/site-packages/airflow/example_dags/example_branch_labels.py took 0.142 seconds
[2025-04-10T14:13:32.816+0000] {processor.py:161} INFO - Started process (PID=2828) to work on /home/airflow/.local/lib/python3.12/site-packages/airflow/example_dags/example_branch_labels.py
[2025-04-10T14:13:32.818+0000] {processor.py:830} INFO - Processing file /home/airflow/.local/lib/python3.12/site-packages/airflow/example_dags/example_branch_labels.py for tasks to queue
[2025-04-10T14:13:32.821+0000] {logging_mixin.py:188} INFO - [2025-04-10T14:13:32.821+0000] {dagbag.py:540} INFO - Filling up the DagBag from /home/airflow/.local/lib/python3.12/site-packages/airflow/example_dags/example_branch_labels.py
[2025-04-10T14:13:32.834+0000] {processor.py:840} INFO - DAG(s) 'example_branch_labels' retrieved from /home/airflow/.local/lib/python3.12/site-packages/airflow/example_dags/example_branch_labels.py
[2025-04-10T14:13:32.877+0000] {logging_mixin.py:188} INFO - [2025-04-10T14:13:32.876+0000] {dag.py:3096} INFO - Sync 1 DAGs
[2025-04-10T14:13:32.919+0000] {logging_mixin.py:188} INFO - [2025-04-10T14:13:32.918+0000] {dag.py:3954} INFO - Setting next_dagrun for example_branch_labels to 2025-04-09 00:00:00+00:00, run_after=2025-04-10 00:00:00+00:00
[2025-04-10T14:13:32.956+0000] {processor.py:183} INFO - Processing /home/airflow/.local/lib/python3.12/site-packages/airflow/example_dags/example_branch_labels.py took 0.149 seconds
[2025-04-10T14:14:03.135+0000] {processor.py:161} INFO - Started process (PID=2889) to work on /home/airflow/.local/lib/python3.12/site-packages/airflow/example_dags/example_branch_labels.py
[2025-04-10T14:14:03.137+0000] {processor.py:830} INFO - Processing file /home/airflow/.local/lib/python3.12/site-packages/airflow/example_dags/example_branch_labels.py for tasks to queue
[2025-04-10T14:14:03.140+0000] {logging_mixin.py:188} INFO - [2025-04-10T14:14:03.139+0000] {dagbag.py:540} INFO - Filling up the DagBag from /home/airflow/.local/lib/python3.12/site-packages/airflow/example_dags/example_branch_labels.py
[2025-04-10T14:14:03.152+0000] {processor.py:840} INFO - DAG(s) 'example_branch_labels' retrieved from /home/airflow/.local/lib/python3.12/site-packages/airflow/example_dags/example_branch_labels.py
[2025-04-10T14:14:03.191+0000] {logging_mixin.py:188} INFO - [2025-04-10T14:14:03.191+0000] {dag.py:3096} INFO - Sync 1 DAGs
[2025-04-10T14:14:03.232+0000] {logging_mixin.py:188} INFO - [2025-04-10T14:14:03.231+0000] {dag.py:3954} INFO - Setting next_dagrun for example_branch_labels to 2025-04-09 00:00:00+00:00, run_after=2025-04-10 00:00:00+00:00
[2025-04-10T14:14:03.269+0000] {processor.py:183} INFO - Processing /home/airflow/.local/lib/python3.12/site-packages/airflow/example_dags/example_branch_labels.py took 0.143 seconds
[2025-04-10T14:14:33.563+0000] {processor.py:161} INFO - Started process (PID=2949) to work on /home/airflow/.local/lib/python3.12/site-packages/airflow/example_dags/example_branch_labels.py
[2025-04-10T14:14:33.564+0000] {processor.py:830} INFO - Processing file /home/airflow/.local/lib/python3.12/site-packages/airflow/example_dags/example_branch_labels.py for tasks to queue
[2025-04-10T14:14:33.567+0000] {logging_mixin.py:188} INFO - [2025-04-10T14:14:33.567+0000] {dagbag.py:540} INFO - Filling up the DagBag from /home/airflow/.local/lib/python3.12/site-packages/airflow/example_dags/example_branch_labels.py
[2025-04-10T14:14:33.582+0000] {processor.py:840} INFO - DAG(s) 'example_branch_labels' retrieved from /home/airflow/.local/lib/python3.12/site-packages/airflow/example_dags/example_branch_labels.py
[2025-04-10T14:14:33.622+0000] {logging_mixin.py:188} INFO - [2025-04-10T14:14:33.621+0000] {dag.py:3096} INFO - Sync 1 DAGs
[2025-04-10T14:14:33.669+0000] {logging_mixin.py:188} INFO - [2025-04-10T14:14:33.668+0000] {dag.py:3954} INFO - Setting next_dagrun for example_branch_labels to 2025-04-09 00:00:00+00:00, run_after=2025-04-10 00:00:00+00:00
[2025-04-10T14:14:33.705+0000] {processor.py:183} INFO - Processing /home/airflow/.local/lib/python3.12/site-packages/airflow/example_dags/example_branch_labels.py took 0.151 seconds
[2025-04-10T14:15:04.286+0000] {processor.py:161} INFO - Started process (PID=3009) to work on /home/airflow/.local/lib/python3.12/site-packages/airflow/example_dags/example_branch_labels.py
[2025-04-10T14:15:04.288+0000] {processor.py:830} INFO - Processing file /home/airflow/.local/lib/python3.12/site-packages/airflow/example_dags/example_branch_labels.py for tasks to queue
[2025-04-10T14:15:04.291+0000] {logging_mixin.py:188} INFO - [2025-04-10T14:15:04.291+0000] {dagbag.py:540} INFO - Filling up the DagBag from /home/airflow/.local/lib/python3.12/site-packages/airflow/example_dags/example_branch_labels.py
[2025-04-10T14:15:04.304+0000] {processor.py:840} INFO - DAG(s) 'example_branch_labels' retrieved from /home/airflow/.local/lib/python3.12/site-packages/airflow/example_dags/example_branch_labels.py
[2025-04-10T14:15:04.343+0000] {logging_mixin.py:188} INFO - [2025-04-10T14:15:04.343+0000] {dag.py:3096} INFO - Sync 1 DAGs
[2025-04-10T14:15:04.384+0000] {logging_mixin.py:188} INFO - [2025-04-10T14:15:04.383+0000] {dag.py:3954} INFO - Setting next_dagrun for example_branch_labels to 2025-04-09 00:00:00+00:00, run_after=2025-04-10 00:00:00+00:00
[2025-04-10T14:15:04.417+0000] {processor.py:183} INFO - Processing /home/airflow/.local/lib/python3.12/site-packages/airflow/example_dags/example_branch_labels.py took 0.140 seconds
[2025-04-10T14:15:35.037+0000] {processor.py:161} INFO - Started process (PID=3069) to work on /home/airflow/.local/lib/python3.12/site-packages/airflow/example_dags/example_branch_labels.py
[2025-04-10T14:15:35.039+0000] {processor.py:830} INFO - Processing file /home/airflow/.local/lib/python3.12/site-packages/airflow/example_dags/example_branch_labels.py for tasks to queue
[2025-04-10T14:15:35.044+0000] {logging_mixin.py:188} INFO - [2025-04-10T14:15:35.043+0000] {dagbag.py:540} INFO - Filling up the DagBag from /home/airflow/.local/lib/python3.12/site-packages/airflow/example_dags/example_branch_labels.py
[2025-04-10T14:15:35.063+0000] {processor.py:840} INFO - DAG(s) 'example_branch_labels' retrieved from /home/airflow/.local/lib/python3.12/site-packages/airflow/example_dags/example_branch_labels.py
[2025-04-10T14:15:35.102+0000] {logging_mixin.py:188} INFO - [2025-04-10T14:15:35.101+0000] {dag.py:3096} INFO - Sync 1 DAGs
[2025-04-10T14:15:35.145+0000] {logging_mixin.py:188} INFO - [2025-04-10T14:15:35.144+0000] {dag.py:3954} INFO - Setting next_dagrun for example_branch_labels to 2025-04-09 00:00:00+00:00, run_after=2025-04-10 00:00:00+00:00
[2025-04-10T14:15:35.179+0000] {processor.py:183} INFO - Processing /home/airflow/.local/lib/python3.12/site-packages/airflow/example_dags/example_branch_labels.py took 0.156 seconds
[2025-04-10T14:16:05.661+0000] {processor.py:161} INFO - Started process (PID=3130) to work on /home/airflow/.local/lib/python3.12/site-packages/airflow/example_dags/example_branch_labels.py
[2025-04-10T14:16:05.662+0000] {processor.py:830} INFO - Processing file /home/airflow/.local/lib/python3.12/site-packages/airflow/example_dags/example_branch_labels.py for tasks to queue
[2025-04-10T14:16:05.665+0000] {logging_mixin.py:188} INFO - [2025-04-10T14:16:05.665+0000] {dagbag.py:540} INFO - Filling up the DagBag from /home/airflow/.local/lib/python3.12/site-packages/airflow/example_dags/example_branch_labels.py
[2025-04-10T14:16:05.678+0000] {processor.py:840} INFO - DAG(s) 'example_branch_labels' retrieved from /home/airflow/.local/lib/python3.12/site-packages/airflow/example_dags/example_branch_labels.py
[2025-04-10T14:16:05.716+0000] {logging_mixin.py:188} INFO - [2025-04-10T14:16:05.715+0000] {dag.py:3096} INFO - Sync 1 DAGs
[2025-04-10T14:16:05.758+0000] {logging_mixin.py:188} INFO - [2025-04-10T14:16:05.757+0000] {dag.py:3954} INFO - Setting next_dagrun for example_branch_labels to 2025-04-09 00:00:00+00:00, run_after=2025-04-10 00:00:00+00:00
[2025-04-10T14:16:05.791+0000] {processor.py:183} INFO - Processing /home/airflow/.local/lib/python3.12/site-packages/airflow/example_dags/example_branch_labels.py took 0.141 seconds
[2025-04-10T14:16:36.385+0000] {processor.py:161} INFO - Started process (PID=3190) to work on /home/airflow/.local/lib/python3.12/site-packages/airflow/example_dags/example_branch_labels.py
[2025-04-10T14:16:36.386+0000] {processor.py:830} INFO - Processing file /home/airflow/.local/lib/python3.12/site-packages/airflow/example_dags/example_branch_labels.py for tasks to queue
[2025-04-10T14:16:36.389+0000] {logging_mixin.py:188} INFO - [2025-04-10T14:16:36.389+0000] {dagbag.py:540} INFO - Filling up the DagBag from /home/airflow/.local/lib/python3.12/site-packages/airflow/example_dags/example_branch_labels.py
[2025-04-10T14:16:36.402+0000] {processor.py:840} INFO - DAG(s) 'example_branch_labels' retrieved from /home/airflow/.local/lib/python3.12/site-packages/airflow/example_dags/example_branch_labels.py
[2025-04-10T14:16:36.441+0000] {logging_mixin.py:188} INFO - [2025-04-10T14:16:36.440+0000] {dag.py:3096} INFO - Sync 1 DAGs
[2025-04-10T14:16:36.481+0000] {logging_mixin.py:188} INFO - [2025-04-10T14:16:36.480+0000] {dag.py:3954} INFO - Setting next_dagrun for example_branch_labels to 2025-04-09 00:00:00+00:00, run_after=2025-04-10 00:00:00+00:00
[2025-04-10T14:16:36.517+0000] {processor.py:183} INFO - Processing /home/airflow/.local/lib/python3.12/site-packages/airflow/example_dags/example_branch_labels.py took 0.141 seconds
[2025-04-10T14:17:06.744+0000] {processor.py:161} INFO - Started process (PID=3250) to work on /home/airflow/.local/lib/python3.12/site-packages/airflow/example_dags/example_branch_labels.py
[2025-04-10T14:17:06.745+0000] {processor.py:830} INFO - Processing file /home/airflow/.local/lib/python3.12/site-packages/airflow/example_dags/example_branch_labels.py for tasks to queue
[2025-04-10T14:17:06.748+0000] {logging_mixin.py:188} INFO - [2025-04-10T14:17:06.748+0000] {dagbag.py:540} INFO - Filling up the DagBag from /home/airflow/.local/lib/python3.12/site-packages/airflow/example_dags/example_branch_labels.py
[2025-04-10T14:17:06.761+0000] {processor.py:840} INFO - DAG(s) 'example_branch_labels' retrieved from /home/airflow/.local/lib/python3.12/site-packages/airflow/example_dags/example_branch_labels.py
[2025-04-10T14:17:06.799+0000] {logging_mixin.py:188} INFO - [2025-04-10T14:17:06.799+0000] {dag.py:3096} INFO - Sync 1 DAGs
[2025-04-10T14:17:06.841+0000] {logging_mixin.py:188} INFO - [2025-04-10T14:17:06.840+0000] {dag.py:3954} INFO - Setting next_dagrun for example_branch_labels to 2025-04-09 00:00:00+00:00, run_after=2025-04-10 00:00:00+00:00
[2025-04-10T14:17:06.877+0000] {processor.py:183} INFO - Processing /home/airflow/.local/lib/python3.12/site-packages/airflow/example_dags/example_branch_labels.py took 0.143 seconds
[2025-04-10T14:17:37.320+0000] {processor.py:161} INFO - Started process (PID=3310) to work on /home/airflow/.local/lib/python3.12/site-packages/airflow/example_dags/example_branch_labels.py
[2025-04-10T14:17:37.322+0000] {processor.py:830} INFO - Processing file /home/airflow/.local/lib/python3.12/site-packages/airflow/example_dags/example_branch_labels.py for tasks to queue
[2025-04-10T14:17:37.325+0000] {logging_mixin.py:188} INFO - [2025-04-10T14:17:37.324+0000] {dagbag.py:540} INFO - Filling up the DagBag from /home/airflow/.local/lib/python3.12/site-packages/airflow/example_dags/example_branch_labels.py
[2025-04-10T14:17:37.338+0000] {processor.py:840} INFO - DAG(s) 'example_branch_labels' retrieved from /home/airflow/.local/lib/python3.12/site-packages/airflow/example_dags/example_branch_labels.py
[2025-04-10T14:17:37.375+0000] {logging_mixin.py:188} INFO - [2025-04-10T14:17:37.374+0000] {dag.py:3096} INFO - Sync 1 DAGs
[2025-04-10T14:17:37.416+0000] {logging_mixin.py:188} INFO - [2025-04-10T14:17:37.415+0000] {dag.py:3954} INFO - Setting next_dagrun for example_branch_labels to 2025-04-09 00:00:00+00:00, run_after=2025-04-10 00:00:00+00:00
[2025-04-10T14:17:37.454+0000] {processor.py:183} INFO - Processing /home/airflow/.local/lib/python3.12/site-packages/airflow/example_dags/example_branch_labels.py took 0.143 seconds
[2025-04-10T14:18:07.611+0000] {processor.py:161} INFO - Started process (PID=3369) to work on /home/airflow/.local/lib/python3.12/site-packages/airflow/example_dags/example_branch_labels.py
[2025-04-10T14:18:07.613+0000] {processor.py:830} INFO - Processing file /home/airflow/.local/lib/python3.12/site-packages/airflow/example_dags/example_branch_labels.py for tasks to queue
[2025-04-10T14:18:07.616+0000] {logging_mixin.py:188} INFO - [2025-04-10T14:18:07.615+0000] {dagbag.py:540} INFO - Filling up the DagBag from /home/airflow/.local/lib/python3.12/site-packages/airflow/example_dags/example_branch_labels.py
[2025-04-10T14:18:07.630+0000] {processor.py:840} INFO - DAG(s) 'example_branch_labels' retrieved from /home/airflow/.local/lib/python3.12/site-packages/airflow/example_dags/example_branch_labels.py
[2025-04-10T14:18:07.674+0000] {logging_mixin.py:188} INFO - [2025-04-10T14:18:07.673+0000] {dag.py:3096} INFO - Sync 1 DAGs
[2025-04-10T14:18:07.719+0000] {logging_mixin.py:188} INFO - [2025-04-10T14:18:07.719+0000] {dag.py:3954} INFO - Setting next_dagrun for example_branch_labels to 2025-04-09 00:00:00+00:00, run_after=2025-04-10 00:00:00+00:00
[2025-04-10T14:18:07.753+0000] {processor.py:183} INFO - Processing /home/airflow/.local/lib/python3.12/site-packages/airflow/example_dags/example_branch_labels.py took 0.154 seconds
[2025-04-10T14:18:38.004+0000] {processor.py:161} INFO - Started process (PID=3429) to work on /home/airflow/.local/lib/python3.12/site-packages/airflow/example_dags/example_branch_labels.py
[2025-04-10T14:18:38.006+0000] {processor.py:830} INFO - Processing file /home/airflow/.local/lib/python3.12/site-packages/airflow/example_dags/example_branch_labels.py for tasks to queue
[2025-04-10T14:18:38.009+0000] {logging_mixin.py:188} INFO - [2025-04-10T14:18:38.008+0000] {dagbag.py:540} INFO - Filling up the DagBag from /home/airflow/.local/lib/python3.12/site-packages/airflow/example_dags/example_branch_labels.py
[2025-04-10T14:18:38.024+0000] {processor.py:840} INFO - DAG(s) 'example_branch_labels' retrieved from /home/airflow/.local/lib/python3.12/site-packages/airflow/example_dags/example_branch_labels.py
[2025-04-10T14:18:38.060+0000] {logging_mixin.py:188} INFO - [2025-04-10T14:18:38.059+0000] {dag.py:3096} INFO - Sync 1 DAGs
[2025-04-10T14:18:38.101+0000] {logging_mixin.py:188} INFO - [2025-04-10T14:18:38.101+0000] {dag.py:3954} INFO - Setting next_dagrun for example_branch_labels to 2025-04-09 00:00:00+00:00, run_after=2025-04-10 00:00:00+00:00
[2025-04-10T14:18:38.134+0000] {processor.py:183} INFO - Processing /home/airflow/.local/lib/python3.12/site-packages/airflow/example_dags/example_branch_labels.py took 0.141 seconds
[2025-04-10T14:19:08.582+0000] {processor.py:161} INFO - Started process (PID=3490) to work on /home/airflow/.local/lib/python3.12/site-packages/airflow/example_dags/example_branch_labels.py
[2025-04-10T14:19:08.584+0000] {processor.py:830} INFO - Processing file /home/airflow/.local/lib/python3.12/site-packages/airflow/example_dags/example_branch_labels.py for tasks to queue
[2025-04-10T14:19:08.587+0000] {logging_mixin.py:188} INFO - [2025-04-10T14:19:08.586+0000] {dagbag.py:540} INFO - Filling up the DagBag from /home/airflow/.local/lib/python3.12/site-packages/airflow/example_dags/example_branch_labels.py
[2025-04-10T14:19:08.600+0000] {processor.py:840} INFO - DAG(s) 'example_branch_labels' retrieved from /home/airflow/.local/lib/python3.12/site-packages/airflow/example_dags/example_branch_labels.py
[2025-04-10T14:19:08.637+0000] {logging_mixin.py:188} INFO - [2025-04-10T14:19:08.637+0000] {dag.py:3096} INFO - Sync 1 DAGs
[2025-04-10T14:19:08.678+0000] {logging_mixin.py:188} INFO - [2025-04-10T14:19:08.678+0000] {dag.py:3954} INFO - Setting next_dagrun for example_branch_labels to 2025-04-09 00:00:00+00:00, run_after=2025-04-10 00:00:00+00:00
[2025-04-10T14:19:08.714+0000] {processor.py:183} INFO - Processing /home/airflow/.local/lib/python3.12/site-packages/airflow/example_dags/example_branch_labels.py took 0.141 seconds
[2025-04-10T14:19:38.784+0000] {processor.py:161} INFO - Started process (PID=3549) to work on /home/airflow/.local/lib/python3.12/site-packages/airflow/example_dags/example_branch_labels.py
[2025-04-10T14:19:38.786+0000] {processor.py:830} INFO - Processing file /home/airflow/.local/lib/python3.12/site-packages/airflow/example_dags/example_branch_labels.py for tasks to queue
[2025-04-10T14:19:38.789+0000] {logging_mixin.py:188} INFO - [2025-04-10T14:19:38.789+0000] {dagbag.py:540} INFO - Filling up the DagBag from /home/airflow/.local/lib/python3.12/site-packages/airflow/example_dags/example_branch_labels.py
[2025-04-10T14:19:38.804+0000] {processor.py:840} INFO - DAG(s) 'example_branch_labels' retrieved from /home/airflow/.local/lib/python3.12/site-packages/airflow/example_dags/example_branch_labels.py
[2025-04-10T14:19:38.845+0000] {logging_mixin.py:188} INFO - [2025-04-10T14:19:38.845+0000] {dag.py:3096} INFO - Sync 1 DAGs
[2025-04-10T14:19:38.897+0000] {logging_mixin.py:188} INFO - [2025-04-10T14:19:38.897+0000] {dag.py:3954} INFO - Setting next_dagrun for example_branch_labels to 2025-04-09 00:00:00+00:00, run_after=2025-04-10 00:00:00+00:00
[2025-04-10T14:19:38.932+0000] {processor.py:183} INFO - Processing /home/airflow/.local/lib/python3.12/site-packages/airflow/example_dags/example_branch_labels.py took 0.157 seconds
[2025-04-10T14:20:09.189+0000] {processor.py:161} INFO - Started process (PID=3609) to work on /home/airflow/.local/lib/python3.12/site-packages/airflow/example_dags/example_branch_labels.py
[2025-04-10T14:20:09.191+0000] {processor.py:830} INFO - Processing file /home/airflow/.local/lib/python3.12/site-packages/airflow/example_dags/example_branch_labels.py for tasks to queue
[2025-04-10T14:20:09.194+0000] {logging_mixin.py:188} INFO - [2025-04-10T14:20:09.193+0000] {dagbag.py:540} INFO - Filling up the DagBag from /home/airflow/.local/lib/python3.12/site-packages/airflow/example_dags/example_branch_labels.py
[2025-04-10T14:20:09.206+0000] {processor.py:840} INFO - DAG(s) 'example_branch_labels' retrieved from /home/airflow/.local/lib/python3.12/site-packages/airflow/example_dags/example_branch_labels.py
[2025-04-10T14:20:09.243+0000] {logging_mixin.py:188} INFO - [2025-04-10T14:20:09.243+0000] {dag.py:3096} INFO - Sync 1 DAGs
[2025-04-10T14:20:09.284+0000] {logging_mixin.py:188} INFO - [2025-04-10T14:20:09.284+0000] {dag.py:3954} INFO - Setting next_dagrun for example_branch_labels to 2025-04-09 00:00:00+00:00, run_after=2025-04-10 00:00:00+00:00
[2025-04-10T14:20:09.318+0000] {processor.py:183} INFO - Processing /home/airflow/.local/lib/python3.12/site-packages/airflow/example_dags/example_branch_labels.py took 0.138 seconds
[2025-04-10T14:20:39.450+0000] {processor.py:161} INFO - Started process (PID=3669) to work on /home/airflow/.local/lib/python3.12/site-packages/airflow/example_dags/example_branch_labels.py
[2025-04-10T14:20:39.451+0000] {processor.py:830} INFO - Processing file /home/airflow/.local/lib/python3.12/site-packages/airflow/example_dags/example_branch_labels.py for tasks to queue
[2025-04-10T14:20:39.454+0000] {logging_mixin.py:188} INFO - [2025-04-10T14:20:39.454+0000] {dagbag.py:540} INFO - Filling up the DagBag from /home/airflow/.local/lib/python3.12/site-packages/airflow/example_dags/example_branch_labels.py
[2025-04-10T14:20:39.467+0000] {processor.py:840} INFO - DAG(s) 'example_branch_labels' retrieved from /home/airflow/.local/lib/python3.12/site-packages/airflow/example_dags/example_branch_labels.py
[2025-04-10T14:20:39.503+0000] {logging_mixin.py:188} INFO - [2025-04-10T14:20:39.502+0000] {dag.py:3096} INFO - Sync 1 DAGs
[2025-04-10T14:20:39.544+0000] {logging_mixin.py:188} INFO - [2025-04-10T14:20:39.544+0000] {dag.py:3954} INFO - Setting next_dagrun for example_branch_labels to 2025-04-09 00:00:00+00:00, run_after=2025-04-10 00:00:00+00:00
[2025-04-10T14:20:39.577+0000] {processor.py:183} INFO - Processing /home/airflow/.local/lib/python3.12/site-packages/airflow/example_dags/example_branch_labels.py took 0.137 seconds
