[2025-04-10T13:35:46.983+0000] {processor.py:161} INFO - Started process (PID=116) to work on /home/airflow/.local/lib/python3.12/site-packages/airflow/example_dags/example_setup_teardown.py
[2025-04-10T13:35:46.985+0000] {processor.py:830} INFO - Processing file /home/airflow/.local/lib/python3.12/site-packages/airflow/example_dags/example_setup_teardown.py for tasks to queue
[2025-04-10T13:35:46.988+0000] {logging_mixin.py:188} INFO - [2025-04-10T13:35:46.987+0000] {dagbag.py:540} INFO - Filling up the DagBag from /home/airflow/.local/lib/python3.12/site-packages/airflow/example_dags/example_setup_teardown.py
[2025-04-10T13:35:47.001+0000] {processor.py:840} INFO - DAG(s) 'example_setup_teardown' retrieved from /home/airflow/.local/lib/python3.12/site-packages/airflow/example_dags/example_setup_teardown.py
[2025-04-10T13:35:47.210+0000] {logging_mixin.py:188} INFO - [2025-04-10T13:35:47.209+0000] {dag.py:3096} INFO - Sync 1 DAGs
[2025-04-10T13:35:47.245+0000] {logging_mixin.py:188} INFO - [2025-04-10T13:35:47.244+0000] {dag.py:3954} INFO - Setting next_dagrun for example_setup_teardown to 2025-04-09 00:00:00+00:00, run_after=2025-04-10 00:00:00+00:00
[2025-04-10T13:35:47.279+0000] {processor.py:183} INFO - Processing /home/airflow/.local/lib/python3.12/site-packages/airflow/example_dags/example_setup_teardown.py took 0.305 seconds
[2025-04-10T13:36:17.338+0000] {processor.py:161} INFO - Started process (PID=174) to work on /home/airflow/.local/lib/python3.12/site-packages/airflow/example_dags/example_setup_teardown.py
[2025-04-10T13:36:17.339+0000] {processor.py:830} INFO - Processing file /home/airflow/.local/lib/python3.12/site-packages/airflow/example_dags/example_setup_teardown.py for tasks to queue
[2025-04-10T13:36:17.343+0000] {logging_mixin.py:188} INFO - [2025-04-10T13:36:17.342+0000] {dagbag.py:540} INFO - Filling up the DagBag from /home/airflow/.local/lib/python3.12/site-packages/airflow/example_dags/example_setup_teardown.py
[2025-04-10T13:36:17.353+0000] {processor.py:840} INFO - DAG(s) 'example_setup_teardown' retrieved from /home/airflow/.local/lib/python3.12/site-packages/airflow/example_dags/example_setup_teardown.py
[2025-04-10T13:36:17.389+0000] {logging_mixin.py:188} INFO - [2025-04-10T13:36:17.389+0000] {dag.py:3096} INFO - Sync 1 DAGs
[2025-04-10T13:36:17.429+0000] {logging_mixin.py:188} INFO - [2025-04-10T13:36:17.429+0000] {dag.py:3954} INFO - Setting next_dagrun for example_setup_teardown to 2025-04-09 00:00:00+00:00, run_after=2025-04-10 00:00:00+00:00
[2025-04-10T13:36:17.462+0000] {processor.py:183} INFO - Processing /home/airflow/.local/lib/python3.12/site-packages/airflow/example_dags/example_setup_teardown.py took 0.133 seconds
[2025-04-10T13:36:47.661+0000] {processor.py:161} INFO - Started process (PID=232) to work on /home/airflow/.local/lib/python3.12/site-packages/airflow/example_dags/example_setup_teardown.py
[2025-04-10T13:36:47.663+0000] {processor.py:830} INFO - Processing file /home/airflow/.local/lib/python3.12/site-packages/airflow/example_dags/example_setup_teardown.py for tasks to queue
[2025-04-10T13:36:47.666+0000] {logging_mixin.py:188} INFO - [2025-04-10T13:36:47.665+0000] {dagbag.py:540} INFO - Filling up the DagBag from /home/airflow/.local/lib/python3.12/site-packages/airflow/example_dags/example_setup_teardown.py
[2025-04-10T13:36:47.676+0000] {processor.py:840} INFO - DAG(s) 'example_setup_teardown' retrieved from /home/airflow/.local/lib/python3.12/site-packages/airflow/example_dags/example_setup_teardown.py
[2025-04-10T13:36:47.711+0000] {logging_mixin.py:188} INFO - [2025-04-10T13:36:47.711+0000] {dag.py:3096} INFO - Sync 1 DAGs
[2025-04-10T13:36:47.749+0000] {logging_mixin.py:188} INFO - [2025-04-10T13:36:47.748+0000] {dag.py:3954} INFO - Setting next_dagrun for example_setup_teardown to 2025-04-09 00:00:00+00:00, run_after=2025-04-10 00:00:00+00:00
[2025-04-10T13:36:47.782+0000] {processor.py:183} INFO - Processing /home/airflow/.local/lib/python3.12/site-packages/airflow/example_dags/example_setup_teardown.py took 0.130 seconds
[2025-04-10T13:37:18.601+0000] {processor.py:161} INFO - Started process (PID=290) to work on /home/airflow/.local/lib/python3.12/site-packages/airflow/example_dags/example_setup_teardown.py
[2025-04-10T13:37:18.603+0000] {processor.py:830} INFO - Processing file /home/airflow/.local/lib/python3.12/site-packages/airflow/example_dags/example_setup_teardown.py for tasks to queue
[2025-04-10T13:37:18.606+0000] {logging_mixin.py:188} INFO - [2025-04-10T13:37:18.605+0000] {dagbag.py:540} INFO - Filling up the DagBag from /home/airflow/.local/lib/python3.12/site-packages/airflow/example_dags/example_setup_teardown.py
[2025-04-10T13:37:18.616+0000] {processor.py:840} INFO - DAG(s) 'example_setup_teardown' retrieved from /home/airflow/.local/lib/python3.12/site-packages/airflow/example_dags/example_setup_teardown.py
[2025-04-10T13:37:18.652+0000] {logging_mixin.py:188} INFO - [2025-04-10T13:37:18.651+0000] {dag.py:3096} INFO - Sync 1 DAGs
[2025-04-10T13:37:18.693+0000] {logging_mixin.py:188} INFO - [2025-04-10T13:37:18.693+0000] {dag.py:3954} INFO - Setting next_dagrun for example_setup_teardown to 2025-04-09 00:00:00+00:00, run_after=2025-04-10 00:00:00+00:00
[2025-04-10T13:37:18.725+0000] {processor.py:183} INFO - Processing /home/airflow/.local/lib/python3.12/site-packages/airflow/example_dags/example_setup_teardown.py took 0.133 seconds
[2025-04-10T13:37:49.318+0000] {processor.py:161} INFO - Started process (PID=348) to work on /home/airflow/.local/lib/python3.12/site-packages/airflow/example_dags/example_setup_teardown.py
[2025-04-10T13:37:49.319+0000] {processor.py:830} INFO - Processing file /home/airflow/.local/lib/python3.12/site-packages/airflow/example_dags/example_setup_teardown.py for tasks to queue
[2025-04-10T13:37:49.322+0000] {logging_mixin.py:188} INFO - [2025-04-10T13:37:49.322+0000] {dagbag.py:540} INFO - Filling up the DagBag from /home/airflow/.local/lib/python3.12/site-packages/airflow/example_dags/example_setup_teardown.py
[2025-04-10T13:37:49.333+0000] {processor.py:840} INFO - DAG(s) 'example_setup_teardown' retrieved from /home/airflow/.local/lib/python3.12/site-packages/airflow/example_dags/example_setup_teardown.py
[2025-04-10T13:37:49.370+0000] {logging_mixin.py:188} INFO - [2025-04-10T13:37:49.370+0000] {dag.py:3096} INFO - Sync 1 DAGs
[2025-04-10T13:37:49.408+0000] {logging_mixin.py:188} INFO - [2025-04-10T13:37:49.407+0000] {dag.py:3954} INFO - Setting next_dagrun for example_setup_teardown to 2025-04-09 00:00:00+00:00, run_after=2025-04-10 00:00:00+00:00
[2025-04-10T13:37:49.441+0000] {processor.py:183} INFO - Processing /home/airflow/.local/lib/python3.12/site-packages/airflow/example_dags/example_setup_teardown.py took 0.133 seconds
[2025-04-10T13:38:20.171+0000] {processor.py:161} INFO - Started process (PID=406) to work on /home/airflow/.local/lib/python3.12/site-packages/airflow/example_dags/example_setup_teardown.py
[2025-04-10T13:38:20.172+0000] {processor.py:830} INFO - Processing file /home/airflow/.local/lib/python3.12/site-packages/airflow/example_dags/example_setup_teardown.py for tasks to queue
[2025-04-10T13:38:20.175+0000] {logging_mixin.py:188} INFO - [2025-04-10T13:38:20.175+0000] {dagbag.py:540} INFO - Filling up the DagBag from /home/airflow/.local/lib/python3.12/site-packages/airflow/example_dags/example_setup_teardown.py
[2025-04-10T13:38:20.187+0000] {processor.py:840} INFO - DAG(s) 'example_setup_teardown' retrieved from /home/airflow/.local/lib/python3.12/site-packages/airflow/example_dags/example_setup_teardown.py
[2025-04-10T13:38:20.224+0000] {logging_mixin.py:188} INFO - [2025-04-10T13:38:20.223+0000] {dag.py:3096} INFO - Sync 1 DAGs
[2025-04-10T13:38:20.266+0000] {logging_mixin.py:188} INFO - [2025-04-10T13:38:20.266+0000] {dag.py:3954} INFO - Setting next_dagrun for example_setup_teardown to 2025-04-09 00:00:00+00:00, run_after=2025-04-10 00:00:00+00:00
[2025-04-10T13:38:20.305+0000] {processor.py:183} INFO - Processing /home/airflow/.local/lib/python3.12/site-packages/airflow/example_dags/example_setup_teardown.py took 0.145 seconds
[2025-04-10T13:38:51.339+0000] {processor.py:161} INFO - Started process (PID=464) to work on /home/airflow/.local/lib/python3.12/site-packages/airflow/example_dags/example_setup_teardown.py
[2025-04-10T13:38:51.341+0000] {processor.py:830} INFO - Processing file /home/airflow/.local/lib/python3.12/site-packages/airflow/example_dags/example_setup_teardown.py for tasks to queue
[2025-04-10T13:38:51.344+0000] {logging_mixin.py:188} INFO - [2025-04-10T13:38:51.343+0000] {dagbag.py:540} INFO - Filling up the DagBag from /home/airflow/.local/lib/python3.12/site-packages/airflow/example_dags/example_setup_teardown.py
[2025-04-10T13:38:51.355+0000] {processor.py:840} INFO - DAG(s) 'example_setup_teardown' retrieved from /home/airflow/.local/lib/python3.12/site-packages/airflow/example_dags/example_setup_teardown.py
[2025-04-10T13:38:51.392+0000] {logging_mixin.py:188} INFO - [2025-04-10T13:38:51.392+0000] {dag.py:3096} INFO - Sync 1 DAGs
[2025-04-10T13:38:51.432+0000] {logging_mixin.py:188} INFO - [2025-04-10T13:38:51.431+0000] {dag.py:3954} INFO - Setting next_dagrun for example_setup_teardown to 2025-04-09 00:00:00+00:00, run_after=2025-04-10 00:00:00+00:00
[2025-04-10T13:38:51.467+0000] {processor.py:183} INFO - Processing /home/airflow/.local/lib/python3.12/site-packages/airflow/example_dags/example_setup_teardown.py took 0.137 seconds
[2025-04-10T13:39:22.047+0000] {processor.py:161} INFO - Started process (PID=522) to work on /home/airflow/.local/lib/python3.12/site-packages/airflow/example_dags/example_setup_teardown.py
[2025-04-10T13:39:22.048+0000] {processor.py:830} INFO - Processing file /home/airflow/.local/lib/python3.12/site-packages/airflow/example_dags/example_setup_teardown.py for tasks to queue
[2025-04-10T13:39:22.051+0000] {logging_mixin.py:188} INFO - [2025-04-10T13:39:22.051+0000] {dagbag.py:540} INFO - Filling up the DagBag from /home/airflow/.local/lib/python3.12/site-packages/airflow/example_dags/example_setup_teardown.py
[2025-04-10T13:39:22.062+0000] {processor.py:840} INFO - DAG(s) 'example_setup_teardown' retrieved from /home/airflow/.local/lib/python3.12/site-packages/airflow/example_dags/example_setup_teardown.py
[2025-04-10T13:39:22.099+0000] {logging_mixin.py:188} INFO - [2025-04-10T13:39:22.098+0000] {dag.py:3096} INFO - Sync 1 DAGs
[2025-04-10T13:39:22.138+0000] {logging_mixin.py:188} INFO - [2025-04-10T13:39:22.138+0000] {dag.py:3954} INFO - Setting next_dagrun for example_setup_teardown to 2025-04-09 00:00:00+00:00, run_after=2025-04-10 00:00:00+00:00
[2025-04-10T13:39:22.173+0000] {processor.py:183} INFO - Processing /home/airflow/.local/lib/python3.12/site-packages/airflow/example_dags/example_setup_teardown.py took 0.136 seconds
[2025-04-10T13:39:52.480+0000] {processor.py:161} INFO - Started process (PID=580) to work on /home/airflow/.local/lib/python3.12/site-packages/airflow/example_dags/example_setup_teardown.py
[2025-04-10T13:39:52.481+0000] {processor.py:830} INFO - Processing file /home/airflow/.local/lib/python3.12/site-packages/airflow/example_dags/example_setup_teardown.py for tasks to queue
[2025-04-10T13:39:52.484+0000] {logging_mixin.py:188} INFO - [2025-04-10T13:39:52.484+0000] {dagbag.py:540} INFO - Filling up the DagBag from /home/airflow/.local/lib/python3.12/site-packages/airflow/example_dags/example_setup_teardown.py
[2025-04-10T13:39:52.495+0000] {processor.py:840} INFO - DAG(s) 'example_setup_teardown' retrieved from /home/airflow/.local/lib/python3.12/site-packages/airflow/example_dags/example_setup_teardown.py
[2025-04-10T13:39:52.532+0000] {logging_mixin.py:188} INFO - [2025-04-10T13:39:52.531+0000] {dag.py:3096} INFO - Sync 1 DAGs
[2025-04-10T13:39:52.572+0000] {logging_mixin.py:188} INFO - [2025-04-10T13:39:52.571+0000] {dag.py:3954} INFO - Setting next_dagrun for example_setup_teardown to 2025-04-09 00:00:00+00:00, run_after=2025-04-10 00:00:00+00:00
[2025-04-10T13:39:52.605+0000] {processor.py:183} INFO - Processing /home/airflow/.local/lib/python3.12/site-packages/airflow/example_dags/example_setup_teardown.py took 0.135 seconds
[2025-04-10T13:40:22.853+0000] {processor.py:161} INFO - Started process (PID=637) to work on /home/airflow/.local/lib/python3.12/site-packages/airflow/example_dags/example_setup_teardown.py
[2025-04-10T13:40:22.855+0000] {processor.py:830} INFO - Processing file /home/airflow/.local/lib/python3.12/site-packages/airflow/example_dags/example_setup_teardown.py for tasks to queue
[2025-04-10T13:40:22.858+0000] {logging_mixin.py:188} INFO - [2025-04-10T13:40:22.857+0000] {dagbag.py:540} INFO - Filling up the DagBag from /home/airflow/.local/lib/python3.12/site-packages/airflow/example_dags/example_setup_teardown.py
[2025-04-10T13:40:22.868+0000] {processor.py:840} INFO - DAG(s) 'example_setup_teardown' retrieved from /home/airflow/.local/lib/python3.12/site-packages/airflow/example_dags/example_setup_teardown.py
[2025-04-10T13:40:22.902+0000] {logging_mixin.py:188} INFO - [2025-04-10T13:40:22.902+0000] {dag.py:3096} INFO - Sync 1 DAGs
[2025-04-10T13:40:22.940+0000] {logging_mixin.py:188} INFO - [2025-04-10T13:40:22.940+0000] {dag.py:3954} INFO - Setting next_dagrun for example_setup_teardown to 2025-04-09 00:00:00+00:00, run_after=2025-04-10 00:00:00+00:00
[2025-04-10T13:40:22.973+0000] {processor.py:183} INFO - Processing /home/airflow/.local/lib/python3.12/site-packages/airflow/example_dags/example_setup_teardown.py took 0.129 seconds
[2025-04-10T13:40:53.940+0000] {processor.py:161} INFO - Started process (PID=695) to work on /home/airflow/.local/lib/python3.12/site-packages/airflow/example_dags/example_setup_teardown.py
[2025-04-10T13:40:53.941+0000] {processor.py:830} INFO - Processing file /home/airflow/.local/lib/python3.12/site-packages/airflow/example_dags/example_setup_teardown.py for tasks to queue
[2025-04-10T13:40:53.944+0000] {logging_mixin.py:188} INFO - [2025-04-10T13:40:53.944+0000] {dagbag.py:540} INFO - Filling up the DagBag from /home/airflow/.local/lib/python3.12/site-packages/airflow/example_dags/example_setup_teardown.py
[2025-04-10T13:40:53.955+0000] {processor.py:840} INFO - DAG(s) 'example_setup_teardown' retrieved from /home/airflow/.local/lib/python3.12/site-packages/airflow/example_dags/example_setup_teardown.py
[2025-04-10T13:40:53.989+0000] {logging_mixin.py:188} INFO - [2025-04-10T13:40:53.989+0000] {dag.py:3096} INFO - Sync 1 DAGs
[2025-04-10T13:40:54.027+0000] {logging_mixin.py:188} INFO - [2025-04-10T13:40:54.026+0000] {dag.py:3954} INFO - Setting next_dagrun for example_setup_teardown to 2025-04-09 00:00:00+00:00, run_after=2025-04-10 00:00:00+00:00
[2025-04-10T13:40:54.058+0000] {processor.py:183} INFO - Processing /home/airflow/.local/lib/python3.12/site-packages/airflow/example_dags/example_setup_teardown.py took 0.128 seconds
[2025-04-10T13:41:24.782+0000] {processor.py:161} INFO - Started process (PID=753) to work on /home/airflow/.local/lib/python3.12/site-packages/airflow/example_dags/example_setup_teardown.py
[2025-04-10T13:41:24.783+0000] {processor.py:830} INFO - Processing file /home/airflow/.local/lib/python3.12/site-packages/airflow/example_dags/example_setup_teardown.py for tasks to queue
[2025-04-10T13:41:24.786+0000] {logging_mixin.py:188} INFO - [2025-04-10T13:41:24.785+0000] {dagbag.py:540} INFO - Filling up the DagBag from /home/airflow/.local/lib/python3.12/site-packages/airflow/example_dags/example_setup_teardown.py
[2025-04-10T13:41:24.797+0000] {processor.py:840} INFO - DAG(s) 'example_setup_teardown' retrieved from /home/airflow/.local/lib/python3.12/site-packages/airflow/example_dags/example_setup_teardown.py
[2025-04-10T13:41:24.832+0000] {logging_mixin.py:188} INFO - [2025-04-10T13:41:24.832+0000] {dag.py:3096} INFO - Sync 1 DAGs
[2025-04-10T13:41:24.872+0000] {logging_mixin.py:188} INFO - [2025-04-10T13:41:24.871+0000] {dag.py:3954} INFO - Setting next_dagrun for example_setup_teardown to 2025-04-09 00:00:00+00:00, run_after=2025-04-10 00:00:00+00:00
[2025-04-10T13:41:24.905+0000] {processor.py:183} INFO - Processing /home/airflow/.local/lib/python3.12/site-packages/airflow/example_dags/example_setup_teardown.py took 0.134 seconds
[2025-04-10T13:50:10.172+0000] {processor.py:161} INFO - Started process (PID=116) to work on /home/airflow/.local/lib/python3.12/site-packages/airflow/example_dags/example_setup_teardown.py
[2025-04-10T13:50:10.174+0000] {processor.py:830} INFO - Processing file /home/airflow/.local/lib/python3.12/site-packages/airflow/example_dags/example_setup_teardown.py for tasks to queue
[2025-04-10T13:50:10.177+0000] {logging_mixin.py:188} INFO - [2025-04-10T13:50:10.176+0000] {dagbag.py:540} INFO - Filling up the DagBag from /home/airflow/.local/lib/python3.12/site-packages/airflow/example_dags/example_setup_teardown.py
[2025-04-10T13:50:10.189+0000] {processor.py:840} INFO - DAG(s) 'example_setup_teardown' retrieved from /home/airflow/.local/lib/python3.12/site-packages/airflow/example_dags/example_setup_teardown.py
[2025-04-10T13:50:10.396+0000] {logging_mixin.py:188} INFO - [2025-04-10T13:50:10.395+0000] {dag.py:3096} INFO - Sync 1 DAGs
[2025-04-10T13:50:10.433+0000] {logging_mixin.py:188} INFO - [2025-04-10T13:50:10.432+0000] {dag.py:3954} INFO - Setting next_dagrun for example_setup_teardown to 2025-04-09 00:00:00+00:00, run_after=2025-04-10 00:00:00+00:00
[2025-04-10T13:50:10.467+0000] {processor.py:183} INFO - Processing /home/airflow/.local/lib/python3.12/site-packages/airflow/example_dags/example_setup_teardown.py took 0.304 seconds
[2025-04-10T13:50:40.558+0000] {processor.py:161} INFO - Started process (PID=174) to work on /home/airflow/.local/lib/python3.12/site-packages/airflow/example_dags/example_setup_teardown.py
[2025-04-10T13:50:40.560+0000] {processor.py:830} INFO - Processing file /home/airflow/.local/lib/python3.12/site-packages/airflow/example_dags/example_setup_teardown.py for tasks to queue
[2025-04-10T13:50:40.563+0000] {logging_mixin.py:188} INFO - [2025-04-10T13:50:40.562+0000] {dagbag.py:540} INFO - Filling up the DagBag from /home/airflow/.local/lib/python3.12/site-packages/airflow/example_dags/example_setup_teardown.py
[2025-04-10T13:50:40.574+0000] {processor.py:840} INFO - DAG(s) 'example_setup_teardown' retrieved from /home/airflow/.local/lib/python3.12/site-packages/airflow/example_dags/example_setup_teardown.py
[2025-04-10T13:50:40.610+0000] {logging_mixin.py:188} INFO - [2025-04-10T13:50:40.610+0000] {dag.py:3096} INFO - Sync 1 DAGs
[2025-04-10T13:50:40.650+0000] {logging_mixin.py:188} INFO - [2025-04-10T13:50:40.649+0000] {dag.py:3954} INFO - Setting next_dagrun for example_setup_teardown to 2025-04-09 00:00:00+00:00, run_after=2025-04-10 00:00:00+00:00
[2025-04-10T13:50:40.681+0000] {processor.py:183} INFO - Processing /home/airflow/.local/lib/python3.12/site-packages/airflow/example_dags/example_setup_teardown.py took 0.133 seconds
[2025-04-10T13:51:11.656+0000] {processor.py:161} INFO - Started process (PID=232) to work on /home/airflow/.local/lib/python3.12/site-packages/airflow/example_dags/example_setup_teardown.py
[2025-04-10T13:51:11.658+0000] {processor.py:830} INFO - Processing file /home/airflow/.local/lib/python3.12/site-packages/airflow/example_dags/example_setup_teardown.py for tasks to queue
[2025-04-10T13:51:11.661+0000] {logging_mixin.py:188} INFO - [2025-04-10T13:51:11.661+0000] {dagbag.py:540} INFO - Filling up the DagBag from /home/airflow/.local/lib/python3.12/site-packages/airflow/example_dags/example_setup_teardown.py
[2025-04-10T13:51:11.675+0000] {processor.py:840} INFO - DAG(s) 'example_setup_teardown' retrieved from /home/airflow/.local/lib/python3.12/site-packages/airflow/example_dags/example_setup_teardown.py
[2025-04-10T13:51:11.710+0000] {logging_mixin.py:188} INFO - [2025-04-10T13:51:11.710+0000] {dag.py:3096} INFO - Sync 1 DAGs
[2025-04-10T13:51:11.748+0000] {logging_mixin.py:188} INFO - [2025-04-10T13:51:11.747+0000] {dag.py:3954} INFO - Setting next_dagrun for example_setup_teardown to 2025-04-09 00:00:00+00:00, run_after=2025-04-10 00:00:00+00:00
[2025-04-10T13:51:11.782+0000] {processor.py:183} INFO - Processing /home/airflow/.local/lib/python3.12/site-packages/airflow/example_dags/example_setup_teardown.py took 0.135 seconds
[2025-04-10T13:51:42.111+0000] {processor.py:161} INFO - Started process (PID=290) to work on /home/airflow/.local/lib/python3.12/site-packages/airflow/example_dags/example_setup_teardown.py
[2025-04-10T13:51:42.112+0000] {processor.py:830} INFO - Processing file /home/airflow/.local/lib/python3.12/site-packages/airflow/example_dags/example_setup_teardown.py for tasks to queue
[2025-04-10T13:51:42.116+0000] {logging_mixin.py:188} INFO - [2025-04-10T13:51:42.115+0000] {dagbag.py:540} INFO - Filling up the DagBag from /home/airflow/.local/lib/python3.12/site-packages/airflow/example_dags/example_setup_teardown.py
[2025-04-10T13:51:42.128+0000] {processor.py:840} INFO - DAG(s) 'example_setup_teardown' retrieved from /home/airflow/.local/lib/python3.12/site-packages/airflow/example_dags/example_setup_teardown.py
[2025-04-10T13:51:42.165+0000] {logging_mixin.py:188} INFO - [2025-04-10T13:51:42.164+0000] {dag.py:3096} INFO - Sync 1 DAGs
[2025-04-10T13:51:42.207+0000] {logging_mixin.py:188} INFO - [2025-04-10T13:51:42.206+0000] {dag.py:3954} INFO - Setting next_dagrun for example_setup_teardown to 2025-04-09 00:00:00+00:00, run_after=2025-04-10 00:00:00+00:00
[2025-04-10T13:51:42.241+0000] {processor.py:183} INFO - Processing /home/airflow/.local/lib/python3.12/site-packages/airflow/example_dags/example_setup_teardown.py took 0.140 seconds
[2025-04-10T13:52:12.583+0000] {processor.py:161} INFO - Started process (PID=348) to work on /home/airflow/.local/lib/python3.12/site-packages/airflow/example_dags/example_setup_teardown.py
[2025-04-10T13:52:12.585+0000] {processor.py:830} INFO - Processing file /home/airflow/.local/lib/python3.12/site-packages/airflow/example_dags/example_setup_teardown.py for tasks to queue
[2025-04-10T13:52:12.588+0000] {logging_mixin.py:188} INFO - [2025-04-10T13:52:12.587+0000] {dagbag.py:540} INFO - Filling up the DagBag from /home/airflow/.local/lib/python3.12/site-packages/airflow/example_dags/example_setup_teardown.py
[2025-04-10T13:52:12.600+0000] {processor.py:840} INFO - DAG(s) 'example_setup_teardown' retrieved from /home/airflow/.local/lib/python3.12/site-packages/airflow/example_dags/example_setup_teardown.py
[2025-04-10T13:52:12.639+0000] {logging_mixin.py:188} INFO - [2025-04-10T13:52:12.639+0000] {dag.py:3096} INFO - Sync 1 DAGs
[2025-04-10T13:52:12.685+0000] {logging_mixin.py:188} INFO - [2025-04-10T13:52:12.684+0000] {dag.py:3954} INFO - Setting next_dagrun for example_setup_teardown to 2025-04-09 00:00:00+00:00, run_after=2025-04-10 00:00:00+00:00
[2025-04-10T13:52:12.722+0000] {processor.py:183} INFO - Processing /home/airflow/.local/lib/python3.12/site-packages/airflow/example_dags/example_setup_teardown.py took 0.149 seconds
[2025-04-10T13:52:42.886+0000] {processor.py:161} INFO - Started process (PID=406) to work on /home/airflow/.local/lib/python3.12/site-packages/airflow/example_dags/example_setup_teardown.py
[2025-04-10T13:52:42.887+0000] {processor.py:830} INFO - Processing file /home/airflow/.local/lib/python3.12/site-packages/airflow/example_dags/example_setup_teardown.py for tasks to queue
[2025-04-10T13:52:42.891+0000] {logging_mixin.py:188} INFO - [2025-04-10T13:52:42.890+0000] {dagbag.py:540} INFO - Filling up the DagBag from /home/airflow/.local/lib/python3.12/site-packages/airflow/example_dags/example_setup_teardown.py
[2025-04-10T13:52:42.905+0000] {processor.py:840} INFO - DAG(s) 'example_setup_teardown' retrieved from /home/airflow/.local/lib/python3.12/site-packages/airflow/example_dags/example_setup_teardown.py
[2025-04-10T13:52:42.945+0000] {logging_mixin.py:188} INFO - [2025-04-10T13:52:42.944+0000] {dag.py:3096} INFO - Sync 1 DAGs
[2025-04-10T13:52:42.985+0000] {logging_mixin.py:188} INFO - [2025-04-10T13:52:42.984+0000] {dag.py:3954} INFO - Setting next_dagrun for example_setup_teardown to 2025-04-09 00:00:00+00:00, run_after=2025-04-10 00:00:00+00:00
[2025-04-10T13:52:43.020+0000] {processor.py:183} INFO - Processing /home/airflow/.local/lib/python3.12/site-packages/airflow/example_dags/example_setup_teardown.py took 0.144 seconds
[2025-04-10T13:53:13.317+0000] {processor.py:161} INFO - Started process (PID=464) to work on /home/airflow/.local/lib/python3.12/site-packages/airflow/example_dags/example_setup_teardown.py
[2025-04-10T13:53:13.318+0000] {processor.py:830} INFO - Processing file /home/airflow/.local/lib/python3.12/site-packages/airflow/example_dags/example_setup_teardown.py for tasks to queue
[2025-04-10T13:53:13.321+0000] {logging_mixin.py:188} INFO - [2025-04-10T13:53:13.321+0000] {dagbag.py:540} INFO - Filling up the DagBag from /home/airflow/.local/lib/python3.12/site-packages/airflow/example_dags/example_setup_teardown.py
[2025-04-10T13:53:13.333+0000] {processor.py:840} INFO - DAG(s) 'example_setup_teardown' retrieved from /home/airflow/.local/lib/python3.12/site-packages/airflow/example_dags/example_setup_teardown.py
[2025-04-10T13:53:13.369+0000] {logging_mixin.py:188} INFO - [2025-04-10T13:53:13.369+0000] {dag.py:3096} INFO - Sync 1 DAGs
[2025-04-10T13:53:13.410+0000] {logging_mixin.py:188} INFO - [2025-04-10T13:53:13.410+0000] {dag.py:3954} INFO - Setting next_dagrun for example_setup_teardown to 2025-04-09 00:00:00+00:00, run_after=2025-04-10 00:00:00+00:00
[2025-04-10T13:53:13.445+0000] {processor.py:183} INFO - Processing /home/airflow/.local/lib/python3.12/site-packages/airflow/example_dags/example_setup_teardown.py took 0.138 seconds
[2025-04-10T13:53:43.853+0000] {processor.py:161} INFO - Started process (PID=522) to work on /home/airflow/.local/lib/python3.12/site-packages/airflow/example_dags/example_setup_teardown.py
[2025-04-10T13:53:43.855+0000] {processor.py:830} INFO - Processing file /home/airflow/.local/lib/python3.12/site-packages/airflow/example_dags/example_setup_teardown.py for tasks to queue
[2025-04-10T13:53:43.858+0000] {logging_mixin.py:188} INFO - [2025-04-10T13:53:43.858+0000] {dagbag.py:540} INFO - Filling up the DagBag from /home/airflow/.local/lib/python3.12/site-packages/airflow/example_dags/example_setup_teardown.py
[2025-04-10T13:53:43.870+0000] {processor.py:840} INFO - DAG(s) 'example_setup_teardown' retrieved from /home/airflow/.local/lib/python3.12/site-packages/airflow/example_dags/example_setup_teardown.py
[2025-04-10T13:53:43.907+0000] {logging_mixin.py:188} INFO - [2025-04-10T13:53:43.906+0000] {dag.py:3096} INFO - Sync 1 DAGs
[2025-04-10T13:53:43.949+0000] {logging_mixin.py:188} INFO - [2025-04-10T13:53:43.949+0000] {dag.py:3954} INFO - Setting next_dagrun for example_setup_teardown to 2025-04-09 00:00:00+00:00, run_after=2025-04-10 00:00:00+00:00
[2025-04-10T13:53:43.984+0000] {processor.py:183} INFO - Processing /home/airflow/.local/lib/python3.12/site-packages/airflow/example_dags/example_setup_teardown.py took 0.141 seconds
[2025-04-10T13:54:14.551+0000] {processor.py:161} INFO - Started process (PID=580) to work on /home/airflow/.local/lib/python3.12/site-packages/airflow/example_dags/example_setup_teardown.py
[2025-04-10T13:54:14.553+0000] {processor.py:830} INFO - Processing file /home/airflow/.local/lib/python3.12/site-packages/airflow/example_dags/example_setup_teardown.py for tasks to queue
[2025-04-10T13:54:14.556+0000] {logging_mixin.py:188} INFO - [2025-04-10T13:54:14.555+0000] {dagbag.py:540} INFO - Filling up the DagBag from /home/airflow/.local/lib/python3.12/site-packages/airflow/example_dags/example_setup_teardown.py
[2025-04-10T13:54:14.570+0000] {processor.py:840} INFO - DAG(s) 'example_setup_teardown' retrieved from /home/airflow/.local/lib/python3.12/site-packages/airflow/example_dags/example_setup_teardown.py
[2025-04-10T13:54:14.610+0000] {logging_mixin.py:188} INFO - [2025-04-10T13:54:14.610+0000] {dag.py:3096} INFO - Sync 1 DAGs
[2025-04-10T13:54:14.653+0000] {logging_mixin.py:188} INFO - [2025-04-10T13:54:14.653+0000] {dag.py:3954} INFO - Setting next_dagrun for example_setup_teardown to 2025-04-09 00:00:00+00:00, run_after=2025-04-10 00:00:00+00:00
[2025-04-10T13:54:14.692+0000] {processor.py:183} INFO - Processing /home/airflow/.local/lib/python3.12/site-packages/airflow/example_dags/example_setup_teardown.py took 0.153 seconds
[2025-04-10T13:54:44.889+0000] {processor.py:161} INFO - Started process (PID=638) to work on /home/airflow/.local/lib/python3.12/site-packages/airflow/example_dags/example_setup_teardown.py
[2025-04-10T13:54:44.891+0000] {processor.py:830} INFO - Processing file /home/airflow/.local/lib/python3.12/site-packages/airflow/example_dags/example_setup_teardown.py for tasks to queue
[2025-04-10T13:54:44.894+0000] {logging_mixin.py:188} INFO - [2025-04-10T13:54:44.893+0000] {dagbag.py:540} INFO - Filling up the DagBag from /home/airflow/.local/lib/python3.12/site-packages/airflow/example_dags/example_setup_teardown.py
[2025-04-10T13:54:44.907+0000] {processor.py:840} INFO - DAG(s) 'example_setup_teardown' retrieved from /home/airflow/.local/lib/python3.12/site-packages/airflow/example_dags/example_setup_teardown.py
[2025-04-10T13:54:44.953+0000] {logging_mixin.py:188} INFO - [2025-04-10T13:54:44.953+0000] {dag.py:3096} INFO - Sync 1 DAGs
[2025-04-10T13:54:45.004+0000] {logging_mixin.py:188} INFO - [2025-04-10T13:54:45.003+0000] {dag.py:3954} INFO - Setting next_dagrun for example_setup_teardown to 2025-04-09 00:00:00+00:00, run_after=2025-04-10 00:00:00+00:00
[2025-04-10T13:54:45.048+0000] {processor.py:183} INFO - Processing /home/airflow/.local/lib/python3.12/site-packages/airflow/example_dags/example_setup_teardown.py took 0.169 seconds
[2025-04-10T13:55:15.154+0000] {processor.py:161} INFO - Started process (PID=697) to work on /home/airflow/.local/lib/python3.12/site-packages/airflow/example_dags/example_setup_teardown.py
[2025-04-10T13:55:15.156+0000] {processor.py:830} INFO - Processing file /home/airflow/.local/lib/python3.12/site-packages/airflow/example_dags/example_setup_teardown.py for tasks to queue
[2025-04-10T13:55:15.159+0000] {logging_mixin.py:188} INFO - [2025-04-10T13:55:15.158+0000] {dagbag.py:540} INFO - Filling up the DagBag from /home/airflow/.local/lib/python3.12/site-packages/airflow/example_dags/example_setup_teardown.py
[2025-04-10T13:55:15.170+0000] {processor.py:840} INFO - DAG(s) 'example_setup_teardown' retrieved from /home/airflow/.local/lib/python3.12/site-packages/airflow/example_dags/example_setup_teardown.py
[2025-04-10T13:55:15.208+0000] {logging_mixin.py:188} INFO - [2025-04-10T13:55:15.207+0000] {dag.py:3096} INFO - Sync 1 DAGs
[2025-04-10T13:55:15.250+0000] {logging_mixin.py:188} INFO - [2025-04-10T13:55:15.250+0000] {dag.py:3954} INFO - Setting next_dagrun for example_setup_teardown to 2025-04-09 00:00:00+00:00, run_after=2025-04-10 00:00:00+00:00
[2025-04-10T13:55:15.288+0000] {processor.py:183} INFO - Processing /home/airflow/.local/lib/python3.12/site-packages/airflow/example_dags/example_setup_teardown.py took 0.143 seconds
[2025-04-10T13:55:45.701+0000] {processor.py:161} INFO - Started process (PID=757) to work on /home/airflow/.local/lib/python3.12/site-packages/airflow/example_dags/example_setup_teardown.py
[2025-04-10T13:55:45.703+0000] {processor.py:830} INFO - Processing file /home/airflow/.local/lib/python3.12/site-packages/airflow/example_dags/example_setup_teardown.py for tasks to queue
[2025-04-10T13:55:45.706+0000] {logging_mixin.py:188} INFO - [2025-04-10T13:55:45.706+0000] {dagbag.py:540} INFO - Filling up the DagBag from /home/airflow/.local/lib/python3.12/site-packages/airflow/example_dags/example_setup_teardown.py
[2025-04-10T13:55:45.718+0000] {processor.py:840} INFO - DAG(s) 'example_setup_teardown' retrieved from /home/airflow/.local/lib/python3.12/site-packages/airflow/example_dags/example_setup_teardown.py
[2025-04-10T13:55:45.753+0000] {logging_mixin.py:188} INFO - [2025-04-10T13:55:45.753+0000] {dag.py:3096} INFO - Sync 1 DAGs
[2025-04-10T13:55:45.794+0000] {logging_mixin.py:188} INFO - [2025-04-10T13:55:45.793+0000] {dag.py:3954} INFO - Setting next_dagrun for example_setup_teardown to 2025-04-09 00:00:00+00:00, run_after=2025-04-10 00:00:00+00:00
[2025-04-10T13:55:45.829+0000] {processor.py:183} INFO - Processing /home/airflow/.local/lib/python3.12/site-packages/airflow/example_dags/example_setup_teardown.py took 0.138 seconds
[2025-04-10T13:56:16.701+0000] {processor.py:161} INFO - Started process (PID=817) to work on /home/airflow/.local/lib/python3.12/site-packages/airflow/example_dags/example_setup_teardown.py
[2025-04-10T13:56:16.703+0000] {processor.py:830} INFO - Processing file /home/airflow/.local/lib/python3.12/site-packages/airflow/example_dags/example_setup_teardown.py for tasks to queue
[2025-04-10T13:56:16.708+0000] {logging_mixin.py:188} INFO - [2025-04-10T13:56:16.708+0000] {dagbag.py:540} INFO - Filling up the DagBag from /home/airflow/.local/lib/python3.12/site-packages/airflow/example_dags/example_setup_teardown.py
[2025-04-10T13:56:16.723+0000] {processor.py:840} INFO - DAG(s) 'example_setup_teardown' retrieved from /home/airflow/.local/lib/python3.12/site-packages/airflow/example_dags/example_setup_teardown.py
[2025-04-10T13:56:16.769+0000] {logging_mixin.py:188} INFO - [2025-04-10T13:56:16.769+0000] {dag.py:3096} INFO - Sync 1 DAGs
[2025-04-10T13:56:16.827+0000] {logging_mixin.py:188} INFO - [2025-04-10T13:56:16.826+0000] {dag.py:3954} INFO - Setting next_dagrun for example_setup_teardown to 2025-04-09 00:00:00+00:00, run_after=2025-04-10 00:00:00+00:00
[2025-04-10T13:56:16.868+0000] {processor.py:183} INFO - Processing /home/airflow/.local/lib/python3.12/site-packages/airflow/example_dags/example_setup_teardown.py took 0.179 seconds
[2025-04-10T13:56:46.925+0000] {processor.py:161} INFO - Started process (PID=877) to work on /home/airflow/.local/lib/python3.12/site-packages/airflow/example_dags/example_setup_teardown.py
[2025-04-10T13:56:46.927+0000] {processor.py:830} INFO - Processing file /home/airflow/.local/lib/python3.12/site-packages/airflow/example_dags/example_setup_teardown.py for tasks to queue
[2025-04-10T13:56:46.930+0000] {logging_mixin.py:188} INFO - [2025-04-10T13:56:46.929+0000] {dagbag.py:540} INFO - Filling up the DagBag from /home/airflow/.local/lib/python3.12/site-packages/airflow/example_dags/example_setup_teardown.py
[2025-04-10T13:56:46.941+0000] {processor.py:840} INFO - DAG(s) 'example_setup_teardown' retrieved from /home/airflow/.local/lib/python3.12/site-packages/airflow/example_dags/example_setup_teardown.py
[2025-04-10T13:56:46.979+0000] {logging_mixin.py:188} INFO - [2025-04-10T13:56:46.979+0000] {dag.py:3096} INFO - Sync 1 DAGs
[2025-04-10T13:56:47.018+0000] {logging_mixin.py:188} INFO - [2025-04-10T13:56:47.018+0000] {dag.py:3954} INFO - Setting next_dagrun for example_setup_teardown to 2025-04-09 00:00:00+00:00, run_after=2025-04-10 00:00:00+00:00
[2025-04-10T13:56:47.051+0000] {processor.py:183} INFO - Processing /home/airflow/.local/lib/python3.12/site-packages/airflow/example_dags/example_setup_teardown.py took 0.136 seconds
[2025-04-10T13:57:17.161+0000] {processor.py:161} INFO - Started process (PID=937) to work on /home/airflow/.local/lib/python3.12/site-packages/airflow/example_dags/example_setup_teardown.py
[2025-04-10T13:57:17.162+0000] {processor.py:830} INFO - Processing file /home/airflow/.local/lib/python3.12/site-packages/airflow/example_dags/example_setup_teardown.py for tasks to queue
[2025-04-10T13:57:17.165+0000] {logging_mixin.py:188} INFO - [2025-04-10T13:57:17.165+0000] {dagbag.py:540} INFO - Filling up the DagBag from /home/airflow/.local/lib/python3.12/site-packages/airflow/example_dags/example_setup_teardown.py
[2025-04-10T13:57:17.176+0000] {processor.py:840} INFO - DAG(s) 'example_setup_teardown' retrieved from /home/airflow/.local/lib/python3.12/site-packages/airflow/example_dags/example_setup_teardown.py
[2025-04-10T13:57:17.212+0000] {logging_mixin.py:188} INFO - [2025-04-10T13:57:17.212+0000] {dag.py:3096} INFO - Sync 1 DAGs
[2025-04-10T13:57:17.251+0000] {logging_mixin.py:188} INFO - [2025-04-10T13:57:17.250+0000] {dag.py:3954} INFO - Setting next_dagrun for example_setup_teardown to 2025-04-09 00:00:00+00:00, run_after=2025-04-10 00:00:00+00:00
[2025-04-10T13:57:17.286+0000] {processor.py:183} INFO - Processing /home/airflow/.local/lib/python3.12/site-packages/airflow/example_dags/example_setup_teardown.py took 0.134 seconds
[2025-04-10T13:57:47.692+0000] {processor.py:161} INFO - Started process (PID=997) to work on /home/airflow/.local/lib/python3.12/site-packages/airflow/example_dags/example_setup_teardown.py
[2025-04-10T13:57:47.694+0000] {processor.py:830} INFO - Processing file /home/airflow/.local/lib/python3.12/site-packages/airflow/example_dags/example_setup_teardown.py for tasks to queue
[2025-04-10T13:57:47.697+0000] {logging_mixin.py:188} INFO - [2025-04-10T13:57:47.696+0000] {dagbag.py:540} INFO - Filling up the DagBag from /home/airflow/.local/lib/python3.12/site-packages/airflow/example_dags/example_setup_teardown.py
[2025-04-10T13:57:47.708+0000] {processor.py:840} INFO - DAG(s) 'example_setup_teardown' retrieved from /home/airflow/.local/lib/python3.12/site-packages/airflow/example_dags/example_setup_teardown.py
[2025-04-10T13:57:47.744+0000] {logging_mixin.py:188} INFO - [2025-04-10T13:57:47.743+0000] {dag.py:3096} INFO - Sync 1 DAGs
[2025-04-10T13:57:47.782+0000] {logging_mixin.py:188} INFO - [2025-04-10T13:57:47.782+0000] {dag.py:3954} INFO - Setting next_dagrun for example_setup_teardown to 2025-04-09 00:00:00+00:00, run_after=2025-04-10 00:00:00+00:00
[2025-04-10T13:57:47.819+0000] {processor.py:183} INFO - Processing /home/airflow/.local/lib/python3.12/site-packages/airflow/example_dags/example_setup_teardown.py took 0.136 seconds
[2025-04-10T13:58:18.561+0000] {processor.py:161} INFO - Started process (PID=1057) to work on /home/airflow/.local/lib/python3.12/site-packages/airflow/example_dags/example_setup_teardown.py
[2025-04-10T13:58:18.562+0000] {processor.py:830} INFO - Processing file /home/airflow/.local/lib/python3.12/site-packages/airflow/example_dags/example_setup_teardown.py for tasks to queue
[2025-04-10T13:58:18.565+0000] {logging_mixin.py:188} INFO - [2025-04-10T13:58:18.565+0000] {dagbag.py:540} INFO - Filling up the DagBag from /home/airflow/.local/lib/python3.12/site-packages/airflow/example_dags/example_setup_teardown.py
[2025-04-10T13:58:18.576+0000] {processor.py:840} INFO - DAG(s) 'example_setup_teardown' retrieved from /home/airflow/.local/lib/python3.12/site-packages/airflow/example_dags/example_setup_teardown.py
[2025-04-10T13:58:18.611+0000] {logging_mixin.py:188} INFO - [2025-04-10T13:58:18.611+0000] {dag.py:3096} INFO - Sync 1 DAGs
[2025-04-10T13:58:18.649+0000] {logging_mixin.py:188} INFO - [2025-04-10T13:58:18.649+0000] {dag.py:3954} INFO - Setting next_dagrun for example_setup_teardown to 2025-04-09 00:00:00+00:00, run_after=2025-04-10 00:00:00+00:00
[2025-04-10T13:58:18.684+0000] {processor.py:183} INFO - Processing /home/airflow/.local/lib/python3.12/site-packages/airflow/example_dags/example_setup_teardown.py took 0.133 seconds
[2025-04-10T13:58:49.007+0000] {processor.py:161} INFO - Started process (PID=1117) to work on /home/airflow/.local/lib/python3.12/site-packages/airflow/example_dags/example_setup_teardown.py
[2025-04-10T13:58:49.009+0000] {processor.py:830} INFO - Processing file /home/airflow/.local/lib/python3.12/site-packages/airflow/example_dags/example_setup_teardown.py for tasks to queue
[2025-04-10T13:58:49.012+0000] {logging_mixin.py:188} INFO - [2025-04-10T13:58:49.012+0000] {dagbag.py:540} INFO - Filling up the DagBag from /home/airflow/.local/lib/python3.12/site-packages/airflow/example_dags/example_setup_teardown.py
[2025-04-10T13:58:49.024+0000] {processor.py:840} INFO - DAG(s) 'example_setup_teardown' retrieved from /home/airflow/.local/lib/python3.12/site-packages/airflow/example_dags/example_setup_teardown.py
[2025-04-10T13:58:49.059+0000] {logging_mixin.py:188} INFO - [2025-04-10T13:58:49.059+0000] {dag.py:3096} INFO - Sync 1 DAGs
[2025-04-10T13:58:49.100+0000] {logging_mixin.py:188} INFO - [2025-04-10T13:58:49.099+0000] {dag.py:3954} INFO - Setting next_dagrun for example_setup_teardown to 2025-04-09 00:00:00+00:00, run_after=2025-04-10 00:00:00+00:00
[2025-04-10T13:58:49.133+0000] {processor.py:183} INFO - Processing /home/airflow/.local/lib/python3.12/site-packages/airflow/example_dags/example_setup_teardown.py took 0.135 seconds
[2025-04-10T13:59:20.196+0000] {processor.py:161} INFO - Started process (PID=1178) to work on /home/airflow/.local/lib/python3.12/site-packages/airflow/example_dags/example_setup_teardown.py
[2025-04-10T13:59:20.208+0000] {processor.py:830} INFO - Processing file /home/airflow/.local/lib/python3.12/site-packages/airflow/example_dags/example_setup_teardown.py for tasks to queue
[2025-04-10T13:59:20.227+0000] {logging_mixin.py:188} INFO - [2025-04-10T13:59:20.224+0000] {dagbag.py:540} INFO - Filling up the DagBag from /home/airflow/.local/lib/python3.12/site-packages/airflow/example_dags/example_setup_teardown.py
[2025-04-10T13:59:20.254+0000] {processor.py:840} INFO - DAG(s) 'example_setup_teardown' retrieved from /home/airflow/.local/lib/python3.12/site-packages/airflow/example_dags/example_setup_teardown.py
[2025-04-10T13:59:20.333+0000] {logging_mixin.py:188} INFO - [2025-04-10T13:59:20.332+0000] {dag.py:3096} INFO - Sync 1 DAGs
[2025-04-10T13:59:20.410+0000] {logging_mixin.py:188} INFO - [2025-04-10T13:59:20.409+0000] {dag.py:3954} INFO - Setting next_dagrun for example_setup_teardown to 2025-04-09 00:00:00+00:00, run_after=2025-04-10 00:00:00+00:00
[2025-04-10T13:59:20.464+0000] {processor.py:183} INFO - Processing /home/airflow/.local/lib/python3.12/site-packages/airflow/example_dags/example_setup_teardown.py took 0.291 seconds
[2025-04-10T13:59:52.092+0000] {processor.py:161} INFO - Started process (PID=1238) to work on /home/airflow/.local/lib/python3.12/site-packages/airflow/example_dags/example_setup_teardown.py
[2025-04-10T13:59:52.094+0000] {processor.py:830} INFO - Processing file /home/airflow/.local/lib/python3.12/site-packages/airflow/example_dags/example_setup_teardown.py for tasks to queue
[2025-04-10T13:59:52.097+0000] {logging_mixin.py:188} INFO - [2025-04-10T13:59:52.096+0000] {dagbag.py:540} INFO - Filling up the DagBag from /home/airflow/.local/lib/python3.12/site-packages/airflow/example_dags/example_setup_teardown.py
[2025-04-10T13:59:52.108+0000] {processor.py:840} INFO - DAG(s) 'example_setup_teardown' retrieved from /home/airflow/.local/lib/python3.12/site-packages/airflow/example_dags/example_setup_teardown.py
[2025-04-10T13:59:52.143+0000] {logging_mixin.py:188} INFO - [2025-04-10T13:59:52.143+0000] {dag.py:3096} INFO - Sync 1 DAGs
[2025-04-10T13:59:52.379+0000] {logging_mixin.py:188} INFO - [2025-04-10T13:59:52.378+0000] {dag.py:3954} INFO - Setting next_dagrun for example_setup_teardown to 2025-04-09 00:00:00+00:00, run_after=2025-04-10 00:00:00+00:00
[2025-04-10T13:59:52.412+0000] {processor.py:183} INFO - Processing /home/airflow/.local/lib/python3.12/site-packages/airflow/example_dags/example_setup_teardown.py took 0.329 seconds
[2025-04-10T14:00:22.552+0000] {processor.py:161} INFO - Started process (PID=1298) to work on /home/airflow/.local/lib/python3.12/site-packages/airflow/example_dags/example_setup_teardown.py
[2025-04-10T14:00:22.553+0000] {processor.py:830} INFO - Processing file /home/airflow/.local/lib/python3.12/site-packages/airflow/example_dags/example_setup_teardown.py for tasks to queue
[2025-04-10T14:00:22.557+0000] {logging_mixin.py:188} INFO - [2025-04-10T14:00:22.556+0000] {dagbag.py:540} INFO - Filling up the DagBag from /home/airflow/.local/lib/python3.12/site-packages/airflow/example_dags/example_setup_teardown.py
[2025-04-10T14:00:22.568+0000] {processor.py:840} INFO - DAG(s) 'example_setup_teardown' retrieved from /home/airflow/.local/lib/python3.12/site-packages/airflow/example_dags/example_setup_teardown.py
[2025-04-10T14:00:22.605+0000] {logging_mixin.py:188} INFO - [2025-04-10T14:00:22.604+0000] {dag.py:3096} INFO - Sync 1 DAGs
[2025-04-10T14:00:22.645+0000] {logging_mixin.py:188} INFO - [2025-04-10T14:00:22.645+0000] {dag.py:3954} INFO - Setting next_dagrun for example_setup_teardown to 2025-04-09 00:00:00+00:00, run_after=2025-04-10 00:00:00+00:00
[2025-04-10T14:00:22.872+0000] {processor.py:183} INFO - Processing /home/airflow/.local/lib/python3.12/site-packages/airflow/example_dags/example_setup_teardown.py took 0.330 seconds
[2025-04-10T14:00:53.038+0000] {processor.py:161} INFO - Started process (PID=1359) to work on /home/airflow/.local/lib/python3.12/site-packages/airflow/example_dags/example_setup_teardown.py
[2025-04-10T14:00:53.040+0000] {processor.py:830} INFO - Processing file /home/airflow/.local/lib/python3.12/site-packages/airflow/example_dags/example_setup_teardown.py for tasks to queue
[2025-04-10T14:00:53.043+0000] {logging_mixin.py:188} INFO - [2025-04-10T14:00:53.042+0000] {dagbag.py:540} INFO - Filling up the DagBag from /home/airflow/.local/lib/python3.12/site-packages/airflow/example_dags/example_setup_teardown.py
[2025-04-10T14:00:53.054+0000] {processor.py:840} INFO - DAG(s) 'example_setup_teardown' retrieved from /home/airflow/.local/lib/python3.12/site-packages/airflow/example_dags/example_setup_teardown.py
[2025-04-10T14:00:53.092+0000] {logging_mixin.py:188} INFO - [2025-04-10T14:00:53.091+0000] {dag.py:3096} INFO - Sync 1 DAGs
[2025-04-10T14:00:53.135+0000] {logging_mixin.py:188} INFO - [2025-04-10T14:00:53.135+0000] {dag.py:3954} INFO - Setting next_dagrun for example_setup_teardown to 2025-04-09 00:00:00+00:00, run_after=2025-04-10 00:00:00+00:00
[2025-04-10T14:00:53.171+0000] {processor.py:183} INFO - Processing /home/airflow/.local/lib/python3.12/site-packages/airflow/example_dags/example_setup_teardown.py took 0.143 seconds
[2025-04-10T14:01:23.281+0000] {processor.py:161} INFO - Started process (PID=1419) to work on /home/airflow/.local/lib/python3.12/site-packages/airflow/example_dags/example_setup_teardown.py
[2025-04-10T14:01:23.283+0000] {processor.py:830} INFO - Processing file /home/airflow/.local/lib/python3.12/site-packages/airflow/example_dags/example_setup_teardown.py for tasks to queue
[2025-04-10T14:01:23.286+0000] {logging_mixin.py:188} INFO - [2025-04-10T14:01:23.286+0000] {dagbag.py:540} INFO - Filling up the DagBag from /home/airflow/.local/lib/python3.12/site-packages/airflow/example_dags/example_setup_teardown.py
[2025-04-10T14:01:23.297+0000] {processor.py:840} INFO - DAG(s) 'example_setup_teardown' retrieved from /home/airflow/.local/lib/python3.12/site-packages/airflow/example_dags/example_setup_teardown.py
[2025-04-10T14:01:23.334+0000] {logging_mixin.py:188} INFO - [2025-04-10T14:01:23.333+0000] {dag.py:3096} INFO - Sync 1 DAGs
[2025-04-10T14:01:23.377+0000] {logging_mixin.py:188} INFO - [2025-04-10T14:01:23.376+0000] {dag.py:3954} INFO - Setting next_dagrun for example_setup_teardown to 2025-04-09 00:00:00+00:00, run_after=2025-04-10 00:00:00+00:00
[2025-04-10T14:01:23.410+0000] {processor.py:183} INFO - Processing /home/airflow/.local/lib/python3.12/site-packages/airflow/example_dags/example_setup_teardown.py took 0.138 seconds
[2025-04-10T14:01:53.920+0000] {processor.py:161} INFO - Started process (PID=1479) to work on /home/airflow/.local/lib/python3.12/site-packages/airflow/example_dags/example_setup_teardown.py
[2025-04-10T14:01:53.922+0000] {processor.py:830} INFO - Processing file /home/airflow/.local/lib/python3.12/site-packages/airflow/example_dags/example_setup_teardown.py for tasks to queue
[2025-04-10T14:01:53.926+0000] {logging_mixin.py:188} INFO - [2025-04-10T14:01:53.925+0000] {dagbag.py:540} INFO - Filling up the DagBag from /home/airflow/.local/lib/python3.12/site-packages/airflow/example_dags/example_setup_teardown.py
[2025-04-10T14:01:53.937+0000] {processor.py:840} INFO - DAG(s) 'example_setup_teardown' retrieved from /home/airflow/.local/lib/python3.12/site-packages/airflow/example_dags/example_setup_teardown.py
[2025-04-10T14:01:53.977+0000] {logging_mixin.py:188} INFO - [2025-04-10T14:01:53.977+0000] {dag.py:3096} INFO - Sync 1 DAGs
[2025-04-10T14:01:54.024+0000] {logging_mixin.py:188} INFO - [2025-04-10T14:01:54.024+0000] {dag.py:3954} INFO - Setting next_dagrun for example_setup_teardown to 2025-04-09 00:00:00+00:00, run_after=2025-04-10 00:00:00+00:00
[2025-04-10T14:01:54.066+0000] {processor.py:183} INFO - Processing /home/airflow/.local/lib/python3.12/site-packages/airflow/example_dags/example_setup_teardown.py took 0.159 seconds
[2025-04-10T14:02:24.613+0000] {processor.py:161} INFO - Started process (PID=1539) to work on /home/airflow/.local/lib/python3.12/site-packages/airflow/example_dags/example_setup_teardown.py
[2025-04-10T14:02:24.615+0000] {processor.py:830} INFO - Processing file /home/airflow/.local/lib/python3.12/site-packages/airflow/example_dags/example_setup_teardown.py for tasks to queue
[2025-04-10T14:02:24.618+0000] {logging_mixin.py:188} INFO - [2025-04-10T14:02:24.617+0000] {dagbag.py:540} INFO - Filling up the DagBag from /home/airflow/.local/lib/python3.12/site-packages/airflow/example_dags/example_setup_teardown.py
[2025-04-10T14:02:24.630+0000] {processor.py:840} INFO - DAG(s) 'example_setup_teardown' retrieved from /home/airflow/.local/lib/python3.12/site-packages/airflow/example_dags/example_setup_teardown.py
[2025-04-10T14:02:24.666+0000] {logging_mixin.py:188} INFO - [2025-04-10T14:02:24.665+0000] {dag.py:3096} INFO - Sync 1 DAGs
[2025-04-10T14:02:24.708+0000] {logging_mixin.py:188} INFO - [2025-04-10T14:02:24.707+0000] {dag.py:3954} INFO - Setting next_dagrun for example_setup_teardown to 2025-04-09 00:00:00+00:00, run_after=2025-04-10 00:00:00+00:00
[2025-04-10T14:02:24.740+0000] {processor.py:183} INFO - Processing /home/airflow/.local/lib/python3.12/site-packages/airflow/example_dags/example_setup_teardown.py took 0.137 seconds
[2025-04-10T14:02:54.883+0000] {processor.py:161} INFO - Started process (PID=1599) to work on /home/airflow/.local/lib/python3.12/site-packages/airflow/example_dags/example_setup_teardown.py
[2025-04-10T14:02:54.884+0000] {processor.py:830} INFO - Processing file /home/airflow/.local/lib/python3.12/site-packages/airflow/example_dags/example_setup_teardown.py for tasks to queue
[2025-04-10T14:02:54.888+0000] {logging_mixin.py:188} INFO - [2025-04-10T14:02:54.887+0000] {dagbag.py:540} INFO - Filling up the DagBag from /home/airflow/.local/lib/python3.12/site-packages/airflow/example_dags/example_setup_teardown.py
[2025-04-10T14:02:54.899+0000] {processor.py:840} INFO - DAG(s) 'example_setup_teardown' retrieved from /home/airflow/.local/lib/python3.12/site-packages/airflow/example_dags/example_setup_teardown.py
[2025-04-10T14:02:54.936+0000] {logging_mixin.py:188} INFO - [2025-04-10T14:02:54.935+0000] {dag.py:3096} INFO - Sync 1 DAGs
[2025-04-10T14:02:54.975+0000] {logging_mixin.py:188} INFO - [2025-04-10T14:02:54.975+0000] {dag.py:3954} INFO - Setting next_dagrun for example_setup_teardown to 2025-04-09 00:00:00+00:00, run_after=2025-04-10 00:00:00+00:00
[2025-04-10T14:02:55.008+0000] {processor.py:183} INFO - Processing /home/airflow/.local/lib/python3.12/site-packages/airflow/example_dags/example_setup_teardown.py took 0.135 seconds
[2025-04-10T14:03:25.896+0000] {processor.py:161} INFO - Started process (PID=1659) to work on /home/airflow/.local/lib/python3.12/site-packages/airflow/example_dags/example_setup_teardown.py
[2025-04-10T14:03:25.897+0000] {processor.py:830} INFO - Processing file /home/airflow/.local/lib/python3.12/site-packages/airflow/example_dags/example_setup_teardown.py for tasks to queue
[2025-04-10T14:03:25.900+0000] {logging_mixin.py:188} INFO - [2025-04-10T14:03:25.900+0000] {dagbag.py:540} INFO - Filling up the DagBag from /home/airflow/.local/lib/python3.12/site-packages/airflow/example_dags/example_setup_teardown.py
[2025-04-10T14:03:25.911+0000] {processor.py:840} INFO - DAG(s) 'example_setup_teardown' retrieved from /home/airflow/.local/lib/python3.12/site-packages/airflow/example_dags/example_setup_teardown.py
[2025-04-10T14:03:25.947+0000] {logging_mixin.py:188} INFO - [2025-04-10T14:03:25.946+0000] {dag.py:3096} INFO - Sync 1 DAGs
[2025-04-10T14:03:25.988+0000] {logging_mixin.py:188} INFO - [2025-04-10T14:03:25.988+0000] {dag.py:3954} INFO - Setting next_dagrun for example_setup_teardown to 2025-04-09 00:00:00+00:00, run_after=2025-04-10 00:00:00+00:00
[2025-04-10T14:03:26.024+0000] {processor.py:183} INFO - Processing /home/airflow/.local/lib/python3.12/site-packages/airflow/example_dags/example_setup_teardown.py took 0.138 seconds
[2025-04-10T14:03:56.424+0000] {processor.py:161} INFO - Started process (PID=1719) to work on /home/airflow/.local/lib/python3.12/site-packages/airflow/example_dags/example_setup_teardown.py
[2025-04-10T14:03:56.426+0000] {processor.py:830} INFO - Processing file /home/airflow/.local/lib/python3.12/site-packages/airflow/example_dags/example_setup_teardown.py for tasks to queue
[2025-04-10T14:03:56.429+0000] {logging_mixin.py:188} INFO - [2025-04-10T14:03:56.429+0000] {dagbag.py:540} INFO - Filling up the DagBag from /home/airflow/.local/lib/python3.12/site-packages/airflow/example_dags/example_setup_teardown.py
[2025-04-10T14:03:56.441+0000] {processor.py:840} INFO - DAG(s) 'example_setup_teardown' retrieved from /home/airflow/.local/lib/python3.12/site-packages/airflow/example_dags/example_setup_teardown.py
[2025-04-10T14:03:56.479+0000] {logging_mixin.py:188} INFO - [2025-04-10T14:03:56.479+0000] {dag.py:3096} INFO - Sync 1 DAGs
[2025-04-10T14:03:56.524+0000] {logging_mixin.py:188} INFO - [2025-04-10T14:03:56.523+0000] {dag.py:3954} INFO - Setting next_dagrun for example_setup_teardown to 2025-04-09 00:00:00+00:00, run_after=2025-04-10 00:00:00+00:00
[2025-04-10T14:03:56.560+0000] {processor.py:183} INFO - Processing /home/airflow/.local/lib/python3.12/site-packages/airflow/example_dags/example_setup_teardown.py took 0.147 seconds
[2025-04-10T14:04:27.029+0000] {processor.py:161} INFO - Started process (PID=1780) to work on /home/airflow/.local/lib/python3.12/site-packages/airflow/example_dags/example_setup_teardown.py
[2025-04-10T14:04:27.031+0000] {processor.py:830} INFO - Processing file /home/airflow/.local/lib/python3.12/site-packages/airflow/example_dags/example_setup_teardown.py for tasks to queue
[2025-04-10T14:04:27.035+0000] {logging_mixin.py:188} INFO - [2025-04-10T14:04:27.034+0000] {dagbag.py:540} INFO - Filling up the DagBag from /home/airflow/.local/lib/python3.12/site-packages/airflow/example_dags/example_setup_teardown.py
[2025-04-10T14:04:27.046+0000] {processor.py:840} INFO - DAG(s) 'example_setup_teardown' retrieved from /home/airflow/.local/lib/python3.12/site-packages/airflow/example_dags/example_setup_teardown.py
[2025-04-10T14:04:27.084+0000] {logging_mixin.py:188} INFO - [2025-04-10T14:04:27.084+0000] {dag.py:3096} INFO - Sync 1 DAGs
[2025-04-10T14:04:27.129+0000] {logging_mixin.py:188} INFO - [2025-04-10T14:04:27.128+0000] {dag.py:3954} INFO - Setting next_dagrun for example_setup_teardown to 2025-04-09 00:00:00+00:00, run_after=2025-04-10 00:00:00+00:00
[2025-04-10T14:04:27.167+0000] {processor.py:183} INFO - Processing /home/airflow/.local/lib/python3.12/site-packages/airflow/example_dags/example_setup_teardown.py took 0.148 seconds
[2025-04-10T14:04:57.871+0000] {processor.py:161} INFO - Started process (PID=1840) to work on /home/airflow/.local/lib/python3.12/site-packages/airflow/example_dags/example_setup_teardown.py
[2025-04-10T14:04:57.873+0000] {processor.py:830} INFO - Processing file /home/airflow/.local/lib/python3.12/site-packages/airflow/example_dags/example_setup_teardown.py for tasks to queue
[2025-04-10T14:04:57.876+0000] {logging_mixin.py:188} INFO - [2025-04-10T14:04:57.875+0000] {dagbag.py:540} INFO - Filling up the DagBag from /home/airflow/.local/lib/python3.12/site-packages/airflow/example_dags/example_setup_teardown.py
[2025-04-10T14:04:57.886+0000] {processor.py:840} INFO - DAG(s) 'example_setup_teardown' retrieved from /home/airflow/.local/lib/python3.12/site-packages/airflow/example_dags/example_setup_teardown.py
[2025-04-10T14:04:57.922+0000] {logging_mixin.py:188} INFO - [2025-04-10T14:04:57.922+0000] {dag.py:3096} INFO - Sync 1 DAGs
[2025-04-10T14:04:57.962+0000] {logging_mixin.py:188} INFO - [2025-04-10T14:04:57.961+0000] {dag.py:3954} INFO - Setting next_dagrun for example_setup_teardown to 2025-04-09 00:00:00+00:00, run_after=2025-04-10 00:00:00+00:00
[2025-04-10T14:04:57.996+0000] {processor.py:183} INFO - Processing /home/airflow/.local/lib/python3.12/site-packages/airflow/example_dags/example_setup_teardown.py took 0.134 seconds
[2025-04-10T14:05:28.183+0000] {processor.py:161} INFO - Started process (PID=1900) to work on /home/airflow/.local/lib/python3.12/site-packages/airflow/example_dags/example_setup_teardown.py
[2025-04-10T14:05:28.184+0000] {processor.py:830} INFO - Processing file /home/airflow/.local/lib/python3.12/site-packages/airflow/example_dags/example_setup_teardown.py for tasks to queue
[2025-04-10T14:05:28.187+0000] {logging_mixin.py:188} INFO - [2025-04-10T14:05:28.187+0000] {dagbag.py:540} INFO - Filling up the DagBag from /home/airflow/.local/lib/python3.12/site-packages/airflow/example_dags/example_setup_teardown.py
[2025-04-10T14:05:28.199+0000] {processor.py:840} INFO - DAG(s) 'example_setup_teardown' retrieved from /home/airflow/.local/lib/python3.12/site-packages/airflow/example_dags/example_setup_teardown.py
[2025-04-10T14:05:28.236+0000] {logging_mixin.py:188} INFO - [2025-04-10T14:05:28.236+0000] {dag.py:3096} INFO - Sync 1 DAGs
[2025-04-10T14:05:28.276+0000] {logging_mixin.py:188} INFO - [2025-04-10T14:05:28.276+0000] {dag.py:3954} INFO - Setting next_dagrun for example_setup_teardown to 2025-04-09 00:00:00+00:00, run_after=2025-04-10 00:00:00+00:00
[2025-04-10T14:05:28.310+0000] {processor.py:183} INFO - Processing /home/airflow/.local/lib/python3.12/site-packages/airflow/example_dags/example_setup_teardown.py took 0.137 seconds
[2025-04-10T14:05:59.023+0000] {processor.py:161} INFO - Started process (PID=1960) to work on /home/airflow/.local/lib/python3.12/site-packages/airflow/example_dags/example_setup_teardown.py
[2025-04-10T14:05:59.024+0000] {processor.py:830} INFO - Processing file /home/airflow/.local/lib/python3.12/site-packages/airflow/example_dags/example_setup_teardown.py for tasks to queue
[2025-04-10T14:05:59.027+0000] {logging_mixin.py:188} INFO - [2025-04-10T14:05:59.027+0000] {dagbag.py:540} INFO - Filling up the DagBag from /home/airflow/.local/lib/python3.12/site-packages/airflow/example_dags/example_setup_teardown.py
[2025-04-10T14:05:59.039+0000] {processor.py:840} INFO - DAG(s) 'example_setup_teardown' retrieved from /home/airflow/.local/lib/python3.12/site-packages/airflow/example_dags/example_setup_teardown.py
[2025-04-10T14:05:59.075+0000] {logging_mixin.py:188} INFO - [2025-04-10T14:05:59.075+0000] {dag.py:3096} INFO - Sync 1 DAGs
[2025-04-10T14:05:59.116+0000] {logging_mixin.py:188} INFO - [2025-04-10T14:05:59.115+0000] {dag.py:3954} INFO - Setting next_dagrun for example_setup_teardown to 2025-04-09 00:00:00+00:00, run_after=2025-04-10 00:00:00+00:00
[2025-04-10T14:05:59.150+0000] {processor.py:183} INFO - Processing /home/airflow/.local/lib/python3.12/site-packages/airflow/example_dags/example_setup_teardown.py took 0.137 seconds
[2025-04-10T14:06:29.534+0000] {processor.py:161} INFO - Started process (PID=2020) to work on /home/airflow/.local/lib/python3.12/site-packages/airflow/example_dags/example_setup_teardown.py
[2025-04-10T14:06:29.536+0000] {processor.py:830} INFO - Processing file /home/airflow/.local/lib/python3.12/site-packages/airflow/example_dags/example_setup_teardown.py for tasks to queue
[2025-04-10T14:06:29.539+0000] {logging_mixin.py:188} INFO - [2025-04-10T14:06:29.538+0000] {dagbag.py:540} INFO - Filling up the DagBag from /home/airflow/.local/lib/python3.12/site-packages/airflow/example_dags/example_setup_teardown.py
[2025-04-10T14:06:29.550+0000] {processor.py:840} INFO - DAG(s) 'example_setup_teardown' retrieved from /home/airflow/.local/lib/python3.12/site-packages/airflow/example_dags/example_setup_teardown.py
[2025-04-10T14:06:29.587+0000] {logging_mixin.py:188} INFO - [2025-04-10T14:06:29.587+0000] {dag.py:3096} INFO - Sync 1 DAGs
[2025-04-10T14:06:29.626+0000] {logging_mixin.py:188} INFO - [2025-04-10T14:06:29.626+0000] {dag.py:3954} INFO - Setting next_dagrun for example_setup_teardown to 2025-04-09 00:00:00+00:00, run_after=2025-04-10 00:00:00+00:00
[2025-04-10T14:06:29.663+0000] {processor.py:183} INFO - Processing /home/airflow/.local/lib/python3.12/site-packages/airflow/example_dags/example_setup_teardown.py took 0.139 seconds
[2025-04-10T14:07:00.707+0000] {processor.py:161} INFO - Started process (PID=2086) to work on /home/airflow/.local/lib/python3.12/site-packages/airflow/example_dags/example_setup_teardown.py
[2025-04-10T14:07:00.709+0000] {processor.py:830} INFO - Processing file /home/airflow/.local/lib/python3.12/site-packages/airflow/example_dags/example_setup_teardown.py for tasks to queue
[2025-04-10T14:07:00.713+0000] {logging_mixin.py:188} INFO - [2025-04-10T14:07:00.712+0000] {dagbag.py:540} INFO - Filling up the DagBag from /home/airflow/.local/lib/python3.12/site-packages/airflow/example_dags/example_setup_teardown.py
[2025-04-10T14:07:00.727+0000] {processor.py:840} INFO - DAG(s) 'example_setup_teardown' retrieved from /home/airflow/.local/lib/python3.12/site-packages/airflow/example_dags/example_setup_teardown.py
[2025-04-10T14:07:00.764+0000] {logging_mixin.py:188} INFO - [2025-04-10T14:07:00.764+0000] {dag.py:3096} INFO - Sync 1 DAGs
[2025-04-10T14:07:00.804+0000] {logging_mixin.py:188} INFO - [2025-04-10T14:07:00.804+0000] {dag.py:3954} INFO - Setting next_dagrun for example_setup_teardown to 2025-04-09 00:00:00+00:00, run_after=2025-04-10 00:00:00+00:00
[2025-04-10T14:07:00.839+0000] {processor.py:183} INFO - Processing /home/airflow/.local/lib/python3.12/site-packages/airflow/example_dags/example_setup_teardown.py took 0.144 seconds
[2025-04-10T14:07:31.050+0000] {processor.py:161} INFO - Started process (PID=2146) to work on /home/airflow/.local/lib/python3.12/site-packages/airflow/example_dags/example_setup_teardown.py
[2025-04-10T14:07:31.052+0000] {processor.py:830} INFO - Processing file /home/airflow/.local/lib/python3.12/site-packages/airflow/example_dags/example_setup_teardown.py for tasks to queue
[2025-04-10T14:07:31.055+0000] {logging_mixin.py:188} INFO - [2025-04-10T14:07:31.055+0000] {dagbag.py:540} INFO - Filling up the DagBag from /home/airflow/.local/lib/python3.12/site-packages/airflow/example_dags/example_setup_teardown.py
[2025-04-10T14:07:31.067+0000] {processor.py:840} INFO - DAG(s) 'example_setup_teardown' retrieved from /home/airflow/.local/lib/python3.12/site-packages/airflow/example_dags/example_setup_teardown.py
[2025-04-10T14:07:31.106+0000] {logging_mixin.py:188} INFO - [2025-04-10T14:07:31.106+0000] {dag.py:3096} INFO - Sync 1 DAGs
[2025-04-10T14:07:31.147+0000] {logging_mixin.py:188} INFO - [2025-04-10T14:07:31.147+0000] {dag.py:3954} INFO - Setting next_dagrun for example_setup_teardown to 2025-04-09 00:00:00+00:00, run_after=2025-04-10 00:00:00+00:00
[2025-04-10T14:07:31.185+0000] {processor.py:183} INFO - Processing /home/airflow/.local/lib/python3.12/site-packages/airflow/example_dags/example_setup_teardown.py took 0.145 seconds
[2025-04-10T14:08:01.742+0000] {processor.py:161} INFO - Started process (PID=2206) to work on /home/airflow/.local/lib/python3.12/site-packages/airflow/example_dags/example_setup_teardown.py
[2025-04-10T14:08:01.744+0000] {processor.py:830} INFO - Processing file /home/airflow/.local/lib/python3.12/site-packages/airflow/example_dags/example_setup_teardown.py for tasks to queue
[2025-04-10T14:08:01.747+0000] {logging_mixin.py:188} INFO - [2025-04-10T14:08:01.746+0000] {dagbag.py:540} INFO - Filling up the DagBag from /home/airflow/.local/lib/python3.12/site-packages/airflow/example_dags/example_setup_teardown.py
[2025-04-10T14:08:01.758+0000] {processor.py:840} INFO - DAG(s) 'example_setup_teardown' retrieved from /home/airflow/.local/lib/python3.12/site-packages/airflow/example_dags/example_setup_teardown.py
[2025-04-10T14:08:01.794+0000] {logging_mixin.py:188} INFO - [2025-04-10T14:08:01.793+0000] {dag.py:3096} INFO - Sync 1 DAGs
[2025-04-10T14:08:01.833+0000] {logging_mixin.py:188} INFO - [2025-04-10T14:08:01.832+0000] {dag.py:3954} INFO - Setting next_dagrun for example_setup_teardown to 2025-04-09 00:00:00+00:00, run_after=2025-04-10 00:00:00+00:00
[2025-04-10T14:08:01.866+0000] {processor.py:183} INFO - Processing /home/airflow/.local/lib/python3.12/site-packages/airflow/example_dags/example_setup_teardown.py took 0.134 seconds
[2025-04-10T14:08:32.249+0000] {processor.py:161} INFO - Started process (PID=2266) to work on /home/airflow/.local/lib/python3.12/site-packages/airflow/example_dags/example_setup_teardown.py
[2025-04-10T14:08:32.251+0000] {processor.py:830} INFO - Processing file /home/airflow/.local/lib/python3.12/site-packages/airflow/example_dags/example_setup_teardown.py for tasks to queue
[2025-04-10T14:08:32.254+0000] {logging_mixin.py:188} INFO - [2025-04-10T14:08:32.254+0000] {dagbag.py:540} INFO - Filling up the DagBag from /home/airflow/.local/lib/python3.12/site-packages/airflow/example_dags/example_setup_teardown.py
[2025-04-10T14:08:32.266+0000] {processor.py:840} INFO - DAG(s) 'example_setup_teardown' retrieved from /home/airflow/.local/lib/python3.12/site-packages/airflow/example_dags/example_setup_teardown.py
[2025-04-10T14:08:32.301+0000] {logging_mixin.py:188} INFO - [2025-04-10T14:08:32.301+0000] {dag.py:3096} INFO - Sync 1 DAGs
[2025-04-10T14:08:32.340+0000] {logging_mixin.py:188} INFO - [2025-04-10T14:08:32.339+0000] {dag.py:3954} INFO - Setting next_dagrun for example_setup_teardown to 2025-04-09 00:00:00+00:00, run_after=2025-04-10 00:00:00+00:00
[2025-04-10T14:08:32.374+0000] {processor.py:183} INFO - Processing /home/airflow/.local/lib/python3.12/site-packages/airflow/example_dags/example_setup_teardown.py took 0.134 seconds
[2025-04-10T14:09:03.009+0000] {processor.py:161} INFO - Started process (PID=2326) to work on /home/airflow/.local/lib/python3.12/site-packages/airflow/example_dags/example_setup_teardown.py
[2025-04-10T14:09:03.010+0000] {processor.py:830} INFO - Processing file /home/airflow/.local/lib/python3.12/site-packages/airflow/example_dags/example_setup_teardown.py for tasks to queue
[2025-04-10T14:09:03.013+0000] {logging_mixin.py:188} INFO - [2025-04-10T14:09:03.013+0000] {dagbag.py:540} INFO - Filling up the DagBag from /home/airflow/.local/lib/python3.12/site-packages/airflow/example_dags/example_setup_teardown.py
[2025-04-10T14:09:03.024+0000] {processor.py:840} INFO - DAG(s) 'example_setup_teardown' retrieved from /home/airflow/.local/lib/python3.12/site-packages/airflow/example_dags/example_setup_teardown.py
[2025-04-10T14:09:03.062+0000] {logging_mixin.py:188} INFO - [2025-04-10T14:09:03.061+0000] {dag.py:3096} INFO - Sync 1 DAGs
[2025-04-10T14:09:03.102+0000] {logging_mixin.py:188} INFO - [2025-04-10T14:09:03.102+0000] {dag.py:3954} INFO - Setting next_dagrun for example_setup_teardown to 2025-04-09 00:00:00+00:00, run_after=2025-04-10 00:00:00+00:00
[2025-04-10T14:09:03.135+0000] {processor.py:183} INFO - Processing /home/airflow/.local/lib/python3.12/site-packages/airflow/example_dags/example_setup_teardown.py took 0.136 seconds
[2025-04-10T14:09:33.344+0000] {processor.py:161} INFO - Started process (PID=2386) to work on /home/airflow/.local/lib/python3.12/site-packages/airflow/example_dags/example_setup_teardown.py
[2025-04-10T14:09:33.346+0000] {processor.py:830} INFO - Processing file /home/airflow/.local/lib/python3.12/site-packages/airflow/example_dags/example_setup_teardown.py for tasks to queue
[2025-04-10T14:09:33.349+0000] {logging_mixin.py:188} INFO - [2025-04-10T14:09:33.348+0000] {dagbag.py:540} INFO - Filling up the DagBag from /home/airflow/.local/lib/python3.12/site-packages/airflow/example_dags/example_setup_teardown.py
[2025-04-10T14:09:33.361+0000] {processor.py:840} INFO - DAG(s) 'example_setup_teardown' retrieved from /home/airflow/.local/lib/python3.12/site-packages/airflow/example_dags/example_setup_teardown.py
[2025-04-10T14:09:33.405+0000] {logging_mixin.py:188} INFO - [2025-04-10T14:09:33.404+0000] {dag.py:3096} INFO - Sync 1 DAGs
[2025-04-10T14:09:33.454+0000] {logging_mixin.py:188} INFO - [2025-04-10T14:09:33.453+0000] {dag.py:3954} INFO - Setting next_dagrun for example_setup_teardown to 2025-04-09 00:00:00+00:00, run_after=2025-04-10 00:00:00+00:00
[2025-04-10T14:09:33.492+0000] {processor.py:183} INFO - Processing /home/airflow/.local/lib/python3.12/site-packages/airflow/example_dags/example_setup_teardown.py took 0.159 seconds
[2025-04-10T14:10:03.918+0000] {processor.py:161} INFO - Started process (PID=2444) to work on /home/airflow/.local/lib/python3.12/site-packages/airflow/example_dags/example_setup_teardown.py
[2025-04-10T14:10:03.919+0000] {processor.py:830} INFO - Processing file /home/airflow/.local/lib/python3.12/site-packages/airflow/example_dags/example_setup_teardown.py for tasks to queue
[2025-04-10T14:10:03.923+0000] {logging_mixin.py:188} INFO - [2025-04-10T14:10:03.922+0000] {dagbag.py:540} INFO - Filling up the DagBag from /home/airflow/.local/lib/python3.12/site-packages/airflow/example_dags/example_setup_teardown.py
[2025-04-10T14:10:03.934+0000] {processor.py:840} INFO - DAG(s) 'example_setup_teardown' retrieved from /home/airflow/.local/lib/python3.12/site-packages/airflow/example_dags/example_setup_teardown.py
[2025-04-10T14:10:03.970+0000] {logging_mixin.py:188} INFO - [2025-04-10T14:10:03.970+0000] {dag.py:3096} INFO - Sync 1 DAGs
[2025-04-10T14:10:04.009+0000] {logging_mixin.py:188} INFO - [2025-04-10T14:10:04.009+0000] {dag.py:3954} INFO - Setting next_dagrun for example_setup_teardown to 2025-04-09 00:00:00+00:00, run_after=2025-04-10 00:00:00+00:00
[2025-04-10T14:10:04.042+0000] {processor.py:183} INFO - Processing /home/airflow/.local/lib/python3.12/site-packages/airflow/example_dags/example_setup_teardown.py took 0.134 seconds
[2025-04-10T14:10:34.304+0000] {processor.py:161} INFO - Started process (PID=2504) to work on /home/airflow/.local/lib/python3.12/site-packages/airflow/example_dags/example_setup_teardown.py
[2025-04-10T14:10:34.306+0000] {processor.py:830} INFO - Processing file /home/airflow/.local/lib/python3.12/site-packages/airflow/example_dags/example_setup_teardown.py for tasks to queue
[2025-04-10T14:10:34.309+0000] {logging_mixin.py:188} INFO - [2025-04-10T14:10:34.308+0000] {dagbag.py:540} INFO - Filling up the DagBag from /home/airflow/.local/lib/python3.12/site-packages/airflow/example_dags/example_setup_teardown.py
[2025-04-10T14:10:34.322+0000] {processor.py:840} INFO - DAG(s) 'example_setup_teardown' retrieved from /home/airflow/.local/lib/python3.12/site-packages/airflow/example_dags/example_setup_teardown.py
[2025-04-10T14:10:34.360+0000] {logging_mixin.py:188} INFO - [2025-04-10T14:10:34.359+0000] {dag.py:3096} INFO - Sync 1 DAGs
[2025-04-10T14:10:34.402+0000] {logging_mixin.py:188} INFO - [2025-04-10T14:10:34.401+0000] {dag.py:3954} INFO - Setting next_dagrun for example_setup_teardown to 2025-04-09 00:00:00+00:00, run_after=2025-04-10 00:00:00+00:00
[2025-04-10T14:10:34.438+0000] {processor.py:183} INFO - Processing /home/airflow/.local/lib/python3.12/site-packages/airflow/example_dags/example_setup_teardown.py took 0.144 seconds
[2025-04-10T14:11:04.895+0000] {processor.py:161} INFO - Started process (PID=2564) to work on /home/airflow/.local/lib/python3.12/site-packages/airflow/example_dags/example_setup_teardown.py
[2025-04-10T14:11:04.897+0000] {processor.py:830} INFO - Processing file /home/airflow/.local/lib/python3.12/site-packages/airflow/example_dags/example_setup_teardown.py for tasks to queue
[2025-04-10T14:11:04.900+0000] {logging_mixin.py:188} INFO - [2025-04-10T14:11:04.899+0000] {dagbag.py:540} INFO - Filling up the DagBag from /home/airflow/.local/lib/python3.12/site-packages/airflow/example_dags/example_setup_teardown.py
[2025-04-10T14:11:04.911+0000] {processor.py:840} INFO - DAG(s) 'example_setup_teardown' retrieved from /home/airflow/.local/lib/python3.12/site-packages/airflow/example_dags/example_setup_teardown.py
[2025-04-10T14:11:04.947+0000] {logging_mixin.py:188} INFO - [2025-04-10T14:11:04.947+0000] {dag.py:3096} INFO - Sync 1 DAGs
[2025-04-10T14:11:04.993+0000] {logging_mixin.py:188} INFO - [2025-04-10T14:11:04.993+0000] {dag.py:3954} INFO - Setting next_dagrun for example_setup_teardown to 2025-04-09 00:00:00+00:00, run_after=2025-04-10 00:00:00+00:00
[2025-04-10T14:11:05.033+0000] {processor.py:183} INFO - Processing /home/airflow/.local/lib/python3.12/site-packages/airflow/example_dags/example_setup_teardown.py took 0.148 seconds
[2025-04-10T14:11:35.514+0000] {processor.py:161} INFO - Started process (PID=2624) to work on /home/airflow/.local/lib/python3.12/site-packages/airflow/example_dags/example_setup_teardown.py
[2025-04-10T14:11:35.515+0000] {processor.py:830} INFO - Processing file /home/airflow/.local/lib/python3.12/site-packages/airflow/example_dags/example_setup_teardown.py for tasks to queue
[2025-04-10T14:11:35.519+0000] {logging_mixin.py:188} INFO - [2025-04-10T14:11:35.518+0000] {dagbag.py:540} INFO - Filling up the DagBag from /home/airflow/.local/lib/python3.12/site-packages/airflow/example_dags/example_setup_teardown.py
[2025-04-10T14:11:35.531+0000] {processor.py:840} INFO - DAG(s) 'example_setup_teardown' retrieved from /home/airflow/.local/lib/python3.12/site-packages/airflow/example_dags/example_setup_teardown.py
[2025-04-10T14:11:35.566+0000] {logging_mixin.py:188} INFO - [2025-04-10T14:11:35.565+0000] {dag.py:3096} INFO - Sync 1 DAGs
[2025-04-10T14:11:35.606+0000] {logging_mixin.py:188} INFO - [2025-04-10T14:11:35.606+0000] {dag.py:3954} INFO - Setting next_dagrun for example_setup_teardown to 2025-04-09 00:00:00+00:00, run_after=2025-04-10 00:00:00+00:00
[2025-04-10T14:11:35.641+0000] {processor.py:183} INFO - Processing /home/airflow/.local/lib/python3.12/site-packages/airflow/example_dags/example_setup_teardown.py took 0.137 seconds
[2025-04-10T14:12:06.462+0000] {processor.py:161} INFO - Started process (PID=2684) to work on /home/airflow/.local/lib/python3.12/site-packages/airflow/example_dags/example_setup_teardown.py
[2025-04-10T14:12:06.463+0000] {processor.py:830} INFO - Processing file /home/airflow/.local/lib/python3.12/site-packages/airflow/example_dags/example_setup_teardown.py for tasks to queue
[2025-04-10T14:12:06.466+0000] {logging_mixin.py:188} INFO - [2025-04-10T14:12:06.465+0000] {dagbag.py:540} INFO - Filling up the DagBag from /home/airflow/.local/lib/python3.12/site-packages/airflow/example_dags/example_setup_teardown.py
[2025-04-10T14:12:06.476+0000] {processor.py:840} INFO - DAG(s) 'example_setup_teardown' retrieved from /home/airflow/.local/lib/python3.12/site-packages/airflow/example_dags/example_setup_teardown.py
[2025-04-10T14:12:06.514+0000] {logging_mixin.py:188} INFO - [2025-04-10T14:12:06.513+0000] {dag.py:3096} INFO - Sync 1 DAGs
[2025-04-10T14:12:06.553+0000] {logging_mixin.py:188} INFO - [2025-04-10T14:12:06.553+0000] {dag.py:3954} INFO - Setting next_dagrun for example_setup_teardown to 2025-04-09 00:00:00+00:00, run_after=2025-04-10 00:00:00+00:00
[2025-04-10T14:12:06.587+0000] {processor.py:183} INFO - Processing /home/airflow/.local/lib/python3.12/site-packages/airflow/example_dags/example_setup_teardown.py took 0.135 seconds
[2025-04-10T14:12:37.799+0000] {processor.py:161} INFO - Started process (PID=2744) to work on /home/airflow/.local/lib/python3.12/site-packages/airflow/example_dags/example_setup_teardown.py
[2025-04-10T14:12:37.801+0000] {processor.py:830} INFO - Processing file /home/airflow/.local/lib/python3.12/site-packages/airflow/example_dags/example_setup_teardown.py for tasks to queue
[2025-04-10T14:12:37.804+0000] {logging_mixin.py:188} INFO - [2025-04-10T14:12:37.803+0000] {dagbag.py:540} INFO - Filling up the DagBag from /home/airflow/.local/lib/python3.12/site-packages/airflow/example_dags/example_setup_teardown.py
[2025-04-10T14:12:37.819+0000] {processor.py:840} INFO - DAG(s) 'example_setup_teardown' retrieved from /home/airflow/.local/lib/python3.12/site-packages/airflow/example_dags/example_setup_teardown.py
[2025-04-10T14:12:37.855+0000] {logging_mixin.py:188} INFO - [2025-04-10T14:12:37.855+0000] {dag.py:3096} INFO - Sync 1 DAGs
[2025-04-10T14:12:37.895+0000] {logging_mixin.py:188} INFO - [2025-04-10T14:12:37.895+0000] {dag.py:3954} INFO - Setting next_dagrun for example_setup_teardown to 2025-04-09 00:00:00+00:00, run_after=2025-04-10 00:00:00+00:00
[2025-04-10T14:12:37.930+0000] {processor.py:183} INFO - Processing /home/airflow/.local/lib/python3.12/site-packages/airflow/example_dags/example_setup_teardown.py took 0.141 seconds
[2025-04-10T14:13:08.411+0000] {processor.py:161} INFO - Started process (PID=2804) to work on /home/airflow/.local/lib/python3.12/site-packages/airflow/example_dags/example_setup_teardown.py
[2025-04-10T14:13:08.413+0000] {processor.py:830} INFO - Processing file /home/airflow/.local/lib/python3.12/site-packages/airflow/example_dags/example_setup_teardown.py for tasks to queue
[2025-04-10T14:13:08.416+0000] {logging_mixin.py:188} INFO - [2025-04-10T14:13:08.415+0000] {dagbag.py:540} INFO - Filling up the DagBag from /home/airflow/.local/lib/python3.12/site-packages/airflow/example_dags/example_setup_teardown.py
[2025-04-10T14:13:08.427+0000] {processor.py:840} INFO - DAG(s) 'example_setup_teardown' retrieved from /home/airflow/.local/lib/python3.12/site-packages/airflow/example_dags/example_setup_teardown.py
[2025-04-10T14:13:08.462+0000] {logging_mixin.py:188} INFO - [2025-04-10T14:13:08.462+0000] {dag.py:3096} INFO - Sync 1 DAGs
[2025-04-10T14:13:08.501+0000] {logging_mixin.py:188} INFO - [2025-04-10T14:13:08.501+0000] {dag.py:3954} INFO - Setting next_dagrun for example_setup_teardown to 2025-04-09 00:00:00+00:00, run_after=2025-04-10 00:00:00+00:00
[2025-04-10T14:13:08.537+0000] {processor.py:183} INFO - Processing /home/airflow/.local/lib/python3.12/site-packages/airflow/example_dags/example_setup_teardown.py took 0.135 seconds
[2025-04-10T14:13:39.225+0000] {processor.py:161} INFO - Started process (PID=2864) to work on /home/airflow/.local/lib/python3.12/site-packages/airflow/example_dags/example_setup_teardown.py
[2025-04-10T14:13:39.226+0000] {processor.py:830} INFO - Processing file /home/airflow/.local/lib/python3.12/site-packages/airflow/example_dags/example_setup_teardown.py for tasks to queue
[2025-04-10T14:13:39.229+0000] {logging_mixin.py:188} INFO - [2025-04-10T14:13:39.229+0000] {dagbag.py:540} INFO - Filling up the DagBag from /home/airflow/.local/lib/python3.12/site-packages/airflow/example_dags/example_setup_teardown.py
[2025-04-10T14:13:39.239+0000] {processor.py:840} INFO - DAG(s) 'example_setup_teardown' retrieved from /home/airflow/.local/lib/python3.12/site-packages/airflow/example_dags/example_setup_teardown.py
[2025-04-10T14:13:39.276+0000] {logging_mixin.py:188} INFO - [2025-04-10T14:13:39.276+0000] {dag.py:3096} INFO - Sync 1 DAGs
[2025-04-10T14:13:39.314+0000] {logging_mixin.py:188} INFO - [2025-04-10T14:13:39.313+0000] {dag.py:3954} INFO - Setting next_dagrun for example_setup_teardown to 2025-04-09 00:00:00+00:00, run_after=2025-04-10 00:00:00+00:00
[2025-04-10T14:13:39.345+0000] {processor.py:183} INFO - Processing /home/airflow/.local/lib/python3.12/site-packages/airflow/example_dags/example_setup_teardown.py took 0.129 seconds
[2025-04-10T14:14:10.593+0000] {processor.py:161} INFO - Started process (PID=2925) to work on /home/airflow/.local/lib/python3.12/site-packages/airflow/example_dags/example_setup_teardown.py
[2025-04-10T14:14:10.594+0000] {processor.py:830} INFO - Processing file /home/airflow/.local/lib/python3.12/site-packages/airflow/example_dags/example_setup_teardown.py for tasks to queue
[2025-04-10T14:14:10.598+0000] {logging_mixin.py:188} INFO - [2025-04-10T14:14:10.597+0000] {dagbag.py:540} INFO - Filling up the DagBag from /home/airflow/.local/lib/python3.12/site-packages/airflow/example_dags/example_setup_teardown.py
[2025-04-10T14:14:10.609+0000] {processor.py:840} INFO - DAG(s) 'example_setup_teardown' retrieved from /home/airflow/.local/lib/python3.12/site-packages/airflow/example_dags/example_setup_teardown.py
[2025-04-10T14:14:10.646+0000] {logging_mixin.py:188} INFO - [2025-04-10T14:14:10.645+0000] {dag.py:3096} INFO - Sync 1 DAGs
[2025-04-10T14:14:10.685+0000] {logging_mixin.py:188} INFO - [2025-04-10T14:14:10.685+0000] {dag.py:3954} INFO - Setting next_dagrun for example_setup_teardown to 2025-04-09 00:00:00+00:00, run_after=2025-04-10 00:00:00+00:00
[2025-04-10T14:14:10.719+0000] {processor.py:183} INFO - Processing /home/airflow/.local/lib/python3.12/site-packages/airflow/example_dags/example_setup_teardown.py took 0.136 seconds
[2025-04-10T14:14:41.031+0000] {processor.py:161} INFO - Started process (PID=2983) to work on /home/airflow/.local/lib/python3.12/site-packages/airflow/example_dags/example_setup_teardown.py
[2025-04-10T14:14:41.033+0000] {processor.py:830} INFO - Processing file /home/airflow/.local/lib/python3.12/site-packages/airflow/example_dags/example_setup_teardown.py for tasks to queue
[2025-04-10T14:14:41.036+0000] {logging_mixin.py:188} INFO - [2025-04-10T14:14:41.035+0000] {dagbag.py:540} INFO - Filling up the DagBag from /home/airflow/.local/lib/python3.12/site-packages/airflow/example_dags/example_setup_teardown.py
[2025-04-10T14:14:41.046+0000] {processor.py:840} INFO - DAG(s) 'example_setup_teardown' retrieved from /home/airflow/.local/lib/python3.12/site-packages/airflow/example_dags/example_setup_teardown.py
[2025-04-10T14:14:41.083+0000] {logging_mixin.py:188} INFO - [2025-04-10T14:14:41.082+0000] {dag.py:3096} INFO - Sync 1 DAGs
[2025-04-10T14:14:41.122+0000] {logging_mixin.py:188} INFO - [2025-04-10T14:14:41.122+0000] {dag.py:3954} INFO - Setting next_dagrun for example_setup_teardown to 2025-04-09 00:00:00+00:00, run_after=2025-04-10 00:00:00+00:00
[2025-04-10T14:14:41.155+0000] {processor.py:183} INFO - Processing /home/airflow/.local/lib/python3.12/site-packages/airflow/example_dags/example_setup_teardown.py took 0.134 seconds
[2025-04-10T14:15:11.871+0000] {processor.py:161} INFO - Started process (PID=3043) to work on /home/airflow/.local/lib/python3.12/site-packages/airflow/example_dags/example_setup_teardown.py
[2025-04-10T14:15:11.873+0000] {processor.py:830} INFO - Processing file /home/airflow/.local/lib/python3.12/site-packages/airflow/example_dags/example_setup_teardown.py for tasks to queue
[2025-04-10T14:15:11.876+0000] {logging_mixin.py:188} INFO - [2025-04-10T14:15:11.876+0000] {dagbag.py:540} INFO - Filling up the DagBag from /home/airflow/.local/lib/python3.12/site-packages/airflow/example_dags/example_setup_teardown.py
[2025-04-10T14:15:11.889+0000] {processor.py:840} INFO - DAG(s) 'example_setup_teardown' retrieved from /home/airflow/.local/lib/python3.12/site-packages/airflow/example_dags/example_setup_teardown.py
[2025-04-10T14:15:11.925+0000] {logging_mixin.py:188} INFO - [2025-04-10T14:15:11.924+0000] {dag.py:3096} INFO - Sync 1 DAGs
[2025-04-10T14:15:11.967+0000] {logging_mixin.py:188} INFO - [2025-04-10T14:15:11.967+0000] {dag.py:3954} INFO - Setting next_dagrun for example_setup_teardown to 2025-04-09 00:00:00+00:00, run_after=2025-04-10 00:00:00+00:00
[2025-04-10T14:15:12.004+0000] {processor.py:183} INFO - Processing /home/airflow/.local/lib/python3.12/site-packages/airflow/example_dags/example_setup_teardown.py took 0.143 seconds
[2025-04-10T14:15:42.678+0000] {processor.py:161} INFO - Started process (PID=3103) to work on /home/airflow/.local/lib/python3.12/site-packages/airflow/example_dags/example_setup_teardown.py
[2025-04-10T14:15:42.680+0000] {processor.py:830} INFO - Processing file /home/airflow/.local/lib/python3.12/site-packages/airflow/example_dags/example_setup_teardown.py for tasks to queue
[2025-04-10T14:15:42.684+0000] {logging_mixin.py:188} INFO - [2025-04-10T14:15:42.684+0000] {dagbag.py:540} INFO - Filling up the DagBag from /home/airflow/.local/lib/python3.12/site-packages/airflow/example_dags/example_setup_teardown.py
[2025-04-10T14:15:42.698+0000] {processor.py:840} INFO - DAG(s) 'example_setup_teardown' retrieved from /home/airflow/.local/lib/python3.12/site-packages/airflow/example_dags/example_setup_teardown.py
[2025-04-10T14:15:42.738+0000] {logging_mixin.py:188} INFO - [2025-04-10T14:15:42.737+0000] {dag.py:3096} INFO - Sync 1 DAGs
[2025-04-10T14:15:42.780+0000] {logging_mixin.py:188} INFO - [2025-04-10T14:15:42.780+0000] {dag.py:3954} INFO - Setting next_dagrun for example_setup_teardown to 2025-04-09 00:00:00+00:00, run_after=2025-04-10 00:00:00+00:00
[2025-04-10T14:15:42.816+0000] {processor.py:183} INFO - Processing /home/airflow/.local/lib/python3.12/site-packages/airflow/example_dags/example_setup_teardown.py took 0.149 seconds
[2025-04-10T14:16:13.246+0000] {processor.py:161} INFO - Started process (PID=3164) to work on /home/airflow/.local/lib/python3.12/site-packages/airflow/example_dags/example_setup_teardown.py
[2025-04-10T14:16:13.248+0000] {processor.py:830} INFO - Processing file /home/airflow/.local/lib/python3.12/site-packages/airflow/example_dags/example_setup_teardown.py for tasks to queue
[2025-04-10T14:16:13.252+0000] {logging_mixin.py:188} INFO - [2025-04-10T14:16:13.251+0000] {dagbag.py:540} INFO - Filling up the DagBag from /home/airflow/.local/lib/python3.12/site-packages/airflow/example_dags/example_setup_teardown.py
[2025-04-10T14:16:13.263+0000] {processor.py:840} INFO - DAG(s) 'example_setup_teardown' retrieved from /home/airflow/.local/lib/python3.12/site-packages/airflow/example_dags/example_setup_teardown.py
[2025-04-10T14:16:13.298+0000] {logging_mixin.py:188} INFO - [2025-04-10T14:16:13.298+0000] {dag.py:3096} INFO - Sync 1 DAGs
[2025-04-10T14:16:13.337+0000] {logging_mixin.py:188} INFO - [2025-04-10T14:16:13.336+0000] {dag.py:3954} INFO - Setting next_dagrun for example_setup_teardown to 2025-04-09 00:00:00+00:00, run_after=2025-04-10 00:00:00+00:00
[2025-04-10T14:16:13.373+0000] {processor.py:183} INFO - Processing /home/airflow/.local/lib/python3.12/site-packages/airflow/example_dags/example_setup_teardown.py took 0.137 seconds
[2025-04-10T14:16:43.838+0000] {processor.py:161} INFO - Started process (PID=3224) to work on /home/airflow/.local/lib/python3.12/site-packages/airflow/example_dags/example_setup_teardown.py
[2025-04-10T14:16:43.840+0000] {processor.py:830} INFO - Processing file /home/airflow/.local/lib/python3.12/site-packages/airflow/example_dags/example_setup_teardown.py for tasks to queue
[2025-04-10T14:16:43.843+0000] {logging_mixin.py:188} INFO - [2025-04-10T14:16:43.842+0000] {dagbag.py:540} INFO - Filling up the DagBag from /home/airflow/.local/lib/python3.12/site-packages/airflow/example_dags/example_setup_teardown.py
[2025-04-10T14:16:43.854+0000] {processor.py:840} INFO - DAG(s) 'example_setup_teardown' retrieved from /home/airflow/.local/lib/python3.12/site-packages/airflow/example_dags/example_setup_teardown.py
[2025-04-10T14:16:43.891+0000] {logging_mixin.py:188} INFO - [2025-04-10T14:16:43.890+0000] {dag.py:3096} INFO - Sync 1 DAGs
[2025-04-10T14:16:43.930+0000] {logging_mixin.py:188} INFO - [2025-04-10T14:16:43.930+0000] {dag.py:3954} INFO - Setting next_dagrun for example_setup_teardown to 2025-04-09 00:00:00+00:00, run_after=2025-04-10 00:00:00+00:00
[2025-04-10T14:16:43.963+0000] {processor.py:183} INFO - Processing /home/airflow/.local/lib/python3.12/site-packages/airflow/example_dags/example_setup_teardown.py took 0.134 seconds
[2025-04-10T14:17:15.011+0000] {processor.py:161} INFO - Started process (PID=3284) to work on /home/airflow/.local/lib/python3.12/site-packages/airflow/example_dags/example_setup_teardown.py
[2025-04-10T14:17:15.012+0000] {processor.py:830} INFO - Processing file /home/airflow/.local/lib/python3.12/site-packages/airflow/example_dags/example_setup_teardown.py for tasks to queue
[2025-04-10T14:17:15.015+0000] {logging_mixin.py:188} INFO - [2025-04-10T14:17:15.014+0000] {dagbag.py:540} INFO - Filling up the DagBag from /home/airflow/.local/lib/python3.12/site-packages/airflow/example_dags/example_setup_teardown.py
[2025-04-10T14:17:15.026+0000] {processor.py:840} INFO - DAG(s) 'example_setup_teardown' retrieved from /home/airflow/.local/lib/python3.12/site-packages/airflow/example_dags/example_setup_teardown.py
[2025-04-10T14:17:15.062+0000] {logging_mixin.py:188} INFO - [2025-04-10T14:17:15.062+0000] {dag.py:3096} INFO - Sync 1 DAGs
[2025-04-10T14:17:15.102+0000] {logging_mixin.py:188} INFO - [2025-04-10T14:17:15.102+0000] {dag.py:3954} INFO - Setting next_dagrun for example_setup_teardown to 2025-04-09 00:00:00+00:00, run_after=2025-04-10 00:00:00+00:00
[2025-04-10T14:17:15.135+0000] {processor.py:183} INFO - Processing /home/airflow/.local/lib/python3.12/site-packages/airflow/example_dags/example_setup_teardown.py took 0.134 seconds
[2025-04-10T14:17:45.525+0000] {processor.py:161} INFO - Started process (PID=3344) to work on /home/airflow/.local/lib/python3.12/site-packages/airflow/example_dags/example_setup_teardown.py
[2025-04-10T14:17:45.527+0000] {processor.py:830} INFO - Processing file /home/airflow/.local/lib/python3.12/site-packages/airflow/example_dags/example_setup_teardown.py for tasks to queue
[2025-04-10T14:17:45.530+0000] {logging_mixin.py:188} INFO - [2025-04-10T14:17:45.529+0000] {dagbag.py:540} INFO - Filling up the DagBag from /home/airflow/.local/lib/python3.12/site-packages/airflow/example_dags/example_setup_teardown.py
[2025-04-10T14:17:45.541+0000] {processor.py:840} INFO - DAG(s) 'example_setup_teardown' retrieved from /home/airflow/.local/lib/python3.12/site-packages/airflow/example_dags/example_setup_teardown.py
[2025-04-10T14:17:45.579+0000] {logging_mixin.py:188} INFO - [2025-04-10T14:17:45.578+0000] {dag.py:3096} INFO - Sync 1 DAGs
[2025-04-10T14:17:45.619+0000] {logging_mixin.py:188} INFO - [2025-04-10T14:17:45.618+0000] {dag.py:3954} INFO - Setting next_dagrun for example_setup_teardown to 2025-04-09 00:00:00+00:00, run_after=2025-04-10 00:00:00+00:00
[2025-04-10T14:17:45.654+0000] {processor.py:183} INFO - Processing /home/airflow/.local/lib/python3.12/site-packages/airflow/example_dags/example_setup_teardown.py took 0.138 seconds
[2025-04-10T14:18:16.437+0000] {processor.py:161} INFO - Started process (PID=3404) to work on /home/airflow/.local/lib/python3.12/site-packages/airflow/example_dags/example_setup_teardown.py
[2025-04-10T14:18:16.439+0000] {processor.py:830} INFO - Processing file /home/airflow/.local/lib/python3.12/site-packages/airflow/example_dags/example_setup_teardown.py for tasks to queue
[2025-04-10T14:18:16.442+0000] {logging_mixin.py:188} INFO - [2025-04-10T14:18:16.441+0000] {dagbag.py:540} INFO - Filling up the DagBag from /home/airflow/.local/lib/python3.12/site-packages/airflow/example_dags/example_setup_teardown.py
[2025-04-10T14:18:16.453+0000] {processor.py:840} INFO - DAG(s) 'example_setup_teardown' retrieved from /home/airflow/.local/lib/python3.12/site-packages/airflow/example_dags/example_setup_teardown.py
[2025-04-10T14:18:16.489+0000] {logging_mixin.py:188} INFO - [2025-04-10T14:18:16.489+0000] {dag.py:3096} INFO - Sync 1 DAGs
[2025-04-10T14:18:16.529+0000] {logging_mixin.py:188} INFO - [2025-04-10T14:18:16.529+0000] {dag.py:3954} INFO - Setting next_dagrun for example_setup_teardown to 2025-04-09 00:00:00+00:00, run_after=2025-04-10 00:00:00+00:00
[2025-04-10T14:18:16.562+0000] {processor.py:183} INFO - Processing /home/airflow/.local/lib/python3.12/site-packages/airflow/example_dags/example_setup_teardown.py took 0.134 seconds
[2025-04-10T14:18:46.673+0000] {processor.py:161} INFO - Started process (PID=3464) to work on /home/airflow/.local/lib/python3.12/site-packages/airflow/example_dags/example_setup_teardown.py
[2025-04-10T14:18:46.674+0000] {processor.py:830} INFO - Processing file /home/airflow/.local/lib/python3.12/site-packages/airflow/example_dags/example_setup_teardown.py for tasks to queue
[2025-04-10T14:18:46.678+0000] {logging_mixin.py:188} INFO - [2025-04-10T14:18:46.677+0000] {dagbag.py:540} INFO - Filling up the DagBag from /home/airflow/.local/lib/python3.12/site-packages/airflow/example_dags/example_setup_teardown.py
[2025-04-10T14:18:46.689+0000] {processor.py:840} INFO - DAG(s) 'example_setup_teardown' retrieved from /home/airflow/.local/lib/python3.12/site-packages/airflow/example_dags/example_setup_teardown.py
[2025-04-10T14:18:46.726+0000] {logging_mixin.py:188} INFO - [2025-04-10T14:18:46.726+0000] {dag.py:3096} INFO - Sync 1 DAGs
[2025-04-10T14:18:46.765+0000] {logging_mixin.py:188} INFO - [2025-04-10T14:18:46.765+0000] {dag.py:3954} INFO - Setting next_dagrun for example_setup_teardown to 2025-04-09 00:00:00+00:00, run_after=2025-04-10 00:00:00+00:00
[2025-04-10T14:18:46.799+0000] {processor.py:183} INFO - Processing /home/airflow/.local/lib/python3.12/site-packages/airflow/example_dags/example_setup_teardown.py took 0.136 seconds
[2025-04-10T14:19:17.167+0000] {processor.py:161} INFO - Started process (PID=3524) to work on /home/airflow/.local/lib/python3.12/site-packages/airflow/example_dags/example_setup_teardown.py
[2025-04-10T14:19:17.168+0000] {processor.py:830} INFO - Processing file /home/airflow/.local/lib/python3.12/site-packages/airflow/example_dags/example_setup_teardown.py for tasks to queue
[2025-04-10T14:19:17.171+0000] {logging_mixin.py:188} INFO - [2025-04-10T14:19:17.170+0000] {dagbag.py:540} INFO - Filling up the DagBag from /home/airflow/.local/lib/python3.12/site-packages/airflow/example_dags/example_setup_teardown.py
[2025-04-10T14:19:17.181+0000] {processor.py:840} INFO - DAG(s) 'example_setup_teardown' retrieved from /home/airflow/.local/lib/python3.12/site-packages/airflow/example_dags/example_setup_teardown.py
[2025-04-10T14:19:17.217+0000] {logging_mixin.py:188} INFO - [2025-04-10T14:19:17.217+0000] {dag.py:3096} INFO - Sync 1 DAGs
[2025-04-10T14:19:17.257+0000] {logging_mixin.py:188} INFO - [2025-04-10T14:19:17.256+0000] {dag.py:3954} INFO - Setting next_dagrun for example_setup_teardown to 2025-04-09 00:00:00+00:00, run_after=2025-04-10 00:00:00+00:00
[2025-04-10T14:19:17.290+0000] {processor.py:183} INFO - Processing /home/airflow/.local/lib/python3.12/site-packages/airflow/example_dags/example_setup_teardown.py took 0.133 seconds
[2025-04-10T14:19:47.629+0000] {processor.py:161} INFO - Started process (PID=3584) to work on /home/airflow/.local/lib/python3.12/site-packages/airflow/example_dags/example_setup_teardown.py
[2025-04-10T14:19:47.631+0000] {processor.py:830} INFO - Processing file /home/airflow/.local/lib/python3.12/site-packages/airflow/example_dags/example_setup_teardown.py for tasks to queue
[2025-04-10T14:19:47.634+0000] {logging_mixin.py:188} INFO - [2025-04-10T14:19:47.633+0000] {dagbag.py:540} INFO - Filling up the DagBag from /home/airflow/.local/lib/python3.12/site-packages/airflow/example_dags/example_setup_teardown.py
[2025-04-10T14:19:47.645+0000] {processor.py:840} INFO - DAG(s) 'example_setup_teardown' retrieved from /home/airflow/.local/lib/python3.12/site-packages/airflow/example_dags/example_setup_teardown.py
[2025-04-10T14:19:47.683+0000] {logging_mixin.py:188} INFO - [2025-04-10T14:19:47.683+0000] {dag.py:3096} INFO - Sync 1 DAGs
[2025-04-10T14:19:47.723+0000] {logging_mixin.py:188} INFO - [2025-04-10T14:19:47.723+0000] {dag.py:3954} INFO - Setting next_dagrun for example_setup_teardown to 2025-04-09 00:00:00+00:00, run_after=2025-04-10 00:00:00+00:00
[2025-04-10T14:19:47.758+0000] {processor.py:183} INFO - Processing /home/airflow/.local/lib/python3.12/site-packages/airflow/example_dags/example_setup_teardown.py took 0.138 seconds
[2025-04-10T14:20:17.957+0000] {processor.py:161} INFO - Started process (PID=3644) to work on /home/airflow/.local/lib/python3.12/site-packages/airflow/example_dags/example_setup_teardown.py
[2025-04-10T14:20:17.959+0000] {processor.py:830} INFO - Processing file /home/airflow/.local/lib/python3.12/site-packages/airflow/example_dags/example_setup_teardown.py for tasks to queue
[2025-04-10T14:20:17.963+0000] {logging_mixin.py:188} INFO - [2025-04-10T14:20:17.962+0000] {dagbag.py:540} INFO - Filling up the DagBag from /home/airflow/.local/lib/python3.12/site-packages/airflow/example_dags/example_setup_teardown.py
[2025-04-10T14:20:17.974+0000] {processor.py:840} INFO - DAG(s) 'example_setup_teardown' retrieved from /home/airflow/.local/lib/python3.12/site-packages/airflow/example_dags/example_setup_teardown.py
[2025-04-10T14:20:18.012+0000] {logging_mixin.py:188} INFO - [2025-04-10T14:20:18.012+0000] {dag.py:3096} INFO - Sync 1 DAGs
[2025-04-10T14:20:18.051+0000] {logging_mixin.py:188} INFO - [2025-04-10T14:20:18.051+0000] {dag.py:3954} INFO - Setting next_dagrun for example_setup_teardown to 2025-04-09 00:00:00+00:00, run_after=2025-04-10 00:00:00+00:00
[2025-04-10T14:20:18.084+0000] {processor.py:183} INFO - Processing /home/airflow/.local/lib/python3.12/site-packages/airflow/example_dags/example_setup_teardown.py took 0.137 seconds
[2025-04-10T14:20:48.181+0000] {processor.py:161} INFO - Started process (PID=3704) to work on /home/airflow/.local/lib/python3.12/site-packages/airflow/example_dags/example_setup_teardown.py
[2025-04-10T14:20:48.183+0000] {processor.py:830} INFO - Processing file /home/airflow/.local/lib/python3.12/site-packages/airflow/example_dags/example_setup_teardown.py for tasks to queue
[2025-04-10T14:20:48.186+0000] {logging_mixin.py:188} INFO - [2025-04-10T14:20:48.185+0000] {dagbag.py:540} INFO - Filling up the DagBag from /home/airflow/.local/lib/python3.12/site-packages/airflow/example_dags/example_setup_teardown.py
[2025-04-10T14:20:48.202+0000] {processor.py:840} INFO - DAG(s) 'example_setup_teardown' retrieved from /home/airflow/.local/lib/python3.12/site-packages/airflow/example_dags/example_setup_teardown.py
[2025-04-10T14:20:48.249+0000] {logging_mixin.py:188} INFO - [2025-04-10T14:20:48.248+0000] {dag.py:3096} INFO - Sync 1 DAGs
[2025-04-10T14:20:48.308+0000] {logging_mixin.py:188} INFO - [2025-04-10T14:20:48.308+0000] {dag.py:3954} INFO - Setting next_dagrun for example_setup_teardown to 2025-04-09 00:00:00+00:00, run_after=2025-04-10 00:00:00+00:00
[2025-04-10T14:20:48.355+0000] {processor.py:183} INFO - Processing /home/airflow/.local/lib/python3.12/site-packages/airflow/example_dags/example_setup_teardown.py took 0.182 seconds
