[2025-04-10T13:35:41.662+0000] {processor.py:161} INFO - Started process (PID=88) to work on /home/airflow/.local/lib/python3.12/site-packages/airflow/example_dags/example_sensors.py
[2025-04-10T13:35:41.664+0000] {processor.py:830} INFO - Processing file /home/airflow/.local/lib/python3.12/site-packages/airflow/example_dags/example_sensors.py for tasks to queue
[2025-04-10T13:35:41.667+0000] {logging_mixin.py:188} INFO - [2025-04-10T13:35:41.667+0000] {dagbag.py:540} INFO - Filling up the DagBag from /home/airflow/.local/lib/python3.12/site-packages/airflow/example_dags/example_sensors.py
[2025-04-10T13:35:41.688+0000] {processor.py:840} INFO - DAG(s) 'example_sensors' retrieved from /home/airflow/.local/lib/python3.12/site-packages/airflow/example_dags/example_sensors.py
[2025-04-10T13:35:41.890+0000] {logging_mixin.py:188} INFO - [2025-04-10T13:35:41.889+0000] {dag.py:3096} INFO - Sync 1 DAGs
[2025-04-10T13:35:41.912+0000] {logging_mixin.py:188} INFO - [2025-04-10T13:35:41.911+0000] {dag.py:3954} INFO - Setting next_dagrun for example_sensors to None, run_after=None
[2025-04-10T13:35:41.950+0000] {processor.py:183} INFO - Processing /home/airflow/.local/lib/python3.12/site-packages/airflow/example_dags/example_sensors.py took 0.297 seconds
[2025-04-10T13:36:12.917+0000] {processor.py:161} INFO - Started process (PID=146) to work on /home/airflow/.local/lib/python3.12/site-packages/airflow/example_dags/example_sensors.py
[2025-04-10T13:36:12.919+0000] {processor.py:830} INFO - Processing file /home/airflow/.local/lib/python3.12/site-packages/airflow/example_dags/example_sensors.py for tasks to queue
[2025-04-10T13:36:12.921+0000] {logging_mixin.py:188} INFO - [2025-04-10T13:36:12.921+0000] {dagbag.py:540} INFO - Filling up the DagBag from /home/airflow/.local/lib/python3.12/site-packages/airflow/example_dags/example_sensors.py
[2025-04-10T13:36:12.937+0000] {processor.py:840} INFO - DAG(s) 'example_sensors' retrieved from /home/airflow/.local/lib/python3.12/site-packages/airflow/example_dags/example_sensors.py
[2025-04-10T13:36:12.982+0000] {logging_mixin.py:188} INFO - [2025-04-10T13:36:12.981+0000] {dag.py:3096} INFO - Sync 1 DAGs
[2025-04-10T13:36:13.004+0000] {logging_mixin.py:188} INFO - [2025-04-10T13:36:13.004+0000] {dag.py:3954} INFO - Setting next_dagrun for example_sensors to None, run_after=None
[2025-04-10T13:36:13.043+0000] {processor.py:183} INFO - Processing /home/airflow/.local/lib/python3.12/site-packages/airflow/example_dags/example_sensors.py took 0.134 seconds
[2025-04-10T13:36:43.727+0000] {processor.py:161} INFO - Started process (PID=204) to work on /home/airflow/.local/lib/python3.12/site-packages/airflow/example_dags/example_sensors.py
[2025-04-10T13:36:43.729+0000] {processor.py:830} INFO - Processing file /home/airflow/.local/lib/python3.12/site-packages/airflow/example_dags/example_sensors.py for tasks to queue
[2025-04-10T13:36:43.732+0000] {logging_mixin.py:188} INFO - [2025-04-10T13:36:43.731+0000] {dagbag.py:540} INFO - Filling up the DagBag from /home/airflow/.local/lib/python3.12/site-packages/airflow/example_dags/example_sensors.py
[2025-04-10T13:36:43.751+0000] {processor.py:840} INFO - DAG(s) 'example_sensors' retrieved from /home/airflow/.local/lib/python3.12/site-packages/airflow/example_dags/example_sensors.py
[2025-04-10T13:36:43.799+0000] {logging_mixin.py:188} INFO - [2025-04-10T13:36:43.799+0000] {dag.py:3096} INFO - Sync 1 DAGs
[2025-04-10T13:36:43.823+0000] {logging_mixin.py:188} INFO - [2025-04-10T13:36:43.823+0000] {dag.py:3954} INFO - Setting next_dagrun for example_sensors to None, run_after=None
[2025-04-10T13:36:43.857+0000] {processor.py:183} INFO - Processing /home/airflow/.local/lib/python3.12/site-packages/airflow/example_dags/example_sensors.py took 0.140 seconds
[2025-04-10T13:37:13.961+0000] {processor.py:161} INFO - Started process (PID=262) to work on /home/airflow/.local/lib/python3.12/site-packages/airflow/example_dags/example_sensors.py
[2025-04-10T13:37:13.962+0000] {processor.py:830} INFO - Processing file /home/airflow/.local/lib/python3.12/site-packages/airflow/example_dags/example_sensors.py for tasks to queue
[2025-04-10T13:37:13.966+0000] {logging_mixin.py:188} INFO - [2025-04-10T13:37:13.965+0000] {dagbag.py:540} INFO - Filling up the DagBag from /home/airflow/.local/lib/python3.12/site-packages/airflow/example_dags/example_sensors.py
[2025-04-10T13:37:13.982+0000] {processor.py:840} INFO - DAG(s) 'example_sensors' retrieved from /home/airflow/.local/lib/python3.12/site-packages/airflow/example_dags/example_sensors.py
[2025-04-10T13:37:14.028+0000] {logging_mixin.py:188} INFO - [2025-04-10T13:37:14.027+0000] {dag.py:3096} INFO - Sync 1 DAGs
[2025-04-10T13:37:14.051+0000] {logging_mixin.py:188} INFO - [2025-04-10T13:37:14.050+0000] {dag.py:3954} INFO - Setting next_dagrun for example_sensors to None, run_after=None
[2025-04-10T13:37:14.082+0000] {processor.py:183} INFO - Processing /home/airflow/.local/lib/python3.12/site-packages/airflow/example_dags/example_sensors.py took 0.131 seconds
[2025-04-10T13:37:44.461+0000] {processor.py:161} INFO - Started process (PID=320) to work on /home/airflow/.local/lib/python3.12/site-packages/airflow/example_dags/example_sensors.py
[2025-04-10T13:37:44.462+0000] {processor.py:830} INFO - Processing file /home/airflow/.local/lib/python3.12/site-packages/airflow/example_dags/example_sensors.py for tasks to queue
[2025-04-10T13:37:44.465+0000] {logging_mixin.py:188} INFO - [2025-04-10T13:37:44.465+0000] {dagbag.py:540} INFO - Filling up the DagBag from /home/airflow/.local/lib/python3.12/site-packages/airflow/example_dags/example_sensors.py
[2025-04-10T13:37:44.480+0000] {processor.py:840} INFO - DAG(s) 'example_sensors' retrieved from /home/airflow/.local/lib/python3.12/site-packages/airflow/example_dags/example_sensors.py
[2025-04-10T13:37:44.526+0000] {logging_mixin.py:188} INFO - [2025-04-10T13:37:44.525+0000] {dag.py:3096} INFO - Sync 1 DAGs
[2025-04-10T13:37:44.550+0000] {logging_mixin.py:188} INFO - [2025-04-10T13:37:44.550+0000] {dag.py:3954} INFO - Setting next_dagrun for example_sensors to None, run_after=None
[2025-04-10T13:37:44.585+0000] {processor.py:183} INFO - Processing /home/airflow/.local/lib/python3.12/site-packages/airflow/example_dags/example_sensors.py took 0.134 seconds
[2025-04-10T13:38:15.454+0000] {processor.py:161} INFO - Started process (PID=378) to work on /home/airflow/.local/lib/python3.12/site-packages/airflow/example_dags/example_sensors.py
[2025-04-10T13:38:15.455+0000] {processor.py:830} INFO - Processing file /home/airflow/.local/lib/python3.12/site-packages/airflow/example_dags/example_sensors.py for tasks to queue
[2025-04-10T13:38:15.458+0000] {logging_mixin.py:188} INFO - [2025-04-10T13:38:15.457+0000] {dagbag.py:540} INFO - Filling up the DagBag from /home/airflow/.local/lib/python3.12/site-packages/airflow/example_dags/example_sensors.py
[2025-04-10T13:38:15.472+0000] {processor.py:840} INFO - DAG(s) 'example_sensors' retrieved from /home/airflow/.local/lib/python3.12/site-packages/airflow/example_dags/example_sensors.py
[2025-04-10T13:38:15.520+0000] {logging_mixin.py:188} INFO - [2025-04-10T13:38:15.519+0000] {dag.py:3096} INFO - Sync 1 DAGs
[2025-04-10T13:38:15.542+0000] {logging_mixin.py:188} INFO - [2025-04-10T13:38:15.542+0000] {dag.py:3954} INFO - Setting next_dagrun for example_sensors to None, run_after=None
[2025-04-10T13:38:15.574+0000] {processor.py:183} INFO - Processing /home/airflow/.local/lib/python3.12/site-packages/airflow/example_dags/example_sensors.py took 0.129 seconds
[2025-04-10T13:38:46.174+0000] {processor.py:161} INFO - Started process (PID=436) to work on /home/airflow/.local/lib/python3.12/site-packages/airflow/example_dags/example_sensors.py
[2025-04-10T13:38:46.175+0000] {processor.py:830} INFO - Processing file /home/airflow/.local/lib/python3.12/site-packages/airflow/example_dags/example_sensors.py for tasks to queue
[2025-04-10T13:38:46.178+0000] {logging_mixin.py:188} INFO - [2025-04-10T13:38:46.178+0000] {dagbag.py:540} INFO - Filling up the DagBag from /home/airflow/.local/lib/python3.12/site-packages/airflow/example_dags/example_sensors.py
[2025-04-10T13:38:46.194+0000] {processor.py:840} INFO - DAG(s) 'example_sensors' retrieved from /home/airflow/.local/lib/python3.12/site-packages/airflow/example_dags/example_sensors.py
[2025-04-10T13:38:46.240+0000] {logging_mixin.py:188} INFO - [2025-04-10T13:38:46.240+0000] {dag.py:3096} INFO - Sync 1 DAGs
[2025-04-10T13:38:46.262+0000] {logging_mixin.py:188} INFO - [2025-04-10T13:38:46.262+0000] {dag.py:3954} INFO - Setting next_dagrun for example_sensors to None, run_after=None
[2025-04-10T13:38:46.293+0000] {processor.py:183} INFO - Processing /home/airflow/.local/lib/python3.12/site-packages/airflow/example_dags/example_sensors.py took 0.130 seconds
[2025-04-10T13:39:16.834+0000] {processor.py:161} INFO - Started process (PID=494) to work on /home/airflow/.local/lib/python3.12/site-packages/airflow/example_dags/example_sensors.py
[2025-04-10T13:39:16.835+0000] {processor.py:830} INFO - Processing file /home/airflow/.local/lib/python3.12/site-packages/airflow/example_dags/example_sensors.py for tasks to queue
[2025-04-10T13:39:16.838+0000] {logging_mixin.py:188} INFO - [2025-04-10T13:39:16.837+0000] {dagbag.py:540} INFO - Filling up the DagBag from /home/airflow/.local/lib/python3.12/site-packages/airflow/example_dags/example_sensors.py
[2025-04-10T13:39:16.853+0000] {processor.py:840} INFO - DAG(s) 'example_sensors' retrieved from /home/airflow/.local/lib/python3.12/site-packages/airflow/example_dags/example_sensors.py
[2025-04-10T13:39:16.902+0000] {logging_mixin.py:188} INFO - [2025-04-10T13:39:16.901+0000] {dag.py:3096} INFO - Sync 1 DAGs
[2025-04-10T13:39:16.927+0000] {logging_mixin.py:188} INFO - [2025-04-10T13:39:16.926+0000] {dag.py:3954} INFO - Setting next_dagrun for example_sensors to None, run_after=None
[2025-04-10T13:39:16.964+0000] {processor.py:183} INFO - Processing /home/airflow/.local/lib/python3.12/site-packages/airflow/example_dags/example_sensors.py took 0.139 seconds
[2025-04-10T13:39:47.253+0000] {processor.py:161} INFO - Started process (PID=552) to work on /home/airflow/.local/lib/python3.12/site-packages/airflow/example_dags/example_sensors.py
[2025-04-10T13:39:47.254+0000] {processor.py:830} INFO - Processing file /home/airflow/.local/lib/python3.12/site-packages/airflow/example_dags/example_sensors.py for tasks to queue
[2025-04-10T13:39:47.257+0000] {logging_mixin.py:188} INFO - [2025-04-10T13:39:47.256+0000] {dagbag.py:540} INFO - Filling up the DagBag from /home/airflow/.local/lib/python3.12/site-packages/airflow/example_dags/example_sensors.py
[2025-04-10T13:39:47.272+0000] {processor.py:840} INFO - DAG(s) 'example_sensors' retrieved from /home/airflow/.local/lib/python3.12/site-packages/airflow/example_dags/example_sensors.py
[2025-04-10T13:39:47.320+0000] {logging_mixin.py:188} INFO - [2025-04-10T13:39:47.320+0000] {dag.py:3096} INFO - Sync 1 DAGs
[2025-04-10T13:39:47.345+0000] {logging_mixin.py:188} INFO - [2025-04-10T13:39:47.345+0000] {dag.py:3954} INFO - Setting next_dagrun for example_sensors to None, run_after=None
[2025-04-10T13:39:47.382+0000] {processor.py:183} INFO - Processing /home/airflow/.local/lib/python3.12/site-packages/airflow/example_dags/example_sensors.py took 0.138 seconds
[2025-04-10T13:40:18.176+0000] {processor.py:161} INFO - Started process (PID=610) to work on /home/airflow/.local/lib/python3.12/site-packages/airflow/example_dags/example_sensors.py
[2025-04-10T13:40:18.178+0000] {processor.py:830} INFO - Processing file /home/airflow/.local/lib/python3.12/site-packages/airflow/example_dags/example_sensors.py for tasks to queue
[2025-04-10T13:40:18.181+0000] {logging_mixin.py:188} INFO - [2025-04-10T13:40:18.180+0000] {dagbag.py:540} INFO - Filling up the DagBag from /home/airflow/.local/lib/python3.12/site-packages/airflow/example_dags/example_sensors.py
[2025-04-10T13:40:18.195+0000] {processor.py:840} INFO - DAG(s) 'example_sensors' retrieved from /home/airflow/.local/lib/python3.12/site-packages/airflow/example_dags/example_sensors.py
[2025-04-10T13:40:18.240+0000] {logging_mixin.py:188} INFO - [2025-04-10T13:40:18.240+0000] {dag.py:3096} INFO - Sync 1 DAGs
[2025-04-10T13:40:18.264+0000] {logging_mixin.py:188} INFO - [2025-04-10T13:40:18.263+0000] {dag.py:3954} INFO - Setting next_dagrun for example_sensors to None, run_after=None
[2025-04-10T13:40:18.298+0000] {processor.py:183} INFO - Processing /home/airflow/.local/lib/python3.12/site-packages/airflow/example_dags/example_sensors.py took 0.130 seconds
[2025-04-10T13:40:49.035+0000] {processor.py:161} INFO - Started process (PID=668) to work on /home/airflow/.local/lib/python3.12/site-packages/airflow/example_dags/example_sensors.py
[2025-04-10T13:40:49.036+0000] {processor.py:830} INFO - Processing file /home/airflow/.local/lib/python3.12/site-packages/airflow/example_dags/example_sensors.py for tasks to queue
[2025-04-10T13:40:49.039+0000] {logging_mixin.py:188} INFO - [2025-04-10T13:40:49.038+0000] {dagbag.py:540} INFO - Filling up the DagBag from /home/airflow/.local/lib/python3.12/site-packages/airflow/example_dags/example_sensors.py
[2025-04-10T13:40:49.055+0000] {processor.py:840} INFO - DAG(s) 'example_sensors' retrieved from /home/airflow/.local/lib/python3.12/site-packages/airflow/example_dags/example_sensors.py
[2025-04-10T13:40:49.102+0000] {logging_mixin.py:188} INFO - [2025-04-10T13:40:49.102+0000] {dag.py:3096} INFO - Sync 1 DAGs
[2025-04-10T13:40:49.124+0000] {logging_mixin.py:188} INFO - [2025-04-10T13:40:49.124+0000] {dag.py:3954} INFO - Setting next_dagrun for example_sensors to None, run_after=None
[2025-04-10T13:40:49.156+0000] {processor.py:183} INFO - Processing /home/airflow/.local/lib/python3.12/site-packages/airflow/example_dags/example_sensors.py took 0.132 seconds
[2025-04-10T13:41:20.126+0000] {processor.py:161} INFO - Started process (PID=726) to work on /home/airflow/.local/lib/python3.12/site-packages/airflow/example_dags/example_sensors.py
[2025-04-10T13:41:20.127+0000] {processor.py:830} INFO - Processing file /home/airflow/.local/lib/python3.12/site-packages/airflow/example_dags/example_sensors.py for tasks to queue
[2025-04-10T13:41:20.131+0000] {logging_mixin.py:188} INFO - [2025-04-10T13:41:20.131+0000] {dagbag.py:540} INFO - Filling up the DagBag from /home/airflow/.local/lib/python3.12/site-packages/airflow/example_dags/example_sensors.py
[2025-04-10T13:41:20.150+0000] {processor.py:840} INFO - DAG(s) 'example_sensors' retrieved from /home/airflow/.local/lib/python3.12/site-packages/airflow/example_dags/example_sensors.py
[2025-04-10T13:41:20.201+0000] {logging_mixin.py:188} INFO - [2025-04-10T13:41:20.201+0000] {dag.py:3096} INFO - Sync 1 DAGs
[2025-04-10T13:41:20.228+0000] {logging_mixin.py:188} INFO - [2025-04-10T13:41:20.228+0000] {dag.py:3954} INFO - Setting next_dagrun for example_sensors to None, run_after=None
[2025-04-10T13:41:20.266+0000] {processor.py:183} INFO - Processing /home/airflow/.local/lib/python3.12/site-packages/airflow/example_dags/example_sensors.py took 0.154 seconds
[2025-04-10T13:50:04.899+0000] {processor.py:161} INFO - Started process (PID=88) to work on /home/airflow/.local/lib/python3.12/site-packages/airflow/example_dags/example_sensors.py
[2025-04-10T13:50:04.900+0000] {processor.py:830} INFO - Processing file /home/airflow/.local/lib/python3.12/site-packages/airflow/example_dags/example_sensors.py for tasks to queue
[2025-04-10T13:50:04.903+0000] {logging_mixin.py:188} INFO - [2025-04-10T13:50:04.903+0000] {dagbag.py:540} INFO - Filling up the DagBag from /home/airflow/.local/lib/python3.12/site-packages/airflow/example_dags/example_sensors.py
[2025-04-10T13:50:04.924+0000] {processor.py:840} INFO - DAG(s) 'example_sensors' retrieved from /home/airflow/.local/lib/python3.12/site-packages/airflow/example_dags/example_sensors.py
[2025-04-10T13:50:05.129+0000] {logging_mixin.py:188} INFO - [2025-04-10T13:50:05.129+0000] {dag.py:3096} INFO - Sync 1 DAGs
[2025-04-10T13:50:05.151+0000] {logging_mixin.py:188} INFO - [2025-04-10T13:50:05.150+0000] {dag.py:3954} INFO - Setting next_dagrun for example_sensors to None, run_after=None
[2025-04-10T13:50:05.186+0000] {processor.py:183} INFO - Processing /home/airflow/.local/lib/python3.12/site-packages/airflow/example_dags/example_sensors.py took 0.296 seconds
[2025-04-10T13:50:35.332+0000] {processor.py:161} INFO - Started process (PID=146) to work on /home/airflow/.local/lib/python3.12/site-packages/airflow/example_dags/example_sensors.py
[2025-04-10T13:50:35.334+0000] {processor.py:830} INFO - Processing file /home/airflow/.local/lib/python3.12/site-packages/airflow/example_dags/example_sensors.py for tasks to queue
[2025-04-10T13:50:35.336+0000] {logging_mixin.py:188} INFO - [2025-04-10T13:50:35.336+0000] {dagbag.py:540} INFO - Filling up the DagBag from /home/airflow/.local/lib/python3.12/site-packages/airflow/example_dags/example_sensors.py
[2025-04-10T13:50:35.351+0000] {processor.py:840} INFO - DAG(s) 'example_sensors' retrieved from /home/airflow/.local/lib/python3.12/site-packages/airflow/example_dags/example_sensors.py
[2025-04-10T13:50:35.397+0000] {logging_mixin.py:188} INFO - [2025-04-10T13:50:35.397+0000] {dag.py:3096} INFO - Sync 1 DAGs
[2025-04-10T13:50:35.420+0000] {logging_mixin.py:188} INFO - [2025-04-10T13:50:35.419+0000] {dag.py:3954} INFO - Setting next_dagrun for example_sensors to None, run_after=None
[2025-04-10T13:50:35.452+0000] {processor.py:183} INFO - Processing /home/airflow/.local/lib/python3.12/site-packages/airflow/example_dags/example_sensors.py took 0.130 seconds
[2025-04-10T13:51:05.730+0000] {processor.py:161} INFO - Started process (PID=204) to work on /home/airflow/.local/lib/python3.12/site-packages/airflow/example_dags/example_sensors.py
[2025-04-10T13:51:05.732+0000] {processor.py:830} INFO - Processing file /home/airflow/.local/lib/python3.12/site-packages/airflow/example_dags/example_sensors.py for tasks to queue
[2025-04-10T13:51:05.735+0000] {logging_mixin.py:188} INFO - [2025-04-10T13:51:05.734+0000] {dagbag.py:540} INFO - Filling up the DagBag from /home/airflow/.local/lib/python3.12/site-packages/airflow/example_dags/example_sensors.py
[2025-04-10T13:51:05.751+0000] {processor.py:840} INFO - DAG(s) 'example_sensors' retrieved from /home/airflow/.local/lib/python3.12/site-packages/airflow/example_dags/example_sensors.py
[2025-04-10T13:51:05.797+0000] {logging_mixin.py:188} INFO - [2025-04-10T13:51:05.797+0000] {dag.py:3096} INFO - Sync 1 DAGs
[2025-04-10T13:51:05.820+0000] {logging_mixin.py:188} INFO - [2025-04-10T13:51:05.820+0000] {dag.py:3954} INFO - Setting next_dagrun for example_sensors to None, run_after=None
[2025-04-10T13:51:05.855+0000] {processor.py:183} INFO - Processing /home/airflow/.local/lib/python3.12/site-packages/airflow/example_dags/example_sensors.py took 0.135 seconds
[2025-04-10T13:51:36.026+0000] {processor.py:161} INFO - Started process (PID=262) to work on /home/airflow/.local/lib/python3.12/site-packages/airflow/example_dags/example_sensors.py
[2025-04-10T13:51:36.027+0000] {processor.py:830} INFO - Processing file /home/airflow/.local/lib/python3.12/site-packages/airflow/example_dags/example_sensors.py for tasks to queue
[2025-04-10T13:51:36.031+0000] {logging_mixin.py:188} INFO - [2025-04-10T13:51:36.030+0000] {dagbag.py:540} INFO - Filling up the DagBag from /home/airflow/.local/lib/python3.12/site-packages/airflow/example_dags/example_sensors.py
[2025-04-10T13:51:36.047+0000] {processor.py:840} INFO - DAG(s) 'example_sensors' retrieved from /home/airflow/.local/lib/python3.12/site-packages/airflow/example_dags/example_sensors.py
[2025-04-10T13:51:36.095+0000] {logging_mixin.py:188} INFO - [2025-04-10T13:51:36.094+0000] {dag.py:3096} INFO - Sync 1 DAGs
[2025-04-10T13:51:36.118+0000] {logging_mixin.py:188} INFO - [2025-04-10T13:51:36.118+0000] {dag.py:3954} INFO - Setting next_dagrun for example_sensors to None, run_after=None
[2025-04-10T13:51:36.149+0000] {processor.py:183} INFO - Processing /home/airflow/.local/lib/python3.12/site-packages/airflow/example_dags/example_sensors.py took 0.132 seconds
[2025-04-10T13:52:06.545+0000] {processor.py:161} INFO - Started process (PID=320) to work on /home/airflow/.local/lib/python3.12/site-packages/airflow/example_dags/example_sensors.py
[2025-04-10T13:52:06.546+0000] {processor.py:830} INFO - Processing file /home/airflow/.local/lib/python3.12/site-packages/airflow/example_dags/example_sensors.py for tasks to queue
[2025-04-10T13:52:06.549+0000] {logging_mixin.py:188} INFO - [2025-04-10T13:52:06.549+0000] {dagbag.py:540} INFO - Filling up the DagBag from /home/airflow/.local/lib/python3.12/site-packages/airflow/example_dags/example_sensors.py
[2025-04-10T13:52:06.565+0000] {processor.py:840} INFO - DAG(s) 'example_sensors' retrieved from /home/airflow/.local/lib/python3.12/site-packages/airflow/example_dags/example_sensors.py
[2025-04-10T13:52:06.613+0000] {logging_mixin.py:188} INFO - [2025-04-10T13:52:06.612+0000] {dag.py:3096} INFO - Sync 1 DAGs
[2025-04-10T13:52:06.637+0000] {logging_mixin.py:188} INFO - [2025-04-10T13:52:06.636+0000] {dag.py:3954} INFO - Setting next_dagrun for example_sensors to None, run_after=None
[2025-04-10T13:52:06.673+0000] {processor.py:183} INFO - Processing /home/airflow/.local/lib/python3.12/site-packages/airflow/example_dags/example_sensors.py took 0.138 seconds
[2025-04-10T13:52:36.864+0000] {processor.py:161} INFO - Started process (PID=378) to work on /home/airflow/.local/lib/python3.12/site-packages/airflow/example_dags/example_sensors.py
[2025-04-10T13:52:36.865+0000] {processor.py:830} INFO - Processing file /home/airflow/.local/lib/python3.12/site-packages/airflow/example_dags/example_sensors.py for tasks to queue
[2025-04-10T13:52:36.868+0000] {logging_mixin.py:188} INFO - [2025-04-10T13:52:36.868+0000] {dagbag.py:540} INFO - Filling up the DagBag from /home/airflow/.local/lib/python3.12/site-packages/airflow/example_dags/example_sensors.py
[2025-04-10T13:52:36.884+0000] {processor.py:840} INFO - DAG(s) 'example_sensors' retrieved from /home/airflow/.local/lib/python3.12/site-packages/airflow/example_dags/example_sensors.py
[2025-04-10T13:52:36.932+0000] {logging_mixin.py:188} INFO - [2025-04-10T13:52:36.931+0000] {dag.py:3096} INFO - Sync 1 DAGs
[2025-04-10T13:52:36.958+0000] {logging_mixin.py:188} INFO - [2025-04-10T13:52:36.957+0000] {dag.py:3954} INFO - Setting next_dagrun for example_sensors to None, run_after=None
[2025-04-10T13:52:36.994+0000] {processor.py:183} INFO - Processing /home/airflow/.local/lib/python3.12/site-packages/airflow/example_dags/example_sensors.py took 0.140 seconds
[2025-04-10T13:53:07.230+0000] {processor.py:161} INFO - Started process (PID=436) to work on /home/airflow/.local/lib/python3.12/site-packages/airflow/example_dags/example_sensors.py
[2025-04-10T13:53:07.232+0000] {processor.py:830} INFO - Processing file /home/airflow/.local/lib/python3.12/site-packages/airflow/example_dags/example_sensors.py for tasks to queue
[2025-04-10T13:53:07.235+0000] {logging_mixin.py:188} INFO - [2025-04-10T13:53:07.234+0000] {dagbag.py:540} INFO - Filling up the DagBag from /home/airflow/.local/lib/python3.12/site-packages/airflow/example_dags/example_sensors.py
[2025-04-10T13:53:07.249+0000] {processor.py:840} INFO - DAG(s) 'example_sensors' retrieved from /home/airflow/.local/lib/python3.12/site-packages/airflow/example_dags/example_sensors.py
[2025-04-10T13:53:07.296+0000] {logging_mixin.py:188} INFO - [2025-04-10T13:53:07.295+0000] {dag.py:3096} INFO - Sync 1 DAGs
[2025-04-10T13:53:07.318+0000] {logging_mixin.py:188} INFO - [2025-04-10T13:53:07.318+0000] {dag.py:3954} INFO - Setting next_dagrun for example_sensors to None, run_after=None
[2025-04-10T13:53:07.352+0000] {processor.py:183} INFO - Processing /home/airflow/.local/lib/python3.12/site-packages/airflow/example_dags/example_sensors.py took 0.132 seconds
[2025-04-10T13:53:37.554+0000] {processor.py:161} INFO - Started process (PID=495) to work on /home/airflow/.local/lib/python3.12/site-packages/airflow/example_dags/example_sensors.py
[2025-04-10T13:53:37.556+0000] {processor.py:830} INFO - Processing file /home/airflow/.local/lib/python3.12/site-packages/airflow/example_dags/example_sensors.py for tasks to queue
[2025-04-10T13:53:37.559+0000] {logging_mixin.py:188} INFO - [2025-04-10T13:53:37.558+0000] {dagbag.py:540} INFO - Filling up the DagBag from /home/airflow/.local/lib/python3.12/site-packages/airflow/example_dags/example_sensors.py
[2025-04-10T13:53:37.575+0000] {processor.py:840} INFO - DAG(s) 'example_sensors' retrieved from /home/airflow/.local/lib/python3.12/site-packages/airflow/example_dags/example_sensors.py
[2025-04-10T13:53:37.623+0000] {logging_mixin.py:188} INFO - [2025-04-10T13:53:37.623+0000] {dag.py:3096} INFO - Sync 1 DAGs
[2025-04-10T13:53:37.646+0000] {logging_mixin.py:188} INFO - [2025-04-10T13:53:37.646+0000] {dag.py:3954} INFO - Setting next_dagrun for example_sensors to None, run_after=None
[2025-04-10T13:53:37.680+0000] {processor.py:183} INFO - Processing /home/airflow/.local/lib/python3.12/site-packages/airflow/example_dags/example_sensors.py took 0.135 seconds
[2025-04-10T13:54:08.244+0000] {processor.py:161} INFO - Started process (PID=553) to work on /home/airflow/.local/lib/python3.12/site-packages/airflow/example_dags/example_sensors.py
[2025-04-10T13:54:08.246+0000] {processor.py:830} INFO - Processing file /home/airflow/.local/lib/python3.12/site-packages/airflow/example_dags/example_sensors.py for tasks to queue
[2025-04-10T13:54:08.249+0000] {logging_mixin.py:188} INFO - [2025-04-10T13:54:08.248+0000] {dagbag.py:540} INFO - Filling up the DagBag from /home/airflow/.local/lib/python3.12/site-packages/airflow/example_dags/example_sensors.py
[2025-04-10T13:54:08.265+0000] {processor.py:840} INFO - DAG(s) 'example_sensors' retrieved from /home/airflow/.local/lib/python3.12/site-packages/airflow/example_dags/example_sensors.py
[2025-04-10T13:54:08.312+0000] {logging_mixin.py:188} INFO - [2025-04-10T13:54:08.311+0000] {dag.py:3096} INFO - Sync 1 DAGs
[2025-04-10T13:54:08.335+0000] {logging_mixin.py:188} INFO - [2025-04-10T13:54:08.335+0000] {dag.py:3954} INFO - Setting next_dagrun for example_sensors to None, run_after=None
[2025-04-10T13:54:08.369+0000] {processor.py:183} INFO - Processing /home/airflow/.local/lib/python3.12/site-packages/airflow/example_dags/example_sensors.py took 0.135 seconds
[2025-04-10T13:54:39.129+0000] {processor.py:161} INFO - Started process (PID=610) to work on /home/airflow/.local/lib/python3.12/site-packages/airflow/example_dags/example_sensors.py
[2025-04-10T13:54:39.130+0000] {processor.py:830} INFO - Processing file /home/airflow/.local/lib/python3.12/site-packages/airflow/example_dags/example_sensors.py for tasks to queue
[2025-04-10T13:54:39.133+0000] {logging_mixin.py:188} INFO - [2025-04-10T13:54:39.133+0000] {dagbag.py:540} INFO - Filling up the DagBag from /home/airflow/.local/lib/python3.12/site-packages/airflow/example_dags/example_sensors.py
[2025-04-10T13:54:39.152+0000] {processor.py:840} INFO - DAG(s) 'example_sensors' retrieved from /home/airflow/.local/lib/python3.12/site-packages/airflow/example_dags/example_sensors.py
[2025-04-10T13:54:39.201+0000] {logging_mixin.py:188} INFO - [2025-04-10T13:54:39.200+0000] {dag.py:3096} INFO - Sync 1 DAGs
[2025-04-10T13:54:39.225+0000] {logging_mixin.py:188} INFO - [2025-04-10T13:54:39.225+0000] {dag.py:3954} INFO - Setting next_dagrun for example_sensors to None, run_after=None
[2025-04-10T13:54:39.263+0000] {processor.py:183} INFO - Processing /home/airflow/.local/lib/python3.12/site-packages/airflow/example_dags/example_sensors.py took 0.145 seconds
[2025-04-10T13:55:09.524+0000] {processor.py:161} INFO - Started process (PID=670) to work on /home/airflow/.local/lib/python3.12/site-packages/airflow/example_dags/example_sensors.py
[2025-04-10T13:55:09.526+0000] {processor.py:830} INFO - Processing file /home/airflow/.local/lib/python3.12/site-packages/airflow/example_dags/example_sensors.py for tasks to queue
[2025-04-10T13:55:09.529+0000] {logging_mixin.py:188} INFO - [2025-04-10T13:55:09.529+0000] {dagbag.py:540} INFO - Filling up the DagBag from /home/airflow/.local/lib/python3.12/site-packages/airflow/example_dags/example_sensors.py
[2025-04-10T13:55:09.547+0000] {processor.py:840} INFO - DAG(s) 'example_sensors' retrieved from /home/airflow/.local/lib/python3.12/site-packages/airflow/example_dags/example_sensors.py
[2025-04-10T13:55:09.599+0000] {logging_mixin.py:188} INFO - [2025-04-10T13:55:09.598+0000] {dag.py:3096} INFO - Sync 1 DAGs
[2025-04-10T13:55:09.628+0000] {logging_mixin.py:188} INFO - [2025-04-10T13:55:09.628+0000] {dag.py:3954} INFO - Setting next_dagrun for example_sensors to None, run_after=None
[2025-04-10T13:55:09.669+0000] {processor.py:183} INFO - Processing /home/airflow/.local/lib/python3.12/site-packages/airflow/example_dags/example_sensors.py took 0.155 seconds
[2025-04-10T13:55:39.838+0000] {processor.py:161} INFO - Started process (PID=730) to work on /home/airflow/.local/lib/python3.12/site-packages/airflow/example_dags/example_sensors.py
[2025-04-10T13:55:39.839+0000] {processor.py:830} INFO - Processing file /home/airflow/.local/lib/python3.12/site-packages/airflow/example_dags/example_sensors.py for tasks to queue
[2025-04-10T13:55:39.842+0000] {logging_mixin.py:188} INFO - [2025-04-10T13:55:39.842+0000] {dagbag.py:540} INFO - Filling up the DagBag from /home/airflow/.local/lib/python3.12/site-packages/airflow/example_dags/example_sensors.py
[2025-04-10T13:55:39.857+0000] {processor.py:840} INFO - DAG(s) 'example_sensors' retrieved from /home/airflow/.local/lib/python3.12/site-packages/airflow/example_dags/example_sensors.py
[2025-04-10T13:55:39.904+0000] {logging_mixin.py:188} INFO - [2025-04-10T13:55:39.903+0000] {dag.py:3096} INFO - Sync 1 DAGs
[2025-04-10T13:55:39.930+0000] {logging_mixin.py:188} INFO - [2025-04-10T13:55:39.929+0000] {dag.py:3954} INFO - Setting next_dagrun for example_sensors to None, run_after=None
[2025-04-10T13:55:39.963+0000] {processor.py:183} INFO - Processing /home/airflow/.local/lib/python3.12/site-packages/airflow/example_dags/example_sensors.py took 0.134 seconds
[2025-04-10T13:56:10.763+0000] {processor.py:161} INFO - Started process (PID=790) to work on /home/airflow/.local/lib/python3.12/site-packages/airflow/example_dags/example_sensors.py
[2025-04-10T13:56:10.764+0000] {processor.py:830} INFO - Processing file /home/airflow/.local/lib/python3.12/site-packages/airflow/example_dags/example_sensors.py for tasks to queue
[2025-04-10T13:56:10.768+0000] {logging_mixin.py:188} INFO - [2025-04-10T13:56:10.767+0000] {dagbag.py:540} INFO - Filling up the DagBag from /home/airflow/.local/lib/python3.12/site-packages/airflow/example_dags/example_sensors.py
[2025-04-10T13:56:10.784+0000] {processor.py:840} INFO - DAG(s) 'example_sensors' retrieved from /home/airflow/.local/lib/python3.12/site-packages/airflow/example_dags/example_sensors.py
[2025-04-10T13:56:10.835+0000] {logging_mixin.py:188} INFO - [2025-04-10T13:56:10.835+0000] {dag.py:3096} INFO - Sync 1 DAGs
[2025-04-10T13:56:10.862+0000] {logging_mixin.py:188} INFO - [2025-04-10T13:56:10.861+0000] {dag.py:3954} INFO - Setting next_dagrun for example_sensors to None, run_after=None
[2025-04-10T13:56:10.897+0000] {processor.py:183} INFO - Processing /home/airflow/.local/lib/python3.12/site-packages/airflow/example_dags/example_sensors.py took 0.143 seconds
[2025-04-10T13:56:41.215+0000] {processor.py:161} INFO - Started process (PID=850) to work on /home/airflow/.local/lib/python3.12/site-packages/airflow/example_dags/example_sensors.py
[2025-04-10T13:56:41.216+0000] {processor.py:830} INFO - Processing file /home/airflow/.local/lib/python3.12/site-packages/airflow/example_dags/example_sensors.py for tasks to queue
[2025-04-10T13:56:41.220+0000] {logging_mixin.py:188} INFO - [2025-04-10T13:56:41.219+0000] {dagbag.py:540} INFO - Filling up the DagBag from /home/airflow/.local/lib/python3.12/site-packages/airflow/example_dags/example_sensors.py
[2025-04-10T13:56:41.236+0000] {processor.py:840} INFO - DAG(s) 'example_sensors' retrieved from /home/airflow/.local/lib/python3.12/site-packages/airflow/example_dags/example_sensors.py
[2025-04-10T13:56:41.286+0000] {logging_mixin.py:188} INFO - [2025-04-10T13:56:41.285+0000] {dag.py:3096} INFO - Sync 1 DAGs
[2025-04-10T13:56:41.311+0000] {logging_mixin.py:188} INFO - [2025-04-10T13:56:41.311+0000] {dag.py:3954} INFO - Setting next_dagrun for example_sensors to None, run_after=None
[2025-04-10T13:56:41.349+0000] {processor.py:183} INFO - Processing /home/airflow/.local/lib/python3.12/site-packages/airflow/example_dags/example_sensors.py took 0.145 seconds
[2025-04-10T13:57:11.475+0000] {processor.py:161} INFO - Started process (PID=910) to work on /home/airflow/.local/lib/python3.12/site-packages/airflow/example_dags/example_sensors.py
[2025-04-10T13:57:11.477+0000] {processor.py:830} INFO - Processing file /home/airflow/.local/lib/python3.12/site-packages/airflow/example_dags/example_sensors.py for tasks to queue
[2025-04-10T13:57:11.480+0000] {logging_mixin.py:188} INFO - [2025-04-10T13:57:11.479+0000] {dagbag.py:540} INFO - Filling up the DagBag from /home/airflow/.local/lib/python3.12/site-packages/airflow/example_dags/example_sensors.py
[2025-04-10T13:57:11.495+0000] {processor.py:840} INFO - DAG(s) 'example_sensors' retrieved from /home/airflow/.local/lib/python3.12/site-packages/airflow/example_dags/example_sensors.py
[2025-04-10T13:57:11.542+0000] {logging_mixin.py:188} INFO - [2025-04-10T13:57:11.541+0000] {dag.py:3096} INFO - Sync 1 DAGs
[2025-04-10T13:57:11.564+0000] {logging_mixin.py:188} INFO - [2025-04-10T13:57:11.564+0000] {dag.py:3954} INFO - Setting next_dagrun for example_sensors to None, run_after=None
[2025-04-10T13:57:11.598+0000] {processor.py:183} INFO - Processing /home/airflow/.local/lib/python3.12/site-packages/airflow/example_dags/example_sensors.py took 0.132 seconds
[2025-04-10T13:57:41.785+0000] {processor.py:161} INFO - Started process (PID=970) to work on /home/airflow/.local/lib/python3.12/site-packages/airflow/example_dags/example_sensors.py
[2025-04-10T13:57:41.787+0000] {processor.py:830} INFO - Processing file /home/airflow/.local/lib/python3.12/site-packages/airflow/example_dags/example_sensors.py for tasks to queue
[2025-04-10T13:57:41.790+0000] {logging_mixin.py:188} INFO - [2025-04-10T13:57:41.790+0000] {dagbag.py:540} INFO - Filling up the DagBag from /home/airflow/.local/lib/python3.12/site-packages/airflow/example_dags/example_sensors.py
[2025-04-10T13:57:41.806+0000] {processor.py:840} INFO - DAG(s) 'example_sensors' retrieved from /home/airflow/.local/lib/python3.12/site-packages/airflow/example_dags/example_sensors.py
[2025-04-10T13:57:41.854+0000] {logging_mixin.py:188} INFO - [2025-04-10T13:57:41.853+0000] {dag.py:3096} INFO - Sync 1 DAGs
[2025-04-10T13:57:41.877+0000] {logging_mixin.py:188} INFO - [2025-04-10T13:57:41.877+0000] {dag.py:3954} INFO - Setting next_dagrun for example_sensors to None, run_after=None
[2025-04-10T13:57:41.911+0000] {processor.py:183} INFO - Processing /home/airflow/.local/lib/python3.12/site-packages/airflow/example_dags/example_sensors.py took 0.136 seconds
[2025-04-10T13:58:12.701+0000] {processor.py:161} INFO - Started process (PID=1030) to work on /home/airflow/.local/lib/python3.12/site-packages/airflow/example_dags/example_sensors.py
[2025-04-10T13:58:12.703+0000] {processor.py:830} INFO - Processing file /home/airflow/.local/lib/python3.12/site-packages/airflow/example_dags/example_sensors.py for tasks to queue
[2025-04-10T13:58:12.706+0000] {logging_mixin.py:188} INFO - [2025-04-10T13:58:12.705+0000] {dagbag.py:540} INFO - Filling up the DagBag from /home/airflow/.local/lib/python3.12/site-packages/airflow/example_dags/example_sensors.py
[2025-04-10T13:58:12.720+0000] {processor.py:840} INFO - DAG(s) 'example_sensors' retrieved from /home/airflow/.local/lib/python3.12/site-packages/airflow/example_dags/example_sensors.py
[2025-04-10T13:58:12.768+0000] {logging_mixin.py:188} INFO - [2025-04-10T13:58:12.767+0000] {dag.py:3096} INFO - Sync 1 DAGs
[2025-04-10T13:58:12.791+0000] {logging_mixin.py:188} INFO - [2025-04-10T13:58:12.790+0000] {dag.py:3954} INFO - Setting next_dagrun for example_sensors to None, run_after=None
[2025-04-10T13:58:12.826+0000] {processor.py:183} INFO - Processing /home/airflow/.local/lib/python3.12/site-packages/airflow/example_dags/example_sensors.py took 0.135 seconds
[2025-04-10T13:58:42.948+0000] {processor.py:161} INFO - Started process (PID=1090) to work on /home/airflow/.local/lib/python3.12/site-packages/airflow/example_dags/example_sensors.py
[2025-04-10T13:58:42.949+0000] {processor.py:830} INFO - Processing file /home/airflow/.local/lib/python3.12/site-packages/airflow/example_dags/example_sensors.py for tasks to queue
[2025-04-10T13:58:42.952+0000] {logging_mixin.py:188} INFO - [2025-04-10T13:58:42.952+0000] {dagbag.py:540} INFO - Filling up the DagBag from /home/airflow/.local/lib/python3.12/site-packages/airflow/example_dags/example_sensors.py
[2025-04-10T13:58:42.967+0000] {processor.py:840} INFO - DAG(s) 'example_sensors' retrieved from /home/airflow/.local/lib/python3.12/site-packages/airflow/example_dags/example_sensors.py
[2025-04-10T13:58:43.014+0000] {logging_mixin.py:188} INFO - [2025-04-10T13:58:43.014+0000] {dag.py:3096} INFO - Sync 1 DAGs
[2025-04-10T13:58:43.038+0000] {logging_mixin.py:188} INFO - [2025-04-10T13:58:43.037+0000] {dag.py:3954} INFO - Setting next_dagrun for example_sensors to None, run_after=None
[2025-04-10T13:58:43.075+0000] {processor.py:183} INFO - Processing /home/airflow/.local/lib/python3.12/site-packages/airflow/example_dags/example_sensors.py took 0.137 seconds
[2025-04-10T13:59:15.612+0000] {processor.py:161} INFO - Started process (PID=1151) to work on /home/airflow/.local/lib/python3.12/site-packages/airflow/example_dags/example_sensors.py
[2025-04-10T13:59:15.614+0000] {processor.py:830} INFO - Processing file /home/airflow/.local/lib/python3.12/site-packages/airflow/example_dags/example_sensors.py for tasks to queue
[2025-04-10T13:59:15.619+0000] {logging_mixin.py:188} INFO - [2025-04-10T13:59:15.618+0000] {dagbag.py:540} INFO - Filling up the DagBag from /home/airflow/.local/lib/python3.12/site-packages/airflow/example_dags/example_sensors.py
[2025-04-10T13:59:15.654+0000] {processor.py:840} INFO - DAG(s) 'example_sensors' retrieved from /home/airflow/.local/lib/python3.12/site-packages/airflow/example_dags/example_sensors.py
[2025-04-10T13:59:15.716+0000] {logging_mixin.py:188} INFO - [2025-04-10T13:59:15.715+0000] {dag.py:3096} INFO - Sync 1 DAGs
[2025-04-10T13:59:15.751+0000] {logging_mixin.py:188} INFO - [2025-04-10T13:59:15.750+0000] {dag.py:3954} INFO - Setting next_dagrun for example_sensors to None, run_after=None
[2025-04-10T13:59:15.800+0000] {processor.py:183} INFO - Processing /home/airflow/.local/lib/python3.12/site-packages/airflow/example_dags/example_sensors.py took 0.202 seconds
[2025-04-10T13:59:46.226+0000] {processor.py:161} INFO - Started process (PID=1211) to work on /home/airflow/.local/lib/python3.12/site-packages/airflow/example_dags/example_sensors.py
[2025-04-10T13:59:46.228+0000] {processor.py:830} INFO - Processing file /home/airflow/.local/lib/python3.12/site-packages/airflow/example_dags/example_sensors.py for tasks to queue
[2025-04-10T13:59:46.231+0000] {logging_mixin.py:188} INFO - [2025-04-10T13:59:46.231+0000] {dagbag.py:540} INFO - Filling up the DagBag from /home/airflow/.local/lib/python3.12/site-packages/airflow/example_dags/example_sensors.py
[2025-04-10T13:59:46.247+0000] {processor.py:840} INFO - DAG(s) 'example_sensors' retrieved from /home/airflow/.local/lib/python3.12/site-packages/airflow/example_dags/example_sensors.py
[2025-04-10T13:59:46.296+0000] {logging_mixin.py:188} INFO - [2025-04-10T13:59:46.295+0000] {dag.py:3096} INFO - Sync 1 DAGs
[2025-04-10T13:59:46.319+0000] {logging_mixin.py:188} INFO - [2025-04-10T13:59:46.319+0000] {dag.py:3954} INFO - Setting next_dagrun for example_sensors to None, run_after=None
[2025-04-10T13:59:46.551+0000] {processor.py:183} INFO - Processing /home/airflow/.local/lib/python3.12/site-packages/airflow/example_dags/example_sensors.py took 0.334 seconds
[2025-04-10T14:00:16.944+0000] {processor.py:161} INFO - Started process (PID=1271) to work on /home/airflow/.local/lib/python3.12/site-packages/airflow/example_dags/example_sensors.py
[2025-04-10T14:00:16.946+0000] {processor.py:830} INFO - Processing file /home/airflow/.local/lib/python3.12/site-packages/airflow/example_dags/example_sensors.py for tasks to queue
[2025-04-10T14:00:16.949+0000] {logging_mixin.py:188} INFO - [2025-04-10T14:00:16.948+0000] {dagbag.py:540} INFO - Filling up the DagBag from /home/airflow/.local/lib/python3.12/site-packages/airflow/example_dags/example_sensors.py
[2025-04-10T14:00:16.965+0000] {processor.py:840} INFO - DAG(s) 'example_sensors' retrieved from /home/airflow/.local/lib/python3.12/site-packages/airflow/example_dags/example_sensors.py
[2025-04-10T14:00:17.014+0000] {logging_mixin.py:188} INFO - [2025-04-10T14:00:17.013+0000] {dag.py:3096} INFO - Sync 1 DAGs
[2025-04-10T14:00:17.036+0000] {logging_mixin.py:188} INFO - [2025-04-10T14:00:17.036+0000] {dag.py:3954} INFO - Setting next_dagrun for example_sensors to None, run_after=None
[2025-04-10T14:00:17.069+0000] {processor.py:183} INFO - Processing /home/airflow/.local/lib/python3.12/site-packages/airflow/example_dags/example_sensors.py took 0.135 seconds
[2025-04-10T14:00:48.175+0000] {processor.py:161} INFO - Started process (PID=1332) to work on /home/airflow/.local/lib/python3.12/site-packages/airflow/example_dags/example_sensors.py
[2025-04-10T14:00:48.177+0000] {processor.py:830} INFO - Processing file /home/airflow/.local/lib/python3.12/site-packages/airflow/example_dags/example_sensors.py for tasks to queue
[2025-04-10T14:00:48.180+0000] {logging_mixin.py:188} INFO - [2025-04-10T14:00:48.179+0000] {dagbag.py:540} INFO - Filling up the DagBag from /home/airflow/.local/lib/python3.12/site-packages/airflow/example_dags/example_sensors.py
[2025-04-10T14:00:48.194+0000] {processor.py:840} INFO - DAG(s) 'example_sensors' retrieved from /home/airflow/.local/lib/python3.12/site-packages/airflow/example_dags/example_sensors.py
[2025-04-10T14:00:48.242+0000] {logging_mixin.py:188} INFO - [2025-04-10T14:00:48.242+0000] {dag.py:3096} INFO - Sync 1 DAGs
[2025-04-10T14:00:48.266+0000] {logging_mixin.py:188} INFO - [2025-04-10T14:00:48.266+0000] {dag.py:3954} INFO - Setting next_dagrun for example_sensors to None, run_after=None
[2025-04-10T14:00:48.300+0000] {processor.py:183} INFO - Processing /home/airflow/.local/lib/python3.12/site-packages/airflow/example_dags/example_sensors.py took 0.135 seconds
[2025-04-10T14:01:19.318+0000] {processor.py:161} INFO - Started process (PID=1392) to work on /home/airflow/.local/lib/python3.12/site-packages/airflow/example_dags/example_sensors.py
[2025-04-10T14:01:19.320+0000] {processor.py:830} INFO - Processing file /home/airflow/.local/lib/python3.12/site-packages/airflow/example_dags/example_sensors.py for tasks to queue
[2025-04-10T14:01:19.323+0000] {logging_mixin.py:188} INFO - [2025-04-10T14:01:19.323+0000] {dagbag.py:540} INFO - Filling up the DagBag from /home/airflow/.local/lib/python3.12/site-packages/airflow/example_dags/example_sensors.py
[2025-04-10T14:01:19.338+0000] {processor.py:840} INFO - DAG(s) 'example_sensors' retrieved from /home/airflow/.local/lib/python3.12/site-packages/airflow/example_dags/example_sensors.py
[2025-04-10T14:01:19.387+0000] {logging_mixin.py:188} INFO - [2025-04-10T14:01:19.386+0000] {dag.py:3096} INFO - Sync 1 DAGs
[2025-04-10T14:01:19.410+0000] {logging_mixin.py:188} INFO - [2025-04-10T14:01:19.410+0000] {dag.py:3954} INFO - Setting next_dagrun for example_sensors to None, run_after=None
[2025-04-10T14:01:19.445+0000] {processor.py:183} INFO - Processing /home/airflow/.local/lib/python3.12/site-packages/airflow/example_dags/example_sensors.py took 0.136 seconds
[2025-04-10T14:01:49.972+0000] {processor.py:161} INFO - Started process (PID=1452) to work on /home/airflow/.local/lib/python3.12/site-packages/airflow/example_dags/example_sensors.py
[2025-04-10T14:01:49.974+0000] {processor.py:830} INFO - Processing file /home/airflow/.local/lib/python3.12/site-packages/airflow/example_dags/example_sensors.py for tasks to queue
[2025-04-10T14:01:49.977+0000] {logging_mixin.py:188} INFO - [2025-04-10T14:01:49.976+0000] {dagbag.py:540} INFO - Filling up the DagBag from /home/airflow/.local/lib/python3.12/site-packages/airflow/example_dags/example_sensors.py
[2025-04-10T14:01:49.993+0000] {processor.py:840} INFO - DAG(s) 'example_sensors' retrieved from /home/airflow/.local/lib/python3.12/site-packages/airflow/example_dags/example_sensors.py
[2025-04-10T14:01:50.039+0000] {logging_mixin.py:188} INFO - [2025-04-10T14:01:50.039+0000] {dag.py:3096} INFO - Sync 1 DAGs
[2025-04-10T14:01:50.062+0000] {logging_mixin.py:188} INFO - [2025-04-10T14:01:50.062+0000] {dag.py:3954} INFO - Setting next_dagrun for example_sensors to None, run_after=None
[2025-04-10T14:01:50.096+0000] {processor.py:183} INFO - Processing /home/airflow/.local/lib/python3.12/site-packages/airflow/example_dags/example_sensors.py took 0.134 seconds
[2025-04-10T14:02:20.997+0000] {processor.py:161} INFO - Started process (PID=1512) to work on /home/airflow/.local/lib/python3.12/site-packages/airflow/example_dags/example_sensors.py
[2025-04-10T14:02:20.999+0000] {processor.py:830} INFO - Processing file /home/airflow/.local/lib/python3.12/site-packages/airflow/example_dags/example_sensors.py for tasks to queue
[2025-04-10T14:02:21.002+0000] {logging_mixin.py:188} INFO - [2025-04-10T14:02:21.001+0000] {dagbag.py:540} INFO - Filling up the DagBag from /home/airflow/.local/lib/python3.12/site-packages/airflow/example_dags/example_sensors.py
[2025-04-10T14:02:21.017+0000] {processor.py:840} INFO - DAG(s) 'example_sensors' retrieved from /home/airflow/.local/lib/python3.12/site-packages/airflow/example_dags/example_sensors.py
[2025-04-10T14:02:21.065+0000] {logging_mixin.py:188} INFO - [2025-04-10T14:02:21.064+0000] {dag.py:3096} INFO - Sync 1 DAGs
[2025-04-10T14:02:21.089+0000] {logging_mixin.py:188} INFO - [2025-04-10T14:02:21.088+0000] {dag.py:3954} INFO - Setting next_dagrun for example_sensors to None, run_after=None
[2025-04-10T14:02:21.121+0000] {processor.py:183} INFO - Processing /home/airflow/.local/lib/python3.12/site-packages/airflow/example_dags/example_sensors.py took 0.134 seconds
[2025-04-10T14:02:52.238+0000] {processor.py:161} INFO - Started process (PID=1572) to work on /home/airflow/.local/lib/python3.12/site-packages/airflow/example_dags/example_sensors.py
[2025-04-10T14:02:52.240+0000] {processor.py:830} INFO - Processing file /home/airflow/.local/lib/python3.12/site-packages/airflow/example_dags/example_sensors.py for tasks to queue
[2025-04-10T14:02:52.242+0000] {logging_mixin.py:188} INFO - [2025-04-10T14:02:52.242+0000] {dagbag.py:540} INFO - Filling up the DagBag from /home/airflow/.local/lib/python3.12/site-packages/airflow/example_dags/example_sensors.py
[2025-04-10T14:02:52.258+0000] {processor.py:840} INFO - DAG(s) 'example_sensors' retrieved from /home/airflow/.local/lib/python3.12/site-packages/airflow/example_dags/example_sensors.py
[2025-04-10T14:02:52.305+0000] {logging_mixin.py:188} INFO - [2025-04-10T14:02:52.305+0000] {dag.py:3096} INFO - Sync 1 DAGs
[2025-04-10T14:02:52.331+0000] {logging_mixin.py:188} INFO - [2025-04-10T14:02:52.330+0000] {dag.py:3954} INFO - Setting next_dagrun for example_sensors to None, run_after=None
[2025-04-10T14:02:52.372+0000] {processor.py:183} INFO - Processing /home/airflow/.local/lib/python3.12/site-packages/airflow/example_dags/example_sensors.py took 0.145 seconds
[2025-04-10T14:03:22.958+0000] {processor.py:161} INFO - Started process (PID=1632) to work on /home/airflow/.local/lib/python3.12/site-packages/airflow/example_dags/example_sensors.py
[2025-04-10T14:03:22.962+0000] {processor.py:830} INFO - Processing file /home/airflow/.local/lib/python3.12/site-packages/airflow/example_dags/example_sensors.py for tasks to queue
[2025-04-10T14:03:22.967+0000] {logging_mixin.py:188} INFO - [2025-04-10T14:03:22.966+0000] {dagbag.py:540} INFO - Filling up the DagBag from /home/airflow/.local/lib/python3.12/site-packages/airflow/example_dags/example_sensors.py
[2025-04-10T14:03:22.984+0000] {processor.py:840} INFO - DAG(s) 'example_sensors' retrieved from /home/airflow/.local/lib/python3.12/site-packages/airflow/example_dags/example_sensors.py
[2025-04-10T14:03:23.050+0000] {logging_mixin.py:188} INFO - [2025-04-10T14:03:23.049+0000] {dag.py:3096} INFO - Sync 1 DAGs
[2025-04-10T14:03:23.076+0000] {logging_mixin.py:188} INFO - [2025-04-10T14:03:23.076+0000] {dag.py:3954} INFO - Setting next_dagrun for example_sensors to None, run_after=None
[2025-04-10T14:03:23.117+0000] {processor.py:183} INFO - Processing /home/airflow/.local/lib/python3.12/site-packages/airflow/example_dags/example_sensors.py took 0.171 seconds
[2025-04-10T14:03:53.619+0000] {processor.py:161} INFO - Started process (PID=1692) to work on /home/airflow/.local/lib/python3.12/site-packages/airflow/example_dags/example_sensors.py
[2025-04-10T14:03:53.621+0000] {processor.py:830} INFO - Processing file /home/airflow/.local/lib/python3.12/site-packages/airflow/example_dags/example_sensors.py for tasks to queue
[2025-04-10T14:03:53.624+0000] {logging_mixin.py:188} INFO - [2025-04-10T14:03:53.623+0000] {dagbag.py:540} INFO - Filling up the DagBag from /home/airflow/.local/lib/python3.12/site-packages/airflow/example_dags/example_sensors.py
[2025-04-10T14:03:53.639+0000] {processor.py:840} INFO - DAG(s) 'example_sensors' retrieved from /home/airflow/.local/lib/python3.12/site-packages/airflow/example_dags/example_sensors.py
[2025-04-10T14:03:53.685+0000] {logging_mixin.py:188} INFO - [2025-04-10T14:03:53.685+0000] {dag.py:3096} INFO - Sync 1 DAGs
[2025-04-10T14:03:53.710+0000] {logging_mixin.py:188} INFO - [2025-04-10T14:03:53.709+0000] {dag.py:3954} INFO - Setting next_dagrun for example_sensors to None, run_after=None
[2025-04-10T14:03:53.744+0000] {processor.py:183} INFO - Processing /home/airflow/.local/lib/python3.12/site-packages/airflow/example_dags/example_sensors.py took 0.134 seconds
[2025-04-10T14:04:24.365+0000] {processor.py:161} INFO - Started process (PID=1753) to work on /home/airflow/.local/lib/python3.12/site-packages/airflow/example_dags/example_sensors.py
[2025-04-10T14:04:24.367+0000] {processor.py:830} INFO - Processing file /home/airflow/.local/lib/python3.12/site-packages/airflow/example_dags/example_sensors.py for tasks to queue
[2025-04-10T14:04:24.370+0000] {logging_mixin.py:188} INFO - [2025-04-10T14:04:24.369+0000] {dagbag.py:540} INFO - Filling up the DagBag from /home/airflow/.local/lib/python3.12/site-packages/airflow/example_dags/example_sensors.py
[2025-04-10T14:04:24.385+0000] {processor.py:840} INFO - DAG(s) 'example_sensors' retrieved from /home/airflow/.local/lib/python3.12/site-packages/airflow/example_dags/example_sensors.py
[2025-04-10T14:04:24.433+0000] {logging_mixin.py:188} INFO - [2025-04-10T14:04:24.432+0000] {dag.py:3096} INFO - Sync 1 DAGs
[2025-04-10T14:04:24.457+0000] {logging_mixin.py:188} INFO - [2025-04-10T14:04:24.457+0000] {dag.py:3954} INFO - Setting next_dagrun for example_sensors to None, run_after=None
[2025-04-10T14:04:24.492+0000] {processor.py:183} INFO - Processing /home/airflow/.local/lib/python3.12/site-packages/airflow/example_dags/example_sensors.py took 0.136 seconds
[2025-04-10T14:04:54.650+0000] {processor.py:161} INFO - Started process (PID=1811) to work on /home/airflow/.local/lib/python3.12/site-packages/airflow/example_dags/example_sensors.py
[2025-04-10T14:04:54.651+0000] {processor.py:830} INFO - Processing file /home/airflow/.local/lib/python3.12/site-packages/airflow/example_dags/example_sensors.py for tasks to queue
[2025-04-10T14:04:54.655+0000] {logging_mixin.py:188} INFO - [2025-04-10T14:04:54.654+0000] {dagbag.py:540} INFO - Filling up the DagBag from /home/airflow/.local/lib/python3.12/site-packages/airflow/example_dags/example_sensors.py
[2025-04-10T14:04:54.670+0000] {processor.py:840} INFO - DAG(s) 'example_sensors' retrieved from /home/airflow/.local/lib/python3.12/site-packages/airflow/example_dags/example_sensors.py
[2025-04-10T14:04:54.719+0000] {logging_mixin.py:188} INFO - [2025-04-10T14:04:54.718+0000] {dag.py:3096} INFO - Sync 1 DAGs
[2025-04-10T14:04:54.742+0000] {logging_mixin.py:188} INFO - [2025-04-10T14:04:54.741+0000] {dag.py:3954} INFO - Setting next_dagrun for example_sensors to None, run_after=None
[2025-04-10T14:04:54.778+0000] {processor.py:183} INFO - Processing /home/airflow/.local/lib/python3.12/site-packages/airflow/example_dags/example_sensors.py took 0.138 seconds
[2025-04-10T14:05:25.142+0000] {processor.py:161} INFO - Started process (PID=1871) to work on /home/airflow/.local/lib/python3.12/site-packages/airflow/example_dags/example_sensors.py
[2025-04-10T14:05:25.143+0000] {processor.py:830} INFO - Processing file /home/airflow/.local/lib/python3.12/site-packages/airflow/example_dags/example_sensors.py for tasks to queue
[2025-04-10T14:05:25.146+0000] {logging_mixin.py:188} INFO - [2025-04-10T14:05:25.146+0000] {dagbag.py:540} INFO - Filling up the DagBag from /home/airflow/.local/lib/python3.12/site-packages/airflow/example_dags/example_sensors.py
[2025-04-10T14:05:25.162+0000] {processor.py:840} INFO - DAG(s) 'example_sensors' retrieved from /home/airflow/.local/lib/python3.12/site-packages/airflow/example_dags/example_sensors.py
[2025-04-10T14:05:25.215+0000] {logging_mixin.py:188} INFO - [2025-04-10T14:05:25.214+0000] {dag.py:3096} INFO - Sync 1 DAGs
[2025-04-10T14:05:25.242+0000] {logging_mixin.py:188} INFO - [2025-04-10T14:05:25.241+0000] {dag.py:3954} INFO - Setting next_dagrun for example_sensors to None, run_after=None
[2025-04-10T14:05:25.278+0000] {processor.py:183} INFO - Processing /home/airflow/.local/lib/python3.12/site-packages/airflow/example_dags/example_sensors.py took 0.147 seconds
[2025-04-10T14:05:55.434+0000] {processor.py:161} INFO - Started process (PID=1931) to work on /home/airflow/.local/lib/python3.12/site-packages/airflow/example_dags/example_sensors.py
[2025-04-10T14:05:55.435+0000] {processor.py:830} INFO - Processing file /home/airflow/.local/lib/python3.12/site-packages/airflow/example_dags/example_sensors.py for tasks to queue
[2025-04-10T14:05:55.438+0000] {logging_mixin.py:188} INFO - [2025-04-10T14:05:55.438+0000] {dagbag.py:540} INFO - Filling up the DagBag from /home/airflow/.local/lib/python3.12/site-packages/airflow/example_dags/example_sensors.py
[2025-04-10T14:05:55.454+0000] {processor.py:840} INFO - DAG(s) 'example_sensors' retrieved from /home/airflow/.local/lib/python3.12/site-packages/airflow/example_dags/example_sensors.py
[2025-04-10T14:05:55.502+0000] {logging_mixin.py:188} INFO - [2025-04-10T14:05:55.502+0000] {dag.py:3096} INFO - Sync 1 DAGs
[2025-04-10T14:05:55.529+0000] {logging_mixin.py:188} INFO - [2025-04-10T14:05:55.528+0000] {dag.py:3954} INFO - Setting next_dagrun for example_sensors to None, run_after=None
[2025-04-10T14:05:55.565+0000] {processor.py:183} INFO - Processing /home/airflow/.local/lib/python3.12/site-packages/airflow/example_dags/example_sensors.py took 0.141 seconds
[2025-04-10T14:06:25.871+0000] {processor.py:161} INFO - Started process (PID=1991) to work on /home/airflow/.local/lib/python3.12/site-packages/airflow/example_dags/example_sensors.py
[2025-04-10T14:06:25.872+0000] {processor.py:830} INFO - Processing file /home/airflow/.local/lib/python3.12/site-packages/airflow/example_dags/example_sensors.py for tasks to queue
[2025-04-10T14:06:25.875+0000] {logging_mixin.py:188} INFO - [2025-04-10T14:06:25.874+0000] {dagbag.py:540} INFO - Filling up the DagBag from /home/airflow/.local/lib/python3.12/site-packages/airflow/example_dags/example_sensors.py
[2025-04-10T14:06:25.890+0000] {processor.py:840} INFO - DAG(s) 'example_sensors' retrieved from /home/airflow/.local/lib/python3.12/site-packages/airflow/example_dags/example_sensors.py
[2025-04-10T14:06:25.937+0000] {logging_mixin.py:188} INFO - [2025-04-10T14:06:25.936+0000] {dag.py:3096} INFO - Sync 1 DAGs
[2025-04-10T14:06:25.960+0000] {logging_mixin.py:188} INFO - [2025-04-10T14:06:25.960+0000] {dag.py:3954} INFO - Setting next_dagrun for example_sensors to None, run_after=None
[2025-04-10T14:06:25.994+0000] {processor.py:183} INFO - Processing /home/airflow/.local/lib/python3.12/site-packages/airflow/example_dags/example_sensors.py took 0.133 seconds
[2025-04-10T14:06:56.451+0000] {processor.py:161} INFO - Started process (PID=2051) to work on /home/airflow/.local/lib/python3.12/site-packages/airflow/example_dags/example_sensors.py
[2025-04-10T14:06:56.452+0000] {processor.py:830} INFO - Processing file /home/airflow/.local/lib/python3.12/site-packages/airflow/example_dags/example_sensors.py for tasks to queue
[2025-04-10T14:06:56.455+0000] {logging_mixin.py:188} INFO - [2025-04-10T14:06:56.455+0000] {dagbag.py:540} INFO - Filling up the DagBag from /home/airflow/.local/lib/python3.12/site-packages/airflow/example_dags/example_sensors.py
[2025-04-10T14:06:56.471+0000] {processor.py:840} INFO - DAG(s) 'example_sensors' retrieved from /home/airflow/.local/lib/python3.12/site-packages/airflow/example_dags/example_sensors.py
[2025-04-10T14:06:56.519+0000] {logging_mixin.py:188} INFO - [2025-04-10T14:06:56.519+0000] {dag.py:3096} INFO - Sync 1 DAGs
[2025-04-10T14:06:56.542+0000] {logging_mixin.py:188} INFO - [2025-04-10T14:06:56.542+0000] {dag.py:3954} INFO - Setting next_dagrun for example_sensors to None, run_after=None
[2025-04-10T14:06:56.577+0000] {processor.py:183} INFO - Processing /home/airflow/.local/lib/python3.12/site-packages/airflow/example_dags/example_sensors.py took 0.136 seconds
[2025-04-10T14:07:27.031+0000] {processor.py:161} INFO - Started process (PID=2111) to work on /home/airflow/.local/lib/python3.12/site-packages/airflow/example_dags/example_sensors.py
[2025-04-10T14:07:27.032+0000] {processor.py:830} INFO - Processing file /home/airflow/.local/lib/python3.12/site-packages/airflow/example_dags/example_sensors.py for tasks to queue
[2025-04-10T14:07:27.035+0000] {logging_mixin.py:188} INFO - [2025-04-10T14:07:27.035+0000] {dagbag.py:540} INFO - Filling up the DagBag from /home/airflow/.local/lib/python3.12/site-packages/airflow/example_dags/example_sensors.py
[2025-04-10T14:07:27.051+0000] {processor.py:840} INFO - DAG(s) 'example_sensors' retrieved from /home/airflow/.local/lib/python3.12/site-packages/airflow/example_dags/example_sensors.py
[2025-04-10T14:07:27.099+0000] {logging_mixin.py:188} INFO - [2025-04-10T14:07:27.099+0000] {dag.py:3096} INFO - Sync 1 DAGs
[2025-04-10T14:07:27.122+0000] {logging_mixin.py:188} INFO - [2025-04-10T14:07:27.122+0000] {dag.py:3954} INFO - Setting next_dagrun for example_sensors to None, run_after=None
[2025-04-10T14:07:27.156+0000] {processor.py:183} INFO - Processing /home/airflow/.local/lib/python3.12/site-packages/airflow/example_dags/example_sensors.py took 0.135 seconds
[2025-04-10T14:07:57.510+0000] {processor.py:161} INFO - Started process (PID=2171) to work on /home/airflow/.local/lib/python3.12/site-packages/airflow/example_dags/example_sensors.py
[2025-04-10T14:07:57.512+0000] {processor.py:830} INFO - Processing file /home/airflow/.local/lib/python3.12/site-packages/airflow/example_dags/example_sensors.py for tasks to queue
[2025-04-10T14:07:57.515+0000] {logging_mixin.py:188} INFO - [2025-04-10T14:07:57.514+0000] {dagbag.py:540} INFO - Filling up the DagBag from /home/airflow/.local/lib/python3.12/site-packages/airflow/example_dags/example_sensors.py
[2025-04-10T14:07:57.530+0000] {processor.py:840} INFO - DAG(s) 'example_sensors' retrieved from /home/airflow/.local/lib/python3.12/site-packages/airflow/example_dags/example_sensors.py
[2025-04-10T14:07:57.578+0000] {logging_mixin.py:188} INFO - [2025-04-10T14:07:57.577+0000] {dag.py:3096} INFO - Sync 1 DAGs
[2025-04-10T14:07:57.601+0000] {logging_mixin.py:188} INFO - [2025-04-10T14:07:57.600+0000] {dag.py:3954} INFO - Setting next_dagrun for example_sensors to None, run_after=None
[2025-04-10T14:07:57.635+0000] {processor.py:183} INFO - Processing /home/airflow/.local/lib/python3.12/site-packages/airflow/example_dags/example_sensors.py took 0.135 seconds
[2025-04-10T14:08:28.091+0000] {processor.py:161} INFO - Started process (PID=2231) to work on /home/airflow/.local/lib/python3.12/site-packages/airflow/example_dags/example_sensors.py
[2025-04-10T14:08:28.093+0000] {processor.py:830} INFO - Processing file /home/airflow/.local/lib/python3.12/site-packages/airflow/example_dags/example_sensors.py for tasks to queue
[2025-04-10T14:08:28.096+0000] {logging_mixin.py:188} INFO - [2025-04-10T14:08:28.095+0000] {dagbag.py:540} INFO - Filling up the DagBag from /home/airflow/.local/lib/python3.12/site-packages/airflow/example_dags/example_sensors.py
[2025-04-10T14:08:28.112+0000] {processor.py:840} INFO - DAG(s) 'example_sensors' retrieved from /home/airflow/.local/lib/python3.12/site-packages/airflow/example_dags/example_sensors.py
[2025-04-10T14:08:28.157+0000] {logging_mixin.py:188} INFO - [2025-04-10T14:08:28.157+0000] {dag.py:3096} INFO - Sync 1 DAGs
[2025-04-10T14:08:28.180+0000] {logging_mixin.py:188} INFO - [2025-04-10T14:08:28.180+0000] {dag.py:3954} INFO - Setting next_dagrun for example_sensors to None, run_after=None
[2025-04-10T14:08:28.216+0000] {processor.py:183} INFO - Processing /home/airflow/.local/lib/python3.12/site-packages/airflow/example_dags/example_sensors.py took 0.136 seconds
[2025-04-10T14:08:58.568+0000] {processor.py:161} INFO - Started process (PID=2291) to work on /home/airflow/.local/lib/python3.12/site-packages/airflow/example_dags/example_sensors.py
[2025-04-10T14:08:58.570+0000] {processor.py:830} INFO - Processing file /home/airflow/.local/lib/python3.12/site-packages/airflow/example_dags/example_sensors.py for tasks to queue
[2025-04-10T14:08:58.573+0000] {logging_mixin.py:188} INFO - [2025-04-10T14:08:58.573+0000] {dagbag.py:540} INFO - Filling up the DagBag from /home/airflow/.local/lib/python3.12/site-packages/airflow/example_dags/example_sensors.py
[2025-04-10T14:08:58.589+0000] {processor.py:840} INFO - DAG(s) 'example_sensors' retrieved from /home/airflow/.local/lib/python3.12/site-packages/airflow/example_dags/example_sensors.py
[2025-04-10T14:08:58.638+0000] {logging_mixin.py:188} INFO - [2025-04-10T14:08:58.638+0000] {dag.py:3096} INFO - Sync 1 DAGs
[2025-04-10T14:08:58.662+0000] {logging_mixin.py:188} INFO - [2025-04-10T14:08:58.661+0000] {dag.py:3954} INFO - Setting next_dagrun for example_sensors to None, run_after=None
[2025-04-10T14:08:58.697+0000] {processor.py:183} INFO - Processing /home/airflow/.local/lib/python3.12/site-packages/airflow/example_dags/example_sensors.py took 0.139 seconds
[2025-04-10T14:09:29.100+0000] {processor.py:161} INFO - Started process (PID=2351) to work on /home/airflow/.local/lib/python3.12/site-packages/airflow/example_dags/example_sensors.py
[2025-04-10T14:09:29.101+0000] {processor.py:830} INFO - Processing file /home/airflow/.local/lib/python3.12/site-packages/airflow/example_dags/example_sensors.py for tasks to queue
[2025-04-10T14:09:29.104+0000] {logging_mixin.py:188} INFO - [2025-04-10T14:09:29.104+0000] {dagbag.py:540} INFO - Filling up the DagBag from /home/airflow/.local/lib/python3.12/site-packages/airflow/example_dags/example_sensors.py
[2025-04-10T14:09:29.120+0000] {processor.py:840} INFO - DAG(s) 'example_sensors' retrieved from /home/airflow/.local/lib/python3.12/site-packages/airflow/example_dags/example_sensors.py
[2025-04-10T14:09:29.165+0000] {logging_mixin.py:188} INFO - [2025-04-10T14:09:29.165+0000] {dag.py:3096} INFO - Sync 1 DAGs
[2025-04-10T14:09:29.190+0000] {logging_mixin.py:188} INFO - [2025-04-10T14:09:29.190+0000] {dag.py:3954} INFO - Setting next_dagrun for example_sensors to None, run_after=None
[2025-04-10T14:09:29.224+0000] {processor.py:183} INFO - Processing /home/airflow/.local/lib/python3.12/site-packages/airflow/example_dags/example_sensors.py took 0.134 seconds
[2025-04-10T14:09:59.763+0000] {processor.py:161} INFO - Started process (PID=2411) to work on /home/airflow/.local/lib/python3.12/site-packages/airflow/example_dags/example_sensors.py
[2025-04-10T14:09:59.765+0000] {processor.py:830} INFO - Processing file /home/airflow/.local/lib/python3.12/site-packages/airflow/example_dags/example_sensors.py for tasks to queue
[2025-04-10T14:09:59.768+0000] {logging_mixin.py:188} INFO - [2025-04-10T14:09:59.767+0000] {dagbag.py:540} INFO - Filling up the DagBag from /home/airflow/.local/lib/python3.12/site-packages/airflow/example_dags/example_sensors.py
[2025-04-10T14:09:59.783+0000] {processor.py:840} INFO - DAG(s) 'example_sensors' retrieved from /home/airflow/.local/lib/python3.12/site-packages/airflow/example_dags/example_sensors.py
[2025-04-10T14:09:59.830+0000] {logging_mixin.py:188} INFO - [2025-04-10T14:09:59.829+0000] {dag.py:3096} INFO - Sync 1 DAGs
[2025-04-10T14:09:59.853+0000] {logging_mixin.py:188} INFO - [2025-04-10T14:09:59.853+0000] {dag.py:3954} INFO - Setting next_dagrun for example_sensors to None, run_after=None
[2025-04-10T14:09:59.887+0000] {processor.py:183} INFO - Processing /home/airflow/.local/lib/python3.12/site-packages/airflow/example_dags/example_sensors.py took 0.133 seconds
[2025-04-10T14:10:30.174+0000] {processor.py:161} INFO - Started process (PID=2471) to work on /home/airflow/.local/lib/python3.12/site-packages/airflow/example_dags/example_sensors.py
[2025-04-10T14:10:30.176+0000] {processor.py:830} INFO - Processing file /home/airflow/.local/lib/python3.12/site-packages/airflow/example_dags/example_sensors.py for tasks to queue
[2025-04-10T14:10:30.179+0000] {logging_mixin.py:188} INFO - [2025-04-10T14:10:30.179+0000] {dagbag.py:540} INFO - Filling up the DagBag from /home/airflow/.local/lib/python3.12/site-packages/airflow/example_dags/example_sensors.py
[2025-04-10T14:10:30.196+0000] {processor.py:840} INFO - DAG(s) 'example_sensors' retrieved from /home/airflow/.local/lib/python3.12/site-packages/airflow/example_dags/example_sensors.py
[2025-04-10T14:10:30.251+0000] {logging_mixin.py:188} INFO - [2025-04-10T14:10:30.250+0000] {dag.py:3096} INFO - Sync 1 DAGs
[2025-04-10T14:10:30.288+0000] {logging_mixin.py:188} INFO - [2025-04-10T14:10:30.287+0000] {dag.py:3954} INFO - Setting next_dagrun for example_sensors to None, run_after=None
[2025-04-10T14:10:30.326+0000] {processor.py:183} INFO - Processing /home/airflow/.local/lib/python3.12/site-packages/airflow/example_dags/example_sensors.py took 0.162 seconds
[2025-04-10T14:11:00.749+0000] {processor.py:161} INFO - Started process (PID=2535) to work on /home/airflow/.local/lib/python3.12/site-packages/airflow/example_dags/example_sensors.py
[2025-04-10T14:11:00.751+0000] {processor.py:830} INFO - Processing file /home/airflow/.local/lib/python3.12/site-packages/airflow/example_dags/example_sensors.py for tasks to queue
[2025-04-10T14:11:00.754+0000] {logging_mixin.py:188} INFO - [2025-04-10T14:11:00.753+0000] {dagbag.py:540} INFO - Filling up the DagBag from /home/airflow/.local/lib/python3.12/site-packages/airflow/example_dags/example_sensors.py
[2025-04-10T14:11:00.769+0000] {processor.py:840} INFO - DAG(s) 'example_sensors' retrieved from /home/airflow/.local/lib/python3.12/site-packages/airflow/example_dags/example_sensors.py
[2025-04-10T14:11:00.817+0000] {logging_mixin.py:188} INFO - [2025-04-10T14:11:00.816+0000] {dag.py:3096} INFO - Sync 1 DAGs
[2025-04-10T14:11:00.840+0000] {logging_mixin.py:188} INFO - [2025-04-10T14:11:00.840+0000] {dag.py:3954} INFO - Setting next_dagrun for example_sensors to None, run_after=None
[2025-04-10T14:11:00.875+0000] {processor.py:183} INFO - Processing /home/airflow/.local/lib/python3.12/site-packages/airflow/example_dags/example_sensors.py took 0.136 seconds
[2025-04-10T14:11:31.293+0000] {processor.py:161} INFO - Started process (PID=2595) to work on /home/airflow/.local/lib/python3.12/site-packages/airflow/example_dags/example_sensors.py
[2025-04-10T14:11:31.295+0000] {processor.py:830} INFO - Processing file /home/airflow/.local/lib/python3.12/site-packages/airflow/example_dags/example_sensors.py for tasks to queue
[2025-04-10T14:11:31.299+0000] {logging_mixin.py:188} INFO - [2025-04-10T14:11:31.298+0000] {dagbag.py:540} INFO - Filling up the DagBag from /home/airflow/.local/lib/python3.12/site-packages/airflow/example_dags/example_sensors.py
[2025-04-10T14:11:31.316+0000] {processor.py:840} INFO - DAG(s) 'example_sensors' retrieved from /home/airflow/.local/lib/python3.12/site-packages/airflow/example_dags/example_sensors.py
[2025-04-10T14:11:31.371+0000] {logging_mixin.py:188} INFO - [2025-04-10T14:11:31.370+0000] {dag.py:3096} INFO - Sync 1 DAGs
[2025-04-10T14:11:31.399+0000] {logging_mixin.py:188} INFO - [2025-04-10T14:11:31.398+0000] {dag.py:3954} INFO - Setting next_dagrun for example_sensors to None, run_after=None
[2025-04-10T14:11:31.443+0000] {processor.py:183} INFO - Processing /home/airflow/.local/lib/python3.12/site-packages/airflow/example_dags/example_sensors.py took 0.162 seconds
[2025-04-10T14:12:01.963+0000] {processor.py:161} INFO - Started process (PID=2655) to work on /home/airflow/.local/lib/python3.12/site-packages/airflow/example_dags/example_sensors.py
[2025-04-10T14:12:01.965+0000] {processor.py:830} INFO - Processing file /home/airflow/.local/lib/python3.12/site-packages/airflow/example_dags/example_sensors.py for tasks to queue
[2025-04-10T14:12:01.968+0000] {logging_mixin.py:188} INFO - [2025-04-10T14:12:01.967+0000] {dagbag.py:540} INFO - Filling up the DagBag from /home/airflow/.local/lib/python3.12/site-packages/airflow/example_dags/example_sensors.py
[2025-04-10T14:12:01.983+0000] {processor.py:840} INFO - DAG(s) 'example_sensors' retrieved from /home/airflow/.local/lib/python3.12/site-packages/airflow/example_dags/example_sensors.py
[2025-04-10T14:12:02.030+0000] {logging_mixin.py:188} INFO - [2025-04-10T14:12:02.030+0000] {dag.py:3096} INFO - Sync 1 DAGs
[2025-04-10T14:12:02.054+0000] {logging_mixin.py:188} INFO - [2025-04-10T14:12:02.054+0000] {dag.py:3954} INFO - Setting next_dagrun for example_sensors to None, run_after=None
[2025-04-10T14:12:02.089+0000] {processor.py:183} INFO - Processing /home/airflow/.local/lib/python3.12/site-packages/airflow/example_dags/example_sensors.py took 0.136 seconds
[2025-04-10T14:12:32.851+0000] {processor.py:161} INFO - Started process (PID=2715) to work on /home/airflow/.local/lib/python3.12/site-packages/airflow/example_dags/example_sensors.py
[2025-04-10T14:12:32.853+0000] {processor.py:830} INFO - Processing file /home/airflow/.local/lib/python3.12/site-packages/airflow/example_dags/example_sensors.py for tasks to queue
[2025-04-10T14:12:32.855+0000] {logging_mixin.py:188} INFO - [2025-04-10T14:12:32.855+0000] {dagbag.py:540} INFO - Filling up the DagBag from /home/airflow/.local/lib/python3.12/site-packages/airflow/example_dags/example_sensors.py
[2025-04-10T14:12:32.871+0000] {processor.py:840} INFO - DAG(s) 'example_sensors' retrieved from /home/airflow/.local/lib/python3.12/site-packages/airflow/example_dags/example_sensors.py
[2025-04-10T14:12:32.919+0000] {logging_mixin.py:188} INFO - [2025-04-10T14:12:32.919+0000] {dag.py:3096} INFO - Sync 1 DAGs
[2025-04-10T14:12:32.943+0000] {logging_mixin.py:188} INFO - [2025-04-10T14:12:32.942+0000] {dag.py:3954} INFO - Setting next_dagrun for example_sensors to None, run_after=None
[2025-04-10T14:12:32.979+0000] {processor.py:183} INFO - Processing /home/airflow/.local/lib/python3.12/site-packages/airflow/example_dags/example_sensors.py took 0.138 seconds
[2025-04-10T14:13:03.051+0000] {processor.py:161} INFO - Started process (PID=2775) to work on /home/airflow/.local/lib/python3.12/site-packages/airflow/example_dags/example_sensors.py
[2025-04-10T14:13:03.053+0000] {processor.py:830} INFO - Processing file /home/airflow/.local/lib/python3.12/site-packages/airflow/example_dags/example_sensors.py for tasks to queue
[2025-04-10T14:13:03.056+0000] {logging_mixin.py:188} INFO - [2025-04-10T14:13:03.055+0000] {dagbag.py:540} INFO - Filling up the DagBag from /home/airflow/.local/lib/python3.12/site-packages/airflow/example_dags/example_sensors.py
[2025-04-10T14:13:03.072+0000] {processor.py:840} INFO - DAG(s) 'example_sensors' retrieved from /home/airflow/.local/lib/python3.12/site-packages/airflow/example_dags/example_sensors.py
[2025-04-10T14:13:03.118+0000] {logging_mixin.py:188} INFO - [2025-04-10T14:13:03.118+0000] {dag.py:3096} INFO - Sync 1 DAGs
[2025-04-10T14:13:03.142+0000] {logging_mixin.py:188} INFO - [2025-04-10T14:13:03.141+0000] {dag.py:3954} INFO - Setting next_dagrun for example_sensors to None, run_after=None
[2025-04-10T14:13:03.174+0000] {processor.py:183} INFO - Processing /home/airflow/.local/lib/python3.12/site-packages/airflow/example_dags/example_sensors.py took 0.133 seconds
[2025-04-10T14:13:33.546+0000] {processor.py:161} INFO - Started process (PID=2835) to work on /home/airflow/.local/lib/python3.12/site-packages/airflow/example_dags/example_sensors.py
[2025-04-10T14:13:33.547+0000] {processor.py:830} INFO - Processing file /home/airflow/.local/lib/python3.12/site-packages/airflow/example_dags/example_sensors.py for tasks to queue
[2025-04-10T14:13:33.551+0000] {logging_mixin.py:188} INFO - [2025-04-10T14:13:33.550+0000] {dagbag.py:540} INFO - Filling up the DagBag from /home/airflow/.local/lib/python3.12/site-packages/airflow/example_dags/example_sensors.py
[2025-04-10T14:13:33.566+0000] {processor.py:840} INFO - DAG(s) 'example_sensors' retrieved from /home/airflow/.local/lib/python3.12/site-packages/airflow/example_dags/example_sensors.py
[2025-04-10T14:13:33.613+0000] {logging_mixin.py:188} INFO - [2025-04-10T14:13:33.613+0000] {dag.py:3096} INFO - Sync 1 DAGs
[2025-04-10T14:13:33.636+0000] {logging_mixin.py:188} INFO - [2025-04-10T14:13:33.636+0000] {dag.py:3954} INFO - Setting next_dagrun for example_sensors to None, run_after=None
[2025-04-10T14:13:33.673+0000] {processor.py:183} INFO - Processing /home/airflow/.local/lib/python3.12/site-packages/airflow/example_dags/example_sensors.py took 0.138 seconds
[2025-04-10T14:14:04.042+0000] {processor.py:161} INFO - Started process (PID=2896) to work on /home/airflow/.local/lib/python3.12/site-packages/airflow/example_dags/example_sensors.py
[2025-04-10T14:14:04.044+0000] {processor.py:830} INFO - Processing file /home/airflow/.local/lib/python3.12/site-packages/airflow/example_dags/example_sensors.py for tasks to queue
[2025-04-10T14:14:04.048+0000] {logging_mixin.py:188} INFO - [2025-04-10T14:14:04.047+0000] {dagbag.py:540} INFO - Filling up the DagBag from /home/airflow/.local/lib/python3.12/site-packages/airflow/example_dags/example_sensors.py
[2025-04-10T14:14:04.063+0000] {processor.py:840} INFO - DAG(s) 'example_sensors' retrieved from /home/airflow/.local/lib/python3.12/site-packages/airflow/example_dags/example_sensors.py
[2025-04-10T14:14:04.110+0000] {logging_mixin.py:188} INFO - [2025-04-10T14:14:04.110+0000] {dag.py:3096} INFO - Sync 1 DAGs
[2025-04-10T14:14:04.133+0000] {logging_mixin.py:188} INFO - [2025-04-10T14:14:04.133+0000] {dag.py:3954} INFO - Setting next_dagrun for example_sensors to None, run_after=None
[2025-04-10T14:14:04.167+0000] {processor.py:183} INFO - Processing /home/airflow/.local/lib/python3.12/site-packages/airflow/example_dags/example_sensors.py took 0.135 seconds
[2025-04-10T14:14:34.307+0000] {processor.py:161} INFO - Started process (PID=2956) to work on /home/airflow/.local/lib/python3.12/site-packages/airflow/example_dags/example_sensors.py
[2025-04-10T14:14:34.309+0000] {processor.py:830} INFO - Processing file /home/airflow/.local/lib/python3.12/site-packages/airflow/example_dags/example_sensors.py for tasks to queue
[2025-04-10T14:14:34.312+0000] {logging_mixin.py:188} INFO - [2025-04-10T14:14:34.311+0000] {dagbag.py:540} INFO - Filling up the DagBag from /home/airflow/.local/lib/python3.12/site-packages/airflow/example_dags/example_sensors.py
[2025-04-10T14:14:34.327+0000] {processor.py:840} INFO - DAG(s) 'example_sensors' retrieved from /home/airflow/.local/lib/python3.12/site-packages/airflow/example_dags/example_sensors.py
[2025-04-10T14:14:34.374+0000] {logging_mixin.py:188} INFO - [2025-04-10T14:14:34.373+0000] {dag.py:3096} INFO - Sync 1 DAGs
[2025-04-10T14:14:34.399+0000] {logging_mixin.py:188} INFO - [2025-04-10T14:14:34.399+0000] {dag.py:3954} INFO - Setting next_dagrun for example_sensors to None, run_after=None
[2025-04-10T14:14:34.433+0000] {processor.py:183} INFO - Processing /home/airflow/.local/lib/python3.12/site-packages/airflow/example_dags/example_sensors.py took 0.136 seconds
[2025-04-10T14:15:05.178+0000] {processor.py:161} INFO - Started process (PID=3016) to work on /home/airflow/.local/lib/python3.12/site-packages/airflow/example_dags/example_sensors.py
[2025-04-10T14:15:05.180+0000] {processor.py:830} INFO - Processing file /home/airflow/.local/lib/python3.12/site-packages/airflow/example_dags/example_sensors.py for tasks to queue
[2025-04-10T14:15:05.183+0000] {logging_mixin.py:188} INFO - [2025-04-10T14:15:05.182+0000] {dagbag.py:540} INFO - Filling up the DagBag from /home/airflow/.local/lib/python3.12/site-packages/airflow/example_dags/example_sensors.py
[2025-04-10T14:15:05.198+0000] {processor.py:840} INFO - DAG(s) 'example_sensors' retrieved from /home/airflow/.local/lib/python3.12/site-packages/airflow/example_dags/example_sensors.py
[2025-04-10T14:15:05.246+0000] {logging_mixin.py:188} INFO - [2025-04-10T14:15:05.246+0000] {dag.py:3096} INFO - Sync 1 DAGs
[2025-04-10T14:15:05.271+0000] {logging_mixin.py:188} INFO - [2025-04-10T14:15:05.271+0000] {dag.py:3954} INFO - Setting next_dagrun for example_sensors to None, run_after=None
[2025-04-10T14:15:05.304+0000] {processor.py:183} INFO - Processing /home/airflow/.local/lib/python3.12/site-packages/airflow/example_dags/example_sensors.py took 0.136 seconds
[2025-04-10T14:15:35.782+0000] {processor.py:161} INFO - Started process (PID=3076) to work on /home/airflow/.local/lib/python3.12/site-packages/airflow/example_dags/example_sensors.py
[2025-04-10T14:15:35.784+0000] {processor.py:830} INFO - Processing file /home/airflow/.local/lib/python3.12/site-packages/airflow/example_dags/example_sensors.py for tasks to queue
[2025-04-10T14:15:35.787+0000] {logging_mixin.py:188} INFO - [2025-04-10T14:15:35.786+0000] {dagbag.py:540} INFO - Filling up the DagBag from /home/airflow/.local/lib/python3.12/site-packages/airflow/example_dags/example_sensors.py
[2025-04-10T14:15:35.802+0000] {processor.py:840} INFO - DAG(s) 'example_sensors' retrieved from /home/airflow/.local/lib/python3.12/site-packages/airflow/example_dags/example_sensors.py
[2025-04-10T14:15:35.850+0000] {logging_mixin.py:188} INFO - [2025-04-10T14:15:35.849+0000] {dag.py:3096} INFO - Sync 1 DAGs
[2025-04-10T14:15:35.876+0000] {logging_mixin.py:188} INFO - [2025-04-10T14:15:35.875+0000] {dag.py:3954} INFO - Setting next_dagrun for example_sensors to None, run_after=None
[2025-04-10T14:15:35.911+0000] {processor.py:183} INFO - Processing /home/airflow/.local/lib/python3.12/site-packages/airflow/example_dags/example_sensors.py took 0.139 seconds
[2025-04-10T14:16:06.559+0000] {processor.py:161} INFO - Started process (PID=3137) to work on /home/airflow/.local/lib/python3.12/site-packages/airflow/example_dags/example_sensors.py
[2025-04-10T14:16:06.560+0000] {processor.py:830} INFO - Processing file /home/airflow/.local/lib/python3.12/site-packages/airflow/example_dags/example_sensors.py for tasks to queue
[2025-04-10T14:16:06.563+0000] {logging_mixin.py:188} INFO - [2025-04-10T14:16:06.563+0000] {dagbag.py:540} INFO - Filling up the DagBag from /home/airflow/.local/lib/python3.12/site-packages/airflow/example_dags/example_sensors.py
[2025-04-10T14:16:06.578+0000] {processor.py:840} INFO - DAG(s) 'example_sensors' retrieved from /home/airflow/.local/lib/python3.12/site-packages/airflow/example_dags/example_sensors.py
[2025-04-10T14:16:06.626+0000] {logging_mixin.py:188} INFO - [2025-04-10T14:16:06.626+0000] {dag.py:3096} INFO - Sync 1 DAGs
[2025-04-10T14:16:06.650+0000] {logging_mixin.py:188} INFO - [2025-04-10T14:16:06.649+0000] {dag.py:3954} INFO - Setting next_dagrun for example_sensors to None, run_after=None
[2025-04-10T14:16:06.684+0000] {processor.py:183} INFO - Processing /home/airflow/.local/lib/python3.12/site-packages/airflow/example_dags/example_sensors.py took 0.135 seconds
[2025-04-10T14:16:37.104+0000] {processor.py:161} INFO - Started process (PID=3197) to work on /home/airflow/.local/lib/python3.12/site-packages/airflow/example_dags/example_sensors.py
[2025-04-10T14:16:37.106+0000] {processor.py:830} INFO - Processing file /home/airflow/.local/lib/python3.12/site-packages/airflow/example_dags/example_sensors.py for tasks to queue
[2025-04-10T14:16:37.109+0000] {logging_mixin.py:188} INFO - [2025-04-10T14:16:37.108+0000] {dagbag.py:540} INFO - Filling up the DagBag from /home/airflow/.local/lib/python3.12/site-packages/airflow/example_dags/example_sensors.py
[2025-04-10T14:16:37.124+0000] {processor.py:840} INFO - DAG(s) 'example_sensors' retrieved from /home/airflow/.local/lib/python3.12/site-packages/airflow/example_dags/example_sensors.py
[2025-04-10T14:16:37.171+0000] {logging_mixin.py:188} INFO - [2025-04-10T14:16:37.170+0000] {dag.py:3096} INFO - Sync 1 DAGs
[2025-04-10T14:16:37.194+0000] {logging_mixin.py:188} INFO - [2025-04-10T14:16:37.194+0000] {dag.py:3954} INFO - Setting next_dagrun for example_sensors to None, run_after=None
[2025-04-10T14:16:37.230+0000] {processor.py:183} INFO - Processing /home/airflow/.local/lib/python3.12/site-packages/airflow/example_dags/example_sensors.py took 0.136 seconds
[2025-04-10T14:17:07.654+0000] {processor.py:161} INFO - Started process (PID=3257) to work on /home/airflow/.local/lib/python3.12/site-packages/airflow/example_dags/example_sensors.py
[2025-04-10T14:17:07.656+0000] {processor.py:830} INFO - Processing file /home/airflow/.local/lib/python3.12/site-packages/airflow/example_dags/example_sensors.py for tasks to queue
[2025-04-10T14:17:07.659+0000] {logging_mixin.py:188} INFO - [2025-04-10T14:17:07.658+0000] {dagbag.py:540} INFO - Filling up the DagBag from /home/airflow/.local/lib/python3.12/site-packages/airflow/example_dags/example_sensors.py
[2025-04-10T14:17:07.674+0000] {processor.py:840} INFO - DAG(s) 'example_sensors' retrieved from /home/airflow/.local/lib/python3.12/site-packages/airflow/example_dags/example_sensors.py
[2025-04-10T14:17:07.721+0000] {logging_mixin.py:188} INFO - [2025-04-10T14:17:07.721+0000] {dag.py:3096} INFO - Sync 1 DAGs
[2025-04-10T14:17:07.744+0000] {logging_mixin.py:188} INFO - [2025-04-10T14:17:07.744+0000] {dag.py:3954} INFO - Setting next_dagrun for example_sensors to None, run_after=None
[2025-04-10T14:17:07.780+0000] {processor.py:183} INFO - Processing /home/airflow/.local/lib/python3.12/site-packages/airflow/example_dags/example_sensors.py took 0.135 seconds
[2025-04-10T14:17:38.225+0000] {processor.py:161} INFO - Started process (PID=3317) to work on /home/airflow/.local/lib/python3.12/site-packages/airflow/example_dags/example_sensors.py
[2025-04-10T14:17:38.227+0000] {processor.py:830} INFO - Processing file /home/airflow/.local/lib/python3.12/site-packages/airflow/example_dags/example_sensors.py for tasks to queue
[2025-04-10T14:17:38.230+0000] {logging_mixin.py:188} INFO - [2025-04-10T14:17:38.230+0000] {dagbag.py:540} INFO - Filling up the DagBag from /home/airflow/.local/lib/python3.12/site-packages/airflow/example_dags/example_sensors.py
[2025-04-10T14:17:38.246+0000] {processor.py:840} INFO - DAG(s) 'example_sensors' retrieved from /home/airflow/.local/lib/python3.12/site-packages/airflow/example_dags/example_sensors.py
[2025-04-10T14:17:38.294+0000] {logging_mixin.py:188} INFO - [2025-04-10T14:17:38.294+0000] {dag.py:3096} INFO - Sync 1 DAGs
[2025-04-10T14:17:38.318+0000] {logging_mixin.py:188} INFO - [2025-04-10T14:17:38.318+0000] {dag.py:3954} INFO - Setting next_dagrun for example_sensors to None, run_after=None
[2025-04-10T14:17:38.352+0000] {processor.py:183} INFO - Processing /home/airflow/.local/lib/python3.12/site-packages/airflow/example_dags/example_sensors.py took 0.137 seconds
[2025-04-10T14:18:08.547+0000] {processor.py:161} INFO - Started process (PID=3377) to work on /home/airflow/.local/lib/python3.12/site-packages/airflow/example_dags/example_sensors.py
[2025-04-10T14:18:08.549+0000] {processor.py:830} INFO - Processing file /home/airflow/.local/lib/python3.12/site-packages/airflow/example_dags/example_sensors.py for tasks to queue
[2025-04-10T14:18:08.552+0000] {logging_mixin.py:188} INFO - [2025-04-10T14:18:08.551+0000] {dagbag.py:540} INFO - Filling up the DagBag from /home/airflow/.local/lib/python3.12/site-packages/airflow/example_dags/example_sensors.py
[2025-04-10T14:18:08.568+0000] {processor.py:840} INFO - DAG(s) 'example_sensors' retrieved from /home/airflow/.local/lib/python3.12/site-packages/airflow/example_dags/example_sensors.py
[2025-04-10T14:18:08.614+0000] {logging_mixin.py:188} INFO - [2025-04-10T14:18:08.614+0000] {dag.py:3096} INFO - Sync 1 DAGs
[2025-04-10T14:18:08.638+0000] {logging_mixin.py:188} INFO - [2025-04-10T14:18:08.637+0000] {dag.py:3954} INFO - Setting next_dagrun for example_sensors to None, run_after=None
[2025-04-10T14:18:08.672+0000] {processor.py:183} INFO - Processing /home/airflow/.local/lib/python3.12/site-packages/airflow/example_dags/example_sensors.py took 0.135 seconds
[2025-04-10T14:18:39.090+0000] {processor.py:161} INFO - Started process (PID=3437) to work on /home/airflow/.local/lib/python3.12/site-packages/airflow/example_dags/example_sensors.py
[2025-04-10T14:18:39.091+0000] {processor.py:830} INFO - Processing file /home/airflow/.local/lib/python3.12/site-packages/airflow/example_dags/example_sensors.py for tasks to queue
[2025-04-10T14:18:39.094+0000] {logging_mixin.py:188} INFO - [2025-04-10T14:18:39.094+0000] {dagbag.py:540} INFO - Filling up the DagBag from /home/airflow/.local/lib/python3.12/site-packages/airflow/example_dags/example_sensors.py
[2025-04-10T14:18:39.110+0000] {processor.py:840} INFO - DAG(s) 'example_sensors' retrieved from /home/airflow/.local/lib/python3.12/site-packages/airflow/example_dags/example_sensors.py
[2025-04-10T14:18:39.167+0000] {logging_mixin.py:188} INFO - [2025-04-10T14:18:39.166+0000] {dag.py:3096} INFO - Sync 1 DAGs
[2025-04-10T14:18:39.191+0000] {logging_mixin.py:188} INFO - [2025-04-10T14:18:39.191+0000] {dag.py:3954} INFO - Setting next_dagrun for example_sensors to None, run_after=None
[2025-04-10T14:18:39.224+0000] {processor.py:183} INFO - Processing /home/airflow/.local/lib/python3.12/site-packages/airflow/example_dags/example_sensors.py took 0.144 seconds
[2025-04-10T14:19:09.484+0000] {processor.py:161} INFO - Started process (PID=3497) to work on /home/airflow/.local/lib/python3.12/site-packages/airflow/example_dags/example_sensors.py
[2025-04-10T14:19:09.485+0000] {processor.py:830} INFO - Processing file /home/airflow/.local/lib/python3.12/site-packages/airflow/example_dags/example_sensors.py for tasks to queue
[2025-04-10T14:19:09.488+0000] {logging_mixin.py:188} INFO - [2025-04-10T14:19:09.488+0000] {dagbag.py:540} INFO - Filling up the DagBag from /home/airflow/.local/lib/python3.12/site-packages/airflow/example_dags/example_sensors.py
[2025-04-10T14:19:09.503+0000] {processor.py:840} INFO - DAG(s) 'example_sensors' retrieved from /home/airflow/.local/lib/python3.12/site-packages/airflow/example_dags/example_sensors.py
[2025-04-10T14:19:09.550+0000] {logging_mixin.py:188} INFO - [2025-04-10T14:19:09.550+0000] {dag.py:3096} INFO - Sync 1 DAGs
[2025-04-10T14:19:09.574+0000] {logging_mixin.py:188} INFO - [2025-04-10T14:19:09.574+0000] {dag.py:3954} INFO - Setting next_dagrun for example_sensors to None, run_after=None
[2025-04-10T14:19:09.609+0000] {processor.py:183} INFO - Processing /home/airflow/.local/lib/python3.12/site-packages/airflow/example_dags/example_sensors.py took 0.135 seconds
[2025-04-10T14:19:39.754+0000] {processor.py:161} INFO - Started process (PID=3557) to work on /home/airflow/.local/lib/python3.12/site-packages/airflow/example_dags/example_sensors.py
[2025-04-10T14:19:39.756+0000] {processor.py:830} INFO - Processing file /home/airflow/.local/lib/python3.12/site-packages/airflow/example_dags/example_sensors.py for tasks to queue
[2025-04-10T14:19:39.758+0000] {logging_mixin.py:188} INFO - [2025-04-10T14:19:39.758+0000] {dagbag.py:540} INFO - Filling up the DagBag from /home/airflow/.local/lib/python3.12/site-packages/airflow/example_dags/example_sensors.py
[2025-04-10T14:19:39.775+0000] {processor.py:840} INFO - DAG(s) 'example_sensors' retrieved from /home/airflow/.local/lib/python3.12/site-packages/airflow/example_dags/example_sensors.py
[2025-04-10T14:19:39.822+0000] {logging_mixin.py:188} INFO - [2025-04-10T14:19:39.821+0000] {dag.py:3096} INFO - Sync 1 DAGs
[2025-04-10T14:19:39.845+0000] {logging_mixin.py:188} INFO - [2025-04-10T14:19:39.844+0000] {dag.py:3954} INFO - Setting next_dagrun for example_sensors to None, run_after=None
[2025-04-10T14:19:39.880+0000] {processor.py:183} INFO - Processing /home/airflow/.local/lib/python3.12/site-packages/airflow/example_dags/example_sensors.py took 0.136 seconds
[2025-04-10T14:20:09.970+0000] {processor.py:161} INFO - Started process (PID=3617) to work on /home/airflow/.local/lib/python3.12/site-packages/airflow/example_dags/example_sensors.py
[2025-04-10T14:20:09.971+0000] {processor.py:830} INFO - Processing file /home/airflow/.local/lib/python3.12/site-packages/airflow/example_dags/example_sensors.py for tasks to queue
[2025-04-10T14:20:09.975+0000] {logging_mixin.py:188} INFO - [2025-04-10T14:20:09.974+0000] {dagbag.py:540} INFO - Filling up the DagBag from /home/airflow/.local/lib/python3.12/site-packages/airflow/example_dags/example_sensors.py
[2025-04-10T14:20:09.991+0000] {processor.py:840} INFO - DAG(s) 'example_sensors' retrieved from /home/airflow/.local/lib/python3.12/site-packages/airflow/example_dags/example_sensors.py
[2025-04-10T14:20:10.036+0000] {logging_mixin.py:188} INFO - [2025-04-10T14:20:10.036+0000] {dag.py:3096} INFO - Sync 1 DAGs
[2025-04-10T14:20:10.060+0000] {logging_mixin.py:188} INFO - [2025-04-10T14:20:10.060+0000] {dag.py:3954} INFO - Setting next_dagrun for example_sensors to None, run_after=None
[2025-04-10T14:20:10.095+0000] {processor.py:183} INFO - Processing /home/airflow/.local/lib/python3.12/site-packages/airflow/example_dags/example_sensors.py took 0.135 seconds
[2025-04-10T14:20:40.295+0000] {processor.py:161} INFO - Started process (PID=3677) to work on /home/airflow/.local/lib/python3.12/site-packages/airflow/example_dags/example_sensors.py
[2025-04-10T14:20:40.296+0000] {processor.py:830} INFO - Processing file /home/airflow/.local/lib/python3.12/site-packages/airflow/example_dags/example_sensors.py for tasks to queue
[2025-04-10T14:20:40.299+0000] {logging_mixin.py:188} INFO - [2025-04-10T14:20:40.299+0000] {dagbag.py:540} INFO - Filling up the DagBag from /home/airflow/.local/lib/python3.12/site-packages/airflow/example_dags/example_sensors.py
[2025-04-10T14:20:40.314+0000] {processor.py:840} INFO - DAG(s) 'example_sensors' retrieved from /home/airflow/.local/lib/python3.12/site-packages/airflow/example_dags/example_sensors.py
[2025-04-10T14:20:40.364+0000] {logging_mixin.py:188} INFO - [2025-04-10T14:20:40.364+0000] {dag.py:3096} INFO - Sync 1 DAGs
[2025-04-10T14:20:40.389+0000] {logging_mixin.py:188} INFO - [2025-04-10T14:20:40.389+0000] {dag.py:3954} INFO - Setting next_dagrun for example_sensors to None, run_after=None
[2025-04-10T14:20:40.424+0000] {processor.py:183} INFO - Processing /home/airflow/.local/lib/python3.12/site-packages/airflow/example_dags/example_sensors.py took 0.138 seconds
