[2025-04-10T13:35:43.420+0000] {processor.py:161} INFO - Started process (PID=98) to work on /home/airflow/.local/lib/python3.12/site-packages/airflow/example_dags/example_task_group.py
[2025-04-10T13:35:43.422+0000] {processor.py:830} INFO - Processing file /home/airflow/.local/lib/python3.12/site-packages/airflow/example_dags/example_task_group.py for tasks to queue
[2025-04-10T13:35:43.425+0000] {logging_mixin.py:188} INFO - [2025-04-10T13:35:43.424+0000] {dagbag.py:540} INFO - Filling up the DagBag from /home/airflow/.local/lib/python3.12/site-packages/airflow/example_dags/example_task_group.py
[2025-04-10T13:35:43.441+0000] {processor.py:840} INFO - DAG(s) 'example_task_group' retrieved from /home/airflow/.local/lib/python3.12/site-packages/airflow/example_dags/example_task_group.py
[2025-04-10T13:35:43.635+0000] {logging_mixin.py:188} INFO - [2025-04-10T13:35:43.634+0000] {dag.py:3096} INFO - Sync 1 DAGs
[2025-04-10T13:35:43.673+0000] {logging_mixin.py:188} INFO - [2025-04-10T13:35:43.672+0000] {dag.py:3954} INFO - Setting next_dagrun for example_task_group to 2025-04-09 00:00:00+00:00, run_after=2025-04-10 00:00:00+00:00
[2025-04-10T13:35:43.707+0000] {processor.py:183} INFO - Processing /home/airflow/.local/lib/python3.12/site-packages/airflow/example_dags/example_task_group.py took 0.296 seconds
[2025-04-10T13:36:14.015+0000] {processor.py:161} INFO - Started process (PID=156) to work on /home/airflow/.local/lib/python3.12/site-packages/airflow/example_dags/example_task_group.py
[2025-04-10T13:36:14.016+0000] {processor.py:830} INFO - Processing file /home/airflow/.local/lib/python3.12/site-packages/airflow/example_dags/example_task_group.py for tasks to queue
[2025-04-10T13:36:14.020+0000] {logging_mixin.py:188} INFO - [2025-04-10T13:36:14.019+0000] {dagbag.py:540} INFO - Filling up the DagBag from /home/airflow/.local/lib/python3.12/site-packages/airflow/example_dags/example_task_group.py
[2025-04-10T13:36:14.031+0000] {processor.py:840} INFO - DAG(s) 'example_task_group' retrieved from /home/airflow/.local/lib/python3.12/site-packages/airflow/example_dags/example_task_group.py
[2025-04-10T13:36:14.069+0000] {logging_mixin.py:188} INFO - [2025-04-10T13:36:14.069+0000] {dag.py:3096} INFO - Sync 1 DAGs
[2025-04-10T13:36:14.108+0000] {logging_mixin.py:188} INFO - [2025-04-10T13:36:14.108+0000] {dag.py:3954} INFO - Setting next_dagrun for example_task_group to 2025-04-09 00:00:00+00:00, run_after=2025-04-10 00:00:00+00:00
[2025-04-10T13:36:14.143+0000] {processor.py:183} INFO - Processing /home/airflow/.local/lib/python3.12/site-packages/airflow/example_dags/example_task_group.py took 0.138 seconds
[2025-04-10T13:36:44.794+0000] {processor.py:161} INFO - Started process (PID=214) to work on /home/airflow/.local/lib/python3.12/site-packages/airflow/example_dags/example_task_group.py
[2025-04-10T13:36:44.796+0000] {processor.py:830} INFO - Processing file /home/airflow/.local/lib/python3.12/site-packages/airflow/example_dags/example_task_group.py for tasks to queue
[2025-04-10T13:36:44.799+0000] {logging_mixin.py:188} INFO - [2025-04-10T13:36:44.798+0000] {dagbag.py:540} INFO - Filling up the DagBag from /home/airflow/.local/lib/python3.12/site-packages/airflow/example_dags/example_task_group.py
[2025-04-10T13:36:44.810+0000] {processor.py:840} INFO - DAG(s) 'example_task_group' retrieved from /home/airflow/.local/lib/python3.12/site-packages/airflow/example_dags/example_task_group.py
[2025-04-10T13:36:44.847+0000] {logging_mixin.py:188} INFO - [2025-04-10T13:36:44.847+0000] {dag.py:3096} INFO - Sync 1 DAGs
[2025-04-10T13:36:44.888+0000] {logging_mixin.py:188} INFO - [2025-04-10T13:36:44.888+0000] {dag.py:3954} INFO - Setting next_dagrun for example_task_group to 2025-04-09 00:00:00+00:00, run_after=2025-04-10 00:00:00+00:00
[2025-04-10T13:36:44.922+0000] {processor.py:183} INFO - Processing /home/airflow/.local/lib/python3.12/site-packages/airflow/example_dags/example_task_group.py took 0.138 seconds
[2025-04-10T13:37:15.254+0000] {processor.py:161} INFO - Started process (PID=272) to work on /home/airflow/.local/lib/python3.12/site-packages/airflow/example_dags/example_task_group.py
[2025-04-10T13:37:15.255+0000] {processor.py:830} INFO - Processing file /home/airflow/.local/lib/python3.12/site-packages/airflow/example_dags/example_task_group.py for tasks to queue
[2025-04-10T13:37:15.258+0000] {logging_mixin.py:188} INFO - [2025-04-10T13:37:15.258+0000] {dagbag.py:540} INFO - Filling up the DagBag from /home/airflow/.local/lib/python3.12/site-packages/airflow/example_dags/example_task_group.py
[2025-04-10T13:37:15.270+0000] {processor.py:840} INFO - DAG(s) 'example_task_group' retrieved from /home/airflow/.local/lib/python3.12/site-packages/airflow/example_dags/example_task_group.py
[2025-04-10T13:37:15.306+0000] {logging_mixin.py:188} INFO - [2025-04-10T13:37:15.306+0000] {dag.py:3096} INFO - Sync 1 DAGs
[2025-04-10T13:37:15.344+0000] {logging_mixin.py:188} INFO - [2025-04-10T13:37:15.344+0000] {dag.py:3954} INFO - Setting next_dagrun for example_task_group to 2025-04-09 00:00:00+00:00, run_after=2025-04-10 00:00:00+00:00
[2025-04-10T13:37:15.383+0000] {processor.py:183} INFO - Processing /home/airflow/.local/lib/python3.12/site-packages/airflow/example_dags/example_task_group.py took 0.138 seconds
[2025-04-10T13:37:45.539+0000] {processor.py:161} INFO - Started process (PID=330) to work on /home/airflow/.local/lib/python3.12/site-packages/airflow/example_dags/example_task_group.py
[2025-04-10T13:37:45.540+0000] {processor.py:830} INFO - Processing file /home/airflow/.local/lib/python3.12/site-packages/airflow/example_dags/example_task_group.py for tasks to queue
[2025-04-10T13:37:45.544+0000] {logging_mixin.py:188} INFO - [2025-04-10T13:37:45.544+0000] {dagbag.py:540} INFO - Filling up the DagBag from /home/airflow/.local/lib/python3.12/site-packages/airflow/example_dags/example_task_group.py
[2025-04-10T13:37:45.557+0000] {processor.py:840} INFO - DAG(s) 'example_task_group' retrieved from /home/airflow/.local/lib/python3.12/site-packages/airflow/example_dags/example_task_group.py
[2025-04-10T13:37:45.601+0000] {logging_mixin.py:188} INFO - [2025-04-10T13:37:45.601+0000] {dag.py:3096} INFO - Sync 1 DAGs
[2025-04-10T13:37:45.643+0000] {logging_mixin.py:188} INFO - [2025-04-10T13:37:45.643+0000] {dag.py:3954} INFO - Setting next_dagrun for example_task_group to 2025-04-09 00:00:00+00:00, run_after=2025-04-10 00:00:00+00:00
[2025-04-10T13:37:45.679+0000] {processor.py:183} INFO - Processing /home/airflow/.local/lib/python3.12/site-packages/airflow/example_dags/example_task_group.py took 0.153 seconds
[2025-04-10T13:38:16.554+0000] {processor.py:161} INFO - Started process (PID=388) to work on /home/airflow/.local/lib/python3.12/site-packages/airflow/example_dags/example_task_group.py
[2025-04-10T13:38:16.556+0000] {processor.py:830} INFO - Processing file /home/airflow/.local/lib/python3.12/site-packages/airflow/example_dags/example_task_group.py for tasks to queue
[2025-04-10T13:38:16.559+0000] {logging_mixin.py:188} INFO - [2025-04-10T13:38:16.559+0000] {dagbag.py:540} INFO - Filling up the DagBag from /home/airflow/.local/lib/python3.12/site-packages/airflow/example_dags/example_task_group.py
[2025-04-10T13:38:16.575+0000] {processor.py:840} INFO - DAG(s) 'example_task_group' retrieved from /home/airflow/.local/lib/python3.12/site-packages/airflow/example_dags/example_task_group.py
[2025-04-10T13:38:16.621+0000] {logging_mixin.py:188} INFO - [2025-04-10T13:38:16.620+0000] {dag.py:3096} INFO - Sync 1 DAGs
[2025-04-10T13:38:16.663+0000] {logging_mixin.py:188} INFO - [2025-04-10T13:38:16.663+0000] {dag.py:3954} INFO - Setting next_dagrun for example_task_group to 2025-04-09 00:00:00+00:00, run_after=2025-04-10 00:00:00+00:00
[2025-04-10T13:38:16.700+0000] {processor.py:183} INFO - Processing /home/airflow/.local/lib/python3.12/site-packages/airflow/example_dags/example_task_group.py took 0.158 seconds
[2025-04-10T13:38:47.260+0000] {processor.py:161} INFO - Started process (PID=446) to work on /home/airflow/.local/lib/python3.12/site-packages/airflow/example_dags/example_task_group.py
[2025-04-10T13:38:47.261+0000] {processor.py:830} INFO - Processing file /home/airflow/.local/lib/python3.12/site-packages/airflow/example_dags/example_task_group.py for tasks to queue
[2025-04-10T13:38:47.264+0000] {logging_mixin.py:188} INFO - [2025-04-10T13:38:47.264+0000] {dagbag.py:540} INFO - Filling up the DagBag from /home/airflow/.local/lib/python3.12/site-packages/airflow/example_dags/example_task_group.py
[2025-04-10T13:38:47.276+0000] {processor.py:840} INFO - DAG(s) 'example_task_group' retrieved from /home/airflow/.local/lib/python3.12/site-packages/airflow/example_dags/example_task_group.py
[2025-04-10T13:38:47.314+0000] {logging_mixin.py:188} INFO - [2025-04-10T13:38:47.314+0000] {dag.py:3096} INFO - Sync 1 DAGs
[2025-04-10T13:38:47.353+0000] {logging_mixin.py:188} INFO - [2025-04-10T13:38:47.353+0000] {dag.py:3954} INFO - Setting next_dagrun for example_task_group to 2025-04-09 00:00:00+00:00, run_after=2025-04-10 00:00:00+00:00
[2025-04-10T13:38:47.388+0000] {processor.py:183} INFO - Processing /home/airflow/.local/lib/python3.12/site-packages/airflow/example_dags/example_task_group.py took 0.138 seconds
[2025-04-10T13:39:18.064+0000] {processor.py:161} INFO - Started process (PID=504) to work on /home/airflow/.local/lib/python3.12/site-packages/airflow/example_dags/example_task_group.py
[2025-04-10T13:39:18.065+0000] {processor.py:830} INFO - Processing file /home/airflow/.local/lib/python3.12/site-packages/airflow/example_dags/example_task_group.py for tasks to queue
[2025-04-10T13:39:18.069+0000] {logging_mixin.py:188} INFO - [2025-04-10T13:39:18.068+0000] {dagbag.py:540} INFO - Filling up the DagBag from /home/airflow/.local/lib/python3.12/site-packages/airflow/example_dags/example_task_group.py
[2025-04-10T13:39:18.082+0000] {processor.py:840} INFO - DAG(s) 'example_task_group' retrieved from /home/airflow/.local/lib/python3.12/site-packages/airflow/example_dags/example_task_group.py
[2025-04-10T13:39:18.121+0000] {logging_mixin.py:188} INFO - [2025-04-10T13:39:18.121+0000] {dag.py:3096} INFO - Sync 1 DAGs
[2025-04-10T13:39:18.167+0000] {logging_mixin.py:188} INFO - [2025-04-10T13:39:18.166+0000] {dag.py:3954} INFO - Setting next_dagrun for example_task_group to 2025-04-09 00:00:00+00:00, run_after=2025-04-10 00:00:00+00:00
[2025-04-10T13:39:18.203+0000] {processor.py:183} INFO - Processing /home/airflow/.local/lib/python3.12/site-packages/airflow/example_dags/example_task_group.py took 0.149 seconds
[2025-04-10T13:39:48.547+0000] {processor.py:161} INFO - Started process (PID=562) to work on /home/airflow/.local/lib/python3.12/site-packages/airflow/example_dags/example_task_group.py
[2025-04-10T13:39:48.548+0000] {processor.py:830} INFO - Processing file /home/airflow/.local/lib/python3.12/site-packages/airflow/example_dags/example_task_group.py for tasks to queue
[2025-04-10T13:39:48.552+0000] {logging_mixin.py:188} INFO - [2025-04-10T13:39:48.551+0000] {dagbag.py:540} INFO - Filling up the DagBag from /home/airflow/.local/lib/python3.12/site-packages/airflow/example_dags/example_task_group.py
[2025-04-10T13:39:48.564+0000] {processor.py:840} INFO - DAG(s) 'example_task_group' retrieved from /home/airflow/.local/lib/python3.12/site-packages/airflow/example_dags/example_task_group.py
[2025-04-10T13:39:48.602+0000] {logging_mixin.py:188} INFO - [2025-04-10T13:39:48.601+0000] {dag.py:3096} INFO - Sync 1 DAGs
[2025-04-10T13:39:48.644+0000] {logging_mixin.py:188} INFO - [2025-04-10T13:39:48.644+0000] {dag.py:3954} INFO - Setting next_dagrun for example_task_group to 2025-04-09 00:00:00+00:00, run_after=2025-04-10 00:00:00+00:00
[2025-04-10T13:39:48.689+0000] {processor.py:183} INFO - Processing /home/airflow/.local/lib/python3.12/site-packages/airflow/example_dags/example_task_group.py took 0.152 seconds
[2025-04-10T13:40:19.231+0000] {processor.py:161} INFO - Started process (PID=620) to work on /home/airflow/.local/lib/python3.12/site-packages/airflow/example_dags/example_task_group.py
[2025-04-10T13:40:19.233+0000] {processor.py:830} INFO - Processing file /home/airflow/.local/lib/python3.12/site-packages/airflow/example_dags/example_task_group.py for tasks to queue
[2025-04-10T13:40:19.238+0000] {logging_mixin.py:188} INFO - [2025-04-10T13:40:19.238+0000] {dagbag.py:540} INFO - Filling up the DagBag from /home/airflow/.local/lib/python3.12/site-packages/airflow/example_dags/example_task_group.py
[2025-04-10T13:40:19.255+0000] {processor.py:840} INFO - DAG(s) 'example_task_group' retrieved from /home/airflow/.local/lib/python3.12/site-packages/airflow/example_dags/example_task_group.py
[2025-04-10T13:40:19.309+0000] {logging_mixin.py:188} INFO - [2025-04-10T13:40:19.309+0000] {dag.py:3096} INFO - Sync 1 DAGs
[2025-04-10T13:40:19.374+0000] {logging_mixin.py:188} INFO - [2025-04-10T13:40:19.374+0000] {dag.py:3954} INFO - Setting next_dagrun for example_task_group to 2025-04-09 00:00:00+00:00, run_after=2025-04-10 00:00:00+00:00
[2025-04-10T13:40:19.427+0000] {processor.py:183} INFO - Processing /home/airflow/.local/lib/python3.12/site-packages/airflow/example_dags/example_task_group.py took 0.208 seconds
[2025-04-10T13:40:50.149+0000] {processor.py:161} INFO - Started process (PID=678) to work on /home/airflow/.local/lib/python3.12/site-packages/airflow/example_dags/example_task_group.py
[2025-04-10T13:40:50.150+0000] {processor.py:830} INFO - Processing file /home/airflow/.local/lib/python3.12/site-packages/airflow/example_dags/example_task_group.py for tasks to queue
[2025-04-10T13:40:50.153+0000] {logging_mixin.py:188} INFO - [2025-04-10T13:40:50.152+0000] {dagbag.py:540} INFO - Filling up the DagBag from /home/airflow/.local/lib/python3.12/site-packages/airflow/example_dags/example_task_group.py
[2025-04-10T13:40:50.164+0000] {processor.py:840} INFO - DAG(s) 'example_task_group' retrieved from /home/airflow/.local/lib/python3.12/site-packages/airflow/example_dags/example_task_group.py
[2025-04-10T13:40:50.201+0000] {logging_mixin.py:188} INFO - [2025-04-10T13:40:50.200+0000] {dag.py:3096} INFO - Sync 1 DAGs
[2025-04-10T13:40:50.238+0000] {logging_mixin.py:188} INFO - [2025-04-10T13:40:50.238+0000] {dag.py:3954} INFO - Setting next_dagrun for example_task_group to 2025-04-09 00:00:00+00:00, run_after=2025-04-10 00:00:00+00:00
[2025-04-10T13:40:50.271+0000] {processor.py:183} INFO - Processing /home/airflow/.local/lib/python3.12/site-packages/airflow/example_dags/example_task_group.py took 0.131 seconds
[2025-04-10T13:41:21.206+0000] {processor.py:161} INFO - Started process (PID=736) to work on /home/airflow/.local/lib/python3.12/site-packages/airflow/example_dags/example_task_group.py
[2025-04-10T13:41:21.207+0000] {processor.py:830} INFO - Processing file /home/airflow/.local/lib/python3.12/site-packages/airflow/example_dags/example_task_group.py for tasks to queue
[2025-04-10T13:41:21.210+0000] {logging_mixin.py:188} INFO - [2025-04-10T13:41:21.209+0000] {dagbag.py:540} INFO - Filling up the DagBag from /home/airflow/.local/lib/python3.12/site-packages/airflow/example_dags/example_task_group.py
[2025-04-10T13:41:21.222+0000] {processor.py:840} INFO - DAG(s) 'example_task_group' retrieved from /home/airflow/.local/lib/python3.12/site-packages/airflow/example_dags/example_task_group.py
[2025-04-10T13:41:21.259+0000] {logging_mixin.py:188} INFO - [2025-04-10T13:41:21.259+0000] {dag.py:3096} INFO - Sync 1 DAGs
[2025-04-10T13:41:21.302+0000] {logging_mixin.py:188} INFO - [2025-04-10T13:41:21.301+0000] {dag.py:3954} INFO - Setting next_dagrun for example_task_group to 2025-04-09 00:00:00+00:00, run_after=2025-04-10 00:00:00+00:00
[2025-04-10T13:41:21.337+0000] {processor.py:183} INFO - Processing /home/airflow/.local/lib/python3.12/site-packages/airflow/example_dags/example_task_group.py took 0.141 seconds
[2025-04-10T13:50:06.576+0000] {processor.py:161} INFO - Started process (PID=98) to work on /home/airflow/.local/lib/python3.12/site-packages/airflow/example_dags/example_task_group.py
[2025-04-10T13:50:06.578+0000] {processor.py:830} INFO - Processing file /home/airflow/.local/lib/python3.12/site-packages/airflow/example_dags/example_task_group.py for tasks to queue
[2025-04-10T13:50:06.581+0000] {logging_mixin.py:188} INFO - [2025-04-10T13:50:06.580+0000] {dagbag.py:540} INFO - Filling up the DagBag from /home/airflow/.local/lib/python3.12/site-packages/airflow/example_dags/example_task_group.py
[2025-04-10T13:50:06.598+0000] {processor.py:840} INFO - DAG(s) 'example_task_group' retrieved from /home/airflow/.local/lib/python3.12/site-packages/airflow/example_dags/example_task_group.py
[2025-04-10T13:50:06.793+0000] {logging_mixin.py:188} INFO - [2025-04-10T13:50:06.792+0000] {dag.py:3096} INFO - Sync 1 DAGs
[2025-04-10T13:50:06.834+0000] {logging_mixin.py:188} INFO - [2025-04-10T13:50:06.834+0000] {dag.py:3954} INFO - Setting next_dagrun for example_task_group to 2025-04-09 00:00:00+00:00, run_after=2025-04-10 00:00:00+00:00
[2025-04-10T13:50:06.868+0000] {processor.py:183} INFO - Processing /home/airflow/.local/lib/python3.12/site-packages/airflow/example_dags/example_task_group.py took 0.301 seconds
[2025-04-10T13:50:37.710+0000] {processor.py:161} INFO - Started process (PID=156) to work on /home/airflow/.local/lib/python3.12/site-packages/airflow/example_dags/example_task_group.py
[2025-04-10T13:50:37.711+0000] {processor.py:830} INFO - Processing file /home/airflow/.local/lib/python3.12/site-packages/airflow/example_dags/example_task_group.py for tasks to queue
[2025-04-10T13:50:37.715+0000] {logging_mixin.py:188} INFO - [2025-04-10T13:50:37.714+0000] {dagbag.py:540} INFO - Filling up the DagBag from /home/airflow/.local/lib/python3.12/site-packages/airflow/example_dags/example_task_group.py
[2025-04-10T13:50:37.728+0000] {processor.py:840} INFO - DAG(s) 'example_task_group' retrieved from /home/airflow/.local/lib/python3.12/site-packages/airflow/example_dags/example_task_group.py
[2025-04-10T13:50:37.770+0000] {logging_mixin.py:188} INFO - [2025-04-10T13:50:37.770+0000] {dag.py:3096} INFO - Sync 1 DAGs
[2025-04-10T13:50:37.812+0000] {logging_mixin.py:188} INFO - [2025-04-10T13:50:37.812+0000] {dag.py:3954} INFO - Setting next_dagrun for example_task_group to 2025-04-09 00:00:00+00:00, run_after=2025-04-10 00:00:00+00:00
[2025-04-10T13:50:37.851+0000] {processor.py:183} INFO - Processing /home/airflow/.local/lib/python3.12/site-packages/airflow/example_dags/example_task_group.py took 0.153 seconds
[2025-04-10T13:51:08.674+0000] {processor.py:161} INFO - Started process (PID=214) to work on /home/airflow/.local/lib/python3.12/site-packages/airflow/example_dags/example_task_group.py
[2025-04-10T13:51:08.675+0000] {processor.py:830} INFO - Processing file /home/airflow/.local/lib/python3.12/site-packages/airflow/example_dags/example_task_group.py for tasks to queue
[2025-04-10T13:51:08.678+0000] {logging_mixin.py:188} INFO - [2025-04-10T13:51:08.678+0000] {dagbag.py:540} INFO - Filling up the DagBag from /home/airflow/.local/lib/python3.12/site-packages/airflow/example_dags/example_task_group.py
[2025-04-10T13:51:08.690+0000] {processor.py:840} INFO - DAG(s) 'example_task_group' retrieved from /home/airflow/.local/lib/python3.12/site-packages/airflow/example_dags/example_task_group.py
[2025-04-10T13:51:08.726+0000] {logging_mixin.py:188} INFO - [2025-04-10T13:51:08.726+0000] {dag.py:3096} INFO - Sync 1 DAGs
[2025-04-10T13:51:08.766+0000] {logging_mixin.py:188} INFO - [2025-04-10T13:51:08.765+0000] {dag.py:3954} INFO - Setting next_dagrun for example_task_group to 2025-04-09 00:00:00+00:00, run_after=2025-04-10 00:00:00+00:00
[2025-04-10T13:51:08.798+0000] {processor.py:183} INFO - Processing /home/airflow/.local/lib/python3.12/site-packages/airflow/example_dags/example_task_group.py took 0.134 seconds
[2025-04-10T13:51:39.024+0000] {processor.py:161} INFO - Started process (PID=272) to work on /home/airflow/.local/lib/python3.12/site-packages/airflow/example_dags/example_task_group.py
[2025-04-10T13:51:39.026+0000] {processor.py:830} INFO - Processing file /home/airflow/.local/lib/python3.12/site-packages/airflow/example_dags/example_task_group.py for tasks to queue
[2025-04-10T13:51:39.029+0000] {logging_mixin.py:188} INFO - [2025-04-10T13:51:39.029+0000] {dagbag.py:540} INFO - Filling up the DagBag from /home/airflow/.local/lib/python3.12/site-packages/airflow/example_dags/example_task_group.py
[2025-04-10T13:51:39.041+0000] {processor.py:840} INFO - DAG(s) 'example_task_group' retrieved from /home/airflow/.local/lib/python3.12/site-packages/airflow/example_dags/example_task_group.py
[2025-04-10T13:51:39.079+0000] {logging_mixin.py:188} INFO - [2025-04-10T13:51:39.079+0000] {dag.py:3096} INFO - Sync 1 DAGs
[2025-04-10T13:51:39.120+0000] {logging_mixin.py:188} INFO - [2025-04-10T13:51:39.120+0000] {dag.py:3954} INFO - Setting next_dagrun for example_task_group to 2025-04-09 00:00:00+00:00, run_after=2025-04-10 00:00:00+00:00
[2025-04-10T13:51:39.154+0000] {processor.py:183} INFO - Processing /home/airflow/.local/lib/python3.12/site-packages/airflow/example_dags/example_task_group.py took 0.139 seconds
[2025-04-10T13:52:09.550+0000] {processor.py:161} INFO - Started process (PID=330) to work on /home/airflow/.local/lib/python3.12/site-packages/airflow/example_dags/example_task_group.py
[2025-04-10T13:52:09.552+0000] {processor.py:830} INFO - Processing file /home/airflow/.local/lib/python3.12/site-packages/airflow/example_dags/example_task_group.py for tasks to queue
[2025-04-10T13:52:09.555+0000] {logging_mixin.py:188} INFO - [2025-04-10T13:52:09.554+0000] {dagbag.py:540} INFO - Filling up the DagBag from /home/airflow/.local/lib/python3.12/site-packages/airflow/example_dags/example_task_group.py
[2025-04-10T13:52:09.567+0000] {processor.py:840} INFO - DAG(s) 'example_task_group' retrieved from /home/airflow/.local/lib/python3.12/site-packages/airflow/example_dags/example_task_group.py
[2025-04-10T13:52:09.605+0000] {logging_mixin.py:188} INFO - [2025-04-10T13:52:09.604+0000] {dag.py:3096} INFO - Sync 1 DAGs
[2025-04-10T13:52:09.650+0000] {logging_mixin.py:188} INFO - [2025-04-10T13:52:09.650+0000] {dag.py:3954} INFO - Setting next_dagrun for example_task_group to 2025-04-09 00:00:00+00:00, run_after=2025-04-10 00:00:00+00:00
[2025-04-10T13:52:09.696+0000] {processor.py:183} INFO - Processing /home/airflow/.local/lib/python3.12/site-packages/airflow/example_dags/example_task_group.py took 0.154 seconds
[2025-04-10T13:52:39.866+0000] {processor.py:161} INFO - Started process (PID=388) to work on /home/airflow/.local/lib/python3.12/site-packages/airflow/example_dags/example_task_group.py
[2025-04-10T13:52:39.868+0000] {processor.py:830} INFO - Processing file /home/airflow/.local/lib/python3.12/site-packages/airflow/example_dags/example_task_group.py for tasks to queue
[2025-04-10T13:52:39.871+0000] {logging_mixin.py:188} INFO - [2025-04-10T13:52:39.871+0000] {dagbag.py:540} INFO - Filling up the DagBag from /home/airflow/.local/lib/python3.12/site-packages/airflow/example_dags/example_task_group.py
[2025-04-10T13:52:39.884+0000] {processor.py:840} INFO - DAG(s) 'example_task_group' retrieved from /home/airflow/.local/lib/python3.12/site-packages/airflow/example_dags/example_task_group.py
[2025-04-10T13:52:39.926+0000] {logging_mixin.py:188} INFO - [2025-04-10T13:52:39.925+0000] {dag.py:3096} INFO - Sync 1 DAGs
[2025-04-10T13:52:39.967+0000] {logging_mixin.py:188} INFO - [2025-04-10T13:52:39.967+0000] {dag.py:3954} INFO - Setting next_dagrun for example_task_group to 2025-04-09 00:00:00+00:00, run_after=2025-04-10 00:00:00+00:00
[2025-04-10T13:52:40.001+0000] {processor.py:183} INFO - Processing /home/airflow/.local/lib/python3.12/site-packages/airflow/example_dags/example_task_group.py took 0.146 seconds
[2025-04-10T13:53:10.210+0000] {processor.py:161} INFO - Started process (PID=446) to work on /home/airflow/.local/lib/python3.12/site-packages/airflow/example_dags/example_task_group.py
[2025-04-10T13:53:10.211+0000] {processor.py:830} INFO - Processing file /home/airflow/.local/lib/python3.12/site-packages/airflow/example_dags/example_task_group.py for tasks to queue
[2025-04-10T13:53:10.214+0000] {logging_mixin.py:188} INFO - [2025-04-10T13:53:10.213+0000] {dagbag.py:540} INFO - Filling up the DagBag from /home/airflow/.local/lib/python3.12/site-packages/airflow/example_dags/example_task_group.py
[2025-04-10T13:53:10.226+0000] {processor.py:840} INFO - DAG(s) 'example_task_group' retrieved from /home/airflow/.local/lib/python3.12/site-packages/airflow/example_dags/example_task_group.py
[2025-04-10T13:53:10.263+0000] {logging_mixin.py:188} INFO - [2025-04-10T13:53:10.262+0000] {dag.py:3096} INFO - Sync 1 DAGs
[2025-04-10T13:53:10.301+0000] {logging_mixin.py:188} INFO - [2025-04-10T13:53:10.301+0000] {dag.py:3954} INFO - Setting next_dagrun for example_task_group to 2025-04-09 00:00:00+00:00, run_after=2025-04-10 00:00:00+00:00
[2025-04-10T13:53:10.336+0000] {processor.py:183} INFO - Processing /home/airflow/.local/lib/python3.12/site-packages/airflow/example_dags/example_task_group.py took 0.136 seconds
[2025-04-10T13:53:40.580+0000] {processor.py:161} INFO - Started process (PID=504) to work on /home/airflow/.local/lib/python3.12/site-packages/airflow/example_dags/example_task_group.py
[2025-04-10T13:53:40.582+0000] {processor.py:830} INFO - Processing file /home/airflow/.local/lib/python3.12/site-packages/airflow/example_dags/example_task_group.py for tasks to queue
[2025-04-10T13:53:40.585+0000] {logging_mixin.py:188} INFO - [2025-04-10T13:53:40.584+0000] {dagbag.py:540} INFO - Filling up the DagBag from /home/airflow/.local/lib/python3.12/site-packages/airflow/example_dags/example_task_group.py
[2025-04-10T13:53:40.597+0000] {processor.py:840} INFO - DAG(s) 'example_task_group' retrieved from /home/airflow/.local/lib/python3.12/site-packages/airflow/example_dags/example_task_group.py
[2025-04-10T13:53:40.634+0000] {logging_mixin.py:188} INFO - [2025-04-10T13:53:40.633+0000] {dag.py:3096} INFO - Sync 1 DAGs
[2025-04-10T13:53:40.673+0000] {logging_mixin.py:188} INFO - [2025-04-10T13:53:40.673+0000] {dag.py:3954} INFO - Setting next_dagrun for example_task_group to 2025-04-09 00:00:00+00:00, run_after=2025-04-10 00:00:00+00:00
[2025-04-10T13:53:40.707+0000] {processor.py:183} INFO - Processing /home/airflow/.local/lib/python3.12/site-packages/airflow/example_dags/example_task_group.py took 0.137 seconds
[2025-04-10T13:54:11.052+0000] {processor.py:161} INFO - Started process (PID=562) to work on /home/airflow/.local/lib/python3.12/site-packages/airflow/example_dags/example_task_group.py
[2025-04-10T13:54:11.053+0000] {processor.py:830} INFO - Processing file /home/airflow/.local/lib/python3.12/site-packages/airflow/example_dags/example_task_group.py for tasks to queue
[2025-04-10T13:54:11.056+0000] {logging_mixin.py:188} INFO - [2025-04-10T13:54:11.056+0000] {dagbag.py:540} INFO - Filling up the DagBag from /home/airflow/.local/lib/python3.12/site-packages/airflow/example_dags/example_task_group.py
[2025-04-10T13:54:11.068+0000] {processor.py:840} INFO - DAG(s) 'example_task_group' retrieved from /home/airflow/.local/lib/python3.12/site-packages/airflow/example_dags/example_task_group.py
[2025-04-10T13:54:11.105+0000] {logging_mixin.py:188} INFO - [2025-04-10T13:54:11.104+0000] {dag.py:3096} INFO - Sync 1 DAGs
[2025-04-10T13:54:11.143+0000] {logging_mixin.py:188} INFO - [2025-04-10T13:54:11.143+0000] {dag.py:3954} INFO - Setting next_dagrun for example_task_group to 2025-04-09 00:00:00+00:00, run_after=2025-04-10 00:00:00+00:00
[2025-04-10T13:54:11.176+0000] {processor.py:183} INFO - Processing /home/airflow/.local/lib/python3.12/site-packages/airflow/example_dags/example_task_group.py took 0.135 seconds
[2025-04-10T13:54:42.098+0000] {processor.py:161} INFO - Started process (PID=620) to work on /home/airflow/.local/lib/python3.12/site-packages/airflow/example_dags/example_task_group.py
[2025-04-10T13:54:42.099+0000] {processor.py:830} INFO - Processing file /home/airflow/.local/lib/python3.12/site-packages/airflow/example_dags/example_task_group.py for tasks to queue
[2025-04-10T13:54:42.103+0000] {logging_mixin.py:188} INFO - [2025-04-10T13:54:42.102+0000] {dagbag.py:540} INFO - Filling up the DagBag from /home/airflow/.local/lib/python3.12/site-packages/airflow/example_dags/example_task_group.py
[2025-04-10T13:54:42.115+0000] {processor.py:840} INFO - DAG(s) 'example_task_group' retrieved from /home/airflow/.local/lib/python3.12/site-packages/airflow/example_dags/example_task_group.py
[2025-04-10T13:54:42.151+0000] {logging_mixin.py:188} INFO - [2025-04-10T13:54:42.150+0000] {dag.py:3096} INFO - Sync 1 DAGs
[2025-04-10T13:54:42.190+0000] {logging_mixin.py:188} INFO - [2025-04-10T13:54:42.190+0000] {dag.py:3954} INFO - Setting next_dagrun for example_task_group to 2025-04-09 00:00:00+00:00, run_after=2025-04-10 00:00:00+00:00
[2025-04-10T13:54:42.224+0000] {processor.py:183} INFO - Processing /home/airflow/.local/lib/python3.12/site-packages/airflow/example_dags/example_task_group.py took 0.136 seconds
[2025-04-10T13:55:12.585+0000] {processor.py:161} INFO - Started process (PID=680) to work on /home/airflow/.local/lib/python3.12/site-packages/airflow/example_dags/example_task_group.py
[2025-04-10T13:55:12.587+0000] {processor.py:830} INFO - Processing file /home/airflow/.local/lib/python3.12/site-packages/airflow/example_dags/example_task_group.py for tasks to queue
[2025-04-10T13:55:12.590+0000] {logging_mixin.py:188} INFO - [2025-04-10T13:55:12.590+0000] {dagbag.py:540} INFO - Filling up the DagBag from /home/airflow/.local/lib/python3.12/site-packages/airflow/example_dags/example_task_group.py
[2025-04-10T13:55:12.602+0000] {processor.py:840} INFO - DAG(s) 'example_task_group' retrieved from /home/airflow/.local/lib/python3.12/site-packages/airflow/example_dags/example_task_group.py
[2025-04-10T13:55:12.642+0000] {logging_mixin.py:188} INFO - [2025-04-10T13:55:12.642+0000] {dag.py:3096} INFO - Sync 1 DAGs
[2025-04-10T13:55:12.695+0000] {logging_mixin.py:188} INFO - [2025-04-10T13:55:12.695+0000] {dag.py:3954} INFO - Setting next_dagrun for example_task_group to 2025-04-09 00:00:00+00:00, run_after=2025-04-10 00:00:00+00:00
[2025-04-10T13:55:12.745+0000] {processor.py:183} INFO - Processing /home/airflow/.local/lib/python3.12/site-packages/airflow/example_dags/example_task_group.py took 0.170 seconds
[2025-04-10T13:55:43.010+0000] {processor.py:161} INFO - Started process (PID=740) to work on /home/airflow/.local/lib/python3.12/site-packages/airflow/example_dags/example_task_group.py
[2025-04-10T13:55:43.012+0000] {processor.py:830} INFO - Processing file /home/airflow/.local/lib/python3.12/site-packages/airflow/example_dags/example_task_group.py for tasks to queue
[2025-04-10T13:55:43.015+0000] {logging_mixin.py:188} INFO - [2025-04-10T13:55:43.014+0000] {dagbag.py:540} INFO - Filling up the DagBag from /home/airflow/.local/lib/python3.12/site-packages/airflow/example_dags/example_task_group.py
[2025-04-10T13:55:43.027+0000] {processor.py:840} INFO - DAG(s) 'example_task_group' retrieved from /home/airflow/.local/lib/python3.12/site-packages/airflow/example_dags/example_task_group.py
[2025-04-10T13:55:43.065+0000] {logging_mixin.py:188} INFO - [2025-04-10T13:55:43.065+0000] {dag.py:3096} INFO - Sync 1 DAGs
[2025-04-10T13:55:43.108+0000] {logging_mixin.py:188} INFO - [2025-04-10T13:55:43.108+0000] {dag.py:3954} INFO - Setting next_dagrun for example_task_group to 2025-04-09 00:00:00+00:00, run_after=2025-04-10 00:00:00+00:00
[2025-04-10T13:55:43.145+0000] {processor.py:183} INFO - Processing /home/airflow/.local/lib/python3.12/site-packages/airflow/example_dags/example_task_group.py took 0.148 seconds
[2025-04-10T13:56:13.734+0000] {processor.py:161} INFO - Started process (PID=800) to work on /home/airflow/.local/lib/python3.12/site-packages/airflow/example_dags/example_task_group.py
[2025-04-10T13:56:13.736+0000] {processor.py:830} INFO - Processing file /home/airflow/.local/lib/python3.12/site-packages/airflow/example_dags/example_task_group.py for tasks to queue
[2025-04-10T13:56:13.740+0000] {logging_mixin.py:188} INFO - [2025-04-10T13:56:13.739+0000] {dagbag.py:540} INFO - Filling up the DagBag from /home/airflow/.local/lib/python3.12/site-packages/airflow/example_dags/example_task_group.py
[2025-04-10T13:56:13.752+0000] {processor.py:840} INFO - DAG(s) 'example_task_group' retrieved from /home/airflow/.local/lib/python3.12/site-packages/airflow/example_dags/example_task_group.py
[2025-04-10T13:56:13.791+0000] {logging_mixin.py:188} INFO - [2025-04-10T13:56:13.791+0000] {dag.py:3096} INFO - Sync 1 DAGs
[2025-04-10T13:56:13.832+0000] {logging_mixin.py:188} INFO - [2025-04-10T13:56:13.831+0000] {dag.py:3954} INFO - Setting next_dagrun for example_task_group to 2025-04-09 00:00:00+00:00, run_after=2025-04-10 00:00:00+00:00
[2025-04-10T13:56:13.868+0000] {processor.py:183} INFO - Processing /home/airflow/.local/lib/python3.12/site-packages/airflow/example_dags/example_task_group.py took 0.143 seconds
[2025-04-10T13:56:44.200+0000] {processor.py:161} INFO - Started process (PID=860) to work on /home/airflow/.local/lib/python3.12/site-packages/airflow/example_dags/example_task_group.py
[2025-04-10T13:56:44.201+0000] {processor.py:830} INFO - Processing file /home/airflow/.local/lib/python3.12/site-packages/airflow/example_dags/example_task_group.py for tasks to queue
[2025-04-10T13:56:44.204+0000] {logging_mixin.py:188} INFO - [2025-04-10T13:56:44.204+0000] {dagbag.py:540} INFO - Filling up the DagBag from /home/airflow/.local/lib/python3.12/site-packages/airflow/example_dags/example_task_group.py
[2025-04-10T13:56:44.216+0000] {processor.py:840} INFO - DAG(s) 'example_task_group' retrieved from /home/airflow/.local/lib/python3.12/site-packages/airflow/example_dags/example_task_group.py
[2025-04-10T13:56:44.254+0000] {logging_mixin.py:188} INFO - [2025-04-10T13:56:44.253+0000] {dag.py:3096} INFO - Sync 1 DAGs
[2025-04-10T13:56:44.292+0000] {logging_mixin.py:188} INFO - [2025-04-10T13:56:44.292+0000] {dag.py:3954} INFO - Setting next_dagrun for example_task_group to 2025-04-09 00:00:00+00:00, run_after=2025-04-10 00:00:00+00:00
[2025-04-10T13:56:44.326+0000] {processor.py:183} INFO - Processing /home/airflow/.local/lib/python3.12/site-packages/airflow/example_dags/example_task_group.py took 0.136 seconds
[2025-04-10T13:57:14.440+0000] {processor.py:161} INFO - Started process (PID=920) to work on /home/airflow/.local/lib/python3.12/site-packages/airflow/example_dags/example_task_group.py
[2025-04-10T13:57:14.441+0000] {processor.py:830} INFO - Processing file /home/airflow/.local/lib/python3.12/site-packages/airflow/example_dags/example_task_group.py for tasks to queue
[2025-04-10T13:57:14.444+0000] {logging_mixin.py:188} INFO - [2025-04-10T13:57:14.444+0000] {dagbag.py:540} INFO - Filling up the DagBag from /home/airflow/.local/lib/python3.12/site-packages/airflow/example_dags/example_task_group.py
[2025-04-10T13:57:14.457+0000] {processor.py:840} INFO - DAG(s) 'example_task_group' retrieved from /home/airflow/.local/lib/python3.12/site-packages/airflow/example_dags/example_task_group.py
[2025-04-10T13:57:14.496+0000] {logging_mixin.py:188} INFO - [2025-04-10T13:57:14.496+0000] {dag.py:3096} INFO - Sync 1 DAGs
[2025-04-10T13:57:14.536+0000] {logging_mixin.py:188} INFO - [2025-04-10T13:57:14.535+0000] {dag.py:3954} INFO - Setting next_dagrun for example_task_group to 2025-04-09 00:00:00+00:00, run_after=2025-04-10 00:00:00+00:00
[2025-04-10T13:57:14.572+0000] {processor.py:183} INFO - Processing /home/airflow/.local/lib/python3.12/site-packages/airflow/example_dags/example_task_group.py took 0.144 seconds
[2025-04-10T13:57:44.734+0000] {processor.py:161} INFO - Started process (PID=980) to work on /home/airflow/.local/lib/python3.12/site-packages/airflow/example_dags/example_task_group.py
[2025-04-10T13:57:44.736+0000] {processor.py:830} INFO - Processing file /home/airflow/.local/lib/python3.12/site-packages/airflow/example_dags/example_task_group.py for tasks to queue
[2025-04-10T13:57:44.739+0000] {logging_mixin.py:188} INFO - [2025-04-10T13:57:44.738+0000] {dagbag.py:540} INFO - Filling up the DagBag from /home/airflow/.local/lib/python3.12/site-packages/airflow/example_dags/example_task_group.py
[2025-04-10T13:57:44.751+0000] {processor.py:840} INFO - DAG(s) 'example_task_group' retrieved from /home/airflow/.local/lib/python3.12/site-packages/airflow/example_dags/example_task_group.py
[2025-04-10T13:57:44.788+0000] {logging_mixin.py:188} INFO - [2025-04-10T13:57:44.787+0000] {dag.py:3096} INFO - Sync 1 DAGs
[2025-04-10T13:57:44.828+0000] {logging_mixin.py:188} INFO - [2025-04-10T13:57:44.828+0000] {dag.py:3954} INFO - Setting next_dagrun for example_task_group to 2025-04-09 00:00:00+00:00, run_after=2025-04-10 00:00:00+00:00
[2025-04-10T13:57:44.863+0000] {processor.py:183} INFO - Processing /home/airflow/.local/lib/python3.12/site-packages/airflow/example_dags/example_task_group.py took 0.138 seconds
[2025-04-10T13:58:15.678+0000] {processor.py:161} INFO - Started process (PID=1040) to work on /home/airflow/.local/lib/python3.12/site-packages/airflow/example_dags/example_task_group.py
[2025-04-10T13:58:15.680+0000] {processor.py:830} INFO - Processing file /home/airflow/.local/lib/python3.12/site-packages/airflow/example_dags/example_task_group.py for tasks to queue
[2025-04-10T13:58:15.683+0000] {logging_mixin.py:188} INFO - [2025-04-10T13:58:15.682+0000] {dagbag.py:540} INFO - Filling up the DagBag from /home/airflow/.local/lib/python3.12/site-packages/airflow/example_dags/example_task_group.py
[2025-04-10T13:58:15.695+0000] {processor.py:840} INFO - DAG(s) 'example_task_group' retrieved from /home/airflow/.local/lib/python3.12/site-packages/airflow/example_dags/example_task_group.py
[2025-04-10T13:58:15.732+0000] {logging_mixin.py:188} INFO - [2025-04-10T13:58:15.732+0000] {dag.py:3096} INFO - Sync 1 DAGs
[2025-04-10T13:58:15.772+0000] {logging_mixin.py:188} INFO - [2025-04-10T13:58:15.772+0000] {dag.py:3954} INFO - Setting next_dagrun for example_task_group to 2025-04-09 00:00:00+00:00, run_after=2025-04-10 00:00:00+00:00
[2025-04-10T13:58:15.808+0000] {processor.py:183} INFO - Processing /home/airflow/.local/lib/python3.12/site-packages/airflow/example_dags/example_task_group.py took 0.139 seconds
[2025-04-10T13:58:45.993+0000] {processor.py:161} INFO - Started process (PID=1100) to work on /home/airflow/.local/lib/python3.12/site-packages/airflow/example_dags/example_task_group.py
[2025-04-10T13:58:45.995+0000] {processor.py:830} INFO - Processing file /home/airflow/.local/lib/python3.12/site-packages/airflow/example_dags/example_task_group.py for tasks to queue
[2025-04-10T13:58:45.998+0000] {logging_mixin.py:188} INFO - [2025-04-10T13:58:45.997+0000] {dagbag.py:540} INFO - Filling up the DagBag from /home/airflow/.local/lib/python3.12/site-packages/airflow/example_dags/example_task_group.py
[2025-04-10T13:58:46.010+0000] {processor.py:840} INFO - DAG(s) 'example_task_group' retrieved from /home/airflow/.local/lib/python3.12/site-packages/airflow/example_dags/example_task_group.py
[2025-04-10T13:58:46.046+0000] {logging_mixin.py:188} INFO - [2025-04-10T13:58:46.046+0000] {dag.py:3096} INFO - Sync 1 DAGs
[2025-04-10T13:58:46.086+0000] {logging_mixin.py:188} INFO - [2025-04-10T13:58:46.086+0000] {dag.py:3954} INFO - Setting next_dagrun for example_task_group to 2025-04-09 00:00:00+00:00, run_after=2025-04-10 00:00:00+00:00
[2025-04-10T13:58:46.122+0000] {processor.py:183} INFO - Processing /home/airflow/.local/lib/python3.12/site-packages/airflow/example_dags/example_task_group.py took 0.139 seconds
[2025-04-10T13:59:16.780+0000] {processor.py:161} INFO - Started process (PID=1161) to work on /home/airflow/.local/lib/python3.12/site-packages/airflow/example_dags/example_task_group.py
[2025-04-10T13:59:16.782+0000] {processor.py:830} INFO - Processing file /home/airflow/.local/lib/python3.12/site-packages/airflow/example_dags/example_task_group.py for tasks to queue
[2025-04-10T13:59:16.786+0000] {logging_mixin.py:188} INFO - [2025-04-10T13:59:16.785+0000] {dagbag.py:540} INFO - Filling up the DagBag from /home/airflow/.local/lib/python3.12/site-packages/airflow/example_dags/example_task_group.py
[2025-04-10T13:59:16.802+0000] {processor.py:840} INFO - DAG(s) 'example_task_group' retrieved from /home/airflow/.local/lib/python3.12/site-packages/airflow/example_dags/example_task_group.py
[2025-04-10T13:59:16.847+0000] {logging_mixin.py:188} INFO - [2025-04-10T13:59:16.847+0000] {dag.py:3096} INFO - Sync 1 DAGs
[2025-04-10T13:59:16.903+0000] {logging_mixin.py:188} INFO - [2025-04-10T13:59:16.902+0000] {dag.py:3954} INFO - Setting next_dagrun for example_task_group to 2025-04-09 00:00:00+00:00, run_after=2025-04-10 00:00:00+00:00
[2025-04-10T13:59:16.945+0000] {processor.py:183} INFO - Processing /home/airflow/.local/lib/python3.12/site-packages/airflow/example_dags/example_task_group.py took 0.177 seconds
[2025-04-10T13:59:48.144+0000] {processor.py:161} INFO - Started process (PID=1221) to work on /home/airflow/.local/lib/python3.12/site-packages/airflow/example_dags/example_task_group.py
[2025-04-10T13:59:48.146+0000] {processor.py:830} INFO - Processing file /home/airflow/.local/lib/python3.12/site-packages/airflow/example_dags/example_task_group.py for tasks to queue
[2025-04-10T13:59:48.149+0000] {logging_mixin.py:188} INFO - [2025-04-10T13:59:48.148+0000] {dagbag.py:540} INFO - Filling up the DagBag from /home/airflow/.local/lib/python3.12/site-packages/airflow/example_dags/example_task_group.py
[2025-04-10T13:59:48.161+0000] {processor.py:840} INFO - DAG(s) 'example_task_group' retrieved from /home/airflow/.local/lib/python3.12/site-packages/airflow/example_dags/example_task_group.py
[2025-04-10T13:59:48.203+0000] {logging_mixin.py:188} INFO - [2025-04-10T13:59:48.202+0000] {dag.py:3096} INFO - Sync 1 DAGs
[2025-04-10T13:59:48.449+0000] {logging_mixin.py:188} INFO - [2025-04-10T13:59:48.448+0000] {dag.py:3954} INFO - Setting next_dagrun for example_task_group to 2025-04-09 00:00:00+00:00, run_after=2025-04-10 00:00:00+00:00
[2025-04-10T13:59:48.482+0000] {processor.py:183} INFO - Processing /home/airflow/.local/lib/python3.12/site-packages/airflow/example_dags/example_task_group.py took 0.348 seconds
[2025-04-10T14:00:19.169+0000] {processor.py:161} INFO - Started process (PID=1281) to work on /home/airflow/.local/lib/python3.12/site-packages/airflow/example_dags/example_task_group.py
[2025-04-10T14:00:19.170+0000] {processor.py:830} INFO - Processing file /home/airflow/.local/lib/python3.12/site-packages/airflow/example_dags/example_task_group.py for tasks to queue
[2025-04-10T14:00:19.174+0000] {logging_mixin.py:188} INFO - [2025-04-10T14:00:19.173+0000] {dagbag.py:540} INFO - Filling up the DagBag from /home/airflow/.local/lib/python3.12/site-packages/airflow/example_dags/example_task_group.py
[2025-04-10T14:00:19.186+0000] {processor.py:840} INFO - DAG(s) 'example_task_group' retrieved from /home/airflow/.local/lib/python3.12/site-packages/airflow/example_dags/example_task_group.py
[2025-04-10T14:00:19.224+0000] {logging_mixin.py:188} INFO - [2025-04-10T14:00:19.223+0000] {dag.py:3096} INFO - Sync 1 DAGs
[2025-04-10T14:00:19.265+0000] {logging_mixin.py:188} INFO - [2025-04-10T14:00:19.265+0000] {dag.py:3954} INFO - Setting next_dagrun for example_task_group to 2025-04-09 00:00:00+00:00, run_after=2025-04-10 00:00:00+00:00
[2025-04-10T14:00:19.521+0000] {processor.py:183} INFO - Processing /home/airflow/.local/lib/python3.12/site-packages/airflow/example_dags/example_task_group.py took 0.362 seconds
[2025-04-10T14:00:50.395+0000] {processor.py:161} INFO - Started process (PID=1342) to work on /home/airflow/.local/lib/python3.12/site-packages/airflow/example_dags/example_task_group.py
[2025-04-10T14:00:50.397+0000] {processor.py:830} INFO - Processing file /home/airflow/.local/lib/python3.12/site-packages/airflow/example_dags/example_task_group.py for tasks to queue
[2025-04-10T14:00:50.400+0000] {logging_mixin.py:188} INFO - [2025-04-10T14:00:50.399+0000] {dagbag.py:540} INFO - Filling up the DagBag from /home/airflow/.local/lib/python3.12/site-packages/airflow/example_dags/example_task_group.py
[2025-04-10T14:00:50.412+0000] {processor.py:840} INFO - DAG(s) 'example_task_group' retrieved from /home/airflow/.local/lib/python3.12/site-packages/airflow/example_dags/example_task_group.py
[2025-04-10T14:00:50.450+0000] {logging_mixin.py:188} INFO - [2025-04-10T14:00:50.450+0000] {dag.py:3096} INFO - Sync 1 DAGs
[2025-04-10T14:00:50.490+0000] {logging_mixin.py:188} INFO - [2025-04-10T14:00:50.489+0000] {dag.py:3954} INFO - Setting next_dagrun for example_task_group to 2025-04-09 00:00:00+00:00, run_after=2025-04-10 00:00:00+00:00
[2025-04-10T14:00:50.527+0000] {processor.py:183} INFO - Processing /home/airflow/.local/lib/python3.12/site-packages/airflow/example_dags/example_task_group.py took 0.141 seconds
[2025-04-10T14:01:20.617+0000] {processor.py:161} INFO - Started process (PID=1402) to work on /home/airflow/.local/lib/python3.12/site-packages/airflow/example_dags/example_task_group.py
[2025-04-10T14:01:20.619+0000] {processor.py:830} INFO - Processing file /home/airflow/.local/lib/python3.12/site-packages/airflow/example_dags/example_task_group.py for tasks to queue
[2025-04-10T14:01:20.622+0000] {logging_mixin.py:188} INFO - [2025-04-10T14:01:20.621+0000] {dagbag.py:540} INFO - Filling up the DagBag from /home/airflow/.local/lib/python3.12/site-packages/airflow/example_dags/example_task_group.py
[2025-04-10T14:01:20.634+0000] {processor.py:840} INFO - DAG(s) 'example_task_group' retrieved from /home/airflow/.local/lib/python3.12/site-packages/airflow/example_dags/example_task_group.py
[2025-04-10T14:01:20.673+0000] {logging_mixin.py:188} INFO - [2025-04-10T14:01:20.673+0000] {dag.py:3096} INFO - Sync 1 DAGs
[2025-04-10T14:01:20.713+0000] {logging_mixin.py:188} INFO - [2025-04-10T14:01:20.713+0000] {dag.py:3954} INFO - Setting next_dagrun for example_task_group to 2025-04-09 00:00:00+00:00, run_after=2025-04-10 00:00:00+00:00
[2025-04-10T14:01:20.747+0000] {processor.py:183} INFO - Processing /home/airflow/.local/lib/python3.12/site-packages/airflow/example_dags/example_task_group.py took 0.139 seconds
[2025-04-10T14:01:50.859+0000] {processor.py:161} INFO - Started process (PID=1462) to work on /home/airflow/.local/lib/python3.12/site-packages/airflow/example_dags/example_task_group.py
[2025-04-10T14:01:50.861+0000] {processor.py:830} INFO - Processing file /home/airflow/.local/lib/python3.12/site-packages/airflow/example_dags/example_task_group.py for tasks to queue
[2025-04-10T14:01:50.864+0000] {logging_mixin.py:188} INFO - [2025-04-10T14:01:50.864+0000] {dagbag.py:540} INFO - Filling up the DagBag from /home/airflow/.local/lib/python3.12/site-packages/airflow/example_dags/example_task_group.py
[2025-04-10T14:01:50.876+0000] {processor.py:840} INFO - DAG(s) 'example_task_group' retrieved from /home/airflow/.local/lib/python3.12/site-packages/airflow/example_dags/example_task_group.py
[2025-04-10T14:01:50.914+0000] {logging_mixin.py:188} INFO - [2025-04-10T14:01:50.913+0000] {dag.py:3096} INFO - Sync 1 DAGs
[2025-04-10T14:01:50.953+0000] {logging_mixin.py:188} INFO - [2025-04-10T14:01:50.952+0000] {dag.py:3954} INFO - Setting next_dagrun for example_task_group to 2025-04-09 00:00:00+00:00, run_after=2025-04-10 00:00:00+00:00
[2025-04-10T14:01:50.984+0000] {processor.py:183} INFO - Processing /home/airflow/.local/lib/python3.12/site-packages/airflow/example_dags/example_task_group.py took 0.134 seconds
[2025-04-10T14:02:21.912+0000] {processor.py:161} INFO - Started process (PID=1522) to work on /home/airflow/.local/lib/python3.12/site-packages/airflow/example_dags/example_task_group.py
[2025-04-10T14:02:21.913+0000] {processor.py:830} INFO - Processing file /home/airflow/.local/lib/python3.12/site-packages/airflow/example_dags/example_task_group.py for tasks to queue
[2025-04-10T14:02:21.917+0000] {logging_mixin.py:188} INFO - [2025-04-10T14:02:21.916+0000] {dagbag.py:540} INFO - Filling up the DagBag from /home/airflow/.local/lib/python3.12/site-packages/airflow/example_dags/example_task_group.py
[2025-04-10T14:02:21.930+0000] {processor.py:840} INFO - DAG(s) 'example_task_group' retrieved from /home/airflow/.local/lib/python3.12/site-packages/airflow/example_dags/example_task_group.py
[2025-04-10T14:02:21.970+0000] {logging_mixin.py:188} INFO - [2025-04-10T14:02:21.969+0000] {dag.py:3096} INFO - Sync 1 DAGs
[2025-04-10T14:02:22.011+0000] {logging_mixin.py:188} INFO - [2025-04-10T14:02:22.010+0000] {dag.py:3954} INFO - Setting next_dagrun for example_task_group to 2025-04-09 00:00:00+00:00, run_after=2025-04-10 00:00:00+00:00
[2025-04-10T14:02:22.046+0000] {processor.py:183} INFO - Processing /home/airflow/.local/lib/python3.12/site-packages/airflow/example_dags/example_task_group.py took 0.145 seconds
[2025-04-10T14:02:53.157+0000] {processor.py:161} INFO - Started process (PID=1582) to work on /home/airflow/.local/lib/python3.12/site-packages/airflow/example_dags/example_task_group.py
[2025-04-10T14:02:53.159+0000] {processor.py:830} INFO - Processing file /home/airflow/.local/lib/python3.12/site-packages/airflow/example_dags/example_task_group.py for tasks to queue
[2025-04-10T14:02:53.162+0000] {logging_mixin.py:188} INFO - [2025-04-10T14:02:53.161+0000] {dagbag.py:540} INFO - Filling up the DagBag from /home/airflow/.local/lib/python3.12/site-packages/airflow/example_dags/example_task_group.py
[2025-04-10T14:02:53.174+0000] {processor.py:840} INFO - DAG(s) 'example_task_group' retrieved from /home/airflow/.local/lib/python3.12/site-packages/airflow/example_dags/example_task_group.py
[2025-04-10T14:02:53.212+0000] {logging_mixin.py:188} INFO - [2025-04-10T14:02:53.212+0000] {dag.py:3096} INFO - Sync 1 DAGs
[2025-04-10T14:02:53.253+0000] {logging_mixin.py:188} INFO - [2025-04-10T14:02:53.253+0000] {dag.py:3954} INFO - Setting next_dagrun for example_task_group to 2025-04-09 00:00:00+00:00, run_after=2025-04-10 00:00:00+00:00
[2025-04-10T14:02:53.288+0000] {processor.py:183} INFO - Processing /home/airflow/.local/lib/python3.12/site-packages/airflow/example_dags/example_task_group.py took 0.140 seconds
[2025-04-10T14:03:23.877+0000] {processor.py:161} INFO - Started process (PID=1642) to work on /home/airflow/.local/lib/python3.12/site-packages/airflow/example_dags/example_task_group.py
[2025-04-10T14:03:23.879+0000] {processor.py:830} INFO - Processing file /home/airflow/.local/lib/python3.12/site-packages/airflow/example_dags/example_task_group.py for tasks to queue
[2025-04-10T14:03:23.881+0000] {logging_mixin.py:188} INFO - [2025-04-10T14:03:23.881+0000] {dagbag.py:540} INFO - Filling up the DagBag from /home/airflow/.local/lib/python3.12/site-packages/airflow/example_dags/example_task_group.py
[2025-04-10T14:03:23.894+0000] {processor.py:840} INFO - DAG(s) 'example_task_group' retrieved from /home/airflow/.local/lib/python3.12/site-packages/airflow/example_dags/example_task_group.py
[2025-04-10T14:03:23.930+0000] {logging_mixin.py:188} INFO - [2025-04-10T14:03:23.930+0000] {dag.py:3096} INFO - Sync 1 DAGs
[2025-04-10T14:03:23.974+0000] {logging_mixin.py:188} INFO - [2025-04-10T14:03:23.973+0000] {dag.py:3954} INFO - Setting next_dagrun for example_task_group to 2025-04-09 00:00:00+00:00, run_after=2025-04-10 00:00:00+00:00
[2025-04-10T14:03:24.007+0000] {processor.py:183} INFO - Processing /home/airflow/.local/lib/python3.12/site-packages/airflow/example_dags/example_task_group.py took 0.139 seconds
[2025-04-10T14:03:54.541+0000] {processor.py:161} INFO - Started process (PID=1702) to work on /home/airflow/.local/lib/python3.12/site-packages/airflow/example_dags/example_task_group.py
[2025-04-10T14:03:54.543+0000] {processor.py:830} INFO - Processing file /home/airflow/.local/lib/python3.12/site-packages/airflow/example_dags/example_task_group.py for tasks to queue
[2025-04-10T14:03:54.546+0000] {logging_mixin.py:188} INFO - [2025-04-10T14:03:54.546+0000] {dagbag.py:540} INFO - Filling up the DagBag from /home/airflow/.local/lib/python3.12/site-packages/airflow/example_dags/example_task_group.py
[2025-04-10T14:03:54.559+0000] {processor.py:840} INFO - DAG(s) 'example_task_group' retrieved from /home/airflow/.local/lib/python3.12/site-packages/airflow/example_dags/example_task_group.py
[2025-04-10T14:03:54.597+0000] {logging_mixin.py:188} INFO - [2025-04-10T14:03:54.597+0000] {dag.py:3096} INFO - Sync 1 DAGs
[2025-04-10T14:03:54.637+0000] {logging_mixin.py:188} INFO - [2025-04-10T14:03:54.637+0000] {dag.py:3954} INFO - Setting next_dagrun for example_task_group to 2025-04-09 00:00:00+00:00, run_after=2025-04-10 00:00:00+00:00
[2025-04-10T14:03:54.672+0000] {processor.py:183} INFO - Processing /home/airflow/.local/lib/python3.12/site-packages/airflow/example_dags/example_task_group.py took 0.141 seconds
[2025-04-10T14:04:25.428+0000] {processor.py:161} INFO - Started process (PID=1763) to work on /home/airflow/.local/lib/python3.12/site-packages/airflow/example_dags/example_task_group.py
[2025-04-10T14:04:25.430+0000] {processor.py:830} INFO - Processing file /home/airflow/.local/lib/python3.12/site-packages/airflow/example_dags/example_task_group.py for tasks to queue
[2025-04-10T14:04:25.433+0000] {logging_mixin.py:188} INFO - [2025-04-10T14:04:25.433+0000] {dagbag.py:540} INFO - Filling up the DagBag from /home/airflow/.local/lib/python3.12/site-packages/airflow/example_dags/example_task_group.py
[2025-04-10T14:04:25.446+0000] {processor.py:840} INFO - DAG(s) 'example_task_group' retrieved from /home/airflow/.local/lib/python3.12/site-packages/airflow/example_dags/example_task_group.py
[2025-04-10T14:04:25.487+0000] {logging_mixin.py:188} INFO - [2025-04-10T14:04:25.486+0000] {dag.py:3096} INFO - Sync 1 DAGs
[2025-04-10T14:04:25.529+0000] {logging_mixin.py:188} INFO - [2025-04-10T14:04:25.529+0000] {dag.py:3954} INFO - Setting next_dagrun for example_task_group to 2025-04-09 00:00:00+00:00, run_after=2025-04-10 00:00:00+00:00
[2025-04-10T14:04:25.563+0000] {processor.py:183} INFO - Processing /home/airflow/.local/lib/python3.12/site-packages/airflow/example_dags/example_task_group.py took 0.146 seconds
[2025-04-10T14:04:55.976+0000] {processor.py:161} INFO - Started process (PID=1823) to work on /home/airflow/.local/lib/python3.12/site-packages/airflow/example_dags/example_task_group.py
[2025-04-10T14:04:55.977+0000] {processor.py:830} INFO - Processing file /home/airflow/.local/lib/python3.12/site-packages/airflow/example_dags/example_task_group.py for tasks to queue
[2025-04-10T14:04:55.980+0000] {logging_mixin.py:188} INFO - [2025-04-10T14:04:55.980+0000] {dagbag.py:540} INFO - Filling up the DagBag from /home/airflow/.local/lib/python3.12/site-packages/airflow/example_dags/example_task_group.py
[2025-04-10T14:04:55.993+0000] {processor.py:840} INFO - DAG(s) 'example_task_group' retrieved from /home/airflow/.local/lib/python3.12/site-packages/airflow/example_dags/example_task_group.py
[2025-04-10T14:04:56.030+0000] {logging_mixin.py:188} INFO - [2025-04-10T14:04:56.029+0000] {dag.py:3096} INFO - Sync 1 DAGs
[2025-04-10T14:04:56.069+0000] {logging_mixin.py:188} INFO - [2025-04-10T14:04:56.069+0000] {dag.py:3954} INFO - Setting next_dagrun for example_task_group to 2025-04-09 00:00:00+00:00, run_after=2025-04-10 00:00:00+00:00
[2025-04-10T14:04:56.106+0000] {processor.py:183} INFO - Processing /home/airflow/.local/lib/python3.12/site-packages/airflow/example_dags/example_task_group.py took 0.140 seconds
[2025-04-10T14:05:26.650+0000] {processor.py:161} INFO - Started process (PID=1883) to work on /home/airflow/.local/lib/python3.12/site-packages/airflow/example_dags/example_task_group.py
[2025-04-10T14:05:26.652+0000] {processor.py:830} INFO - Processing file /home/airflow/.local/lib/python3.12/site-packages/airflow/example_dags/example_task_group.py for tasks to queue
[2025-04-10T14:05:26.655+0000] {logging_mixin.py:188} INFO - [2025-04-10T14:05:26.655+0000] {dagbag.py:540} INFO - Filling up the DagBag from /home/airflow/.local/lib/python3.12/site-packages/airflow/example_dags/example_task_group.py
[2025-04-10T14:05:26.667+0000] {processor.py:840} INFO - DAG(s) 'example_task_group' retrieved from /home/airflow/.local/lib/python3.12/site-packages/airflow/example_dags/example_task_group.py
[2025-04-10T14:05:26.707+0000] {logging_mixin.py:188} INFO - [2025-04-10T14:05:26.707+0000] {dag.py:3096} INFO - Sync 1 DAGs
[2025-04-10T14:05:26.747+0000] {logging_mixin.py:188} INFO - [2025-04-10T14:05:26.746+0000] {dag.py:3954} INFO - Setting next_dagrun for example_task_group to 2025-04-09 00:00:00+00:00, run_after=2025-04-10 00:00:00+00:00
[2025-04-10T14:05:26.788+0000] {processor.py:183} INFO - Processing /home/airflow/.local/lib/python3.12/site-packages/airflow/example_dags/example_task_group.py took 0.148 seconds
[2025-04-10T14:05:57.136+0000] {processor.py:161} INFO - Started process (PID=1943) to work on /home/airflow/.local/lib/python3.12/site-packages/airflow/example_dags/example_task_group.py
[2025-04-10T14:05:57.137+0000] {processor.py:830} INFO - Processing file /home/airflow/.local/lib/python3.12/site-packages/airflow/example_dags/example_task_group.py for tasks to queue
[2025-04-10T14:05:57.140+0000] {logging_mixin.py:188} INFO - [2025-04-10T14:05:57.140+0000] {dagbag.py:540} INFO - Filling up the DagBag from /home/airflow/.local/lib/python3.12/site-packages/airflow/example_dags/example_task_group.py
[2025-04-10T14:05:57.152+0000] {processor.py:840} INFO - DAG(s) 'example_task_group' retrieved from /home/airflow/.local/lib/python3.12/site-packages/airflow/example_dags/example_task_group.py
[2025-04-10T14:05:57.193+0000] {logging_mixin.py:188} INFO - [2025-04-10T14:05:57.192+0000] {dag.py:3096} INFO - Sync 1 DAGs
[2025-04-10T14:05:57.232+0000] {logging_mixin.py:188} INFO - [2025-04-10T14:05:57.231+0000] {dag.py:3954} INFO - Setting next_dagrun for example_task_group to 2025-04-09 00:00:00+00:00, run_after=2025-04-10 00:00:00+00:00
[2025-04-10T14:05:57.264+0000] {processor.py:183} INFO - Processing /home/airflow/.local/lib/python3.12/site-packages/airflow/example_dags/example_task_group.py took 0.138 seconds
[2025-04-10T14:06:27.375+0000] {processor.py:161} INFO - Started process (PID=2002) to work on /home/airflow/.local/lib/python3.12/site-packages/airflow/example_dags/example_task_group.py
[2025-04-10T14:06:27.376+0000] {processor.py:830} INFO - Processing file /home/airflow/.local/lib/python3.12/site-packages/airflow/example_dags/example_task_group.py for tasks to queue
[2025-04-10T14:06:27.379+0000] {logging_mixin.py:188} INFO - [2025-04-10T14:06:27.378+0000] {dagbag.py:540} INFO - Filling up the DagBag from /home/airflow/.local/lib/python3.12/site-packages/airflow/example_dags/example_task_group.py
[2025-04-10T14:06:27.390+0000] {processor.py:840} INFO - DAG(s) 'example_task_group' retrieved from /home/airflow/.local/lib/python3.12/site-packages/airflow/example_dags/example_task_group.py
[2025-04-10T14:06:27.430+0000] {logging_mixin.py:188} INFO - [2025-04-10T14:06:27.429+0000] {dag.py:3096} INFO - Sync 1 DAGs
[2025-04-10T14:06:27.470+0000] {logging_mixin.py:188} INFO - [2025-04-10T14:06:27.469+0000] {dag.py:3954} INFO - Setting next_dagrun for example_task_group to 2025-04-09 00:00:00+00:00, run_after=2025-04-10 00:00:00+00:00
[2025-04-10T14:06:27.502+0000] {processor.py:183} INFO - Processing /home/airflow/.local/lib/python3.12/site-packages/airflow/example_dags/example_task_group.py took 0.137 seconds
[2025-04-10T14:06:58.398+0000] {processor.py:161} INFO - Started process (PID=2062) to work on /home/airflow/.local/lib/python3.12/site-packages/airflow/example_dags/example_task_group.py
[2025-04-10T14:06:58.399+0000] {processor.py:830} INFO - Processing file /home/airflow/.local/lib/python3.12/site-packages/airflow/example_dags/example_task_group.py for tasks to queue
[2025-04-10T14:06:58.402+0000] {logging_mixin.py:188} INFO - [2025-04-10T14:06:58.401+0000] {dagbag.py:540} INFO - Filling up the DagBag from /home/airflow/.local/lib/python3.12/site-packages/airflow/example_dags/example_task_group.py
[2025-04-10T14:06:58.413+0000] {processor.py:840} INFO - DAG(s) 'example_task_group' retrieved from /home/airflow/.local/lib/python3.12/site-packages/airflow/example_dags/example_task_group.py
[2025-04-10T14:06:58.451+0000] {logging_mixin.py:188} INFO - [2025-04-10T14:06:58.451+0000] {dag.py:3096} INFO - Sync 1 DAGs
[2025-04-10T14:06:58.492+0000] {logging_mixin.py:188} INFO - [2025-04-10T14:06:58.491+0000] {dag.py:3954} INFO - Setting next_dagrun for example_task_group to 2025-04-09 00:00:00+00:00, run_after=2025-04-10 00:00:00+00:00
[2025-04-10T14:06:58.526+0000] {processor.py:183} INFO - Processing /home/airflow/.local/lib/python3.12/site-packages/airflow/example_dags/example_task_group.py took 0.138 seconds
[2025-04-10T14:07:28.942+0000] {processor.py:161} INFO - Started process (PID=2121) to work on /home/airflow/.local/lib/python3.12/site-packages/airflow/example_dags/example_task_group.py
[2025-04-10T14:07:28.944+0000] {processor.py:830} INFO - Processing file /home/airflow/.local/lib/python3.12/site-packages/airflow/example_dags/example_task_group.py for tasks to queue
[2025-04-10T14:07:28.947+0000] {logging_mixin.py:188} INFO - [2025-04-10T14:07:28.946+0000] {dagbag.py:540} INFO - Filling up the DagBag from /home/airflow/.local/lib/python3.12/site-packages/airflow/example_dags/example_task_group.py
[2025-04-10T14:07:28.959+0000] {processor.py:840} INFO - DAG(s) 'example_task_group' retrieved from /home/airflow/.local/lib/python3.12/site-packages/airflow/example_dags/example_task_group.py
[2025-04-10T14:07:28.997+0000] {logging_mixin.py:188} INFO - [2025-04-10T14:07:28.997+0000] {dag.py:3096} INFO - Sync 1 DAGs
[2025-04-10T14:07:29.037+0000] {logging_mixin.py:188} INFO - [2025-04-10T14:07:29.036+0000] {dag.py:3954} INFO - Setting next_dagrun for example_task_group to 2025-04-09 00:00:00+00:00, run_after=2025-04-10 00:00:00+00:00
[2025-04-10T14:07:29.076+0000] {processor.py:183} INFO - Processing /home/airflow/.local/lib/python3.12/site-packages/airflow/example_dags/example_task_group.py took 0.143 seconds
[2025-04-10T14:07:59.426+0000] {processor.py:161} INFO - Started process (PID=2181) to work on /home/airflow/.local/lib/python3.12/site-packages/airflow/example_dags/example_task_group.py
[2025-04-10T14:07:59.427+0000] {processor.py:830} INFO - Processing file /home/airflow/.local/lib/python3.12/site-packages/airflow/example_dags/example_task_group.py for tasks to queue
[2025-04-10T14:07:59.430+0000] {logging_mixin.py:188} INFO - [2025-04-10T14:07:59.430+0000] {dagbag.py:540} INFO - Filling up the DagBag from /home/airflow/.local/lib/python3.12/site-packages/airflow/example_dags/example_task_group.py
[2025-04-10T14:07:59.442+0000] {processor.py:840} INFO - DAG(s) 'example_task_group' retrieved from /home/airflow/.local/lib/python3.12/site-packages/airflow/example_dags/example_task_group.py
[2025-04-10T14:07:59.480+0000] {logging_mixin.py:188} INFO - [2025-04-10T14:07:59.480+0000] {dag.py:3096} INFO - Sync 1 DAGs
[2025-04-10T14:07:59.518+0000] {logging_mixin.py:188} INFO - [2025-04-10T14:07:59.518+0000] {dag.py:3954} INFO - Setting next_dagrun for example_task_group to 2025-04-09 00:00:00+00:00, run_after=2025-04-10 00:00:00+00:00
[2025-04-10T14:07:59.558+0000] {processor.py:183} INFO - Processing /home/airflow/.local/lib/python3.12/site-packages/airflow/example_dags/example_task_group.py took 0.142 seconds
[2025-04-10T14:08:29.999+0000] {processor.py:161} INFO - Started process (PID=2247) to work on /home/airflow/.local/lib/python3.12/site-packages/airflow/example_dags/example_task_group.py
[2025-04-10T14:08:30.000+0000] {processor.py:830} INFO - Processing file /home/airflow/.local/lib/python3.12/site-packages/airflow/example_dags/example_task_group.py for tasks to queue
[2025-04-10T14:08:30.003+0000] {logging_mixin.py:188} INFO - [2025-04-10T14:08:30.003+0000] {dagbag.py:540} INFO - Filling up the DagBag from /home/airflow/.local/lib/python3.12/site-packages/airflow/example_dags/example_task_group.py
[2025-04-10T14:08:30.016+0000] {processor.py:840} INFO - DAG(s) 'example_task_group' retrieved from /home/airflow/.local/lib/python3.12/site-packages/airflow/example_dags/example_task_group.py
[2025-04-10T14:08:30.052+0000] {logging_mixin.py:188} INFO - [2025-04-10T14:08:30.052+0000] {dag.py:3096} INFO - Sync 1 DAGs
[2025-04-10T14:08:30.090+0000] {logging_mixin.py:188} INFO - [2025-04-10T14:08:30.090+0000] {dag.py:3954} INFO - Setting next_dagrun for example_task_group to 2025-04-09 00:00:00+00:00, run_after=2025-04-10 00:00:00+00:00
[2025-04-10T14:08:30.133+0000] {processor.py:183} INFO - Processing /home/airflow/.local/lib/python3.12/site-packages/airflow/example_dags/example_task_group.py took 0.147 seconds
[2025-04-10T14:09:00.485+0000] {processor.py:161} INFO - Started process (PID=2307) to work on /home/airflow/.local/lib/python3.12/site-packages/airflow/example_dags/example_task_group.py
[2025-04-10T14:09:00.486+0000] {processor.py:830} INFO - Processing file /home/airflow/.local/lib/python3.12/site-packages/airflow/example_dags/example_task_group.py for tasks to queue
[2025-04-10T14:09:00.489+0000] {logging_mixin.py:188} INFO - [2025-04-10T14:09:00.489+0000] {dagbag.py:540} INFO - Filling up the DagBag from /home/airflow/.local/lib/python3.12/site-packages/airflow/example_dags/example_task_group.py
[2025-04-10T14:09:00.503+0000] {processor.py:840} INFO - DAG(s) 'example_task_group' retrieved from /home/airflow/.local/lib/python3.12/site-packages/airflow/example_dags/example_task_group.py
[2025-04-10T14:09:00.542+0000] {logging_mixin.py:188} INFO - [2025-04-10T14:09:00.542+0000] {dag.py:3096} INFO - Sync 1 DAGs
[2025-04-10T14:09:00.586+0000] {logging_mixin.py:188} INFO - [2025-04-10T14:09:00.585+0000] {dag.py:3954} INFO - Setting next_dagrun for example_task_group to 2025-04-09 00:00:00+00:00, run_after=2025-04-10 00:00:00+00:00
[2025-04-10T14:09:00.620+0000] {processor.py:183} INFO - Processing /home/airflow/.local/lib/python3.12/site-packages/airflow/example_dags/example_task_group.py took 0.146 seconds
[2025-04-10T14:09:31.018+0000] {processor.py:161} INFO - Started process (PID=2367) to work on /home/airflow/.local/lib/python3.12/site-packages/airflow/example_dags/example_task_group.py
[2025-04-10T14:09:31.020+0000] {processor.py:830} INFO - Processing file /home/airflow/.local/lib/python3.12/site-packages/airflow/example_dags/example_task_group.py for tasks to queue
[2025-04-10T14:09:31.023+0000] {logging_mixin.py:188} INFO - [2025-04-10T14:09:31.022+0000] {dagbag.py:540} INFO - Filling up the DagBag from /home/airflow/.local/lib/python3.12/site-packages/airflow/example_dags/example_task_group.py
[2025-04-10T14:09:31.035+0000] {processor.py:840} INFO - DAG(s) 'example_task_group' retrieved from /home/airflow/.local/lib/python3.12/site-packages/airflow/example_dags/example_task_group.py
[2025-04-10T14:09:31.073+0000] {logging_mixin.py:188} INFO - [2025-04-10T14:09:31.073+0000] {dag.py:3096} INFO - Sync 1 DAGs
[2025-04-10T14:09:31.113+0000] {logging_mixin.py:188} INFO - [2025-04-10T14:09:31.112+0000] {dag.py:3954} INFO - Setting next_dagrun for example_task_group to 2025-04-09 00:00:00+00:00, run_after=2025-04-10 00:00:00+00:00
[2025-04-10T14:09:31.150+0000] {processor.py:183} INFO - Processing /home/airflow/.local/lib/python3.12/site-packages/airflow/example_dags/example_task_group.py took 0.141 seconds
[2025-04-10T14:10:01.912+0000] {processor.py:161} INFO - Started process (PID=2427) to work on /home/airflow/.local/lib/python3.12/site-packages/airflow/example_dags/example_task_group.py
[2025-04-10T14:10:01.914+0000] {processor.py:830} INFO - Processing file /home/airflow/.local/lib/python3.12/site-packages/airflow/example_dags/example_task_group.py for tasks to queue
[2025-04-10T14:10:01.917+0000] {logging_mixin.py:188} INFO - [2025-04-10T14:10:01.916+0000] {dagbag.py:540} INFO - Filling up the DagBag from /home/airflow/.local/lib/python3.12/site-packages/airflow/example_dags/example_task_group.py
[2025-04-10T14:10:01.929+0000] {processor.py:840} INFO - DAG(s) 'example_task_group' retrieved from /home/airflow/.local/lib/python3.12/site-packages/airflow/example_dags/example_task_group.py
[2025-04-10T14:10:01.965+0000] {logging_mixin.py:188} INFO - [2025-04-10T14:10:01.965+0000] {dag.py:3096} INFO - Sync 1 DAGs
[2025-04-10T14:10:02.004+0000] {logging_mixin.py:188} INFO - [2025-04-10T14:10:02.004+0000] {dag.py:3954} INFO - Setting next_dagrun for example_task_group to 2025-04-09 00:00:00+00:00, run_after=2025-04-10 00:00:00+00:00
[2025-04-10T14:10:02.040+0000] {processor.py:183} INFO - Processing /home/airflow/.local/lib/python3.12/site-packages/airflow/example_dags/example_task_group.py took 0.138 seconds
[2025-04-10T14:10:32.324+0000] {processor.py:161} INFO - Started process (PID=2487) to work on /home/airflow/.local/lib/python3.12/site-packages/airflow/example_dags/example_task_group.py
[2025-04-10T14:10:32.326+0000] {processor.py:830} INFO - Processing file /home/airflow/.local/lib/python3.12/site-packages/airflow/example_dags/example_task_group.py for tasks to queue
[2025-04-10T14:10:32.329+0000] {logging_mixin.py:188} INFO - [2025-04-10T14:10:32.328+0000] {dagbag.py:540} INFO - Filling up the DagBag from /home/airflow/.local/lib/python3.12/site-packages/airflow/example_dags/example_task_group.py
[2025-04-10T14:10:32.341+0000] {processor.py:840} INFO - DAG(s) 'example_task_group' retrieved from /home/airflow/.local/lib/python3.12/site-packages/airflow/example_dags/example_task_group.py
[2025-04-10T14:10:32.382+0000] {logging_mixin.py:188} INFO - [2025-04-10T14:10:32.381+0000] {dag.py:3096} INFO - Sync 1 DAGs
[2025-04-10T14:10:32.422+0000] {logging_mixin.py:188} INFO - [2025-04-10T14:10:32.421+0000] {dag.py:3954} INFO - Setting next_dagrun for example_task_group to 2025-04-09 00:00:00+00:00, run_after=2025-04-10 00:00:00+00:00
[2025-04-10T14:10:32.458+0000] {processor.py:183} INFO - Processing /home/airflow/.local/lib/python3.12/site-packages/airflow/example_dags/example_task_group.py took 0.144 seconds
[2025-04-10T14:11:02.999+0000] {processor.py:161} INFO - Started process (PID=2547) to work on /home/airflow/.local/lib/python3.12/site-packages/airflow/example_dags/example_task_group.py
[2025-04-10T14:11:03.001+0000] {processor.py:830} INFO - Processing file /home/airflow/.local/lib/python3.12/site-packages/airflow/example_dags/example_task_group.py for tasks to queue
[2025-04-10T14:11:03.004+0000] {logging_mixin.py:188} INFO - [2025-04-10T14:11:03.004+0000] {dagbag.py:540} INFO - Filling up the DagBag from /home/airflow/.local/lib/python3.12/site-packages/airflow/example_dags/example_task_group.py
[2025-04-10T14:11:03.016+0000] {processor.py:840} INFO - DAG(s) 'example_task_group' retrieved from /home/airflow/.local/lib/python3.12/site-packages/airflow/example_dags/example_task_group.py
[2025-04-10T14:11:03.054+0000] {logging_mixin.py:188} INFO - [2025-04-10T14:11:03.053+0000] {dag.py:3096} INFO - Sync 1 DAGs
[2025-04-10T14:11:03.093+0000] {logging_mixin.py:188} INFO - [2025-04-10T14:11:03.092+0000] {dag.py:3954} INFO - Setting next_dagrun for example_task_group to 2025-04-09 00:00:00+00:00, run_after=2025-04-10 00:00:00+00:00
[2025-04-10T14:11:03.129+0000] {processor.py:183} INFO - Processing /home/airflow/.local/lib/python3.12/site-packages/airflow/example_dags/example_task_group.py took 0.140 seconds
[2025-04-10T14:11:33.384+0000] {processor.py:161} INFO - Started process (PID=2608) to work on /home/airflow/.local/lib/python3.12/site-packages/airflow/example_dags/example_task_group.py
[2025-04-10T14:11:33.386+0000] {processor.py:830} INFO - Processing file /home/airflow/.local/lib/python3.12/site-packages/airflow/example_dags/example_task_group.py for tasks to queue
[2025-04-10T14:11:33.389+0000] {logging_mixin.py:188} INFO - [2025-04-10T14:11:33.388+0000] {dagbag.py:540} INFO - Filling up the DagBag from /home/airflow/.local/lib/python3.12/site-packages/airflow/example_dags/example_task_group.py
[2025-04-10T14:11:33.401+0000] {processor.py:840} INFO - DAG(s) 'example_task_group' retrieved from /home/airflow/.local/lib/python3.12/site-packages/airflow/example_dags/example_task_group.py
[2025-04-10T14:11:33.441+0000] {logging_mixin.py:188} INFO - [2025-04-10T14:11:33.440+0000] {dag.py:3096} INFO - Sync 1 DAGs
[2025-04-10T14:11:33.482+0000] {logging_mixin.py:188} INFO - [2025-04-10T14:11:33.482+0000] {dag.py:3954} INFO - Setting next_dagrun for example_task_group to 2025-04-09 00:00:00+00:00, run_after=2025-04-10 00:00:00+00:00
[2025-04-10T14:11:33.519+0000] {processor.py:183} INFO - Processing /home/airflow/.local/lib/python3.12/site-packages/airflow/example_dags/example_task_group.py took 0.144 seconds
[2025-04-10T14:12:04.576+0000] {processor.py:161} INFO - Started process (PID=2667) to work on /home/airflow/.local/lib/python3.12/site-packages/airflow/example_dags/example_task_group.py
[2025-04-10T14:12:04.577+0000] {processor.py:830} INFO - Processing file /home/airflow/.local/lib/python3.12/site-packages/airflow/example_dags/example_task_group.py for tasks to queue
[2025-04-10T14:12:04.580+0000] {logging_mixin.py:188} INFO - [2025-04-10T14:12:04.580+0000] {dagbag.py:540} INFO - Filling up the DagBag from /home/airflow/.local/lib/python3.12/site-packages/airflow/example_dags/example_task_group.py
[2025-04-10T14:12:04.592+0000] {processor.py:840} INFO - DAG(s) 'example_task_group' retrieved from /home/airflow/.local/lib/python3.12/site-packages/airflow/example_dags/example_task_group.py
[2025-04-10T14:12:04.628+0000] {logging_mixin.py:188} INFO - [2025-04-10T14:12:04.628+0000] {dag.py:3096} INFO - Sync 1 DAGs
[2025-04-10T14:12:04.668+0000] {logging_mixin.py:188} INFO - [2025-04-10T14:12:04.667+0000] {dag.py:3954} INFO - Setting next_dagrun for example_task_group to 2025-04-09 00:00:00+00:00, run_after=2025-04-10 00:00:00+00:00
[2025-04-10T14:12:04.706+0000] {processor.py:183} INFO - Processing /home/airflow/.local/lib/python3.12/site-packages/airflow/example_dags/example_task_group.py took 0.140 seconds
[2025-04-10T14:12:34.994+0000] {processor.py:161} INFO - Started process (PID=2725) to work on /home/airflow/.local/lib/python3.12/site-packages/airflow/example_dags/example_task_group.py
[2025-04-10T14:12:34.996+0000] {processor.py:830} INFO - Processing file /home/airflow/.local/lib/python3.12/site-packages/airflow/example_dags/example_task_group.py for tasks to queue
[2025-04-10T14:12:34.999+0000] {logging_mixin.py:188} INFO - [2025-04-10T14:12:34.998+0000] {dagbag.py:540} INFO - Filling up the DagBag from /home/airflow/.local/lib/python3.12/site-packages/airflow/example_dags/example_task_group.py
[2025-04-10T14:12:35.012+0000] {processor.py:840} INFO - DAG(s) 'example_task_group' retrieved from /home/airflow/.local/lib/python3.12/site-packages/airflow/example_dags/example_task_group.py
[2025-04-10T14:12:35.049+0000] {logging_mixin.py:188} INFO - [2025-04-10T14:12:35.049+0000] {dag.py:3096} INFO - Sync 1 DAGs
[2025-04-10T14:12:35.092+0000] {logging_mixin.py:188} INFO - [2025-04-10T14:12:35.091+0000] {dag.py:3954} INFO - Setting next_dagrun for example_task_group to 2025-04-09 00:00:00+00:00, run_after=2025-04-10 00:00:00+00:00
[2025-04-10T14:12:35.130+0000] {processor.py:183} INFO - Processing /home/airflow/.local/lib/python3.12/site-packages/airflow/example_dags/example_task_group.py took 0.146 seconds
[2025-04-10T14:13:06.056+0000] {processor.py:161} INFO - Started process (PID=2785) to work on /home/airflow/.local/lib/python3.12/site-packages/airflow/example_dags/example_task_group.py
[2025-04-10T14:13:06.058+0000] {processor.py:830} INFO - Processing file /home/airflow/.local/lib/python3.12/site-packages/airflow/example_dags/example_task_group.py for tasks to queue
[2025-04-10T14:13:06.061+0000] {logging_mixin.py:188} INFO - [2025-04-10T14:13:06.060+0000] {dagbag.py:540} INFO - Filling up the DagBag from /home/airflow/.local/lib/python3.12/site-packages/airflow/example_dags/example_task_group.py
[2025-04-10T14:13:06.074+0000] {processor.py:840} INFO - DAG(s) 'example_task_group' retrieved from /home/airflow/.local/lib/python3.12/site-packages/airflow/example_dags/example_task_group.py
[2025-04-10T14:13:06.111+0000] {logging_mixin.py:188} INFO - [2025-04-10T14:13:06.110+0000] {dag.py:3096} INFO - Sync 1 DAGs
[2025-04-10T14:13:06.149+0000] {logging_mixin.py:188} INFO - [2025-04-10T14:13:06.149+0000] {dag.py:3954} INFO - Setting next_dagrun for example_task_group to 2025-04-09 00:00:00+00:00, run_after=2025-04-10 00:00:00+00:00
[2025-04-10T14:13:06.184+0000] {processor.py:183} INFO - Processing /home/airflow/.local/lib/python3.12/site-packages/airflow/example_dags/example_task_group.py took 0.137 seconds
[2025-04-10T14:13:36.487+0000] {processor.py:161} INFO - Started process (PID=2845) to work on /home/airflow/.local/lib/python3.12/site-packages/airflow/example_dags/example_task_group.py
[2025-04-10T14:13:36.488+0000] {processor.py:830} INFO - Processing file /home/airflow/.local/lib/python3.12/site-packages/airflow/example_dags/example_task_group.py for tasks to queue
[2025-04-10T14:13:36.491+0000] {logging_mixin.py:188} INFO - [2025-04-10T14:13:36.490+0000] {dagbag.py:540} INFO - Filling up the DagBag from /home/airflow/.local/lib/python3.12/site-packages/airflow/example_dags/example_task_group.py
[2025-04-10T14:13:36.503+0000] {processor.py:840} INFO - DAG(s) 'example_task_group' retrieved from /home/airflow/.local/lib/python3.12/site-packages/airflow/example_dags/example_task_group.py
[2025-04-10T14:13:36.542+0000] {logging_mixin.py:188} INFO - [2025-04-10T14:13:36.541+0000] {dag.py:3096} INFO - Sync 1 DAGs
[2025-04-10T14:13:36.581+0000] {logging_mixin.py:188} INFO - [2025-04-10T14:13:36.581+0000] {dag.py:3954} INFO - Setting next_dagrun for example_task_group to 2025-04-09 00:00:00+00:00, run_after=2025-04-10 00:00:00+00:00
[2025-04-10T14:13:36.614+0000] {processor.py:183} INFO - Processing /home/airflow/.local/lib/python3.12/site-packages/airflow/example_dags/example_task_group.py took 0.138 seconds
[2025-04-10T14:14:07.002+0000] {processor.py:161} INFO - Started process (PID=2906) to work on /home/airflow/.local/lib/python3.12/site-packages/airflow/example_dags/example_task_group.py
[2025-04-10T14:14:07.004+0000] {processor.py:830} INFO - Processing file /home/airflow/.local/lib/python3.12/site-packages/airflow/example_dags/example_task_group.py for tasks to queue
[2025-04-10T14:14:07.007+0000] {logging_mixin.py:188} INFO - [2025-04-10T14:14:07.006+0000] {dagbag.py:540} INFO - Filling up the DagBag from /home/airflow/.local/lib/python3.12/site-packages/airflow/example_dags/example_task_group.py
[2025-04-10T14:14:07.019+0000] {processor.py:840} INFO - DAG(s) 'example_task_group' retrieved from /home/airflow/.local/lib/python3.12/site-packages/airflow/example_dags/example_task_group.py
[2025-04-10T14:14:07.060+0000] {logging_mixin.py:188} INFO - [2025-04-10T14:14:07.059+0000] {dag.py:3096} INFO - Sync 1 DAGs
[2025-04-10T14:14:07.102+0000] {logging_mixin.py:188} INFO - [2025-04-10T14:14:07.102+0000] {dag.py:3954} INFO - Setting next_dagrun for example_task_group to 2025-04-09 00:00:00+00:00, run_after=2025-04-10 00:00:00+00:00
[2025-04-10T14:14:07.137+0000] {processor.py:183} INFO - Processing /home/airflow/.local/lib/python3.12/site-packages/airflow/example_dags/example_task_group.py took 0.146 seconds
[2025-04-10T14:14:37.447+0000] {processor.py:161} INFO - Started process (PID=2966) to work on /home/airflow/.local/lib/python3.12/site-packages/airflow/example_dags/example_task_group.py
[2025-04-10T14:14:37.449+0000] {processor.py:830} INFO - Processing file /home/airflow/.local/lib/python3.12/site-packages/airflow/example_dags/example_task_group.py for tasks to queue
[2025-04-10T14:14:37.452+0000] {logging_mixin.py:188} INFO - [2025-04-10T14:14:37.452+0000] {dagbag.py:540} INFO - Filling up the DagBag from /home/airflow/.local/lib/python3.12/site-packages/airflow/example_dags/example_task_group.py
[2025-04-10T14:14:37.465+0000] {processor.py:840} INFO - DAG(s) 'example_task_group' retrieved from /home/airflow/.local/lib/python3.12/site-packages/airflow/example_dags/example_task_group.py
[2025-04-10T14:14:37.506+0000] {logging_mixin.py:188} INFO - [2025-04-10T14:14:37.505+0000] {dag.py:3096} INFO - Sync 1 DAGs
[2025-04-10T14:14:37.548+0000] {logging_mixin.py:188} INFO - [2025-04-10T14:14:37.547+0000] {dag.py:3954} INFO - Setting next_dagrun for example_task_group to 2025-04-09 00:00:00+00:00, run_after=2025-04-10 00:00:00+00:00
[2025-04-10T14:14:37.583+0000] {processor.py:183} INFO - Processing /home/airflow/.local/lib/python3.12/site-packages/airflow/example_dags/example_task_group.py took 0.146 seconds
[2025-04-10T14:15:08.105+0000] {processor.py:161} INFO - Started process (PID=3026) to work on /home/airflow/.local/lib/python3.12/site-packages/airflow/example_dags/example_task_group.py
[2025-04-10T14:15:08.107+0000] {processor.py:830} INFO - Processing file /home/airflow/.local/lib/python3.12/site-packages/airflow/example_dags/example_task_group.py for tasks to queue
[2025-04-10T14:15:08.110+0000] {logging_mixin.py:188} INFO - [2025-04-10T14:15:08.109+0000] {dagbag.py:540} INFO - Filling up the DagBag from /home/airflow/.local/lib/python3.12/site-packages/airflow/example_dags/example_task_group.py
[2025-04-10T14:15:08.122+0000] {processor.py:840} INFO - DAG(s) 'example_task_group' retrieved from /home/airflow/.local/lib/python3.12/site-packages/airflow/example_dags/example_task_group.py
[2025-04-10T14:15:08.159+0000] {logging_mixin.py:188} INFO - [2025-04-10T14:15:08.159+0000] {dag.py:3096} INFO - Sync 1 DAGs
[2025-04-10T14:15:08.199+0000] {logging_mixin.py:188} INFO - [2025-04-10T14:15:08.199+0000] {dag.py:3954} INFO - Setting next_dagrun for example_task_group to 2025-04-09 00:00:00+00:00, run_after=2025-04-10 00:00:00+00:00
[2025-04-10T14:15:08.237+0000] {processor.py:183} INFO - Processing /home/airflow/.local/lib/python3.12/site-packages/airflow/example_dags/example_task_group.py took 0.142 seconds
[2025-04-10T14:15:38.907+0000] {processor.py:161} INFO - Started process (PID=3086) to work on /home/airflow/.local/lib/python3.12/site-packages/airflow/example_dags/example_task_group.py
[2025-04-10T14:15:38.909+0000] {processor.py:830} INFO - Processing file /home/airflow/.local/lib/python3.12/site-packages/airflow/example_dags/example_task_group.py for tasks to queue
[2025-04-10T14:15:38.912+0000] {logging_mixin.py:188} INFO - [2025-04-10T14:15:38.911+0000] {dagbag.py:540} INFO - Filling up the DagBag from /home/airflow/.local/lib/python3.12/site-packages/airflow/example_dags/example_task_group.py
[2025-04-10T14:15:38.924+0000] {processor.py:840} INFO - DAG(s) 'example_task_group' retrieved from /home/airflow/.local/lib/python3.12/site-packages/airflow/example_dags/example_task_group.py
[2025-04-10T14:15:38.964+0000] {logging_mixin.py:188} INFO - [2025-04-10T14:15:38.964+0000] {dag.py:3096} INFO - Sync 1 DAGs
[2025-04-10T14:15:39.003+0000] {logging_mixin.py:188} INFO - [2025-04-10T14:15:39.003+0000] {dag.py:3954} INFO - Setting next_dagrun for example_task_group to 2025-04-09 00:00:00+00:00, run_after=2025-04-10 00:00:00+00:00
[2025-04-10T14:15:39.038+0000] {processor.py:183} INFO - Processing /home/airflow/.local/lib/python3.12/site-packages/airflow/example_dags/example_task_group.py took 0.141 seconds
[2025-04-10T14:16:09.491+0000] {processor.py:161} INFO - Started process (PID=3147) to work on /home/airflow/.local/lib/python3.12/site-packages/airflow/example_dags/example_task_group.py
[2025-04-10T14:16:09.492+0000] {processor.py:830} INFO - Processing file /home/airflow/.local/lib/python3.12/site-packages/airflow/example_dags/example_task_group.py for tasks to queue
[2025-04-10T14:16:09.495+0000] {logging_mixin.py:188} INFO - [2025-04-10T14:16:09.495+0000] {dagbag.py:540} INFO - Filling up the DagBag from /home/airflow/.local/lib/python3.12/site-packages/airflow/example_dags/example_task_group.py
[2025-04-10T14:16:09.507+0000] {processor.py:840} INFO - DAG(s) 'example_task_group' retrieved from /home/airflow/.local/lib/python3.12/site-packages/airflow/example_dags/example_task_group.py
[2025-04-10T14:16:09.545+0000] {logging_mixin.py:188} INFO - [2025-04-10T14:16:09.545+0000] {dag.py:3096} INFO - Sync 1 DAGs
[2025-04-10T14:16:09.583+0000] {logging_mixin.py:188} INFO - [2025-04-10T14:16:09.583+0000] {dag.py:3954} INFO - Setting next_dagrun for example_task_group to 2025-04-09 00:00:00+00:00, run_after=2025-04-10 00:00:00+00:00
[2025-04-10T14:16:09.618+0000] {processor.py:183} INFO - Processing /home/airflow/.local/lib/python3.12/site-packages/airflow/example_dags/example_task_group.py took 0.137 seconds
[2025-04-10T14:16:40.084+0000] {processor.py:161} INFO - Started process (PID=3207) to work on /home/airflow/.local/lib/python3.12/site-packages/airflow/example_dags/example_task_group.py
[2025-04-10T14:16:40.086+0000] {processor.py:830} INFO - Processing file /home/airflow/.local/lib/python3.12/site-packages/airflow/example_dags/example_task_group.py for tasks to queue
[2025-04-10T14:16:40.090+0000] {logging_mixin.py:188} INFO - [2025-04-10T14:16:40.090+0000] {dagbag.py:540} INFO - Filling up the DagBag from /home/airflow/.local/lib/python3.12/site-packages/airflow/example_dags/example_task_group.py
[2025-04-10T14:16:40.104+0000] {processor.py:840} INFO - DAG(s) 'example_task_group' retrieved from /home/airflow/.local/lib/python3.12/site-packages/airflow/example_dags/example_task_group.py
[2025-04-10T14:16:40.144+0000] {logging_mixin.py:188} INFO - [2025-04-10T14:16:40.144+0000] {dag.py:3096} INFO - Sync 1 DAGs
[2025-04-10T14:16:40.184+0000] {logging_mixin.py:188} INFO - [2025-04-10T14:16:40.184+0000] {dag.py:3954} INFO - Setting next_dagrun for example_task_group to 2025-04-09 00:00:00+00:00, run_after=2025-04-10 00:00:00+00:00
[2025-04-10T14:16:40.218+0000] {processor.py:183} INFO - Processing /home/airflow/.local/lib/python3.12/site-packages/airflow/example_dags/example_task_group.py took 0.144 seconds
[2025-04-10T14:17:10.577+0000] {processor.py:161} INFO - Started process (PID=3267) to work on /home/airflow/.local/lib/python3.12/site-packages/airflow/example_dags/example_task_group.py
[2025-04-10T14:17:10.579+0000] {processor.py:830} INFO - Processing file /home/airflow/.local/lib/python3.12/site-packages/airflow/example_dags/example_task_group.py for tasks to queue
[2025-04-10T14:17:10.582+0000] {logging_mixin.py:188} INFO - [2025-04-10T14:17:10.581+0000] {dagbag.py:540} INFO - Filling up the DagBag from /home/airflow/.local/lib/python3.12/site-packages/airflow/example_dags/example_task_group.py
[2025-04-10T14:17:10.594+0000] {processor.py:840} INFO - DAG(s) 'example_task_group' retrieved from /home/airflow/.local/lib/python3.12/site-packages/airflow/example_dags/example_task_group.py
[2025-04-10T14:17:10.634+0000] {logging_mixin.py:188} INFO - [2025-04-10T14:17:10.633+0000] {dag.py:3096} INFO - Sync 1 DAGs
[2025-04-10T14:17:10.674+0000] {logging_mixin.py:188} INFO - [2025-04-10T14:17:10.673+0000] {dag.py:3954} INFO - Setting next_dagrun for example_task_group to 2025-04-09 00:00:00+00:00, run_after=2025-04-10 00:00:00+00:00
[2025-04-10T14:17:10.708+0000] {processor.py:183} INFO - Processing /home/airflow/.local/lib/python3.12/site-packages/airflow/example_dags/example_task_group.py took 0.141 seconds
[2025-04-10T14:17:41.204+0000] {processor.py:161} INFO - Started process (PID=3327) to work on /home/airflow/.local/lib/python3.12/site-packages/airflow/example_dags/example_task_group.py
[2025-04-10T14:17:41.205+0000] {processor.py:830} INFO - Processing file /home/airflow/.local/lib/python3.12/site-packages/airflow/example_dags/example_task_group.py for tasks to queue
[2025-04-10T14:17:41.208+0000] {logging_mixin.py:188} INFO - [2025-04-10T14:17:41.208+0000] {dagbag.py:540} INFO - Filling up the DagBag from /home/airflow/.local/lib/python3.12/site-packages/airflow/example_dags/example_task_group.py
[2025-04-10T14:17:41.220+0000] {processor.py:840} INFO - DAG(s) 'example_task_group' retrieved from /home/airflow/.local/lib/python3.12/site-packages/airflow/example_dags/example_task_group.py
[2025-04-10T14:17:41.258+0000] {logging_mixin.py:188} INFO - [2025-04-10T14:17:41.257+0000] {dag.py:3096} INFO - Sync 1 DAGs
[2025-04-10T14:17:41.300+0000] {logging_mixin.py:188} INFO - [2025-04-10T14:17:41.299+0000] {dag.py:3954} INFO - Setting next_dagrun for example_task_group to 2025-04-09 00:00:00+00:00, run_after=2025-04-10 00:00:00+00:00
[2025-04-10T14:17:41.333+0000] {processor.py:183} INFO - Processing /home/airflow/.local/lib/python3.12/site-packages/airflow/example_dags/example_task_group.py took 0.138 seconds
[2025-04-10T14:18:11.685+0000] {processor.py:161} INFO - Started process (PID=3387) to work on /home/airflow/.local/lib/python3.12/site-packages/airflow/example_dags/example_task_group.py
[2025-04-10T14:18:11.686+0000] {processor.py:830} INFO - Processing file /home/airflow/.local/lib/python3.12/site-packages/airflow/example_dags/example_task_group.py for tasks to queue
[2025-04-10T14:18:11.689+0000] {logging_mixin.py:188} INFO - [2025-04-10T14:18:11.689+0000] {dagbag.py:540} INFO - Filling up the DagBag from /home/airflow/.local/lib/python3.12/site-packages/airflow/example_dags/example_task_group.py
[2025-04-10T14:18:11.701+0000] {processor.py:840} INFO - DAG(s) 'example_task_group' retrieved from /home/airflow/.local/lib/python3.12/site-packages/airflow/example_dags/example_task_group.py
[2025-04-10T14:18:11.738+0000] {logging_mixin.py:188} INFO - [2025-04-10T14:18:11.738+0000] {dag.py:3096} INFO - Sync 1 DAGs
[2025-04-10T14:18:11.777+0000] {logging_mixin.py:188} INFO - [2025-04-10T14:18:11.776+0000] {dag.py:3954} INFO - Setting next_dagrun for example_task_group to 2025-04-09 00:00:00+00:00, run_after=2025-04-10 00:00:00+00:00
[2025-04-10T14:18:11.811+0000] {processor.py:183} INFO - Processing /home/airflow/.local/lib/python3.12/site-packages/airflow/example_dags/example_task_group.py took 0.136 seconds
[2025-04-10T14:18:42.290+0000] {processor.py:161} INFO - Started process (PID=3447) to work on /home/airflow/.local/lib/python3.12/site-packages/airflow/example_dags/example_task_group.py
[2025-04-10T14:18:42.291+0000] {processor.py:830} INFO - Processing file /home/airflow/.local/lib/python3.12/site-packages/airflow/example_dags/example_task_group.py for tasks to queue
[2025-04-10T14:18:42.295+0000] {logging_mixin.py:188} INFO - [2025-04-10T14:18:42.294+0000] {dagbag.py:540} INFO - Filling up the DagBag from /home/airflow/.local/lib/python3.12/site-packages/airflow/example_dags/example_task_group.py
[2025-04-10T14:18:42.307+0000] {processor.py:840} INFO - DAG(s) 'example_task_group' retrieved from /home/airflow/.local/lib/python3.12/site-packages/airflow/example_dags/example_task_group.py
[2025-04-10T14:18:42.344+0000] {logging_mixin.py:188} INFO - [2025-04-10T14:18:42.344+0000] {dag.py:3096} INFO - Sync 1 DAGs
[2025-04-10T14:18:42.384+0000] {logging_mixin.py:188} INFO - [2025-04-10T14:18:42.384+0000] {dag.py:3954} INFO - Setting next_dagrun for example_task_group to 2025-04-09 00:00:00+00:00, run_after=2025-04-10 00:00:00+00:00
[2025-04-10T14:18:42.417+0000] {processor.py:183} INFO - Processing /home/airflow/.local/lib/python3.12/site-packages/airflow/example_dags/example_task_group.py took 0.137 seconds
[2025-04-10T14:19:12.657+0000] {processor.py:161} INFO - Started process (PID=3507) to work on /home/airflow/.local/lib/python3.12/site-packages/airflow/example_dags/example_task_group.py
[2025-04-10T14:19:12.658+0000] {processor.py:830} INFO - Processing file /home/airflow/.local/lib/python3.12/site-packages/airflow/example_dags/example_task_group.py for tasks to queue
[2025-04-10T14:19:12.661+0000] {logging_mixin.py:188} INFO - [2025-04-10T14:19:12.661+0000] {dagbag.py:540} INFO - Filling up the DagBag from /home/airflow/.local/lib/python3.12/site-packages/airflow/example_dags/example_task_group.py
[2025-04-10T14:19:12.673+0000] {processor.py:840} INFO - DAG(s) 'example_task_group' retrieved from /home/airflow/.local/lib/python3.12/site-packages/airflow/example_dags/example_task_group.py
[2025-04-10T14:19:12.712+0000] {logging_mixin.py:188} INFO - [2025-04-10T14:19:12.712+0000] {dag.py:3096} INFO - Sync 1 DAGs
[2025-04-10T14:19:12.751+0000] {logging_mixin.py:188} INFO - [2025-04-10T14:19:12.751+0000] {dag.py:3954} INFO - Setting next_dagrun for example_task_group to 2025-04-09 00:00:00+00:00, run_after=2025-04-10 00:00:00+00:00
[2025-04-10T14:19:12.785+0000] {processor.py:183} INFO - Processing /home/airflow/.local/lib/python3.12/site-packages/airflow/example_dags/example_task_group.py took 0.139 seconds
[2025-04-10T14:19:42.897+0000] {processor.py:161} INFO - Started process (PID=3567) to work on /home/airflow/.local/lib/python3.12/site-packages/airflow/example_dags/example_task_group.py
[2025-04-10T14:19:42.898+0000] {processor.py:830} INFO - Processing file /home/airflow/.local/lib/python3.12/site-packages/airflow/example_dags/example_task_group.py for tasks to queue
[2025-04-10T14:19:42.902+0000] {logging_mixin.py:188} INFO - [2025-04-10T14:19:42.901+0000] {dagbag.py:540} INFO - Filling up the DagBag from /home/airflow/.local/lib/python3.12/site-packages/airflow/example_dags/example_task_group.py
[2025-04-10T14:19:42.915+0000] {processor.py:840} INFO - DAG(s) 'example_task_group' retrieved from /home/airflow/.local/lib/python3.12/site-packages/airflow/example_dags/example_task_group.py
[2025-04-10T14:19:42.952+0000] {logging_mixin.py:188} INFO - [2025-04-10T14:19:42.951+0000] {dag.py:3096} INFO - Sync 1 DAGs
[2025-04-10T14:19:42.991+0000] {logging_mixin.py:188} INFO - [2025-04-10T14:19:42.990+0000] {dag.py:3954} INFO - Setting next_dagrun for example_task_group to 2025-04-09 00:00:00+00:00, run_after=2025-04-10 00:00:00+00:00
[2025-04-10T14:19:43.025+0000] {processor.py:183} INFO - Processing /home/airflow/.local/lib/python3.12/site-packages/airflow/example_dags/example_task_group.py took 0.138 seconds
[2025-04-10T14:20:13.177+0000] {processor.py:161} INFO - Started process (PID=3627) to work on /home/airflow/.local/lib/python3.12/site-packages/airflow/example_dags/example_task_group.py
[2025-04-10T14:20:13.179+0000] {processor.py:830} INFO - Processing file /home/airflow/.local/lib/python3.12/site-packages/airflow/example_dags/example_task_group.py for tasks to queue
[2025-04-10T14:20:13.182+0000] {logging_mixin.py:188} INFO - [2025-04-10T14:20:13.181+0000] {dagbag.py:540} INFO - Filling up the DagBag from /home/airflow/.local/lib/python3.12/site-packages/airflow/example_dags/example_task_group.py
[2025-04-10T14:20:13.194+0000] {processor.py:840} INFO - DAG(s) 'example_task_group' retrieved from /home/airflow/.local/lib/python3.12/site-packages/airflow/example_dags/example_task_group.py
[2025-04-10T14:20:13.233+0000] {logging_mixin.py:188} INFO - [2025-04-10T14:20:13.233+0000] {dag.py:3096} INFO - Sync 1 DAGs
[2025-04-10T14:20:13.274+0000] {logging_mixin.py:188} INFO - [2025-04-10T14:20:13.273+0000] {dag.py:3954} INFO - Setting next_dagrun for example_task_group to 2025-04-09 00:00:00+00:00, run_after=2025-04-10 00:00:00+00:00
[2025-04-10T14:20:13.307+0000] {processor.py:183} INFO - Processing /home/airflow/.local/lib/python3.12/site-packages/airflow/example_dags/example_task_group.py took 0.141 seconds
[2025-04-10T14:20:43.423+0000] {processor.py:161} INFO - Started process (PID=3687) to work on /home/airflow/.local/lib/python3.12/site-packages/airflow/example_dags/example_task_group.py
[2025-04-10T14:20:43.425+0000] {processor.py:830} INFO - Processing file /home/airflow/.local/lib/python3.12/site-packages/airflow/example_dags/example_task_group.py for tasks to queue
[2025-04-10T14:20:43.428+0000] {logging_mixin.py:188} INFO - [2025-04-10T14:20:43.428+0000] {dagbag.py:540} INFO - Filling up the DagBag from /home/airflow/.local/lib/python3.12/site-packages/airflow/example_dags/example_task_group.py
[2025-04-10T14:20:43.442+0000] {processor.py:840} INFO - DAG(s) 'example_task_group' retrieved from /home/airflow/.local/lib/python3.12/site-packages/airflow/example_dags/example_task_group.py
[2025-04-10T14:20:43.485+0000] {logging_mixin.py:188} INFO - [2025-04-10T14:20:43.485+0000] {dag.py:3096} INFO - Sync 1 DAGs
[2025-04-10T14:20:43.529+0000] {logging_mixin.py:188} INFO - [2025-04-10T14:20:43.529+0000] {dag.py:3954} INFO - Setting next_dagrun for example_task_group to 2025-04-09 00:00:00+00:00, run_after=2025-04-10 00:00:00+00:00
[2025-04-10T14:20:43.566+0000] {processor.py:183} INFO - Processing /home/airflow/.local/lib/python3.12/site-packages/airflow/example_dags/example_task_group.py took 0.152 seconds
