[2025-04-10T13:35:43.693+0000] {processor.py:161} INFO - Started process (PID=99) to work on /home/airflow/.local/lib/python3.12/site-packages/airflow/example_dags/example_skip_dag.py
[2025-04-10T13:35:43.695+0000] {processor.py:830} INFO - Processing file /home/airflow/.local/lib/python3.12/site-packages/airflow/example_dags/example_skip_dag.py for tasks to queue
[2025-04-10T13:35:43.698+0000] {logging_mixin.py:188} INFO - [2025-04-10T13:35:43.697+0000] {dagbag.py:540} INFO - Filling up the DagBag from /home/airflow/.local/lib/python3.12/site-packages/airflow/example_dags/example_skip_dag.py
[2025-04-10T13:35:43.718+0000] {processor.py:840} INFO - DAG(s) 'example_skip_dag' retrieved from /home/airflow/.local/lib/python3.12/site-packages/airflow/example_dags/example_skip_dag.py
[2025-04-10T13:35:43.921+0000] {logging_mixin.py:188} INFO - [2025-04-10T13:35:43.920+0000] {dag.py:3096} INFO - Sync 1 DAGs
[2025-04-10T13:35:43.963+0000] {logging_mixin.py:188} INFO - [2025-04-10T13:35:43.962+0000] {dag.py:3954} INFO - Setting next_dagrun for example_skip_dag to 2025-04-09 00:00:00+00:00, run_after=2025-04-10 00:00:00+00:00
[2025-04-10T13:35:43.999+0000] {processor.py:183} INFO - Processing /home/airflow/.local/lib/python3.12/site-packages/airflow/example_dags/example_skip_dag.py took 0.315 seconds
[2025-04-10T13:36:14.050+0000] {processor.py:161} INFO - Started process (PID=157) to work on /home/airflow/.local/lib/python3.12/site-packages/airflow/example_dags/example_skip_dag.py
[2025-04-10T13:36:14.052+0000] {processor.py:830} INFO - Processing file /home/airflow/.local/lib/python3.12/site-packages/airflow/example_dags/example_skip_dag.py for tasks to queue
[2025-04-10T13:36:14.055+0000] {logging_mixin.py:188} INFO - [2025-04-10T13:36:14.055+0000] {dagbag.py:540} INFO - Filling up the DagBag from /home/airflow/.local/lib/python3.12/site-packages/airflow/example_dags/example_skip_dag.py
[2025-04-10T13:36:14.066+0000] {processor.py:840} INFO - DAG(s) 'example_skip_dag' retrieved from /home/airflow/.local/lib/python3.12/site-packages/airflow/example_dags/example_skip_dag.py
[2025-04-10T13:36:14.104+0000] {logging_mixin.py:188} INFO - [2025-04-10T13:36:14.103+0000] {dag.py:3096} INFO - Sync 1 DAGs
[2025-04-10T13:36:14.145+0000] {logging_mixin.py:188} INFO - [2025-04-10T13:36:14.145+0000] {dag.py:3954} INFO - Setting next_dagrun for example_skip_dag to 2025-04-09 00:00:00+00:00, run_after=2025-04-10 00:00:00+00:00
[2025-04-10T13:36:14.182+0000] {processor.py:183} INFO - Processing /home/airflow/.local/lib/python3.12/site-packages/airflow/example_dags/example_skip_dag.py took 0.141 seconds
[2025-04-10T13:36:44.980+0000] {processor.py:161} INFO - Started process (PID=215) to work on /home/airflow/.local/lib/python3.12/site-packages/airflow/example_dags/example_skip_dag.py
[2025-04-10T13:36:44.982+0000] {processor.py:830} INFO - Processing file /home/airflow/.local/lib/python3.12/site-packages/airflow/example_dags/example_skip_dag.py for tasks to queue
[2025-04-10T13:36:44.985+0000] {logging_mixin.py:188} INFO - [2025-04-10T13:36:44.985+0000] {dagbag.py:540} INFO - Filling up the DagBag from /home/airflow/.local/lib/python3.12/site-packages/airflow/example_dags/example_skip_dag.py
[2025-04-10T13:36:44.998+0000] {processor.py:840} INFO - DAG(s) 'example_skip_dag' retrieved from /home/airflow/.local/lib/python3.12/site-packages/airflow/example_dags/example_skip_dag.py
[2025-04-10T13:36:45.036+0000] {logging_mixin.py:188} INFO - [2025-04-10T13:36:45.036+0000] {dag.py:3096} INFO - Sync 1 DAGs
[2025-04-10T13:36:45.075+0000] {logging_mixin.py:188} INFO - [2025-04-10T13:36:45.075+0000] {dag.py:3954} INFO - Setting next_dagrun for example_skip_dag to 2025-04-09 00:00:00+00:00, run_after=2025-04-10 00:00:00+00:00
[2025-04-10T13:36:45.110+0000] {processor.py:183} INFO - Processing /home/airflow/.local/lib/python3.12/site-packages/airflow/example_dags/example_skip_dag.py took 0.142 seconds
[2025-04-10T13:37:15.445+0000] {processor.py:161} INFO - Started process (PID=273) to work on /home/airflow/.local/lib/python3.12/site-packages/airflow/example_dags/example_skip_dag.py
[2025-04-10T13:37:15.446+0000] {processor.py:830} INFO - Processing file /home/airflow/.local/lib/python3.12/site-packages/airflow/example_dags/example_skip_dag.py for tasks to queue
[2025-04-10T13:37:15.450+0000] {logging_mixin.py:188} INFO - [2025-04-10T13:37:15.450+0000] {dagbag.py:540} INFO - Filling up the DagBag from /home/airflow/.local/lib/python3.12/site-packages/airflow/example_dags/example_skip_dag.py
[2025-04-10T13:37:15.461+0000] {processor.py:840} INFO - DAG(s) 'example_skip_dag' retrieved from /home/airflow/.local/lib/python3.12/site-packages/airflow/example_dags/example_skip_dag.py
[2025-04-10T13:37:15.498+0000] {logging_mixin.py:188} INFO - [2025-04-10T13:37:15.497+0000] {dag.py:3096} INFO - Sync 1 DAGs
[2025-04-10T13:37:15.539+0000] {logging_mixin.py:188} INFO - [2025-04-10T13:37:15.538+0000] {dag.py:3954} INFO - Setting next_dagrun for example_skip_dag to 2025-04-09 00:00:00+00:00, run_after=2025-04-10 00:00:00+00:00
[2025-04-10T13:37:15.574+0000] {processor.py:183} INFO - Processing /home/airflow/.local/lib/python3.12/site-packages/airflow/example_dags/example_skip_dag.py took 0.138 seconds
[2025-04-10T13:37:45.738+0000] {processor.py:161} INFO - Started process (PID=331) to work on /home/airflow/.local/lib/python3.12/site-packages/airflow/example_dags/example_skip_dag.py
[2025-04-10T13:37:45.740+0000] {processor.py:830} INFO - Processing file /home/airflow/.local/lib/python3.12/site-packages/airflow/example_dags/example_skip_dag.py for tasks to queue
[2025-04-10T13:37:45.743+0000] {logging_mixin.py:188} INFO - [2025-04-10T13:37:45.742+0000] {dagbag.py:540} INFO - Filling up the DagBag from /home/airflow/.local/lib/python3.12/site-packages/airflow/example_dags/example_skip_dag.py
[2025-04-10T13:37:45.753+0000] {processor.py:840} INFO - DAG(s) 'example_skip_dag' retrieved from /home/airflow/.local/lib/python3.12/site-packages/airflow/example_dags/example_skip_dag.py
[2025-04-10T13:37:45.789+0000] {logging_mixin.py:188} INFO - [2025-04-10T13:37:45.789+0000] {dag.py:3096} INFO - Sync 1 DAGs
[2025-04-10T13:37:45.830+0000] {logging_mixin.py:188} INFO - [2025-04-10T13:37:45.829+0000] {dag.py:3954} INFO - Setting next_dagrun for example_skip_dag to 2025-04-09 00:00:00+00:00, run_after=2025-04-10 00:00:00+00:00
[2025-04-10T13:37:45.866+0000] {processor.py:183} INFO - Processing /home/airflow/.local/lib/python3.12/site-packages/airflow/example_dags/example_skip_dag.py took 0.138 seconds
[2025-04-10T13:38:16.769+0000] {processor.py:161} INFO - Started process (PID=389) to work on /home/airflow/.local/lib/python3.12/site-packages/airflow/example_dags/example_skip_dag.py
[2025-04-10T13:38:16.771+0000] {processor.py:830} INFO - Processing file /home/airflow/.local/lib/python3.12/site-packages/airflow/example_dags/example_skip_dag.py for tasks to queue
[2025-04-10T13:38:16.774+0000] {logging_mixin.py:188} INFO - [2025-04-10T13:38:16.774+0000] {dagbag.py:540} INFO - Filling up the DagBag from /home/airflow/.local/lib/python3.12/site-packages/airflow/example_dags/example_skip_dag.py
[2025-04-10T13:38:16.785+0000] {processor.py:840} INFO - DAG(s) 'example_skip_dag' retrieved from /home/airflow/.local/lib/python3.12/site-packages/airflow/example_dags/example_skip_dag.py
[2025-04-10T13:38:16.824+0000] {logging_mixin.py:188} INFO - [2025-04-10T13:38:16.823+0000] {dag.py:3096} INFO - Sync 1 DAGs
[2025-04-10T13:38:16.864+0000] {logging_mixin.py:188} INFO - [2025-04-10T13:38:16.864+0000] {dag.py:3954} INFO - Setting next_dagrun for example_skip_dag to 2025-04-09 00:00:00+00:00, run_after=2025-04-10 00:00:00+00:00
[2025-04-10T13:38:16.901+0000] {processor.py:183} INFO - Processing /home/airflow/.local/lib/python3.12/site-packages/airflow/example_dags/example_skip_dag.py took 0.142 seconds
[2025-04-10T13:38:47.448+0000] {processor.py:161} INFO - Started process (PID=447) to work on /home/airflow/.local/lib/python3.12/site-packages/airflow/example_dags/example_skip_dag.py
[2025-04-10T13:38:47.450+0000] {processor.py:830} INFO - Processing file /home/airflow/.local/lib/python3.12/site-packages/airflow/example_dags/example_skip_dag.py for tasks to queue
[2025-04-10T13:38:47.453+0000] {logging_mixin.py:188} INFO - [2025-04-10T13:38:47.452+0000] {dagbag.py:540} INFO - Filling up the DagBag from /home/airflow/.local/lib/python3.12/site-packages/airflow/example_dags/example_skip_dag.py
[2025-04-10T13:38:47.464+0000] {processor.py:840} INFO - DAG(s) 'example_skip_dag' retrieved from /home/airflow/.local/lib/python3.12/site-packages/airflow/example_dags/example_skip_dag.py
[2025-04-10T13:38:47.499+0000] {logging_mixin.py:188} INFO - [2025-04-10T13:38:47.499+0000] {dag.py:3096} INFO - Sync 1 DAGs
[2025-04-10T13:38:47.538+0000] {logging_mixin.py:188} INFO - [2025-04-10T13:38:47.537+0000] {dag.py:3954} INFO - Setting next_dagrun for example_skip_dag to 2025-04-09 00:00:00+00:00, run_after=2025-04-10 00:00:00+00:00
[2025-04-10T13:38:47.572+0000] {processor.py:183} INFO - Processing /home/airflow/.local/lib/python3.12/site-packages/airflow/example_dags/example_skip_dag.py took 0.134 seconds
[2025-04-10T13:39:18.112+0000] {processor.py:161} INFO - Started process (PID=505) to work on /home/airflow/.local/lib/python3.12/site-packages/airflow/example_dags/example_skip_dag.py
[2025-04-10T13:39:18.113+0000] {processor.py:830} INFO - Processing file /home/airflow/.local/lib/python3.12/site-packages/airflow/example_dags/example_skip_dag.py for tasks to queue
[2025-04-10T13:39:18.117+0000] {logging_mixin.py:188} INFO - [2025-04-10T13:39:18.116+0000] {dagbag.py:540} INFO - Filling up the DagBag from /home/airflow/.local/lib/python3.12/site-packages/airflow/example_dags/example_skip_dag.py
[2025-04-10T13:39:18.127+0000] {processor.py:840} INFO - DAG(s) 'example_skip_dag' retrieved from /home/airflow/.local/lib/python3.12/site-packages/airflow/example_dags/example_skip_dag.py
[2025-04-10T13:39:18.170+0000] {logging_mixin.py:188} INFO - [2025-04-10T13:39:18.170+0000] {dag.py:3096} INFO - Sync 1 DAGs
[2025-04-10T13:39:18.213+0000] {logging_mixin.py:188} INFO - [2025-04-10T13:39:18.213+0000] {dag.py:3954} INFO - Setting next_dagrun for example_skip_dag to 2025-04-09 00:00:00+00:00, run_after=2025-04-10 00:00:00+00:00
[2025-04-10T13:39:18.250+0000] {processor.py:183} INFO - Processing /home/airflow/.local/lib/python3.12/site-packages/airflow/example_dags/example_skip_dag.py took 0.148 seconds
[2025-04-10T13:39:48.752+0000] {processor.py:161} INFO - Started process (PID=563) to work on /home/airflow/.local/lib/python3.12/site-packages/airflow/example_dags/example_skip_dag.py
[2025-04-10T13:39:48.754+0000] {processor.py:830} INFO - Processing file /home/airflow/.local/lib/python3.12/site-packages/airflow/example_dags/example_skip_dag.py for tasks to queue
[2025-04-10T13:39:48.758+0000] {logging_mixin.py:188} INFO - [2025-04-10T13:39:48.757+0000] {dagbag.py:540} INFO - Filling up the DagBag from /home/airflow/.local/lib/python3.12/site-packages/airflow/example_dags/example_skip_dag.py
[2025-04-10T13:39:48.771+0000] {processor.py:840} INFO - DAG(s) 'example_skip_dag' retrieved from /home/airflow/.local/lib/python3.12/site-packages/airflow/example_dags/example_skip_dag.py
[2025-04-10T13:39:48.811+0000] {logging_mixin.py:188} INFO - [2025-04-10T13:39:48.810+0000] {dag.py:3096} INFO - Sync 1 DAGs
[2025-04-10T13:39:48.849+0000] {logging_mixin.py:188} INFO - [2025-04-10T13:39:48.849+0000] {dag.py:3954} INFO - Setting next_dagrun for example_skip_dag to 2025-04-09 00:00:00+00:00, run_after=2025-04-10 00:00:00+00:00
[2025-04-10T13:39:48.883+0000] {processor.py:183} INFO - Processing /home/airflow/.local/lib/python3.12/site-packages/airflow/example_dags/example_skip_dag.py took 0.143 seconds
[2025-04-10T13:40:19.288+0000] {processor.py:161} INFO - Started process (PID=621) to work on /home/airflow/.local/lib/python3.12/site-packages/airflow/example_dags/example_skip_dag.py
[2025-04-10T13:40:19.291+0000] {processor.py:830} INFO - Processing file /home/airflow/.local/lib/python3.12/site-packages/airflow/example_dags/example_skip_dag.py for tasks to queue
[2025-04-10T13:40:19.296+0000] {logging_mixin.py:188} INFO - [2025-04-10T13:40:19.295+0000] {dagbag.py:540} INFO - Filling up the DagBag from /home/airflow/.local/lib/python3.12/site-packages/airflow/example_dags/example_skip_dag.py
[2025-04-10T13:40:19.311+0000] {processor.py:840} INFO - DAG(s) 'example_skip_dag' retrieved from /home/airflow/.local/lib/python3.12/site-packages/airflow/example_dags/example_skip_dag.py
[2025-04-10T13:40:19.380+0000] {logging_mixin.py:188} INFO - [2025-04-10T13:40:19.377+0000] {dag.py:3096} INFO - Sync 1 DAGs
[2025-04-10T13:40:19.438+0000] {logging_mixin.py:188} INFO - [2025-04-10T13:40:19.437+0000] {dag.py:3954} INFO - Setting next_dagrun for example_skip_dag to 2025-04-09 00:00:00+00:00, run_after=2025-04-10 00:00:00+00:00
[2025-04-10T13:40:19.482+0000] {processor.py:183} INFO - Processing /home/airflow/.local/lib/python3.12/site-packages/airflow/example_dags/example_skip_dag.py took 0.209 seconds
[2025-04-10T13:40:50.328+0000] {processor.py:161} INFO - Started process (PID=679) to work on /home/airflow/.local/lib/python3.12/site-packages/airflow/example_dags/example_skip_dag.py
[2025-04-10T13:40:50.330+0000] {processor.py:830} INFO - Processing file /home/airflow/.local/lib/python3.12/site-packages/airflow/example_dags/example_skip_dag.py for tasks to queue
[2025-04-10T13:40:50.333+0000] {logging_mixin.py:188} INFO - [2025-04-10T13:40:50.332+0000] {dagbag.py:540} INFO - Filling up the DagBag from /home/airflow/.local/lib/python3.12/site-packages/airflow/example_dags/example_skip_dag.py
[2025-04-10T13:40:50.344+0000] {processor.py:840} INFO - DAG(s) 'example_skip_dag' retrieved from /home/airflow/.local/lib/python3.12/site-packages/airflow/example_dags/example_skip_dag.py
[2025-04-10T13:40:50.384+0000] {logging_mixin.py:188} INFO - [2025-04-10T13:40:50.383+0000] {dag.py:3096} INFO - Sync 1 DAGs
[2025-04-10T13:40:50.423+0000] {logging_mixin.py:188} INFO - [2025-04-10T13:40:50.422+0000] {dag.py:3954} INFO - Setting next_dagrun for example_skip_dag to 2025-04-09 00:00:00+00:00, run_after=2025-04-10 00:00:00+00:00
[2025-04-10T13:40:50.455+0000] {processor.py:183} INFO - Processing /home/airflow/.local/lib/python3.12/site-packages/airflow/example_dags/example_skip_dag.py took 0.137 seconds
[2025-04-10T13:41:21.265+0000] {processor.py:161} INFO - Started process (PID=737) to work on /home/airflow/.local/lib/python3.12/site-packages/airflow/example_dags/example_skip_dag.py
[2025-04-10T13:41:21.267+0000] {processor.py:830} INFO - Processing file /home/airflow/.local/lib/python3.12/site-packages/airflow/example_dags/example_skip_dag.py for tasks to queue
[2025-04-10T13:41:21.270+0000] {logging_mixin.py:188} INFO - [2025-04-10T13:41:21.269+0000] {dagbag.py:540} INFO - Filling up the DagBag from /home/airflow/.local/lib/python3.12/site-packages/airflow/example_dags/example_skip_dag.py
[2025-04-10T13:41:21.281+0000] {processor.py:840} INFO - DAG(s) 'example_skip_dag' retrieved from /home/airflow/.local/lib/python3.12/site-packages/airflow/example_dags/example_skip_dag.py
[2025-04-10T13:41:21.322+0000] {logging_mixin.py:188} INFO - [2025-04-10T13:41:21.322+0000] {dag.py:3096} INFO - Sync 1 DAGs
[2025-04-10T13:41:21.367+0000] {logging_mixin.py:188} INFO - [2025-04-10T13:41:21.366+0000] {dag.py:3954} INFO - Setting next_dagrun for example_skip_dag to 2025-04-09 00:00:00+00:00, run_after=2025-04-10 00:00:00+00:00
[2025-04-10T13:41:21.400+0000] {processor.py:183} INFO - Processing /home/airflow/.local/lib/python3.12/site-packages/airflow/example_dags/example_skip_dag.py took 0.144 seconds
[2025-04-10T13:50:06.870+0000] {processor.py:161} INFO - Started process (PID=99) to work on /home/airflow/.local/lib/python3.12/site-packages/airflow/example_dags/example_skip_dag.py
[2025-04-10T13:50:06.872+0000] {processor.py:830} INFO - Processing file /home/airflow/.local/lib/python3.12/site-packages/airflow/example_dags/example_skip_dag.py for tasks to queue
[2025-04-10T13:50:06.875+0000] {logging_mixin.py:188} INFO - [2025-04-10T13:50:06.875+0000] {dagbag.py:540} INFO - Filling up the DagBag from /home/airflow/.local/lib/python3.12/site-packages/airflow/example_dags/example_skip_dag.py
[2025-04-10T13:50:06.892+0000] {processor.py:840} INFO - DAG(s) 'example_skip_dag' retrieved from /home/airflow/.local/lib/python3.12/site-packages/airflow/example_dags/example_skip_dag.py
[2025-04-10T13:50:07.098+0000] {logging_mixin.py:188} INFO - [2025-04-10T13:50:07.098+0000] {dag.py:3096} INFO - Sync 1 DAGs
[2025-04-10T13:50:07.137+0000] {logging_mixin.py:188} INFO - [2025-04-10T13:50:07.137+0000] {dag.py:3954} INFO - Setting next_dagrun for example_skip_dag to 2025-04-09 00:00:00+00:00, run_after=2025-04-10 00:00:00+00:00
[2025-04-10T13:50:07.174+0000] {processor.py:183} INFO - Processing /home/airflow/.local/lib/python3.12/site-packages/airflow/example_dags/example_skip_dag.py took 0.313 seconds
[2025-04-10T13:50:37.854+0000] {processor.py:161} INFO - Started process (PID=157) to work on /home/airflow/.local/lib/python3.12/site-packages/airflow/example_dags/example_skip_dag.py
[2025-04-10T13:50:37.855+0000] {processor.py:830} INFO - Processing file /home/airflow/.local/lib/python3.12/site-packages/airflow/example_dags/example_skip_dag.py for tasks to queue
[2025-04-10T13:50:37.858+0000] {logging_mixin.py:188} INFO - [2025-04-10T13:50:37.858+0000] {dagbag.py:540} INFO - Filling up the DagBag from /home/airflow/.local/lib/python3.12/site-packages/airflow/example_dags/example_skip_dag.py
[2025-04-10T13:50:37.870+0000] {processor.py:840} INFO - DAG(s) 'example_skip_dag' retrieved from /home/airflow/.local/lib/python3.12/site-packages/airflow/example_dags/example_skip_dag.py
[2025-04-10T13:50:37.909+0000] {logging_mixin.py:188} INFO - [2025-04-10T13:50:37.908+0000] {dag.py:3096} INFO - Sync 1 DAGs
[2025-04-10T13:50:37.952+0000] {logging_mixin.py:188} INFO - [2025-04-10T13:50:37.951+0000] {dag.py:3954} INFO - Setting next_dagrun for example_skip_dag to 2025-04-09 00:00:00+00:00, run_after=2025-04-10 00:00:00+00:00
[2025-04-10T13:50:37.990+0000] {processor.py:183} INFO - Processing /home/airflow/.local/lib/python3.12/site-packages/airflow/example_dags/example_skip_dag.py took 0.145 seconds
[2025-04-10T13:51:08.675+0000] {processor.py:161} INFO - Started process (PID=215) to work on /home/airflow/.local/lib/python3.12/site-packages/airflow/example_dags/example_skip_dag.py
[2025-04-10T13:51:08.676+0000] {processor.py:830} INFO - Processing file /home/airflow/.local/lib/python3.12/site-packages/airflow/example_dags/example_skip_dag.py for tasks to queue
[2025-04-10T13:51:08.679+0000] {logging_mixin.py:188} INFO - [2025-04-10T13:51:08.679+0000] {dagbag.py:540} INFO - Filling up the DagBag from /home/airflow/.local/lib/python3.12/site-packages/airflow/example_dags/example_skip_dag.py
[2025-04-10T13:51:08.689+0000] {processor.py:840} INFO - DAG(s) 'example_skip_dag' retrieved from /home/airflow/.local/lib/python3.12/site-packages/airflow/example_dags/example_skip_dag.py
[2025-04-10T13:51:08.725+0000] {logging_mixin.py:188} INFO - [2025-04-10T13:51:08.725+0000] {dag.py:3096} INFO - Sync 1 DAGs
[2025-04-10T13:51:08.767+0000] {logging_mixin.py:188} INFO - [2025-04-10T13:51:08.766+0000] {dag.py:3954} INFO - Setting next_dagrun for example_skip_dag to 2025-04-09 00:00:00+00:00, run_after=2025-04-10 00:00:00+00:00
[2025-04-10T13:51:08.800+0000] {processor.py:183} INFO - Processing /home/airflow/.local/lib/python3.12/site-packages/airflow/example_dags/example_skip_dag.py took 0.134 seconds
[2025-04-10T13:51:39.025+0000] {processor.py:161} INFO - Started process (PID=273) to work on /home/airflow/.local/lib/python3.12/site-packages/airflow/example_dags/example_skip_dag.py
[2025-04-10T13:51:39.026+0000] {processor.py:830} INFO - Processing file /home/airflow/.local/lib/python3.12/site-packages/airflow/example_dags/example_skip_dag.py for tasks to queue
[2025-04-10T13:51:39.029+0000] {logging_mixin.py:188} INFO - [2025-04-10T13:51:39.029+0000] {dagbag.py:540} INFO - Filling up the DagBag from /home/airflow/.local/lib/python3.12/site-packages/airflow/example_dags/example_skip_dag.py
[2025-04-10T13:51:39.040+0000] {processor.py:840} INFO - DAG(s) 'example_skip_dag' retrieved from /home/airflow/.local/lib/python3.12/site-packages/airflow/example_dags/example_skip_dag.py
[2025-04-10T13:51:39.079+0000] {logging_mixin.py:188} INFO - [2025-04-10T13:51:39.079+0000] {dag.py:3096} INFO - Sync 1 DAGs
[2025-04-10T13:51:39.120+0000] {logging_mixin.py:188} INFO - [2025-04-10T13:51:39.120+0000] {dag.py:3954} INFO - Setting next_dagrun for example_skip_dag to 2025-04-09 00:00:00+00:00, run_after=2025-04-10 00:00:00+00:00
[2025-04-10T13:51:39.158+0000] {processor.py:183} INFO - Processing /home/airflow/.local/lib/python3.12/site-packages/airflow/example_dags/example_skip_dag.py took 0.143 seconds
[2025-04-10T13:52:09.551+0000] {processor.py:161} INFO - Started process (PID=331) to work on /home/airflow/.local/lib/python3.12/site-packages/airflow/example_dags/example_skip_dag.py
[2025-04-10T13:52:09.552+0000] {processor.py:830} INFO - Processing file /home/airflow/.local/lib/python3.12/site-packages/airflow/example_dags/example_skip_dag.py for tasks to queue
[2025-04-10T13:52:09.555+0000] {logging_mixin.py:188} INFO - [2025-04-10T13:52:09.555+0000] {dagbag.py:540} INFO - Filling up the DagBag from /home/airflow/.local/lib/python3.12/site-packages/airflow/example_dags/example_skip_dag.py
[2025-04-10T13:52:09.565+0000] {processor.py:840} INFO - DAG(s) 'example_skip_dag' retrieved from /home/airflow/.local/lib/python3.12/site-packages/airflow/example_dags/example_skip_dag.py
[2025-04-10T13:52:09.603+0000] {logging_mixin.py:188} INFO - [2025-04-10T13:52:09.603+0000] {dag.py:3096} INFO - Sync 1 DAGs
[2025-04-10T13:52:09.651+0000] {logging_mixin.py:188} INFO - [2025-04-10T13:52:09.651+0000] {dag.py:3954} INFO - Setting next_dagrun for example_skip_dag to 2025-04-09 00:00:00+00:00, run_after=2025-04-10 00:00:00+00:00
[2025-04-10T13:52:09.698+0000] {processor.py:183} INFO - Processing /home/airflow/.local/lib/python3.12/site-packages/airflow/example_dags/example_skip_dag.py took 0.156 seconds
[2025-04-10T13:52:39.869+0000] {processor.py:161} INFO - Started process (PID=389) to work on /home/airflow/.local/lib/python3.12/site-packages/airflow/example_dags/example_skip_dag.py
[2025-04-10T13:52:39.870+0000] {processor.py:830} INFO - Processing file /home/airflow/.local/lib/python3.12/site-packages/airflow/example_dags/example_skip_dag.py for tasks to queue
[2025-04-10T13:52:39.873+0000] {logging_mixin.py:188} INFO - [2025-04-10T13:52:39.873+0000] {dagbag.py:540} INFO - Filling up the DagBag from /home/airflow/.local/lib/python3.12/site-packages/airflow/example_dags/example_skip_dag.py
[2025-04-10T13:52:39.885+0000] {processor.py:840} INFO - DAG(s) 'example_skip_dag' retrieved from /home/airflow/.local/lib/python3.12/site-packages/airflow/example_dags/example_skip_dag.py
[2025-04-10T13:52:39.927+0000] {logging_mixin.py:188} INFO - [2025-04-10T13:52:39.927+0000] {dag.py:3096} INFO - Sync 1 DAGs
[2025-04-10T13:52:39.970+0000] {logging_mixin.py:188} INFO - [2025-04-10T13:52:39.970+0000] {dag.py:3954} INFO - Setting next_dagrun for example_skip_dag to 2025-04-09 00:00:00+00:00, run_after=2025-04-10 00:00:00+00:00
[2025-04-10T13:52:40.006+0000] {processor.py:183} INFO - Processing /home/airflow/.local/lib/python3.12/site-packages/airflow/example_dags/example_skip_dag.py took 0.149 seconds
[2025-04-10T13:53:10.210+0000] {processor.py:161} INFO - Started process (PID=447) to work on /home/airflow/.local/lib/python3.12/site-packages/airflow/example_dags/example_skip_dag.py
[2025-04-10T13:53:10.211+0000] {processor.py:830} INFO - Processing file /home/airflow/.local/lib/python3.12/site-packages/airflow/example_dags/example_skip_dag.py for tasks to queue
[2025-04-10T13:53:10.214+0000] {logging_mixin.py:188} INFO - [2025-04-10T13:53:10.214+0000] {dagbag.py:540} INFO - Filling up the DagBag from /home/airflow/.local/lib/python3.12/site-packages/airflow/example_dags/example_skip_dag.py
[2025-04-10T13:53:10.225+0000] {processor.py:840} INFO - DAG(s) 'example_skip_dag' retrieved from /home/airflow/.local/lib/python3.12/site-packages/airflow/example_dags/example_skip_dag.py
[2025-04-10T13:53:10.261+0000] {logging_mixin.py:188} INFO - [2025-04-10T13:53:10.261+0000] {dag.py:3096} INFO - Sync 1 DAGs
[2025-04-10T13:53:10.301+0000] {logging_mixin.py:188} INFO - [2025-04-10T13:53:10.301+0000] {dag.py:3954} INFO - Setting next_dagrun for example_skip_dag to 2025-04-09 00:00:00+00:00, run_after=2025-04-10 00:00:00+00:00
[2025-04-10T13:53:10.337+0000] {processor.py:183} INFO - Processing /home/airflow/.local/lib/python3.12/site-packages/airflow/example_dags/example_skip_dag.py took 0.136 seconds
[2025-04-10T13:53:40.581+0000] {processor.py:161} INFO - Started process (PID=505) to work on /home/airflow/.local/lib/python3.12/site-packages/airflow/example_dags/example_skip_dag.py
[2025-04-10T13:53:40.583+0000] {processor.py:830} INFO - Processing file /home/airflow/.local/lib/python3.12/site-packages/airflow/example_dags/example_skip_dag.py for tasks to queue
[2025-04-10T13:53:40.586+0000] {logging_mixin.py:188} INFO - [2025-04-10T13:53:40.585+0000] {dagbag.py:540} INFO - Filling up the DagBag from /home/airflow/.local/lib/python3.12/site-packages/airflow/example_dags/example_skip_dag.py
[2025-04-10T13:53:40.597+0000] {processor.py:840} INFO - DAG(s) 'example_skip_dag' retrieved from /home/airflow/.local/lib/python3.12/site-packages/airflow/example_dags/example_skip_dag.py
[2025-04-10T13:53:40.633+0000] {logging_mixin.py:188} INFO - [2025-04-10T13:53:40.633+0000] {dag.py:3096} INFO - Sync 1 DAGs
[2025-04-10T13:53:40.675+0000] {logging_mixin.py:188} INFO - [2025-04-10T13:53:40.674+0000] {dag.py:3954} INFO - Setting next_dagrun for example_skip_dag to 2025-04-09 00:00:00+00:00, run_after=2025-04-10 00:00:00+00:00
[2025-04-10T13:53:40.711+0000] {processor.py:183} INFO - Processing /home/airflow/.local/lib/python3.12/site-packages/airflow/example_dags/example_skip_dag.py took 0.139 seconds
[2025-04-10T13:54:11.053+0000] {processor.py:161} INFO - Started process (PID=563) to work on /home/airflow/.local/lib/python3.12/site-packages/airflow/example_dags/example_skip_dag.py
[2025-04-10T13:54:11.054+0000] {processor.py:830} INFO - Processing file /home/airflow/.local/lib/python3.12/site-packages/airflow/example_dags/example_skip_dag.py for tasks to queue
[2025-04-10T13:54:11.057+0000] {logging_mixin.py:188} INFO - [2025-04-10T13:54:11.056+0000] {dagbag.py:540} INFO - Filling up the DagBag from /home/airflow/.local/lib/python3.12/site-packages/airflow/example_dags/example_skip_dag.py
[2025-04-10T13:54:11.067+0000] {processor.py:840} INFO - DAG(s) 'example_skip_dag' retrieved from /home/airflow/.local/lib/python3.12/site-packages/airflow/example_dags/example_skip_dag.py
[2025-04-10T13:54:11.104+0000] {logging_mixin.py:188} INFO - [2025-04-10T13:54:11.104+0000] {dag.py:3096} INFO - Sync 1 DAGs
[2025-04-10T13:54:11.143+0000] {logging_mixin.py:188} INFO - [2025-04-10T13:54:11.142+0000] {dag.py:3954} INFO - Setting next_dagrun for example_skip_dag to 2025-04-09 00:00:00+00:00, run_after=2025-04-10 00:00:00+00:00
[2025-04-10T13:54:11.175+0000] {processor.py:183} INFO - Processing /home/airflow/.local/lib/python3.12/site-packages/airflow/example_dags/example_skip_dag.py took 0.132 seconds
[2025-04-10T13:54:42.099+0000] {processor.py:161} INFO - Started process (PID=621) to work on /home/airflow/.local/lib/python3.12/site-packages/airflow/example_dags/example_skip_dag.py
[2025-04-10T13:54:42.100+0000] {processor.py:830} INFO - Processing file /home/airflow/.local/lib/python3.12/site-packages/airflow/example_dags/example_skip_dag.py for tasks to queue
[2025-04-10T13:54:42.104+0000] {logging_mixin.py:188} INFO - [2025-04-10T13:54:42.103+0000] {dagbag.py:540} INFO - Filling up the DagBag from /home/airflow/.local/lib/python3.12/site-packages/airflow/example_dags/example_skip_dag.py
[2025-04-10T13:54:42.114+0000] {processor.py:840} INFO - DAG(s) 'example_skip_dag' retrieved from /home/airflow/.local/lib/python3.12/site-packages/airflow/example_dags/example_skip_dag.py
[2025-04-10T13:54:42.150+0000] {logging_mixin.py:188} INFO - [2025-04-10T13:54:42.150+0000] {dag.py:3096} INFO - Sync 1 DAGs
[2025-04-10T13:54:42.190+0000] {logging_mixin.py:188} INFO - [2025-04-10T13:54:42.190+0000] {dag.py:3954} INFO - Setting next_dagrun for example_skip_dag to 2025-04-09 00:00:00+00:00, run_after=2025-04-10 00:00:00+00:00
[2025-04-10T13:54:42.225+0000] {processor.py:183} INFO - Processing /home/airflow/.local/lib/python3.12/site-packages/airflow/example_dags/example_skip_dag.py took 0.136 seconds
[2025-04-10T13:55:12.587+0000] {processor.py:161} INFO - Started process (PID=681) to work on /home/airflow/.local/lib/python3.12/site-packages/airflow/example_dags/example_skip_dag.py
[2025-04-10T13:55:12.588+0000] {processor.py:830} INFO - Processing file /home/airflow/.local/lib/python3.12/site-packages/airflow/example_dags/example_skip_dag.py for tasks to queue
[2025-04-10T13:55:12.591+0000] {logging_mixin.py:188} INFO - [2025-04-10T13:55:12.591+0000] {dagbag.py:540} INFO - Filling up the DagBag from /home/airflow/.local/lib/python3.12/site-packages/airflow/example_dags/example_skip_dag.py
[2025-04-10T13:55:12.602+0000] {processor.py:840} INFO - DAG(s) 'example_skip_dag' retrieved from /home/airflow/.local/lib/python3.12/site-packages/airflow/example_dags/example_skip_dag.py
[2025-04-10T13:55:12.641+0000] {logging_mixin.py:188} INFO - [2025-04-10T13:55:12.640+0000] {dag.py:3096} INFO - Sync 1 DAGs
[2025-04-10T13:55:12.688+0000] {logging_mixin.py:188} INFO - [2025-04-10T13:55:12.687+0000] {dag.py:3954} INFO - Setting next_dagrun for example_skip_dag to 2025-04-09 00:00:00+00:00, run_after=2025-04-10 00:00:00+00:00
[2025-04-10T13:55:12.740+0000] {processor.py:183} INFO - Processing /home/airflow/.local/lib/python3.12/site-packages/airflow/example_dags/example_skip_dag.py took 0.164 seconds
[2025-04-10T13:55:43.011+0000] {processor.py:161} INFO - Started process (PID=741) to work on /home/airflow/.local/lib/python3.12/site-packages/airflow/example_dags/example_skip_dag.py
[2025-04-10T13:55:43.013+0000] {processor.py:830} INFO - Processing file /home/airflow/.local/lib/python3.12/site-packages/airflow/example_dags/example_skip_dag.py for tasks to queue
[2025-04-10T13:55:43.016+0000] {logging_mixin.py:188} INFO - [2025-04-10T13:55:43.015+0000] {dagbag.py:540} INFO - Filling up the DagBag from /home/airflow/.local/lib/python3.12/site-packages/airflow/example_dags/example_skip_dag.py
[2025-04-10T13:55:43.026+0000] {processor.py:840} INFO - DAG(s) 'example_skip_dag' retrieved from /home/airflow/.local/lib/python3.12/site-packages/airflow/example_dags/example_skip_dag.py
[2025-04-10T13:55:43.065+0000] {logging_mixin.py:188} INFO - [2025-04-10T13:55:43.064+0000] {dag.py:3096} INFO - Sync 1 DAGs
[2025-04-10T13:55:43.108+0000] {logging_mixin.py:188} INFO - [2025-04-10T13:55:43.107+0000] {dag.py:3954} INFO - Setting next_dagrun for example_skip_dag to 2025-04-09 00:00:00+00:00, run_after=2025-04-10 00:00:00+00:00
[2025-04-10T13:55:43.145+0000] {processor.py:183} INFO - Processing /home/airflow/.local/lib/python3.12/site-packages/airflow/example_dags/example_skip_dag.py took 0.146 seconds
[2025-04-10T13:56:13.737+0000] {processor.py:161} INFO - Started process (PID=801) to work on /home/airflow/.local/lib/python3.12/site-packages/airflow/example_dags/example_skip_dag.py
[2025-04-10T13:56:13.738+0000] {processor.py:830} INFO - Processing file /home/airflow/.local/lib/python3.12/site-packages/airflow/example_dags/example_skip_dag.py for tasks to queue
[2025-04-10T13:56:13.741+0000] {logging_mixin.py:188} INFO - [2025-04-10T13:56:13.740+0000] {dagbag.py:540} INFO - Filling up the DagBag from /home/airflow/.local/lib/python3.12/site-packages/airflow/example_dags/example_skip_dag.py
[2025-04-10T13:56:13.751+0000] {processor.py:840} INFO - DAG(s) 'example_skip_dag' retrieved from /home/airflow/.local/lib/python3.12/site-packages/airflow/example_dags/example_skip_dag.py
[2025-04-10T13:56:13.789+0000] {logging_mixin.py:188} INFO - [2025-04-10T13:56:13.788+0000] {dag.py:3096} INFO - Sync 1 DAGs
[2025-04-10T13:56:13.830+0000] {logging_mixin.py:188} INFO - [2025-04-10T13:56:13.830+0000] {dag.py:3954} INFO - Setting next_dagrun for example_skip_dag to 2025-04-09 00:00:00+00:00, run_after=2025-04-10 00:00:00+00:00
[2025-04-10T13:56:13.866+0000] {processor.py:183} INFO - Processing /home/airflow/.local/lib/python3.12/site-packages/airflow/example_dags/example_skip_dag.py took 0.139 seconds
[2025-04-10T13:56:44.201+0000] {processor.py:161} INFO - Started process (PID=861) to work on /home/airflow/.local/lib/python3.12/site-packages/airflow/example_dags/example_skip_dag.py
[2025-04-10T13:56:44.202+0000] {processor.py:830} INFO - Processing file /home/airflow/.local/lib/python3.12/site-packages/airflow/example_dags/example_skip_dag.py for tasks to queue
[2025-04-10T13:56:44.206+0000] {logging_mixin.py:188} INFO - [2025-04-10T13:56:44.205+0000] {dagbag.py:540} INFO - Filling up the DagBag from /home/airflow/.local/lib/python3.12/site-packages/airflow/example_dags/example_skip_dag.py
[2025-04-10T13:56:44.216+0000] {processor.py:840} INFO - DAG(s) 'example_skip_dag' retrieved from /home/airflow/.local/lib/python3.12/site-packages/airflow/example_dags/example_skip_dag.py
[2025-04-10T13:56:44.253+0000] {logging_mixin.py:188} INFO - [2025-04-10T13:56:44.253+0000] {dag.py:3096} INFO - Sync 1 DAGs
[2025-04-10T13:56:44.292+0000] {logging_mixin.py:188} INFO - [2025-04-10T13:56:44.291+0000] {dag.py:3954} INFO - Setting next_dagrun for example_skip_dag to 2025-04-09 00:00:00+00:00, run_after=2025-04-10 00:00:00+00:00
[2025-04-10T13:56:44.325+0000] {processor.py:183} INFO - Processing /home/airflow/.local/lib/python3.12/site-packages/airflow/example_dags/example_skip_dag.py took 0.134 seconds
[2025-04-10T13:57:14.439+0000] {processor.py:161} INFO - Started process (PID=921) to work on /home/airflow/.local/lib/python3.12/site-packages/airflow/example_dags/example_skip_dag.py
[2025-04-10T13:57:14.441+0000] {processor.py:830} INFO - Processing file /home/airflow/.local/lib/python3.12/site-packages/airflow/example_dags/example_skip_dag.py for tasks to queue
[2025-04-10T13:57:14.444+0000] {logging_mixin.py:188} INFO - [2025-04-10T13:57:14.444+0000] {dagbag.py:540} INFO - Filling up the DagBag from /home/airflow/.local/lib/python3.12/site-packages/airflow/example_dags/example_skip_dag.py
[2025-04-10T13:57:14.459+0000] {processor.py:840} INFO - DAG(s) 'example_skip_dag' retrieved from /home/airflow/.local/lib/python3.12/site-packages/airflow/example_dags/example_skip_dag.py
[2025-04-10T13:57:14.496+0000] {logging_mixin.py:188} INFO - [2025-04-10T13:57:14.495+0000] {dag.py:3096} INFO - Sync 1 DAGs
[2025-04-10T13:57:14.535+0000] {logging_mixin.py:188} INFO - [2025-04-10T13:57:14.534+0000] {dag.py:3954} INFO - Setting next_dagrun for example_skip_dag to 2025-04-09 00:00:00+00:00, run_after=2025-04-10 00:00:00+00:00
[2025-04-10T13:57:14.572+0000] {processor.py:183} INFO - Processing /home/airflow/.local/lib/python3.12/site-packages/airflow/example_dags/example_skip_dag.py took 0.143 seconds
[2025-04-10T13:57:44.734+0000] {processor.py:161} INFO - Started process (PID=981) to work on /home/airflow/.local/lib/python3.12/site-packages/airflow/example_dags/example_skip_dag.py
[2025-04-10T13:57:44.736+0000] {processor.py:830} INFO - Processing file /home/airflow/.local/lib/python3.12/site-packages/airflow/example_dags/example_skip_dag.py for tasks to queue
[2025-04-10T13:57:44.739+0000] {logging_mixin.py:188} INFO - [2025-04-10T13:57:44.738+0000] {dagbag.py:540} INFO - Filling up the DagBag from /home/airflow/.local/lib/python3.12/site-packages/airflow/example_dags/example_skip_dag.py
[2025-04-10T13:57:44.750+0000] {processor.py:840} INFO - DAG(s) 'example_skip_dag' retrieved from /home/airflow/.local/lib/python3.12/site-packages/airflow/example_dags/example_skip_dag.py
[2025-04-10T13:57:44.787+0000] {logging_mixin.py:188} INFO - [2025-04-10T13:57:44.786+0000] {dag.py:3096} INFO - Sync 1 DAGs
[2025-04-10T13:57:44.826+0000] {logging_mixin.py:188} INFO - [2025-04-10T13:57:44.825+0000] {dag.py:3954} INFO - Setting next_dagrun for example_skip_dag to 2025-04-09 00:00:00+00:00, run_after=2025-04-10 00:00:00+00:00
[2025-04-10T13:57:44.859+0000] {processor.py:183} INFO - Processing /home/airflow/.local/lib/python3.12/site-packages/airflow/example_dags/example_skip_dag.py took 0.133 seconds
[2025-04-10T13:58:15.679+0000] {processor.py:161} INFO - Started process (PID=1041) to work on /home/airflow/.local/lib/python3.12/site-packages/airflow/example_dags/example_skip_dag.py
[2025-04-10T13:58:15.681+0000] {processor.py:830} INFO - Processing file /home/airflow/.local/lib/python3.12/site-packages/airflow/example_dags/example_skip_dag.py for tasks to queue
[2025-04-10T13:58:15.684+0000] {logging_mixin.py:188} INFO - [2025-04-10T13:58:15.683+0000] {dagbag.py:540} INFO - Filling up the DagBag from /home/airflow/.local/lib/python3.12/site-packages/airflow/example_dags/example_skip_dag.py
[2025-04-10T13:58:15.694+0000] {processor.py:840} INFO - DAG(s) 'example_skip_dag' retrieved from /home/airflow/.local/lib/python3.12/site-packages/airflow/example_dags/example_skip_dag.py
[2025-04-10T13:58:15.732+0000] {logging_mixin.py:188} INFO - [2025-04-10T13:58:15.732+0000] {dag.py:3096} INFO - Sync 1 DAGs
[2025-04-10T13:58:15.772+0000] {logging_mixin.py:188} INFO - [2025-04-10T13:58:15.772+0000] {dag.py:3954} INFO - Setting next_dagrun for example_skip_dag to 2025-04-09 00:00:00+00:00, run_after=2025-04-10 00:00:00+00:00
[2025-04-10T13:58:15.811+0000] {processor.py:183} INFO - Processing /home/airflow/.local/lib/python3.12/site-packages/airflow/example_dags/example_skip_dag.py took 0.141 seconds
[2025-04-10T13:58:45.993+0000] {processor.py:161} INFO - Started process (PID=1101) to work on /home/airflow/.local/lib/python3.12/site-packages/airflow/example_dags/example_skip_dag.py
[2025-04-10T13:58:45.995+0000] {processor.py:830} INFO - Processing file /home/airflow/.local/lib/python3.12/site-packages/airflow/example_dags/example_skip_dag.py for tasks to queue
[2025-04-10T13:58:45.998+0000] {logging_mixin.py:188} INFO - [2025-04-10T13:58:45.997+0000] {dagbag.py:540} INFO - Filling up the DagBag from /home/airflow/.local/lib/python3.12/site-packages/airflow/example_dags/example_skip_dag.py
[2025-04-10T13:58:46.009+0000] {processor.py:840} INFO - DAG(s) 'example_skip_dag' retrieved from /home/airflow/.local/lib/python3.12/site-packages/airflow/example_dags/example_skip_dag.py
[2025-04-10T13:58:46.046+0000] {logging_mixin.py:188} INFO - [2025-04-10T13:58:46.046+0000] {dag.py:3096} INFO - Sync 1 DAGs
[2025-04-10T13:58:46.086+0000] {logging_mixin.py:188} INFO - [2025-04-10T13:58:46.085+0000] {dag.py:3954} INFO - Setting next_dagrun for example_skip_dag to 2025-04-09 00:00:00+00:00, run_after=2025-04-10 00:00:00+00:00
[2025-04-10T13:58:46.121+0000] {processor.py:183} INFO - Processing /home/airflow/.local/lib/python3.12/site-packages/airflow/example_dags/example_skip_dag.py took 0.137 seconds
[2025-04-10T13:59:16.887+0000] {processor.py:161} INFO - Started process (PID=1162) to work on /home/airflow/.local/lib/python3.12/site-packages/airflow/example_dags/example_skip_dag.py
[2025-04-10T13:59:16.889+0000] {processor.py:830} INFO - Processing file /home/airflow/.local/lib/python3.12/site-packages/airflow/example_dags/example_skip_dag.py for tasks to queue
[2025-04-10T13:59:16.894+0000] {logging_mixin.py:188} INFO - [2025-04-10T13:59:16.893+0000] {dagbag.py:540} INFO - Filling up the DagBag from /home/airflow/.local/lib/python3.12/site-packages/airflow/example_dags/example_skip_dag.py
[2025-04-10T13:59:16.906+0000] {processor.py:840} INFO - DAG(s) 'example_skip_dag' retrieved from /home/airflow/.local/lib/python3.12/site-packages/airflow/example_dags/example_skip_dag.py
[2025-04-10T13:59:16.957+0000] {logging_mixin.py:188} INFO - [2025-04-10T13:59:16.956+0000] {dag.py:3096} INFO - Sync 1 DAGs
[2025-04-10T13:59:17.020+0000] {logging_mixin.py:188} INFO - [2025-04-10T13:59:17.019+0000] {dag.py:3954} INFO - Setting next_dagrun for example_skip_dag to 2025-04-09 00:00:00+00:00, run_after=2025-04-10 00:00:00+00:00
[2025-04-10T13:59:17.078+0000] {processor.py:183} INFO - Processing /home/airflow/.local/lib/python3.12/site-packages/airflow/example_dags/example_skip_dag.py took 0.205 seconds
[2025-04-10T13:59:48.463+0000] {processor.py:161} INFO - Started process (PID=1222) to work on /home/airflow/.local/lib/python3.12/site-packages/airflow/example_dags/example_skip_dag.py
[2025-04-10T13:59:48.464+0000] {processor.py:830} INFO - Processing file /home/airflow/.local/lib/python3.12/site-packages/airflow/example_dags/example_skip_dag.py for tasks to queue
[2025-04-10T13:59:48.468+0000] {logging_mixin.py:188} INFO - [2025-04-10T13:59:48.467+0000] {dagbag.py:540} INFO - Filling up the DagBag from /home/airflow/.local/lib/python3.12/site-packages/airflow/example_dags/example_skip_dag.py
[2025-04-10T13:59:48.479+0000] {processor.py:840} INFO - DAG(s) 'example_skip_dag' retrieved from /home/airflow/.local/lib/python3.12/site-packages/airflow/example_dags/example_skip_dag.py
[2025-04-10T13:59:48.518+0000] {logging_mixin.py:188} INFO - [2025-04-10T13:59:48.517+0000] {dag.py:3096} INFO - Sync 1 DAGs
[2025-04-10T13:59:48.754+0000] {logging_mixin.py:188} INFO - [2025-04-10T13:59:48.754+0000] {dag.py:3954} INFO - Setting next_dagrun for example_skip_dag to 2025-04-09 00:00:00+00:00, run_after=2025-04-10 00:00:00+00:00
[2025-04-10T13:59:48.797+0000] {processor.py:183} INFO - Processing /home/airflow/.local/lib/python3.12/site-packages/airflow/example_dags/example_skip_dag.py took 0.344 seconds
[2025-04-10T14:00:19.254+0000] {processor.py:161} INFO - Started process (PID=1282) to work on /home/airflow/.local/lib/python3.12/site-packages/airflow/example_dags/example_skip_dag.py
[2025-04-10T14:00:19.256+0000] {processor.py:830} INFO - Processing file /home/airflow/.local/lib/python3.12/site-packages/airflow/example_dags/example_skip_dag.py for tasks to queue
[2025-04-10T14:00:19.259+0000] {logging_mixin.py:188} INFO - [2025-04-10T14:00:19.258+0000] {dagbag.py:540} INFO - Filling up the DagBag from /home/airflow/.local/lib/python3.12/site-packages/airflow/example_dags/example_skip_dag.py
[2025-04-10T14:00:19.270+0000] {processor.py:840} INFO - DAG(s) 'example_skip_dag' retrieved from /home/airflow/.local/lib/python3.12/site-packages/airflow/example_dags/example_skip_dag.py
[2025-04-10T14:00:19.308+0000] {logging_mixin.py:188} INFO - [2025-04-10T14:00:19.307+0000] {dag.py:3096} INFO - Sync 1 DAGs
[2025-04-10T14:00:19.347+0000] {logging_mixin.py:188} INFO - [2025-04-10T14:00:19.346+0000] {dag.py:3954} INFO - Setting next_dagrun for example_skip_dag to 2025-04-09 00:00:00+00:00, run_after=2025-04-10 00:00:00+00:00
[2025-04-10T14:00:19.577+0000] {processor.py:183} INFO - Processing /home/airflow/.local/lib/python3.12/site-packages/airflow/example_dags/example_skip_dag.py took 0.333 seconds
[2025-04-10T14:00:50.397+0000] {processor.py:161} INFO - Started process (PID=1343) to work on /home/airflow/.local/lib/python3.12/site-packages/airflow/example_dags/example_skip_dag.py
[2025-04-10T14:00:50.399+0000] {processor.py:830} INFO - Processing file /home/airflow/.local/lib/python3.12/site-packages/airflow/example_dags/example_skip_dag.py for tasks to queue
[2025-04-10T14:00:50.402+0000] {logging_mixin.py:188} INFO - [2025-04-10T14:00:50.401+0000] {dagbag.py:540} INFO - Filling up the DagBag from /home/airflow/.local/lib/python3.12/site-packages/airflow/example_dags/example_skip_dag.py
[2025-04-10T14:00:50.413+0000] {processor.py:840} INFO - DAG(s) 'example_skip_dag' retrieved from /home/airflow/.local/lib/python3.12/site-packages/airflow/example_dags/example_skip_dag.py
[2025-04-10T14:00:50.449+0000] {logging_mixin.py:188} INFO - [2025-04-10T14:00:50.449+0000] {dag.py:3096} INFO - Sync 1 DAGs
[2025-04-10T14:00:50.490+0000] {logging_mixin.py:188} INFO - [2025-04-10T14:00:50.489+0000] {dag.py:3954} INFO - Setting next_dagrun for example_skip_dag to 2025-04-09 00:00:00+00:00, run_after=2025-04-10 00:00:00+00:00
[2025-04-10T14:00:50.527+0000] {processor.py:183} INFO - Processing /home/airflow/.local/lib/python3.12/site-packages/airflow/example_dags/example_skip_dag.py took 0.139 seconds
[2025-04-10T14:01:20.623+0000] {processor.py:161} INFO - Started process (PID=1403) to work on /home/airflow/.local/lib/python3.12/site-packages/airflow/example_dags/example_skip_dag.py
[2025-04-10T14:01:20.624+0000] {processor.py:830} INFO - Processing file /home/airflow/.local/lib/python3.12/site-packages/airflow/example_dags/example_skip_dag.py for tasks to queue
[2025-04-10T14:01:20.627+0000] {logging_mixin.py:188} INFO - [2025-04-10T14:01:20.627+0000] {dagbag.py:540} INFO - Filling up the DagBag from /home/airflow/.local/lib/python3.12/site-packages/airflow/example_dags/example_skip_dag.py
[2025-04-10T14:01:20.638+0000] {processor.py:840} INFO - DAG(s) 'example_skip_dag' retrieved from /home/airflow/.local/lib/python3.12/site-packages/airflow/example_dags/example_skip_dag.py
[2025-04-10T14:01:20.674+0000] {logging_mixin.py:188} INFO - [2025-04-10T14:01:20.674+0000] {dag.py:3096} INFO - Sync 1 DAGs
[2025-04-10T14:01:20.713+0000] {logging_mixin.py:188} INFO - [2025-04-10T14:01:20.713+0000] {dag.py:3954} INFO - Setting next_dagrun for example_skip_dag to 2025-04-09 00:00:00+00:00, run_after=2025-04-10 00:00:00+00:00
[2025-04-10T14:01:20.746+0000] {processor.py:183} INFO - Processing /home/airflow/.local/lib/python3.12/site-packages/airflow/example_dags/example_skip_dag.py took 0.133 seconds
[2025-04-10T14:01:50.940+0000] {processor.py:161} INFO - Started process (PID=1463) to work on /home/airflow/.local/lib/python3.12/site-packages/airflow/example_dags/example_skip_dag.py
[2025-04-10T14:01:50.942+0000] {processor.py:830} INFO - Processing file /home/airflow/.local/lib/python3.12/site-packages/airflow/example_dags/example_skip_dag.py for tasks to queue
[2025-04-10T14:01:50.945+0000] {logging_mixin.py:188} INFO - [2025-04-10T14:01:50.945+0000] {dagbag.py:540} INFO - Filling up the DagBag from /home/airflow/.local/lib/python3.12/site-packages/airflow/example_dags/example_skip_dag.py
[2025-04-10T14:01:50.956+0000] {processor.py:840} INFO - DAG(s) 'example_skip_dag' retrieved from /home/airflow/.local/lib/python3.12/site-packages/airflow/example_dags/example_skip_dag.py
[2025-04-10T14:01:50.993+0000] {logging_mixin.py:188} INFO - [2025-04-10T14:01:50.992+0000] {dag.py:3096} INFO - Sync 1 DAGs
[2025-04-10T14:01:51.033+0000] {logging_mixin.py:188} INFO - [2025-04-10T14:01:51.032+0000] {dag.py:3954} INFO - Setting next_dagrun for example_skip_dag to 2025-04-09 00:00:00+00:00, run_after=2025-04-10 00:00:00+00:00
[2025-04-10T14:01:51.065+0000] {processor.py:183} INFO - Processing /home/airflow/.local/lib/python3.12/site-packages/airflow/example_dags/example_skip_dag.py took 0.135 seconds
[2025-04-10T14:02:22.046+0000] {processor.py:161} INFO - Started process (PID=1523) to work on /home/airflow/.local/lib/python3.12/site-packages/airflow/example_dags/example_skip_dag.py
[2025-04-10T14:02:22.048+0000] {processor.py:830} INFO - Processing file /home/airflow/.local/lib/python3.12/site-packages/airflow/example_dags/example_skip_dag.py for tasks to queue
[2025-04-10T14:02:22.051+0000] {logging_mixin.py:188} INFO - [2025-04-10T14:02:22.050+0000] {dagbag.py:540} INFO - Filling up the DagBag from /home/airflow/.local/lib/python3.12/site-packages/airflow/example_dags/example_skip_dag.py
[2025-04-10T14:02:22.062+0000] {processor.py:840} INFO - DAG(s) 'example_skip_dag' retrieved from /home/airflow/.local/lib/python3.12/site-packages/airflow/example_dags/example_skip_dag.py
[2025-04-10T14:02:22.100+0000] {logging_mixin.py:188} INFO - [2025-04-10T14:02:22.100+0000] {dag.py:3096} INFO - Sync 1 DAGs
[2025-04-10T14:02:22.139+0000] {logging_mixin.py:188} INFO - [2025-04-10T14:02:22.139+0000] {dag.py:3954} INFO - Setting next_dagrun for example_skip_dag to 2025-04-09 00:00:00+00:00, run_after=2025-04-10 00:00:00+00:00
[2025-04-10T14:02:22.173+0000] {processor.py:183} INFO - Processing /home/airflow/.local/lib/python3.12/site-packages/airflow/example_dags/example_skip_dag.py took 0.137 seconds
[2025-04-10T14:02:53.279+0000] {processor.py:161} INFO - Started process (PID=1583) to work on /home/airflow/.local/lib/python3.12/site-packages/airflow/example_dags/example_skip_dag.py
[2025-04-10T14:02:53.281+0000] {processor.py:830} INFO - Processing file /home/airflow/.local/lib/python3.12/site-packages/airflow/example_dags/example_skip_dag.py for tasks to queue
[2025-04-10T14:02:53.284+0000] {logging_mixin.py:188} INFO - [2025-04-10T14:02:53.283+0000] {dagbag.py:540} INFO - Filling up the DagBag from /home/airflow/.local/lib/python3.12/site-packages/airflow/example_dags/example_skip_dag.py
[2025-04-10T14:02:53.295+0000] {processor.py:840} INFO - DAG(s) 'example_skip_dag' retrieved from /home/airflow/.local/lib/python3.12/site-packages/airflow/example_dags/example_skip_dag.py
[2025-04-10T14:02:53.344+0000] {logging_mixin.py:188} INFO - [2025-04-10T14:02:53.343+0000] {dag.py:3096} INFO - Sync 1 DAGs
[2025-04-10T14:02:53.397+0000] {logging_mixin.py:188} INFO - [2025-04-10T14:02:53.396+0000] {dag.py:3954} INFO - Setting next_dagrun for example_skip_dag to 2025-04-09 00:00:00+00:00, run_after=2025-04-10 00:00:00+00:00
[2025-04-10T14:02:53.436+0000] {processor.py:183} INFO - Processing /home/airflow/.local/lib/python3.12/site-packages/airflow/example_dags/example_skip_dag.py took 0.167 seconds
[2025-04-10T14:03:24.007+0000] {processor.py:161} INFO - Started process (PID=1643) to work on /home/airflow/.local/lib/python3.12/site-packages/airflow/example_dags/example_skip_dag.py
[2025-04-10T14:03:24.008+0000] {processor.py:830} INFO - Processing file /home/airflow/.local/lib/python3.12/site-packages/airflow/example_dags/example_skip_dag.py for tasks to queue
[2025-04-10T14:03:24.012+0000] {logging_mixin.py:188} INFO - [2025-04-10T14:03:24.011+0000] {dagbag.py:540} INFO - Filling up the DagBag from /home/airflow/.local/lib/python3.12/site-packages/airflow/example_dags/example_skip_dag.py
[2025-04-10T14:03:24.023+0000] {processor.py:840} INFO - DAG(s) 'example_skip_dag' retrieved from /home/airflow/.local/lib/python3.12/site-packages/airflow/example_dags/example_skip_dag.py
[2025-04-10T14:03:24.060+0000] {logging_mixin.py:188} INFO - [2025-04-10T14:03:24.059+0000] {dag.py:3096} INFO - Sync 1 DAGs
[2025-04-10T14:03:24.102+0000] {logging_mixin.py:188} INFO - [2025-04-10T14:03:24.102+0000] {dag.py:3954} INFO - Setting next_dagrun for example_skip_dag to 2025-04-09 00:00:00+00:00, run_after=2025-04-10 00:00:00+00:00
[2025-04-10T14:03:24.143+0000] {processor.py:183} INFO - Processing /home/airflow/.local/lib/python3.12/site-packages/airflow/example_dags/example_skip_dag.py took 0.146 seconds
[2025-04-10T14:03:54.657+0000] {processor.py:161} INFO - Started process (PID=1703) to work on /home/airflow/.local/lib/python3.12/site-packages/airflow/example_dags/example_skip_dag.py
[2025-04-10T14:03:54.658+0000] {processor.py:830} INFO - Processing file /home/airflow/.local/lib/python3.12/site-packages/airflow/example_dags/example_skip_dag.py for tasks to queue
[2025-04-10T14:03:54.662+0000] {logging_mixin.py:188} INFO - [2025-04-10T14:03:54.661+0000] {dagbag.py:540} INFO - Filling up the DagBag from /home/airflow/.local/lib/python3.12/site-packages/airflow/example_dags/example_skip_dag.py
[2025-04-10T14:03:54.673+0000] {processor.py:840} INFO - DAG(s) 'example_skip_dag' retrieved from /home/airflow/.local/lib/python3.12/site-packages/airflow/example_dags/example_skip_dag.py
[2025-04-10T14:03:54.709+0000] {logging_mixin.py:188} INFO - [2025-04-10T14:03:54.709+0000] {dag.py:3096} INFO - Sync 1 DAGs
[2025-04-10T14:03:54.752+0000] {logging_mixin.py:188} INFO - [2025-04-10T14:03:54.752+0000] {dag.py:3954} INFO - Setting next_dagrun for example_skip_dag to 2025-04-09 00:00:00+00:00, run_after=2025-04-10 00:00:00+00:00
[2025-04-10T14:03:54.788+0000] {processor.py:183} INFO - Processing /home/airflow/.local/lib/python3.12/site-packages/airflow/example_dags/example_skip_dag.py took 0.142 seconds
[2025-04-10T14:04:25.487+0000] {processor.py:161} INFO - Started process (PID=1764) to work on /home/airflow/.local/lib/python3.12/site-packages/airflow/example_dags/example_skip_dag.py
[2025-04-10T14:04:25.488+0000] {processor.py:830} INFO - Processing file /home/airflow/.local/lib/python3.12/site-packages/airflow/example_dags/example_skip_dag.py for tasks to queue
[2025-04-10T14:04:25.491+0000] {logging_mixin.py:188} INFO - [2025-04-10T14:04:25.491+0000] {dagbag.py:540} INFO - Filling up the DagBag from /home/airflow/.local/lib/python3.12/site-packages/airflow/example_dags/example_skip_dag.py
[2025-04-10T14:04:25.502+0000] {processor.py:840} INFO - DAG(s) 'example_skip_dag' retrieved from /home/airflow/.local/lib/python3.12/site-packages/airflow/example_dags/example_skip_dag.py
[2025-04-10T14:04:25.540+0000] {logging_mixin.py:188} INFO - [2025-04-10T14:04:25.540+0000] {dag.py:3096} INFO - Sync 1 DAGs
[2025-04-10T14:04:25.584+0000] {logging_mixin.py:188} INFO - [2025-04-10T14:04:25.584+0000] {dag.py:3954} INFO - Setting next_dagrun for example_skip_dag to 2025-04-09 00:00:00+00:00, run_after=2025-04-10 00:00:00+00:00
[2025-04-10T14:04:25.618+0000] {processor.py:183} INFO - Processing /home/airflow/.local/lib/python3.12/site-packages/airflow/example_dags/example_skip_dag.py took 0.142 seconds
[2025-04-10T14:04:56.111+0000] {processor.py:161} INFO - Started process (PID=1824) to work on /home/airflow/.local/lib/python3.12/site-packages/airflow/example_dags/example_skip_dag.py
[2025-04-10T14:04:56.113+0000] {processor.py:830} INFO - Processing file /home/airflow/.local/lib/python3.12/site-packages/airflow/example_dags/example_skip_dag.py for tasks to queue
[2025-04-10T14:04:56.116+0000] {logging_mixin.py:188} INFO - [2025-04-10T14:04:56.116+0000] {dagbag.py:540} INFO - Filling up the DagBag from /home/airflow/.local/lib/python3.12/site-packages/airflow/example_dags/example_skip_dag.py
[2025-04-10T14:04:56.128+0000] {processor.py:840} INFO - DAG(s) 'example_skip_dag' retrieved from /home/airflow/.local/lib/python3.12/site-packages/airflow/example_dags/example_skip_dag.py
[2025-04-10T14:04:56.165+0000] {logging_mixin.py:188} INFO - [2025-04-10T14:04:56.164+0000] {dag.py:3096} INFO - Sync 1 DAGs
[2025-04-10T14:04:56.205+0000] {logging_mixin.py:188} INFO - [2025-04-10T14:04:56.204+0000] {dag.py:3954} INFO - Setting next_dagrun for example_skip_dag to 2025-04-09 00:00:00+00:00, run_after=2025-04-10 00:00:00+00:00
[2025-04-10T14:04:56.237+0000] {processor.py:183} INFO - Processing /home/airflow/.local/lib/python3.12/site-packages/airflow/example_dags/example_skip_dag.py took 0.136 seconds
[2025-04-10T14:05:26.689+0000] {processor.py:161} INFO - Started process (PID=1884) to work on /home/airflow/.local/lib/python3.12/site-packages/airflow/example_dags/example_skip_dag.py
[2025-04-10T14:05:26.691+0000] {processor.py:830} INFO - Processing file /home/airflow/.local/lib/python3.12/site-packages/airflow/example_dags/example_skip_dag.py for tasks to queue
[2025-04-10T14:05:26.694+0000] {logging_mixin.py:188} INFO - [2025-04-10T14:05:26.693+0000] {dagbag.py:540} INFO - Filling up the DagBag from /home/airflow/.local/lib/python3.12/site-packages/airflow/example_dags/example_skip_dag.py
[2025-04-10T14:05:26.705+0000] {processor.py:840} INFO - DAG(s) 'example_skip_dag' retrieved from /home/airflow/.local/lib/python3.12/site-packages/airflow/example_dags/example_skip_dag.py
[2025-04-10T14:05:26.742+0000] {logging_mixin.py:188} INFO - [2025-04-10T14:05:26.742+0000] {dag.py:3096} INFO - Sync 1 DAGs
[2025-04-10T14:05:26.787+0000] {logging_mixin.py:188} INFO - [2025-04-10T14:05:26.787+0000] {dag.py:3954} INFO - Setting next_dagrun for example_skip_dag to 2025-04-09 00:00:00+00:00, run_after=2025-04-10 00:00:00+00:00
[2025-04-10T14:05:26.825+0000] {processor.py:183} INFO - Processing /home/airflow/.local/lib/python3.12/site-packages/airflow/example_dags/example_skip_dag.py took 0.146 seconds
[2025-04-10T14:05:57.324+0000] {processor.py:161} INFO - Started process (PID=1944) to work on /home/airflow/.local/lib/python3.12/site-packages/airflow/example_dags/example_skip_dag.py
[2025-04-10T14:05:57.326+0000] {processor.py:830} INFO - Processing file /home/airflow/.local/lib/python3.12/site-packages/airflow/example_dags/example_skip_dag.py for tasks to queue
[2025-04-10T14:05:57.329+0000] {logging_mixin.py:188} INFO - [2025-04-10T14:05:57.329+0000] {dagbag.py:540} INFO - Filling up the DagBag from /home/airflow/.local/lib/python3.12/site-packages/airflow/example_dags/example_skip_dag.py
[2025-04-10T14:05:57.340+0000] {processor.py:840} INFO - DAG(s) 'example_skip_dag' retrieved from /home/airflow/.local/lib/python3.12/site-packages/airflow/example_dags/example_skip_dag.py
[2025-04-10T14:05:57.379+0000] {logging_mixin.py:188} INFO - [2025-04-10T14:05:57.379+0000] {dag.py:3096} INFO - Sync 1 DAGs
[2025-04-10T14:05:57.417+0000] {logging_mixin.py:188} INFO - [2025-04-10T14:05:57.417+0000] {dag.py:3954} INFO - Setting next_dagrun for example_skip_dag to 2025-04-09 00:00:00+00:00, run_after=2025-04-10 00:00:00+00:00
[2025-04-10T14:05:57.450+0000] {processor.py:183} INFO - Processing /home/airflow/.local/lib/python3.12/site-packages/airflow/example_dags/example_skip_dag.py took 0.136 seconds
[2025-04-10T14:06:27.562+0000] {processor.py:161} INFO - Started process (PID=2004) to work on /home/airflow/.local/lib/python3.12/site-packages/airflow/example_dags/example_skip_dag.py
[2025-04-10T14:06:27.564+0000] {processor.py:830} INFO - Processing file /home/airflow/.local/lib/python3.12/site-packages/airflow/example_dags/example_skip_dag.py for tasks to queue
[2025-04-10T14:06:27.567+0000] {logging_mixin.py:188} INFO - [2025-04-10T14:06:27.566+0000] {dagbag.py:540} INFO - Filling up the DagBag from /home/airflow/.local/lib/python3.12/site-packages/airflow/example_dags/example_skip_dag.py
[2025-04-10T14:06:27.577+0000] {processor.py:840} INFO - DAG(s) 'example_skip_dag' retrieved from /home/airflow/.local/lib/python3.12/site-packages/airflow/example_dags/example_skip_dag.py
[2025-04-10T14:06:27.614+0000] {logging_mixin.py:188} INFO - [2025-04-10T14:06:27.613+0000] {dag.py:3096} INFO - Sync 1 DAGs
[2025-04-10T14:06:27.658+0000] {logging_mixin.py:188} INFO - [2025-04-10T14:06:27.657+0000] {dag.py:3954} INFO - Setting next_dagrun for example_skip_dag to 2025-04-09 00:00:00+00:00, run_after=2025-04-10 00:00:00+00:00
[2025-04-10T14:06:27.692+0000] {processor.py:183} INFO - Processing /home/airflow/.local/lib/python3.12/site-packages/airflow/example_dags/example_skip_dag.py took 0.140 seconds
[2025-04-10T14:06:58.581+0000] {processor.py:161} INFO - Started process (PID=2064) to work on /home/airflow/.local/lib/python3.12/site-packages/airflow/example_dags/example_skip_dag.py
[2025-04-10T14:06:58.582+0000] {processor.py:830} INFO - Processing file /home/airflow/.local/lib/python3.12/site-packages/airflow/example_dags/example_skip_dag.py for tasks to queue
[2025-04-10T14:06:58.585+0000] {logging_mixin.py:188} INFO - [2025-04-10T14:06:58.585+0000] {dagbag.py:540} INFO - Filling up the DagBag from /home/airflow/.local/lib/python3.12/site-packages/airflow/example_dags/example_skip_dag.py
[2025-04-10T14:06:58.596+0000] {processor.py:840} INFO - DAG(s) 'example_skip_dag' retrieved from /home/airflow/.local/lib/python3.12/site-packages/airflow/example_dags/example_skip_dag.py
[2025-04-10T14:06:58.633+0000] {logging_mixin.py:188} INFO - [2025-04-10T14:06:58.633+0000] {dag.py:3096} INFO - Sync 1 DAGs
[2025-04-10T14:06:58.678+0000] {logging_mixin.py:188} INFO - [2025-04-10T14:06:58.677+0000] {dag.py:3954} INFO - Setting next_dagrun for example_skip_dag to 2025-04-09 00:00:00+00:00, run_after=2025-04-10 00:00:00+00:00
[2025-04-10T14:06:58.714+0000] {processor.py:183} INFO - Processing /home/airflow/.local/lib/python3.12/site-packages/airflow/example_dags/example_skip_dag.py took 0.143 seconds
[2025-04-10T14:07:28.944+0000] {processor.py:161} INFO - Started process (PID=2122) to work on /home/airflow/.local/lib/python3.12/site-packages/airflow/example_dags/example_skip_dag.py
[2025-04-10T14:07:28.945+0000] {processor.py:830} INFO - Processing file /home/airflow/.local/lib/python3.12/site-packages/airflow/example_dags/example_skip_dag.py for tasks to queue
[2025-04-10T14:07:28.948+0000] {logging_mixin.py:188} INFO - [2025-04-10T14:07:28.948+0000] {dagbag.py:540} INFO - Filling up the DagBag from /home/airflow/.local/lib/python3.12/site-packages/airflow/example_dags/example_skip_dag.py
[2025-04-10T14:07:28.959+0000] {processor.py:840} INFO - DAG(s) 'example_skip_dag' retrieved from /home/airflow/.local/lib/python3.12/site-packages/airflow/example_dags/example_skip_dag.py
[2025-04-10T14:07:28.997+0000] {logging_mixin.py:188} INFO - [2025-04-10T14:07:28.997+0000] {dag.py:3096} INFO - Sync 1 DAGs
[2025-04-10T14:07:29.037+0000] {logging_mixin.py:188} INFO - [2025-04-10T14:07:29.036+0000] {dag.py:3954} INFO - Setting next_dagrun for example_skip_dag to 2025-04-09 00:00:00+00:00, run_after=2025-04-10 00:00:00+00:00
[2025-04-10T14:07:29.074+0000] {processor.py:183} INFO - Processing /home/airflow/.local/lib/python3.12/site-packages/airflow/example_dags/example_skip_dag.py took 0.140 seconds
[2025-04-10T14:07:59.428+0000] {processor.py:161} INFO - Started process (PID=2182) to work on /home/airflow/.local/lib/python3.12/site-packages/airflow/example_dags/example_skip_dag.py
[2025-04-10T14:07:59.429+0000] {processor.py:830} INFO - Processing file /home/airflow/.local/lib/python3.12/site-packages/airflow/example_dags/example_skip_dag.py for tasks to queue
[2025-04-10T14:07:59.432+0000] {logging_mixin.py:188} INFO - [2025-04-10T14:07:59.431+0000] {dagbag.py:540} INFO - Filling up the DagBag from /home/airflow/.local/lib/python3.12/site-packages/airflow/example_dags/example_skip_dag.py
[2025-04-10T14:07:59.442+0000] {processor.py:840} INFO - DAG(s) 'example_skip_dag' retrieved from /home/airflow/.local/lib/python3.12/site-packages/airflow/example_dags/example_skip_dag.py
[2025-04-10T14:07:59.479+0000] {logging_mixin.py:188} INFO - [2025-04-10T14:07:59.479+0000] {dag.py:3096} INFO - Sync 1 DAGs
[2025-04-10T14:07:59.518+0000] {logging_mixin.py:188} INFO - [2025-04-10T14:07:59.518+0000] {dag.py:3954} INFO - Setting next_dagrun for example_skip_dag to 2025-04-09 00:00:00+00:00, run_after=2025-04-10 00:00:00+00:00
[2025-04-10T14:07:59.556+0000] {processor.py:183} INFO - Processing /home/airflow/.local/lib/python3.12/site-packages/airflow/example_dags/example_skip_dag.py took 0.137 seconds
[2025-04-10T14:08:29.998+0000] {processor.py:161} INFO - Started process (PID=2248) to work on /home/airflow/.local/lib/python3.12/site-packages/airflow/example_dags/example_skip_dag.py
[2025-04-10T14:08:30.000+0000] {processor.py:830} INFO - Processing file /home/airflow/.local/lib/python3.12/site-packages/airflow/example_dags/example_skip_dag.py for tasks to queue
[2025-04-10T14:08:30.003+0000] {logging_mixin.py:188} INFO - [2025-04-10T14:08:30.002+0000] {dagbag.py:540} INFO - Filling up the DagBag from /home/airflow/.local/lib/python3.12/site-packages/airflow/example_dags/example_skip_dag.py
[2025-04-10T14:08:30.015+0000] {processor.py:840} INFO - DAG(s) 'example_skip_dag' retrieved from /home/airflow/.local/lib/python3.12/site-packages/airflow/example_dags/example_skip_dag.py
[2025-04-10T14:08:30.051+0000] {logging_mixin.py:188} INFO - [2025-04-10T14:08:30.051+0000] {dag.py:3096} INFO - Sync 1 DAGs
[2025-04-10T14:08:30.090+0000] {logging_mixin.py:188} INFO - [2025-04-10T14:08:30.090+0000] {dag.py:3954} INFO - Setting next_dagrun for example_skip_dag to 2025-04-09 00:00:00+00:00, run_after=2025-04-10 00:00:00+00:00
[2025-04-10T14:08:30.131+0000] {processor.py:183} INFO - Processing /home/airflow/.local/lib/python3.12/site-packages/airflow/example_dags/example_skip_dag.py took 0.143 seconds
[2025-04-10T14:09:00.485+0000] {processor.py:161} INFO - Started process (PID=2308) to work on /home/airflow/.local/lib/python3.12/site-packages/airflow/example_dags/example_skip_dag.py
[2025-04-10T14:09:00.486+0000] {processor.py:830} INFO - Processing file /home/airflow/.local/lib/python3.12/site-packages/airflow/example_dags/example_skip_dag.py for tasks to queue
[2025-04-10T14:09:00.489+0000] {logging_mixin.py:188} INFO - [2025-04-10T14:09:00.489+0000] {dagbag.py:540} INFO - Filling up the DagBag from /home/airflow/.local/lib/python3.12/site-packages/airflow/example_dags/example_skip_dag.py
[2025-04-10T14:09:00.500+0000] {processor.py:840} INFO - DAG(s) 'example_skip_dag' retrieved from /home/airflow/.local/lib/python3.12/site-packages/airflow/example_dags/example_skip_dag.py
[2025-04-10T14:09:00.538+0000] {logging_mixin.py:188} INFO - [2025-04-10T14:09:00.538+0000] {dag.py:3096} INFO - Sync 1 DAGs
[2025-04-10T14:09:00.582+0000] {logging_mixin.py:188} INFO - [2025-04-10T14:09:00.581+0000] {dag.py:3954} INFO - Setting next_dagrun for example_skip_dag to 2025-04-09 00:00:00+00:00, run_after=2025-04-10 00:00:00+00:00
[2025-04-10T14:09:00.613+0000] {processor.py:183} INFO - Processing /home/airflow/.local/lib/python3.12/site-packages/airflow/example_dags/example_skip_dag.py took 0.139 seconds
[2025-04-10T14:09:31.018+0000] {processor.py:161} INFO - Started process (PID=2368) to work on /home/airflow/.local/lib/python3.12/site-packages/airflow/example_dags/example_skip_dag.py
[2025-04-10T14:09:31.020+0000] {processor.py:830} INFO - Processing file /home/airflow/.local/lib/python3.12/site-packages/airflow/example_dags/example_skip_dag.py for tasks to queue
[2025-04-10T14:09:31.023+0000] {logging_mixin.py:188} INFO - [2025-04-10T14:09:31.022+0000] {dagbag.py:540} INFO - Filling up the DagBag from /home/airflow/.local/lib/python3.12/site-packages/airflow/example_dags/example_skip_dag.py
[2025-04-10T14:09:31.034+0000] {processor.py:840} INFO - DAG(s) 'example_skip_dag' retrieved from /home/airflow/.local/lib/python3.12/site-packages/airflow/example_dags/example_skip_dag.py
[2025-04-10T14:09:31.073+0000] {logging_mixin.py:188} INFO - [2025-04-10T14:09:31.072+0000] {dag.py:3096} INFO - Sync 1 DAGs
[2025-04-10T14:09:31.113+0000] {logging_mixin.py:188} INFO - [2025-04-10T14:09:31.113+0000] {dag.py:3954} INFO - Setting next_dagrun for example_skip_dag to 2025-04-09 00:00:00+00:00, run_after=2025-04-10 00:00:00+00:00
[2025-04-10T14:09:31.147+0000] {processor.py:183} INFO - Processing /home/airflow/.local/lib/python3.12/site-packages/airflow/example_dags/example_skip_dag.py took 0.139 seconds
[2025-04-10T14:10:01.912+0000] {processor.py:161} INFO - Started process (PID=2428) to work on /home/airflow/.local/lib/python3.12/site-packages/airflow/example_dags/example_skip_dag.py
[2025-04-10T14:10:01.914+0000] {processor.py:830} INFO - Processing file /home/airflow/.local/lib/python3.12/site-packages/airflow/example_dags/example_skip_dag.py for tasks to queue
[2025-04-10T14:10:01.917+0000] {logging_mixin.py:188} INFO - [2025-04-10T14:10:01.916+0000] {dagbag.py:540} INFO - Filling up the DagBag from /home/airflow/.local/lib/python3.12/site-packages/airflow/example_dags/example_skip_dag.py
[2025-04-10T14:10:01.927+0000] {processor.py:840} INFO - DAG(s) 'example_skip_dag' retrieved from /home/airflow/.local/lib/python3.12/site-packages/airflow/example_dags/example_skip_dag.py
[2025-04-10T14:10:01.965+0000] {logging_mixin.py:188} INFO - [2025-04-10T14:10:01.964+0000] {dag.py:3096} INFO - Sync 1 DAGs
[2025-04-10T14:10:02.004+0000] {logging_mixin.py:188} INFO - [2025-04-10T14:10:02.003+0000] {dag.py:3954} INFO - Setting next_dagrun for example_skip_dag to 2025-04-09 00:00:00+00:00, run_after=2025-04-10 00:00:00+00:00
[2025-04-10T14:10:02.038+0000] {processor.py:183} INFO - Processing /home/airflow/.local/lib/python3.12/site-packages/airflow/example_dags/example_skip_dag.py took 0.135 seconds
[2025-04-10T14:10:32.326+0000] {processor.py:161} INFO - Started process (PID=2488) to work on /home/airflow/.local/lib/python3.12/site-packages/airflow/example_dags/example_skip_dag.py
[2025-04-10T14:10:32.328+0000] {processor.py:830} INFO - Processing file /home/airflow/.local/lib/python3.12/site-packages/airflow/example_dags/example_skip_dag.py for tasks to queue
[2025-04-10T14:10:32.331+0000] {logging_mixin.py:188} INFO - [2025-04-10T14:10:32.330+0000] {dagbag.py:540} INFO - Filling up the DagBag from /home/airflow/.local/lib/python3.12/site-packages/airflow/example_dags/example_skip_dag.py
[2025-04-10T14:10:32.342+0000] {processor.py:840} INFO - DAG(s) 'example_skip_dag' retrieved from /home/airflow/.local/lib/python3.12/site-packages/airflow/example_dags/example_skip_dag.py
[2025-04-10T14:10:32.381+0000] {logging_mixin.py:188} INFO - [2025-04-10T14:10:32.381+0000] {dag.py:3096} INFO - Sync 1 DAGs
[2025-04-10T14:10:32.422+0000] {logging_mixin.py:188} INFO - [2025-04-10T14:10:32.421+0000] {dag.py:3954} INFO - Setting next_dagrun for example_skip_dag to 2025-04-09 00:00:00+00:00, run_after=2025-04-10 00:00:00+00:00
[2025-04-10T14:10:32.457+0000] {processor.py:183} INFO - Processing /home/airflow/.local/lib/python3.12/site-packages/airflow/example_dags/example_skip_dag.py took 0.140 seconds
[2025-04-10T14:11:03.002+0000] {processor.py:161} INFO - Started process (PID=2548) to work on /home/airflow/.local/lib/python3.12/site-packages/airflow/example_dags/example_skip_dag.py
[2025-04-10T14:11:03.003+0000] {processor.py:830} INFO - Processing file /home/airflow/.local/lib/python3.12/site-packages/airflow/example_dags/example_skip_dag.py for tasks to queue
[2025-04-10T14:11:03.006+0000] {logging_mixin.py:188} INFO - [2025-04-10T14:11:03.006+0000] {dagbag.py:540} INFO - Filling up the DagBag from /home/airflow/.local/lib/python3.12/site-packages/airflow/example_dags/example_skip_dag.py
[2025-04-10T14:11:03.017+0000] {processor.py:840} INFO - DAG(s) 'example_skip_dag' retrieved from /home/airflow/.local/lib/python3.12/site-packages/airflow/example_dags/example_skip_dag.py
[2025-04-10T14:11:03.054+0000] {logging_mixin.py:188} INFO - [2025-04-10T14:11:03.053+0000] {dag.py:3096} INFO - Sync 1 DAGs
[2025-04-10T14:11:03.093+0000] {logging_mixin.py:188} INFO - [2025-04-10T14:11:03.092+0000] {dag.py:3954} INFO - Setting next_dagrun for example_skip_dag to 2025-04-09 00:00:00+00:00, run_after=2025-04-10 00:00:00+00:00
[2025-04-10T14:11:03.128+0000] {processor.py:183} INFO - Processing /home/airflow/.local/lib/python3.12/site-packages/airflow/example_dags/example_skip_dag.py took 0.136 seconds
[2025-04-10T14:11:33.189+0000] {processor.py:161} INFO - Started process (PID=2607) to work on /home/airflow/.local/lib/python3.12/site-packages/airflow/example_dags/example_skip_dag.py
[2025-04-10T14:11:33.191+0000] {processor.py:830} INFO - Processing file /home/airflow/.local/lib/python3.12/site-packages/airflow/example_dags/example_skip_dag.py for tasks to queue
[2025-04-10T14:11:33.194+0000] {logging_mixin.py:188} INFO - [2025-04-10T14:11:33.193+0000] {dagbag.py:540} INFO - Filling up the DagBag from /home/airflow/.local/lib/python3.12/site-packages/airflow/example_dags/example_skip_dag.py
[2025-04-10T14:11:33.205+0000] {processor.py:840} INFO - DAG(s) 'example_skip_dag' retrieved from /home/airflow/.local/lib/python3.12/site-packages/airflow/example_dags/example_skip_dag.py
[2025-04-10T14:11:33.243+0000] {logging_mixin.py:188} INFO - [2025-04-10T14:11:33.243+0000] {dag.py:3096} INFO - Sync 1 DAGs
[2025-04-10T14:11:33.287+0000] {logging_mixin.py:188} INFO - [2025-04-10T14:11:33.286+0000] {dag.py:3954} INFO - Setting next_dagrun for example_skip_dag to 2025-04-09 00:00:00+00:00, run_after=2025-04-10 00:00:00+00:00
[2025-04-10T14:11:33.320+0000] {processor.py:183} INFO - Processing /home/airflow/.local/lib/python3.12/site-packages/airflow/example_dags/example_skip_dag.py took 0.141 seconds
[2025-04-10T14:12:04.577+0000] {processor.py:161} INFO - Started process (PID=2668) to work on /home/airflow/.local/lib/python3.12/site-packages/airflow/example_dags/example_skip_dag.py
[2025-04-10T14:12:04.578+0000] {processor.py:830} INFO - Processing file /home/airflow/.local/lib/python3.12/site-packages/airflow/example_dags/example_skip_dag.py for tasks to queue
[2025-04-10T14:12:04.581+0000] {logging_mixin.py:188} INFO - [2025-04-10T14:12:04.581+0000] {dagbag.py:540} INFO - Filling up the DagBag from /home/airflow/.local/lib/python3.12/site-packages/airflow/example_dags/example_skip_dag.py
[2025-04-10T14:12:04.591+0000] {processor.py:840} INFO - DAG(s) 'example_skip_dag' retrieved from /home/airflow/.local/lib/python3.12/site-packages/airflow/example_dags/example_skip_dag.py
[2025-04-10T14:12:04.628+0000] {logging_mixin.py:188} INFO - [2025-04-10T14:12:04.628+0000] {dag.py:3096} INFO - Sync 1 DAGs
[2025-04-10T14:12:04.668+0000] {logging_mixin.py:188} INFO - [2025-04-10T14:12:04.667+0000] {dag.py:3954} INFO - Setting next_dagrun for example_skip_dag to 2025-04-09 00:00:00+00:00, run_after=2025-04-10 00:00:00+00:00
[2025-04-10T14:12:04.707+0000] {processor.py:183} INFO - Processing /home/airflow/.local/lib/python3.12/site-packages/airflow/example_dags/example_skip_dag.py took 0.140 seconds
[2025-04-10T14:12:35.196+0000] {processor.py:161} INFO - Started process (PID=2726) to work on /home/airflow/.local/lib/python3.12/site-packages/airflow/example_dags/example_skip_dag.py
[2025-04-10T14:12:35.198+0000] {processor.py:830} INFO - Processing file /home/airflow/.local/lib/python3.12/site-packages/airflow/example_dags/example_skip_dag.py for tasks to queue
[2025-04-10T14:12:35.201+0000] {logging_mixin.py:188} INFO - [2025-04-10T14:12:35.201+0000] {dagbag.py:540} INFO - Filling up the DagBag from /home/airflow/.local/lib/python3.12/site-packages/airflow/example_dags/example_skip_dag.py
[2025-04-10T14:12:35.212+0000] {processor.py:840} INFO - DAG(s) 'example_skip_dag' retrieved from /home/airflow/.local/lib/python3.12/site-packages/airflow/example_dags/example_skip_dag.py
[2025-04-10T14:12:35.250+0000] {logging_mixin.py:188} INFO - [2025-04-10T14:12:35.250+0000] {dag.py:3096} INFO - Sync 1 DAGs
[2025-04-10T14:12:35.290+0000] {logging_mixin.py:188} INFO - [2025-04-10T14:12:35.289+0000] {dag.py:3954} INFO - Setting next_dagrun for example_skip_dag to 2025-04-09 00:00:00+00:00, run_after=2025-04-10 00:00:00+00:00
[2025-04-10T14:12:35.325+0000] {processor.py:183} INFO - Processing /home/airflow/.local/lib/python3.12/site-packages/airflow/example_dags/example_skip_dag.py took 0.138 seconds
[2025-04-10T14:13:06.248+0000] {processor.py:161} INFO - Started process (PID=2786) to work on /home/airflow/.local/lib/python3.12/site-packages/airflow/example_dags/example_skip_dag.py
[2025-04-10T14:13:06.249+0000] {processor.py:830} INFO - Processing file /home/airflow/.local/lib/python3.12/site-packages/airflow/example_dags/example_skip_dag.py for tasks to queue
[2025-04-10T14:13:06.252+0000] {logging_mixin.py:188} INFO - [2025-04-10T14:13:06.252+0000] {dagbag.py:540} INFO - Filling up the DagBag from /home/airflow/.local/lib/python3.12/site-packages/airflow/example_dags/example_skip_dag.py
[2025-04-10T14:13:06.263+0000] {processor.py:840} INFO - DAG(s) 'example_skip_dag' retrieved from /home/airflow/.local/lib/python3.12/site-packages/airflow/example_dags/example_skip_dag.py
[2025-04-10T14:13:06.300+0000] {logging_mixin.py:188} INFO - [2025-04-10T14:13:06.300+0000] {dag.py:3096} INFO - Sync 1 DAGs
[2025-04-10T14:13:06.339+0000] {logging_mixin.py:188} INFO - [2025-04-10T14:13:06.339+0000] {dag.py:3954} INFO - Setting next_dagrun for example_skip_dag to 2025-04-09 00:00:00+00:00, run_after=2025-04-10 00:00:00+00:00
[2025-04-10T14:13:06.373+0000] {processor.py:183} INFO - Processing /home/airflow/.local/lib/python3.12/site-packages/airflow/example_dags/example_skip_dag.py took 0.135 seconds
[2025-04-10T14:13:36.680+0000] {processor.py:161} INFO - Started process (PID=2846) to work on /home/airflow/.local/lib/python3.12/site-packages/airflow/example_dags/example_skip_dag.py
[2025-04-10T14:13:36.682+0000] {processor.py:830} INFO - Processing file /home/airflow/.local/lib/python3.12/site-packages/airflow/example_dags/example_skip_dag.py for tasks to queue
[2025-04-10T14:13:36.685+0000] {logging_mixin.py:188} INFO - [2025-04-10T14:13:36.684+0000] {dagbag.py:540} INFO - Filling up the DagBag from /home/airflow/.local/lib/python3.12/site-packages/airflow/example_dags/example_skip_dag.py
[2025-04-10T14:13:36.695+0000] {processor.py:840} INFO - DAG(s) 'example_skip_dag' retrieved from /home/airflow/.local/lib/python3.12/site-packages/airflow/example_dags/example_skip_dag.py
[2025-04-10T14:13:36.732+0000] {logging_mixin.py:188} INFO - [2025-04-10T14:13:36.732+0000] {dag.py:3096} INFO - Sync 1 DAGs
[2025-04-10T14:13:36.772+0000] {logging_mixin.py:188} INFO - [2025-04-10T14:13:36.772+0000] {dag.py:3954} INFO - Setting next_dagrun for example_skip_dag to 2025-04-09 00:00:00+00:00, run_after=2025-04-10 00:00:00+00:00
[2025-04-10T14:13:36.806+0000] {processor.py:183} INFO - Processing /home/airflow/.local/lib/python3.12/site-packages/airflow/example_dags/example_skip_dag.py took 0.135 seconds
[2025-04-10T14:14:07.202+0000] {processor.py:161} INFO - Started process (PID=2907) to work on /home/airflow/.local/lib/python3.12/site-packages/airflow/example_dags/example_skip_dag.py
[2025-04-10T14:14:07.203+0000] {processor.py:830} INFO - Processing file /home/airflow/.local/lib/python3.12/site-packages/airflow/example_dags/example_skip_dag.py for tasks to queue
[2025-04-10T14:14:07.207+0000] {logging_mixin.py:188} INFO - [2025-04-10T14:14:07.206+0000] {dagbag.py:540} INFO - Filling up the DagBag from /home/airflow/.local/lib/python3.12/site-packages/airflow/example_dags/example_skip_dag.py
[2025-04-10T14:14:07.218+0000] {processor.py:840} INFO - DAG(s) 'example_skip_dag' retrieved from /home/airflow/.local/lib/python3.12/site-packages/airflow/example_dags/example_skip_dag.py
[2025-04-10T14:14:07.256+0000] {logging_mixin.py:188} INFO - [2025-04-10T14:14:07.255+0000] {dag.py:3096} INFO - Sync 1 DAGs
[2025-04-10T14:14:07.296+0000] {logging_mixin.py:188} INFO - [2025-04-10T14:14:07.295+0000] {dag.py:3954} INFO - Setting next_dagrun for example_skip_dag to 2025-04-09 00:00:00+00:00, run_after=2025-04-10 00:00:00+00:00
[2025-04-10T14:14:07.330+0000] {processor.py:183} INFO - Processing /home/airflow/.local/lib/python3.12/site-packages/airflow/example_dags/example_skip_dag.py took 0.138 seconds
[2025-04-10T14:14:37.649+0000] {processor.py:161} INFO - Started process (PID=2967) to work on /home/airflow/.local/lib/python3.12/site-packages/airflow/example_dags/example_skip_dag.py
[2025-04-10T14:14:37.650+0000] {processor.py:830} INFO - Processing file /home/airflow/.local/lib/python3.12/site-packages/airflow/example_dags/example_skip_dag.py for tasks to queue
[2025-04-10T14:14:37.653+0000] {logging_mixin.py:188} INFO - [2025-04-10T14:14:37.653+0000] {dagbag.py:540} INFO - Filling up the DagBag from /home/airflow/.local/lib/python3.12/site-packages/airflow/example_dags/example_skip_dag.py
[2025-04-10T14:14:37.664+0000] {processor.py:840} INFO - DAG(s) 'example_skip_dag' retrieved from /home/airflow/.local/lib/python3.12/site-packages/airflow/example_dags/example_skip_dag.py
[2025-04-10T14:14:37.702+0000] {logging_mixin.py:188} INFO - [2025-04-10T14:14:37.702+0000] {dag.py:3096} INFO - Sync 1 DAGs
[2025-04-10T14:14:37.743+0000] {logging_mixin.py:188} INFO - [2025-04-10T14:14:37.743+0000] {dag.py:3954} INFO - Setting next_dagrun for example_skip_dag to 2025-04-09 00:00:00+00:00, run_after=2025-04-10 00:00:00+00:00
[2025-04-10T14:14:37.777+0000] {processor.py:183} INFO - Processing /home/airflow/.local/lib/python3.12/site-packages/airflow/example_dags/example_skip_dag.py took 0.138 seconds
[2025-04-10T14:15:08.106+0000] {processor.py:161} INFO - Started process (PID=3027) to work on /home/airflow/.local/lib/python3.12/site-packages/airflow/example_dags/example_skip_dag.py
[2025-04-10T14:15:08.108+0000] {processor.py:830} INFO - Processing file /home/airflow/.local/lib/python3.12/site-packages/airflow/example_dags/example_skip_dag.py for tasks to queue
[2025-04-10T14:15:08.111+0000] {logging_mixin.py:188} INFO - [2025-04-10T14:15:08.110+0000] {dagbag.py:540} INFO - Filling up the DagBag from /home/airflow/.local/lib/python3.12/site-packages/airflow/example_dags/example_skip_dag.py
[2025-04-10T14:15:08.121+0000] {processor.py:840} INFO - DAG(s) 'example_skip_dag' retrieved from /home/airflow/.local/lib/python3.12/site-packages/airflow/example_dags/example_skip_dag.py
[2025-04-10T14:15:08.159+0000] {logging_mixin.py:188} INFO - [2025-04-10T14:15:08.158+0000] {dag.py:3096} INFO - Sync 1 DAGs
[2025-04-10T14:15:08.199+0000] {logging_mixin.py:188} INFO - [2025-04-10T14:15:08.199+0000] {dag.py:3954} INFO - Setting next_dagrun for example_skip_dag to 2025-04-09 00:00:00+00:00, run_after=2025-04-10 00:00:00+00:00
[2025-04-10T14:15:08.235+0000] {processor.py:183} INFO - Processing /home/airflow/.local/lib/python3.12/site-packages/airflow/example_dags/example_skip_dag.py took 0.138 seconds
[2025-04-10T14:15:39.103+0000] {processor.py:161} INFO - Started process (PID=3087) to work on /home/airflow/.local/lib/python3.12/site-packages/airflow/example_dags/example_skip_dag.py
[2025-04-10T14:15:39.105+0000] {processor.py:830} INFO - Processing file /home/airflow/.local/lib/python3.12/site-packages/airflow/example_dags/example_skip_dag.py for tasks to queue
[2025-04-10T14:15:39.108+0000] {logging_mixin.py:188} INFO - [2025-04-10T14:15:39.107+0000] {dagbag.py:540} INFO - Filling up the DagBag from /home/airflow/.local/lib/python3.12/site-packages/airflow/example_dags/example_skip_dag.py
[2025-04-10T14:15:39.119+0000] {processor.py:840} INFO - DAG(s) 'example_skip_dag' retrieved from /home/airflow/.local/lib/python3.12/site-packages/airflow/example_dags/example_skip_dag.py
[2025-04-10T14:15:39.157+0000] {logging_mixin.py:188} INFO - [2025-04-10T14:15:39.157+0000] {dag.py:3096} INFO - Sync 1 DAGs
[2025-04-10T14:15:39.201+0000] {logging_mixin.py:188} INFO - [2025-04-10T14:15:39.200+0000] {dag.py:3954} INFO - Setting next_dagrun for example_skip_dag to 2025-04-09 00:00:00+00:00, run_after=2025-04-10 00:00:00+00:00
[2025-04-10T14:15:39.238+0000] {processor.py:183} INFO - Processing /home/airflow/.local/lib/python3.12/site-packages/airflow/example_dags/example_skip_dag.py took 0.145 seconds
[2025-04-10T14:16:09.493+0000] {processor.py:161} INFO - Started process (PID=3148) to work on /home/airflow/.local/lib/python3.12/site-packages/airflow/example_dags/example_skip_dag.py
[2025-04-10T14:16:09.494+0000] {processor.py:830} INFO - Processing file /home/airflow/.local/lib/python3.12/site-packages/airflow/example_dags/example_skip_dag.py for tasks to queue
[2025-04-10T14:16:09.497+0000] {logging_mixin.py:188} INFO - [2025-04-10T14:16:09.497+0000] {dagbag.py:540} INFO - Filling up the DagBag from /home/airflow/.local/lib/python3.12/site-packages/airflow/example_dags/example_skip_dag.py
[2025-04-10T14:16:09.507+0000] {processor.py:840} INFO - DAG(s) 'example_skip_dag' retrieved from /home/airflow/.local/lib/python3.12/site-packages/airflow/example_dags/example_skip_dag.py
[2025-04-10T14:16:09.544+0000] {logging_mixin.py:188} INFO - [2025-04-10T14:16:09.543+0000] {dag.py:3096} INFO - Sync 1 DAGs
[2025-04-10T14:16:09.583+0000] {logging_mixin.py:188} INFO - [2025-04-10T14:16:09.583+0000] {dag.py:3954} INFO - Setting next_dagrun for example_skip_dag to 2025-04-09 00:00:00+00:00, run_after=2025-04-10 00:00:00+00:00
[2025-04-10T14:16:09.617+0000] {processor.py:183} INFO - Processing /home/airflow/.local/lib/python3.12/site-packages/airflow/example_dags/example_skip_dag.py took 0.134 seconds
[2025-04-10T14:16:40.281+0000] {processor.py:161} INFO - Started process (PID=3208) to work on /home/airflow/.local/lib/python3.12/site-packages/airflow/example_dags/example_skip_dag.py
[2025-04-10T14:16:40.282+0000] {processor.py:830} INFO - Processing file /home/airflow/.local/lib/python3.12/site-packages/airflow/example_dags/example_skip_dag.py for tasks to queue
[2025-04-10T14:16:40.285+0000] {logging_mixin.py:188} INFO - [2025-04-10T14:16:40.285+0000] {dagbag.py:540} INFO - Filling up the DagBag from /home/airflow/.local/lib/python3.12/site-packages/airflow/example_dags/example_skip_dag.py
[2025-04-10T14:16:40.296+0000] {processor.py:840} INFO - DAG(s) 'example_skip_dag' retrieved from /home/airflow/.local/lib/python3.12/site-packages/airflow/example_dags/example_skip_dag.py
[2025-04-10T14:16:40.334+0000] {logging_mixin.py:188} INFO - [2025-04-10T14:16:40.334+0000] {dag.py:3096} INFO - Sync 1 DAGs
[2025-04-10T14:16:40.374+0000] {logging_mixin.py:188} INFO - [2025-04-10T14:16:40.374+0000] {dag.py:3954} INFO - Setting next_dagrun for example_skip_dag to 2025-04-09 00:00:00+00:00, run_after=2025-04-10 00:00:00+00:00
[2025-04-10T14:16:40.408+0000] {processor.py:183} INFO - Processing /home/airflow/.local/lib/python3.12/site-packages/airflow/example_dags/example_skip_dag.py took 0.137 seconds
[2025-04-10T14:17:10.775+0000] {processor.py:161} INFO - Started process (PID=3268) to work on /home/airflow/.local/lib/python3.12/site-packages/airflow/example_dags/example_skip_dag.py
[2025-04-10T14:17:10.777+0000] {processor.py:830} INFO - Processing file /home/airflow/.local/lib/python3.12/site-packages/airflow/example_dags/example_skip_dag.py for tasks to queue
[2025-04-10T14:17:10.779+0000] {logging_mixin.py:188} INFO - [2025-04-10T14:17:10.779+0000] {dagbag.py:540} INFO - Filling up the DagBag from /home/airflow/.local/lib/python3.12/site-packages/airflow/example_dags/example_skip_dag.py
[2025-04-10T14:17:10.790+0000] {processor.py:840} INFO - DAG(s) 'example_skip_dag' retrieved from /home/airflow/.local/lib/python3.12/site-packages/airflow/example_dags/example_skip_dag.py
[2025-04-10T14:17:10.829+0000] {logging_mixin.py:188} INFO - [2025-04-10T14:17:10.828+0000] {dag.py:3096} INFO - Sync 1 DAGs
[2025-04-10T14:17:10.883+0000] {logging_mixin.py:188} INFO - [2025-04-10T14:17:10.883+0000] {dag.py:3954} INFO - Setting next_dagrun for example_skip_dag to 2025-04-09 00:00:00+00:00, run_after=2025-04-10 00:00:00+00:00
[2025-04-10T14:17:10.916+0000] {processor.py:183} INFO - Processing /home/airflow/.local/lib/python3.12/site-packages/airflow/example_dags/example_skip_dag.py took 0.151 seconds
[2025-04-10T14:17:41.355+0000] {processor.py:161} INFO - Started process (PID=3328) to work on /home/airflow/.local/lib/python3.12/site-packages/airflow/example_dags/example_skip_dag.py
[2025-04-10T14:17:41.356+0000] {processor.py:830} INFO - Processing file /home/airflow/.local/lib/python3.12/site-packages/airflow/example_dags/example_skip_dag.py for tasks to queue
[2025-04-10T14:17:41.359+0000] {logging_mixin.py:188} INFO - [2025-04-10T14:17:41.358+0000] {dagbag.py:540} INFO - Filling up the DagBag from /home/airflow/.local/lib/python3.12/site-packages/airflow/example_dags/example_skip_dag.py
[2025-04-10T14:17:41.370+0000] {processor.py:840} INFO - DAG(s) 'example_skip_dag' retrieved from /home/airflow/.local/lib/python3.12/site-packages/airflow/example_dags/example_skip_dag.py
[2025-04-10T14:17:41.406+0000] {logging_mixin.py:188} INFO - [2025-04-10T14:17:41.405+0000] {dag.py:3096} INFO - Sync 1 DAGs
[2025-04-10T14:17:41.446+0000] {logging_mixin.py:188} INFO - [2025-04-10T14:17:41.446+0000] {dag.py:3954} INFO - Setting next_dagrun for example_skip_dag to 2025-04-09 00:00:00+00:00, run_after=2025-04-10 00:00:00+00:00
[2025-04-10T14:17:41.479+0000] {processor.py:183} INFO - Processing /home/airflow/.local/lib/python3.12/site-packages/airflow/example_dags/example_skip_dag.py took 0.134 seconds
[2025-04-10T14:18:11.869+0000] {processor.py:161} INFO - Started process (PID=3388) to work on /home/airflow/.local/lib/python3.12/site-packages/airflow/example_dags/example_skip_dag.py
[2025-04-10T14:18:11.871+0000] {processor.py:830} INFO - Processing file /home/airflow/.local/lib/python3.12/site-packages/airflow/example_dags/example_skip_dag.py for tasks to queue
[2025-04-10T14:18:11.874+0000] {logging_mixin.py:188} INFO - [2025-04-10T14:18:11.873+0000] {dagbag.py:540} INFO - Filling up the DagBag from /home/airflow/.local/lib/python3.12/site-packages/airflow/example_dags/example_skip_dag.py
[2025-04-10T14:18:11.885+0000] {processor.py:840} INFO - DAG(s) 'example_skip_dag' retrieved from /home/airflow/.local/lib/python3.12/site-packages/airflow/example_dags/example_skip_dag.py
[2025-04-10T14:18:11.922+0000] {logging_mixin.py:188} INFO - [2025-04-10T14:18:11.922+0000] {dag.py:3096} INFO - Sync 1 DAGs
[2025-04-10T14:18:11.962+0000] {logging_mixin.py:188} INFO - [2025-04-10T14:18:11.962+0000] {dag.py:3954} INFO - Setting next_dagrun for example_skip_dag to 2025-04-09 00:00:00+00:00, run_after=2025-04-10 00:00:00+00:00
[2025-04-10T14:18:11.995+0000] {processor.py:183} INFO - Processing /home/airflow/.local/lib/python3.12/site-packages/airflow/example_dags/example_skip_dag.py took 0.136 seconds
[2025-04-10T14:18:42.291+0000] {processor.py:161} INFO - Started process (PID=3448) to work on /home/airflow/.local/lib/python3.12/site-packages/airflow/example_dags/example_skip_dag.py
[2025-04-10T14:18:42.292+0000] {processor.py:830} INFO - Processing file /home/airflow/.local/lib/python3.12/site-packages/airflow/example_dags/example_skip_dag.py for tasks to queue
[2025-04-10T14:18:42.295+0000] {logging_mixin.py:188} INFO - [2025-04-10T14:18:42.295+0000] {dagbag.py:540} INFO - Filling up the DagBag from /home/airflow/.local/lib/python3.12/site-packages/airflow/example_dags/example_skip_dag.py
[2025-04-10T14:18:42.306+0000] {processor.py:840} INFO - DAG(s) 'example_skip_dag' retrieved from /home/airflow/.local/lib/python3.12/site-packages/airflow/example_dags/example_skip_dag.py
[2025-04-10T14:18:42.343+0000] {logging_mixin.py:188} INFO - [2025-04-10T14:18:42.343+0000] {dag.py:3096} INFO - Sync 1 DAGs
[2025-04-10T14:18:42.384+0000] {logging_mixin.py:188} INFO - [2025-04-10T14:18:42.384+0000] {dag.py:3954} INFO - Setting next_dagrun for example_skip_dag to 2025-04-09 00:00:00+00:00, run_after=2025-04-10 00:00:00+00:00
[2025-04-10T14:18:42.418+0000] {processor.py:183} INFO - Processing /home/airflow/.local/lib/python3.12/site-packages/airflow/example_dags/example_skip_dag.py took 0.136 seconds
[2025-04-10T14:19:12.659+0000] {processor.py:161} INFO - Started process (PID=3508) to work on /home/airflow/.local/lib/python3.12/site-packages/airflow/example_dags/example_skip_dag.py
[2025-04-10T14:19:12.660+0000] {processor.py:830} INFO - Processing file /home/airflow/.local/lib/python3.12/site-packages/airflow/example_dags/example_skip_dag.py for tasks to queue
[2025-04-10T14:19:12.663+0000] {logging_mixin.py:188} INFO - [2025-04-10T14:19:12.663+0000] {dagbag.py:540} INFO - Filling up the DagBag from /home/airflow/.local/lib/python3.12/site-packages/airflow/example_dags/example_skip_dag.py
[2025-04-10T14:19:12.674+0000] {processor.py:840} INFO - DAG(s) 'example_skip_dag' retrieved from /home/airflow/.local/lib/python3.12/site-packages/airflow/example_dags/example_skip_dag.py
[2025-04-10T14:19:12.712+0000] {logging_mixin.py:188} INFO - [2025-04-10T14:19:12.711+0000] {dag.py:3096} INFO - Sync 1 DAGs
[2025-04-10T14:19:12.751+0000] {logging_mixin.py:188} INFO - [2025-04-10T14:19:12.751+0000] {dag.py:3954} INFO - Setting next_dagrun for example_skip_dag to 2025-04-09 00:00:00+00:00, run_after=2025-04-10 00:00:00+00:00
[2025-04-10T14:19:12.788+0000] {processor.py:183} INFO - Processing /home/airflow/.local/lib/python3.12/site-packages/airflow/example_dags/example_skip_dag.py took 0.138 seconds
[2025-04-10T14:19:43.088+0000] {processor.py:161} INFO - Started process (PID=3568) to work on /home/airflow/.local/lib/python3.12/site-packages/airflow/example_dags/example_skip_dag.py
[2025-04-10T14:19:43.090+0000] {processor.py:830} INFO - Processing file /home/airflow/.local/lib/python3.12/site-packages/airflow/example_dags/example_skip_dag.py for tasks to queue
[2025-04-10T14:19:43.093+0000] {logging_mixin.py:188} INFO - [2025-04-10T14:19:43.092+0000] {dagbag.py:540} INFO - Filling up the DagBag from /home/airflow/.local/lib/python3.12/site-packages/airflow/example_dags/example_skip_dag.py
[2025-04-10T14:19:43.104+0000] {processor.py:840} INFO - DAG(s) 'example_skip_dag' retrieved from /home/airflow/.local/lib/python3.12/site-packages/airflow/example_dags/example_skip_dag.py
[2025-04-10T14:19:43.144+0000] {logging_mixin.py:188} INFO - [2025-04-10T14:19:43.143+0000] {dag.py:3096} INFO - Sync 1 DAGs
[2025-04-10T14:19:43.185+0000] {logging_mixin.py:188} INFO - [2025-04-10T14:19:43.184+0000] {dag.py:3954} INFO - Setting next_dagrun for example_skip_dag to 2025-04-09 00:00:00+00:00, run_after=2025-04-10 00:00:00+00:00
[2025-04-10T14:19:43.218+0000] {processor.py:183} INFO - Processing /home/airflow/.local/lib/python3.12/site-packages/airflow/example_dags/example_skip_dag.py took 0.140 seconds
[2025-04-10T14:20:13.373+0000] {processor.py:161} INFO - Started process (PID=3628) to work on /home/airflow/.local/lib/python3.12/site-packages/airflow/example_dags/example_skip_dag.py
[2025-04-10T14:20:13.374+0000] {processor.py:830} INFO - Processing file /home/airflow/.local/lib/python3.12/site-packages/airflow/example_dags/example_skip_dag.py for tasks to queue
[2025-04-10T14:20:13.377+0000] {logging_mixin.py:188} INFO - [2025-04-10T14:20:13.377+0000] {dagbag.py:540} INFO - Filling up the DagBag from /home/airflow/.local/lib/python3.12/site-packages/airflow/example_dags/example_skip_dag.py
[2025-04-10T14:20:13.388+0000] {processor.py:840} INFO - DAG(s) 'example_skip_dag' retrieved from /home/airflow/.local/lib/python3.12/site-packages/airflow/example_dags/example_skip_dag.py
[2025-04-10T14:20:13.425+0000] {logging_mixin.py:188} INFO - [2025-04-10T14:20:13.425+0000] {dag.py:3096} INFO - Sync 1 DAGs
[2025-04-10T14:20:13.466+0000] {logging_mixin.py:188} INFO - [2025-04-10T14:20:13.465+0000] {dag.py:3954} INFO - Setting next_dagrun for example_skip_dag to 2025-04-09 00:00:00+00:00, run_after=2025-04-10 00:00:00+00:00
[2025-04-10T14:20:13.498+0000] {processor.py:183} INFO - Processing /home/airflow/.local/lib/python3.12/site-packages/airflow/example_dags/example_skip_dag.py took 0.135 seconds
[2025-04-10T14:20:43.630+0000] {processor.py:161} INFO - Started process (PID=3688) to work on /home/airflow/.local/lib/python3.12/site-packages/airflow/example_dags/example_skip_dag.py
[2025-04-10T14:20:43.631+0000] {processor.py:830} INFO - Processing file /home/airflow/.local/lib/python3.12/site-packages/airflow/example_dags/example_skip_dag.py for tasks to queue
[2025-04-10T14:20:43.635+0000] {logging_mixin.py:188} INFO - [2025-04-10T14:20:43.634+0000] {dagbag.py:540} INFO - Filling up the DagBag from /home/airflow/.local/lib/python3.12/site-packages/airflow/example_dags/example_skip_dag.py
[2025-04-10T14:20:43.646+0000] {processor.py:840} INFO - DAG(s) 'example_skip_dag' retrieved from /home/airflow/.local/lib/python3.12/site-packages/airflow/example_dags/example_skip_dag.py
[2025-04-10T14:20:43.683+0000] {logging_mixin.py:188} INFO - [2025-04-10T14:20:43.683+0000] {dag.py:3096} INFO - Sync 1 DAGs
[2025-04-10T14:20:43.727+0000] {logging_mixin.py:188} INFO - [2025-04-10T14:20:43.726+0000] {dag.py:3954} INFO - Setting next_dagrun for example_skip_dag to 2025-04-09 00:00:00+00:00, run_after=2025-04-10 00:00:00+00:00
[2025-04-10T14:20:43.759+0000] {processor.py:183} INFO - Processing /home/airflow/.local/lib/python3.12/site-packages/airflow/example_dags/example_skip_dag.py took 0.139 seconds
