[2025-04-10T13:35:46.317+0000] {processor.py:161} INFO - Started process (PID=112) to work on /home/airflow/.local/lib/python3.12/site-packages/airflow/example_dags/example_python_decorator.py
[2025-04-10T13:35:46.318+0000] {processor.py:830} INFO - Processing file /home/airflow/.local/lib/python3.12/site-packages/airflow/example_dags/example_python_decorator.py for tasks to queue
[2025-04-10T13:35:46.321+0000] {logging_mixin.py:188} INFO - [2025-04-10T13:35:46.321+0000] {dagbag.py:540} INFO - Filling up the DagBag from /home/airflow/.local/lib/python3.12/site-packages/airflow/example_dags/example_python_decorator.py
[2025-04-10T13:35:46.345+0000] {processor.py:840} INFO - DAG(s) 'example_python_decorator' retrieved from /home/airflow/.local/lib/python3.12/site-packages/airflow/example_dags/example_python_decorator.py
[2025-04-10T13:35:46.543+0000] {logging_mixin.py:188} INFO - [2025-04-10T13:35:46.543+0000] {dag.py:3096} INFO - Sync 1 DAGs
[2025-04-10T13:35:46.563+0000] {logging_mixin.py:188} INFO - [2025-04-10T13:35:46.563+0000] {dag.py:3954} INFO - Setting next_dagrun for example_python_decorator to None, run_after=None
[2025-04-10T13:35:46.597+0000] {processor.py:183} INFO - Processing /home/airflow/.local/lib/python3.12/site-packages/airflow/example_dags/example_python_decorator.py took 0.290 seconds
[2025-04-10T13:36:16.790+0000] {processor.py:161} INFO - Started process (PID=170) to work on /home/airflow/.local/lib/python3.12/site-packages/airflow/example_dags/example_python_decorator.py
[2025-04-10T13:36:16.791+0000] {processor.py:830} INFO - Processing file /home/airflow/.local/lib/python3.12/site-packages/airflow/example_dags/example_python_decorator.py for tasks to queue
[2025-04-10T13:36:16.795+0000] {logging_mixin.py:188} INFO - [2025-04-10T13:36:16.794+0000] {dagbag.py:540} INFO - Filling up the DagBag from /home/airflow/.local/lib/python3.12/site-packages/airflow/example_dags/example_python_decorator.py
[2025-04-10T13:36:16.816+0000] {processor.py:840} INFO - DAG(s) 'example_python_decorator' retrieved from /home/airflow/.local/lib/python3.12/site-packages/airflow/example_dags/example_python_decorator.py
[2025-04-10T13:36:16.857+0000] {logging_mixin.py:188} INFO - [2025-04-10T13:36:16.857+0000] {dag.py:3096} INFO - Sync 1 DAGs
[2025-04-10T13:36:16.880+0000] {logging_mixin.py:188} INFO - [2025-04-10T13:36:16.880+0000] {dag.py:3954} INFO - Setting next_dagrun for example_python_decorator to None, run_after=None
[2025-04-10T13:36:16.916+0000] {processor.py:183} INFO - Processing /home/airflow/.local/lib/python3.12/site-packages/airflow/example_dags/example_python_decorator.py took 0.135 seconds
[2025-04-10T13:36:47.320+0000] {processor.py:161} INFO - Started process (PID=228) to work on /home/airflow/.local/lib/python3.12/site-packages/airflow/example_dags/example_python_decorator.py
[2025-04-10T13:36:47.322+0000] {processor.py:830} INFO - Processing file /home/airflow/.local/lib/python3.12/site-packages/airflow/example_dags/example_python_decorator.py for tasks to queue
[2025-04-10T13:36:47.325+0000] {logging_mixin.py:188} INFO - [2025-04-10T13:36:47.325+0000] {dagbag.py:540} INFO - Filling up the DagBag from /home/airflow/.local/lib/python3.12/site-packages/airflow/example_dags/example_python_decorator.py
[2025-04-10T13:36:47.347+0000] {processor.py:840} INFO - DAG(s) 'example_python_decorator' retrieved from /home/airflow/.local/lib/python3.12/site-packages/airflow/example_dags/example_python_decorator.py
[2025-04-10T13:36:47.387+0000] {logging_mixin.py:188} INFO - [2025-04-10T13:36:47.386+0000] {dag.py:3096} INFO - Sync 1 DAGs
[2025-04-10T13:36:47.409+0000] {logging_mixin.py:188} INFO - [2025-04-10T13:36:47.409+0000] {dag.py:3954} INFO - Setting next_dagrun for example_python_decorator to None, run_after=None
[2025-04-10T13:36:47.442+0000] {processor.py:183} INFO - Processing /home/airflow/.local/lib/python3.12/site-packages/airflow/example_dags/example_python_decorator.py took 0.131 seconds
[2025-04-10T13:37:18.061+0000] {processor.py:161} INFO - Started process (PID=286) to work on /home/airflow/.local/lib/python3.12/site-packages/airflow/example_dags/example_python_decorator.py
[2025-04-10T13:37:18.063+0000] {processor.py:830} INFO - Processing file /home/airflow/.local/lib/python3.12/site-packages/airflow/example_dags/example_python_decorator.py for tasks to queue
[2025-04-10T13:37:18.065+0000] {logging_mixin.py:188} INFO - [2025-04-10T13:37:18.065+0000] {dagbag.py:540} INFO - Filling up the DagBag from /home/airflow/.local/lib/python3.12/site-packages/airflow/example_dags/example_python_decorator.py
[2025-04-10T13:37:18.086+0000] {processor.py:840} INFO - DAG(s) 'example_python_decorator' retrieved from /home/airflow/.local/lib/python3.12/site-packages/airflow/example_dags/example_python_decorator.py
[2025-04-10T13:37:18.127+0000] {logging_mixin.py:188} INFO - [2025-04-10T13:37:18.127+0000] {dag.py:3096} INFO - Sync 1 DAGs
[2025-04-10T13:37:18.149+0000] {logging_mixin.py:188} INFO - [2025-04-10T13:37:18.149+0000] {dag.py:3954} INFO - Setting next_dagrun for example_python_decorator to None, run_after=None
[2025-04-10T13:37:18.183+0000] {processor.py:183} INFO - Processing /home/airflow/.local/lib/python3.12/site-packages/airflow/example_dags/example_python_decorator.py took 0.131 seconds
[2025-04-10T13:37:48.757+0000] {processor.py:161} INFO - Started process (PID=344) to work on /home/airflow/.local/lib/python3.12/site-packages/airflow/example_dags/example_python_decorator.py
[2025-04-10T13:37:48.758+0000] {processor.py:830} INFO - Processing file /home/airflow/.local/lib/python3.12/site-packages/airflow/example_dags/example_python_decorator.py for tasks to queue
[2025-04-10T13:37:48.761+0000] {logging_mixin.py:188} INFO - [2025-04-10T13:37:48.761+0000] {dagbag.py:540} INFO - Filling up the DagBag from /home/airflow/.local/lib/python3.12/site-packages/airflow/example_dags/example_python_decorator.py
[2025-04-10T13:37:48.783+0000] {processor.py:840} INFO - DAG(s) 'example_python_decorator' retrieved from /home/airflow/.local/lib/python3.12/site-packages/airflow/example_dags/example_python_decorator.py
[2025-04-10T13:37:48.828+0000] {logging_mixin.py:188} INFO - [2025-04-10T13:37:48.827+0000] {dag.py:3096} INFO - Sync 1 DAGs
[2025-04-10T13:37:48.853+0000] {logging_mixin.py:188} INFO - [2025-04-10T13:37:48.853+0000] {dag.py:3954} INFO - Setting next_dagrun for example_python_decorator to None, run_after=None
[2025-04-10T13:37:48.890+0000] {processor.py:183} INFO - Processing /home/airflow/.local/lib/python3.12/site-packages/airflow/example_dags/example_python_decorator.py took 0.143 seconds
[2025-04-10T13:38:19.825+0000] {processor.py:161} INFO - Started process (PID=402) to work on /home/airflow/.local/lib/python3.12/site-packages/airflow/example_dags/example_python_decorator.py
[2025-04-10T13:38:19.827+0000] {processor.py:830} INFO - Processing file /home/airflow/.local/lib/python3.12/site-packages/airflow/example_dags/example_python_decorator.py for tasks to queue
[2025-04-10T13:38:19.830+0000] {logging_mixin.py:188} INFO - [2025-04-10T13:38:19.829+0000] {dagbag.py:540} INFO - Filling up the DagBag from /home/airflow/.local/lib/python3.12/site-packages/airflow/example_dags/example_python_decorator.py
[2025-04-10T13:38:19.852+0000] {processor.py:840} INFO - DAG(s) 'example_python_decorator' retrieved from /home/airflow/.local/lib/python3.12/site-packages/airflow/example_dags/example_python_decorator.py
[2025-04-10T13:38:19.893+0000] {logging_mixin.py:188} INFO - [2025-04-10T13:38:19.892+0000] {dag.py:3096} INFO - Sync 1 DAGs
[2025-04-10T13:38:19.915+0000] {logging_mixin.py:188} INFO - [2025-04-10T13:38:19.915+0000] {dag.py:3954} INFO - Setting next_dagrun for example_python_decorator to None, run_after=None
[2025-04-10T13:38:19.949+0000] {processor.py:183} INFO - Processing /home/airflow/.local/lib/python3.12/site-packages/airflow/example_dags/example_python_decorator.py took 0.133 seconds
[2025-04-10T13:38:50.840+0000] {processor.py:161} INFO - Started process (PID=460) to work on /home/airflow/.local/lib/python3.12/site-packages/airflow/example_dags/example_python_decorator.py
[2025-04-10T13:38:50.842+0000] {processor.py:830} INFO - Processing file /home/airflow/.local/lib/python3.12/site-packages/airflow/example_dags/example_python_decorator.py for tasks to queue
[2025-04-10T13:38:50.847+0000] {logging_mixin.py:188} INFO - [2025-04-10T13:38:50.846+0000] {dagbag.py:540} INFO - Filling up the DagBag from /home/airflow/.local/lib/python3.12/site-packages/airflow/example_dags/example_python_decorator.py
[2025-04-10T13:38:50.877+0000] {processor.py:840} INFO - DAG(s) 'example_python_decorator' retrieved from /home/airflow/.local/lib/python3.12/site-packages/airflow/example_dags/example_python_decorator.py
[2025-04-10T13:38:50.928+0000] {logging_mixin.py:188} INFO - [2025-04-10T13:38:50.928+0000] {dag.py:3096} INFO - Sync 1 DAGs
[2025-04-10T13:38:50.959+0000] {logging_mixin.py:188} INFO - [2025-04-10T13:38:50.958+0000] {dag.py:3954} INFO - Setting next_dagrun for example_python_decorator to None, run_after=None
[2025-04-10T13:38:51.000+0000] {processor.py:183} INFO - Processing /home/airflow/.local/lib/python3.12/site-packages/airflow/example_dags/example_python_decorator.py took 0.174 seconds
[2025-04-10T13:39:21.254+0000] {processor.py:161} INFO - Started process (PID=517) to work on /home/airflow/.local/lib/python3.12/site-packages/airflow/example_dags/example_python_decorator.py
[2025-04-10T13:39:21.256+0000] {processor.py:830} INFO - Processing file /home/airflow/.local/lib/python3.12/site-packages/airflow/example_dags/example_python_decorator.py for tasks to queue
[2025-04-10T13:39:21.260+0000] {logging_mixin.py:188} INFO - [2025-04-10T13:39:21.259+0000] {dagbag.py:540} INFO - Filling up the DagBag from /home/airflow/.local/lib/python3.12/site-packages/airflow/example_dags/example_python_decorator.py
[2025-04-10T13:39:21.296+0000] {processor.py:840} INFO - DAG(s) 'example_python_decorator' retrieved from /home/airflow/.local/lib/python3.12/site-packages/airflow/example_dags/example_python_decorator.py
[2025-04-10T13:39:21.354+0000] {logging_mixin.py:188} INFO - [2025-04-10T13:39:21.354+0000] {dag.py:3096} INFO - Sync 1 DAGs
[2025-04-10T13:39:21.386+0000] {logging_mixin.py:188} INFO - [2025-04-10T13:39:21.386+0000] {dag.py:3954} INFO - Setting next_dagrun for example_python_decorator to None, run_after=None
[2025-04-10T13:39:21.434+0000] {processor.py:183} INFO - Processing /home/airflow/.local/lib/python3.12/site-packages/airflow/example_dags/example_python_decorator.py took 0.190 seconds
[2025-04-10T13:39:51.912+0000] {processor.py:161} INFO - Started process (PID=575) to work on /home/airflow/.local/lib/python3.12/site-packages/airflow/example_dags/example_python_decorator.py
[2025-04-10T13:39:51.914+0000] {processor.py:830} INFO - Processing file /home/airflow/.local/lib/python3.12/site-packages/airflow/example_dags/example_python_decorator.py for tasks to queue
[2025-04-10T13:39:51.918+0000] {logging_mixin.py:188} INFO - [2025-04-10T13:39:51.917+0000] {dagbag.py:540} INFO - Filling up the DagBag from /home/airflow/.local/lib/python3.12/site-packages/airflow/example_dags/example_python_decorator.py
[2025-04-10T13:39:51.944+0000] {processor.py:840} INFO - DAG(s) 'example_python_decorator' retrieved from /home/airflow/.local/lib/python3.12/site-packages/airflow/example_dags/example_python_decorator.py
[2025-04-10T13:39:51.987+0000] {logging_mixin.py:188} INFO - [2025-04-10T13:39:51.987+0000] {dag.py:3096} INFO - Sync 1 DAGs
[2025-04-10T13:39:52.015+0000] {logging_mixin.py:188} INFO - [2025-04-10T13:39:52.014+0000] {dag.py:3954} INFO - Setting next_dagrun for example_python_decorator to None, run_after=None
[2025-04-10T13:39:52.051+0000] {processor.py:183} INFO - Processing /home/airflow/.local/lib/python3.12/site-packages/airflow/example_dags/example_python_decorator.py took 0.151 seconds
[2025-04-10T13:40:22.502+0000] {processor.py:161} INFO - Started process (PID=633) to work on /home/airflow/.local/lib/python3.12/site-packages/airflow/example_dags/example_python_decorator.py
[2025-04-10T13:40:22.503+0000] {processor.py:830} INFO - Processing file /home/airflow/.local/lib/python3.12/site-packages/airflow/example_dags/example_python_decorator.py for tasks to queue
[2025-04-10T13:40:22.507+0000] {logging_mixin.py:188} INFO - [2025-04-10T13:40:22.506+0000] {dagbag.py:540} INFO - Filling up the DagBag from /home/airflow/.local/lib/python3.12/site-packages/airflow/example_dags/example_python_decorator.py
[2025-04-10T13:40:22.528+0000] {processor.py:840} INFO - DAG(s) 'example_python_decorator' retrieved from /home/airflow/.local/lib/python3.12/site-packages/airflow/example_dags/example_python_decorator.py
[2025-04-10T13:40:22.567+0000] {logging_mixin.py:188} INFO - [2025-04-10T13:40:22.567+0000] {dag.py:3096} INFO - Sync 1 DAGs
[2025-04-10T13:40:22.590+0000] {logging_mixin.py:188} INFO - [2025-04-10T13:40:22.589+0000] {dag.py:3954} INFO - Setting next_dagrun for example_python_decorator to None, run_after=None
[2025-04-10T13:40:22.623+0000] {processor.py:183} INFO - Processing /home/airflow/.local/lib/python3.12/site-packages/airflow/example_dags/example_python_decorator.py took 0.131 seconds
[2025-04-10T13:40:53.591+0000] {processor.py:161} INFO - Started process (PID=691) to work on /home/airflow/.local/lib/python3.12/site-packages/airflow/example_dags/example_python_decorator.py
[2025-04-10T13:40:53.593+0000] {processor.py:830} INFO - Processing file /home/airflow/.local/lib/python3.12/site-packages/airflow/example_dags/example_python_decorator.py for tasks to queue
[2025-04-10T13:40:53.596+0000] {logging_mixin.py:188} INFO - [2025-04-10T13:40:53.596+0000] {dagbag.py:540} INFO - Filling up the DagBag from /home/airflow/.local/lib/python3.12/site-packages/airflow/example_dags/example_python_decorator.py
[2025-04-10T13:40:53.618+0000] {processor.py:840} INFO - DAG(s) 'example_python_decorator' retrieved from /home/airflow/.local/lib/python3.12/site-packages/airflow/example_dags/example_python_decorator.py
[2025-04-10T13:40:53.657+0000] {logging_mixin.py:188} INFO - [2025-04-10T13:40:53.656+0000] {dag.py:3096} INFO - Sync 1 DAGs
[2025-04-10T13:40:53.679+0000] {logging_mixin.py:188} INFO - [2025-04-10T13:40:53.679+0000] {dag.py:3954} INFO - Setting next_dagrun for example_python_decorator to None, run_after=None
[2025-04-10T13:40:53.712+0000] {processor.py:183} INFO - Processing /home/airflow/.local/lib/python3.12/site-packages/airflow/example_dags/example_python_decorator.py took 0.131 seconds
[2025-04-10T13:41:24.413+0000] {processor.py:161} INFO - Started process (PID=749) to work on /home/airflow/.local/lib/python3.12/site-packages/airflow/example_dags/example_python_decorator.py
[2025-04-10T13:41:24.415+0000] {processor.py:830} INFO - Processing file /home/airflow/.local/lib/python3.12/site-packages/airflow/example_dags/example_python_decorator.py for tasks to queue
[2025-04-10T13:41:24.418+0000] {logging_mixin.py:188} INFO - [2025-04-10T13:41:24.417+0000] {dagbag.py:540} INFO - Filling up the DagBag from /home/airflow/.local/lib/python3.12/site-packages/airflow/example_dags/example_python_decorator.py
[2025-04-10T13:41:24.440+0000] {processor.py:840} INFO - DAG(s) 'example_python_decorator' retrieved from /home/airflow/.local/lib/python3.12/site-packages/airflow/example_dags/example_python_decorator.py
[2025-04-10T13:41:24.481+0000] {logging_mixin.py:188} INFO - [2025-04-10T13:41:24.481+0000] {dag.py:3096} INFO - Sync 1 DAGs
[2025-04-10T13:41:24.505+0000] {logging_mixin.py:188} INFO - [2025-04-10T13:41:24.505+0000] {dag.py:3954} INFO - Setting next_dagrun for example_python_decorator to None, run_after=None
[2025-04-10T13:41:24.539+0000] {processor.py:183} INFO - Processing /home/airflow/.local/lib/python3.12/site-packages/airflow/example_dags/example_python_decorator.py took 0.136 seconds
[2025-04-10T13:50:09.427+0000] {processor.py:161} INFO - Started process (PID=112) to work on /home/airflow/.local/lib/python3.12/site-packages/airflow/example_dags/example_python_decorator.py
[2025-04-10T13:50:09.428+0000] {processor.py:830} INFO - Processing file /home/airflow/.local/lib/python3.12/site-packages/airflow/example_dags/example_python_decorator.py for tasks to queue
[2025-04-10T13:50:09.432+0000] {logging_mixin.py:188} INFO - [2025-04-10T13:50:09.431+0000] {dagbag.py:540} INFO - Filling up the DagBag from /home/airflow/.local/lib/python3.12/site-packages/airflow/example_dags/example_python_decorator.py
[2025-04-10T13:50:09.463+0000] {processor.py:840} INFO - DAG(s) 'example_python_decorator' retrieved from /home/airflow/.local/lib/python3.12/site-packages/airflow/example_dags/example_python_decorator.py
[2025-04-10T13:50:09.686+0000] {logging_mixin.py:188} INFO - [2025-04-10T13:50:09.685+0000] {dag.py:3096} INFO - Sync 1 DAGs
[2025-04-10T13:50:09.713+0000] {logging_mixin.py:188} INFO - [2025-04-10T13:50:09.712+0000] {dag.py:3954} INFO - Setting next_dagrun for example_python_decorator to None, run_after=None
[2025-04-10T13:50:09.758+0000] {processor.py:183} INFO - Processing /home/airflow/.local/lib/python3.12/site-packages/airflow/example_dags/example_python_decorator.py took 0.342 seconds
[2025-04-10T13:50:40.203+0000] {processor.py:161} INFO - Started process (PID=170) to work on /home/airflow/.local/lib/python3.12/site-packages/airflow/example_dags/example_python_decorator.py
[2025-04-10T13:50:40.204+0000] {processor.py:830} INFO - Processing file /home/airflow/.local/lib/python3.12/site-packages/airflow/example_dags/example_python_decorator.py for tasks to queue
[2025-04-10T13:50:40.207+0000] {logging_mixin.py:188} INFO - [2025-04-10T13:50:40.207+0000] {dagbag.py:540} INFO - Filling up the DagBag from /home/airflow/.local/lib/python3.12/site-packages/airflow/example_dags/example_python_decorator.py
[2025-04-10T13:50:40.230+0000] {processor.py:840} INFO - DAG(s) 'example_python_decorator' retrieved from /home/airflow/.local/lib/python3.12/site-packages/airflow/example_dags/example_python_decorator.py
[2025-04-10T13:50:40.271+0000] {logging_mixin.py:188} INFO - [2025-04-10T13:50:40.270+0000] {dag.py:3096} INFO - Sync 1 DAGs
[2025-04-10T13:50:40.294+0000] {logging_mixin.py:188} INFO - [2025-04-10T13:50:40.294+0000] {dag.py:3954} INFO - Setting next_dagrun for example_python_decorator to None, run_after=None
[2025-04-10T13:50:40.328+0000] {processor.py:183} INFO - Processing /home/airflow/.local/lib/python3.12/site-packages/airflow/example_dags/example_python_decorator.py took 0.135 seconds
[2025-04-10T13:51:11.291+0000] {processor.py:161} INFO - Started process (PID=228) to work on /home/airflow/.local/lib/python3.12/site-packages/airflow/example_dags/example_python_decorator.py
[2025-04-10T13:51:11.293+0000] {processor.py:830} INFO - Processing file /home/airflow/.local/lib/python3.12/site-packages/airflow/example_dags/example_python_decorator.py for tasks to queue
[2025-04-10T13:51:11.296+0000] {logging_mixin.py:188} INFO - [2025-04-10T13:51:11.296+0000] {dagbag.py:540} INFO - Filling up the DagBag from /home/airflow/.local/lib/python3.12/site-packages/airflow/example_dags/example_python_decorator.py
[2025-04-10T13:51:11.318+0000] {processor.py:840} INFO - DAG(s) 'example_python_decorator' retrieved from /home/airflow/.local/lib/python3.12/site-packages/airflow/example_dags/example_python_decorator.py
[2025-04-10T13:51:11.358+0000] {logging_mixin.py:188} INFO - [2025-04-10T13:51:11.358+0000] {dag.py:3096} INFO - Sync 1 DAGs
[2025-04-10T13:51:11.384+0000] {logging_mixin.py:188} INFO - [2025-04-10T13:51:11.383+0000] {dag.py:3954} INFO - Setting next_dagrun for example_python_decorator to None, run_after=None
[2025-04-10T13:51:11.419+0000] {processor.py:183} INFO - Processing /home/airflow/.local/lib/python3.12/site-packages/airflow/example_dags/example_python_decorator.py took 0.137 seconds
[2025-04-10T13:51:41.746+0000] {processor.py:161} INFO - Started process (PID=286) to work on /home/airflow/.local/lib/python3.12/site-packages/airflow/example_dags/example_python_decorator.py
[2025-04-10T13:51:41.747+0000] {processor.py:830} INFO - Processing file /home/airflow/.local/lib/python3.12/site-packages/airflow/example_dags/example_python_decorator.py for tasks to queue
[2025-04-10T13:51:41.751+0000] {logging_mixin.py:188} INFO - [2025-04-10T13:51:41.750+0000] {dagbag.py:540} INFO - Filling up the DagBag from /home/airflow/.local/lib/python3.12/site-packages/airflow/example_dags/example_python_decorator.py
[2025-04-10T13:51:41.773+0000] {processor.py:840} INFO - DAG(s) 'example_python_decorator' retrieved from /home/airflow/.local/lib/python3.12/site-packages/airflow/example_dags/example_python_decorator.py
[2025-04-10T13:51:41.816+0000] {logging_mixin.py:188} INFO - [2025-04-10T13:51:41.815+0000] {dag.py:3096} INFO - Sync 1 DAGs
[2025-04-10T13:51:41.841+0000] {logging_mixin.py:188} INFO - [2025-04-10T13:51:41.841+0000] {dag.py:3954} INFO - Setting next_dagrun for example_python_decorator to None, run_after=None
[2025-04-10T13:51:41.876+0000] {processor.py:183} INFO - Processing /home/airflow/.local/lib/python3.12/site-packages/airflow/example_dags/example_python_decorator.py took 0.140 seconds
[2025-04-10T13:52:12.202+0000] {processor.py:161} INFO - Started process (PID=344) to work on /home/airflow/.local/lib/python3.12/site-packages/airflow/example_dags/example_python_decorator.py
[2025-04-10T13:52:12.204+0000] {processor.py:830} INFO - Processing file /home/airflow/.local/lib/python3.12/site-packages/airflow/example_dags/example_python_decorator.py for tasks to queue
[2025-04-10T13:52:12.207+0000] {logging_mixin.py:188} INFO - [2025-04-10T13:52:12.206+0000] {dagbag.py:540} INFO - Filling up the DagBag from /home/airflow/.local/lib/python3.12/site-packages/airflow/example_dags/example_python_decorator.py
[2025-04-10T13:52:12.233+0000] {processor.py:840} INFO - DAG(s) 'example_python_decorator' retrieved from /home/airflow/.local/lib/python3.12/site-packages/airflow/example_dags/example_python_decorator.py
[2025-04-10T13:52:12.276+0000] {logging_mixin.py:188} INFO - [2025-04-10T13:52:12.276+0000] {dag.py:3096} INFO - Sync 1 DAGs
[2025-04-10T13:52:12.300+0000] {logging_mixin.py:188} INFO - [2025-04-10T13:52:12.299+0000] {dag.py:3954} INFO - Setting next_dagrun for example_python_decorator to None, run_after=None
[2025-04-10T13:52:12.335+0000] {processor.py:183} INFO - Processing /home/airflow/.local/lib/python3.12/site-packages/airflow/example_dags/example_python_decorator.py took 0.144 seconds
[2025-04-10T13:52:42.533+0000] {processor.py:161} INFO - Started process (PID=402) to work on /home/airflow/.local/lib/python3.12/site-packages/airflow/example_dags/example_python_decorator.py
[2025-04-10T13:52:42.534+0000] {processor.py:830} INFO - Processing file /home/airflow/.local/lib/python3.12/site-packages/airflow/example_dags/example_python_decorator.py for tasks to queue
[2025-04-10T13:52:42.537+0000] {logging_mixin.py:188} INFO - [2025-04-10T13:52:42.537+0000] {dagbag.py:540} INFO - Filling up the DagBag from /home/airflow/.local/lib/python3.12/site-packages/airflow/example_dags/example_python_decorator.py
[2025-04-10T13:52:42.560+0000] {processor.py:840} INFO - DAG(s) 'example_python_decorator' retrieved from /home/airflow/.local/lib/python3.12/site-packages/airflow/example_dags/example_python_decorator.py
[2025-04-10T13:52:42.599+0000] {logging_mixin.py:188} INFO - [2025-04-10T13:52:42.599+0000] {dag.py:3096} INFO - Sync 1 DAGs
[2025-04-10T13:52:42.625+0000] {logging_mixin.py:188} INFO - [2025-04-10T13:52:42.624+0000] {dag.py:3954} INFO - Setting next_dagrun for example_python_decorator to None, run_after=None
[2025-04-10T13:52:42.658+0000] {processor.py:183} INFO - Processing /home/airflow/.local/lib/python3.12/site-packages/airflow/example_dags/example_python_decorator.py took 0.134 seconds
[2025-04-10T13:53:12.965+0000] {processor.py:161} INFO - Started process (PID=460) to work on /home/airflow/.local/lib/python3.12/site-packages/airflow/example_dags/example_python_decorator.py
[2025-04-10T13:53:12.966+0000] {processor.py:830} INFO - Processing file /home/airflow/.local/lib/python3.12/site-packages/airflow/example_dags/example_python_decorator.py for tasks to queue
[2025-04-10T13:53:12.970+0000] {logging_mixin.py:188} INFO - [2025-04-10T13:53:12.969+0000] {dagbag.py:540} INFO - Filling up the DagBag from /home/airflow/.local/lib/python3.12/site-packages/airflow/example_dags/example_python_decorator.py
[2025-04-10T13:53:12.992+0000] {processor.py:840} INFO - DAG(s) 'example_python_decorator' retrieved from /home/airflow/.local/lib/python3.12/site-packages/airflow/example_dags/example_python_decorator.py
[2025-04-10T13:53:13.032+0000] {logging_mixin.py:188} INFO - [2025-04-10T13:53:13.032+0000] {dag.py:3096} INFO - Sync 1 DAGs
[2025-04-10T13:53:13.056+0000] {logging_mixin.py:188} INFO - [2025-04-10T13:53:13.056+0000] {dag.py:3954} INFO - Setting next_dagrun for example_python_decorator to None, run_after=None
[2025-04-10T13:53:13.089+0000] {processor.py:183} INFO - Processing /home/airflow/.local/lib/python3.12/site-packages/airflow/example_dags/example_python_decorator.py took 0.134 seconds
[2025-04-10T13:53:43.500+0000] {processor.py:161} INFO - Started process (PID=518) to work on /home/airflow/.local/lib/python3.12/site-packages/airflow/example_dags/example_python_decorator.py
[2025-04-10T13:53:43.502+0000] {processor.py:830} INFO - Processing file /home/airflow/.local/lib/python3.12/site-packages/airflow/example_dags/example_python_decorator.py for tasks to queue
[2025-04-10T13:53:43.505+0000] {logging_mixin.py:188} INFO - [2025-04-10T13:53:43.504+0000] {dagbag.py:540} INFO - Filling up the DagBag from /home/airflow/.local/lib/python3.12/site-packages/airflow/example_dags/example_python_decorator.py
[2025-04-10T13:53:43.527+0000] {processor.py:840} INFO - DAG(s) 'example_python_decorator' retrieved from /home/airflow/.local/lib/python3.12/site-packages/airflow/example_dags/example_python_decorator.py
[2025-04-10T13:53:43.566+0000] {logging_mixin.py:188} INFO - [2025-04-10T13:53:43.565+0000] {dag.py:3096} INFO - Sync 1 DAGs
[2025-04-10T13:53:43.591+0000] {logging_mixin.py:188} INFO - [2025-04-10T13:53:43.590+0000] {dag.py:3954} INFO - Setting next_dagrun for example_python_decorator to None, run_after=None
[2025-04-10T13:53:43.627+0000] {processor.py:183} INFO - Processing /home/airflow/.local/lib/python3.12/site-packages/airflow/example_dags/example_python_decorator.py took 0.136 seconds
[2025-04-10T13:54:13.798+0000] {processor.py:161} INFO - Started process (PID=576) to work on /home/airflow/.local/lib/python3.12/site-packages/airflow/example_dags/example_python_decorator.py
[2025-04-10T13:54:13.800+0000] {processor.py:830} INFO - Processing file /home/airflow/.local/lib/python3.12/site-packages/airflow/example_dags/example_python_decorator.py for tasks to queue
[2025-04-10T13:54:13.803+0000] {logging_mixin.py:188} INFO - [2025-04-10T13:54:13.803+0000] {dagbag.py:540} INFO - Filling up the DagBag from /home/airflow/.local/lib/python3.12/site-packages/airflow/example_dags/example_python_decorator.py
[2025-04-10T13:54:13.825+0000] {processor.py:840} INFO - DAG(s) 'example_python_decorator' retrieved from /home/airflow/.local/lib/python3.12/site-packages/airflow/example_dags/example_python_decorator.py
[2025-04-10T13:54:13.866+0000] {logging_mixin.py:188} INFO - [2025-04-10T13:54:13.866+0000] {dag.py:3096} INFO - Sync 1 DAGs
[2025-04-10T13:54:13.889+0000] {logging_mixin.py:188} INFO - [2025-04-10T13:54:13.889+0000] {dag.py:3954} INFO - Setting next_dagrun for example_python_decorator to None, run_after=None
[2025-04-10T13:54:13.922+0000] {processor.py:183} INFO - Processing /home/airflow/.local/lib/python3.12/site-packages/airflow/example_dags/example_python_decorator.py took 0.134 seconds
[2025-04-10T13:54:44.112+0000] {processor.py:161} INFO - Started process (PID=633) to work on /home/airflow/.local/lib/python3.12/site-packages/airflow/example_dags/example_python_decorator.py
[2025-04-10T13:54:44.114+0000] {processor.py:830} INFO - Processing file /home/airflow/.local/lib/python3.12/site-packages/airflow/example_dags/example_python_decorator.py for tasks to queue
[2025-04-10T13:54:44.117+0000] {logging_mixin.py:188} INFO - [2025-04-10T13:54:44.116+0000] {dagbag.py:540} INFO - Filling up the DagBag from /home/airflow/.local/lib/python3.12/site-packages/airflow/example_dags/example_python_decorator.py
[2025-04-10T13:54:44.140+0000] {processor.py:840} INFO - DAG(s) 'example_python_decorator' retrieved from /home/airflow/.local/lib/python3.12/site-packages/airflow/example_dags/example_python_decorator.py
[2025-04-10T13:54:44.181+0000] {logging_mixin.py:188} INFO - [2025-04-10T13:54:44.180+0000] {dag.py:3096} INFO - Sync 1 DAGs
[2025-04-10T13:54:44.208+0000] {logging_mixin.py:188} INFO - [2025-04-10T13:54:44.208+0000] {dag.py:3954} INFO - Setting next_dagrun for example_python_decorator to None, run_after=None
[2025-04-10T13:54:44.244+0000] {processor.py:183} INFO - Processing /home/airflow/.local/lib/python3.12/site-packages/airflow/example_dags/example_python_decorator.py took 0.144 seconds
[2025-04-10T13:55:14.408+0000] {processor.py:161} INFO - Started process (PID=693) to work on /home/airflow/.local/lib/python3.12/site-packages/airflow/example_dags/example_python_decorator.py
[2025-04-10T13:55:14.410+0000] {processor.py:830} INFO - Processing file /home/airflow/.local/lib/python3.12/site-packages/airflow/example_dags/example_python_decorator.py for tasks to queue
[2025-04-10T13:55:14.413+0000] {logging_mixin.py:188} INFO - [2025-04-10T13:55:14.413+0000] {dagbag.py:540} INFO - Filling up the DagBag from /home/airflow/.local/lib/python3.12/site-packages/airflow/example_dags/example_python_decorator.py
[2025-04-10T13:55:14.436+0000] {processor.py:840} INFO - DAG(s) 'example_python_decorator' retrieved from /home/airflow/.local/lib/python3.12/site-packages/airflow/example_dags/example_python_decorator.py
[2025-04-10T13:55:14.476+0000] {logging_mixin.py:188} INFO - [2025-04-10T13:55:14.475+0000] {dag.py:3096} INFO - Sync 1 DAGs
[2025-04-10T13:55:14.499+0000] {logging_mixin.py:188} INFO - [2025-04-10T13:55:14.499+0000] {dag.py:3954} INFO - Setting next_dagrun for example_python_decorator to None, run_after=None
[2025-04-10T13:55:14.534+0000] {processor.py:183} INFO - Processing /home/airflow/.local/lib/python3.12/site-packages/airflow/example_dags/example_python_decorator.py took 0.136 seconds
[2025-04-10T13:55:45.313+0000] {processor.py:161} INFO - Started process (PID=753) to work on /home/airflow/.local/lib/python3.12/site-packages/airflow/example_dags/example_python_decorator.py
[2025-04-10T13:55:45.315+0000] {processor.py:830} INFO - Processing file /home/airflow/.local/lib/python3.12/site-packages/airflow/example_dags/example_python_decorator.py for tasks to queue
[2025-04-10T13:55:45.318+0000] {logging_mixin.py:188} INFO - [2025-04-10T13:55:45.317+0000] {dagbag.py:540} INFO - Filling up the DagBag from /home/airflow/.local/lib/python3.12/site-packages/airflow/example_dags/example_python_decorator.py
[2025-04-10T13:55:45.341+0000] {processor.py:840} INFO - DAG(s) 'example_python_decorator' retrieved from /home/airflow/.local/lib/python3.12/site-packages/airflow/example_dags/example_python_decorator.py
[2025-04-10T13:55:45.383+0000] {logging_mixin.py:188} INFO - [2025-04-10T13:55:45.383+0000] {dag.py:3096} INFO - Sync 1 DAGs
[2025-04-10T13:55:45.409+0000] {logging_mixin.py:188} INFO - [2025-04-10T13:55:45.409+0000] {dag.py:3954} INFO - Setting next_dagrun for example_python_decorator to None, run_after=None
[2025-04-10T13:55:45.444+0000] {processor.py:183} INFO - Processing /home/airflow/.local/lib/python3.12/site-packages/airflow/example_dags/example_python_decorator.py took 0.142 seconds
[2025-04-10T13:56:16.287+0000] {processor.py:161} INFO - Started process (PID=813) to work on /home/airflow/.local/lib/python3.12/site-packages/airflow/example_dags/example_python_decorator.py
[2025-04-10T13:56:16.289+0000] {processor.py:830} INFO - Processing file /home/airflow/.local/lib/python3.12/site-packages/airflow/example_dags/example_python_decorator.py for tasks to queue
[2025-04-10T13:56:16.292+0000] {logging_mixin.py:188} INFO - [2025-04-10T13:56:16.292+0000] {dagbag.py:540} INFO - Filling up the DagBag from /home/airflow/.local/lib/python3.12/site-packages/airflow/example_dags/example_python_decorator.py
[2025-04-10T13:56:16.321+0000] {processor.py:840} INFO - DAG(s) 'example_python_decorator' retrieved from /home/airflow/.local/lib/python3.12/site-packages/airflow/example_dags/example_python_decorator.py
[2025-04-10T13:56:16.366+0000] {logging_mixin.py:188} INFO - [2025-04-10T13:56:16.366+0000] {dag.py:3096} INFO - Sync 1 DAGs
[2025-04-10T13:56:16.393+0000] {logging_mixin.py:188} INFO - [2025-04-10T13:56:16.392+0000] {dag.py:3954} INFO - Setting next_dagrun for example_python_decorator to None, run_after=None
[2025-04-10T13:56:16.431+0000] {processor.py:183} INFO - Processing /home/airflow/.local/lib/python3.12/site-packages/airflow/example_dags/example_python_decorator.py took 0.155 seconds
[2025-04-10T13:56:46.534+0000] {processor.py:161} INFO - Started process (PID=873) to work on /home/airflow/.local/lib/python3.12/site-packages/airflow/example_dags/example_python_decorator.py
[2025-04-10T13:56:46.536+0000] {processor.py:830} INFO - Processing file /home/airflow/.local/lib/python3.12/site-packages/airflow/example_dags/example_python_decorator.py for tasks to queue
[2025-04-10T13:56:46.539+0000] {logging_mixin.py:188} INFO - [2025-04-10T13:56:46.538+0000] {dagbag.py:540} INFO - Filling up the DagBag from /home/airflow/.local/lib/python3.12/site-packages/airflow/example_dags/example_python_decorator.py
[2025-04-10T13:56:46.561+0000] {processor.py:840} INFO - DAG(s) 'example_python_decorator' retrieved from /home/airflow/.local/lib/python3.12/site-packages/airflow/example_dags/example_python_decorator.py
[2025-04-10T13:56:46.601+0000] {logging_mixin.py:188} INFO - [2025-04-10T13:56:46.601+0000] {dag.py:3096} INFO - Sync 1 DAGs
[2025-04-10T13:56:46.625+0000] {logging_mixin.py:188} INFO - [2025-04-10T13:56:46.625+0000] {dag.py:3954} INFO - Setting next_dagrun for example_python_decorator to None, run_after=None
[2025-04-10T13:56:46.658+0000] {processor.py:183} INFO - Processing /home/airflow/.local/lib/python3.12/site-packages/airflow/example_dags/example_python_decorator.py took 0.134 seconds
[2025-04-10T13:57:16.810+0000] {processor.py:161} INFO - Started process (PID=933) to work on /home/airflow/.local/lib/python3.12/site-packages/airflow/example_dags/example_python_decorator.py
[2025-04-10T13:57:16.812+0000] {processor.py:830} INFO - Processing file /home/airflow/.local/lib/python3.12/site-packages/airflow/example_dags/example_python_decorator.py for tasks to queue
[2025-04-10T13:57:16.815+0000] {logging_mixin.py:188} INFO - [2025-04-10T13:57:16.814+0000] {dagbag.py:540} INFO - Filling up the DagBag from /home/airflow/.local/lib/python3.12/site-packages/airflow/example_dags/example_python_decorator.py
[2025-04-10T13:57:16.837+0000] {processor.py:840} INFO - DAG(s) 'example_python_decorator' retrieved from /home/airflow/.local/lib/python3.12/site-packages/airflow/example_dags/example_python_decorator.py
[2025-04-10T13:57:16.876+0000] {logging_mixin.py:188} INFO - [2025-04-10T13:57:16.876+0000] {dag.py:3096} INFO - Sync 1 DAGs
[2025-04-10T13:57:16.899+0000] {logging_mixin.py:188} INFO - [2025-04-10T13:57:16.899+0000] {dag.py:3954} INFO - Setting next_dagrun for example_python_decorator to None, run_after=None
[2025-04-10T13:57:16.932+0000] {processor.py:183} INFO - Processing /home/airflow/.local/lib/python3.12/site-packages/airflow/example_dags/example_python_decorator.py took 0.131 seconds
[2025-04-10T13:57:47.252+0000] {processor.py:161} INFO - Started process (PID=993) to work on /home/airflow/.local/lib/python3.12/site-packages/airflow/example_dags/example_python_decorator.py
[2025-04-10T13:57:47.253+0000] {processor.py:830} INFO - Processing file /home/airflow/.local/lib/python3.12/site-packages/airflow/example_dags/example_python_decorator.py for tasks to queue
[2025-04-10T13:57:47.257+0000] {logging_mixin.py:188} INFO - [2025-04-10T13:57:47.256+0000] {dagbag.py:540} INFO - Filling up the DagBag from /home/airflow/.local/lib/python3.12/site-packages/airflow/example_dags/example_python_decorator.py
[2025-04-10T13:57:47.282+0000] {processor.py:840} INFO - DAG(s) 'example_python_decorator' retrieved from /home/airflow/.local/lib/python3.12/site-packages/airflow/example_dags/example_python_decorator.py
[2025-04-10T13:57:47.330+0000] {logging_mixin.py:188} INFO - [2025-04-10T13:57:47.330+0000] {dag.py:3096} INFO - Sync 1 DAGs
[2025-04-10T13:57:47.368+0000] {logging_mixin.py:188} INFO - [2025-04-10T13:57:47.368+0000] {dag.py:3954} INFO - Setting next_dagrun for example_python_decorator to None, run_after=None
[2025-04-10T13:57:47.405+0000] {processor.py:183} INFO - Processing /home/airflow/.local/lib/python3.12/site-packages/airflow/example_dags/example_python_decorator.py took 0.164 seconds
[2025-04-10T13:58:18.211+0000] {processor.py:161} INFO - Started process (PID=1053) to work on /home/airflow/.local/lib/python3.12/site-packages/airflow/example_dags/example_python_decorator.py
[2025-04-10T13:58:18.213+0000] {processor.py:830} INFO - Processing file /home/airflow/.local/lib/python3.12/site-packages/airflow/example_dags/example_python_decorator.py for tasks to queue
[2025-04-10T13:58:18.216+0000] {logging_mixin.py:188} INFO - [2025-04-10T13:58:18.215+0000] {dagbag.py:540} INFO - Filling up the DagBag from /home/airflow/.local/lib/python3.12/site-packages/airflow/example_dags/example_python_decorator.py
[2025-04-10T13:58:18.239+0000] {processor.py:840} INFO - DAG(s) 'example_python_decorator' retrieved from /home/airflow/.local/lib/python3.12/site-packages/airflow/example_dags/example_python_decorator.py
[2025-04-10T13:58:18.279+0000] {logging_mixin.py:188} INFO - [2025-04-10T13:58:18.278+0000] {dag.py:3096} INFO - Sync 1 DAGs
[2025-04-10T13:58:18.302+0000] {logging_mixin.py:188} INFO - [2025-04-10T13:58:18.302+0000] {dag.py:3954} INFO - Setting next_dagrun for example_python_decorator to None, run_after=None
[2025-04-10T13:58:18.336+0000] {processor.py:183} INFO - Processing /home/airflow/.local/lib/python3.12/site-packages/airflow/example_dags/example_python_decorator.py took 0.135 seconds
[2025-04-10T13:58:48.623+0000] {processor.py:161} INFO - Started process (PID=1113) to work on /home/airflow/.local/lib/python3.12/site-packages/airflow/example_dags/example_python_decorator.py
[2025-04-10T13:58:48.624+0000] {processor.py:830} INFO - Processing file /home/airflow/.local/lib/python3.12/site-packages/airflow/example_dags/example_python_decorator.py for tasks to queue
[2025-04-10T13:58:48.627+0000] {logging_mixin.py:188} INFO - [2025-04-10T13:58:48.626+0000] {dagbag.py:540} INFO - Filling up the DagBag from /home/airflow/.local/lib/python3.12/site-packages/airflow/example_dags/example_python_decorator.py
[2025-04-10T13:58:48.649+0000] {processor.py:840} INFO - DAG(s) 'example_python_decorator' retrieved from /home/airflow/.local/lib/python3.12/site-packages/airflow/example_dags/example_python_decorator.py
[2025-04-10T13:58:48.693+0000] {logging_mixin.py:188} INFO - [2025-04-10T13:58:48.692+0000] {dag.py:3096} INFO - Sync 1 DAGs
[2025-04-10T13:58:48.717+0000] {logging_mixin.py:188} INFO - [2025-04-10T13:58:48.717+0000] {dag.py:3954} INFO - Setting next_dagrun for example_python_decorator to None, run_after=None
[2025-04-10T13:58:48.756+0000] {processor.py:183} INFO - Processing /home/airflow/.local/lib/python3.12/site-packages/airflow/example_dags/example_python_decorator.py took 0.143 seconds
[2025-04-10T13:59:19.518+0000] {processor.py:161} INFO - Started process (PID=1174) to work on /home/airflow/.local/lib/python3.12/site-packages/airflow/example_dags/example_python_decorator.py
[2025-04-10T13:59:19.521+0000] {processor.py:830} INFO - Processing file /home/airflow/.local/lib/python3.12/site-packages/airflow/example_dags/example_python_decorator.py for tasks to queue
[2025-04-10T13:59:19.525+0000] {logging_mixin.py:188} INFO - [2025-04-10T13:59:19.524+0000] {dagbag.py:540} INFO - Filling up the DagBag from /home/airflow/.local/lib/python3.12/site-packages/airflow/example_dags/example_python_decorator.py
[2025-04-10T13:59:19.564+0000] {processor.py:840} INFO - DAG(s) 'example_python_decorator' retrieved from /home/airflow/.local/lib/python3.12/site-packages/airflow/example_dags/example_python_decorator.py
[2025-04-10T13:59:19.646+0000] {logging_mixin.py:188} INFO - [2025-04-10T13:59:19.645+0000] {dag.py:3096} INFO - Sync 1 DAGs
[2025-04-10T13:59:19.709+0000] {logging_mixin.py:188} INFO - [2025-04-10T13:59:19.708+0000] {dag.py:3954} INFO - Setting next_dagrun for example_python_decorator to None, run_after=None
[2025-04-10T13:59:19.770+0000] {processor.py:183} INFO - Processing /home/airflow/.local/lib/python3.12/site-packages/airflow/example_dags/example_python_decorator.py took 0.266 seconds
[2025-04-10T13:59:51.348+0000] {processor.py:161} INFO - Started process (PID=1234) to work on /home/airflow/.local/lib/python3.12/site-packages/airflow/example_dags/example_python_decorator.py
[2025-04-10T13:59:51.350+0000] {processor.py:830} INFO - Processing file /home/airflow/.local/lib/python3.12/site-packages/airflow/example_dags/example_python_decorator.py for tasks to queue
[2025-04-10T13:59:51.353+0000] {logging_mixin.py:188} INFO - [2025-04-10T13:59:51.352+0000] {dagbag.py:540} INFO - Filling up the DagBag from /home/airflow/.local/lib/python3.12/site-packages/airflow/example_dags/example_python_decorator.py
[2025-04-10T13:59:51.374+0000] {processor.py:840} INFO - DAG(s) 'example_python_decorator' retrieved from /home/airflow/.local/lib/python3.12/site-packages/airflow/example_dags/example_python_decorator.py
[2025-04-10T13:59:51.414+0000] {logging_mixin.py:188} INFO - [2025-04-10T13:59:51.413+0000] {dag.py:3096} INFO - Sync 1 DAGs
[2025-04-10T13:59:51.631+0000] {logging_mixin.py:188} INFO - [2025-04-10T13:59:51.630+0000] {dag.py:3954} INFO - Setting next_dagrun for example_python_decorator to None, run_after=None
[2025-04-10T13:59:51.664+0000] {processor.py:183} INFO - Processing /home/airflow/.local/lib/python3.12/site-packages/airflow/example_dags/example_python_decorator.py took 0.326 seconds
[2025-04-10T14:00:21.756+0000] {processor.py:161} INFO - Started process (PID=1294) to work on /home/airflow/.local/lib/python3.12/site-packages/airflow/example_dags/example_python_decorator.py
[2025-04-10T14:00:21.758+0000] {processor.py:830} INFO - Processing file /home/airflow/.local/lib/python3.12/site-packages/airflow/example_dags/example_python_decorator.py for tasks to queue
[2025-04-10T14:00:21.762+0000] {logging_mixin.py:188} INFO - [2025-04-10T14:00:21.761+0000] {dagbag.py:540} INFO - Filling up the DagBag from /home/airflow/.local/lib/python3.12/site-packages/airflow/example_dags/example_python_decorator.py
[2025-04-10T14:00:21.784+0000] {processor.py:840} INFO - DAG(s) 'example_python_decorator' retrieved from /home/airflow/.local/lib/python3.12/site-packages/airflow/example_dags/example_python_decorator.py
[2025-04-10T14:00:21.826+0000] {logging_mixin.py:188} INFO - [2025-04-10T14:00:21.826+0000] {dag.py:3096} INFO - Sync 1 DAGs
[2025-04-10T14:00:21.851+0000] {logging_mixin.py:188} INFO - [2025-04-10T14:00:21.851+0000] {dag.py:3954} INFO - Setting next_dagrun for example_python_decorator to None, run_after=None
[2025-04-10T14:00:22.087+0000] {processor.py:183} INFO - Processing /home/airflow/.local/lib/python3.12/site-packages/airflow/example_dags/example_python_decorator.py took 0.341 seconds
[2025-04-10T14:00:52.249+0000] {processor.py:161} INFO - Started process (PID=1355) to work on /home/airflow/.local/lib/python3.12/site-packages/airflow/example_dags/example_python_decorator.py
[2025-04-10T14:00:52.251+0000] {processor.py:830} INFO - Processing file /home/airflow/.local/lib/python3.12/site-packages/airflow/example_dags/example_python_decorator.py for tasks to queue
[2025-04-10T14:00:52.255+0000] {logging_mixin.py:188} INFO - [2025-04-10T14:00:52.254+0000] {dagbag.py:540} INFO - Filling up the DagBag from /home/airflow/.local/lib/python3.12/site-packages/airflow/example_dags/example_python_decorator.py
[2025-04-10T14:00:52.280+0000] {processor.py:840} INFO - DAG(s) 'example_python_decorator' retrieved from /home/airflow/.local/lib/python3.12/site-packages/airflow/example_dags/example_python_decorator.py
[2025-04-10T14:00:52.320+0000] {logging_mixin.py:188} INFO - [2025-04-10T14:00:52.320+0000] {dag.py:3096} INFO - Sync 1 DAGs
[2025-04-10T14:00:52.344+0000] {logging_mixin.py:188} INFO - [2025-04-10T14:00:52.343+0000] {dag.py:3954} INFO - Setting next_dagrun for example_python_decorator to None, run_after=None
[2025-04-10T14:00:52.378+0000] {processor.py:183} INFO - Processing /home/airflow/.local/lib/python3.12/site-packages/airflow/example_dags/example_python_decorator.py took 0.141 seconds
[2025-04-10T14:01:22.924+0000] {processor.py:161} INFO - Started process (PID=1415) to work on /home/airflow/.local/lib/python3.12/site-packages/airflow/example_dags/example_python_decorator.py
[2025-04-10T14:01:22.925+0000] {processor.py:830} INFO - Processing file /home/airflow/.local/lib/python3.12/site-packages/airflow/example_dags/example_python_decorator.py for tasks to queue
[2025-04-10T14:01:22.928+0000] {logging_mixin.py:188} INFO - [2025-04-10T14:01:22.928+0000] {dagbag.py:540} INFO - Filling up the DagBag from /home/airflow/.local/lib/python3.12/site-packages/airflow/example_dags/example_python_decorator.py
[2025-04-10T14:01:22.951+0000] {processor.py:840} INFO - DAG(s) 'example_python_decorator' retrieved from /home/airflow/.local/lib/python3.12/site-packages/airflow/example_dags/example_python_decorator.py
[2025-04-10T14:01:22.993+0000] {logging_mixin.py:188} INFO - [2025-04-10T14:01:22.993+0000] {dag.py:3096} INFO - Sync 1 DAGs
[2025-04-10T14:01:23.016+0000] {logging_mixin.py:188} INFO - [2025-04-10T14:01:23.016+0000] {dag.py:3954} INFO - Setting next_dagrun for example_python_decorator to None, run_after=None
[2025-04-10T14:01:23.051+0000] {processor.py:183} INFO - Processing /home/airflow/.local/lib/python3.12/site-packages/airflow/example_dags/example_python_decorator.py took 0.137 seconds
[2025-04-10T14:01:53.511+0000] {processor.py:161} INFO - Started process (PID=1475) to work on /home/airflow/.local/lib/python3.12/site-packages/airflow/example_dags/example_python_decorator.py
[2025-04-10T14:01:53.513+0000] {processor.py:830} INFO - Processing file /home/airflow/.local/lib/python3.12/site-packages/airflow/example_dags/example_python_decorator.py for tasks to queue
[2025-04-10T14:01:53.517+0000] {logging_mixin.py:188} INFO - [2025-04-10T14:01:53.516+0000] {dagbag.py:540} INFO - Filling up the DagBag from /home/airflow/.local/lib/python3.12/site-packages/airflow/example_dags/example_python_decorator.py
[2025-04-10T14:01:53.544+0000] {processor.py:840} INFO - DAG(s) 'example_python_decorator' retrieved from /home/airflow/.local/lib/python3.12/site-packages/airflow/example_dags/example_python_decorator.py
[2025-04-10T14:01:53.591+0000] {logging_mixin.py:188} INFO - [2025-04-10T14:01:53.591+0000] {dag.py:3096} INFO - Sync 1 DAGs
[2025-04-10T14:01:53.620+0000] {logging_mixin.py:188} INFO - [2025-04-10T14:01:53.620+0000] {dag.py:3954} INFO - Setting next_dagrun for example_python_decorator to None, run_after=None
[2025-04-10T14:01:53.664+0000] {processor.py:183} INFO - Processing /home/airflow/.local/lib/python3.12/site-packages/airflow/example_dags/example_python_decorator.py took 0.164 seconds
[2025-04-10T14:02:24.255+0000] {processor.py:161} INFO - Started process (PID=1535) to work on /home/airflow/.local/lib/python3.12/site-packages/airflow/example_dags/example_python_decorator.py
[2025-04-10T14:02:24.256+0000] {processor.py:830} INFO - Processing file /home/airflow/.local/lib/python3.12/site-packages/airflow/example_dags/example_python_decorator.py for tasks to queue
[2025-04-10T14:02:24.259+0000] {logging_mixin.py:188} INFO - [2025-04-10T14:02:24.259+0000] {dagbag.py:540} INFO - Filling up the DagBag from /home/airflow/.local/lib/python3.12/site-packages/airflow/example_dags/example_python_decorator.py
[2025-04-10T14:02:24.284+0000] {processor.py:840} INFO - DAG(s) 'example_python_decorator' retrieved from /home/airflow/.local/lib/python3.12/site-packages/airflow/example_dags/example_python_decorator.py
[2025-04-10T14:02:24.324+0000] {logging_mixin.py:188} INFO - [2025-04-10T14:02:24.324+0000] {dag.py:3096} INFO - Sync 1 DAGs
[2025-04-10T14:02:24.348+0000] {logging_mixin.py:188} INFO - [2025-04-10T14:02:24.347+0000] {dag.py:3954} INFO - Setting next_dagrun for example_python_decorator to None, run_after=None
[2025-04-10T14:02:24.382+0000] {processor.py:183} INFO - Processing /home/airflow/.local/lib/python3.12/site-packages/airflow/example_dags/example_python_decorator.py took 0.140 seconds
[2025-04-10T14:02:54.519+0000] {processor.py:161} INFO - Started process (PID=1595) to work on /home/airflow/.local/lib/python3.12/site-packages/airflow/example_dags/example_python_decorator.py
[2025-04-10T14:02:54.520+0000] {processor.py:830} INFO - Processing file /home/airflow/.local/lib/python3.12/site-packages/airflow/example_dags/example_python_decorator.py for tasks to queue
[2025-04-10T14:02:54.523+0000] {logging_mixin.py:188} INFO - [2025-04-10T14:02:54.523+0000] {dagbag.py:540} INFO - Filling up the DagBag from /home/airflow/.local/lib/python3.12/site-packages/airflow/example_dags/example_python_decorator.py
[2025-04-10T14:02:54.546+0000] {processor.py:840} INFO - DAG(s) 'example_python_decorator' retrieved from /home/airflow/.local/lib/python3.12/site-packages/airflow/example_dags/example_python_decorator.py
[2025-04-10T14:02:54.589+0000] {logging_mixin.py:188} INFO - [2025-04-10T14:02:54.588+0000] {dag.py:3096} INFO - Sync 1 DAGs
[2025-04-10T14:02:54.614+0000] {logging_mixin.py:188} INFO - [2025-04-10T14:02:54.613+0000] {dag.py:3954} INFO - Setting next_dagrun for example_python_decorator to None, run_after=None
[2025-04-10T14:02:54.650+0000] {processor.py:183} INFO - Processing /home/airflow/.local/lib/python3.12/site-packages/airflow/example_dags/example_python_decorator.py took 0.143 seconds
[2025-04-10T14:03:25.327+0000] {processor.py:161} INFO - Started process (PID=1655) to work on /home/airflow/.local/lib/python3.12/site-packages/airflow/example_dags/example_python_decorator.py
[2025-04-10T14:03:25.329+0000] {processor.py:830} INFO - Processing file /home/airflow/.local/lib/python3.12/site-packages/airflow/example_dags/example_python_decorator.py for tasks to queue
[2025-04-10T14:03:25.331+0000] {logging_mixin.py:188} INFO - [2025-04-10T14:03:25.331+0000] {dagbag.py:540} INFO - Filling up the DagBag from /home/airflow/.local/lib/python3.12/site-packages/airflow/example_dags/example_python_decorator.py
[2025-04-10T14:03:25.353+0000] {processor.py:840} INFO - DAG(s) 'example_python_decorator' retrieved from /home/airflow/.local/lib/python3.12/site-packages/airflow/example_dags/example_python_decorator.py
[2025-04-10T14:03:25.393+0000] {logging_mixin.py:188} INFO - [2025-04-10T14:03:25.392+0000] {dag.py:3096} INFO - Sync 1 DAGs
[2025-04-10T14:03:25.417+0000] {logging_mixin.py:188} INFO - [2025-04-10T14:03:25.417+0000] {dag.py:3954} INFO - Setting next_dagrun for example_python_decorator to None, run_after=None
[2025-04-10T14:03:25.451+0000] {processor.py:183} INFO - Processing /home/airflow/.local/lib/python3.12/site-packages/airflow/example_dags/example_python_decorator.py took 0.134 seconds
[2025-04-10T14:03:55.855+0000] {processor.py:161} INFO - Started process (PID=1715) to work on /home/airflow/.local/lib/python3.12/site-packages/airflow/example_dags/example_python_decorator.py
[2025-04-10T14:03:55.856+0000] {processor.py:830} INFO - Processing file /home/airflow/.local/lib/python3.12/site-packages/airflow/example_dags/example_python_decorator.py for tasks to queue
[2025-04-10T14:03:55.859+0000] {logging_mixin.py:188} INFO - [2025-04-10T14:03:55.859+0000] {dagbag.py:540} INFO - Filling up the DagBag from /home/airflow/.local/lib/python3.12/site-packages/airflow/example_dags/example_python_decorator.py
[2025-04-10T14:03:55.881+0000] {processor.py:840} INFO - DAG(s) 'example_python_decorator' retrieved from /home/airflow/.local/lib/python3.12/site-packages/airflow/example_dags/example_python_decorator.py
[2025-04-10T14:03:55.923+0000] {logging_mixin.py:188} INFO - [2025-04-10T14:03:55.923+0000] {dag.py:3096} INFO - Sync 1 DAGs
[2025-04-10T14:03:55.947+0000] {logging_mixin.py:188} INFO - [2025-04-10T14:03:55.946+0000] {dag.py:3954} INFO - Setting next_dagrun for example_python_decorator to None, run_after=None
[2025-04-10T14:03:55.988+0000] {processor.py:183} INFO - Processing /home/airflow/.local/lib/python3.12/site-packages/airflow/example_dags/example_python_decorator.py took 0.143 seconds
[2025-04-10T14:04:26.655+0000] {processor.py:161} INFO - Started process (PID=1776) to work on /home/airflow/.local/lib/python3.12/site-packages/airflow/example_dags/example_python_decorator.py
[2025-04-10T14:04:26.657+0000] {processor.py:830} INFO - Processing file /home/airflow/.local/lib/python3.12/site-packages/airflow/example_dags/example_python_decorator.py for tasks to queue
[2025-04-10T14:04:26.660+0000] {logging_mixin.py:188} INFO - [2025-04-10T14:04:26.660+0000] {dagbag.py:540} INFO - Filling up the DagBag from /home/airflow/.local/lib/python3.12/site-packages/airflow/example_dags/example_python_decorator.py
[2025-04-10T14:04:26.684+0000] {processor.py:840} INFO - DAG(s) 'example_python_decorator' retrieved from /home/airflow/.local/lib/python3.12/site-packages/airflow/example_dags/example_python_decorator.py
[2025-04-10T14:04:26.725+0000] {logging_mixin.py:188} INFO - [2025-04-10T14:04:26.725+0000] {dag.py:3096} INFO - Sync 1 DAGs
[2025-04-10T14:04:26.749+0000] {logging_mixin.py:188} INFO - [2025-04-10T14:04:26.748+0000] {dag.py:3954} INFO - Setting next_dagrun for example_python_decorator to None, run_after=None
[2025-04-10T14:04:26.782+0000] {processor.py:183} INFO - Processing /home/airflow/.local/lib/python3.12/site-packages/airflow/example_dags/example_python_decorator.py took 0.137 seconds
[2025-04-10T14:04:57.296+0000] {processor.py:161} INFO - Started process (PID=1836) to work on /home/airflow/.local/lib/python3.12/site-packages/airflow/example_dags/example_python_decorator.py
[2025-04-10T14:04:57.297+0000] {processor.py:830} INFO - Processing file /home/airflow/.local/lib/python3.12/site-packages/airflow/example_dags/example_python_decorator.py for tasks to queue
[2025-04-10T14:04:57.300+0000] {logging_mixin.py:188} INFO - [2025-04-10T14:04:57.300+0000] {dagbag.py:540} INFO - Filling up the DagBag from /home/airflow/.local/lib/python3.12/site-packages/airflow/example_dags/example_python_decorator.py
[2025-04-10T14:04:57.323+0000] {processor.py:840} INFO - DAG(s) 'example_python_decorator' retrieved from /home/airflow/.local/lib/python3.12/site-packages/airflow/example_dags/example_python_decorator.py
[2025-04-10T14:04:57.366+0000] {logging_mixin.py:188} INFO - [2025-04-10T14:04:57.365+0000] {dag.py:3096} INFO - Sync 1 DAGs
[2025-04-10T14:04:57.389+0000] {logging_mixin.py:188} INFO - [2025-04-10T14:04:57.389+0000] {dag.py:3954} INFO - Setting next_dagrun for example_python_decorator to None, run_after=None
[2025-04-10T14:04:57.424+0000] {processor.py:183} INFO - Processing /home/airflow/.local/lib/python3.12/site-packages/airflow/example_dags/example_python_decorator.py took 0.140 seconds
[2025-04-10T14:05:27.825+0000] {processor.py:161} INFO - Started process (PID=1896) to work on /home/airflow/.local/lib/python3.12/site-packages/airflow/example_dags/example_python_decorator.py
[2025-04-10T14:05:27.827+0000] {processor.py:830} INFO - Processing file /home/airflow/.local/lib/python3.12/site-packages/airflow/example_dags/example_python_decorator.py for tasks to queue
[2025-04-10T14:05:27.831+0000] {logging_mixin.py:188} INFO - [2025-04-10T14:05:27.830+0000] {dagbag.py:540} INFO - Filling up the DagBag from /home/airflow/.local/lib/python3.12/site-packages/airflow/example_dags/example_python_decorator.py
[2025-04-10T14:05:27.854+0000] {processor.py:840} INFO - DAG(s) 'example_python_decorator' retrieved from /home/airflow/.local/lib/python3.12/site-packages/airflow/example_dags/example_python_decorator.py
[2025-04-10T14:05:27.895+0000] {logging_mixin.py:188} INFO - [2025-04-10T14:05:27.895+0000] {dag.py:3096} INFO - Sync 1 DAGs
[2025-04-10T14:05:27.918+0000] {logging_mixin.py:188} INFO - [2025-04-10T14:05:27.918+0000] {dag.py:3954} INFO - Setting next_dagrun for example_python_decorator to None, run_after=None
[2025-04-10T14:05:27.952+0000] {processor.py:183} INFO - Processing /home/airflow/.local/lib/python3.12/site-packages/airflow/example_dags/example_python_decorator.py took 0.137 seconds
[2025-04-10T14:05:58.668+0000] {processor.py:161} INFO - Started process (PID=1956) to work on /home/airflow/.local/lib/python3.12/site-packages/airflow/example_dags/example_python_decorator.py
[2025-04-10T14:05:58.670+0000] {processor.py:830} INFO - Processing file /home/airflow/.local/lib/python3.12/site-packages/airflow/example_dags/example_python_decorator.py for tasks to queue
[2025-04-10T14:05:58.673+0000] {logging_mixin.py:188} INFO - [2025-04-10T14:05:58.672+0000] {dagbag.py:540} INFO - Filling up the DagBag from /home/airflow/.local/lib/python3.12/site-packages/airflow/example_dags/example_python_decorator.py
[2025-04-10T14:05:58.696+0000] {processor.py:840} INFO - DAG(s) 'example_python_decorator' retrieved from /home/airflow/.local/lib/python3.12/site-packages/airflow/example_dags/example_python_decorator.py
[2025-04-10T14:05:58.736+0000] {logging_mixin.py:188} INFO - [2025-04-10T14:05:58.736+0000] {dag.py:3096} INFO - Sync 1 DAGs
[2025-04-10T14:05:58.760+0000] {logging_mixin.py:188} INFO - [2025-04-10T14:05:58.759+0000] {dag.py:3954} INFO - Setting next_dagrun for example_python_decorator to None, run_after=None
[2025-04-10T14:05:58.795+0000] {processor.py:183} INFO - Processing /home/airflow/.local/lib/python3.12/site-packages/airflow/example_dags/example_python_decorator.py took 0.137 seconds
[2025-04-10T14:06:29.164+0000] {processor.py:161} INFO - Started process (PID=2016) to work on /home/airflow/.local/lib/python3.12/site-packages/airflow/example_dags/example_python_decorator.py
[2025-04-10T14:06:29.166+0000] {processor.py:830} INFO - Processing file /home/airflow/.local/lib/python3.12/site-packages/airflow/example_dags/example_python_decorator.py for tasks to queue
[2025-04-10T14:06:29.169+0000] {logging_mixin.py:188} INFO - [2025-04-10T14:06:29.168+0000] {dagbag.py:540} INFO - Filling up the DagBag from /home/airflow/.local/lib/python3.12/site-packages/airflow/example_dags/example_python_decorator.py
[2025-04-10T14:06:29.192+0000] {processor.py:840} INFO - DAG(s) 'example_python_decorator' retrieved from /home/airflow/.local/lib/python3.12/site-packages/airflow/example_dags/example_python_decorator.py
[2025-04-10T14:06:29.237+0000] {logging_mixin.py:188} INFO - [2025-04-10T14:06:29.237+0000] {dag.py:3096} INFO - Sync 1 DAGs
[2025-04-10T14:06:29.261+0000] {logging_mixin.py:188} INFO - [2025-04-10T14:06:29.261+0000] {dag.py:3954} INFO - Setting next_dagrun for example_python_decorator to None, run_after=None
[2025-04-10T14:06:29.295+0000] {processor.py:183} INFO - Processing /home/airflow/.local/lib/python3.12/site-packages/airflow/example_dags/example_python_decorator.py took 0.140 seconds
[2025-04-10T14:07:00.129+0000] {processor.py:161} INFO - Started process (PID=2082) to work on /home/airflow/.local/lib/python3.12/site-packages/airflow/example_dags/example_python_decorator.py
[2025-04-10T14:07:00.131+0000] {processor.py:830} INFO - Processing file /home/airflow/.local/lib/python3.12/site-packages/airflow/example_dags/example_python_decorator.py for tasks to queue
[2025-04-10T14:07:00.134+0000] {logging_mixin.py:188} INFO - [2025-04-10T14:07:00.133+0000] {dagbag.py:540} INFO - Filling up the DagBag from /home/airflow/.local/lib/python3.12/site-packages/airflow/example_dags/example_python_decorator.py
[2025-04-10T14:07:00.165+0000] {processor.py:840} INFO - DAG(s) 'example_python_decorator' retrieved from /home/airflow/.local/lib/python3.12/site-packages/airflow/example_dags/example_python_decorator.py
[2025-04-10T14:07:00.207+0000] {logging_mixin.py:188} INFO - [2025-04-10T14:07:00.207+0000] {dag.py:3096} INFO - Sync 1 DAGs
[2025-04-10T14:07:00.233+0000] {logging_mixin.py:188} INFO - [2025-04-10T14:07:00.232+0000] {dag.py:3954} INFO - Setting next_dagrun for example_python_decorator to None, run_after=None
[2025-04-10T14:07:00.267+0000] {processor.py:183} INFO - Processing /home/airflow/.local/lib/python3.12/site-packages/airflow/example_dags/example_python_decorator.py took 0.149 seconds
[2025-04-10T14:07:30.676+0000] {processor.py:161} INFO - Started process (PID=2142) to work on /home/airflow/.local/lib/python3.12/site-packages/airflow/example_dags/example_python_decorator.py
[2025-04-10T14:07:30.677+0000] {processor.py:830} INFO - Processing file /home/airflow/.local/lib/python3.12/site-packages/airflow/example_dags/example_python_decorator.py for tasks to queue
[2025-04-10T14:07:30.681+0000] {logging_mixin.py:188} INFO - [2025-04-10T14:07:30.680+0000] {dagbag.py:540} INFO - Filling up the DagBag from /home/airflow/.local/lib/python3.12/site-packages/airflow/example_dags/example_python_decorator.py
[2025-04-10T14:07:30.702+0000] {processor.py:840} INFO - DAG(s) 'example_python_decorator' retrieved from /home/airflow/.local/lib/python3.12/site-packages/airflow/example_dags/example_python_decorator.py
[2025-04-10T14:07:30.744+0000] {logging_mixin.py:188} INFO - [2025-04-10T14:07:30.743+0000] {dag.py:3096} INFO - Sync 1 DAGs
[2025-04-10T14:07:30.769+0000] {logging_mixin.py:188} INFO - [2025-04-10T14:07:30.768+0000] {dag.py:3954} INFO - Setting next_dagrun for example_python_decorator to None, run_after=None
[2025-04-10T14:07:30.807+0000] {processor.py:183} INFO - Processing /home/airflow/.local/lib/python3.12/site-packages/airflow/example_dags/example_python_decorator.py took 0.141 seconds
[2025-04-10T14:08:01.382+0000] {processor.py:161} INFO - Started process (PID=2202) to work on /home/airflow/.local/lib/python3.12/site-packages/airflow/example_dags/example_python_decorator.py
[2025-04-10T14:08:01.384+0000] {processor.py:830} INFO - Processing file /home/airflow/.local/lib/python3.12/site-packages/airflow/example_dags/example_python_decorator.py for tasks to queue
[2025-04-10T14:08:01.387+0000] {logging_mixin.py:188} INFO - [2025-04-10T14:08:01.387+0000] {dagbag.py:540} INFO - Filling up the DagBag from /home/airflow/.local/lib/python3.12/site-packages/airflow/example_dags/example_python_decorator.py
[2025-04-10T14:08:01.411+0000] {processor.py:840} INFO - DAG(s) 'example_python_decorator' retrieved from /home/airflow/.local/lib/python3.12/site-packages/airflow/example_dags/example_python_decorator.py
[2025-04-10T14:08:01.450+0000] {logging_mixin.py:188} INFO - [2025-04-10T14:08:01.449+0000] {dag.py:3096} INFO - Sync 1 DAGs
[2025-04-10T14:08:01.472+0000] {logging_mixin.py:188} INFO - [2025-04-10T14:08:01.472+0000] {dag.py:3954} INFO - Setting next_dagrun for example_python_decorator to None, run_after=None
[2025-04-10T14:08:01.506+0000] {processor.py:183} INFO - Processing /home/airflow/.local/lib/python3.12/site-packages/airflow/example_dags/example_python_decorator.py took 0.134 seconds
[2025-04-10T14:08:31.890+0000] {processor.py:161} INFO - Started process (PID=2262) to work on /home/airflow/.local/lib/python3.12/site-packages/airflow/example_dags/example_python_decorator.py
[2025-04-10T14:08:31.891+0000] {processor.py:830} INFO - Processing file /home/airflow/.local/lib/python3.12/site-packages/airflow/example_dags/example_python_decorator.py for tasks to queue
[2025-04-10T14:08:31.894+0000] {logging_mixin.py:188} INFO - [2025-04-10T14:08:31.893+0000] {dagbag.py:540} INFO - Filling up the DagBag from /home/airflow/.local/lib/python3.12/site-packages/airflow/example_dags/example_python_decorator.py
[2025-04-10T14:08:31.916+0000] {processor.py:840} INFO - DAG(s) 'example_python_decorator' retrieved from /home/airflow/.local/lib/python3.12/site-packages/airflow/example_dags/example_python_decorator.py
[2025-04-10T14:08:31.956+0000] {logging_mixin.py:188} INFO - [2025-04-10T14:08:31.956+0000] {dag.py:3096} INFO - Sync 1 DAGs
[2025-04-10T14:08:31.980+0000] {logging_mixin.py:188} INFO - [2025-04-10T14:08:31.979+0000] {dag.py:3954} INFO - Setting next_dagrun for example_python_decorator to None, run_after=None
[2025-04-10T14:08:32.014+0000] {processor.py:183} INFO - Processing /home/airflow/.local/lib/python3.12/site-packages/airflow/example_dags/example_python_decorator.py took 0.135 seconds
[2025-04-10T14:09:02.269+0000] {processor.py:161} INFO - Started process (PID=2322) to work on /home/airflow/.local/lib/python3.12/site-packages/airflow/example_dags/example_python_decorator.py
[2025-04-10T14:09:02.270+0000] {processor.py:830} INFO - Processing file /home/airflow/.local/lib/python3.12/site-packages/airflow/example_dags/example_python_decorator.py for tasks to queue
[2025-04-10T14:09:02.273+0000] {logging_mixin.py:188} INFO - [2025-04-10T14:09:02.273+0000] {dagbag.py:540} INFO - Filling up the DagBag from /home/airflow/.local/lib/python3.12/site-packages/airflow/example_dags/example_python_decorator.py
[2025-04-10T14:09:02.295+0000] {processor.py:840} INFO - DAG(s) 'example_python_decorator' retrieved from /home/airflow/.local/lib/python3.12/site-packages/airflow/example_dags/example_python_decorator.py
[2025-04-10T14:09:02.340+0000] {logging_mixin.py:188} INFO - [2025-04-10T14:09:02.340+0000] {dag.py:3096} INFO - Sync 1 DAGs
[2025-04-10T14:09:02.368+0000] {logging_mixin.py:188} INFO - [2025-04-10T14:09:02.368+0000] {dag.py:3954} INFO - Setting next_dagrun for example_python_decorator to None, run_after=None
[2025-04-10T14:09:02.407+0000] {processor.py:183} INFO - Processing /home/airflow/.local/lib/python3.12/site-packages/airflow/example_dags/example_python_decorator.py took 0.148 seconds
[2025-04-10T14:09:32.567+0000] {processor.py:161} INFO - Started process (PID=2380) to work on /home/airflow/.local/lib/python3.12/site-packages/airflow/example_dags/example_python_decorator.py
[2025-04-10T14:09:32.568+0000] {processor.py:830} INFO - Processing file /home/airflow/.local/lib/python3.12/site-packages/airflow/example_dags/example_python_decorator.py for tasks to queue
[2025-04-10T14:09:32.571+0000] {logging_mixin.py:188} INFO - [2025-04-10T14:09:32.571+0000] {dagbag.py:540} INFO - Filling up the DagBag from /home/airflow/.local/lib/python3.12/site-packages/airflow/example_dags/example_python_decorator.py
[2025-04-10T14:09:32.594+0000] {processor.py:840} INFO - DAG(s) 'example_python_decorator' retrieved from /home/airflow/.local/lib/python3.12/site-packages/airflow/example_dags/example_python_decorator.py
[2025-04-10T14:09:32.637+0000] {logging_mixin.py:188} INFO - [2025-04-10T14:09:32.637+0000] {dag.py:3096} INFO - Sync 1 DAGs
[2025-04-10T14:09:32.661+0000] {logging_mixin.py:188} INFO - [2025-04-10T14:09:32.661+0000] {dag.py:3954} INFO - Setting next_dagrun for example_python_decorator to None, run_after=None
[2025-04-10T14:09:32.696+0000] {processor.py:183} INFO - Processing /home/airflow/.local/lib/python3.12/site-packages/airflow/example_dags/example_python_decorator.py took 0.139 seconds
[2025-04-10T14:10:03.554+0000] {processor.py:161} INFO - Started process (PID=2440) to work on /home/airflow/.local/lib/python3.12/site-packages/airflow/example_dags/example_python_decorator.py
[2025-04-10T14:10:03.555+0000] {processor.py:830} INFO - Processing file /home/airflow/.local/lib/python3.12/site-packages/airflow/example_dags/example_python_decorator.py for tasks to queue
[2025-04-10T14:10:03.558+0000] {logging_mixin.py:188} INFO - [2025-04-10T14:10:03.558+0000] {dagbag.py:540} INFO - Filling up the DagBag from /home/airflow/.local/lib/python3.12/site-packages/airflow/example_dags/example_python_decorator.py
[2025-04-10T14:10:03.580+0000] {processor.py:840} INFO - DAG(s) 'example_python_decorator' retrieved from /home/airflow/.local/lib/python3.12/site-packages/airflow/example_dags/example_python_decorator.py
[2025-04-10T14:10:03.618+0000] {logging_mixin.py:188} INFO - [2025-04-10T14:10:03.618+0000] {dag.py:3096} INFO - Sync 1 DAGs
[2025-04-10T14:10:03.641+0000] {logging_mixin.py:188} INFO - [2025-04-10T14:10:03.640+0000] {dag.py:3954} INFO - Setting next_dagrun for example_python_decorator to None, run_after=None
[2025-04-10T14:10:03.674+0000] {processor.py:183} INFO - Processing /home/airflow/.local/lib/python3.12/site-packages/airflow/example_dags/example_python_decorator.py took 0.129 seconds
[2025-04-10T14:10:33.937+0000] {processor.py:161} INFO - Started process (PID=2500) to work on /home/airflow/.local/lib/python3.12/site-packages/airflow/example_dags/example_python_decorator.py
[2025-04-10T14:10:33.938+0000] {processor.py:830} INFO - Processing file /home/airflow/.local/lib/python3.12/site-packages/airflow/example_dags/example_python_decorator.py for tasks to queue
[2025-04-10T14:10:33.942+0000] {logging_mixin.py:188} INFO - [2025-04-10T14:10:33.941+0000] {dagbag.py:540} INFO - Filling up the DagBag from /home/airflow/.local/lib/python3.12/site-packages/airflow/example_dags/example_python_decorator.py
[2025-04-10T14:10:33.965+0000] {processor.py:840} INFO - DAG(s) 'example_python_decorator' retrieved from /home/airflow/.local/lib/python3.12/site-packages/airflow/example_dags/example_python_decorator.py
[2025-04-10T14:10:34.004+0000] {logging_mixin.py:188} INFO - [2025-04-10T14:10:34.004+0000] {dag.py:3096} INFO - Sync 1 DAGs
[2025-04-10T14:10:34.028+0000] {logging_mixin.py:188} INFO - [2025-04-10T14:10:34.028+0000] {dag.py:3954} INFO - Setting next_dagrun for example_python_decorator to None, run_after=None
[2025-04-10T14:10:34.062+0000] {processor.py:183} INFO - Processing /home/airflow/.local/lib/python3.12/site-packages/airflow/example_dags/example_python_decorator.py took 0.135 seconds
[2025-04-10T14:11:04.528+0000] {processor.py:161} INFO - Started process (PID=2560) to work on /home/airflow/.local/lib/python3.12/site-packages/airflow/example_dags/example_python_decorator.py
[2025-04-10T14:11:04.530+0000] {processor.py:830} INFO - Processing file /home/airflow/.local/lib/python3.12/site-packages/airflow/example_dags/example_python_decorator.py for tasks to queue
[2025-04-10T14:11:04.533+0000] {logging_mixin.py:188} INFO - [2025-04-10T14:11:04.532+0000] {dagbag.py:540} INFO - Filling up the DagBag from /home/airflow/.local/lib/python3.12/site-packages/airflow/example_dags/example_python_decorator.py
[2025-04-10T14:11:04.554+0000] {processor.py:840} INFO - DAG(s) 'example_python_decorator' retrieved from /home/airflow/.local/lib/python3.12/site-packages/airflow/example_dags/example_python_decorator.py
[2025-04-10T14:11:04.595+0000] {logging_mixin.py:188} INFO - [2025-04-10T14:11:04.594+0000] {dag.py:3096} INFO - Sync 1 DAGs
[2025-04-10T14:11:04.618+0000] {logging_mixin.py:188} INFO - [2025-04-10T14:11:04.617+0000] {dag.py:3954} INFO - Setting next_dagrun for example_python_decorator to None, run_after=None
[2025-04-10T14:11:04.652+0000] {processor.py:183} INFO - Processing /home/airflow/.local/lib/python3.12/site-packages/airflow/example_dags/example_python_decorator.py took 0.133 seconds
[2025-04-10T14:11:34.965+0000] {processor.py:161} INFO - Started process (PID=2620) to work on /home/airflow/.local/lib/python3.12/site-packages/airflow/example_dags/example_python_decorator.py
[2025-04-10T14:11:34.967+0000] {processor.py:830} INFO - Processing file /home/airflow/.local/lib/python3.12/site-packages/airflow/example_dags/example_python_decorator.py for tasks to queue
[2025-04-10T14:11:34.969+0000] {logging_mixin.py:188} INFO - [2025-04-10T14:11:34.969+0000] {dagbag.py:540} INFO - Filling up the DagBag from /home/airflow/.local/lib/python3.12/site-packages/airflow/example_dags/example_python_decorator.py
[2025-04-10T14:11:34.992+0000] {processor.py:840} INFO - DAG(s) 'example_python_decorator' retrieved from /home/airflow/.local/lib/python3.12/site-packages/airflow/example_dags/example_python_decorator.py
[2025-04-10T14:11:35.032+0000] {logging_mixin.py:188} INFO - [2025-04-10T14:11:35.032+0000] {dag.py:3096} INFO - Sync 1 DAGs
[2025-04-10T14:11:35.056+0000] {logging_mixin.py:188} INFO - [2025-04-10T14:11:35.056+0000] {dag.py:3954} INFO - Setting next_dagrun for example_python_decorator to None, run_after=None
[2025-04-10T14:11:35.088+0000] {processor.py:183} INFO - Processing /home/airflow/.local/lib/python3.12/site-packages/airflow/example_dags/example_python_decorator.py took 0.133 seconds
[2025-04-10T14:12:06.086+0000] {processor.py:161} INFO - Started process (PID=2680) to work on /home/airflow/.local/lib/python3.12/site-packages/airflow/example_dags/example_python_decorator.py
[2025-04-10T14:12:06.088+0000] {processor.py:830} INFO - Processing file /home/airflow/.local/lib/python3.12/site-packages/airflow/example_dags/example_python_decorator.py for tasks to queue
[2025-04-10T14:12:06.091+0000] {logging_mixin.py:188} INFO - [2025-04-10T14:12:06.090+0000] {dagbag.py:540} INFO - Filling up the DagBag from /home/airflow/.local/lib/python3.12/site-packages/airflow/example_dags/example_python_decorator.py
[2025-04-10T14:12:06.113+0000] {processor.py:840} INFO - DAG(s) 'example_python_decorator' retrieved from /home/airflow/.local/lib/python3.12/site-packages/airflow/example_dags/example_python_decorator.py
[2025-04-10T14:12:06.152+0000] {logging_mixin.py:188} INFO - [2025-04-10T14:12:06.152+0000] {dag.py:3096} INFO - Sync 1 DAGs
[2025-04-10T14:12:06.175+0000] {logging_mixin.py:188} INFO - [2025-04-10T14:12:06.174+0000] {dag.py:3954} INFO - Setting next_dagrun for example_python_decorator to None, run_after=None
[2025-04-10T14:12:06.209+0000] {processor.py:183} INFO - Processing /home/airflow/.local/lib/python3.12/site-packages/airflow/example_dags/example_python_decorator.py took 0.132 seconds
[2025-04-10T14:12:37.244+0000] {processor.py:161} INFO - Started process (PID=2740) to work on /home/airflow/.local/lib/python3.12/site-packages/airflow/example_dags/example_python_decorator.py
[2025-04-10T14:12:37.245+0000] {processor.py:830} INFO - Processing file /home/airflow/.local/lib/python3.12/site-packages/airflow/example_dags/example_python_decorator.py for tasks to queue
[2025-04-10T14:12:37.249+0000] {logging_mixin.py:188} INFO - [2025-04-10T14:12:37.248+0000] {dagbag.py:540} INFO - Filling up the DagBag from /home/airflow/.local/lib/python3.12/site-packages/airflow/example_dags/example_python_decorator.py
[2025-04-10T14:12:37.272+0000] {processor.py:840} INFO - DAG(s) 'example_python_decorator' retrieved from /home/airflow/.local/lib/python3.12/site-packages/airflow/example_dags/example_python_decorator.py
[2025-04-10T14:12:37.313+0000] {logging_mixin.py:188} INFO - [2025-04-10T14:12:37.312+0000] {dag.py:3096} INFO - Sync 1 DAGs
[2025-04-10T14:12:37.338+0000] {logging_mixin.py:188} INFO - [2025-04-10T14:12:37.338+0000] {dag.py:3954} INFO - Setting next_dagrun for example_python_decorator to None, run_after=None
[2025-04-10T14:12:37.373+0000] {processor.py:183} INFO - Processing /home/airflow/.local/lib/python3.12/site-packages/airflow/example_dags/example_python_decorator.py took 0.139 seconds
[2025-04-10T14:13:08.035+0000] {processor.py:161} INFO - Started process (PID=2800) to work on /home/airflow/.local/lib/python3.12/site-packages/airflow/example_dags/example_python_decorator.py
[2025-04-10T14:13:08.037+0000] {processor.py:830} INFO - Processing file /home/airflow/.local/lib/python3.12/site-packages/airflow/example_dags/example_python_decorator.py for tasks to queue
[2025-04-10T14:13:08.040+0000] {logging_mixin.py:188} INFO - [2025-04-10T14:13:08.040+0000] {dagbag.py:540} INFO - Filling up the DagBag from /home/airflow/.local/lib/python3.12/site-packages/airflow/example_dags/example_python_decorator.py
[2025-04-10T14:13:08.063+0000] {processor.py:840} INFO - DAG(s) 'example_python_decorator' retrieved from /home/airflow/.local/lib/python3.12/site-packages/airflow/example_dags/example_python_decorator.py
[2025-04-10T14:13:08.105+0000] {logging_mixin.py:188} INFO - [2025-04-10T14:13:08.105+0000] {dag.py:3096} INFO - Sync 1 DAGs
[2025-04-10T14:13:08.128+0000] {logging_mixin.py:188} INFO - [2025-04-10T14:13:08.128+0000] {dag.py:3954} INFO - Setting next_dagrun for example_python_decorator to None, run_after=None
[2025-04-10T14:13:08.162+0000] {processor.py:183} INFO - Processing /home/airflow/.local/lib/python3.12/site-packages/airflow/example_dags/example_python_decorator.py took 0.137 seconds
[2025-04-10T14:13:38.680+0000] {processor.py:161} INFO - Started process (PID=2860) to work on /home/airflow/.local/lib/python3.12/site-packages/airflow/example_dags/example_python_decorator.py
[2025-04-10T14:13:38.682+0000] {processor.py:830} INFO - Processing file /home/airflow/.local/lib/python3.12/site-packages/airflow/example_dags/example_python_decorator.py for tasks to queue
[2025-04-10T14:13:38.685+0000] {logging_mixin.py:188} INFO - [2025-04-10T14:13:38.685+0000] {dagbag.py:540} INFO - Filling up the DagBag from /home/airflow/.local/lib/python3.12/site-packages/airflow/example_dags/example_python_decorator.py
[2025-04-10T14:13:38.708+0000] {processor.py:840} INFO - DAG(s) 'example_python_decorator' retrieved from /home/airflow/.local/lib/python3.12/site-packages/airflow/example_dags/example_python_decorator.py
[2025-04-10T14:13:38.749+0000] {logging_mixin.py:188} INFO - [2025-04-10T14:13:38.748+0000] {dag.py:3096} INFO - Sync 1 DAGs
[2025-04-10T14:13:38.772+0000] {logging_mixin.py:188} INFO - [2025-04-10T14:13:38.772+0000] {dag.py:3954} INFO - Setting next_dagrun for example_python_decorator to None, run_after=None
[2025-04-10T14:13:38.808+0000] {processor.py:183} INFO - Processing /home/airflow/.local/lib/python3.12/site-packages/airflow/example_dags/example_python_decorator.py took 0.138 seconds
[2025-04-10T14:14:09.368+0000] {processor.py:161} INFO - Started process (PID=2919) to work on /home/airflow/.local/lib/python3.12/site-packages/airflow/example_dags/example_python_decorator.py
[2025-04-10T14:14:09.370+0000] {processor.py:830} INFO - Processing file /home/airflow/.local/lib/python3.12/site-packages/airflow/example_dags/example_python_decorator.py for tasks to queue
[2025-04-10T14:14:09.373+0000] {logging_mixin.py:188} INFO - [2025-04-10T14:14:09.373+0000] {dagbag.py:540} INFO - Filling up the DagBag from /home/airflow/.local/lib/python3.12/site-packages/airflow/example_dags/example_python_decorator.py
[2025-04-10T14:14:09.396+0000] {processor.py:840} INFO - DAG(s) 'example_python_decorator' retrieved from /home/airflow/.local/lib/python3.12/site-packages/airflow/example_dags/example_python_decorator.py
[2025-04-10T14:14:09.436+0000] {logging_mixin.py:188} INFO - [2025-04-10T14:14:09.436+0000] {dag.py:3096} INFO - Sync 1 DAGs
[2025-04-10T14:14:09.460+0000] {logging_mixin.py:188} INFO - [2025-04-10T14:14:09.460+0000] {dag.py:3954} INFO - Setting next_dagrun for example_python_decorator to None, run_after=None
[2025-04-10T14:14:09.494+0000] {processor.py:183} INFO - Processing /home/airflow/.local/lib/python3.12/site-packages/airflow/example_dags/example_python_decorator.py took 0.136 seconds
[2025-04-10T14:14:39.820+0000] {processor.py:161} INFO - Started process (PID=2979) to work on /home/airflow/.local/lib/python3.12/site-packages/airflow/example_dags/example_python_decorator.py
[2025-04-10T14:14:39.822+0000] {processor.py:830} INFO - Processing file /home/airflow/.local/lib/python3.12/site-packages/airflow/example_dags/example_python_decorator.py for tasks to queue
[2025-04-10T14:14:39.826+0000] {logging_mixin.py:188} INFO - [2025-04-10T14:14:39.825+0000] {dagbag.py:540} INFO - Filling up the DagBag from /home/airflow/.local/lib/python3.12/site-packages/airflow/example_dags/example_python_decorator.py
[2025-04-10T14:14:39.849+0000] {processor.py:840} INFO - DAG(s) 'example_python_decorator' retrieved from /home/airflow/.local/lib/python3.12/site-packages/airflow/example_dags/example_python_decorator.py
[2025-04-10T14:14:39.891+0000] {logging_mixin.py:188} INFO - [2025-04-10T14:14:39.891+0000] {dag.py:3096} INFO - Sync 1 DAGs
[2025-04-10T14:14:39.914+0000] {logging_mixin.py:188} INFO - [2025-04-10T14:14:39.914+0000] {dag.py:3954} INFO - Setting next_dagrun for example_python_decorator to None, run_after=None
[2025-04-10T14:14:39.952+0000] {processor.py:183} INFO - Processing /home/airflow/.local/lib/python3.12/site-packages/airflow/example_dags/example_python_decorator.py took 0.143 seconds
[2025-04-10T14:15:10.484+0000] {processor.py:161} INFO - Started process (PID=3039) to work on /home/airflow/.local/lib/python3.12/site-packages/airflow/example_dags/example_python_decorator.py
[2025-04-10T14:15:10.485+0000] {processor.py:830} INFO - Processing file /home/airflow/.local/lib/python3.12/site-packages/airflow/example_dags/example_python_decorator.py for tasks to queue
[2025-04-10T14:15:10.488+0000] {logging_mixin.py:188} INFO - [2025-04-10T14:15:10.488+0000] {dagbag.py:540} INFO - Filling up the DagBag from /home/airflow/.local/lib/python3.12/site-packages/airflow/example_dags/example_python_decorator.py
[2025-04-10T14:15:10.510+0000] {processor.py:840} INFO - DAG(s) 'example_python_decorator' retrieved from /home/airflow/.local/lib/python3.12/site-packages/airflow/example_dags/example_python_decorator.py
[2025-04-10T14:15:10.551+0000] {logging_mixin.py:188} INFO - [2025-04-10T14:15:10.550+0000] {dag.py:3096} INFO - Sync 1 DAGs
[2025-04-10T14:15:10.575+0000] {logging_mixin.py:188} INFO - [2025-04-10T14:15:10.574+0000] {dag.py:3954} INFO - Setting next_dagrun for example_python_decorator to None, run_after=None
[2025-04-10T14:15:10.610+0000] {processor.py:183} INFO - Processing /home/airflow/.local/lib/python3.12/site-packages/airflow/example_dags/example_python_decorator.py took 0.137 seconds
[2025-04-10T14:15:41.291+0000] {processor.py:161} INFO - Started process (PID=3099) to work on /home/airflow/.local/lib/python3.12/site-packages/airflow/example_dags/example_python_decorator.py
[2025-04-10T14:15:41.292+0000] {processor.py:830} INFO - Processing file /home/airflow/.local/lib/python3.12/site-packages/airflow/example_dags/example_python_decorator.py for tasks to queue
[2025-04-10T14:15:41.296+0000] {logging_mixin.py:188} INFO - [2025-04-10T14:15:41.295+0000] {dagbag.py:540} INFO - Filling up the DagBag from /home/airflow/.local/lib/python3.12/site-packages/airflow/example_dags/example_python_decorator.py
[2025-04-10T14:15:41.318+0000] {processor.py:840} INFO - DAG(s) 'example_python_decorator' retrieved from /home/airflow/.local/lib/python3.12/site-packages/airflow/example_dags/example_python_decorator.py
[2025-04-10T14:15:41.360+0000] {logging_mixin.py:188} INFO - [2025-04-10T14:15:41.360+0000] {dag.py:3096} INFO - Sync 1 DAGs
[2025-04-10T14:15:41.383+0000] {logging_mixin.py:188} INFO - [2025-04-10T14:15:41.383+0000] {dag.py:3954} INFO - Setting next_dagrun for example_python_decorator to None, run_after=None
[2025-04-10T14:15:41.417+0000] {processor.py:183} INFO - Processing /home/airflow/.local/lib/python3.12/site-packages/airflow/example_dags/example_python_decorator.py took 0.137 seconds
[2025-04-10T14:16:11.849+0000] {processor.py:161} INFO - Started process (PID=3160) to work on /home/airflow/.local/lib/python3.12/site-packages/airflow/example_dags/example_python_decorator.py
[2025-04-10T14:16:11.850+0000] {processor.py:830} INFO - Processing file /home/airflow/.local/lib/python3.12/site-packages/airflow/example_dags/example_python_decorator.py for tasks to queue
[2025-04-10T14:16:11.854+0000] {logging_mixin.py:188} INFO - [2025-04-10T14:16:11.853+0000] {dagbag.py:540} INFO - Filling up the DagBag from /home/airflow/.local/lib/python3.12/site-packages/airflow/example_dags/example_python_decorator.py
[2025-04-10T14:16:11.876+0000] {processor.py:840} INFO - DAG(s) 'example_python_decorator' retrieved from /home/airflow/.local/lib/python3.12/site-packages/airflow/example_dags/example_python_decorator.py
[2025-04-10T14:16:11.918+0000] {logging_mixin.py:188} INFO - [2025-04-10T14:16:11.918+0000] {dag.py:3096} INFO - Sync 1 DAGs
[2025-04-10T14:16:11.943+0000] {logging_mixin.py:188} INFO - [2025-04-10T14:16:11.942+0000] {dag.py:3954} INFO - Setting next_dagrun for example_python_decorator to None, run_after=None
[2025-04-10T14:16:11.976+0000] {processor.py:183} INFO - Processing /home/airflow/.local/lib/python3.12/site-packages/airflow/example_dags/example_python_decorator.py took 0.137 seconds
[2025-04-10T14:16:42.602+0000] {processor.py:161} INFO - Started process (PID=3220) to work on /home/airflow/.local/lib/python3.12/site-packages/airflow/example_dags/example_python_decorator.py
[2025-04-10T14:16:42.603+0000] {processor.py:830} INFO - Processing file /home/airflow/.local/lib/python3.12/site-packages/airflow/example_dags/example_python_decorator.py for tasks to queue
[2025-04-10T14:16:42.606+0000] {logging_mixin.py:188} INFO - [2025-04-10T14:16:42.606+0000] {dagbag.py:540} INFO - Filling up the DagBag from /home/airflow/.local/lib/python3.12/site-packages/airflow/example_dags/example_python_decorator.py
[2025-04-10T14:16:42.629+0000] {processor.py:840} INFO - DAG(s) 'example_python_decorator' retrieved from /home/airflow/.local/lib/python3.12/site-packages/airflow/example_dags/example_python_decorator.py
[2025-04-10T14:16:42.669+0000] {logging_mixin.py:188} INFO - [2025-04-10T14:16:42.668+0000] {dag.py:3096} INFO - Sync 1 DAGs
[2025-04-10T14:16:42.692+0000] {logging_mixin.py:188} INFO - [2025-04-10T14:16:42.691+0000] {dag.py:3954} INFO - Setting next_dagrun for example_python_decorator to None, run_after=None
[2025-04-10T14:16:42.728+0000] {processor.py:183} INFO - Processing /home/airflow/.local/lib/python3.12/site-packages/airflow/example_dags/example_python_decorator.py took 0.135 seconds
[2025-04-10T14:17:12.960+0000] {processor.py:161} INFO - Started process (PID=3280) to work on /home/airflow/.local/lib/python3.12/site-packages/airflow/example_dags/example_python_decorator.py
[2025-04-10T14:17:12.962+0000] {processor.py:830} INFO - Processing file /home/airflow/.local/lib/python3.12/site-packages/airflow/example_dags/example_python_decorator.py for tasks to queue
[2025-04-10T14:17:12.965+0000] {logging_mixin.py:188} INFO - [2025-04-10T14:17:12.965+0000] {dagbag.py:540} INFO - Filling up the DagBag from /home/airflow/.local/lib/python3.12/site-packages/airflow/example_dags/example_python_decorator.py
[2025-04-10T14:17:12.987+0000] {processor.py:840} INFO - DAG(s) 'example_python_decorator' retrieved from /home/airflow/.local/lib/python3.12/site-packages/airflow/example_dags/example_python_decorator.py
[2025-04-10T14:17:13.031+0000] {logging_mixin.py:188} INFO - [2025-04-10T14:17:13.031+0000] {dag.py:3096} INFO - Sync 1 DAGs
[2025-04-10T14:17:13.054+0000] {logging_mixin.py:188} INFO - [2025-04-10T14:17:13.053+0000] {dag.py:3954} INFO - Setting next_dagrun for example_python_decorator to None, run_after=None
[2025-04-10T14:17:13.090+0000] {processor.py:183} INFO - Processing /home/airflow/.local/lib/python3.12/site-packages/airflow/example_dags/example_python_decorator.py took 0.140 seconds
[2025-04-10T14:17:43.307+0000] {processor.py:161} INFO - Started process (PID=3340) to work on /home/airflow/.local/lib/python3.12/site-packages/airflow/example_dags/example_python_decorator.py
[2025-04-10T14:17:43.308+0000] {processor.py:830} INFO - Processing file /home/airflow/.local/lib/python3.12/site-packages/airflow/example_dags/example_python_decorator.py for tasks to queue
[2025-04-10T14:17:43.311+0000] {logging_mixin.py:188} INFO - [2025-04-10T14:17:43.311+0000] {dagbag.py:540} INFO - Filling up the DagBag from /home/airflow/.local/lib/python3.12/site-packages/airflow/example_dags/example_python_decorator.py
[2025-04-10T14:17:43.334+0000] {processor.py:840} INFO - DAG(s) 'example_python_decorator' retrieved from /home/airflow/.local/lib/python3.12/site-packages/airflow/example_dags/example_python_decorator.py
[2025-04-10T14:17:43.378+0000] {logging_mixin.py:188} INFO - [2025-04-10T14:17:43.378+0000] {dag.py:3096} INFO - Sync 1 DAGs
[2025-04-10T14:17:43.404+0000] {logging_mixin.py:188} INFO - [2025-04-10T14:17:43.404+0000] {dag.py:3954} INFO - Setting next_dagrun for example_python_decorator to None, run_after=None
[2025-04-10T14:17:43.441+0000] {processor.py:183} INFO - Processing /home/airflow/.local/lib/python3.12/site-packages/airflow/example_dags/example_python_decorator.py took 0.145 seconds
[2025-04-10T14:18:14.225+0000] {processor.py:161} INFO - Started process (PID=3400) to work on /home/airflow/.local/lib/python3.12/site-packages/airflow/example_dags/example_python_decorator.py
[2025-04-10T14:18:14.227+0000] {processor.py:830} INFO - Processing file /home/airflow/.local/lib/python3.12/site-packages/airflow/example_dags/example_python_decorator.py for tasks to queue
[2025-04-10T14:18:14.230+0000] {logging_mixin.py:188} INFO - [2025-04-10T14:18:14.230+0000] {dagbag.py:540} INFO - Filling up the DagBag from /home/airflow/.local/lib/python3.12/site-packages/airflow/example_dags/example_python_decorator.py
[2025-04-10T14:18:14.253+0000] {processor.py:840} INFO - DAG(s) 'example_python_decorator' retrieved from /home/airflow/.local/lib/python3.12/site-packages/airflow/example_dags/example_python_decorator.py
[2025-04-10T14:18:14.293+0000] {logging_mixin.py:188} INFO - [2025-04-10T14:18:14.293+0000] {dag.py:3096} INFO - Sync 1 DAGs
[2025-04-10T14:18:14.317+0000] {logging_mixin.py:188} INFO - [2025-04-10T14:18:14.317+0000] {dag.py:3954} INFO - Setting next_dagrun for example_python_decorator to None, run_after=None
[2025-04-10T14:18:14.353+0000] {processor.py:183} INFO - Processing /home/airflow/.local/lib/python3.12/site-packages/airflow/example_dags/example_python_decorator.py took 0.138 seconds
[2025-04-10T14:18:44.621+0000] {processor.py:161} INFO - Started process (PID=3460) to work on /home/airflow/.local/lib/python3.12/site-packages/airflow/example_dags/example_python_decorator.py
[2025-04-10T14:18:44.623+0000] {processor.py:830} INFO - Processing file /home/airflow/.local/lib/python3.12/site-packages/airflow/example_dags/example_python_decorator.py for tasks to queue
[2025-04-10T14:18:44.626+0000] {logging_mixin.py:188} INFO - [2025-04-10T14:18:44.625+0000] {dagbag.py:540} INFO - Filling up the DagBag from /home/airflow/.local/lib/python3.12/site-packages/airflow/example_dags/example_python_decorator.py
[2025-04-10T14:18:44.648+0000] {processor.py:840} INFO - DAG(s) 'example_python_decorator' retrieved from /home/airflow/.local/lib/python3.12/site-packages/airflow/example_dags/example_python_decorator.py
[2025-04-10T14:18:44.690+0000] {logging_mixin.py:188} INFO - [2025-04-10T14:18:44.689+0000] {dag.py:3096} INFO - Sync 1 DAGs
[2025-04-10T14:18:44.713+0000] {logging_mixin.py:188} INFO - [2025-04-10T14:18:44.712+0000] {dag.py:3954} INFO - Setting next_dagrun for example_python_decorator to None, run_after=None
[2025-04-10T14:18:44.747+0000] {processor.py:183} INFO - Processing /home/airflow/.local/lib/python3.12/site-packages/airflow/example_dags/example_python_decorator.py took 0.136 seconds
[2025-04-10T14:19:14.964+0000] {processor.py:161} INFO - Started process (PID=3520) to work on /home/airflow/.local/lib/python3.12/site-packages/airflow/example_dags/example_python_decorator.py
[2025-04-10T14:19:14.965+0000] {processor.py:830} INFO - Processing file /home/airflow/.local/lib/python3.12/site-packages/airflow/example_dags/example_python_decorator.py for tasks to queue
[2025-04-10T14:19:14.968+0000] {logging_mixin.py:188} INFO - [2025-04-10T14:19:14.967+0000] {dagbag.py:540} INFO - Filling up the DagBag from /home/airflow/.local/lib/python3.12/site-packages/airflow/example_dags/example_python_decorator.py
[2025-04-10T14:19:14.990+0000] {processor.py:840} INFO - DAG(s) 'example_python_decorator' retrieved from /home/airflow/.local/lib/python3.12/site-packages/airflow/example_dags/example_python_decorator.py
[2025-04-10T14:19:15.030+0000] {logging_mixin.py:188} INFO - [2025-04-10T14:19:15.029+0000] {dag.py:3096} INFO - Sync 1 DAGs
[2025-04-10T14:19:15.052+0000] {logging_mixin.py:188} INFO - [2025-04-10T14:19:15.052+0000] {dag.py:3954} INFO - Setting next_dagrun for example_python_decorator to None, run_after=None
[2025-04-10T14:19:15.086+0000] {processor.py:183} INFO - Processing /home/airflow/.local/lib/python3.12/site-packages/airflow/example_dags/example_python_decorator.py took 0.133 seconds
[2025-04-10T14:19:45.424+0000] {processor.py:161} INFO - Started process (PID=3580) to work on /home/airflow/.local/lib/python3.12/site-packages/airflow/example_dags/example_python_decorator.py
[2025-04-10T14:19:45.426+0000] {processor.py:830} INFO - Processing file /home/airflow/.local/lib/python3.12/site-packages/airflow/example_dags/example_python_decorator.py for tasks to queue
[2025-04-10T14:19:45.429+0000] {logging_mixin.py:188} INFO - [2025-04-10T14:19:45.428+0000] {dagbag.py:540} INFO - Filling up the DagBag from /home/airflow/.local/lib/python3.12/site-packages/airflow/example_dags/example_python_decorator.py
[2025-04-10T14:19:45.452+0000] {processor.py:840} INFO - DAG(s) 'example_python_decorator' retrieved from /home/airflow/.local/lib/python3.12/site-packages/airflow/example_dags/example_python_decorator.py
[2025-04-10T14:19:45.490+0000] {logging_mixin.py:188} INFO - [2025-04-10T14:19:45.490+0000] {dag.py:3096} INFO - Sync 1 DAGs
[2025-04-10T14:19:45.513+0000] {logging_mixin.py:188} INFO - [2025-04-10T14:19:45.512+0000] {dag.py:3954} INFO - Setting next_dagrun for example_python_decorator to None, run_after=None
[2025-04-10T14:19:45.548+0000] {processor.py:183} INFO - Processing /home/airflow/.local/lib/python3.12/site-packages/airflow/example_dags/example_python_decorator.py took 0.133 seconds
[2025-04-10T14:20:15.741+0000] {processor.py:161} INFO - Started process (PID=3640) to work on /home/airflow/.local/lib/python3.12/site-packages/airflow/example_dags/example_python_decorator.py
[2025-04-10T14:20:15.743+0000] {processor.py:830} INFO - Processing file /home/airflow/.local/lib/python3.12/site-packages/airflow/example_dags/example_python_decorator.py for tasks to queue
[2025-04-10T14:20:15.746+0000] {logging_mixin.py:188} INFO - [2025-04-10T14:20:15.745+0000] {dagbag.py:540} INFO - Filling up the DagBag from /home/airflow/.local/lib/python3.12/site-packages/airflow/example_dags/example_python_decorator.py
[2025-04-10T14:20:15.771+0000] {processor.py:840} INFO - DAG(s) 'example_python_decorator' retrieved from /home/airflow/.local/lib/python3.12/site-packages/airflow/example_dags/example_python_decorator.py
[2025-04-10T14:20:15.814+0000] {logging_mixin.py:188} INFO - [2025-04-10T14:20:15.814+0000] {dag.py:3096} INFO - Sync 1 DAGs
[2025-04-10T14:20:15.838+0000] {logging_mixin.py:188} INFO - [2025-04-10T14:20:15.838+0000] {dag.py:3954} INFO - Setting next_dagrun for example_python_decorator to None, run_after=None
[2025-04-10T14:20:15.875+0000] {processor.py:183} INFO - Processing /home/airflow/.local/lib/python3.12/site-packages/airflow/example_dags/example_python_decorator.py took 0.144 seconds
[2025-04-10T14:20:45.974+0000] {processor.py:161} INFO - Started process (PID=3700) to work on /home/airflow/.local/lib/python3.12/site-packages/airflow/example_dags/example_python_decorator.py
[2025-04-10T14:20:45.976+0000] {processor.py:830} INFO - Processing file /home/airflow/.local/lib/python3.12/site-packages/airflow/example_dags/example_python_decorator.py for tasks to queue
[2025-04-10T14:20:45.979+0000] {logging_mixin.py:188} INFO - [2025-04-10T14:20:45.979+0000] {dagbag.py:540} INFO - Filling up the DagBag from /home/airflow/.local/lib/python3.12/site-packages/airflow/example_dags/example_python_decorator.py
[2025-04-10T14:20:46.001+0000] {processor.py:840} INFO - DAG(s) 'example_python_decorator' retrieved from /home/airflow/.local/lib/python3.12/site-packages/airflow/example_dags/example_python_decorator.py
[2025-04-10T14:20:46.042+0000] {logging_mixin.py:188} INFO - [2025-04-10T14:20:46.041+0000] {dag.py:3096} INFO - Sync 1 DAGs
[2025-04-10T14:20:46.066+0000] {logging_mixin.py:188} INFO - [2025-04-10T14:20:46.066+0000] {dag.py:3954} INFO - Setting next_dagrun for example_python_decorator to None, run_after=None
[2025-04-10T14:20:46.102+0000] {processor.py:183} INFO - Processing /home/airflow/.local/lib/python3.12/site-packages/airflow/example_dags/example_python_decorator.py took 0.137 seconds
