[2025-04-10T13:35:42.357+0000] {processor.py:161} INFO - Started process (PID=92) to work on /home/airflow/.local/lib/python3.12/site-packages/airflow/example_dags/example_bash_operator.py
[2025-04-10T13:35:42.359+0000] {processor.py:830} INFO - Processing file /home/airflow/.local/lib/python3.12/site-packages/airflow/example_dags/example_bash_operator.py for tasks to queue
[2025-04-10T13:35:42.362+0000] {logging_mixin.py:188} INFO - [2025-04-10T13:35:42.361+0000] {dagbag.py:540} INFO - Filling up the DagBag from /home/airflow/.local/lib/python3.12/site-packages/airflow/example_dags/example_bash_operator.py
[2025-04-10T13:35:42.385+0000] {processor.py:840} INFO - DAG(s) 'example_bash_operator' retrieved from /home/airflow/.local/lib/python3.12/site-packages/airflow/example_dags/example_bash_operator.py
[2025-04-10T13:35:42.602+0000] {logging_mixin.py:188} INFO - [2025-04-10T13:35:42.601+0000] {dag.py:3096} INFO - Sync 1 DAGs
[2025-04-10T13:35:42.644+0000] {logging_mixin.py:188} INFO - [2025-04-10T13:35:42.644+0000] {dag.py:3954} INFO - Setting next_dagrun for example_bash_operator to 2025-04-09 00:00:00+00:00, run_after=2025-04-10 00:00:00+00:00
[2025-04-10T13:35:42.679+0000] {processor.py:183} INFO - Processing /home/airflow/.local/lib/python3.12/site-packages/airflow/example_dags/example_bash_operator.py took 0.331 seconds
[2025-04-10T13:36:13.462+0000] {processor.py:161} INFO - Started process (PID=150) to work on /home/airflow/.local/lib/python3.12/site-packages/airflow/example_dags/example_bash_operator.py
[2025-04-10T13:36:13.463+0000] {processor.py:830} INFO - Processing file /home/airflow/.local/lib/python3.12/site-packages/airflow/example_dags/example_bash_operator.py for tasks to queue
[2025-04-10T13:36:13.466+0000] {logging_mixin.py:188} INFO - [2025-04-10T13:36:13.466+0000] {dagbag.py:540} INFO - Filling up the DagBag from /home/airflow/.local/lib/python3.12/site-packages/airflow/example_dags/example_bash_operator.py
[2025-04-10T13:36:13.487+0000] {processor.py:840} INFO - DAG(s) 'example_bash_operator' retrieved from /home/airflow/.local/lib/python3.12/site-packages/airflow/example_dags/example_bash_operator.py
[2025-04-10T13:36:13.543+0000] {logging_mixin.py:188} INFO - [2025-04-10T13:36:13.542+0000] {dag.py:3096} INFO - Sync 1 DAGs
[2025-04-10T13:36:13.593+0000] {logging_mixin.py:188} INFO - [2025-04-10T13:36:13.593+0000] {dag.py:3954} INFO - Setting next_dagrun for example_bash_operator to 2025-04-09 00:00:00+00:00, run_after=2025-04-10 00:00:00+00:00
[2025-04-10T13:36:13.631+0000] {processor.py:183} INFO - Processing /home/airflow/.local/lib/python3.12/site-packages/airflow/example_dags/example_bash_operator.py took 0.179 seconds
[2025-04-10T13:36:44.239+0000] {processor.py:161} INFO - Started process (PID=208) to work on /home/airflow/.local/lib/python3.12/site-packages/airflow/example_dags/example_bash_operator.py
[2025-04-10T13:36:44.240+0000] {processor.py:830} INFO - Processing file /home/airflow/.local/lib/python3.12/site-packages/airflow/example_dags/example_bash_operator.py for tasks to queue
[2025-04-10T13:36:44.243+0000] {logging_mixin.py:188} INFO - [2025-04-10T13:36:44.243+0000] {dagbag.py:540} INFO - Filling up the DagBag from /home/airflow/.local/lib/python3.12/site-packages/airflow/example_dags/example_bash_operator.py
[2025-04-10T13:36:44.262+0000] {processor.py:840} INFO - DAG(s) 'example_bash_operator' retrieved from /home/airflow/.local/lib/python3.12/site-packages/airflow/example_dags/example_bash_operator.py
[2025-04-10T13:36:44.311+0000] {logging_mixin.py:188} INFO - [2025-04-10T13:36:44.310+0000] {dag.py:3096} INFO - Sync 1 DAGs
[2025-04-10T13:36:44.350+0000] {logging_mixin.py:188} INFO - [2025-04-10T13:36:44.350+0000] {dag.py:3954} INFO - Setting next_dagrun for example_bash_operator to 2025-04-09 00:00:00+00:00, run_after=2025-04-10 00:00:00+00:00
[2025-04-10T13:36:44.383+0000] {processor.py:183} INFO - Processing /home/airflow/.local/lib/python3.12/site-packages/airflow/example_dags/example_bash_operator.py took 0.154 seconds
[2025-04-10T13:37:14.483+0000] {processor.py:161} INFO - Started process (PID=266) to work on /home/airflow/.local/lib/python3.12/site-packages/airflow/example_dags/example_bash_operator.py
[2025-04-10T13:37:14.484+0000] {processor.py:830} INFO - Processing file /home/airflow/.local/lib/python3.12/site-packages/airflow/example_dags/example_bash_operator.py for tasks to queue
[2025-04-10T13:37:14.487+0000] {logging_mixin.py:188} INFO - [2025-04-10T13:37:14.487+0000] {dagbag.py:540} INFO - Filling up the DagBag from /home/airflow/.local/lib/python3.12/site-packages/airflow/example_dags/example_bash_operator.py
[2025-04-10T13:37:14.509+0000] {processor.py:840} INFO - DAG(s) 'example_bash_operator' retrieved from /home/airflow/.local/lib/python3.12/site-packages/airflow/example_dags/example_bash_operator.py
[2025-04-10T13:37:14.564+0000] {logging_mixin.py:188} INFO - [2025-04-10T13:37:14.563+0000] {dag.py:3096} INFO - Sync 1 DAGs
[2025-04-10T13:37:14.605+0000] {logging_mixin.py:188} INFO - [2025-04-10T13:37:14.604+0000] {dag.py:3954} INFO - Setting next_dagrun for example_bash_operator to 2025-04-09 00:00:00+00:00, run_after=2025-04-10 00:00:00+00:00
[2025-04-10T13:37:14.639+0000] {processor.py:183} INFO - Processing /home/airflow/.local/lib/python3.12/site-packages/airflow/example_dags/example_bash_operator.py took 0.166 seconds
[2025-04-10T13:37:44.986+0000] {processor.py:161} INFO - Started process (PID=324) to work on /home/airflow/.local/lib/python3.12/site-packages/airflow/example_dags/example_bash_operator.py
[2025-04-10T13:37:44.988+0000] {processor.py:830} INFO - Processing file /home/airflow/.local/lib/python3.12/site-packages/airflow/example_dags/example_bash_operator.py for tasks to queue
[2025-04-10T13:37:44.991+0000] {logging_mixin.py:188} INFO - [2025-04-10T13:37:44.990+0000] {dagbag.py:540} INFO - Filling up the DagBag from /home/airflow/.local/lib/python3.12/site-packages/airflow/example_dags/example_bash_operator.py
[2025-04-10T13:37:45.010+0000] {processor.py:840} INFO - DAG(s) 'example_bash_operator' retrieved from /home/airflow/.local/lib/python3.12/site-packages/airflow/example_dags/example_bash_operator.py
[2025-04-10T13:37:45.059+0000] {logging_mixin.py:188} INFO - [2025-04-10T13:37:45.058+0000] {dag.py:3096} INFO - Sync 1 DAGs
[2025-04-10T13:37:45.102+0000] {logging_mixin.py:188} INFO - [2025-04-10T13:37:45.102+0000] {dag.py:3954} INFO - Setting next_dagrun for example_bash_operator to 2025-04-09 00:00:00+00:00, run_after=2025-04-10 00:00:00+00:00
[2025-04-10T13:37:45.139+0000] {processor.py:183} INFO - Processing /home/airflow/.local/lib/python3.12/site-packages/airflow/example_dags/example_bash_operator.py took 0.162 seconds
[2025-04-10T13:38:15.977+0000] {processor.py:161} INFO - Started process (PID=382) to work on /home/airflow/.local/lib/python3.12/site-packages/airflow/example_dags/example_bash_operator.py
[2025-04-10T13:38:15.978+0000] {processor.py:830} INFO - Processing file /home/airflow/.local/lib/python3.12/site-packages/airflow/example_dags/example_bash_operator.py for tasks to queue
[2025-04-10T13:38:15.981+0000] {logging_mixin.py:188} INFO - [2025-04-10T13:38:15.981+0000] {dagbag.py:540} INFO - Filling up the DagBag from /home/airflow/.local/lib/python3.12/site-packages/airflow/example_dags/example_bash_operator.py
[2025-04-10T13:38:16.001+0000] {processor.py:840} INFO - DAG(s) 'example_bash_operator' retrieved from /home/airflow/.local/lib/python3.12/site-packages/airflow/example_dags/example_bash_operator.py
[2025-04-10T13:38:16.051+0000] {logging_mixin.py:188} INFO - [2025-04-10T13:38:16.050+0000] {dag.py:3096} INFO - Sync 1 DAGs
[2025-04-10T13:38:16.092+0000] {logging_mixin.py:188} INFO - [2025-04-10T13:38:16.091+0000] {dag.py:3954} INFO - Setting next_dagrun for example_bash_operator to 2025-04-09 00:00:00+00:00, run_after=2025-04-10 00:00:00+00:00
[2025-04-10T13:38:16.126+0000] {processor.py:183} INFO - Processing /home/airflow/.local/lib/python3.12/site-packages/airflow/example_dags/example_bash_operator.py took 0.159 seconds
[2025-04-10T13:38:46.703+0000] {processor.py:161} INFO - Started process (PID=440) to work on /home/airflow/.local/lib/python3.12/site-packages/airflow/example_dags/example_bash_operator.py
[2025-04-10T13:38:46.705+0000] {processor.py:830} INFO - Processing file /home/airflow/.local/lib/python3.12/site-packages/airflow/example_dags/example_bash_operator.py for tasks to queue
[2025-04-10T13:38:46.708+0000] {logging_mixin.py:188} INFO - [2025-04-10T13:38:46.707+0000] {dagbag.py:540} INFO - Filling up the DagBag from /home/airflow/.local/lib/python3.12/site-packages/airflow/example_dags/example_bash_operator.py
[2025-04-10T13:38:46.727+0000] {processor.py:840} INFO - DAG(s) 'example_bash_operator' retrieved from /home/airflow/.local/lib/python3.12/site-packages/airflow/example_dags/example_bash_operator.py
[2025-04-10T13:38:46.776+0000] {logging_mixin.py:188} INFO - [2025-04-10T13:38:46.776+0000] {dag.py:3096} INFO - Sync 1 DAGs
[2025-04-10T13:38:46.817+0000] {logging_mixin.py:188} INFO - [2025-04-10T13:38:46.817+0000] {dag.py:3954} INFO - Setting next_dagrun for example_bash_operator to 2025-04-09 00:00:00+00:00, run_after=2025-04-10 00:00:00+00:00
[2025-04-10T13:38:46.849+0000] {processor.py:183} INFO - Processing /home/airflow/.local/lib/python3.12/site-packages/airflow/example_dags/example_bash_operator.py took 0.155 seconds
[2025-04-10T13:39:17.436+0000] {processor.py:161} INFO - Started process (PID=498) to work on /home/airflow/.local/lib/python3.12/site-packages/airflow/example_dags/example_bash_operator.py
[2025-04-10T13:39:17.439+0000] {processor.py:830} INFO - Processing file /home/airflow/.local/lib/python3.12/site-packages/airflow/example_dags/example_bash_operator.py for tasks to queue
[2025-04-10T13:39:17.443+0000] {logging_mixin.py:188} INFO - [2025-04-10T13:39:17.442+0000] {dagbag.py:540} INFO - Filling up the DagBag from /home/airflow/.local/lib/python3.12/site-packages/airflow/example_dags/example_bash_operator.py
[2025-04-10T13:39:17.468+0000] {processor.py:840} INFO - DAG(s) 'example_bash_operator' retrieved from /home/airflow/.local/lib/python3.12/site-packages/airflow/example_dags/example_bash_operator.py
[2025-04-10T13:39:17.531+0000] {logging_mixin.py:188} INFO - [2025-04-10T13:39:17.531+0000] {dag.py:3096} INFO - Sync 1 DAGs
[2025-04-10T13:39:17.585+0000] {logging_mixin.py:188} INFO - [2025-04-10T13:39:17.584+0000] {dag.py:3954} INFO - Setting next_dagrun for example_bash_operator to 2025-04-09 00:00:00+00:00, run_after=2025-04-10 00:00:00+00:00
[2025-04-10T13:39:17.629+0000] {processor.py:183} INFO - Processing /home/airflow/.local/lib/python3.12/site-packages/airflow/example_dags/example_bash_operator.py took 0.208 seconds
[2025-04-10T13:39:47.770+0000] {processor.py:161} INFO - Started process (PID=556) to work on /home/airflow/.local/lib/python3.12/site-packages/airflow/example_dags/example_bash_operator.py
[2025-04-10T13:39:47.771+0000] {processor.py:830} INFO - Processing file /home/airflow/.local/lib/python3.12/site-packages/airflow/example_dags/example_bash_operator.py for tasks to queue
[2025-04-10T13:39:47.775+0000] {logging_mixin.py:188} INFO - [2025-04-10T13:39:47.774+0000] {dagbag.py:540} INFO - Filling up the DagBag from /home/airflow/.local/lib/python3.12/site-packages/airflow/example_dags/example_bash_operator.py
[2025-04-10T13:39:47.794+0000] {processor.py:840} INFO - DAG(s) 'example_bash_operator' retrieved from /home/airflow/.local/lib/python3.12/site-packages/airflow/example_dags/example_bash_operator.py
[2025-04-10T13:39:47.843+0000] {logging_mixin.py:188} INFO - [2025-04-10T13:39:47.843+0000] {dag.py:3096} INFO - Sync 1 DAGs
[2025-04-10T13:39:47.885+0000] {logging_mixin.py:188} INFO - [2025-04-10T13:39:47.885+0000] {dag.py:3954} INFO - Setting next_dagrun for example_bash_operator to 2025-04-09 00:00:00+00:00, run_after=2025-04-10 00:00:00+00:00
[2025-04-10T13:39:47.919+0000] {processor.py:183} INFO - Processing /home/airflow/.local/lib/python3.12/site-packages/airflow/example_dags/example_bash_operator.py took 0.159 seconds
[2025-04-10T13:40:18.689+0000] {processor.py:161} INFO - Started process (PID=614) to work on /home/airflow/.local/lib/python3.12/site-packages/airflow/example_dags/example_bash_operator.py
[2025-04-10T13:40:18.691+0000] {processor.py:830} INFO - Processing file /home/airflow/.local/lib/python3.12/site-packages/airflow/example_dags/example_bash_operator.py for tasks to queue
[2025-04-10T13:40:18.694+0000] {logging_mixin.py:188} INFO - [2025-04-10T13:40:18.693+0000] {dagbag.py:540} INFO - Filling up the DagBag from /home/airflow/.local/lib/python3.12/site-packages/airflow/example_dags/example_bash_operator.py
[2025-04-10T13:40:18.713+0000] {processor.py:840} INFO - DAG(s) 'example_bash_operator' retrieved from /home/airflow/.local/lib/python3.12/site-packages/airflow/example_dags/example_bash_operator.py
[2025-04-10T13:40:18.761+0000] {logging_mixin.py:188} INFO - [2025-04-10T13:40:18.760+0000] {dag.py:3096} INFO - Sync 1 DAGs
[2025-04-10T13:40:18.801+0000] {logging_mixin.py:188} INFO - [2025-04-10T13:40:18.801+0000] {dag.py:3954} INFO - Setting next_dagrun for example_bash_operator to 2025-04-09 00:00:00+00:00, run_after=2025-04-10 00:00:00+00:00
[2025-04-10T13:40:18.834+0000] {processor.py:183} INFO - Processing /home/airflow/.local/lib/python3.12/site-packages/airflow/example_dags/example_bash_operator.py took 0.154 seconds
[2025-04-10T13:40:49.567+0000] {processor.py:161} INFO - Started process (PID=672) to work on /home/airflow/.local/lib/python3.12/site-packages/airflow/example_dags/example_bash_operator.py
[2025-04-10T13:40:49.569+0000] {processor.py:830} INFO - Processing file /home/airflow/.local/lib/python3.12/site-packages/airflow/example_dags/example_bash_operator.py for tasks to queue
[2025-04-10T13:40:49.572+0000] {logging_mixin.py:188} INFO - [2025-04-10T13:40:49.571+0000] {dagbag.py:540} INFO - Filling up the DagBag from /home/airflow/.local/lib/python3.12/site-packages/airflow/example_dags/example_bash_operator.py
[2025-04-10T13:40:49.591+0000] {processor.py:840} INFO - DAG(s) 'example_bash_operator' retrieved from /home/airflow/.local/lib/python3.12/site-packages/airflow/example_dags/example_bash_operator.py
[2025-04-10T13:40:49.641+0000] {logging_mixin.py:188} INFO - [2025-04-10T13:40:49.641+0000] {dag.py:3096} INFO - Sync 1 DAGs
[2025-04-10T13:40:49.682+0000] {logging_mixin.py:188} INFO - [2025-04-10T13:40:49.681+0000] {dag.py:3954} INFO - Setting next_dagrun for example_bash_operator to 2025-04-09 00:00:00+00:00, run_after=2025-04-10 00:00:00+00:00
[2025-04-10T13:40:49.715+0000] {processor.py:183} INFO - Processing /home/airflow/.local/lib/python3.12/site-packages/airflow/example_dags/example_bash_operator.py took 0.158 seconds
[2025-04-10T13:41:20.669+0000] {processor.py:161} INFO - Started process (PID=730) to work on /home/airflow/.local/lib/python3.12/site-packages/airflow/example_dags/example_bash_operator.py
[2025-04-10T13:41:20.671+0000] {processor.py:830} INFO - Processing file /home/airflow/.local/lib/python3.12/site-packages/airflow/example_dags/example_bash_operator.py for tasks to queue
[2025-04-10T13:41:20.674+0000] {logging_mixin.py:188} INFO - [2025-04-10T13:41:20.673+0000] {dagbag.py:540} INFO - Filling up the DagBag from /home/airflow/.local/lib/python3.12/site-packages/airflow/example_dags/example_bash_operator.py
[2025-04-10T13:41:20.693+0000] {processor.py:840} INFO - DAG(s) 'example_bash_operator' retrieved from /home/airflow/.local/lib/python3.12/site-packages/airflow/example_dags/example_bash_operator.py
[2025-04-10T13:41:20.742+0000] {logging_mixin.py:188} INFO - [2025-04-10T13:41:20.742+0000] {dag.py:3096} INFO - Sync 1 DAGs
[2025-04-10T13:41:20.786+0000] {logging_mixin.py:188} INFO - [2025-04-10T13:41:20.785+0000] {dag.py:3954} INFO - Setting next_dagrun for example_bash_operator to 2025-04-09 00:00:00+00:00, run_after=2025-04-10 00:00:00+00:00
[2025-04-10T13:41:20.820+0000] {processor.py:183} INFO - Processing /home/airflow/.local/lib/python3.12/site-packages/airflow/example_dags/example_bash_operator.py took 0.160 seconds
[2025-04-10T13:50:05.550+0000] {processor.py:161} INFO - Started process (PID=92) to work on /home/airflow/.local/lib/python3.12/site-packages/airflow/example_dags/example_bash_operator.py
[2025-04-10T13:50:05.552+0000] {processor.py:830} INFO - Processing file /home/airflow/.local/lib/python3.12/site-packages/airflow/example_dags/example_bash_operator.py for tasks to queue
[2025-04-10T13:50:05.556+0000] {logging_mixin.py:188} INFO - [2025-04-10T13:50:05.555+0000] {dagbag.py:540} INFO - Filling up the DagBag from /home/airflow/.local/lib/python3.12/site-packages/airflow/example_dags/example_bash_operator.py
[2025-04-10T13:50:05.580+0000] {processor.py:840} INFO - DAG(s) 'example_bash_operator' retrieved from /home/airflow/.local/lib/python3.12/site-packages/airflow/example_dags/example_bash_operator.py
[2025-04-10T13:50:05.793+0000] {logging_mixin.py:188} INFO - [2025-04-10T13:50:05.792+0000] {dag.py:3096} INFO - Sync 1 DAGs
[2025-04-10T13:50:05.833+0000] {logging_mixin.py:188} INFO - [2025-04-10T13:50:05.833+0000] {dag.py:3954} INFO - Setting next_dagrun for example_bash_operator to 2025-04-09 00:00:00+00:00, run_after=2025-04-10 00:00:00+00:00
[2025-04-10T13:50:05.867+0000] {processor.py:183} INFO - Processing /home/airflow/.local/lib/python3.12/site-packages/airflow/example_dags/example_bash_operator.py took 0.326 seconds
[2025-04-10T13:50:36.076+0000] {processor.py:161} INFO - Started process (PID=150) to work on /home/airflow/.local/lib/python3.12/site-packages/airflow/example_dags/example_bash_operator.py
[2025-04-10T13:50:36.078+0000] {processor.py:830} INFO - Processing file /home/airflow/.local/lib/python3.12/site-packages/airflow/example_dags/example_bash_operator.py for tasks to queue
[2025-04-10T13:50:36.081+0000] {logging_mixin.py:188} INFO - [2025-04-10T13:50:36.080+0000] {dagbag.py:540} INFO - Filling up the DagBag from /home/airflow/.local/lib/python3.12/site-packages/airflow/example_dags/example_bash_operator.py
[2025-04-10T13:50:36.105+0000] {processor.py:840} INFO - DAG(s) 'example_bash_operator' retrieved from /home/airflow/.local/lib/python3.12/site-packages/airflow/example_dags/example_bash_operator.py
[2025-04-10T13:50:36.164+0000] {logging_mixin.py:188} INFO - [2025-04-10T13:50:36.163+0000] {dag.py:3096} INFO - Sync 1 DAGs
[2025-04-10T13:50:36.214+0000] {logging_mixin.py:188} INFO - [2025-04-10T13:50:36.214+0000] {dag.py:3954} INFO - Setting next_dagrun for example_bash_operator to 2025-04-09 00:00:00+00:00, run_after=2025-04-10 00:00:00+00:00
[2025-04-10T13:50:36.253+0000] {processor.py:183} INFO - Processing /home/airflow/.local/lib/python3.12/site-packages/airflow/example_dags/example_bash_operator.py took 0.186 seconds
[2025-04-10T13:51:07.095+0000] {processor.py:161} INFO - Started process (PID=208) to work on /home/airflow/.local/lib/python3.12/site-packages/airflow/example_dags/example_bash_operator.py
[2025-04-10T13:51:07.096+0000] {processor.py:830} INFO - Processing file /home/airflow/.local/lib/python3.12/site-packages/airflow/example_dags/example_bash_operator.py for tasks to queue
[2025-04-10T13:51:07.100+0000] {logging_mixin.py:188} INFO - [2025-04-10T13:51:07.100+0000] {dagbag.py:540} INFO - Filling up the DagBag from /home/airflow/.local/lib/python3.12/site-packages/airflow/example_dags/example_bash_operator.py
[2025-04-10T13:51:07.119+0000] {processor.py:840} INFO - DAG(s) 'example_bash_operator' retrieved from /home/airflow/.local/lib/python3.12/site-packages/airflow/example_dags/example_bash_operator.py
[2025-04-10T13:51:07.169+0000] {logging_mixin.py:188} INFO - [2025-04-10T13:51:07.169+0000] {dag.py:3096} INFO - Sync 1 DAGs
[2025-04-10T13:51:07.210+0000] {logging_mixin.py:188} INFO - [2025-04-10T13:51:07.209+0000] {dag.py:3954} INFO - Setting next_dagrun for example_bash_operator to 2025-04-09 00:00:00+00:00, run_after=2025-04-10 00:00:00+00:00
[2025-04-10T13:51:07.244+0000] {processor.py:183} INFO - Processing /home/airflow/.local/lib/python3.12/site-packages/airflow/example_dags/example_bash_operator.py took 0.158 seconds
[2025-04-10T13:51:37.366+0000] {processor.py:161} INFO - Started process (PID=266) to work on /home/airflow/.local/lib/python3.12/site-packages/airflow/example_dags/example_bash_operator.py
[2025-04-10T13:51:37.368+0000] {processor.py:830} INFO - Processing file /home/airflow/.local/lib/python3.12/site-packages/airflow/example_dags/example_bash_operator.py for tasks to queue
[2025-04-10T13:51:37.371+0000] {logging_mixin.py:188} INFO - [2025-04-10T13:51:37.370+0000] {dagbag.py:540} INFO - Filling up the DagBag from /home/airflow/.local/lib/python3.12/site-packages/airflow/example_dags/example_bash_operator.py
[2025-04-10T13:51:37.390+0000] {processor.py:840} INFO - DAG(s) 'example_bash_operator' retrieved from /home/airflow/.local/lib/python3.12/site-packages/airflow/example_dags/example_bash_operator.py
[2025-04-10T13:51:37.447+0000] {logging_mixin.py:188} INFO - [2025-04-10T13:51:37.446+0000] {dag.py:3096} INFO - Sync 1 DAGs
[2025-04-10T13:51:37.497+0000] {logging_mixin.py:188} INFO - [2025-04-10T13:51:37.496+0000] {dag.py:3954} INFO - Setting next_dagrun for example_bash_operator to 2025-04-09 00:00:00+00:00, run_after=2025-04-10 00:00:00+00:00
[2025-04-10T13:51:37.537+0000] {processor.py:183} INFO - Processing /home/airflow/.local/lib/python3.12/site-packages/airflow/example_dags/example_bash_operator.py took 0.181 seconds
[2025-04-10T13:52:07.926+0000] {processor.py:161} INFO - Started process (PID=324) to work on /home/airflow/.local/lib/python3.12/site-packages/airflow/example_dags/example_bash_operator.py
[2025-04-10T13:52:07.927+0000] {processor.py:830} INFO - Processing file /home/airflow/.local/lib/python3.12/site-packages/airflow/example_dags/example_bash_operator.py for tasks to queue
[2025-04-10T13:52:07.931+0000] {logging_mixin.py:188} INFO - [2025-04-10T13:52:07.930+0000] {dagbag.py:540} INFO - Filling up the DagBag from /home/airflow/.local/lib/python3.12/site-packages/airflow/example_dags/example_bash_operator.py
[2025-04-10T13:52:07.953+0000] {processor.py:840} INFO - DAG(s) 'example_bash_operator' retrieved from /home/airflow/.local/lib/python3.12/site-packages/airflow/example_dags/example_bash_operator.py
[2025-04-10T13:52:08.006+0000] {logging_mixin.py:188} INFO - [2025-04-10T13:52:08.006+0000] {dag.py:3096} INFO - Sync 1 DAGs
[2025-04-10T13:52:08.052+0000] {logging_mixin.py:188} INFO - [2025-04-10T13:52:08.052+0000] {dag.py:3954} INFO - Setting next_dagrun for example_bash_operator to 2025-04-09 00:00:00+00:00, run_after=2025-04-10 00:00:00+00:00
[2025-04-10T13:52:08.090+0000] {processor.py:183} INFO - Processing /home/airflow/.local/lib/python3.12/site-packages/airflow/example_dags/example_bash_operator.py took 0.175 seconds
[2025-04-10T13:52:38.249+0000] {processor.py:161} INFO - Started process (PID=382) to work on /home/airflow/.local/lib/python3.12/site-packages/airflow/example_dags/example_bash_operator.py
[2025-04-10T13:52:38.251+0000] {processor.py:830} INFO - Processing file /home/airflow/.local/lib/python3.12/site-packages/airflow/example_dags/example_bash_operator.py for tasks to queue
[2025-04-10T13:52:38.255+0000] {logging_mixin.py:188} INFO - [2025-04-10T13:52:38.254+0000] {dagbag.py:540} INFO - Filling up the DagBag from /home/airflow/.local/lib/python3.12/site-packages/airflow/example_dags/example_bash_operator.py
[2025-04-10T13:52:38.280+0000] {processor.py:840} INFO - DAG(s) 'example_bash_operator' retrieved from /home/airflow/.local/lib/python3.12/site-packages/airflow/example_dags/example_bash_operator.py
[2025-04-10T13:52:38.337+0000] {logging_mixin.py:188} INFO - [2025-04-10T13:52:38.337+0000] {dag.py:3096} INFO - Sync 1 DAGs
[2025-04-10T13:52:38.384+0000] {logging_mixin.py:188} INFO - [2025-04-10T13:52:38.384+0000] {dag.py:3954} INFO - Setting next_dagrun for example_bash_operator to 2025-04-09 00:00:00+00:00, run_after=2025-04-10 00:00:00+00:00
[2025-04-10T13:52:38.421+0000] {processor.py:183} INFO - Processing /home/airflow/.local/lib/python3.12/site-packages/airflow/example_dags/example_bash_operator.py took 0.182 seconds
[2025-04-10T13:53:08.596+0000] {processor.py:161} INFO - Started process (PID=440) to work on /home/airflow/.local/lib/python3.12/site-packages/airflow/example_dags/example_bash_operator.py
[2025-04-10T13:53:08.598+0000] {processor.py:830} INFO - Processing file /home/airflow/.local/lib/python3.12/site-packages/airflow/example_dags/example_bash_operator.py for tasks to queue
[2025-04-10T13:53:08.601+0000] {logging_mixin.py:188} INFO - [2025-04-10T13:53:08.600+0000] {dagbag.py:540} INFO - Filling up the DagBag from /home/airflow/.local/lib/python3.12/site-packages/airflow/example_dags/example_bash_operator.py
[2025-04-10T13:53:08.620+0000] {processor.py:840} INFO - DAG(s) 'example_bash_operator' retrieved from /home/airflow/.local/lib/python3.12/site-packages/airflow/example_dags/example_bash_operator.py
[2025-04-10T13:53:08.674+0000] {logging_mixin.py:188} INFO - [2025-04-10T13:53:08.674+0000] {dag.py:3096} INFO - Sync 1 DAGs
[2025-04-10T13:53:08.720+0000] {logging_mixin.py:188} INFO - [2025-04-10T13:53:08.720+0000] {dag.py:3954} INFO - Setting next_dagrun for example_bash_operator to 2025-04-09 00:00:00+00:00, run_after=2025-04-10 00:00:00+00:00
[2025-04-10T13:53:08.759+0000] {processor.py:183} INFO - Processing /home/airflow/.local/lib/python3.12/site-packages/airflow/example_dags/example_bash_operator.py took 0.174 seconds
[2025-04-10T13:53:38.955+0000] {processor.py:161} INFO - Started process (PID=498) to work on /home/airflow/.local/lib/python3.12/site-packages/airflow/example_dags/example_bash_operator.py
[2025-04-10T13:53:38.957+0000] {processor.py:830} INFO - Processing file /home/airflow/.local/lib/python3.12/site-packages/airflow/example_dags/example_bash_operator.py for tasks to queue
[2025-04-10T13:53:38.960+0000] {logging_mixin.py:188} INFO - [2025-04-10T13:53:38.959+0000] {dagbag.py:540} INFO - Filling up the DagBag from /home/airflow/.local/lib/python3.12/site-packages/airflow/example_dags/example_bash_operator.py
[2025-04-10T13:53:38.979+0000] {processor.py:840} INFO - DAG(s) 'example_bash_operator' retrieved from /home/airflow/.local/lib/python3.12/site-packages/airflow/example_dags/example_bash_operator.py
[2025-04-10T13:53:39.031+0000] {logging_mixin.py:188} INFO - [2025-04-10T13:53:39.031+0000] {dag.py:3096} INFO - Sync 1 DAGs
[2025-04-10T13:53:39.073+0000] {logging_mixin.py:188} INFO - [2025-04-10T13:53:39.072+0000] {dag.py:3954} INFO - Setting next_dagrun for example_bash_operator to 2025-04-09 00:00:00+00:00, run_after=2025-04-10 00:00:00+00:00
[2025-04-10T13:53:39.106+0000] {processor.py:183} INFO - Processing /home/airflow/.local/lib/python3.12/site-packages/airflow/example_dags/example_bash_operator.py took 0.161 seconds
[2025-04-10T13:54:09.474+0000] {processor.py:161} INFO - Started process (PID=556) to work on /home/airflow/.local/lib/python3.12/site-packages/airflow/example_dags/example_bash_operator.py
[2025-04-10T13:54:09.476+0000] {processor.py:830} INFO - Processing file /home/airflow/.local/lib/python3.12/site-packages/airflow/example_dags/example_bash_operator.py for tasks to queue
[2025-04-10T13:54:09.479+0000] {logging_mixin.py:188} INFO - [2025-04-10T13:54:09.479+0000] {dagbag.py:540} INFO - Filling up the DagBag from /home/airflow/.local/lib/python3.12/site-packages/airflow/example_dags/example_bash_operator.py
[2025-04-10T13:54:09.498+0000] {processor.py:840} INFO - DAG(s) 'example_bash_operator' retrieved from /home/airflow/.local/lib/python3.12/site-packages/airflow/example_dags/example_bash_operator.py
[2025-04-10T13:54:09.547+0000] {logging_mixin.py:188} INFO - [2025-04-10T13:54:09.547+0000] {dag.py:3096} INFO - Sync 1 DAGs
[2025-04-10T13:54:09.587+0000] {logging_mixin.py:188} INFO - [2025-04-10T13:54:09.586+0000] {dag.py:3954} INFO - Setting next_dagrun for example_bash_operator to 2025-04-09 00:00:00+00:00, run_after=2025-04-10 00:00:00+00:00
[2025-04-10T13:54:09.620+0000] {processor.py:183} INFO - Processing /home/airflow/.local/lib/python3.12/site-packages/airflow/example_dags/example_bash_operator.py took 0.155 seconds
[2025-04-10T13:54:40.493+0000] {processor.py:161} INFO - Started process (PID=614) to work on /home/airflow/.local/lib/python3.12/site-packages/airflow/example_dags/example_bash_operator.py
[2025-04-10T13:54:40.494+0000] {processor.py:830} INFO - Processing file /home/airflow/.local/lib/python3.12/site-packages/airflow/example_dags/example_bash_operator.py for tasks to queue
[2025-04-10T13:54:40.497+0000] {logging_mixin.py:188} INFO - [2025-04-10T13:54:40.497+0000] {dagbag.py:540} INFO - Filling up the DagBag from /home/airflow/.local/lib/python3.12/site-packages/airflow/example_dags/example_bash_operator.py
[2025-04-10T13:54:40.517+0000] {processor.py:840} INFO - DAG(s) 'example_bash_operator' retrieved from /home/airflow/.local/lib/python3.12/site-packages/airflow/example_dags/example_bash_operator.py
[2025-04-10T13:54:40.571+0000] {logging_mixin.py:188} INFO - [2025-04-10T13:54:40.571+0000] {dag.py:3096} INFO - Sync 1 DAGs
[2025-04-10T13:54:40.618+0000] {logging_mixin.py:188} INFO - [2025-04-10T13:54:40.618+0000] {dag.py:3954} INFO - Setting next_dagrun for example_bash_operator to 2025-04-09 00:00:00+00:00, run_after=2025-04-10 00:00:00+00:00
[2025-04-10T13:54:40.654+0000] {processor.py:183} INFO - Processing /home/airflow/.local/lib/python3.12/site-packages/airflow/example_dags/example_bash_operator.py took 0.172 seconds
[2025-04-10T13:55:10.936+0000] {processor.py:161} INFO - Started process (PID=674) to work on /home/airflow/.local/lib/python3.12/site-packages/airflow/example_dags/example_bash_operator.py
[2025-04-10T13:55:10.938+0000] {processor.py:830} INFO - Processing file /home/airflow/.local/lib/python3.12/site-packages/airflow/example_dags/example_bash_operator.py for tasks to queue
[2025-04-10T13:55:10.943+0000] {logging_mixin.py:188} INFO - [2025-04-10T13:55:10.943+0000] {dagbag.py:540} INFO - Filling up the DagBag from /home/airflow/.local/lib/python3.12/site-packages/airflow/example_dags/example_bash_operator.py
[2025-04-10T13:55:10.978+0000] {processor.py:840} INFO - DAG(s) 'example_bash_operator' retrieved from /home/airflow/.local/lib/python3.12/site-packages/airflow/example_dags/example_bash_operator.py
[2025-04-10T13:55:11.051+0000] {logging_mixin.py:188} INFO - [2025-04-10T13:55:11.051+0000] {dag.py:3096} INFO - Sync 1 DAGs
[2025-04-10T13:55:11.100+0000] {logging_mixin.py:188} INFO - [2025-04-10T13:55:11.100+0000] {dag.py:3954} INFO - Setting next_dagrun for example_bash_operator to 2025-04-09 00:00:00+00:00, run_after=2025-04-10 00:00:00+00:00
[2025-04-10T13:55:11.139+0000] {processor.py:183} INFO - Processing /home/airflow/.local/lib/python3.12/site-packages/airflow/example_dags/example_bash_operator.py took 0.221 seconds
[2025-04-10T13:55:41.404+0000] {processor.py:161} INFO - Started process (PID=734) to work on /home/airflow/.local/lib/python3.12/site-packages/airflow/example_dags/example_bash_operator.py
[2025-04-10T13:55:41.406+0000] {processor.py:830} INFO - Processing file /home/airflow/.local/lib/python3.12/site-packages/airflow/example_dags/example_bash_operator.py for tasks to queue
[2025-04-10T13:55:41.409+0000] {logging_mixin.py:188} INFO - [2025-04-10T13:55:41.408+0000] {dagbag.py:540} INFO - Filling up the DagBag from /home/airflow/.local/lib/python3.12/site-packages/airflow/example_dags/example_bash_operator.py
[2025-04-10T13:55:41.428+0000] {processor.py:840} INFO - DAG(s) 'example_bash_operator' retrieved from /home/airflow/.local/lib/python3.12/site-packages/airflow/example_dags/example_bash_operator.py
[2025-04-10T13:55:41.482+0000] {logging_mixin.py:188} INFO - [2025-04-10T13:55:41.482+0000] {dag.py:3096} INFO - Sync 1 DAGs
[2025-04-10T13:55:41.524+0000] {logging_mixin.py:188} INFO - [2025-04-10T13:55:41.524+0000] {dag.py:3954} INFO - Setting next_dagrun for example_bash_operator to 2025-04-09 00:00:00+00:00, run_after=2025-04-10 00:00:00+00:00
[2025-04-10T13:55:41.559+0000] {processor.py:183} INFO - Processing /home/airflow/.local/lib/python3.12/site-packages/airflow/example_dags/example_bash_operator.py took 0.164 seconds
[2025-04-10T13:56:12.135+0000] {processor.py:161} INFO - Started process (PID=794) to work on /home/airflow/.local/lib/python3.12/site-packages/airflow/example_dags/example_bash_operator.py
[2025-04-10T13:56:12.137+0000] {processor.py:830} INFO - Processing file /home/airflow/.local/lib/python3.12/site-packages/airflow/example_dags/example_bash_operator.py for tasks to queue
[2025-04-10T13:56:12.140+0000] {logging_mixin.py:188} INFO - [2025-04-10T13:56:12.139+0000] {dagbag.py:540} INFO - Filling up the DagBag from /home/airflow/.local/lib/python3.12/site-packages/airflow/example_dags/example_bash_operator.py
[2025-04-10T13:56:12.159+0000] {processor.py:840} INFO - DAG(s) 'example_bash_operator' retrieved from /home/airflow/.local/lib/python3.12/site-packages/airflow/example_dags/example_bash_operator.py
[2025-04-10T13:56:12.211+0000] {logging_mixin.py:188} INFO - [2025-04-10T13:56:12.211+0000] {dag.py:3096} INFO - Sync 1 DAGs
[2025-04-10T13:56:12.256+0000] {logging_mixin.py:188} INFO - [2025-04-10T13:56:12.256+0000] {dag.py:3954} INFO - Setting next_dagrun for example_bash_operator to 2025-04-09 00:00:00+00:00, run_after=2025-04-10 00:00:00+00:00
[2025-04-10T13:56:12.291+0000] {processor.py:183} INFO - Processing /home/airflow/.local/lib/python3.12/site-packages/airflow/example_dags/example_bash_operator.py took 0.165 seconds
[2025-04-10T13:56:42.606+0000] {processor.py:161} INFO - Started process (PID=854) to work on /home/airflow/.local/lib/python3.12/site-packages/airflow/example_dags/example_bash_operator.py
[2025-04-10T13:56:42.608+0000] {processor.py:830} INFO - Processing file /home/airflow/.local/lib/python3.12/site-packages/airflow/example_dags/example_bash_operator.py for tasks to queue
[2025-04-10T13:56:42.611+0000] {logging_mixin.py:188} INFO - [2025-04-10T13:56:42.611+0000] {dagbag.py:540} INFO - Filling up the DagBag from /home/airflow/.local/lib/python3.12/site-packages/airflow/example_dags/example_bash_operator.py
[2025-04-10T13:56:42.631+0000] {processor.py:840} INFO - DAG(s) 'example_bash_operator' retrieved from /home/airflow/.local/lib/python3.12/site-packages/airflow/example_dags/example_bash_operator.py
[2025-04-10T13:56:42.682+0000] {logging_mixin.py:188} INFO - [2025-04-10T13:56:42.682+0000] {dag.py:3096} INFO - Sync 1 DAGs
[2025-04-10T13:56:42.722+0000] {logging_mixin.py:188} INFO - [2025-04-10T13:56:42.722+0000] {dag.py:3954} INFO - Setting next_dagrun for example_bash_operator to 2025-04-09 00:00:00+00:00, run_after=2025-04-10 00:00:00+00:00
[2025-04-10T13:56:42.757+0000] {processor.py:183} INFO - Processing /home/airflow/.local/lib/python3.12/site-packages/airflow/example_dags/example_bash_operator.py took 0.160 seconds
[2025-04-10T13:57:12.828+0000] {processor.py:161} INFO - Started process (PID=914) to work on /home/airflow/.local/lib/python3.12/site-packages/airflow/example_dags/example_bash_operator.py
[2025-04-10T13:57:12.830+0000] {processor.py:830} INFO - Processing file /home/airflow/.local/lib/python3.12/site-packages/airflow/example_dags/example_bash_operator.py for tasks to queue
[2025-04-10T13:57:12.833+0000] {logging_mixin.py:188} INFO - [2025-04-10T13:57:12.833+0000] {dagbag.py:540} INFO - Filling up the DagBag from /home/airflow/.local/lib/python3.12/site-packages/airflow/example_dags/example_bash_operator.py
[2025-04-10T13:57:12.852+0000] {processor.py:840} INFO - DAG(s) 'example_bash_operator' retrieved from /home/airflow/.local/lib/python3.12/site-packages/airflow/example_dags/example_bash_operator.py
[2025-04-10T13:57:12.903+0000] {logging_mixin.py:188} INFO - [2025-04-10T13:57:12.902+0000] {dag.py:3096} INFO - Sync 1 DAGs
[2025-04-10T13:57:12.944+0000] {logging_mixin.py:188} INFO - [2025-04-10T13:57:12.944+0000] {dag.py:3954} INFO - Setting next_dagrun for example_bash_operator to 2025-04-09 00:00:00+00:00, run_after=2025-04-10 00:00:00+00:00
[2025-04-10T13:57:12.979+0000] {processor.py:183} INFO - Processing /home/airflow/.local/lib/python3.12/site-packages/airflow/example_dags/example_bash_operator.py took 0.160 seconds
[2025-04-10T13:57:43.141+0000] {processor.py:161} INFO - Started process (PID=974) to work on /home/airflow/.local/lib/python3.12/site-packages/airflow/example_dags/example_bash_operator.py
[2025-04-10T13:57:43.142+0000] {processor.py:830} INFO - Processing file /home/airflow/.local/lib/python3.12/site-packages/airflow/example_dags/example_bash_operator.py for tasks to queue
[2025-04-10T13:57:43.145+0000] {logging_mixin.py:188} INFO - [2025-04-10T13:57:43.145+0000] {dagbag.py:540} INFO - Filling up the DagBag from /home/airflow/.local/lib/python3.12/site-packages/airflow/example_dags/example_bash_operator.py
[2025-04-10T13:57:43.165+0000] {processor.py:840} INFO - DAG(s) 'example_bash_operator' retrieved from /home/airflow/.local/lib/python3.12/site-packages/airflow/example_dags/example_bash_operator.py
[2025-04-10T13:57:43.216+0000] {logging_mixin.py:188} INFO - [2025-04-10T13:57:43.216+0000] {dag.py:3096} INFO - Sync 1 DAGs
[2025-04-10T13:57:43.258+0000] {logging_mixin.py:188} INFO - [2025-04-10T13:57:43.258+0000] {dag.py:3954} INFO - Setting next_dagrun for example_bash_operator to 2025-04-09 00:00:00+00:00, run_after=2025-04-10 00:00:00+00:00
[2025-04-10T13:57:43.293+0000] {processor.py:183} INFO - Processing /home/airflow/.local/lib/python3.12/site-packages/airflow/example_dags/example_bash_operator.py took 0.162 seconds
[2025-04-10T13:58:14.071+0000] {processor.py:161} INFO - Started process (PID=1034) to work on /home/airflow/.local/lib/python3.12/site-packages/airflow/example_dags/example_bash_operator.py
[2025-04-10T13:58:14.073+0000] {processor.py:830} INFO - Processing file /home/airflow/.local/lib/python3.12/site-packages/airflow/example_dags/example_bash_operator.py for tasks to queue
[2025-04-10T13:58:14.076+0000] {logging_mixin.py:188} INFO - [2025-04-10T13:58:14.075+0000] {dagbag.py:540} INFO - Filling up the DagBag from /home/airflow/.local/lib/python3.12/site-packages/airflow/example_dags/example_bash_operator.py
[2025-04-10T13:58:14.102+0000] {processor.py:840} INFO - DAG(s) 'example_bash_operator' retrieved from /home/airflow/.local/lib/python3.12/site-packages/airflow/example_dags/example_bash_operator.py
[2025-04-10T13:58:14.154+0000] {logging_mixin.py:188} INFO - [2025-04-10T13:58:14.153+0000] {dag.py:3096} INFO - Sync 1 DAGs
[2025-04-10T13:58:14.195+0000] {logging_mixin.py:188} INFO - [2025-04-10T13:58:14.194+0000] {dag.py:3954} INFO - Setting next_dagrun for example_bash_operator to 2025-04-09 00:00:00+00:00, run_after=2025-04-10 00:00:00+00:00
[2025-04-10T13:58:14.228+0000] {processor.py:183} INFO - Processing /home/airflow/.local/lib/python3.12/site-packages/airflow/example_dags/example_bash_operator.py took 0.167 seconds
[2025-04-10T13:58:44.330+0000] {processor.py:161} INFO - Started process (PID=1094) to work on /home/airflow/.local/lib/python3.12/site-packages/airflow/example_dags/example_bash_operator.py
[2025-04-10T13:58:44.333+0000] {processor.py:830} INFO - Processing file /home/airflow/.local/lib/python3.12/site-packages/airflow/example_dags/example_bash_operator.py for tasks to queue
[2025-04-10T13:58:44.338+0000] {logging_mixin.py:188} INFO - [2025-04-10T13:58:44.337+0000] {dagbag.py:540} INFO - Filling up the DagBag from /home/airflow/.local/lib/python3.12/site-packages/airflow/example_dags/example_bash_operator.py
[2025-04-10T13:58:44.372+0000] {processor.py:840} INFO - DAG(s) 'example_bash_operator' retrieved from /home/airflow/.local/lib/python3.12/site-packages/airflow/example_dags/example_bash_operator.py
[2025-04-10T13:58:44.428+0000] {logging_mixin.py:188} INFO - [2025-04-10T13:58:44.427+0000] {dag.py:3096} INFO - Sync 1 DAGs
[2025-04-10T13:58:44.479+0000] {logging_mixin.py:188} INFO - [2025-04-10T13:58:44.479+0000] {dag.py:3954} INFO - Setting next_dagrun for example_bash_operator to 2025-04-09 00:00:00+00:00, run_after=2025-04-10 00:00:00+00:00
[2025-04-10T13:58:44.521+0000] {processor.py:183} INFO - Processing /home/airflow/.local/lib/python3.12/site-packages/airflow/example_dags/example_bash_operator.py took 0.206 seconds
[2025-04-10T13:59:16.058+0000] {processor.py:161} INFO - Started process (PID=1155) to work on /home/airflow/.local/lib/python3.12/site-packages/airflow/example_dags/example_bash_operator.py
[2025-04-10T13:59:16.060+0000] {processor.py:830} INFO - Processing file /home/airflow/.local/lib/python3.12/site-packages/airflow/example_dags/example_bash_operator.py for tasks to queue
[2025-04-10T13:59:16.064+0000] {logging_mixin.py:188} INFO - [2025-04-10T13:59:16.063+0000] {dagbag.py:540} INFO - Filling up the DagBag from /home/airflow/.local/lib/python3.12/site-packages/airflow/example_dags/example_bash_operator.py
[2025-04-10T13:59:16.090+0000] {processor.py:840} INFO - DAG(s) 'example_bash_operator' retrieved from /home/airflow/.local/lib/python3.12/site-packages/airflow/example_dags/example_bash_operator.py
[2025-04-10T13:59:16.156+0000] {logging_mixin.py:188} INFO - [2025-04-10T13:59:16.155+0000] {dag.py:3096} INFO - Sync 1 DAGs
[2025-04-10T13:59:16.215+0000] {logging_mixin.py:188} INFO - [2025-04-10T13:59:16.214+0000] {dag.py:3954} INFO - Setting next_dagrun for example_bash_operator to 2025-04-09 00:00:00+00:00, run_after=2025-04-10 00:00:00+00:00
[2025-04-10T13:59:16.265+0000] {processor.py:183} INFO - Processing /home/airflow/.local/lib/python3.12/site-packages/airflow/example_dags/example_bash_operator.py took 0.218 seconds
[2025-04-10T13:59:46.964+0000] {processor.py:161} INFO - Started process (PID=1215) to work on /home/airflow/.local/lib/python3.12/site-packages/airflow/example_dags/example_bash_operator.py
[2025-04-10T13:59:46.965+0000] {processor.py:830} INFO - Processing file /home/airflow/.local/lib/python3.12/site-packages/airflow/example_dags/example_bash_operator.py for tasks to queue
[2025-04-10T13:59:46.969+0000] {logging_mixin.py:188} INFO - [2025-04-10T13:59:46.968+0000] {dagbag.py:540} INFO - Filling up the DagBag from /home/airflow/.local/lib/python3.12/site-packages/airflow/example_dags/example_bash_operator.py
[2025-04-10T13:59:46.988+0000] {processor.py:840} INFO - DAG(s) 'example_bash_operator' retrieved from /home/airflow/.local/lib/python3.12/site-packages/airflow/example_dags/example_bash_operator.py
[2025-04-10T13:59:47.040+0000] {logging_mixin.py:188} INFO - [2025-04-10T13:59:47.039+0000] {dag.py:3096} INFO - Sync 1 DAGs
[2025-04-10T13:59:47.273+0000] {logging_mixin.py:188} INFO - [2025-04-10T13:59:47.273+0000] {dag.py:3954} INFO - Setting next_dagrun for example_bash_operator to 2025-04-09 00:00:00+00:00, run_after=2025-04-10 00:00:00+00:00
[2025-04-10T13:59:47.308+0000] {processor.py:183} INFO - Processing /home/airflow/.local/lib/python3.12/site-packages/airflow/example_dags/example_bash_operator.py took 0.354 seconds
[2025-04-10T14:00:18.213+0000] {processor.py:161} INFO - Started process (PID=1275) to work on /home/airflow/.local/lib/python3.12/site-packages/airflow/example_dags/example_bash_operator.py
[2025-04-10T14:00:18.215+0000] {processor.py:830} INFO - Processing file /home/airflow/.local/lib/python3.12/site-packages/airflow/example_dags/example_bash_operator.py for tasks to queue
[2025-04-10T14:00:18.218+0000] {logging_mixin.py:188} INFO - [2025-04-10T14:00:18.218+0000] {dagbag.py:540} INFO - Filling up the DagBag from /home/airflow/.local/lib/python3.12/site-packages/airflow/example_dags/example_bash_operator.py
[2025-04-10T14:00:18.239+0000] {processor.py:840} INFO - DAG(s) 'example_bash_operator' retrieved from /home/airflow/.local/lib/python3.12/site-packages/airflow/example_dags/example_bash_operator.py
[2025-04-10T14:00:18.306+0000] {logging_mixin.py:188} INFO - [2025-04-10T14:00:18.305+0000] {dag.py:3096} INFO - Sync 1 DAGs
[2025-04-10T14:00:18.356+0000] {logging_mixin.py:188} INFO - [2025-04-10T14:00:18.355+0000] {dag.py:3954} INFO - Setting next_dagrun for example_bash_operator to 2025-04-09 00:00:00+00:00, run_after=2025-04-10 00:00:00+00:00
[2025-04-10T14:00:18.585+0000] {processor.py:183} INFO - Processing /home/airflow/.local/lib/python3.12/site-packages/airflow/example_dags/example_bash_operator.py took 0.381 seconds
[2025-04-10T14:00:48.766+0000] {processor.py:161} INFO - Started process (PID=1336) to work on /home/airflow/.local/lib/python3.12/site-packages/airflow/example_dags/example_bash_operator.py
[2025-04-10T14:00:48.768+0000] {processor.py:830} INFO - Processing file /home/airflow/.local/lib/python3.12/site-packages/airflow/example_dags/example_bash_operator.py for tasks to queue
[2025-04-10T14:00:48.772+0000] {logging_mixin.py:188} INFO - [2025-04-10T14:00:48.771+0000] {dagbag.py:540} INFO - Filling up the DagBag from /home/airflow/.local/lib/python3.12/site-packages/airflow/example_dags/example_bash_operator.py
[2025-04-10T14:00:48.801+0000] {processor.py:840} INFO - DAG(s) 'example_bash_operator' retrieved from /home/airflow/.local/lib/python3.12/site-packages/airflow/example_dags/example_bash_operator.py
[2025-04-10T14:00:48.860+0000] {logging_mixin.py:188} INFO - [2025-04-10T14:00:48.860+0000] {dag.py:3096} INFO - Sync 1 DAGs
[2025-04-10T14:00:48.903+0000] {logging_mixin.py:188} INFO - [2025-04-10T14:00:48.902+0000] {dag.py:3954} INFO - Setting next_dagrun for example_bash_operator to 2025-04-09 00:00:00+00:00, run_after=2025-04-10 00:00:00+00:00
[2025-04-10T14:00:48.942+0000] {processor.py:183} INFO - Processing /home/airflow/.local/lib/python3.12/site-packages/airflow/example_dags/example_bash_operator.py took 0.189 seconds
[2025-04-10T14:01:19.678+0000] {processor.py:161} INFO - Started process (PID=1396) to work on /home/airflow/.local/lib/python3.12/site-packages/airflow/example_dags/example_bash_operator.py
[2025-04-10T14:01:19.679+0000] {processor.py:830} INFO - Processing file /home/airflow/.local/lib/python3.12/site-packages/airflow/example_dags/example_bash_operator.py for tasks to queue
[2025-04-10T14:01:19.682+0000] {logging_mixin.py:188} INFO - [2025-04-10T14:01:19.682+0000] {dagbag.py:540} INFO - Filling up the DagBag from /home/airflow/.local/lib/python3.12/site-packages/airflow/example_dags/example_bash_operator.py
[2025-04-10T14:01:19.701+0000] {processor.py:840} INFO - DAG(s) 'example_bash_operator' retrieved from /home/airflow/.local/lib/python3.12/site-packages/airflow/example_dags/example_bash_operator.py
[2025-04-10T14:01:19.751+0000] {logging_mixin.py:188} INFO - [2025-04-10T14:01:19.750+0000] {dag.py:3096} INFO - Sync 1 DAGs
[2025-04-10T14:01:19.792+0000] {logging_mixin.py:188} INFO - [2025-04-10T14:01:19.792+0000] {dag.py:3954} INFO - Setting next_dagrun for example_bash_operator to 2025-04-09 00:00:00+00:00, run_after=2025-04-10 00:00:00+00:00
[2025-04-10T14:01:19.825+0000] {processor.py:183} INFO - Processing /home/airflow/.local/lib/python3.12/site-packages/airflow/example_dags/example_bash_operator.py took 0.157 seconds
[2025-04-10T14:01:50.310+0000] {processor.py:161} INFO - Started process (PID=1456) to work on /home/airflow/.local/lib/python3.12/site-packages/airflow/example_dags/example_bash_operator.py
[2025-04-10T14:01:50.312+0000] {processor.py:830} INFO - Processing file /home/airflow/.local/lib/python3.12/site-packages/airflow/example_dags/example_bash_operator.py for tasks to queue
[2025-04-10T14:01:50.315+0000] {logging_mixin.py:188} INFO - [2025-04-10T14:01:50.314+0000] {dagbag.py:540} INFO - Filling up the DagBag from /home/airflow/.local/lib/python3.12/site-packages/airflow/example_dags/example_bash_operator.py
[2025-04-10T14:01:50.334+0000] {processor.py:840} INFO - DAG(s) 'example_bash_operator' retrieved from /home/airflow/.local/lib/python3.12/site-packages/airflow/example_dags/example_bash_operator.py
[2025-04-10T14:01:50.387+0000] {logging_mixin.py:188} INFO - [2025-04-10T14:01:50.387+0000] {dag.py:3096} INFO - Sync 1 DAGs
[2025-04-10T14:01:50.429+0000] {logging_mixin.py:188} INFO - [2025-04-10T14:01:50.428+0000] {dag.py:3954} INFO - Setting next_dagrun for example_bash_operator to 2025-04-09 00:00:00+00:00, run_after=2025-04-10 00:00:00+00:00
[2025-04-10T14:01:50.461+0000] {processor.py:183} INFO - Processing /home/airflow/.local/lib/python3.12/site-packages/airflow/example_dags/example_bash_operator.py took 0.160 seconds
[2025-04-10T14:02:21.352+0000] {processor.py:161} INFO - Started process (PID=1516) to work on /home/airflow/.local/lib/python3.12/site-packages/airflow/example_dags/example_bash_operator.py
[2025-04-10T14:02:21.354+0000] {processor.py:830} INFO - Processing file /home/airflow/.local/lib/python3.12/site-packages/airflow/example_dags/example_bash_operator.py for tasks to queue
[2025-04-10T14:02:21.357+0000] {logging_mixin.py:188} INFO - [2025-04-10T14:02:21.356+0000] {dagbag.py:540} INFO - Filling up the DagBag from /home/airflow/.local/lib/python3.12/site-packages/airflow/example_dags/example_bash_operator.py
[2025-04-10T14:02:21.376+0000] {processor.py:840} INFO - DAG(s) 'example_bash_operator' retrieved from /home/airflow/.local/lib/python3.12/site-packages/airflow/example_dags/example_bash_operator.py
[2025-04-10T14:02:21.429+0000] {logging_mixin.py:188} INFO - [2025-04-10T14:02:21.428+0000] {dag.py:3096} INFO - Sync 1 DAGs
[2025-04-10T14:02:21.472+0000] {logging_mixin.py:188} INFO - [2025-04-10T14:02:21.471+0000] {dag.py:3954} INFO - Setting next_dagrun for example_bash_operator to 2025-04-09 00:00:00+00:00, run_after=2025-04-10 00:00:00+00:00
[2025-04-10T14:02:21.510+0000] {processor.py:183} INFO - Processing /home/airflow/.local/lib/python3.12/site-packages/airflow/example_dags/example_bash_operator.py took 0.168 seconds
[2025-04-10T14:02:52.588+0000] {processor.py:161} INFO - Started process (PID=1576) to work on /home/airflow/.local/lib/python3.12/site-packages/airflow/example_dags/example_bash_operator.py
[2025-04-10T14:02:52.590+0000] {processor.py:830} INFO - Processing file /home/airflow/.local/lib/python3.12/site-packages/airflow/example_dags/example_bash_operator.py for tasks to queue
[2025-04-10T14:02:52.592+0000] {logging_mixin.py:188} INFO - [2025-04-10T14:02:52.592+0000] {dagbag.py:540} INFO - Filling up the DagBag from /home/airflow/.local/lib/python3.12/site-packages/airflow/example_dags/example_bash_operator.py
[2025-04-10T14:02:52.611+0000] {processor.py:840} INFO - DAG(s) 'example_bash_operator' retrieved from /home/airflow/.local/lib/python3.12/site-packages/airflow/example_dags/example_bash_operator.py
[2025-04-10T14:02:52.661+0000] {logging_mixin.py:188} INFO - [2025-04-10T14:02:52.661+0000] {dag.py:3096} INFO - Sync 1 DAGs
[2025-04-10T14:02:52.705+0000] {logging_mixin.py:188} INFO - [2025-04-10T14:02:52.705+0000] {dag.py:3954} INFO - Setting next_dagrun for example_bash_operator to 2025-04-09 00:00:00+00:00, run_after=2025-04-10 00:00:00+00:00
[2025-04-10T14:02:52.742+0000] {processor.py:183} INFO - Processing /home/airflow/.local/lib/python3.12/site-packages/airflow/example_dags/example_bash_operator.py took 0.164 seconds
[2025-04-10T14:03:23.324+0000] {processor.py:161} INFO - Started process (PID=1636) to work on /home/airflow/.local/lib/python3.12/site-packages/airflow/example_dags/example_bash_operator.py
[2025-04-10T14:03:23.326+0000] {processor.py:830} INFO - Processing file /home/airflow/.local/lib/python3.12/site-packages/airflow/example_dags/example_bash_operator.py for tasks to queue
[2025-04-10T14:03:23.329+0000] {logging_mixin.py:188} INFO - [2025-04-10T14:03:23.328+0000] {dagbag.py:540} INFO - Filling up the DagBag from /home/airflow/.local/lib/python3.12/site-packages/airflow/example_dags/example_bash_operator.py
[2025-04-10T14:03:23.348+0000] {processor.py:840} INFO - DAG(s) 'example_bash_operator' retrieved from /home/airflow/.local/lib/python3.12/site-packages/airflow/example_dags/example_bash_operator.py
[2025-04-10T14:03:23.399+0000] {logging_mixin.py:188} INFO - [2025-04-10T14:03:23.398+0000] {dag.py:3096} INFO - Sync 1 DAGs
[2025-04-10T14:03:23.442+0000] {logging_mixin.py:188} INFO - [2025-04-10T14:03:23.442+0000] {dag.py:3954} INFO - Setting next_dagrun for example_bash_operator to 2025-04-09 00:00:00+00:00, run_after=2025-04-10 00:00:00+00:00
[2025-04-10T14:03:23.475+0000] {processor.py:183} INFO - Processing /home/airflow/.local/lib/python3.12/site-packages/airflow/example_dags/example_bash_operator.py took 0.161 seconds
[2025-04-10T14:03:53.960+0000] {processor.py:161} INFO - Started process (PID=1696) to work on /home/airflow/.local/lib/python3.12/site-packages/airflow/example_dags/example_bash_operator.py
[2025-04-10T14:03:53.962+0000] {processor.py:830} INFO - Processing file /home/airflow/.local/lib/python3.12/site-packages/airflow/example_dags/example_bash_operator.py for tasks to queue
[2025-04-10T14:03:53.971+0000] {logging_mixin.py:188} INFO - [2025-04-10T14:03:53.970+0000] {dagbag.py:540} INFO - Filling up the DagBag from /home/airflow/.local/lib/python3.12/site-packages/airflow/example_dags/example_bash_operator.py
[2025-04-10T14:03:53.993+0000] {processor.py:840} INFO - DAG(s) 'example_bash_operator' retrieved from /home/airflow/.local/lib/python3.12/site-packages/airflow/example_dags/example_bash_operator.py
[2025-04-10T14:03:54.054+0000] {logging_mixin.py:188} INFO - [2025-04-10T14:03:54.054+0000] {dag.py:3096} INFO - Sync 1 DAGs
[2025-04-10T14:03:54.098+0000] {logging_mixin.py:188} INFO - [2025-04-10T14:03:54.098+0000] {dag.py:3954} INFO - Setting next_dagrun for example_bash_operator to 2025-04-09 00:00:00+00:00, run_after=2025-04-10 00:00:00+00:00
[2025-04-10T14:03:54.133+0000] {processor.py:183} INFO - Processing /home/airflow/.local/lib/python3.12/site-packages/airflow/example_dags/example_bash_operator.py took 0.185 seconds
[2025-04-10T14:04:24.856+0000] {processor.py:161} INFO - Started process (PID=1757) to work on /home/airflow/.local/lib/python3.12/site-packages/airflow/example_dags/example_bash_operator.py
[2025-04-10T14:04:24.858+0000] {processor.py:830} INFO - Processing file /home/airflow/.local/lib/python3.12/site-packages/airflow/example_dags/example_bash_operator.py for tasks to queue
[2025-04-10T14:04:24.862+0000] {logging_mixin.py:188} INFO - [2025-04-10T14:04:24.861+0000] {dagbag.py:540} INFO - Filling up the DagBag from /home/airflow/.local/lib/python3.12/site-packages/airflow/example_dags/example_bash_operator.py
[2025-04-10T14:04:24.883+0000] {processor.py:840} INFO - DAG(s) 'example_bash_operator' retrieved from /home/airflow/.local/lib/python3.12/site-packages/airflow/example_dags/example_bash_operator.py
[2025-04-10T14:04:24.937+0000] {logging_mixin.py:188} INFO - [2025-04-10T14:04:24.937+0000] {dag.py:3096} INFO - Sync 1 DAGs
[2025-04-10T14:04:24.982+0000] {logging_mixin.py:188} INFO - [2025-04-10T14:04:24.981+0000] {dag.py:3954} INFO - Setting next_dagrun for example_bash_operator to 2025-04-09 00:00:00+00:00, run_after=2025-04-10 00:00:00+00:00
[2025-04-10T14:04:25.015+0000] {processor.py:183} INFO - Processing /home/airflow/.local/lib/python3.12/site-packages/airflow/example_dags/example_bash_operator.py took 0.169 seconds
[2025-04-10T14:04:55.413+0000] {processor.py:161} INFO - Started process (PID=1817) to work on /home/airflow/.local/lib/python3.12/site-packages/airflow/example_dags/example_bash_operator.py
[2025-04-10T14:04:55.415+0000] {processor.py:830} INFO - Processing file /home/airflow/.local/lib/python3.12/site-packages/airflow/example_dags/example_bash_operator.py for tasks to queue
[2025-04-10T14:04:55.417+0000] {logging_mixin.py:188} INFO - [2025-04-10T14:04:55.417+0000] {dagbag.py:540} INFO - Filling up the DagBag from /home/airflow/.local/lib/python3.12/site-packages/airflow/example_dags/example_bash_operator.py
[2025-04-10T14:04:55.437+0000] {processor.py:840} INFO - DAG(s) 'example_bash_operator' retrieved from /home/airflow/.local/lib/python3.12/site-packages/airflow/example_dags/example_bash_operator.py
[2025-04-10T14:04:55.490+0000] {logging_mixin.py:188} INFO - [2025-04-10T14:04:55.489+0000] {dag.py:3096} INFO - Sync 1 DAGs
[2025-04-10T14:04:55.533+0000] {logging_mixin.py:188} INFO - [2025-04-10T14:04:55.532+0000] {dag.py:3954} INFO - Setting next_dagrun for example_bash_operator to 2025-04-09 00:00:00+00:00, run_after=2025-04-10 00:00:00+00:00
[2025-04-10T14:04:55.566+0000] {processor.py:183} INFO - Processing /home/airflow/.local/lib/python3.12/site-packages/airflow/example_dags/example_bash_operator.py took 0.165 seconds
[2025-04-10T14:05:25.728+0000] {processor.py:161} INFO - Started process (PID=1876) to work on /home/airflow/.local/lib/python3.12/site-packages/airflow/example_dags/example_bash_operator.py
[2025-04-10T14:05:25.729+0000] {processor.py:830} INFO - Processing file /home/airflow/.local/lib/python3.12/site-packages/airflow/example_dags/example_bash_operator.py for tasks to queue
[2025-04-10T14:05:25.733+0000] {logging_mixin.py:188} INFO - [2025-04-10T14:05:25.732+0000] {dagbag.py:540} INFO - Filling up the DagBag from /home/airflow/.local/lib/python3.12/site-packages/airflow/example_dags/example_bash_operator.py
[2025-04-10T14:05:25.752+0000] {processor.py:840} INFO - DAG(s) 'example_bash_operator' retrieved from /home/airflow/.local/lib/python3.12/site-packages/airflow/example_dags/example_bash_operator.py
[2025-04-10T14:05:25.805+0000] {logging_mixin.py:188} INFO - [2025-04-10T14:05:25.804+0000] {dag.py:3096} INFO - Sync 1 DAGs
[2025-04-10T14:05:25.846+0000] {logging_mixin.py:188} INFO - [2025-04-10T14:05:25.846+0000] {dag.py:3954} INFO - Setting next_dagrun for example_bash_operator to 2025-04-09 00:00:00+00:00, run_after=2025-04-10 00:00:00+00:00
[2025-04-10T14:05:25.881+0000] {processor.py:183} INFO - Processing /home/airflow/.local/lib/python3.12/site-packages/airflow/example_dags/example_bash_operator.py took 0.163 seconds
[2025-04-10T14:05:55.963+0000] {processor.py:161} INFO - Started process (PID=1935) to work on /home/airflow/.local/lib/python3.12/site-packages/airflow/example_dags/example_bash_operator.py
[2025-04-10T14:05:55.965+0000] {processor.py:830} INFO - Processing file /home/airflow/.local/lib/python3.12/site-packages/airflow/example_dags/example_bash_operator.py for tasks to queue
[2025-04-10T14:05:55.967+0000] {logging_mixin.py:188} INFO - [2025-04-10T14:05:55.967+0000] {dagbag.py:540} INFO - Filling up the DagBag from /home/airflow/.local/lib/python3.12/site-packages/airflow/example_dags/example_bash_operator.py
[2025-04-10T14:05:55.987+0000] {processor.py:840} INFO - DAG(s) 'example_bash_operator' retrieved from /home/airflow/.local/lib/python3.12/site-packages/airflow/example_dags/example_bash_operator.py
[2025-04-10T14:05:56.040+0000] {logging_mixin.py:188} INFO - [2025-04-10T14:05:56.039+0000] {dag.py:3096} INFO - Sync 1 DAGs
[2025-04-10T14:05:56.081+0000] {logging_mixin.py:188} INFO - [2025-04-10T14:05:56.081+0000] {dag.py:3954} INFO - Setting next_dagrun for example_bash_operator to 2025-04-09 00:00:00+00:00, run_after=2025-04-10 00:00:00+00:00
[2025-04-10T14:05:56.114+0000] {processor.py:183} INFO - Processing /home/airflow/.local/lib/python3.12/site-packages/airflow/example_dags/example_bash_operator.py took 0.161 seconds
[2025-04-10T14:06:26.401+0000] {processor.py:161} INFO - Started process (PID=1995) to work on /home/airflow/.local/lib/python3.12/site-packages/airflow/example_dags/example_bash_operator.py
[2025-04-10T14:06:26.403+0000] {processor.py:830} INFO - Processing file /home/airflow/.local/lib/python3.12/site-packages/airflow/example_dags/example_bash_operator.py for tasks to queue
[2025-04-10T14:06:26.406+0000] {logging_mixin.py:188} INFO - [2025-04-10T14:06:26.405+0000] {dagbag.py:540} INFO - Filling up the DagBag from /home/airflow/.local/lib/python3.12/site-packages/airflow/example_dags/example_bash_operator.py
[2025-04-10T14:06:26.426+0000] {processor.py:840} INFO - DAG(s) 'example_bash_operator' retrieved from /home/airflow/.local/lib/python3.12/site-packages/airflow/example_dags/example_bash_operator.py
[2025-04-10T14:06:26.475+0000] {logging_mixin.py:188} INFO - [2025-04-10T14:06:26.475+0000] {dag.py:3096} INFO - Sync 1 DAGs
[2025-04-10T14:06:26.518+0000] {logging_mixin.py:188} INFO - [2025-04-10T14:06:26.517+0000] {dag.py:3954} INFO - Setting next_dagrun for example_bash_operator to 2025-04-09 00:00:00+00:00, run_after=2025-04-10 00:00:00+00:00
[2025-04-10T14:06:26.553+0000] {processor.py:183} INFO - Processing /home/airflow/.local/lib/python3.12/site-packages/airflow/example_dags/example_bash_operator.py took 0.162 seconds
[2025-04-10T14:06:56.786+0000] {processor.py:161} INFO - Started process (PID=2055) to work on /home/airflow/.local/lib/python3.12/site-packages/airflow/example_dags/example_bash_operator.py
[2025-04-10T14:06:56.788+0000] {processor.py:830} INFO - Processing file /home/airflow/.local/lib/python3.12/site-packages/airflow/example_dags/example_bash_operator.py for tasks to queue
[2025-04-10T14:06:56.792+0000] {logging_mixin.py:188} INFO - [2025-04-10T14:06:56.791+0000] {dagbag.py:540} INFO - Filling up the DagBag from /home/airflow/.local/lib/python3.12/site-packages/airflow/example_dags/example_bash_operator.py
[2025-04-10T14:06:56.816+0000] {processor.py:840} INFO - DAG(s) 'example_bash_operator' retrieved from /home/airflow/.local/lib/python3.12/site-packages/airflow/example_dags/example_bash_operator.py
[2025-04-10T14:06:56.868+0000] {logging_mixin.py:188} INFO - [2025-04-10T14:06:56.868+0000] {dag.py:3096} INFO - Sync 1 DAGs
[2025-04-10T14:06:56.911+0000] {logging_mixin.py:188} INFO - [2025-04-10T14:06:56.911+0000] {dag.py:3954} INFO - Setting next_dagrun for example_bash_operator to 2025-04-09 00:00:00+00:00, run_after=2025-04-10 00:00:00+00:00
[2025-04-10T14:06:56.947+0000] {processor.py:183} INFO - Processing /home/airflow/.local/lib/python3.12/site-packages/airflow/example_dags/example_bash_operator.py took 0.171 seconds
[2025-04-10T14:07:27.364+0000] {processor.py:161} INFO - Started process (PID=2115) to work on /home/airflow/.local/lib/python3.12/site-packages/airflow/example_dags/example_bash_operator.py
[2025-04-10T14:07:27.365+0000] {processor.py:830} INFO - Processing file /home/airflow/.local/lib/python3.12/site-packages/airflow/example_dags/example_bash_operator.py for tasks to queue
[2025-04-10T14:07:27.368+0000] {logging_mixin.py:188} INFO - [2025-04-10T14:07:27.368+0000] {dagbag.py:540} INFO - Filling up the DagBag from /home/airflow/.local/lib/python3.12/site-packages/airflow/example_dags/example_bash_operator.py
[2025-04-10T14:07:27.387+0000] {processor.py:840} INFO - DAG(s) 'example_bash_operator' retrieved from /home/airflow/.local/lib/python3.12/site-packages/airflow/example_dags/example_bash_operator.py
[2025-04-10T14:07:27.441+0000] {logging_mixin.py:188} INFO - [2025-04-10T14:07:27.440+0000] {dag.py:3096} INFO - Sync 1 DAGs
[2025-04-10T14:07:27.483+0000] {logging_mixin.py:188} INFO - [2025-04-10T14:07:27.482+0000] {dag.py:3954} INFO - Setting next_dagrun for example_bash_operator to 2025-04-09 00:00:00+00:00, run_after=2025-04-10 00:00:00+00:00
[2025-04-10T14:07:27.516+0000] {processor.py:183} INFO - Processing /home/airflow/.local/lib/python3.12/site-packages/airflow/example_dags/example_bash_operator.py took 0.162 seconds
[2025-04-10T14:07:57.843+0000] {processor.py:161} INFO - Started process (PID=2175) to work on /home/airflow/.local/lib/python3.12/site-packages/airflow/example_dags/example_bash_operator.py
[2025-04-10T14:07:57.844+0000] {processor.py:830} INFO - Processing file /home/airflow/.local/lib/python3.12/site-packages/airflow/example_dags/example_bash_operator.py for tasks to queue
[2025-04-10T14:07:57.847+0000] {logging_mixin.py:188} INFO - [2025-04-10T14:07:57.847+0000] {dagbag.py:540} INFO - Filling up the DagBag from /home/airflow/.local/lib/python3.12/site-packages/airflow/example_dags/example_bash_operator.py
[2025-04-10T14:07:57.868+0000] {processor.py:840} INFO - DAG(s) 'example_bash_operator' retrieved from /home/airflow/.local/lib/python3.12/site-packages/airflow/example_dags/example_bash_operator.py
[2025-04-10T14:07:57.919+0000] {logging_mixin.py:188} INFO - [2025-04-10T14:07:57.918+0000] {dag.py:3096} INFO - Sync 1 DAGs
[2025-04-10T14:07:57.962+0000] {logging_mixin.py:188} INFO - [2025-04-10T14:07:57.962+0000] {dag.py:3954} INFO - Setting next_dagrun for example_bash_operator to 2025-04-09 00:00:00+00:00, run_after=2025-04-10 00:00:00+00:00
[2025-04-10T14:07:57.993+0000] {processor.py:183} INFO - Processing /home/airflow/.local/lib/python3.12/site-packages/airflow/example_dags/example_bash_operator.py took 0.160 seconds
[2025-04-10T14:08:28.421+0000] {processor.py:161} INFO - Started process (PID=2235) to work on /home/airflow/.local/lib/python3.12/site-packages/airflow/example_dags/example_bash_operator.py
[2025-04-10T14:08:28.423+0000] {processor.py:830} INFO - Processing file /home/airflow/.local/lib/python3.12/site-packages/airflow/example_dags/example_bash_operator.py for tasks to queue
[2025-04-10T14:08:28.426+0000] {logging_mixin.py:188} INFO - [2025-04-10T14:08:28.425+0000] {dagbag.py:540} INFO - Filling up the DagBag from /home/airflow/.local/lib/python3.12/site-packages/airflow/example_dags/example_bash_operator.py
[2025-04-10T14:08:28.446+0000] {processor.py:840} INFO - DAG(s) 'example_bash_operator' retrieved from /home/airflow/.local/lib/python3.12/site-packages/airflow/example_dags/example_bash_operator.py
[2025-04-10T14:08:28.498+0000] {logging_mixin.py:188} INFO - [2025-04-10T14:08:28.497+0000] {dag.py:3096} INFO - Sync 1 DAGs
[2025-04-10T14:08:28.541+0000] {logging_mixin.py:188} INFO - [2025-04-10T14:08:28.540+0000] {dag.py:3954} INFO - Setting next_dagrun for example_bash_operator to 2025-04-09 00:00:00+00:00, run_after=2025-04-10 00:00:00+00:00
[2025-04-10T14:08:28.573+0000] {processor.py:183} INFO - Processing /home/airflow/.local/lib/python3.12/site-packages/airflow/example_dags/example_bash_operator.py took 0.162 seconds
[2025-04-10T14:08:58.908+0000] {processor.py:161} INFO - Started process (PID=2295) to work on /home/airflow/.local/lib/python3.12/site-packages/airflow/example_dags/example_bash_operator.py
[2025-04-10T14:08:58.910+0000] {processor.py:830} INFO - Processing file /home/airflow/.local/lib/python3.12/site-packages/airflow/example_dags/example_bash_operator.py for tasks to queue
[2025-04-10T14:08:58.913+0000] {logging_mixin.py:188} INFO - [2025-04-10T14:08:58.913+0000] {dagbag.py:540} INFO - Filling up the DagBag from /home/airflow/.local/lib/python3.12/site-packages/airflow/example_dags/example_bash_operator.py
[2025-04-10T14:08:58.933+0000] {processor.py:840} INFO - DAG(s) 'example_bash_operator' retrieved from /home/airflow/.local/lib/python3.12/site-packages/airflow/example_dags/example_bash_operator.py
[2025-04-10T14:08:58.986+0000] {logging_mixin.py:188} INFO - [2025-04-10T14:08:58.986+0000] {dag.py:3096} INFO - Sync 1 DAGs
[2025-04-10T14:08:59.029+0000] {logging_mixin.py:188} INFO - [2025-04-10T14:08:59.029+0000] {dag.py:3954} INFO - Setting next_dagrun for example_bash_operator to 2025-04-09 00:00:00+00:00, run_after=2025-04-10 00:00:00+00:00
[2025-04-10T14:08:59.061+0000] {processor.py:183} INFO - Processing /home/airflow/.local/lib/python3.12/site-packages/airflow/example_dags/example_bash_operator.py took 0.164 seconds
[2025-04-10T14:09:29.435+0000] {processor.py:161} INFO - Started process (PID=2355) to work on /home/airflow/.local/lib/python3.12/site-packages/airflow/example_dags/example_bash_operator.py
[2025-04-10T14:09:29.437+0000] {processor.py:830} INFO - Processing file /home/airflow/.local/lib/python3.12/site-packages/airflow/example_dags/example_bash_operator.py for tasks to queue
[2025-04-10T14:09:29.441+0000] {logging_mixin.py:188} INFO - [2025-04-10T14:09:29.441+0000] {dagbag.py:540} INFO - Filling up the DagBag from /home/airflow/.local/lib/python3.12/site-packages/airflow/example_dags/example_bash_operator.py
[2025-04-10T14:09:29.464+0000] {processor.py:840} INFO - DAG(s) 'example_bash_operator' retrieved from /home/airflow/.local/lib/python3.12/site-packages/airflow/example_dags/example_bash_operator.py
[2025-04-10T14:09:29.519+0000] {logging_mixin.py:188} INFO - [2025-04-10T14:09:29.518+0000] {dag.py:3096} INFO - Sync 1 DAGs
[2025-04-10T14:09:29.561+0000] {logging_mixin.py:188} INFO - [2025-04-10T14:09:29.560+0000] {dag.py:3954} INFO - Setting next_dagrun for example_bash_operator to 2025-04-09 00:00:00+00:00, run_after=2025-04-10 00:00:00+00:00
[2025-04-10T14:09:29.594+0000] {processor.py:183} INFO - Processing /home/airflow/.local/lib/python3.12/site-packages/airflow/example_dags/example_bash_operator.py took 0.170 seconds
[2025-04-10T14:10:00.302+0000] {processor.py:161} INFO - Started process (PID=2421) to work on /home/airflow/.local/lib/python3.12/site-packages/airflow/example_dags/example_bash_operator.py
[2025-04-10T14:10:00.304+0000] {processor.py:830} INFO - Processing file /home/airflow/.local/lib/python3.12/site-packages/airflow/example_dags/example_bash_operator.py for tasks to queue
[2025-04-10T14:10:00.308+0000] {logging_mixin.py:188} INFO - [2025-04-10T14:10:00.307+0000] {dagbag.py:540} INFO - Filling up the DagBag from /home/airflow/.local/lib/python3.12/site-packages/airflow/example_dags/example_bash_operator.py
[2025-04-10T14:10:00.330+0000] {processor.py:840} INFO - DAG(s) 'example_bash_operator' retrieved from /home/airflow/.local/lib/python3.12/site-packages/airflow/example_dags/example_bash_operator.py
[2025-04-10T14:10:00.382+0000] {logging_mixin.py:188} INFO - [2025-04-10T14:10:00.381+0000] {dag.py:3096} INFO - Sync 1 DAGs
[2025-04-10T14:10:00.426+0000] {logging_mixin.py:188} INFO - [2025-04-10T14:10:00.425+0000] {dag.py:3954} INFO - Setting next_dagrun for example_bash_operator to 2025-04-09 00:00:00+00:00, run_after=2025-04-10 00:00:00+00:00
[2025-04-10T14:10:00.461+0000] {processor.py:183} INFO - Processing /home/airflow/.local/lib/python3.12/site-packages/airflow/example_dags/example_bash_operator.py took 0.172 seconds
[2025-04-10T14:10:30.727+0000] {processor.py:161} INFO - Started process (PID=2481) to work on /home/airflow/.local/lib/python3.12/site-packages/airflow/example_dags/example_bash_operator.py
[2025-04-10T14:10:30.728+0000] {processor.py:830} INFO - Processing file /home/airflow/.local/lib/python3.12/site-packages/airflow/example_dags/example_bash_operator.py for tasks to queue
[2025-04-10T14:10:30.731+0000] {logging_mixin.py:188} INFO - [2025-04-10T14:10:30.731+0000] {dagbag.py:540} INFO - Filling up the DagBag from /home/airflow/.local/lib/python3.12/site-packages/airflow/example_dags/example_bash_operator.py
[2025-04-10T14:10:30.753+0000] {processor.py:840} INFO - DAG(s) 'example_bash_operator' retrieved from /home/airflow/.local/lib/python3.12/site-packages/airflow/example_dags/example_bash_operator.py
[2025-04-10T14:10:30.812+0000] {logging_mixin.py:188} INFO - [2025-04-10T14:10:30.811+0000] {dag.py:3096} INFO - Sync 1 DAGs
[2025-04-10T14:10:30.855+0000] {logging_mixin.py:188} INFO - [2025-04-10T14:10:30.855+0000] {dag.py:3954} INFO - Setting next_dagrun for example_bash_operator to 2025-04-09 00:00:00+00:00, run_after=2025-04-10 00:00:00+00:00
[2025-04-10T14:10:30.894+0000] {processor.py:183} INFO - Processing /home/airflow/.local/lib/python3.12/site-packages/airflow/example_dags/example_bash_operator.py took 0.177 seconds
[2025-04-10T14:11:01.432+0000] {processor.py:161} INFO - Started process (PID=2541) to work on /home/airflow/.local/lib/python3.12/site-packages/airflow/example_dags/example_bash_operator.py
[2025-04-10T14:11:01.434+0000] {processor.py:830} INFO - Processing file /home/airflow/.local/lib/python3.12/site-packages/airflow/example_dags/example_bash_operator.py for tasks to queue
[2025-04-10T14:11:01.437+0000] {logging_mixin.py:188} INFO - [2025-04-10T14:11:01.436+0000] {dagbag.py:540} INFO - Filling up the DagBag from /home/airflow/.local/lib/python3.12/site-packages/airflow/example_dags/example_bash_operator.py
[2025-04-10T14:11:01.456+0000] {processor.py:840} INFO - DAG(s) 'example_bash_operator' retrieved from /home/airflow/.local/lib/python3.12/site-packages/airflow/example_dags/example_bash_operator.py
[2025-04-10T14:11:01.508+0000] {logging_mixin.py:188} INFO - [2025-04-10T14:11:01.507+0000] {dag.py:3096} INFO - Sync 1 DAGs
[2025-04-10T14:11:01.552+0000] {logging_mixin.py:188} INFO - [2025-04-10T14:11:01.552+0000] {dag.py:3954} INFO - Setting next_dagrun for example_bash_operator to 2025-04-09 00:00:00+00:00, run_after=2025-04-10 00:00:00+00:00
[2025-04-10T14:11:01.586+0000] {processor.py:183} INFO - Processing /home/airflow/.local/lib/python3.12/site-packages/airflow/example_dags/example_bash_operator.py took 0.163 seconds
[2025-04-10T14:11:31.713+0000] {processor.py:161} INFO - Started process (PID=2599) to work on /home/airflow/.local/lib/python3.12/site-packages/airflow/example_dags/example_bash_operator.py
[2025-04-10T14:11:31.715+0000] {processor.py:830} INFO - Processing file /home/airflow/.local/lib/python3.12/site-packages/airflow/example_dags/example_bash_operator.py for tasks to queue
[2025-04-10T14:11:31.718+0000] {logging_mixin.py:188} INFO - [2025-04-10T14:11:31.718+0000] {dagbag.py:540} INFO - Filling up the DagBag from /home/airflow/.local/lib/python3.12/site-packages/airflow/example_dags/example_bash_operator.py
[2025-04-10T14:11:31.741+0000] {processor.py:840} INFO - DAG(s) 'example_bash_operator' retrieved from /home/airflow/.local/lib/python3.12/site-packages/airflow/example_dags/example_bash_operator.py
[2025-04-10T14:11:31.792+0000] {logging_mixin.py:188} INFO - [2025-04-10T14:11:31.791+0000] {dag.py:3096} INFO - Sync 1 DAGs
[2025-04-10T14:11:31.835+0000] {logging_mixin.py:188} INFO - [2025-04-10T14:11:31.834+0000] {dag.py:3954} INFO - Setting next_dagrun for example_bash_operator to 2025-04-09 00:00:00+00:00, run_after=2025-04-10 00:00:00+00:00
[2025-04-10T14:11:31.869+0000] {processor.py:183} INFO - Processing /home/airflow/.local/lib/python3.12/site-packages/airflow/example_dags/example_bash_operator.py took 0.166 seconds
[2025-04-10T14:12:02.319+0000] {processor.py:161} INFO - Started process (PID=2659) to work on /home/airflow/.local/lib/python3.12/site-packages/airflow/example_dags/example_bash_operator.py
[2025-04-10T14:12:02.321+0000] {processor.py:830} INFO - Processing file /home/airflow/.local/lib/python3.12/site-packages/airflow/example_dags/example_bash_operator.py for tasks to queue
[2025-04-10T14:12:02.324+0000] {logging_mixin.py:188} INFO - [2025-04-10T14:12:02.323+0000] {dagbag.py:540} INFO - Filling up the DagBag from /home/airflow/.local/lib/python3.12/site-packages/airflow/example_dags/example_bash_operator.py
[2025-04-10T14:12:02.343+0000] {processor.py:840} INFO - DAG(s) 'example_bash_operator' retrieved from /home/airflow/.local/lib/python3.12/site-packages/airflow/example_dags/example_bash_operator.py
[2025-04-10T14:12:02.394+0000] {logging_mixin.py:188} INFO - [2025-04-10T14:12:02.393+0000] {dag.py:3096} INFO - Sync 1 DAGs
[2025-04-10T14:12:02.436+0000] {logging_mixin.py:188} INFO - [2025-04-10T14:12:02.436+0000] {dag.py:3954} INFO - Setting next_dagrun for example_bash_operator to 2025-04-09 00:00:00+00:00, run_after=2025-04-10 00:00:00+00:00
[2025-04-10T14:12:02.469+0000] {processor.py:183} INFO - Processing /home/airflow/.local/lib/python3.12/site-packages/airflow/example_dags/example_bash_operator.py took 0.160 seconds
[2025-04-10T14:12:33.212+0000] {processor.py:161} INFO - Started process (PID=2719) to work on /home/airflow/.local/lib/python3.12/site-packages/airflow/example_dags/example_bash_operator.py
[2025-04-10T14:12:33.214+0000] {processor.py:830} INFO - Processing file /home/airflow/.local/lib/python3.12/site-packages/airflow/example_dags/example_bash_operator.py for tasks to queue
[2025-04-10T14:12:33.217+0000] {logging_mixin.py:188} INFO - [2025-04-10T14:12:33.217+0000] {dagbag.py:540} INFO - Filling up the DagBag from /home/airflow/.local/lib/python3.12/site-packages/airflow/example_dags/example_bash_operator.py
[2025-04-10T14:12:33.236+0000] {processor.py:840} INFO - DAG(s) 'example_bash_operator' retrieved from /home/airflow/.local/lib/python3.12/site-packages/airflow/example_dags/example_bash_operator.py
[2025-04-10T14:12:33.289+0000] {logging_mixin.py:188} INFO - [2025-04-10T14:12:33.288+0000] {dag.py:3096} INFO - Sync 1 DAGs
[2025-04-10T14:12:33.335+0000] {logging_mixin.py:188} INFO - [2025-04-10T14:12:33.335+0000] {dag.py:3954} INFO - Setting next_dagrun for example_bash_operator to 2025-04-09 00:00:00+00:00, run_after=2025-04-10 00:00:00+00:00
[2025-04-10T14:12:33.371+0000] {processor.py:183} INFO - Processing /home/airflow/.local/lib/python3.12/site-packages/airflow/example_dags/example_bash_operator.py took 0.169 seconds
[2025-04-10T14:13:04.304+0000] {processor.py:161} INFO - Started process (PID=2779) to work on /home/airflow/.local/lib/python3.12/site-packages/airflow/example_dags/example_bash_operator.py
[2025-04-10T14:13:04.306+0000] {processor.py:830} INFO - Processing file /home/airflow/.local/lib/python3.12/site-packages/airflow/example_dags/example_bash_operator.py for tasks to queue
[2025-04-10T14:13:04.309+0000] {logging_mixin.py:188} INFO - [2025-04-10T14:13:04.308+0000] {dagbag.py:540} INFO - Filling up the DagBag from /home/airflow/.local/lib/python3.12/site-packages/airflow/example_dags/example_bash_operator.py
[2025-04-10T14:13:04.327+0000] {processor.py:840} INFO - DAG(s) 'example_bash_operator' retrieved from /home/airflow/.local/lib/python3.12/site-packages/airflow/example_dags/example_bash_operator.py
[2025-04-10T14:13:04.378+0000] {logging_mixin.py:188} INFO - [2025-04-10T14:13:04.377+0000] {dag.py:3096} INFO - Sync 1 DAGs
[2025-04-10T14:13:04.418+0000] {logging_mixin.py:188} INFO - [2025-04-10T14:13:04.418+0000] {dag.py:3954} INFO - Setting next_dagrun for example_bash_operator to 2025-04-09 00:00:00+00:00, run_after=2025-04-10 00:00:00+00:00
[2025-04-10T14:13:04.453+0000] {processor.py:183} INFO - Processing /home/airflow/.local/lib/python3.12/site-packages/airflow/example_dags/example_bash_operator.py took 0.158 seconds
[2025-04-10T14:13:34.893+0000] {processor.py:161} INFO - Started process (PID=2839) to work on /home/airflow/.local/lib/python3.12/site-packages/airflow/example_dags/example_bash_operator.py
[2025-04-10T14:13:34.894+0000] {processor.py:830} INFO - Processing file /home/airflow/.local/lib/python3.12/site-packages/airflow/example_dags/example_bash_operator.py for tasks to queue
[2025-04-10T14:13:34.897+0000] {logging_mixin.py:188} INFO - [2025-04-10T14:13:34.896+0000] {dagbag.py:540} INFO - Filling up the DagBag from /home/airflow/.local/lib/python3.12/site-packages/airflow/example_dags/example_bash_operator.py
[2025-04-10T14:13:34.915+0000] {processor.py:840} INFO - DAG(s) 'example_bash_operator' retrieved from /home/airflow/.local/lib/python3.12/site-packages/airflow/example_dags/example_bash_operator.py
[2025-04-10T14:13:34.966+0000] {logging_mixin.py:188} INFO - [2025-04-10T14:13:34.966+0000] {dag.py:3096} INFO - Sync 1 DAGs
[2025-04-10T14:13:35.007+0000] {logging_mixin.py:188} INFO - [2025-04-10T14:13:35.007+0000] {dag.py:3954} INFO - Setting next_dagrun for example_bash_operator to 2025-04-09 00:00:00+00:00, run_after=2025-04-10 00:00:00+00:00
[2025-04-10T14:13:35.042+0000] {processor.py:183} INFO - Processing /home/airflow/.local/lib/python3.12/site-packages/airflow/example_dags/example_bash_operator.py took 0.158 seconds
[2025-04-10T14:14:05.417+0000] {processor.py:161} INFO - Started process (PID=2900) to work on /home/airflow/.local/lib/python3.12/site-packages/airflow/example_dags/example_bash_operator.py
[2025-04-10T14:14:05.418+0000] {processor.py:830} INFO - Processing file /home/airflow/.local/lib/python3.12/site-packages/airflow/example_dags/example_bash_operator.py for tasks to queue
[2025-04-10T14:14:05.421+0000] {logging_mixin.py:188} INFO - [2025-04-10T14:14:05.420+0000] {dagbag.py:540} INFO - Filling up the DagBag from /home/airflow/.local/lib/python3.12/site-packages/airflow/example_dags/example_bash_operator.py
[2025-04-10T14:14:05.439+0000] {processor.py:840} INFO - DAG(s) 'example_bash_operator' retrieved from /home/airflow/.local/lib/python3.12/site-packages/airflow/example_dags/example_bash_operator.py
[2025-04-10T14:14:05.491+0000] {logging_mixin.py:188} INFO - [2025-04-10T14:14:05.491+0000] {dag.py:3096} INFO - Sync 1 DAGs
[2025-04-10T14:14:05.532+0000] {logging_mixin.py:188} INFO - [2025-04-10T14:14:05.532+0000] {dag.py:3954} INFO - Setting next_dagrun for example_bash_operator to 2025-04-09 00:00:00+00:00, run_after=2025-04-10 00:00:00+00:00
[2025-04-10T14:14:05.565+0000] {processor.py:183} INFO - Processing /home/airflow/.local/lib/python3.12/site-packages/airflow/example_dags/example_bash_operator.py took 0.158 seconds
[2025-04-10T14:14:35.659+0000] {processor.py:161} INFO - Started process (PID=2960) to work on /home/airflow/.local/lib/python3.12/site-packages/airflow/example_dags/example_bash_operator.py
[2025-04-10T14:14:35.661+0000] {processor.py:830} INFO - Processing file /home/airflow/.local/lib/python3.12/site-packages/airflow/example_dags/example_bash_operator.py for tasks to queue
[2025-04-10T14:14:35.663+0000] {logging_mixin.py:188} INFO - [2025-04-10T14:14:35.663+0000] {dagbag.py:540} INFO - Filling up the DagBag from /home/airflow/.local/lib/python3.12/site-packages/airflow/example_dags/example_bash_operator.py
[2025-04-10T14:14:35.683+0000] {processor.py:840} INFO - DAG(s) 'example_bash_operator' retrieved from /home/airflow/.local/lib/python3.12/site-packages/airflow/example_dags/example_bash_operator.py
[2025-04-10T14:14:35.731+0000] {logging_mixin.py:188} INFO - [2025-04-10T14:14:35.731+0000] {dag.py:3096} INFO - Sync 1 DAGs
[2025-04-10T14:14:35.776+0000] {logging_mixin.py:188} INFO - [2025-04-10T14:14:35.775+0000] {dag.py:3954} INFO - Setting next_dagrun for example_bash_operator to 2025-04-09 00:00:00+00:00, run_after=2025-04-10 00:00:00+00:00
[2025-04-10T14:14:35.810+0000] {processor.py:183} INFO - Processing /home/airflow/.local/lib/python3.12/site-packages/airflow/example_dags/example_bash_operator.py took 0.160 seconds
[2025-04-10T14:15:06.389+0000] {processor.py:161} INFO - Started process (PID=3020) to work on /home/airflow/.local/lib/python3.12/site-packages/airflow/example_dags/example_bash_operator.py
[2025-04-10T14:15:06.391+0000] {processor.py:830} INFO - Processing file /home/airflow/.local/lib/python3.12/site-packages/airflow/example_dags/example_bash_operator.py for tasks to queue
[2025-04-10T14:15:06.394+0000] {logging_mixin.py:188} INFO - [2025-04-10T14:15:06.393+0000] {dagbag.py:540} INFO - Filling up the DagBag from /home/airflow/.local/lib/python3.12/site-packages/airflow/example_dags/example_bash_operator.py
[2025-04-10T14:15:06.412+0000] {processor.py:840} INFO - DAG(s) 'example_bash_operator' retrieved from /home/airflow/.local/lib/python3.12/site-packages/airflow/example_dags/example_bash_operator.py
[2025-04-10T14:15:06.463+0000] {logging_mixin.py:188} INFO - [2025-04-10T14:15:06.463+0000] {dag.py:3096} INFO - Sync 1 DAGs
[2025-04-10T14:15:06.505+0000] {logging_mixin.py:188} INFO - [2025-04-10T14:15:06.505+0000] {dag.py:3954} INFO - Setting next_dagrun for example_bash_operator to 2025-04-09 00:00:00+00:00, run_after=2025-04-10 00:00:00+00:00
[2025-04-10T14:15:06.539+0000] {processor.py:183} INFO - Processing /home/airflow/.local/lib/python3.12/site-packages/airflow/example_dags/example_bash_operator.py took 0.159 seconds
[2025-04-10T14:15:37.126+0000] {processor.py:161} INFO - Started process (PID=3080) to work on /home/airflow/.local/lib/python3.12/site-packages/airflow/example_dags/example_bash_operator.py
[2025-04-10T14:15:37.127+0000] {processor.py:830} INFO - Processing file /home/airflow/.local/lib/python3.12/site-packages/airflow/example_dags/example_bash_operator.py for tasks to queue
[2025-04-10T14:15:37.130+0000] {logging_mixin.py:188} INFO - [2025-04-10T14:15:37.130+0000] {dagbag.py:540} INFO - Filling up the DagBag from /home/airflow/.local/lib/python3.12/site-packages/airflow/example_dags/example_bash_operator.py
[2025-04-10T14:15:37.150+0000] {processor.py:840} INFO - DAG(s) 'example_bash_operator' retrieved from /home/airflow/.local/lib/python3.12/site-packages/airflow/example_dags/example_bash_operator.py
[2025-04-10T14:15:37.203+0000] {logging_mixin.py:188} INFO - [2025-04-10T14:15:37.203+0000] {dag.py:3096} INFO - Sync 1 DAGs
[2025-04-10T14:15:37.254+0000] {logging_mixin.py:188} INFO - [2025-04-10T14:15:37.253+0000] {dag.py:3954} INFO - Setting next_dagrun for example_bash_operator to 2025-04-09 00:00:00+00:00, run_after=2025-04-10 00:00:00+00:00
[2025-04-10T14:15:37.292+0000] {processor.py:183} INFO - Processing /home/airflow/.local/lib/python3.12/site-packages/airflow/example_dags/example_bash_operator.py took 0.176 seconds
[2025-04-10T14:16:07.770+0000] {processor.py:161} INFO - Started process (PID=3141) to work on /home/airflow/.local/lib/python3.12/site-packages/airflow/example_dags/example_bash_operator.py
[2025-04-10T14:16:07.772+0000] {processor.py:830} INFO - Processing file /home/airflow/.local/lib/python3.12/site-packages/airflow/example_dags/example_bash_operator.py for tasks to queue
[2025-04-10T14:16:07.774+0000] {logging_mixin.py:188} INFO - [2025-04-10T14:16:07.774+0000] {dagbag.py:540} INFO - Filling up the DagBag from /home/airflow/.local/lib/python3.12/site-packages/airflow/example_dags/example_bash_operator.py
[2025-04-10T14:16:07.793+0000] {processor.py:840} INFO - DAG(s) 'example_bash_operator' retrieved from /home/airflow/.local/lib/python3.12/site-packages/airflow/example_dags/example_bash_operator.py
[2025-04-10T14:16:07.844+0000] {logging_mixin.py:188} INFO - [2025-04-10T14:16:07.843+0000] {dag.py:3096} INFO - Sync 1 DAGs
[2025-04-10T14:16:07.886+0000] {logging_mixin.py:188} INFO - [2025-04-10T14:16:07.885+0000] {dag.py:3954} INFO - Setting next_dagrun for example_bash_operator to 2025-04-09 00:00:00+00:00, run_after=2025-04-10 00:00:00+00:00
[2025-04-10T14:16:07.921+0000] {processor.py:183} INFO - Processing /home/airflow/.local/lib/python3.12/site-packages/airflow/example_dags/example_bash_operator.py took 0.160 seconds
[2025-04-10T14:16:38.315+0000] {processor.py:161} INFO - Started process (PID=3201) to work on /home/airflow/.local/lib/python3.12/site-packages/airflow/example_dags/example_bash_operator.py
[2025-04-10T14:16:38.316+0000] {processor.py:830} INFO - Processing file /home/airflow/.local/lib/python3.12/site-packages/airflow/example_dags/example_bash_operator.py for tasks to queue
[2025-04-10T14:16:38.319+0000] {logging_mixin.py:188} INFO - [2025-04-10T14:16:38.319+0000] {dagbag.py:540} INFO - Filling up the DagBag from /home/airflow/.local/lib/python3.12/site-packages/airflow/example_dags/example_bash_operator.py
[2025-04-10T14:16:38.339+0000] {processor.py:840} INFO - DAG(s) 'example_bash_operator' retrieved from /home/airflow/.local/lib/python3.12/site-packages/airflow/example_dags/example_bash_operator.py
[2025-04-10T14:16:38.393+0000] {logging_mixin.py:188} INFO - [2025-04-10T14:16:38.393+0000] {dag.py:3096} INFO - Sync 1 DAGs
[2025-04-10T14:16:38.435+0000] {logging_mixin.py:188} INFO - [2025-04-10T14:16:38.435+0000] {dag.py:3954} INFO - Setting next_dagrun for example_bash_operator to 2025-04-09 00:00:00+00:00, run_after=2025-04-10 00:00:00+00:00
[2025-04-10T14:16:38.467+0000] {processor.py:183} INFO - Processing /home/airflow/.local/lib/python3.12/site-packages/airflow/example_dags/example_bash_operator.py took 0.162 seconds
[2025-04-10T14:17:08.862+0000] {processor.py:161} INFO - Started process (PID=3261) to work on /home/airflow/.local/lib/python3.12/site-packages/airflow/example_dags/example_bash_operator.py
[2025-04-10T14:17:08.864+0000] {processor.py:830} INFO - Processing file /home/airflow/.local/lib/python3.12/site-packages/airflow/example_dags/example_bash_operator.py for tasks to queue
[2025-04-10T14:17:08.867+0000] {logging_mixin.py:188} INFO - [2025-04-10T14:17:08.867+0000] {dagbag.py:540} INFO - Filling up the DagBag from /home/airflow/.local/lib/python3.12/site-packages/airflow/example_dags/example_bash_operator.py
[2025-04-10T14:17:08.886+0000] {processor.py:840} INFO - DAG(s) 'example_bash_operator' retrieved from /home/airflow/.local/lib/python3.12/site-packages/airflow/example_dags/example_bash_operator.py
[2025-04-10T14:17:08.939+0000] {logging_mixin.py:188} INFO - [2025-04-10T14:17:08.938+0000] {dag.py:3096} INFO - Sync 1 DAGs
[2025-04-10T14:17:08.980+0000] {logging_mixin.py:188} INFO - [2025-04-10T14:17:08.979+0000] {dag.py:3954} INFO - Setting next_dagrun for example_bash_operator to 2025-04-09 00:00:00+00:00, run_after=2025-04-10 00:00:00+00:00
[2025-04-10T14:17:09.012+0000] {processor.py:183} INFO - Processing /home/airflow/.local/lib/python3.12/site-packages/airflow/example_dags/example_bash_operator.py took 0.160 seconds
[2025-04-10T14:17:39.607+0000] {processor.py:161} INFO - Started process (PID=3321) to work on /home/airflow/.local/lib/python3.12/site-packages/airflow/example_dags/example_bash_operator.py
[2025-04-10T14:17:39.608+0000] {processor.py:830} INFO - Processing file /home/airflow/.local/lib/python3.12/site-packages/airflow/example_dags/example_bash_operator.py for tasks to queue
[2025-04-10T14:17:39.611+0000] {logging_mixin.py:188} INFO - [2025-04-10T14:17:39.611+0000] {dagbag.py:540} INFO - Filling up the DagBag from /home/airflow/.local/lib/python3.12/site-packages/airflow/example_dags/example_bash_operator.py
[2025-04-10T14:17:39.630+0000] {processor.py:840} INFO - DAG(s) 'example_bash_operator' retrieved from /home/airflow/.local/lib/python3.12/site-packages/airflow/example_dags/example_bash_operator.py
[2025-04-10T14:17:39.684+0000] {logging_mixin.py:188} INFO - [2025-04-10T14:17:39.683+0000] {dag.py:3096} INFO - Sync 1 DAGs
[2025-04-10T14:17:39.727+0000] {logging_mixin.py:188} INFO - [2025-04-10T14:17:39.727+0000] {dag.py:3954} INFO - Setting next_dagrun for example_bash_operator to 2025-04-09 00:00:00+00:00, run_after=2025-04-10 00:00:00+00:00
[2025-04-10T14:17:39.762+0000] {processor.py:183} INFO - Processing /home/airflow/.local/lib/python3.12/site-packages/airflow/example_dags/example_bash_operator.py took 0.163 seconds
[2025-04-10T14:18:09.908+0000] {processor.py:161} INFO - Started process (PID=3381) to work on /home/airflow/.local/lib/python3.12/site-packages/airflow/example_dags/example_bash_operator.py
[2025-04-10T14:18:09.909+0000] {processor.py:830} INFO - Processing file /home/airflow/.local/lib/python3.12/site-packages/airflow/example_dags/example_bash_operator.py for tasks to queue
[2025-04-10T14:18:09.912+0000] {logging_mixin.py:188} INFO - [2025-04-10T14:18:09.912+0000] {dagbag.py:540} INFO - Filling up the DagBag from /home/airflow/.local/lib/python3.12/site-packages/airflow/example_dags/example_bash_operator.py
[2025-04-10T14:18:09.931+0000] {processor.py:840} INFO - DAG(s) 'example_bash_operator' retrieved from /home/airflow/.local/lib/python3.12/site-packages/airflow/example_dags/example_bash_operator.py
[2025-04-10T14:18:09.986+0000] {logging_mixin.py:188} INFO - [2025-04-10T14:18:09.985+0000] {dag.py:3096} INFO - Sync 1 DAGs
[2025-04-10T14:18:10.027+0000] {logging_mixin.py:188} INFO - [2025-04-10T14:18:10.026+0000] {dag.py:3954} INFO - Setting next_dagrun for example_bash_operator to 2025-04-09 00:00:00+00:00, run_after=2025-04-10 00:00:00+00:00
[2025-04-10T14:18:10.064+0000] {processor.py:183} INFO - Processing /home/airflow/.local/lib/python3.12/site-packages/airflow/example_dags/example_bash_operator.py took 0.166 seconds
[2025-04-10T14:18:40.473+0000] {processor.py:161} INFO - Started process (PID=3441) to work on /home/airflow/.local/lib/python3.12/site-packages/airflow/example_dags/example_bash_operator.py
[2025-04-10T14:18:40.475+0000] {processor.py:830} INFO - Processing file /home/airflow/.local/lib/python3.12/site-packages/airflow/example_dags/example_bash_operator.py for tasks to queue
[2025-04-10T14:18:40.480+0000] {logging_mixin.py:188} INFO - [2025-04-10T14:18:40.480+0000] {dagbag.py:540} INFO - Filling up the DagBag from /home/airflow/.local/lib/python3.12/site-packages/airflow/example_dags/example_bash_operator.py
[2025-04-10T14:18:40.506+0000] {processor.py:840} INFO - DAG(s) 'example_bash_operator' retrieved from /home/airflow/.local/lib/python3.12/site-packages/airflow/example_dags/example_bash_operator.py
[2025-04-10T14:18:40.597+0000] {logging_mixin.py:188} INFO - [2025-04-10T14:18:40.596+0000] {dag.py:3096} INFO - Sync 1 DAGs
[2025-04-10T14:18:40.641+0000] {logging_mixin.py:188} INFO - [2025-04-10T14:18:40.640+0000] {dag.py:3954} INFO - Setting next_dagrun for example_bash_operator to 2025-04-09 00:00:00+00:00, run_after=2025-04-10 00:00:00+00:00
[2025-04-10T14:18:40.678+0000] {processor.py:183} INFO - Processing /home/airflow/.local/lib/python3.12/site-packages/airflow/example_dags/example_bash_operator.py took 0.218 seconds
[2025-04-10T14:19:10.855+0000] {processor.py:161} INFO - Started process (PID=3501) to work on /home/airflow/.local/lib/python3.12/site-packages/airflow/example_dags/example_bash_operator.py
[2025-04-10T14:19:10.857+0000] {processor.py:830} INFO - Processing file /home/airflow/.local/lib/python3.12/site-packages/airflow/example_dags/example_bash_operator.py for tasks to queue
[2025-04-10T14:19:10.860+0000] {logging_mixin.py:188} INFO - [2025-04-10T14:19:10.859+0000] {dagbag.py:540} INFO - Filling up the DagBag from /home/airflow/.local/lib/python3.12/site-packages/airflow/example_dags/example_bash_operator.py
[2025-04-10T14:19:10.879+0000] {processor.py:840} INFO - DAG(s) 'example_bash_operator' retrieved from /home/airflow/.local/lib/python3.12/site-packages/airflow/example_dags/example_bash_operator.py
[2025-04-10T14:19:10.941+0000] {logging_mixin.py:188} INFO - [2025-04-10T14:19:10.940+0000] {dag.py:3096} INFO - Sync 1 DAGs
[2025-04-10T14:19:10.989+0000] {logging_mixin.py:188} INFO - [2025-04-10T14:19:10.989+0000] {dag.py:3954} INFO - Setting next_dagrun for example_bash_operator to 2025-04-09 00:00:00+00:00, run_after=2025-04-10 00:00:00+00:00
[2025-04-10T14:19:11.022+0000] {processor.py:183} INFO - Processing /home/airflow/.local/lib/python3.12/site-packages/airflow/example_dags/example_bash_operator.py took 0.176 seconds
[2025-04-10T14:19:41.128+0000] {processor.py:161} INFO - Started process (PID=3561) to work on /home/airflow/.local/lib/python3.12/site-packages/airflow/example_dags/example_bash_operator.py
[2025-04-10T14:19:41.130+0000] {processor.py:830} INFO - Processing file /home/airflow/.local/lib/python3.12/site-packages/airflow/example_dags/example_bash_operator.py for tasks to queue
[2025-04-10T14:19:41.134+0000] {logging_mixin.py:188} INFO - [2025-04-10T14:19:41.133+0000] {dagbag.py:540} INFO - Filling up the DagBag from /home/airflow/.local/lib/python3.12/site-packages/airflow/example_dags/example_bash_operator.py
[2025-04-10T14:19:41.157+0000] {processor.py:840} INFO - DAG(s) 'example_bash_operator' retrieved from /home/airflow/.local/lib/python3.12/site-packages/airflow/example_dags/example_bash_operator.py
[2025-04-10T14:19:41.211+0000] {logging_mixin.py:188} INFO - [2025-04-10T14:19:41.211+0000] {dag.py:3096} INFO - Sync 1 DAGs
[2025-04-10T14:19:41.257+0000] {logging_mixin.py:188} INFO - [2025-04-10T14:19:41.256+0000] {dag.py:3954} INFO - Setting next_dagrun for example_bash_operator to 2025-04-09 00:00:00+00:00, run_after=2025-04-10 00:00:00+00:00
[2025-04-10T14:19:41.293+0000] {processor.py:183} INFO - Processing /home/airflow/.local/lib/python3.12/site-packages/airflow/example_dags/example_bash_operator.py took 0.177 seconds
[2025-04-10T14:20:11.572+0000] {processor.py:161} INFO - Started process (PID=3621) to work on /home/airflow/.local/lib/python3.12/site-packages/airflow/example_dags/example_bash_operator.py
[2025-04-10T14:20:11.573+0000] {processor.py:830} INFO - Processing file /home/airflow/.local/lib/python3.12/site-packages/airflow/example_dags/example_bash_operator.py for tasks to queue
[2025-04-10T14:20:11.576+0000] {logging_mixin.py:188} INFO - [2025-04-10T14:20:11.576+0000] {dagbag.py:540} INFO - Filling up the DagBag from /home/airflow/.local/lib/python3.12/site-packages/airflow/example_dags/example_bash_operator.py
[2025-04-10T14:20:11.596+0000] {processor.py:840} INFO - DAG(s) 'example_bash_operator' retrieved from /home/airflow/.local/lib/python3.12/site-packages/airflow/example_dags/example_bash_operator.py
[2025-04-10T14:20:11.649+0000] {logging_mixin.py:188} INFO - [2025-04-10T14:20:11.649+0000] {dag.py:3096} INFO - Sync 1 DAGs
[2025-04-10T14:20:11.691+0000] {logging_mixin.py:188} INFO - [2025-04-10T14:20:11.691+0000] {dag.py:3954} INFO - Setting next_dagrun for example_bash_operator to 2025-04-09 00:00:00+00:00, run_after=2025-04-10 00:00:00+00:00
[2025-04-10T14:20:11.729+0000] {processor.py:183} INFO - Processing /home/airflow/.local/lib/python3.12/site-packages/airflow/example_dags/example_bash_operator.py took 0.167 seconds
[2025-04-10T14:20:41.845+0000] {processor.py:161} INFO - Started process (PID=3681) to work on /home/airflow/.local/lib/python3.12/site-packages/airflow/example_dags/example_bash_operator.py
[2025-04-10T14:20:41.847+0000] {processor.py:830} INFO - Processing file /home/airflow/.local/lib/python3.12/site-packages/airflow/example_dags/example_bash_operator.py for tasks to queue
[2025-04-10T14:20:41.850+0000] {logging_mixin.py:188} INFO - [2025-04-10T14:20:41.849+0000] {dagbag.py:540} INFO - Filling up the DagBag from /home/airflow/.local/lib/python3.12/site-packages/airflow/example_dags/example_bash_operator.py
[2025-04-10T14:20:41.871+0000] {processor.py:840} INFO - DAG(s) 'example_bash_operator' retrieved from /home/airflow/.local/lib/python3.12/site-packages/airflow/example_dags/example_bash_operator.py
[2025-04-10T14:20:41.926+0000] {logging_mixin.py:188} INFO - [2025-04-10T14:20:41.926+0000] {dag.py:3096} INFO - Sync 1 DAGs
[2025-04-10T14:20:41.972+0000] {logging_mixin.py:188} INFO - [2025-04-10T14:20:41.971+0000] {dag.py:3954} INFO - Setting next_dagrun for example_bash_operator to 2025-04-09 00:00:00+00:00, run_after=2025-04-10 00:00:00+00:00
[2025-04-10T14:20:42.007+0000] {processor.py:183} INFO - Processing /home/airflow/.local/lib/python3.12/site-packages/airflow/example_dags/example_bash_operator.py took 0.172 seconds
