[2025-04-10T13:35:41.931+0000] {processor.py:161} INFO - Started process (PID=89) to work on /home/airflow/.local/lib/python3.12/site-packages/airflow/example_dags/example_bash_decorator.py
[2025-04-10T13:35:41.933+0000] {processor.py:830} INFO - Processing file /home/airflow/.local/lib/python3.12/site-packages/airflow/example_dags/example_bash_decorator.py for tasks to queue
[2025-04-10T13:35:41.937+0000] {logging_mixin.py:188} INFO - [2025-04-10T13:35:41.936+0000] {dagbag.py:540} INFO - Filling up the DagBag from /home/airflow/.local/lib/python3.12/site-packages/airflow/example_dags/example_bash_decorator.py
[2025-04-10T13:35:41.966+0000] {processor.py:840} INFO - DAG(s) 'example_bash_decorator' retrieved from /home/airflow/.local/lib/python3.12/site-packages/airflow/example_dags/example_bash_decorator.py
[2025-04-10T13:35:42.173+0000] {logging_mixin.py:188} INFO - [2025-04-10T13:35:42.172+0000] {dag.py:3096} INFO - Sync 1 DAGs
[2025-04-10T13:35:42.195+0000] {logging_mixin.py:188} INFO - [2025-04-10T13:35:42.194+0000] {dag.py:3954} INFO - Setting next_dagrun for example_bash_decorator to None, run_after=None
[2025-04-10T13:35:42.231+0000] {processor.py:183} INFO - Processing /home/airflow/.local/lib/python3.12/site-packages/airflow/example_dags/example_bash_decorator.py took 0.310 seconds
[2025-04-10T13:36:13.108+0000] {processor.py:161} INFO - Started process (PID=147) to work on /home/airflow/.local/lib/python3.12/site-packages/airflow/example_dags/example_bash_decorator.py
[2025-04-10T13:36:13.110+0000] {processor.py:830} INFO - Processing file /home/airflow/.local/lib/python3.12/site-packages/airflow/example_dags/example_bash_decorator.py for tasks to queue
[2025-04-10T13:36:13.114+0000] {logging_mixin.py:188} INFO - [2025-04-10T13:36:13.113+0000] {dagbag.py:540} INFO - Filling up the DagBag from /home/airflow/.local/lib/python3.12/site-packages/airflow/example_dags/example_bash_decorator.py
[2025-04-10T13:36:13.137+0000] {processor.py:840} INFO - DAG(s) 'example_bash_decorator' retrieved from /home/airflow/.local/lib/python3.12/site-packages/airflow/example_dags/example_bash_decorator.py
[2025-04-10T13:36:13.186+0000] {logging_mixin.py:188} INFO - [2025-04-10T13:36:13.186+0000] {dag.py:3096} INFO - Sync 1 DAGs
[2025-04-10T13:36:13.214+0000] {logging_mixin.py:188} INFO - [2025-04-10T13:36:13.213+0000] {dag.py:3954} INFO - Setting next_dagrun for example_bash_decorator to None, run_after=None
[2025-04-10T13:36:13.252+0000] {processor.py:183} INFO - Processing /home/airflow/.local/lib/python3.12/site-packages/airflow/example_dags/example_bash_decorator.py took 0.154 seconds
[2025-04-10T13:36:43.906+0000] {processor.py:161} INFO - Started process (PID=205) to work on /home/airflow/.local/lib/python3.12/site-packages/airflow/example_dags/example_bash_decorator.py
[2025-04-10T13:36:43.908+0000] {processor.py:830} INFO - Processing file /home/airflow/.local/lib/python3.12/site-packages/airflow/example_dags/example_bash_decorator.py for tasks to queue
[2025-04-10T13:36:43.911+0000] {logging_mixin.py:188} INFO - [2025-04-10T13:36:43.910+0000] {dagbag.py:540} INFO - Filling up the DagBag from /home/airflow/.local/lib/python3.12/site-packages/airflow/example_dags/example_bash_decorator.py
[2025-04-10T13:36:43.933+0000] {processor.py:840} INFO - DAG(s) 'example_bash_decorator' retrieved from /home/airflow/.local/lib/python3.12/site-packages/airflow/example_dags/example_bash_decorator.py
[2025-04-10T13:36:43.976+0000] {logging_mixin.py:188} INFO - [2025-04-10T13:36:43.976+0000] {dag.py:3096} INFO - Sync 1 DAGs
[2025-04-10T13:36:43.998+0000] {logging_mixin.py:188} INFO - [2025-04-10T13:36:43.998+0000] {dag.py:3954} INFO - Setting next_dagrun for example_bash_decorator to None, run_after=None
[2025-04-10T13:36:44.031+0000] {processor.py:183} INFO - Processing /home/airflow/.local/lib/python3.12/site-packages/airflow/example_dags/example_bash_decorator.py took 0.135 seconds
[2025-04-10T13:37:14.136+0000] {processor.py:161} INFO - Started process (PID=263) to work on /home/airflow/.local/lib/python3.12/site-packages/airflow/example_dags/example_bash_decorator.py
[2025-04-10T13:37:14.138+0000] {processor.py:830} INFO - Processing file /home/airflow/.local/lib/python3.12/site-packages/airflow/example_dags/example_bash_decorator.py for tasks to queue
[2025-04-10T13:37:14.141+0000] {logging_mixin.py:188} INFO - [2025-04-10T13:37:14.141+0000] {dagbag.py:540} INFO - Filling up the DagBag from /home/airflow/.local/lib/python3.12/site-packages/airflow/example_dags/example_bash_decorator.py
[2025-04-10T13:37:14.164+0000] {processor.py:840} INFO - DAG(s) 'example_bash_decorator' retrieved from /home/airflow/.local/lib/python3.12/site-packages/airflow/example_dags/example_bash_decorator.py
[2025-04-10T13:37:14.206+0000] {logging_mixin.py:188} INFO - [2025-04-10T13:37:14.205+0000] {dag.py:3096} INFO - Sync 1 DAGs
[2025-04-10T13:37:14.228+0000] {logging_mixin.py:188} INFO - [2025-04-10T13:37:14.228+0000] {dag.py:3954} INFO - Setting next_dagrun for example_bash_decorator to None, run_after=None
[2025-04-10T13:37:14.261+0000] {processor.py:183} INFO - Processing /home/airflow/.local/lib/python3.12/site-packages/airflow/example_dags/example_bash_decorator.py took 0.135 seconds
[2025-04-10T13:37:44.642+0000] {processor.py:161} INFO - Started process (PID=321) to work on /home/airflow/.local/lib/python3.12/site-packages/airflow/example_dags/example_bash_decorator.py
[2025-04-10T13:37:44.644+0000] {processor.py:830} INFO - Processing file /home/airflow/.local/lib/python3.12/site-packages/airflow/example_dags/example_bash_decorator.py for tasks to queue
[2025-04-10T13:37:44.647+0000] {logging_mixin.py:188} INFO - [2025-04-10T13:37:44.646+0000] {dagbag.py:540} INFO - Filling up the DagBag from /home/airflow/.local/lib/python3.12/site-packages/airflow/example_dags/example_bash_decorator.py
[2025-04-10T13:37:44.669+0000] {processor.py:840} INFO - DAG(s) 'example_bash_decorator' retrieved from /home/airflow/.local/lib/python3.12/site-packages/airflow/example_dags/example_bash_decorator.py
[2025-04-10T13:37:44.715+0000] {logging_mixin.py:188} INFO - [2025-04-10T13:37:44.714+0000] {dag.py:3096} INFO - Sync 1 DAGs
[2025-04-10T13:37:44.740+0000] {logging_mixin.py:188} INFO - [2025-04-10T13:37:44.740+0000] {dag.py:3954} INFO - Setting next_dagrun for example_bash_decorator to None, run_after=None
[2025-04-10T13:37:44.775+0000] {processor.py:183} INFO - Processing /home/airflow/.local/lib/python3.12/site-packages/airflow/example_dags/example_bash_decorator.py took 0.141 seconds
[2025-04-10T13:38:15.632+0000] {processor.py:161} INFO - Started process (PID=379) to work on /home/airflow/.local/lib/python3.12/site-packages/airflow/example_dags/example_bash_decorator.py
[2025-04-10T13:38:15.634+0000] {processor.py:830} INFO - Processing file /home/airflow/.local/lib/python3.12/site-packages/airflow/example_dags/example_bash_decorator.py for tasks to queue
[2025-04-10T13:38:15.637+0000] {logging_mixin.py:188} INFO - [2025-04-10T13:38:15.636+0000] {dagbag.py:540} INFO - Filling up the DagBag from /home/airflow/.local/lib/python3.12/site-packages/airflow/example_dags/example_bash_decorator.py
[2025-04-10T13:38:15.660+0000] {processor.py:840} INFO - DAG(s) 'example_bash_decorator' retrieved from /home/airflow/.local/lib/python3.12/site-packages/airflow/example_dags/example_bash_decorator.py
[2025-04-10T13:38:15.706+0000] {logging_mixin.py:188} INFO - [2025-04-10T13:38:15.706+0000] {dag.py:3096} INFO - Sync 1 DAGs
[2025-04-10T13:38:15.729+0000] {logging_mixin.py:188} INFO - [2025-04-10T13:38:15.728+0000] {dag.py:3954} INFO - Setting next_dagrun for example_bash_decorator to None, run_after=None
[2025-04-10T13:38:15.765+0000] {processor.py:183} INFO - Processing /home/airflow/.local/lib/python3.12/site-packages/airflow/example_dags/example_bash_decorator.py took 0.142 seconds
[2025-04-10T13:38:46.351+0000] {processor.py:161} INFO - Started process (PID=437) to work on /home/airflow/.local/lib/python3.12/site-packages/airflow/example_dags/example_bash_decorator.py
[2025-04-10T13:38:46.353+0000] {processor.py:830} INFO - Processing file /home/airflow/.local/lib/python3.12/site-packages/airflow/example_dags/example_bash_decorator.py for tasks to queue
[2025-04-10T13:38:46.356+0000] {logging_mixin.py:188} INFO - [2025-04-10T13:38:46.355+0000] {dagbag.py:540} INFO - Filling up the DagBag from /home/airflow/.local/lib/python3.12/site-packages/airflow/example_dags/example_bash_decorator.py
[2025-04-10T13:38:46.380+0000] {processor.py:840} INFO - DAG(s) 'example_bash_decorator' retrieved from /home/airflow/.local/lib/python3.12/site-packages/airflow/example_dags/example_bash_decorator.py
[2025-04-10T13:38:46.426+0000] {logging_mixin.py:188} INFO - [2025-04-10T13:38:46.426+0000] {dag.py:3096} INFO - Sync 1 DAGs
[2025-04-10T13:38:46.450+0000] {logging_mixin.py:188} INFO - [2025-04-10T13:38:46.450+0000] {dag.py:3954} INFO - Setting next_dagrun for example_bash_decorator to None, run_after=None
[2025-04-10T13:38:46.486+0000] {processor.py:183} INFO - Processing /home/airflow/.local/lib/python3.12/site-packages/airflow/example_dags/example_bash_decorator.py took 0.146 seconds
[2025-04-10T13:39:17.014+0000] {processor.py:161} INFO - Started process (PID=495) to work on /home/airflow/.local/lib/python3.12/site-packages/airflow/example_dags/example_bash_decorator.py
[2025-04-10T13:39:17.015+0000] {processor.py:830} INFO - Processing file /home/airflow/.local/lib/python3.12/site-packages/airflow/example_dags/example_bash_decorator.py for tasks to queue
[2025-04-10T13:39:17.019+0000] {logging_mixin.py:188} INFO - [2025-04-10T13:39:17.018+0000] {dagbag.py:540} INFO - Filling up the DagBag from /home/airflow/.local/lib/python3.12/site-packages/airflow/example_dags/example_bash_decorator.py
[2025-04-10T13:39:17.045+0000] {processor.py:840} INFO - DAG(s) 'example_bash_decorator' retrieved from /home/airflow/.local/lib/python3.12/site-packages/airflow/example_dags/example_bash_decorator.py
[2025-04-10T13:39:17.095+0000] {logging_mixin.py:188} INFO - [2025-04-10T13:39:17.095+0000] {dag.py:3096} INFO - Sync 1 DAGs
[2025-04-10T13:39:17.124+0000] {logging_mixin.py:188} INFO - [2025-04-10T13:39:17.124+0000] {dag.py:3954} INFO - Setting next_dagrun for example_bash_decorator to None, run_after=None
[2025-04-10T13:39:17.165+0000] {processor.py:183} INFO - Processing /home/airflow/.local/lib/python3.12/site-packages/airflow/example_dags/example_bash_decorator.py took 0.161 seconds
[2025-04-10T13:39:47.429+0000] {processor.py:161} INFO - Started process (PID=553) to work on /home/airflow/.local/lib/python3.12/site-packages/airflow/example_dags/example_bash_decorator.py
[2025-04-10T13:39:47.431+0000] {processor.py:830} INFO - Processing file /home/airflow/.local/lib/python3.12/site-packages/airflow/example_dags/example_bash_decorator.py for tasks to queue
[2025-04-10T13:39:47.434+0000] {logging_mixin.py:188} INFO - [2025-04-10T13:39:47.433+0000] {dagbag.py:540} INFO - Filling up the DagBag from /home/airflow/.local/lib/python3.12/site-packages/airflow/example_dags/example_bash_decorator.py
[2025-04-10T13:39:47.457+0000] {processor.py:840} INFO - DAG(s) 'example_bash_decorator' retrieved from /home/airflow/.local/lib/python3.12/site-packages/airflow/example_dags/example_bash_decorator.py
[2025-04-10T13:39:47.500+0000] {logging_mixin.py:188} INFO - [2025-04-10T13:39:47.499+0000] {dag.py:3096} INFO - Sync 1 DAGs
[2025-04-10T13:39:47.522+0000] {logging_mixin.py:188} INFO - [2025-04-10T13:39:47.522+0000] {dag.py:3954} INFO - Setting next_dagrun for example_bash_decorator to None, run_after=None
[2025-04-10T13:39:47.556+0000] {processor.py:183} INFO - Processing /home/airflow/.local/lib/python3.12/site-packages/airflow/example_dags/example_bash_decorator.py took 0.136 seconds
[2025-04-10T13:40:18.353+0000] {processor.py:161} INFO - Started process (PID=611) to work on /home/airflow/.local/lib/python3.12/site-packages/airflow/example_dags/example_bash_decorator.py
[2025-04-10T13:40:18.354+0000] {processor.py:830} INFO - Processing file /home/airflow/.local/lib/python3.12/site-packages/airflow/example_dags/example_bash_decorator.py for tasks to queue
[2025-04-10T13:40:18.357+0000] {logging_mixin.py:188} INFO - [2025-04-10T13:40:18.357+0000] {dagbag.py:540} INFO - Filling up the DagBag from /home/airflow/.local/lib/python3.12/site-packages/airflow/example_dags/example_bash_decorator.py
[2025-04-10T13:40:18.380+0000] {processor.py:840} INFO - DAG(s) 'example_bash_decorator' retrieved from /home/airflow/.local/lib/python3.12/site-packages/airflow/example_dags/example_bash_decorator.py
[2025-04-10T13:40:18.422+0000] {logging_mixin.py:188} INFO - [2025-04-10T13:40:18.422+0000] {dag.py:3096} INFO - Sync 1 DAGs
[2025-04-10T13:40:18.445+0000] {logging_mixin.py:188} INFO - [2025-04-10T13:40:18.444+0000] {dag.py:3954} INFO - Setting next_dagrun for example_bash_decorator to None, run_after=None
[2025-04-10T13:40:18.476+0000] {processor.py:183} INFO - Processing /home/airflow/.local/lib/python3.12/site-packages/airflow/example_dags/example_bash_decorator.py took 0.133 seconds
[2025-04-10T13:40:49.216+0000] {processor.py:161} INFO - Started process (PID=669) to work on /home/airflow/.local/lib/python3.12/site-packages/airflow/example_dags/example_bash_decorator.py
[2025-04-10T13:40:49.217+0000] {processor.py:830} INFO - Processing file /home/airflow/.local/lib/python3.12/site-packages/airflow/example_dags/example_bash_decorator.py for tasks to queue
[2025-04-10T13:40:49.221+0000] {logging_mixin.py:188} INFO - [2025-04-10T13:40:49.220+0000] {dagbag.py:540} INFO - Filling up the DagBag from /home/airflow/.local/lib/python3.12/site-packages/airflow/example_dags/example_bash_decorator.py
[2025-04-10T13:40:49.248+0000] {processor.py:840} INFO - DAG(s) 'example_bash_decorator' retrieved from /home/airflow/.local/lib/python3.12/site-packages/airflow/example_dags/example_bash_decorator.py
[2025-04-10T13:40:49.293+0000] {logging_mixin.py:188} INFO - [2025-04-10T13:40:49.293+0000] {dag.py:3096} INFO - Sync 1 DAGs
[2025-04-10T13:40:49.321+0000] {logging_mixin.py:188} INFO - [2025-04-10T13:40:49.321+0000] {dag.py:3954} INFO - Setting next_dagrun for example_bash_decorator to None, run_after=None
[2025-04-10T13:40:49.354+0000] {processor.py:183} INFO - Processing /home/airflow/.local/lib/python3.12/site-packages/airflow/example_dags/example_bash_decorator.py took 0.151 seconds
[2025-04-10T13:41:20.321+0000] {processor.py:161} INFO - Started process (PID=727) to work on /home/airflow/.local/lib/python3.12/site-packages/airflow/example_dags/example_bash_decorator.py
[2025-04-10T13:41:20.322+0000] {processor.py:830} INFO - Processing file /home/airflow/.local/lib/python3.12/site-packages/airflow/example_dags/example_bash_decorator.py for tasks to queue
[2025-04-10T13:41:20.325+0000] {logging_mixin.py:188} INFO - [2025-04-10T13:41:20.325+0000] {dagbag.py:540} INFO - Filling up the DagBag from /home/airflow/.local/lib/python3.12/site-packages/airflow/example_dags/example_bash_decorator.py
[2025-04-10T13:41:20.347+0000] {processor.py:840} INFO - DAG(s) 'example_bash_decorator' retrieved from /home/airflow/.local/lib/python3.12/site-packages/airflow/example_dags/example_bash_decorator.py
[2025-04-10T13:41:20.390+0000] {logging_mixin.py:188} INFO - [2025-04-10T13:41:20.389+0000] {dag.py:3096} INFO - Sync 1 DAGs
[2025-04-10T13:41:20.416+0000] {logging_mixin.py:188} INFO - [2025-04-10T13:41:20.416+0000] {dag.py:3954} INFO - Setting next_dagrun for example_bash_decorator to None, run_after=None
[2025-04-10T13:41:20.449+0000] {processor.py:183} INFO - Processing /home/airflow/.local/lib/python3.12/site-packages/airflow/example_dags/example_bash_decorator.py took 0.138 seconds
[2025-04-10T13:50:05.106+0000] {processor.py:161} INFO - Started process (PID=89) to work on /home/airflow/.local/lib/python3.12/site-packages/airflow/example_dags/example_bash_decorator.py
[2025-04-10T13:50:05.108+0000] {processor.py:830} INFO - Processing file /home/airflow/.local/lib/python3.12/site-packages/airflow/example_dags/example_bash_decorator.py for tasks to queue
[2025-04-10T13:50:05.111+0000] {logging_mixin.py:188} INFO - [2025-04-10T13:50:05.110+0000] {dagbag.py:540} INFO - Filling up the DagBag from /home/airflow/.local/lib/python3.12/site-packages/airflow/example_dags/example_bash_decorator.py
[2025-04-10T13:50:05.138+0000] {processor.py:840} INFO - DAG(s) 'example_bash_decorator' retrieved from /home/airflow/.local/lib/python3.12/site-packages/airflow/example_dags/example_bash_decorator.py
[2025-04-10T13:50:05.337+0000] {logging_mixin.py:188} INFO - [2025-04-10T13:50:05.336+0000] {dag.py:3096} INFO - Sync 1 DAGs
[2025-04-10T13:50:05.361+0000] {logging_mixin.py:188} INFO - [2025-04-10T13:50:05.360+0000] {dag.py:3954} INFO - Setting next_dagrun for example_bash_decorator to None, run_after=None
[2025-04-10T13:50:05.402+0000] {processor.py:183} INFO - Processing /home/airflow/.local/lib/python3.12/site-packages/airflow/example_dags/example_bash_decorator.py took 0.305 seconds
[2025-04-10T13:50:35.513+0000] {processor.py:161} INFO - Started process (PID=147) to work on /home/airflow/.local/lib/python3.12/site-packages/airflow/example_dags/example_bash_decorator.py
[2025-04-10T13:50:35.515+0000] {processor.py:830} INFO - Processing file /home/airflow/.local/lib/python3.12/site-packages/airflow/example_dags/example_bash_decorator.py for tasks to queue
[2025-04-10T13:50:35.518+0000] {logging_mixin.py:188} INFO - [2025-04-10T13:50:35.517+0000] {dagbag.py:540} INFO - Filling up the DagBag from /home/airflow/.local/lib/python3.12/site-packages/airflow/example_dags/example_bash_decorator.py
[2025-04-10T13:50:35.542+0000] {processor.py:840} INFO - DAG(s) 'example_bash_decorator' retrieved from /home/airflow/.local/lib/python3.12/site-packages/airflow/example_dags/example_bash_decorator.py
[2025-04-10T13:50:35.585+0000] {logging_mixin.py:188} INFO - [2025-04-10T13:50:35.585+0000] {dag.py:3096} INFO - Sync 1 DAGs
[2025-04-10T13:50:35.608+0000] {logging_mixin.py:188} INFO - [2025-04-10T13:50:35.608+0000] {dag.py:3954} INFO - Setting next_dagrun for example_bash_decorator to None, run_after=None
[2025-04-10T13:50:35.640+0000] {processor.py:183} INFO - Processing /home/airflow/.local/lib/python3.12/site-packages/airflow/example_dags/example_bash_decorator.py took 0.136 seconds
[2025-04-10T13:51:05.790+0000] {processor.py:161} INFO - Started process (PID=205) to work on /home/airflow/.local/lib/python3.12/site-packages/airflow/example_dags/example_bash_decorator.py
[2025-04-10T13:51:05.792+0000] {processor.py:830} INFO - Processing file /home/airflow/.local/lib/python3.12/site-packages/airflow/example_dags/example_bash_decorator.py for tasks to queue
[2025-04-10T13:51:05.795+0000] {logging_mixin.py:188} INFO - [2025-04-10T13:51:05.794+0000] {dagbag.py:540} INFO - Filling up the DagBag from /home/airflow/.local/lib/python3.12/site-packages/airflow/example_dags/example_bash_decorator.py
[2025-04-10T13:51:05.820+0000] {processor.py:840} INFO - DAG(s) 'example_bash_decorator' retrieved from /home/airflow/.local/lib/python3.12/site-packages/airflow/example_dags/example_bash_decorator.py
[2025-04-10T13:51:05.867+0000] {logging_mixin.py:188} INFO - [2025-04-10T13:51:05.867+0000] {dag.py:3096} INFO - Sync 1 DAGs
[2025-04-10T13:51:05.893+0000] {logging_mixin.py:188} INFO - [2025-04-10T13:51:05.893+0000] {dag.py:3954} INFO - Setting next_dagrun for example_bash_decorator to None, run_after=None
[2025-04-10T13:51:05.927+0000] {processor.py:183} INFO - Processing /home/airflow/.local/lib/python3.12/site-packages/airflow/example_dags/example_bash_decorator.py took 0.148 seconds
[2025-04-10T13:51:36.132+0000] {processor.py:161} INFO - Started process (PID=263) to work on /home/airflow/.local/lib/python3.12/site-packages/airflow/example_dags/example_bash_decorator.py
[2025-04-10T13:51:36.134+0000] {processor.py:830} INFO - Processing file /home/airflow/.local/lib/python3.12/site-packages/airflow/example_dags/example_bash_decorator.py for tasks to queue
[2025-04-10T13:51:36.137+0000] {logging_mixin.py:188} INFO - [2025-04-10T13:51:36.137+0000] {dagbag.py:540} INFO - Filling up the DagBag from /home/airflow/.local/lib/python3.12/site-packages/airflow/example_dags/example_bash_decorator.py
[2025-04-10T13:51:36.159+0000] {processor.py:840} INFO - DAG(s) 'example_bash_decorator' retrieved from /home/airflow/.local/lib/python3.12/site-packages/airflow/example_dags/example_bash_decorator.py
[2025-04-10T13:51:36.202+0000] {logging_mixin.py:188} INFO - [2025-04-10T13:51:36.202+0000] {dag.py:3096} INFO - Sync 1 DAGs
[2025-04-10T13:51:36.225+0000] {logging_mixin.py:188} INFO - [2025-04-10T13:51:36.224+0000] {dag.py:3954} INFO - Setting next_dagrun for example_bash_decorator to None, run_after=None
[2025-04-10T13:51:36.258+0000] {processor.py:183} INFO - Processing /home/airflow/.local/lib/python3.12/site-packages/airflow/example_dags/example_bash_decorator.py took 0.135 seconds
[2025-04-10T13:52:06.732+0000] {processor.py:161} INFO - Started process (PID=321) to work on /home/airflow/.local/lib/python3.12/site-packages/airflow/example_dags/example_bash_decorator.py
[2025-04-10T13:52:06.734+0000] {processor.py:830} INFO - Processing file /home/airflow/.local/lib/python3.12/site-packages/airflow/example_dags/example_bash_decorator.py for tasks to queue
[2025-04-10T13:52:06.737+0000] {logging_mixin.py:188} INFO - [2025-04-10T13:52:06.736+0000] {dagbag.py:540} INFO - Filling up the DagBag from /home/airflow/.local/lib/python3.12/site-packages/airflow/example_dags/example_bash_decorator.py
[2025-04-10T13:52:06.759+0000] {processor.py:840} INFO - DAG(s) 'example_bash_decorator' retrieved from /home/airflow/.local/lib/python3.12/site-packages/airflow/example_dags/example_bash_decorator.py
[2025-04-10T13:52:06.800+0000] {logging_mixin.py:188} INFO - [2025-04-10T13:52:06.800+0000] {dag.py:3096} INFO - Sync 1 DAGs
[2025-04-10T13:52:06.825+0000] {logging_mixin.py:188} INFO - [2025-04-10T13:52:06.824+0000] {dag.py:3954} INFO - Setting next_dagrun for example_bash_decorator to None, run_after=None
[2025-04-10T13:52:06.857+0000] {processor.py:183} INFO - Processing /home/airflow/.local/lib/python3.12/site-packages/airflow/example_dags/example_bash_decorator.py took 0.134 seconds
[2025-04-10T13:52:37.052+0000] {processor.py:161} INFO - Started process (PID=379) to work on /home/airflow/.local/lib/python3.12/site-packages/airflow/example_dags/example_bash_decorator.py
[2025-04-10T13:52:37.053+0000] {processor.py:830} INFO - Processing file /home/airflow/.local/lib/python3.12/site-packages/airflow/example_dags/example_bash_decorator.py for tasks to queue
[2025-04-10T13:52:37.056+0000] {logging_mixin.py:188} INFO - [2025-04-10T13:52:37.056+0000] {dagbag.py:540} INFO - Filling up the DagBag from /home/airflow/.local/lib/python3.12/site-packages/airflow/example_dags/example_bash_decorator.py
[2025-04-10T13:52:37.079+0000] {processor.py:840} INFO - DAG(s) 'example_bash_decorator' retrieved from /home/airflow/.local/lib/python3.12/site-packages/airflow/example_dags/example_bash_decorator.py
[2025-04-10T13:52:37.122+0000] {logging_mixin.py:188} INFO - [2025-04-10T13:52:37.121+0000] {dag.py:3096} INFO - Sync 1 DAGs
[2025-04-10T13:52:37.145+0000] {logging_mixin.py:188} INFO - [2025-04-10T13:52:37.144+0000] {dag.py:3954} INFO - Setting next_dagrun for example_bash_decorator to None, run_after=None
[2025-04-10T13:52:37.181+0000] {processor.py:183} INFO - Processing /home/airflow/.local/lib/python3.12/site-packages/airflow/example_dags/example_bash_decorator.py took 0.138 seconds
[2025-04-10T13:53:07.396+0000] {processor.py:161} INFO - Started process (PID=438) to work on /home/airflow/.local/lib/python3.12/site-packages/airflow/example_dags/example_bash_decorator.py
[2025-04-10T13:53:07.397+0000] {processor.py:830} INFO - Processing file /home/airflow/.local/lib/python3.12/site-packages/airflow/example_dags/example_bash_decorator.py for tasks to queue
[2025-04-10T13:53:07.400+0000] {logging_mixin.py:188} INFO - [2025-04-10T13:53:07.400+0000] {dagbag.py:540} INFO - Filling up the DagBag from /home/airflow/.local/lib/python3.12/site-packages/airflow/example_dags/example_bash_decorator.py
[2025-04-10T13:53:07.429+0000] {processor.py:840} INFO - DAG(s) 'example_bash_decorator' retrieved from /home/airflow/.local/lib/python3.12/site-packages/airflow/example_dags/example_bash_decorator.py
[2025-04-10T13:53:07.472+0000] {logging_mixin.py:188} INFO - [2025-04-10T13:53:07.471+0000] {dag.py:3096} INFO - Sync 1 DAGs
[2025-04-10T13:53:07.495+0000] {logging_mixin.py:188} INFO - [2025-04-10T13:53:07.495+0000] {dag.py:3954} INFO - Setting next_dagrun for example_bash_decorator to None, run_after=None
[2025-04-10T13:53:07.530+0000] {processor.py:183} INFO - Processing /home/airflow/.local/lib/python3.12/site-packages/airflow/example_dags/example_bash_decorator.py took 0.144 seconds
[2025-04-10T13:53:37.744+0000] {processor.py:161} INFO - Started process (PID=496) to work on /home/airflow/.local/lib/python3.12/site-packages/airflow/example_dags/example_bash_decorator.py
[2025-04-10T13:53:37.746+0000] {processor.py:830} INFO - Processing file /home/airflow/.local/lib/python3.12/site-packages/airflow/example_dags/example_bash_decorator.py for tasks to queue
[2025-04-10T13:53:37.749+0000] {logging_mixin.py:188} INFO - [2025-04-10T13:53:37.748+0000] {dagbag.py:540} INFO - Filling up the DagBag from /home/airflow/.local/lib/python3.12/site-packages/airflow/example_dags/example_bash_decorator.py
[2025-04-10T13:53:37.771+0000] {processor.py:840} INFO - DAG(s) 'example_bash_decorator' retrieved from /home/airflow/.local/lib/python3.12/site-packages/airflow/example_dags/example_bash_decorator.py
[2025-04-10T13:53:37.821+0000] {logging_mixin.py:188} INFO - [2025-04-10T13:53:37.820+0000] {dag.py:3096} INFO - Sync 1 DAGs
[2025-04-10T13:53:37.847+0000] {logging_mixin.py:188} INFO - [2025-04-10T13:53:37.846+0000] {dag.py:3954} INFO - Setting next_dagrun for example_bash_decorator to None, run_after=None
[2025-04-10T13:53:37.886+0000] {processor.py:183} INFO - Processing /home/airflow/.local/lib/python3.12/site-packages/airflow/example_dags/example_bash_decorator.py took 0.154 seconds
[2025-04-10T13:54:08.250+0000] {processor.py:161} INFO - Started process (PID=554) to work on /home/airflow/.local/lib/python3.12/site-packages/airflow/example_dags/example_bash_decorator.py
[2025-04-10T13:54:08.252+0000] {processor.py:830} INFO - Processing file /home/airflow/.local/lib/python3.12/site-packages/airflow/example_dags/example_bash_decorator.py for tasks to queue
[2025-04-10T13:54:08.255+0000] {logging_mixin.py:188} INFO - [2025-04-10T13:54:08.255+0000] {dagbag.py:540} INFO - Filling up the DagBag from /home/airflow/.local/lib/python3.12/site-packages/airflow/example_dags/example_bash_decorator.py
[2025-04-10T13:54:08.284+0000] {processor.py:840} INFO - DAG(s) 'example_bash_decorator' retrieved from /home/airflow/.local/lib/python3.12/site-packages/airflow/example_dags/example_bash_decorator.py
[2025-04-10T13:54:08.336+0000] {logging_mixin.py:188} INFO - [2025-04-10T13:54:08.335+0000] {dag.py:3096} INFO - Sync 1 DAGs
[2025-04-10T13:54:08.364+0000] {logging_mixin.py:188} INFO - [2025-04-10T13:54:08.363+0000] {dag.py:3954} INFO - Setting next_dagrun for example_bash_decorator to None, run_after=None
[2025-04-10T13:54:08.404+0000] {processor.py:183} INFO - Processing /home/airflow/.local/lib/python3.12/site-packages/airflow/example_dags/example_bash_decorator.py took 0.166 seconds
[2025-04-10T13:54:39.265+0000] {processor.py:161} INFO - Started process (PID=611) to work on /home/airflow/.local/lib/python3.12/site-packages/airflow/example_dags/example_bash_decorator.py
[2025-04-10T13:54:39.267+0000] {processor.py:830} INFO - Processing file /home/airflow/.local/lib/python3.12/site-packages/airflow/example_dags/example_bash_decorator.py for tasks to queue
[2025-04-10T13:54:39.270+0000] {logging_mixin.py:188} INFO - [2025-04-10T13:54:39.269+0000] {dagbag.py:540} INFO - Filling up the DagBag from /home/airflow/.local/lib/python3.12/site-packages/airflow/example_dags/example_bash_decorator.py
[2025-04-10T13:54:39.294+0000] {processor.py:840} INFO - DAG(s) 'example_bash_decorator' retrieved from /home/airflow/.local/lib/python3.12/site-packages/airflow/example_dags/example_bash_decorator.py
[2025-04-10T13:54:39.336+0000] {logging_mixin.py:188} INFO - [2025-04-10T13:54:39.336+0000] {dag.py:3096} INFO - Sync 1 DAGs
[2025-04-10T13:54:39.360+0000] {logging_mixin.py:188} INFO - [2025-04-10T13:54:39.360+0000] {dag.py:3954} INFO - Setting next_dagrun for example_bash_decorator to None, run_after=None
[2025-04-10T13:54:39.393+0000] {processor.py:183} INFO - Processing /home/airflow/.local/lib/python3.12/site-packages/airflow/example_dags/example_bash_decorator.py took 0.138 seconds
[2025-04-10T13:55:09.717+0000] {processor.py:161} INFO - Started process (PID=671) to work on /home/airflow/.local/lib/python3.12/site-packages/airflow/example_dags/example_bash_decorator.py
[2025-04-10T13:55:09.719+0000] {processor.py:830} INFO - Processing file /home/airflow/.local/lib/python3.12/site-packages/airflow/example_dags/example_bash_decorator.py for tasks to queue
[2025-04-10T13:55:09.722+0000] {logging_mixin.py:188} INFO - [2025-04-10T13:55:09.721+0000] {dagbag.py:540} INFO - Filling up the DagBag from /home/airflow/.local/lib/python3.12/site-packages/airflow/example_dags/example_bash_decorator.py
[2025-04-10T13:55:09.743+0000] {processor.py:840} INFO - DAG(s) 'example_bash_decorator' retrieved from /home/airflow/.local/lib/python3.12/site-packages/airflow/example_dags/example_bash_decorator.py
[2025-04-10T13:55:09.790+0000] {logging_mixin.py:188} INFO - [2025-04-10T13:55:09.789+0000] {dag.py:3096} INFO - Sync 1 DAGs
[2025-04-10T13:55:09.817+0000] {logging_mixin.py:188} INFO - [2025-04-10T13:55:09.816+0000] {dag.py:3954} INFO - Setting next_dagrun for example_bash_decorator to None, run_after=None
[2025-04-10T13:55:09.855+0000] {processor.py:183} INFO - Processing /home/airflow/.local/lib/python3.12/site-packages/airflow/example_dags/example_bash_decorator.py took 0.146 seconds
[2025-04-10T13:55:40.029+0000] {processor.py:161} INFO - Started process (PID=731) to work on /home/airflow/.local/lib/python3.12/site-packages/airflow/example_dags/example_bash_decorator.py
[2025-04-10T13:55:40.031+0000] {processor.py:830} INFO - Processing file /home/airflow/.local/lib/python3.12/site-packages/airflow/example_dags/example_bash_decorator.py for tasks to queue
[2025-04-10T13:55:40.034+0000] {logging_mixin.py:188} INFO - [2025-04-10T13:55:40.034+0000] {dagbag.py:540} INFO - Filling up the DagBag from /home/airflow/.local/lib/python3.12/site-packages/airflow/example_dags/example_bash_decorator.py
[2025-04-10T13:55:40.058+0000] {processor.py:840} INFO - DAG(s) 'example_bash_decorator' retrieved from /home/airflow/.local/lib/python3.12/site-packages/airflow/example_dags/example_bash_decorator.py
[2025-04-10T13:55:40.101+0000] {logging_mixin.py:188} INFO - [2025-04-10T13:55:40.101+0000] {dag.py:3096} INFO - Sync 1 DAGs
[2025-04-10T13:55:40.124+0000] {logging_mixin.py:188} INFO - [2025-04-10T13:55:40.123+0000] {dag.py:3954} INFO - Setting next_dagrun for example_bash_decorator to None, run_after=None
[2025-04-10T13:55:40.157+0000] {processor.py:183} INFO - Processing /home/airflow/.local/lib/python3.12/site-packages/airflow/example_dags/example_bash_decorator.py took 0.138 seconds
[2025-04-10T13:56:10.770+0000] {processor.py:161} INFO - Started process (PID=791) to work on /home/airflow/.local/lib/python3.12/site-packages/airflow/example_dags/example_bash_decorator.py
[2025-04-10T13:56:10.771+0000] {processor.py:830} INFO - Processing file /home/airflow/.local/lib/python3.12/site-packages/airflow/example_dags/example_bash_decorator.py for tasks to queue
[2025-04-10T13:56:10.774+0000] {logging_mixin.py:188} INFO - [2025-04-10T13:56:10.774+0000] {dagbag.py:540} INFO - Filling up the DagBag from /home/airflow/.local/lib/python3.12/site-packages/airflow/example_dags/example_bash_decorator.py
[2025-04-10T13:56:10.797+0000] {processor.py:840} INFO - DAG(s) 'example_bash_decorator' retrieved from /home/airflow/.local/lib/python3.12/site-packages/airflow/example_dags/example_bash_decorator.py
[2025-04-10T13:56:10.840+0000] {logging_mixin.py:188} INFO - [2025-04-10T13:56:10.840+0000] {dag.py:3096} INFO - Sync 1 DAGs
[2025-04-10T13:56:10.862+0000] {logging_mixin.py:188} INFO - [2025-04-10T13:56:10.862+0000] {dag.py:3954} INFO - Setting next_dagrun for example_bash_decorator to None, run_after=None
[2025-04-10T13:56:10.896+0000] {processor.py:183} INFO - Processing /home/airflow/.local/lib/python3.12/site-packages/airflow/example_dags/example_bash_decorator.py took 0.136 seconds
[2025-04-10T13:56:41.412+0000] {processor.py:161} INFO - Started process (PID=851) to work on /home/airflow/.local/lib/python3.12/site-packages/airflow/example_dags/example_bash_decorator.py
[2025-04-10T13:56:41.413+0000] {processor.py:830} INFO - Processing file /home/airflow/.local/lib/python3.12/site-packages/airflow/example_dags/example_bash_decorator.py for tasks to queue
[2025-04-10T13:56:41.416+0000] {logging_mixin.py:188} INFO - [2025-04-10T13:56:41.416+0000] {dagbag.py:540} INFO - Filling up the DagBag from /home/airflow/.local/lib/python3.12/site-packages/airflow/example_dags/example_bash_decorator.py
[2025-04-10T13:56:41.439+0000] {processor.py:840} INFO - DAG(s) 'example_bash_decorator' retrieved from /home/airflow/.local/lib/python3.12/site-packages/airflow/example_dags/example_bash_decorator.py
[2025-04-10T13:56:41.483+0000] {logging_mixin.py:188} INFO - [2025-04-10T13:56:41.483+0000] {dag.py:3096} INFO - Sync 1 DAGs
[2025-04-10T13:56:41.508+0000] {logging_mixin.py:188} INFO - [2025-04-10T13:56:41.507+0000] {dag.py:3954} INFO - Setting next_dagrun for example_bash_decorator to None, run_after=None
[2025-04-10T13:56:41.543+0000] {processor.py:183} INFO - Processing /home/airflow/.local/lib/python3.12/site-packages/airflow/example_dags/example_bash_decorator.py took 0.142 seconds
[2025-04-10T13:57:11.605+0000] {processor.py:161} INFO - Started process (PID=911) to work on /home/airflow/.local/lib/python3.12/site-packages/airflow/example_dags/example_bash_decorator.py
[2025-04-10T13:57:11.606+0000] {processor.py:830} INFO - Processing file /home/airflow/.local/lib/python3.12/site-packages/airflow/example_dags/example_bash_decorator.py for tasks to queue
[2025-04-10T13:57:11.610+0000] {logging_mixin.py:188} INFO - [2025-04-10T13:57:11.609+0000] {dagbag.py:540} INFO - Filling up the DagBag from /home/airflow/.local/lib/python3.12/site-packages/airflow/example_dags/example_bash_decorator.py
[2025-04-10T13:57:11.632+0000] {processor.py:840} INFO - DAG(s) 'example_bash_decorator' retrieved from /home/airflow/.local/lib/python3.12/site-packages/airflow/example_dags/example_bash_decorator.py
[2025-04-10T13:57:11.673+0000] {logging_mixin.py:188} INFO - [2025-04-10T13:57:11.672+0000] {dag.py:3096} INFO - Sync 1 DAGs
[2025-04-10T13:57:11.695+0000] {logging_mixin.py:188} INFO - [2025-04-10T13:57:11.695+0000] {dag.py:3954} INFO - Setting next_dagrun for example_bash_decorator to None, run_after=None
[2025-04-10T13:57:11.727+0000] {processor.py:183} INFO - Processing /home/airflow/.local/lib/python3.12/site-packages/airflow/example_dags/example_bash_decorator.py took 0.133 seconds
[2025-04-10T13:57:41.930+0000] {processor.py:161} INFO - Started process (PID=971) to work on /home/airflow/.local/lib/python3.12/site-packages/airflow/example_dags/example_bash_decorator.py
[2025-04-10T13:57:41.932+0000] {processor.py:830} INFO - Processing file /home/airflow/.local/lib/python3.12/site-packages/airflow/example_dags/example_bash_decorator.py for tasks to queue
[2025-04-10T13:57:41.935+0000] {logging_mixin.py:188} INFO - [2025-04-10T13:57:41.934+0000] {dagbag.py:540} INFO - Filling up the DagBag from /home/airflow/.local/lib/python3.12/site-packages/airflow/example_dags/example_bash_decorator.py
[2025-04-10T13:57:41.957+0000] {processor.py:840} INFO - DAG(s) 'example_bash_decorator' retrieved from /home/airflow/.local/lib/python3.12/site-packages/airflow/example_dags/example_bash_decorator.py
[2025-04-10T13:57:42.000+0000] {logging_mixin.py:188} INFO - [2025-04-10T13:57:42.000+0000] {dag.py:3096} INFO - Sync 1 DAGs
[2025-04-10T13:57:42.025+0000] {logging_mixin.py:188} INFO - [2025-04-10T13:57:42.025+0000] {dag.py:3954} INFO - Setting next_dagrun for example_bash_decorator to None, run_after=None
[2025-04-10T13:57:42.061+0000] {processor.py:183} INFO - Processing /home/airflow/.local/lib/python3.12/site-packages/airflow/example_dags/example_bash_decorator.py took 0.141 seconds
[2025-04-10T13:58:12.702+0000] {processor.py:161} INFO - Started process (PID=1031) to work on /home/airflow/.local/lib/python3.12/site-packages/airflow/example_dags/example_bash_decorator.py
[2025-04-10T13:58:12.704+0000] {processor.py:830} INFO - Processing file /home/airflow/.local/lib/python3.12/site-packages/airflow/example_dags/example_bash_decorator.py for tasks to queue
[2025-04-10T13:58:12.707+0000] {logging_mixin.py:188} INFO - [2025-04-10T13:58:12.706+0000] {dagbag.py:540} INFO - Filling up the DagBag from /home/airflow/.local/lib/python3.12/site-packages/airflow/example_dags/example_bash_decorator.py
[2025-04-10T13:58:12.728+0000] {processor.py:840} INFO - DAG(s) 'example_bash_decorator' retrieved from /home/airflow/.local/lib/python3.12/site-packages/airflow/example_dags/example_bash_decorator.py
[2025-04-10T13:58:12.769+0000] {logging_mixin.py:188} INFO - [2025-04-10T13:58:12.769+0000] {dag.py:3096} INFO - Sync 1 DAGs
[2025-04-10T13:58:12.791+0000] {logging_mixin.py:188} INFO - [2025-04-10T13:58:12.791+0000] {dag.py:3954} INFO - Setting next_dagrun for example_bash_decorator to None, run_after=None
[2025-04-10T13:58:12.824+0000] {processor.py:183} INFO - Processing /home/airflow/.local/lib/python3.12/site-packages/airflow/example_dags/example_bash_decorator.py took 0.131 seconds
[2025-04-10T13:58:42.950+0000] {processor.py:161} INFO - Started process (PID=1091) to work on /home/airflow/.local/lib/python3.12/site-packages/airflow/example_dags/example_bash_decorator.py
[2025-04-10T13:58:42.952+0000] {processor.py:830} INFO - Processing file /home/airflow/.local/lib/python3.12/site-packages/airflow/example_dags/example_bash_decorator.py for tasks to queue
[2025-04-10T13:58:42.954+0000] {logging_mixin.py:188} INFO - [2025-04-10T13:58:42.954+0000] {dagbag.py:540} INFO - Filling up the DagBag from /home/airflow/.local/lib/python3.12/site-packages/airflow/example_dags/example_bash_decorator.py
[2025-04-10T13:58:42.976+0000] {processor.py:840} INFO - DAG(s) 'example_bash_decorator' retrieved from /home/airflow/.local/lib/python3.12/site-packages/airflow/example_dags/example_bash_decorator.py
[2025-04-10T13:58:43.030+0000] {logging_mixin.py:188} INFO - [2025-04-10T13:58:43.030+0000] {dag.py:3096} INFO - Sync 1 DAGs
[2025-04-10T13:58:43.058+0000] {logging_mixin.py:188} INFO - [2025-04-10T13:58:43.057+0000] {dag.py:3954} INFO - Setting next_dagrun for example_bash_decorator to None, run_after=None
[2025-04-10T13:58:43.088+0000] {processor.py:183} INFO - Processing /home/airflow/.local/lib/python3.12/site-packages/airflow/example_dags/example_bash_decorator.py took 0.147 seconds
[2025-04-10T13:59:15.666+0000] {processor.py:161} INFO - Started process (PID=1152) to work on /home/airflow/.local/lib/python3.12/site-packages/airflow/example_dags/example_bash_decorator.py
[2025-04-10T13:59:15.668+0000] {processor.py:830} INFO - Processing file /home/airflow/.local/lib/python3.12/site-packages/airflow/example_dags/example_bash_decorator.py for tasks to queue
[2025-04-10T13:59:15.672+0000] {logging_mixin.py:188} INFO - [2025-04-10T13:59:15.671+0000] {dagbag.py:540} INFO - Filling up the DagBag from /home/airflow/.local/lib/python3.12/site-packages/airflow/example_dags/example_bash_decorator.py
[2025-04-10T13:59:15.702+0000] {processor.py:840} INFO - DAG(s) 'example_bash_decorator' retrieved from /home/airflow/.local/lib/python3.12/site-packages/airflow/example_dags/example_bash_decorator.py
[2025-04-10T13:59:15.762+0000] {logging_mixin.py:188} INFO - [2025-04-10T13:59:15.761+0000] {dag.py:3096} INFO - Sync 1 DAGs
[2025-04-10T13:59:15.792+0000] {logging_mixin.py:188} INFO - [2025-04-10T13:59:15.791+0000] {dag.py:3954} INFO - Setting next_dagrun for example_bash_decorator to None, run_after=None
[2025-04-10T13:59:15.841+0000] {processor.py:183} INFO - Processing /home/airflow/.local/lib/python3.12/site-packages/airflow/example_dags/example_bash_decorator.py took 0.187 seconds
[2025-04-10T13:59:46.497+0000] {processor.py:161} INFO - Started process (PID=1212) to work on /home/airflow/.local/lib/python3.12/site-packages/airflow/example_dags/example_bash_decorator.py
[2025-04-10T13:59:46.498+0000] {processor.py:830} INFO - Processing file /home/airflow/.local/lib/python3.12/site-packages/airflow/example_dags/example_bash_decorator.py for tasks to queue
[2025-04-10T13:59:46.501+0000] {logging_mixin.py:188} INFO - [2025-04-10T13:59:46.501+0000] {dagbag.py:540} INFO - Filling up the DagBag from /home/airflow/.local/lib/python3.12/site-packages/airflow/example_dags/example_bash_decorator.py
[2025-04-10T13:59:46.525+0000] {processor.py:840} INFO - DAG(s) 'example_bash_decorator' retrieved from /home/airflow/.local/lib/python3.12/site-packages/airflow/example_dags/example_bash_decorator.py
[2025-04-10T13:59:46.570+0000] {logging_mixin.py:188} INFO - [2025-04-10T13:59:46.570+0000] {dag.py:3096} INFO - Sync 1 DAGs
[2025-04-10T13:59:46.597+0000] {logging_mixin.py:188} INFO - [2025-04-10T13:59:46.597+0000] {dag.py:3954} INFO - Setting next_dagrun for example_bash_decorator to None, run_after=None
[2025-04-10T13:59:46.867+0000] {processor.py:183} INFO - Processing /home/airflow/.local/lib/python3.12/site-packages/airflow/example_dags/example_bash_decorator.py took 0.380 seconds
[2025-04-10T14:00:17.016+0000] {processor.py:161} INFO - Started process (PID=1272) to work on /home/airflow/.local/lib/python3.12/site-packages/airflow/example_dags/example_bash_decorator.py
[2025-04-10T14:00:17.018+0000] {processor.py:830} INFO - Processing file /home/airflow/.local/lib/python3.12/site-packages/airflow/example_dags/example_bash_decorator.py for tasks to queue
[2025-04-10T14:00:17.021+0000] {logging_mixin.py:188} INFO - [2025-04-10T14:00:17.020+0000] {dagbag.py:540} INFO - Filling up the DagBag from /home/airflow/.local/lib/python3.12/site-packages/airflow/example_dags/example_bash_decorator.py
[2025-04-10T14:00:17.044+0000] {processor.py:840} INFO - DAG(s) 'example_bash_decorator' retrieved from /home/airflow/.local/lib/python3.12/site-packages/airflow/example_dags/example_bash_decorator.py
[2025-04-10T14:00:17.085+0000] {logging_mixin.py:188} INFO - [2025-04-10T14:00:17.085+0000] {dag.py:3096} INFO - Sync 1 DAGs
[2025-04-10T14:00:17.108+0000] {logging_mixin.py:188} INFO - [2025-04-10T14:00:17.108+0000] {dag.py:3954} INFO - Setting next_dagrun for example_bash_decorator to None, run_after=None
[2025-04-10T14:00:17.140+0000] {processor.py:183} INFO - Processing /home/airflow/.local/lib/python3.12/site-packages/airflow/example_dags/example_bash_decorator.py took 0.134 seconds
[2025-04-10T14:00:48.178+0000] {processor.py:161} INFO - Started process (PID=1333) to work on /home/airflow/.local/lib/python3.12/site-packages/airflow/example_dags/example_bash_decorator.py
[2025-04-10T14:00:48.179+0000] {processor.py:830} INFO - Processing file /home/airflow/.local/lib/python3.12/site-packages/airflow/example_dags/example_bash_decorator.py for tasks to queue
[2025-04-10T14:00:48.182+0000] {logging_mixin.py:188} INFO - [2025-04-10T14:00:48.181+0000] {dagbag.py:540} INFO - Filling up the DagBag from /home/airflow/.local/lib/python3.12/site-packages/airflow/example_dags/example_bash_decorator.py
[2025-04-10T14:00:48.204+0000] {processor.py:840} INFO - DAG(s) 'example_bash_decorator' retrieved from /home/airflow/.local/lib/python3.12/site-packages/airflow/example_dags/example_bash_decorator.py
[2025-04-10T14:00:48.246+0000] {logging_mixin.py:188} INFO - [2025-04-10T14:00:48.245+0000] {dag.py:3096} INFO - Sync 1 DAGs
[2025-04-10T14:00:48.268+0000] {logging_mixin.py:188} INFO - [2025-04-10T14:00:48.268+0000] {dag.py:3954} INFO - Setting next_dagrun for example_bash_decorator to None, run_after=None
[2025-04-10T14:00:48.299+0000] {processor.py:183} INFO - Processing /home/airflow/.local/lib/python3.12/site-packages/airflow/example_dags/example_bash_decorator.py took 0.131 seconds
[2025-04-10T14:01:19.319+0000] {processor.py:161} INFO - Started process (PID=1393) to work on /home/airflow/.local/lib/python3.12/site-packages/airflow/example_dags/example_bash_decorator.py
[2025-04-10T14:01:19.321+0000] {processor.py:830} INFO - Processing file /home/airflow/.local/lib/python3.12/site-packages/airflow/example_dags/example_bash_decorator.py for tasks to queue
[2025-04-10T14:01:19.324+0000] {logging_mixin.py:188} INFO - [2025-04-10T14:01:19.323+0000] {dagbag.py:540} INFO - Filling up the DagBag from /home/airflow/.local/lib/python3.12/site-packages/airflow/example_dags/example_bash_decorator.py
[2025-04-10T14:01:19.347+0000] {processor.py:840} INFO - DAG(s) 'example_bash_decorator' retrieved from /home/airflow/.local/lib/python3.12/site-packages/airflow/example_dags/example_bash_decorator.py
[2025-04-10T14:01:19.393+0000] {logging_mixin.py:188} INFO - [2025-04-10T14:01:19.393+0000] {dag.py:3096} INFO - Sync 1 DAGs
[2025-04-10T14:01:19.418+0000] {logging_mixin.py:188} INFO - [2025-04-10T14:01:19.418+0000] {dag.py:3954} INFO - Setting next_dagrun for example_bash_decorator to None, run_after=None
[2025-04-10T14:01:19.453+0000] {processor.py:183} INFO - Processing /home/airflow/.local/lib/python3.12/site-packages/airflow/example_dags/example_bash_decorator.py took 0.143 seconds
[2025-04-10T14:01:50.028+0000] {processor.py:161} INFO - Started process (PID=1453) to work on /home/airflow/.local/lib/python3.12/site-packages/airflow/example_dags/example_bash_decorator.py
[2025-04-10T14:01:50.030+0000] {processor.py:830} INFO - Processing file /home/airflow/.local/lib/python3.12/site-packages/airflow/example_dags/example_bash_decorator.py for tasks to queue
[2025-04-10T14:01:50.033+0000] {logging_mixin.py:188} INFO - [2025-04-10T14:01:50.032+0000] {dagbag.py:540} INFO - Filling up the DagBag from /home/airflow/.local/lib/python3.12/site-packages/airflow/example_dags/example_bash_decorator.py
[2025-04-10T14:01:50.057+0000] {processor.py:840} INFO - DAG(s) 'example_bash_decorator' retrieved from /home/airflow/.local/lib/python3.12/site-packages/airflow/example_dags/example_bash_decorator.py
[2025-04-10T14:01:50.099+0000] {logging_mixin.py:188} INFO - [2025-04-10T14:01:50.099+0000] {dag.py:3096} INFO - Sync 1 DAGs
[2025-04-10T14:01:50.124+0000] {logging_mixin.py:188} INFO - [2025-04-10T14:01:50.124+0000] {dag.py:3954} INFO - Setting next_dagrun for example_bash_decorator to None, run_after=None
[2025-04-10T14:01:50.159+0000] {processor.py:183} INFO - Processing /home/airflow/.local/lib/python3.12/site-packages/airflow/example_dags/example_bash_decorator.py took 0.141 seconds
[2025-04-10T14:02:21.098+0000] {processor.py:161} INFO - Started process (PID=1513) to work on /home/airflow/.local/lib/python3.12/site-packages/airflow/example_dags/example_bash_decorator.py
[2025-04-10T14:02:21.100+0000] {processor.py:830} INFO - Processing file /home/airflow/.local/lib/python3.12/site-packages/airflow/example_dags/example_bash_decorator.py for tasks to queue
[2025-04-10T14:02:21.103+0000] {logging_mixin.py:188} INFO - [2025-04-10T14:02:21.103+0000] {dagbag.py:540} INFO - Filling up the DagBag from /home/airflow/.local/lib/python3.12/site-packages/airflow/example_dags/example_bash_decorator.py
[2025-04-10T14:02:21.128+0000] {processor.py:840} INFO - DAG(s) 'example_bash_decorator' retrieved from /home/airflow/.local/lib/python3.12/site-packages/airflow/example_dags/example_bash_decorator.py
[2025-04-10T14:02:21.187+0000] {logging_mixin.py:188} INFO - [2025-04-10T14:02:21.187+0000] {dag.py:3096} INFO - Sync 1 DAGs
[2025-04-10T14:02:21.216+0000] {logging_mixin.py:188} INFO - [2025-04-10T14:02:21.216+0000] {dag.py:3954} INFO - Setting next_dagrun for example_bash_decorator to None, run_after=None
[2025-04-10T14:02:21.255+0000] {processor.py:183} INFO - Processing /home/airflow/.local/lib/python3.12/site-packages/airflow/example_dags/example_bash_decorator.py took 0.167 seconds
[2025-04-10T14:02:52.354+0000] {processor.py:161} INFO - Started process (PID=1573) to work on /home/airflow/.local/lib/python3.12/site-packages/airflow/example_dags/example_bash_decorator.py
[2025-04-10T14:02:52.355+0000] {processor.py:830} INFO - Processing file /home/airflow/.local/lib/python3.12/site-packages/airflow/example_dags/example_bash_decorator.py for tasks to queue
[2025-04-10T14:02:52.359+0000] {logging_mixin.py:188} INFO - [2025-04-10T14:02:52.358+0000] {dagbag.py:540} INFO - Filling up the DagBag from /home/airflow/.local/lib/python3.12/site-packages/airflow/example_dags/example_bash_decorator.py
[2025-04-10T14:02:52.387+0000] {processor.py:840} INFO - DAG(s) 'example_bash_decorator' retrieved from /home/airflow/.local/lib/python3.12/site-packages/airflow/example_dags/example_bash_decorator.py
[2025-04-10T14:02:52.429+0000] {logging_mixin.py:188} INFO - [2025-04-10T14:02:52.429+0000] {dag.py:3096} INFO - Sync 1 DAGs
[2025-04-10T14:02:52.454+0000] {logging_mixin.py:188} INFO - [2025-04-10T14:02:52.453+0000] {dag.py:3954} INFO - Setting next_dagrun for example_bash_decorator to None, run_after=None
[2025-04-10T14:02:52.486+0000] {processor.py:183} INFO - Processing /home/airflow/.local/lib/python3.12/site-packages/airflow/example_dags/example_bash_decorator.py took 0.144 seconds
[2025-04-10T14:03:23.062+0000] {processor.py:161} INFO - Started process (PID=1633) to work on /home/airflow/.local/lib/python3.12/site-packages/airflow/example_dags/example_bash_decorator.py
[2025-04-10T14:03:23.065+0000] {processor.py:830} INFO - Processing file /home/airflow/.local/lib/python3.12/site-packages/airflow/example_dags/example_bash_decorator.py for tasks to queue
[2025-04-10T14:03:23.068+0000] {logging_mixin.py:188} INFO - [2025-04-10T14:03:23.067+0000] {dagbag.py:540} INFO - Filling up the DagBag from /home/airflow/.local/lib/python3.12/site-packages/airflow/example_dags/example_bash_decorator.py
[2025-04-10T14:03:23.100+0000] {processor.py:840} INFO - DAG(s) 'example_bash_decorator' retrieved from /home/airflow/.local/lib/python3.12/site-packages/airflow/example_dags/example_bash_decorator.py
[2025-04-10T14:03:23.144+0000] {logging_mixin.py:188} INFO - [2025-04-10T14:03:23.144+0000] {dag.py:3096} INFO - Sync 1 DAGs
[2025-04-10T14:03:23.169+0000] {logging_mixin.py:188} INFO - [2025-04-10T14:03:23.168+0000] {dag.py:3954} INFO - Setting next_dagrun for example_bash_decorator to None, run_after=None
[2025-04-10T14:03:23.203+0000] {processor.py:183} INFO - Processing /home/airflow/.local/lib/python3.12/site-packages/airflow/example_dags/example_bash_decorator.py took 0.152 seconds
[2025-04-10T14:03:53.731+0000] {processor.py:161} INFO - Started process (PID=1693) to work on /home/airflow/.local/lib/python3.12/site-packages/airflow/example_dags/example_bash_decorator.py
[2025-04-10T14:03:53.732+0000] {processor.py:830} INFO - Processing file /home/airflow/.local/lib/python3.12/site-packages/airflow/example_dags/example_bash_decorator.py for tasks to queue
[2025-04-10T14:03:53.736+0000] {logging_mixin.py:188} INFO - [2025-04-10T14:03:53.735+0000] {dagbag.py:540} INFO - Filling up the DagBag from /home/airflow/.local/lib/python3.12/site-packages/airflow/example_dags/example_bash_decorator.py
[2025-04-10T14:03:53.761+0000] {processor.py:840} INFO - DAG(s) 'example_bash_decorator' retrieved from /home/airflow/.local/lib/python3.12/site-packages/airflow/example_dags/example_bash_decorator.py
[2025-04-10T14:03:53.802+0000] {logging_mixin.py:188} INFO - [2025-04-10T14:03:53.802+0000] {dag.py:3096} INFO - Sync 1 DAGs
[2025-04-10T14:03:53.825+0000] {logging_mixin.py:188} INFO - [2025-04-10T14:03:53.825+0000] {dag.py:3954} INFO - Setting next_dagrun for example_bash_decorator to None, run_after=None
[2025-04-10T14:03:53.858+0000] {processor.py:183} INFO - Processing /home/airflow/.local/lib/python3.12/site-packages/airflow/example_dags/example_bash_decorator.py took 0.138 seconds
[2025-04-10T14:04:24.548+0000] {processor.py:161} INFO - Started process (PID=1754) to work on /home/airflow/.local/lib/python3.12/site-packages/airflow/example_dags/example_bash_decorator.py
[2025-04-10T14:04:24.550+0000] {processor.py:830} INFO - Processing file /home/airflow/.local/lib/python3.12/site-packages/airflow/example_dags/example_bash_decorator.py for tasks to queue
[2025-04-10T14:04:24.553+0000] {logging_mixin.py:188} INFO - [2025-04-10T14:04:24.552+0000] {dagbag.py:540} INFO - Filling up the DagBag from /home/airflow/.local/lib/python3.12/site-packages/airflow/example_dags/example_bash_decorator.py
[2025-04-10T14:04:24.575+0000] {processor.py:840} INFO - DAG(s) 'example_bash_decorator' retrieved from /home/airflow/.local/lib/python3.12/site-packages/airflow/example_dags/example_bash_decorator.py
[2025-04-10T14:04:24.618+0000] {logging_mixin.py:188} INFO - [2025-04-10T14:04:24.618+0000] {dag.py:3096} INFO - Sync 1 DAGs
[2025-04-10T14:04:24.642+0000] {logging_mixin.py:188} INFO - [2025-04-10T14:04:24.642+0000] {dag.py:3954} INFO - Setting next_dagrun for example_bash_decorator to None, run_after=None
[2025-04-10T14:04:24.676+0000] {processor.py:183} INFO - Processing /home/airflow/.local/lib/python3.12/site-packages/airflow/example_dags/example_bash_decorator.py took 0.137 seconds
[2025-04-10T14:04:54.858+0000] {processor.py:161} INFO - Started process (PID=1813) to work on /home/airflow/.local/lib/python3.12/site-packages/airflow/example_dags/example_bash_decorator.py
[2025-04-10T14:04:54.859+0000] {processor.py:830} INFO - Processing file /home/airflow/.local/lib/python3.12/site-packages/airflow/example_dags/example_bash_decorator.py for tasks to queue
[2025-04-10T14:04:54.862+0000] {logging_mixin.py:188} INFO - [2025-04-10T14:04:54.862+0000] {dagbag.py:540} INFO - Filling up the DagBag from /home/airflow/.local/lib/python3.12/site-packages/airflow/example_dags/example_bash_decorator.py
[2025-04-10T14:04:54.884+0000] {processor.py:840} INFO - DAG(s) 'example_bash_decorator' retrieved from /home/airflow/.local/lib/python3.12/site-packages/airflow/example_dags/example_bash_decorator.py
[2025-04-10T14:04:54.930+0000] {logging_mixin.py:188} INFO - [2025-04-10T14:04:54.929+0000] {dag.py:3096} INFO - Sync 1 DAGs
[2025-04-10T14:04:54.953+0000] {logging_mixin.py:188} INFO - [2025-04-10T14:04:54.952+0000] {dag.py:3954} INFO - Setting next_dagrun for example_bash_decorator to None, run_after=None
[2025-04-10T14:04:54.987+0000] {processor.py:183} INFO - Processing /home/airflow/.local/lib/python3.12/site-packages/airflow/example_dags/example_bash_decorator.py took 0.139 seconds
[2025-04-10T14:05:25.189+0000] {processor.py:161} INFO - Started process (PID=1872) to work on /home/airflow/.local/lib/python3.12/site-packages/airflow/example_dags/example_bash_decorator.py
[2025-04-10T14:05:25.190+0000] {processor.py:830} INFO - Processing file /home/airflow/.local/lib/python3.12/site-packages/airflow/example_dags/example_bash_decorator.py for tasks to queue
[2025-04-10T14:05:25.193+0000] {logging_mixin.py:188} INFO - [2025-04-10T14:05:25.193+0000] {dagbag.py:540} INFO - Filling up the DagBag from /home/airflow/.local/lib/python3.12/site-packages/airflow/example_dags/example_bash_decorator.py
[2025-04-10T14:05:25.219+0000] {processor.py:840} INFO - DAG(s) 'example_bash_decorator' retrieved from /home/airflow/.local/lib/python3.12/site-packages/airflow/example_dags/example_bash_decorator.py
[2025-04-10T14:05:25.265+0000] {logging_mixin.py:188} INFO - [2025-04-10T14:05:25.264+0000] {dag.py:3096} INFO - Sync 1 DAGs
[2025-04-10T14:05:25.288+0000] {logging_mixin.py:188} INFO - [2025-04-10T14:05:25.288+0000] {dag.py:3954} INFO - Setting next_dagrun for example_bash_decorator to None, run_after=None
[2025-04-10T14:05:25.323+0000] {processor.py:183} INFO - Processing /home/airflow/.local/lib/python3.12/site-packages/airflow/example_dags/example_bash_decorator.py took 0.145 seconds
[2025-04-10T14:05:55.573+0000] {processor.py:161} INFO - Started process (PID=1932) to work on /home/airflow/.local/lib/python3.12/site-packages/airflow/example_dags/example_bash_decorator.py
[2025-04-10T14:05:55.575+0000] {processor.py:830} INFO - Processing file /home/airflow/.local/lib/python3.12/site-packages/airflow/example_dags/example_bash_decorator.py for tasks to queue
[2025-04-10T14:05:55.578+0000] {logging_mixin.py:188} INFO - [2025-04-10T14:05:55.577+0000] {dagbag.py:540} INFO - Filling up the DagBag from /home/airflow/.local/lib/python3.12/site-packages/airflow/example_dags/example_bash_decorator.py
[2025-04-10T14:05:55.602+0000] {processor.py:840} INFO - DAG(s) 'example_bash_decorator' retrieved from /home/airflow/.local/lib/python3.12/site-packages/airflow/example_dags/example_bash_decorator.py
[2025-04-10T14:05:55.645+0000] {logging_mixin.py:188} INFO - [2025-04-10T14:05:55.644+0000] {dag.py:3096} INFO - Sync 1 DAGs
[2025-04-10T14:05:55.668+0000] {logging_mixin.py:188} INFO - [2025-04-10T14:05:55.668+0000] {dag.py:3954} INFO - Setting next_dagrun for example_bash_decorator to None, run_after=None
[2025-04-10T14:05:55.701+0000] {processor.py:183} INFO - Processing /home/airflow/.local/lib/python3.12/site-packages/airflow/example_dags/example_bash_decorator.py took 0.138 seconds
[2025-04-10T14:06:26.051+0000] {processor.py:161} INFO - Started process (PID=1992) to work on /home/airflow/.local/lib/python3.12/site-packages/airflow/example_dags/example_bash_decorator.py
[2025-04-10T14:06:26.053+0000] {processor.py:830} INFO - Processing file /home/airflow/.local/lib/python3.12/site-packages/airflow/example_dags/example_bash_decorator.py for tasks to queue
[2025-04-10T14:06:26.056+0000] {logging_mixin.py:188} INFO - [2025-04-10T14:06:26.055+0000] {dagbag.py:540} INFO - Filling up the DagBag from /home/airflow/.local/lib/python3.12/site-packages/airflow/example_dags/example_bash_decorator.py
[2025-04-10T14:06:26.079+0000] {processor.py:840} INFO - DAG(s) 'example_bash_decorator' retrieved from /home/airflow/.local/lib/python3.12/site-packages/airflow/example_dags/example_bash_decorator.py
[2025-04-10T14:06:26.119+0000] {logging_mixin.py:188} INFO - [2025-04-10T14:06:26.119+0000] {dag.py:3096} INFO - Sync 1 DAGs
[2025-04-10T14:06:26.144+0000] {logging_mixin.py:188} INFO - [2025-04-10T14:06:26.143+0000] {dag.py:3954} INFO - Setting next_dagrun for example_bash_decorator to None, run_after=None
[2025-04-10T14:06:26.179+0000] {processor.py:183} INFO - Processing /home/airflow/.local/lib/python3.12/site-packages/airflow/example_dags/example_bash_decorator.py took 0.138 seconds
[2025-04-10T14:06:56.534+0000] {processor.py:161} INFO - Started process (PID=2052) to work on /home/airflow/.local/lib/python3.12/site-packages/airflow/example_dags/example_bash_decorator.py
[2025-04-10T14:06:56.536+0000] {processor.py:830} INFO - Processing file /home/airflow/.local/lib/python3.12/site-packages/airflow/example_dags/example_bash_decorator.py for tasks to queue
[2025-04-10T14:06:56.539+0000] {logging_mixin.py:188} INFO - [2025-04-10T14:06:56.538+0000] {dagbag.py:540} INFO - Filling up the DagBag from /home/airflow/.local/lib/python3.12/site-packages/airflow/example_dags/example_bash_decorator.py
[2025-04-10T14:06:56.562+0000] {processor.py:840} INFO - DAG(s) 'example_bash_decorator' retrieved from /home/airflow/.local/lib/python3.12/site-packages/airflow/example_dags/example_bash_decorator.py
[2025-04-10T14:06:56.604+0000] {logging_mixin.py:188} INFO - [2025-04-10T14:06:56.604+0000] {dag.py:3096} INFO - Sync 1 DAGs
[2025-04-10T14:06:56.627+0000] {logging_mixin.py:188} INFO - [2025-04-10T14:06:56.627+0000] {dag.py:3954} INFO - Setting next_dagrun for example_bash_decorator to None, run_after=None
[2025-04-10T14:06:56.660+0000] {processor.py:183} INFO - Processing /home/airflow/.local/lib/python3.12/site-packages/airflow/example_dags/example_bash_decorator.py took 0.135 seconds
[2025-04-10T14:07:27.118+0000] {processor.py:161} INFO - Started process (PID=2112) to work on /home/airflow/.local/lib/python3.12/site-packages/airflow/example_dags/example_bash_decorator.py
[2025-04-10T14:07:27.119+0000] {processor.py:830} INFO - Processing file /home/airflow/.local/lib/python3.12/site-packages/airflow/example_dags/example_bash_decorator.py for tasks to queue
[2025-04-10T14:07:27.122+0000] {logging_mixin.py:188} INFO - [2025-04-10T14:07:27.122+0000] {dagbag.py:540} INFO - Filling up the DagBag from /home/airflow/.local/lib/python3.12/site-packages/airflow/example_dags/example_bash_decorator.py
[2025-04-10T14:07:27.146+0000] {processor.py:840} INFO - DAG(s) 'example_bash_decorator' retrieved from /home/airflow/.local/lib/python3.12/site-packages/airflow/example_dags/example_bash_decorator.py
[2025-04-10T14:07:27.187+0000] {logging_mixin.py:188} INFO - [2025-04-10T14:07:27.187+0000] {dag.py:3096} INFO - Sync 1 DAGs
[2025-04-10T14:07:27.211+0000] {logging_mixin.py:188} INFO - [2025-04-10T14:07:27.210+0000] {dag.py:3954} INFO - Setting next_dagrun for example_bash_decorator to None, run_after=None
[2025-04-10T14:07:27.244+0000] {processor.py:183} INFO - Processing /home/airflow/.local/lib/python3.12/site-packages/airflow/example_dags/example_bash_decorator.py took 0.135 seconds
[2025-04-10T14:07:57.598+0000] {processor.py:161} INFO - Started process (PID=2172) to work on /home/airflow/.local/lib/python3.12/site-packages/airflow/example_dags/example_bash_decorator.py
[2025-04-10T14:07:57.600+0000] {processor.py:830} INFO - Processing file /home/airflow/.local/lib/python3.12/site-packages/airflow/example_dags/example_bash_decorator.py for tasks to queue
[2025-04-10T14:07:57.603+0000] {logging_mixin.py:188} INFO - [2025-04-10T14:07:57.602+0000] {dagbag.py:540} INFO - Filling up the DagBag from /home/airflow/.local/lib/python3.12/site-packages/airflow/example_dags/example_bash_decorator.py
[2025-04-10T14:07:57.626+0000] {processor.py:840} INFO - DAG(s) 'example_bash_decorator' retrieved from /home/airflow/.local/lib/python3.12/site-packages/airflow/example_dags/example_bash_decorator.py
[2025-04-10T14:07:57.670+0000] {logging_mixin.py:188} INFO - [2025-04-10T14:07:57.670+0000] {dag.py:3096} INFO - Sync 1 DAGs
[2025-04-10T14:07:57.693+0000] {logging_mixin.py:188} INFO - [2025-04-10T14:07:57.692+0000] {dag.py:3954} INFO - Setting next_dagrun for example_bash_decorator to None, run_after=None
[2025-04-10T14:07:57.725+0000] {processor.py:183} INFO - Processing /home/airflow/.local/lib/python3.12/site-packages/airflow/example_dags/example_bash_decorator.py took 0.136 seconds
[2025-04-10T14:08:28.165+0000] {processor.py:161} INFO - Started process (PID=2232) to work on /home/airflow/.local/lib/python3.12/site-packages/airflow/example_dags/example_bash_decorator.py
[2025-04-10T14:08:28.167+0000] {processor.py:830} INFO - Processing file /home/airflow/.local/lib/python3.12/site-packages/airflow/example_dags/example_bash_decorator.py for tasks to queue
[2025-04-10T14:08:28.169+0000] {logging_mixin.py:188} INFO - [2025-04-10T14:08:28.169+0000] {dagbag.py:540} INFO - Filling up the DagBag from /home/airflow/.local/lib/python3.12/site-packages/airflow/example_dags/example_bash_decorator.py
[2025-04-10T14:08:28.194+0000] {processor.py:840} INFO - DAG(s) 'example_bash_decorator' retrieved from /home/airflow/.local/lib/python3.12/site-packages/airflow/example_dags/example_bash_decorator.py
[2025-04-10T14:08:28.236+0000] {logging_mixin.py:188} INFO - [2025-04-10T14:08:28.235+0000] {dag.py:3096} INFO - Sync 1 DAGs
[2025-04-10T14:08:28.258+0000] {logging_mixin.py:188} INFO - [2025-04-10T14:08:28.258+0000] {dag.py:3954} INFO - Setting next_dagrun for example_bash_decorator to None, run_after=None
[2025-04-10T14:08:28.291+0000] {processor.py:183} INFO - Processing /home/airflow/.local/lib/python3.12/site-packages/airflow/example_dags/example_bash_decorator.py took 0.135 seconds
[2025-04-10T14:08:58.652+0000] {processor.py:161} INFO - Started process (PID=2292) to work on /home/airflow/.local/lib/python3.12/site-packages/airflow/example_dags/example_bash_decorator.py
[2025-04-10T14:08:58.654+0000] {processor.py:830} INFO - Processing file /home/airflow/.local/lib/python3.12/site-packages/airflow/example_dags/example_bash_decorator.py for tasks to queue
[2025-04-10T14:08:58.657+0000] {logging_mixin.py:188} INFO - [2025-04-10T14:08:58.656+0000] {dagbag.py:540} INFO - Filling up the DagBag from /home/airflow/.local/lib/python3.12/site-packages/airflow/example_dags/example_bash_decorator.py
[2025-04-10T14:08:58.681+0000] {processor.py:840} INFO - DAG(s) 'example_bash_decorator' retrieved from /home/airflow/.local/lib/python3.12/site-packages/airflow/example_dags/example_bash_decorator.py
[2025-04-10T14:08:58.723+0000] {logging_mixin.py:188} INFO - [2025-04-10T14:08:58.723+0000] {dag.py:3096} INFO - Sync 1 DAGs
[2025-04-10T14:08:58.746+0000] {logging_mixin.py:188} INFO - [2025-04-10T14:08:58.745+0000] {dag.py:3954} INFO - Setting next_dagrun for example_bash_decorator to None, run_after=None
[2025-04-10T14:08:58.777+0000] {processor.py:183} INFO - Processing /home/airflow/.local/lib/python3.12/site-packages/airflow/example_dags/example_bash_decorator.py took 0.134 seconds
[2025-04-10T14:09:29.150+0000] {processor.py:161} INFO - Started process (PID=2352) to work on /home/airflow/.local/lib/python3.12/site-packages/airflow/example_dags/example_bash_decorator.py
[2025-04-10T14:09:29.151+0000] {processor.py:830} INFO - Processing file /home/airflow/.local/lib/python3.12/site-packages/airflow/example_dags/example_bash_decorator.py for tasks to queue
[2025-04-10T14:09:29.155+0000] {logging_mixin.py:188} INFO - [2025-04-10T14:09:29.154+0000] {dagbag.py:540} INFO - Filling up the DagBag from /home/airflow/.local/lib/python3.12/site-packages/airflow/example_dags/example_bash_decorator.py
[2025-04-10T14:09:29.179+0000] {processor.py:840} INFO - DAG(s) 'example_bash_decorator' retrieved from /home/airflow/.local/lib/python3.12/site-packages/airflow/example_dags/example_bash_decorator.py
[2025-04-10T14:09:29.221+0000] {logging_mixin.py:188} INFO - [2025-04-10T14:09:29.220+0000] {dag.py:3096} INFO - Sync 1 DAGs
[2025-04-10T14:09:29.245+0000] {logging_mixin.py:188} INFO - [2025-04-10T14:09:29.245+0000] {dag.py:3954} INFO - Setting next_dagrun for example_bash_decorator to None, run_after=None
[2025-04-10T14:09:29.278+0000] {processor.py:183} INFO - Processing /home/airflow/.local/lib/python3.12/site-packages/airflow/example_dags/example_bash_decorator.py took 0.139 seconds
[2025-04-10T14:09:59.947+0000] {processor.py:161} INFO - Started process (PID=2412) to work on /home/airflow/.local/lib/python3.12/site-packages/airflow/example_dags/example_bash_decorator.py
[2025-04-10T14:09:59.949+0000] {processor.py:830} INFO - Processing file /home/airflow/.local/lib/python3.12/site-packages/airflow/example_dags/example_bash_decorator.py for tasks to queue
[2025-04-10T14:09:59.952+0000] {logging_mixin.py:188} INFO - [2025-04-10T14:09:59.951+0000] {dagbag.py:540} INFO - Filling up the DagBag from /home/airflow/.local/lib/python3.12/site-packages/airflow/example_dags/example_bash_decorator.py
[2025-04-10T14:09:59.975+0000] {processor.py:840} INFO - DAG(s) 'example_bash_decorator' retrieved from /home/airflow/.local/lib/python3.12/site-packages/airflow/example_dags/example_bash_decorator.py
[2025-04-10T14:10:00.018+0000] {logging_mixin.py:188} INFO - [2025-04-10T14:10:00.018+0000] {dag.py:3096} INFO - Sync 1 DAGs
[2025-04-10T14:10:00.043+0000] {logging_mixin.py:188} INFO - [2025-04-10T14:10:00.042+0000] {dag.py:3954} INFO - Setting next_dagrun for example_bash_decorator to None, run_after=None
[2025-04-10T14:10:00.078+0000] {processor.py:183} INFO - Processing /home/airflow/.local/lib/python3.12/site-packages/airflow/example_dags/example_bash_decorator.py took 0.141 seconds
[2025-04-10T14:10:30.379+0000] {processor.py:161} INFO - Started process (PID=2478) to work on /home/airflow/.local/lib/python3.12/site-packages/airflow/example_dags/example_bash_decorator.py
[2025-04-10T14:10:30.381+0000] {processor.py:830} INFO - Processing file /home/airflow/.local/lib/python3.12/site-packages/airflow/example_dags/example_bash_decorator.py for tasks to queue
[2025-04-10T14:10:30.384+0000] {logging_mixin.py:188} INFO - [2025-04-10T14:10:30.384+0000] {dagbag.py:540} INFO - Filling up the DagBag from /home/airflow/.local/lib/python3.12/site-packages/airflow/example_dags/example_bash_decorator.py
[2025-04-10T14:10:30.407+0000] {processor.py:840} INFO - DAG(s) 'example_bash_decorator' retrieved from /home/airflow/.local/lib/python3.12/site-packages/airflow/example_dags/example_bash_decorator.py
[2025-04-10T14:10:30.454+0000] {logging_mixin.py:188} INFO - [2025-04-10T14:10:30.453+0000] {dag.py:3096} INFO - Sync 1 DAGs
[2025-04-10T14:10:30.481+0000] {logging_mixin.py:188} INFO - [2025-04-10T14:10:30.481+0000] {dag.py:3954} INFO - Setting next_dagrun for example_bash_decorator to None, run_after=None
[2025-04-10T14:10:30.517+0000] {processor.py:183} INFO - Processing /home/airflow/.local/lib/python3.12/site-packages/airflow/example_dags/example_bash_decorator.py took 0.147 seconds
[2025-04-10T14:11:00.890+0000] {processor.py:161} INFO - Started process (PID=2536) to work on /home/airflow/.local/lib/python3.12/site-packages/airflow/example_dags/example_bash_decorator.py
[2025-04-10T14:11:00.892+0000] {processor.py:830} INFO - Processing file /home/airflow/.local/lib/python3.12/site-packages/airflow/example_dags/example_bash_decorator.py for tasks to queue
[2025-04-10T14:11:00.895+0000] {logging_mixin.py:188} INFO - [2025-04-10T14:11:00.894+0000] {dagbag.py:540} INFO - Filling up the DagBag from /home/airflow/.local/lib/python3.12/site-packages/airflow/example_dags/example_bash_decorator.py
[2025-04-10T14:11:00.917+0000] {processor.py:840} INFO - DAG(s) 'example_bash_decorator' retrieved from /home/airflow/.local/lib/python3.12/site-packages/airflow/example_dags/example_bash_decorator.py
[2025-04-10T14:11:00.960+0000] {logging_mixin.py:188} INFO - [2025-04-10T14:11:00.959+0000] {dag.py:3096} INFO - Sync 1 DAGs
[2025-04-10T14:11:00.983+0000] {logging_mixin.py:188} INFO - [2025-04-10T14:11:00.982+0000] {dag.py:3954} INFO - Setting next_dagrun for example_bash_decorator to None, run_after=None
[2025-04-10T14:11:01.016+0000] {processor.py:183} INFO - Processing /home/airflow/.local/lib/python3.12/site-packages/airflow/example_dags/example_bash_decorator.py took 0.136 seconds
[2025-04-10T14:11:31.297+0000] {processor.py:161} INFO - Started process (PID=2596) to work on /home/airflow/.local/lib/python3.12/site-packages/airflow/example_dags/example_bash_decorator.py
[2025-04-10T14:11:31.298+0000] {processor.py:830} INFO - Processing file /home/airflow/.local/lib/python3.12/site-packages/airflow/example_dags/example_bash_decorator.py for tasks to queue
[2025-04-10T14:11:31.302+0000] {logging_mixin.py:188} INFO - [2025-04-10T14:11:31.301+0000] {dagbag.py:540} INFO - Filling up the DagBag from /home/airflow/.local/lib/python3.12/site-packages/airflow/example_dags/example_bash_decorator.py
[2025-04-10T14:11:31.326+0000] {processor.py:840} INFO - DAG(s) 'example_bash_decorator' retrieved from /home/airflow/.local/lib/python3.12/site-packages/airflow/example_dags/example_bash_decorator.py
[2025-04-10T14:11:31.373+0000] {logging_mixin.py:188} INFO - [2025-04-10T14:11:31.372+0000] {dag.py:3096} INFO - Sync 1 DAGs
[2025-04-10T14:11:31.402+0000] {logging_mixin.py:188} INFO - [2025-04-10T14:11:31.402+0000] {dag.py:3954} INFO - Setting next_dagrun for example_bash_decorator to None, run_after=None
[2025-04-10T14:11:31.449+0000] {processor.py:183} INFO - Processing /home/airflow/.local/lib/python3.12/site-packages/airflow/example_dags/example_bash_decorator.py took 0.165 seconds
[2025-04-10T14:12:01.968+0000] {processor.py:161} INFO - Started process (PID=2656) to work on /home/airflow/.local/lib/python3.12/site-packages/airflow/example_dags/example_bash_decorator.py
[2025-04-10T14:12:01.969+0000] {processor.py:830} INFO - Processing file /home/airflow/.local/lib/python3.12/site-packages/airflow/example_dags/example_bash_decorator.py for tasks to queue
[2025-04-10T14:12:01.972+0000] {logging_mixin.py:188} INFO - [2025-04-10T14:12:01.972+0000] {dagbag.py:540} INFO - Filling up the DagBag from /home/airflow/.local/lib/python3.12/site-packages/airflow/example_dags/example_bash_decorator.py
[2025-04-10T14:12:01.995+0000] {processor.py:840} INFO - DAG(s) 'example_bash_decorator' retrieved from /home/airflow/.local/lib/python3.12/site-packages/airflow/example_dags/example_bash_decorator.py
[2025-04-10T14:12:02.036+0000] {logging_mixin.py:188} INFO - [2025-04-10T14:12:02.036+0000] {dag.py:3096} INFO - Sync 1 DAGs
[2025-04-10T14:12:02.060+0000] {logging_mixin.py:188} INFO - [2025-04-10T14:12:02.060+0000] {dag.py:3954} INFO - Setting next_dagrun for example_bash_decorator to None, run_after=None
[2025-04-10T14:12:02.093+0000] {processor.py:183} INFO - Processing /home/airflow/.local/lib/python3.12/site-packages/airflow/example_dags/example_bash_decorator.py took 0.135 seconds
[2025-04-10T14:12:32.853+0000] {processor.py:161} INFO - Started process (PID=2716) to work on /home/airflow/.local/lib/python3.12/site-packages/airflow/example_dags/example_bash_decorator.py
[2025-04-10T14:12:32.854+0000] {processor.py:830} INFO - Processing file /home/airflow/.local/lib/python3.12/site-packages/airflow/example_dags/example_bash_decorator.py for tasks to queue
[2025-04-10T14:12:32.857+0000] {logging_mixin.py:188} INFO - [2025-04-10T14:12:32.856+0000] {dagbag.py:540} INFO - Filling up the DagBag from /home/airflow/.local/lib/python3.12/site-packages/airflow/example_dags/example_bash_decorator.py
[2025-04-10T14:12:32.879+0000] {processor.py:840} INFO - DAG(s) 'example_bash_decorator' retrieved from /home/airflow/.local/lib/python3.12/site-packages/airflow/example_dags/example_bash_decorator.py
[2025-04-10T14:12:32.921+0000] {logging_mixin.py:188} INFO - [2025-04-10T14:12:32.921+0000] {dag.py:3096} INFO - Sync 1 DAGs
[2025-04-10T14:12:32.943+0000] {logging_mixin.py:188} INFO - [2025-04-10T14:12:32.943+0000] {dag.py:3954} INFO - Setting next_dagrun for example_bash_decorator to None, run_after=None
[2025-04-10T14:12:32.977+0000] {processor.py:183} INFO - Processing /home/airflow/.local/lib/python3.12/site-packages/airflow/example_dags/example_bash_decorator.py took 0.133 seconds
[2025-04-10T14:13:03.107+0000] {processor.py:161} INFO - Started process (PID=2776) to work on /home/airflow/.local/lib/python3.12/site-packages/airflow/example_dags/example_bash_decorator.py
[2025-04-10T14:13:03.109+0000] {processor.py:830} INFO - Processing file /home/airflow/.local/lib/python3.12/site-packages/airflow/example_dags/example_bash_decorator.py for tasks to queue
[2025-04-10T14:13:03.112+0000] {logging_mixin.py:188} INFO - [2025-04-10T14:13:03.112+0000] {dagbag.py:540} INFO - Filling up the DagBag from /home/airflow/.local/lib/python3.12/site-packages/airflow/example_dags/example_bash_decorator.py
[2025-04-10T14:13:03.135+0000] {processor.py:840} INFO - DAG(s) 'example_bash_decorator' retrieved from /home/airflow/.local/lib/python3.12/site-packages/airflow/example_dags/example_bash_decorator.py
[2025-04-10T14:13:03.177+0000] {logging_mixin.py:188} INFO - [2025-04-10T14:13:03.176+0000] {dag.py:3096} INFO - Sync 1 DAGs
[2025-04-10T14:13:03.199+0000] {logging_mixin.py:188} INFO - [2025-04-10T14:13:03.199+0000] {dag.py:3954} INFO - Setting next_dagrun for example_bash_decorator to None, run_after=None
[2025-04-10T14:13:03.230+0000] {processor.py:183} INFO - Processing /home/airflow/.local/lib/python3.12/site-packages/airflow/example_dags/example_bash_decorator.py took 0.133 seconds
[2025-04-10T14:13:33.693+0000] {processor.py:161} INFO - Started process (PID=2836) to work on /home/airflow/.local/lib/python3.12/site-packages/airflow/example_dags/example_bash_decorator.py
[2025-04-10T14:13:33.695+0000] {processor.py:830} INFO - Processing file /home/airflow/.local/lib/python3.12/site-packages/airflow/example_dags/example_bash_decorator.py for tasks to queue
[2025-04-10T14:13:33.697+0000] {logging_mixin.py:188} INFO - [2025-04-10T14:13:33.697+0000] {dagbag.py:540} INFO - Filling up the DagBag from /home/airflow/.local/lib/python3.12/site-packages/airflow/example_dags/example_bash_decorator.py
[2025-04-10T14:13:33.720+0000] {processor.py:840} INFO - DAG(s) 'example_bash_decorator' retrieved from /home/airflow/.local/lib/python3.12/site-packages/airflow/example_dags/example_bash_decorator.py
[2025-04-10T14:13:33.762+0000] {logging_mixin.py:188} INFO - [2025-04-10T14:13:33.761+0000] {dag.py:3096} INFO - Sync 1 DAGs
[2025-04-10T14:13:33.784+0000] {logging_mixin.py:188} INFO - [2025-04-10T14:13:33.784+0000] {dag.py:3954} INFO - Setting next_dagrun for example_bash_decorator to None, run_after=None
[2025-04-10T14:13:33.816+0000] {processor.py:183} INFO - Processing /home/airflow/.local/lib/python3.12/site-packages/airflow/example_dags/example_bash_decorator.py took 0.133 seconds
[2025-04-10T14:14:04.231+0000] {processor.py:161} INFO - Started process (PID=2897) to work on /home/airflow/.local/lib/python3.12/site-packages/airflow/example_dags/example_bash_decorator.py
[2025-04-10T14:14:04.232+0000] {processor.py:830} INFO - Processing file /home/airflow/.local/lib/python3.12/site-packages/airflow/example_dags/example_bash_decorator.py for tasks to queue
[2025-04-10T14:14:04.235+0000] {logging_mixin.py:188} INFO - [2025-04-10T14:14:04.234+0000] {dagbag.py:540} INFO - Filling up the DagBag from /home/airflow/.local/lib/python3.12/site-packages/airflow/example_dags/example_bash_decorator.py
[2025-04-10T14:14:04.257+0000] {processor.py:840} INFO - DAG(s) 'example_bash_decorator' retrieved from /home/airflow/.local/lib/python3.12/site-packages/airflow/example_dags/example_bash_decorator.py
[2025-04-10T14:14:04.300+0000] {logging_mixin.py:188} INFO - [2025-04-10T14:14:04.299+0000] {dag.py:3096} INFO - Sync 1 DAGs
[2025-04-10T14:14:04.323+0000] {logging_mixin.py:188} INFO - [2025-04-10T14:14:04.322+0000] {dag.py:3954} INFO - Setting next_dagrun for example_bash_decorator to None, run_after=None
[2025-04-10T14:14:04.357+0000] {processor.py:183} INFO - Processing /home/airflow/.local/lib/python3.12/site-packages/airflow/example_dags/example_bash_decorator.py took 0.137 seconds
[2025-04-10T14:14:34.454+0000] {processor.py:161} INFO - Started process (PID=2957) to work on /home/airflow/.local/lib/python3.12/site-packages/airflow/example_dags/example_bash_decorator.py
[2025-04-10T14:14:34.455+0000] {processor.py:830} INFO - Processing file /home/airflow/.local/lib/python3.12/site-packages/airflow/example_dags/example_bash_decorator.py for tasks to queue
[2025-04-10T14:14:34.458+0000] {logging_mixin.py:188} INFO - [2025-04-10T14:14:34.458+0000] {dagbag.py:540} INFO - Filling up the DagBag from /home/airflow/.local/lib/python3.12/site-packages/airflow/example_dags/example_bash_decorator.py
[2025-04-10T14:14:34.482+0000] {processor.py:840} INFO - DAG(s) 'example_bash_decorator' retrieved from /home/airflow/.local/lib/python3.12/site-packages/airflow/example_dags/example_bash_decorator.py
[2025-04-10T14:14:34.524+0000] {logging_mixin.py:188} INFO - [2025-04-10T14:14:34.523+0000] {dag.py:3096} INFO - Sync 1 DAGs
[2025-04-10T14:14:34.550+0000] {logging_mixin.py:188} INFO - [2025-04-10T14:14:34.549+0000] {dag.py:3954} INFO - Setting next_dagrun for example_bash_decorator to None, run_after=None
[2025-04-10T14:14:34.584+0000] {processor.py:183} INFO - Processing /home/airflow/.local/lib/python3.12/site-packages/airflow/example_dags/example_bash_decorator.py took 0.141 seconds
[2025-04-10T14:15:05.180+0000] {processor.py:161} INFO - Started process (PID=3017) to work on /home/airflow/.local/lib/python3.12/site-packages/airflow/example_dags/example_bash_decorator.py
[2025-04-10T14:15:05.182+0000] {processor.py:830} INFO - Processing file /home/airflow/.local/lib/python3.12/site-packages/airflow/example_dags/example_bash_decorator.py for tasks to queue
[2025-04-10T14:15:05.185+0000] {logging_mixin.py:188} INFO - [2025-04-10T14:15:05.184+0000] {dagbag.py:540} INFO - Filling up the DagBag from /home/airflow/.local/lib/python3.12/site-packages/airflow/example_dags/example_bash_decorator.py
[2025-04-10T14:15:05.207+0000] {processor.py:840} INFO - DAG(s) 'example_bash_decorator' retrieved from /home/airflow/.local/lib/python3.12/site-packages/airflow/example_dags/example_bash_decorator.py
[2025-04-10T14:15:05.249+0000] {logging_mixin.py:188} INFO - [2025-04-10T14:15:05.249+0000] {dag.py:3096} INFO - Sync 1 DAGs
[2025-04-10T14:15:05.273+0000] {logging_mixin.py:188} INFO - [2025-04-10T14:15:05.273+0000] {dag.py:3954} INFO - Setting next_dagrun for example_bash_decorator to None, run_after=None
[2025-04-10T14:15:05.305+0000] {processor.py:183} INFO - Processing /home/airflow/.local/lib/python3.12/site-packages/airflow/example_dags/example_bash_decorator.py took 0.134 seconds
[2025-04-10T14:15:35.918+0000] {processor.py:161} INFO - Started process (PID=3077) to work on /home/airflow/.local/lib/python3.12/site-packages/airflow/example_dags/example_bash_decorator.py
[2025-04-10T14:15:35.920+0000] {processor.py:830} INFO - Processing file /home/airflow/.local/lib/python3.12/site-packages/airflow/example_dags/example_bash_decorator.py for tasks to queue
[2025-04-10T14:15:35.923+0000] {logging_mixin.py:188} INFO - [2025-04-10T14:15:35.922+0000] {dagbag.py:540} INFO - Filling up the DagBag from /home/airflow/.local/lib/python3.12/site-packages/airflow/example_dags/example_bash_decorator.py
[2025-04-10T14:15:35.947+0000] {processor.py:840} INFO - DAG(s) 'example_bash_decorator' retrieved from /home/airflow/.local/lib/python3.12/site-packages/airflow/example_dags/example_bash_decorator.py
[2025-04-10T14:15:35.989+0000] {logging_mixin.py:188} INFO - [2025-04-10T14:15:35.989+0000] {dag.py:3096} INFO - Sync 1 DAGs
[2025-04-10T14:15:36.012+0000] {logging_mixin.py:188} INFO - [2025-04-10T14:15:36.011+0000] {dag.py:3954} INFO - Setting next_dagrun for example_bash_decorator to None, run_after=None
[2025-04-10T14:15:36.048+0000] {processor.py:183} INFO - Processing /home/airflow/.local/lib/python3.12/site-packages/airflow/example_dags/example_bash_decorator.py took 0.140 seconds
[2025-04-10T14:16:06.561+0000] {processor.py:161} INFO - Started process (PID=3138) to work on /home/airflow/.local/lib/python3.12/site-packages/airflow/example_dags/example_bash_decorator.py
[2025-04-10T14:16:06.562+0000] {processor.py:830} INFO - Processing file /home/airflow/.local/lib/python3.12/site-packages/airflow/example_dags/example_bash_decorator.py for tasks to queue
[2025-04-10T14:16:06.565+0000] {logging_mixin.py:188} INFO - [2025-04-10T14:16:06.564+0000] {dagbag.py:540} INFO - Filling up the DagBag from /home/airflow/.local/lib/python3.12/site-packages/airflow/example_dags/example_bash_decorator.py
[2025-04-10T14:16:06.587+0000] {processor.py:840} INFO - DAG(s) 'example_bash_decorator' retrieved from /home/airflow/.local/lib/python3.12/site-packages/airflow/example_dags/example_bash_decorator.py
[2025-04-10T14:16:06.629+0000] {logging_mixin.py:188} INFO - [2025-04-10T14:16:06.629+0000] {dag.py:3096} INFO - Sync 1 DAGs
[2025-04-10T14:16:06.651+0000] {logging_mixin.py:188} INFO - [2025-04-10T14:16:06.651+0000] {dag.py:3954} INFO - Setting next_dagrun for example_bash_decorator to None, run_after=None
[2025-04-10T14:16:06.686+0000] {processor.py:183} INFO - Processing /home/airflow/.local/lib/python3.12/site-packages/airflow/example_dags/example_bash_decorator.py took 0.134 seconds
[2025-04-10T14:16:37.255+0000] {processor.py:161} INFO - Started process (PID=3198) to work on /home/airflow/.local/lib/python3.12/site-packages/airflow/example_dags/example_bash_decorator.py
[2025-04-10T14:16:37.257+0000] {processor.py:830} INFO - Processing file /home/airflow/.local/lib/python3.12/site-packages/airflow/example_dags/example_bash_decorator.py for tasks to queue
[2025-04-10T14:16:37.260+0000] {logging_mixin.py:188} INFO - [2025-04-10T14:16:37.259+0000] {dagbag.py:540} INFO - Filling up the DagBag from /home/airflow/.local/lib/python3.12/site-packages/airflow/example_dags/example_bash_decorator.py
[2025-04-10T14:16:37.283+0000] {processor.py:840} INFO - DAG(s) 'example_bash_decorator' retrieved from /home/airflow/.local/lib/python3.12/site-packages/airflow/example_dags/example_bash_decorator.py
[2025-04-10T14:16:37.324+0000] {logging_mixin.py:188} INFO - [2025-04-10T14:16:37.323+0000] {dag.py:3096} INFO - Sync 1 DAGs
[2025-04-10T14:16:37.346+0000] {logging_mixin.py:188} INFO - [2025-04-10T14:16:37.346+0000] {dag.py:3954} INFO - Setting next_dagrun for example_bash_decorator to None, run_after=None
[2025-04-10T14:16:37.377+0000] {processor.py:183} INFO - Processing /home/airflow/.local/lib/python3.12/site-packages/airflow/example_dags/example_bash_decorator.py took 0.131 seconds
[2025-04-10T14:17:07.656+0000] {processor.py:161} INFO - Started process (PID=3258) to work on /home/airflow/.local/lib/python3.12/site-packages/airflow/example_dags/example_bash_decorator.py
[2025-04-10T14:17:07.657+0000] {processor.py:830} INFO - Processing file /home/airflow/.local/lib/python3.12/site-packages/airflow/example_dags/example_bash_decorator.py for tasks to queue
[2025-04-10T14:17:07.660+0000] {logging_mixin.py:188} INFO - [2025-04-10T14:17:07.660+0000] {dagbag.py:540} INFO - Filling up the DagBag from /home/airflow/.local/lib/python3.12/site-packages/airflow/example_dags/example_bash_decorator.py
[2025-04-10T14:17:07.683+0000] {processor.py:840} INFO - DAG(s) 'example_bash_decorator' retrieved from /home/airflow/.local/lib/python3.12/site-packages/airflow/example_dags/example_bash_decorator.py
[2025-04-10T14:17:07.726+0000] {logging_mixin.py:188} INFO - [2025-04-10T14:17:07.726+0000] {dag.py:3096} INFO - Sync 1 DAGs
[2025-04-10T14:17:07.748+0000] {logging_mixin.py:188} INFO - [2025-04-10T14:17:07.748+0000] {dag.py:3954} INFO - Setting next_dagrun for example_bash_decorator to None, run_after=None
[2025-04-10T14:17:07.782+0000] {processor.py:183} INFO - Processing /home/airflow/.local/lib/python3.12/site-packages/airflow/example_dags/example_bash_decorator.py took 0.135 seconds
[2025-04-10T14:17:38.422+0000] {processor.py:161} INFO - Started process (PID=3318) to work on /home/airflow/.local/lib/python3.12/site-packages/airflow/example_dags/example_bash_decorator.py
[2025-04-10T14:17:38.423+0000] {processor.py:830} INFO - Processing file /home/airflow/.local/lib/python3.12/site-packages/airflow/example_dags/example_bash_decorator.py for tasks to queue
[2025-04-10T14:17:38.426+0000] {logging_mixin.py:188} INFO - [2025-04-10T14:17:38.426+0000] {dagbag.py:540} INFO - Filling up the DagBag from /home/airflow/.local/lib/python3.12/site-packages/airflow/example_dags/example_bash_decorator.py
[2025-04-10T14:17:38.449+0000] {processor.py:840} INFO - DAG(s) 'example_bash_decorator' retrieved from /home/airflow/.local/lib/python3.12/site-packages/airflow/example_dags/example_bash_decorator.py
[2025-04-10T14:17:38.493+0000] {logging_mixin.py:188} INFO - [2025-04-10T14:17:38.493+0000] {dag.py:3096} INFO - Sync 1 DAGs
[2025-04-10T14:17:38.517+0000] {logging_mixin.py:188} INFO - [2025-04-10T14:17:38.517+0000] {dag.py:3954} INFO - Setting next_dagrun for example_bash_decorator to None, run_after=None
[2025-04-10T14:17:38.552+0000] {processor.py:183} INFO - Processing /home/airflow/.local/lib/python3.12/site-packages/airflow/example_dags/example_bash_decorator.py took 0.140 seconds
[2025-04-10T14:18:08.602+0000] {processor.py:161} INFO - Started process (PID=3378) to work on /home/airflow/.local/lib/python3.12/site-packages/airflow/example_dags/example_bash_decorator.py
[2025-04-10T14:18:08.604+0000] {processor.py:830} INFO - Processing file /home/airflow/.local/lib/python3.12/site-packages/airflow/example_dags/example_bash_decorator.py for tasks to queue
[2025-04-10T14:18:08.607+0000] {logging_mixin.py:188} INFO - [2025-04-10T14:18:08.606+0000] {dagbag.py:540} INFO - Filling up the DagBag from /home/airflow/.local/lib/python3.12/site-packages/airflow/example_dags/example_bash_decorator.py
[2025-04-10T14:18:08.631+0000] {processor.py:840} INFO - DAG(s) 'example_bash_decorator' retrieved from /home/airflow/.local/lib/python3.12/site-packages/airflow/example_dags/example_bash_decorator.py
[2025-04-10T14:18:08.674+0000] {logging_mixin.py:188} INFO - [2025-04-10T14:18:08.674+0000] {dag.py:3096} INFO - Sync 1 DAGs
[2025-04-10T14:18:08.698+0000] {logging_mixin.py:188} INFO - [2025-04-10T14:18:08.698+0000] {dag.py:3954} INFO - Setting next_dagrun for example_bash_decorator to None, run_after=None
[2025-04-10T14:18:08.732+0000] {processor.py:183} INFO - Processing /home/airflow/.local/lib/python3.12/site-packages/airflow/example_dags/example_bash_decorator.py took 0.140 seconds
[2025-04-10T14:18:39.285+0000] {processor.py:161} INFO - Started process (PID=3438) to work on /home/airflow/.local/lib/python3.12/site-packages/airflow/example_dags/example_bash_decorator.py
[2025-04-10T14:18:39.287+0000] {processor.py:830} INFO - Processing file /home/airflow/.local/lib/python3.12/site-packages/airflow/example_dags/example_bash_decorator.py for tasks to queue
[2025-04-10T14:18:39.290+0000] {logging_mixin.py:188} INFO - [2025-04-10T14:18:39.289+0000] {dagbag.py:540} INFO - Filling up the DagBag from /home/airflow/.local/lib/python3.12/site-packages/airflow/example_dags/example_bash_decorator.py
[2025-04-10T14:18:39.313+0000] {processor.py:840} INFO - DAG(s) 'example_bash_decorator' retrieved from /home/airflow/.local/lib/python3.12/site-packages/airflow/example_dags/example_bash_decorator.py
[2025-04-10T14:18:39.354+0000] {logging_mixin.py:188} INFO - [2025-04-10T14:18:39.354+0000] {dag.py:3096} INFO - Sync 1 DAGs
[2025-04-10T14:18:39.379+0000] {logging_mixin.py:188} INFO - [2025-04-10T14:18:39.378+0000] {dag.py:3954} INFO - Setting next_dagrun for example_bash_decorator to None, run_after=None
[2025-04-10T14:18:39.414+0000] {processor.py:183} INFO - Processing /home/airflow/.local/lib/python3.12/site-packages/airflow/example_dags/example_bash_decorator.py took 0.139 seconds
[2025-04-10T14:19:09.486+0000] {processor.py:161} INFO - Started process (PID=3498) to work on /home/airflow/.local/lib/python3.12/site-packages/airflow/example_dags/example_bash_decorator.py
[2025-04-10T14:19:09.487+0000] {processor.py:830} INFO - Processing file /home/airflow/.local/lib/python3.12/site-packages/airflow/example_dags/example_bash_decorator.py for tasks to queue
[2025-04-10T14:19:09.490+0000] {logging_mixin.py:188} INFO - [2025-04-10T14:19:09.490+0000] {dagbag.py:540} INFO - Filling up the DagBag from /home/airflow/.local/lib/python3.12/site-packages/airflow/example_dags/example_bash_decorator.py
[2025-04-10T14:19:09.512+0000] {processor.py:840} INFO - DAG(s) 'example_bash_decorator' retrieved from /home/airflow/.local/lib/python3.12/site-packages/airflow/example_dags/example_bash_decorator.py
[2025-04-10T14:19:09.554+0000] {logging_mixin.py:188} INFO - [2025-04-10T14:19:09.554+0000] {dag.py:3096} INFO - Sync 1 DAGs
[2025-04-10T14:19:09.577+0000] {logging_mixin.py:188} INFO - [2025-04-10T14:19:09.576+0000] {dag.py:3954} INFO - Setting next_dagrun for example_bash_decorator to None, run_after=None
[2025-04-10T14:19:09.610+0000] {processor.py:183} INFO - Processing /home/airflow/.local/lib/python3.12/site-packages/airflow/example_dags/example_bash_decorator.py took 0.134 seconds
[2025-04-10T14:19:39.756+0000] {processor.py:161} INFO - Started process (PID=3558) to work on /home/airflow/.local/lib/python3.12/site-packages/airflow/example_dags/example_bash_decorator.py
[2025-04-10T14:19:39.757+0000] {processor.py:830} INFO - Processing file /home/airflow/.local/lib/python3.12/site-packages/airflow/example_dags/example_bash_decorator.py for tasks to queue
[2025-04-10T14:19:39.760+0000] {logging_mixin.py:188} INFO - [2025-04-10T14:19:39.760+0000] {dagbag.py:540} INFO - Filling up the DagBag from /home/airflow/.local/lib/python3.12/site-packages/airflow/example_dags/example_bash_decorator.py
[2025-04-10T14:19:39.783+0000] {processor.py:840} INFO - DAG(s) 'example_bash_decorator' retrieved from /home/airflow/.local/lib/python3.12/site-packages/airflow/example_dags/example_bash_decorator.py
[2025-04-10T14:19:39.826+0000] {logging_mixin.py:188} INFO - [2025-04-10T14:19:39.825+0000] {dag.py:3096} INFO - Sync 1 DAGs
[2025-04-10T14:19:39.849+0000] {logging_mixin.py:188} INFO - [2025-04-10T14:19:39.848+0000] {dag.py:3954} INFO - Setting next_dagrun for example_bash_decorator to None, run_after=None
[2025-04-10T14:19:39.883+0000] {processor.py:183} INFO - Processing /home/airflow/.local/lib/python3.12/site-packages/airflow/example_dags/example_bash_decorator.py took 0.137 seconds
[2025-04-10T14:20:10.020+0000] {processor.py:161} INFO - Started process (PID=3618) to work on /home/airflow/.local/lib/python3.12/site-packages/airflow/example_dags/example_bash_decorator.py
[2025-04-10T14:20:10.021+0000] {processor.py:830} INFO - Processing file /home/airflow/.local/lib/python3.12/site-packages/airflow/example_dags/example_bash_decorator.py for tasks to queue
[2025-04-10T14:20:10.024+0000] {logging_mixin.py:188} INFO - [2025-04-10T14:20:10.024+0000] {dagbag.py:540} INFO - Filling up the DagBag from /home/airflow/.local/lib/python3.12/site-packages/airflow/example_dags/example_bash_decorator.py
[2025-04-10T14:20:10.048+0000] {processor.py:840} INFO - DAG(s) 'example_bash_decorator' retrieved from /home/airflow/.local/lib/python3.12/site-packages/airflow/example_dags/example_bash_decorator.py
[2025-04-10T14:20:10.091+0000] {logging_mixin.py:188} INFO - [2025-04-10T14:20:10.090+0000] {dag.py:3096} INFO - Sync 1 DAGs
[2025-04-10T14:20:10.115+0000] {logging_mixin.py:188} INFO - [2025-04-10T14:20:10.115+0000] {dag.py:3954} INFO - Setting next_dagrun for example_bash_decorator to None, run_after=None
[2025-04-10T14:20:10.149+0000] {processor.py:183} INFO - Processing /home/airflow/.local/lib/python3.12/site-packages/airflow/example_dags/example_bash_decorator.py took 0.139 seconds
[2025-04-10T14:20:40.418+0000] {processor.py:161} INFO - Started process (PID=3678) to work on /home/airflow/.local/lib/python3.12/site-packages/airflow/example_dags/example_bash_decorator.py
[2025-04-10T14:20:40.419+0000] {processor.py:830} INFO - Processing file /home/airflow/.local/lib/python3.12/site-packages/airflow/example_dags/example_bash_decorator.py for tasks to queue
[2025-04-10T14:20:40.422+0000] {logging_mixin.py:188} INFO - [2025-04-10T14:20:40.422+0000] {dagbag.py:540} INFO - Filling up the DagBag from /home/airflow/.local/lib/python3.12/site-packages/airflow/example_dags/example_bash_decorator.py
[2025-04-10T14:20:40.448+0000] {processor.py:840} INFO - DAG(s) 'example_bash_decorator' retrieved from /home/airflow/.local/lib/python3.12/site-packages/airflow/example_dags/example_bash_decorator.py
[2025-04-10T14:20:40.489+0000] {logging_mixin.py:188} INFO - [2025-04-10T14:20:40.488+0000] {dag.py:3096} INFO - Sync 1 DAGs
[2025-04-10T14:20:40.511+0000] {logging_mixin.py:188} INFO - [2025-04-10T14:20:40.510+0000] {dag.py:3954} INFO - Setting next_dagrun for example_bash_decorator to None, run_after=None
[2025-04-10T14:20:40.545+0000] {processor.py:183} INFO - Processing /home/airflow/.local/lib/python3.12/site-packages/airflow/example_dags/example_bash_decorator.py took 0.137 seconds
