[2025-04-10T13:35:42.286+0000] {processor.py:161} INFO - Started process (PID=91) to work on /home/airflow/.local/lib/python3.12/site-packages/airflow/example_dags/example_complex.py
[2025-04-10T13:35:42.288+0000] {processor.py:830} INFO - Processing file /home/airflow/.local/lib/python3.12/site-packages/airflow/example_dags/example_complex.py for tasks to queue
[2025-04-10T13:35:42.290+0000] {logging_mixin.py:188} INFO - [2025-04-10T13:35:42.290+0000] {dagbag.py:540} INFO - Filling up the DagBag from /home/airflow/.local/lib/python3.12/site-packages/airflow/example_dags/example_complex.py
[2025-04-10T13:35:42.316+0000] {processor.py:840} INFO - DAG(s) 'example_complex' retrieved from /home/airflow/.local/lib/python3.12/site-packages/airflow/example_dags/example_complex.py
[2025-04-10T13:35:42.535+0000] {logging_mixin.py:188} INFO - [2025-04-10T13:35:42.534+0000] {dag.py:3096} INFO - Sync 1 DAGs
[2025-04-10T13:35:42.557+0000] {logging_mixin.py:188} INFO - [2025-04-10T13:35:42.556+0000] {dag.py:3954} INFO - Setting next_dagrun for example_complex to None, run_after=None
[2025-04-10T13:35:42.595+0000] {processor.py:183} INFO - Processing /home/airflow/.local/lib/python3.12/site-packages/airflow/example_dags/example_complex.py took 0.318 seconds
[2025-04-10T13:36:13.313+0000] {processor.py:161} INFO - Started process (PID=149) to work on /home/airflow/.local/lib/python3.12/site-packages/airflow/example_dags/example_complex.py
[2025-04-10T13:36:13.315+0000] {processor.py:830} INFO - Processing file /home/airflow/.local/lib/python3.12/site-packages/airflow/example_dags/example_complex.py for tasks to queue
[2025-04-10T13:36:13.317+0000] {logging_mixin.py:188} INFO - [2025-04-10T13:36:13.317+0000] {dagbag.py:540} INFO - Filling up the DagBag from /home/airflow/.local/lib/python3.12/site-packages/airflow/example_dags/example_complex.py
[2025-04-10T13:36:13.337+0000] {processor.py:840} INFO - DAG(s) 'example_complex' retrieved from /home/airflow/.local/lib/python3.12/site-packages/airflow/example_dags/example_complex.py
[2025-04-10T13:36:13.400+0000] {logging_mixin.py:188} INFO - [2025-04-10T13:36:13.399+0000] {dag.py:3096} INFO - Sync 1 DAGs
[2025-04-10T13:36:13.424+0000] {logging_mixin.py:188} INFO - [2025-04-10T13:36:13.424+0000] {dag.py:3954} INFO - Setting next_dagrun for example_complex to None, run_after=None
[2025-04-10T13:36:13.458+0000] {processor.py:183} INFO - Processing /home/airflow/.local/lib/python3.12/site-packages/airflow/example_dags/example_complex.py took 0.154 seconds
[2025-04-10T13:36:44.091+0000] {processor.py:161} INFO - Started process (PID=207) to work on /home/airflow/.local/lib/python3.12/site-packages/airflow/example_dags/example_complex.py
[2025-04-10T13:36:44.093+0000] {processor.py:830} INFO - Processing file /home/airflow/.local/lib/python3.12/site-packages/airflow/example_dags/example_complex.py for tasks to queue
[2025-04-10T13:36:44.095+0000] {logging_mixin.py:188} INFO - [2025-04-10T13:36:44.095+0000] {dagbag.py:540} INFO - Filling up the DagBag from /home/airflow/.local/lib/python3.12/site-packages/airflow/example_dags/example_complex.py
[2025-04-10T13:36:44.114+0000] {processor.py:840} INFO - DAG(s) 'example_complex' retrieved from /home/airflow/.local/lib/python3.12/site-packages/airflow/example_dags/example_complex.py
[2025-04-10T13:36:44.173+0000] {logging_mixin.py:188} INFO - [2025-04-10T13:36:44.173+0000] {dag.py:3096} INFO - Sync 1 DAGs
[2025-04-10T13:36:44.196+0000] {logging_mixin.py:188} INFO - [2025-04-10T13:36:44.195+0000] {dag.py:3954} INFO - Setting next_dagrun for example_complex to None, run_after=None
[2025-04-10T13:36:44.227+0000] {processor.py:183} INFO - Processing /home/airflow/.local/lib/python3.12/site-packages/airflow/example_dags/example_complex.py took 0.145 seconds
[2025-04-10T13:37:14.327+0000] {processor.py:161} INFO - Started process (PID=265) to work on /home/airflow/.local/lib/python3.12/site-packages/airflow/example_dags/example_complex.py
[2025-04-10T13:37:14.329+0000] {processor.py:830} INFO - Processing file /home/airflow/.local/lib/python3.12/site-packages/airflow/example_dags/example_complex.py for tasks to queue
[2025-04-10T13:37:14.332+0000] {logging_mixin.py:188} INFO - [2025-04-10T13:37:14.331+0000] {dagbag.py:540} INFO - Filling up the DagBag from /home/airflow/.local/lib/python3.12/site-packages/airflow/example_dags/example_complex.py
[2025-04-10T13:37:14.352+0000] {processor.py:840} INFO - DAG(s) 'example_complex' retrieved from /home/airflow/.local/lib/python3.12/site-packages/airflow/example_dags/example_complex.py
[2025-04-10T13:37:14.412+0000] {logging_mixin.py:188} INFO - [2025-04-10T13:37:14.412+0000] {dag.py:3096} INFO - Sync 1 DAGs
[2025-04-10T13:37:14.435+0000] {logging_mixin.py:188} INFO - [2025-04-10T13:37:14.434+0000] {dag.py:3954} INFO - Setting next_dagrun for example_complex to None, run_after=None
[2025-04-10T13:37:14.469+0000] {processor.py:183} INFO - Processing /home/airflow/.local/lib/python3.12/site-packages/airflow/example_dags/example_complex.py took 0.151 seconds
[2025-04-10T13:37:44.835+0000] {processor.py:161} INFO - Started process (PID=323) to work on /home/airflow/.local/lib/python3.12/site-packages/airflow/example_dags/example_complex.py
[2025-04-10T13:37:44.837+0000] {processor.py:830} INFO - Processing file /home/airflow/.local/lib/python3.12/site-packages/airflow/example_dags/example_complex.py for tasks to queue
[2025-04-10T13:37:44.839+0000] {logging_mixin.py:188} INFO - [2025-04-10T13:37:44.839+0000] {dagbag.py:540} INFO - Filling up the DagBag from /home/airflow/.local/lib/python3.12/site-packages/airflow/example_dags/example_complex.py
[2025-04-10T13:37:44.858+0000] {processor.py:840} INFO - DAG(s) 'example_complex' retrieved from /home/airflow/.local/lib/python3.12/site-packages/airflow/example_dags/example_complex.py
[2025-04-10T13:37:44.921+0000] {logging_mixin.py:188} INFO - [2025-04-10T13:37:44.921+0000] {dag.py:3096} INFO - Sync 1 DAGs
[2025-04-10T13:37:44.948+0000] {logging_mixin.py:188} INFO - [2025-04-10T13:37:44.948+0000] {dag.py:3954} INFO - Setting next_dagrun for example_complex to None, run_after=None
[2025-04-10T13:37:44.981+0000] {processor.py:183} INFO - Processing /home/airflow/.local/lib/python3.12/site-packages/airflow/example_dags/example_complex.py took 0.154 seconds
[2025-04-10T13:38:15.824+0000] {processor.py:161} INFO - Started process (PID=381) to work on /home/airflow/.local/lib/python3.12/site-packages/airflow/example_dags/example_complex.py
[2025-04-10T13:38:15.825+0000] {processor.py:830} INFO - Processing file /home/airflow/.local/lib/python3.12/site-packages/airflow/example_dags/example_complex.py for tasks to queue
[2025-04-10T13:38:15.828+0000] {logging_mixin.py:188} INFO - [2025-04-10T13:38:15.827+0000] {dagbag.py:540} INFO - Filling up the DagBag from /home/airflow/.local/lib/python3.12/site-packages/airflow/example_dags/example_complex.py
[2025-04-10T13:38:15.847+0000] {processor.py:840} INFO - DAG(s) 'example_complex' retrieved from /home/airflow/.local/lib/python3.12/site-packages/airflow/example_dags/example_complex.py
[2025-04-10T13:38:15.912+0000] {logging_mixin.py:188} INFO - [2025-04-10T13:38:15.912+0000] {dag.py:3096} INFO - Sync 1 DAGs
[2025-04-10T13:38:15.935+0000] {logging_mixin.py:188} INFO - [2025-04-10T13:38:15.935+0000] {dag.py:3954} INFO - Setting next_dagrun for example_complex to None, run_after=None
[2025-04-10T13:38:15.969+0000] {processor.py:183} INFO - Processing /home/airflow/.local/lib/python3.12/site-packages/airflow/example_dags/example_complex.py took 0.155 seconds
[2025-04-10T13:38:46.550+0000] {processor.py:161} INFO - Started process (PID=439) to work on /home/airflow/.local/lib/python3.12/site-packages/airflow/example_dags/example_complex.py
[2025-04-10T13:38:46.552+0000] {processor.py:830} INFO - Processing file /home/airflow/.local/lib/python3.12/site-packages/airflow/example_dags/example_complex.py for tasks to queue
[2025-04-10T13:38:46.555+0000] {logging_mixin.py:188} INFO - [2025-04-10T13:38:46.554+0000] {dagbag.py:540} INFO - Filling up the DagBag from /home/airflow/.local/lib/python3.12/site-packages/airflow/example_dags/example_complex.py
[2025-04-10T13:38:46.573+0000] {processor.py:840} INFO - DAG(s) 'example_complex' retrieved from /home/airflow/.local/lib/python3.12/site-packages/airflow/example_dags/example_complex.py
[2025-04-10T13:38:46.634+0000] {logging_mixin.py:188} INFO - [2025-04-10T13:38:46.633+0000] {dag.py:3096} INFO - Sync 1 DAGs
[2025-04-10T13:38:46.657+0000] {logging_mixin.py:188} INFO - [2025-04-10T13:38:46.657+0000] {dag.py:3954} INFO - Setting next_dagrun for example_complex to None, run_after=None
[2025-04-10T13:38:46.692+0000] {processor.py:183} INFO - Processing /home/airflow/.local/lib/python3.12/site-packages/airflow/example_dags/example_complex.py took 0.152 seconds
[2025-04-10T13:39:17.237+0000] {processor.py:161} INFO - Started process (PID=497) to work on /home/airflow/.local/lib/python3.12/site-packages/airflow/example_dags/example_complex.py
[2025-04-10T13:39:17.239+0000] {processor.py:830} INFO - Processing file /home/airflow/.local/lib/python3.12/site-packages/airflow/example_dags/example_complex.py for tasks to queue
[2025-04-10T13:39:17.243+0000] {logging_mixin.py:188} INFO - [2025-04-10T13:39:17.242+0000] {dagbag.py:540} INFO - Filling up the DagBag from /home/airflow/.local/lib/python3.12/site-packages/airflow/example_dags/example_complex.py
[2025-04-10T13:39:17.267+0000] {processor.py:840} INFO - DAG(s) 'example_complex' retrieved from /home/airflow/.local/lib/python3.12/site-packages/airflow/example_dags/example_complex.py
[2025-04-10T13:39:17.343+0000] {logging_mixin.py:188} INFO - [2025-04-10T13:39:17.342+0000] {dag.py:3096} INFO - Sync 1 DAGs
[2025-04-10T13:39:17.375+0000] {logging_mixin.py:188} INFO - [2025-04-10T13:39:17.375+0000] {dag.py:3954} INFO - Setting next_dagrun for example_complex to None, run_after=None
[2025-04-10T13:39:17.429+0000] {processor.py:183} INFO - Processing /home/airflow/.local/lib/python3.12/site-packages/airflow/example_dags/example_complex.py took 0.205 seconds
[2025-04-10T13:39:47.617+0000] {processor.py:161} INFO - Started process (PID=555) to work on /home/airflow/.local/lib/python3.12/site-packages/airflow/example_dags/example_complex.py
[2025-04-10T13:39:47.619+0000] {processor.py:830} INFO - Processing file /home/airflow/.local/lib/python3.12/site-packages/airflow/example_dags/example_complex.py for tasks to queue
[2025-04-10T13:39:47.621+0000] {logging_mixin.py:188} INFO - [2025-04-10T13:39:47.621+0000] {dagbag.py:540} INFO - Filling up the DagBag from /home/airflow/.local/lib/python3.12/site-packages/airflow/example_dags/example_complex.py
[2025-04-10T13:39:47.639+0000] {processor.py:840} INFO - DAG(s) 'example_complex' retrieved from /home/airflow/.local/lib/python3.12/site-packages/airflow/example_dags/example_complex.py
[2025-04-10T13:39:47.701+0000] {logging_mixin.py:188} INFO - [2025-04-10T13:39:47.700+0000] {dag.py:3096} INFO - Sync 1 DAGs
[2025-04-10T13:39:47.724+0000] {logging_mixin.py:188} INFO - [2025-04-10T13:39:47.724+0000] {dag.py:3954} INFO - Setting next_dagrun for example_complex to None, run_after=None
[2025-04-10T13:39:47.759+0000] {processor.py:183} INFO - Processing /home/airflow/.local/lib/python3.12/site-packages/airflow/example_dags/example_complex.py took 0.151 seconds
[2025-04-10T13:40:18.538+0000] {processor.py:161} INFO - Started process (PID=613) to work on /home/airflow/.local/lib/python3.12/site-packages/airflow/example_dags/example_complex.py
[2025-04-10T13:40:18.540+0000] {processor.py:830} INFO - Processing file /home/airflow/.local/lib/python3.12/site-packages/airflow/example_dags/example_complex.py for tasks to queue
[2025-04-10T13:40:18.542+0000] {logging_mixin.py:188} INFO - [2025-04-10T13:40:18.542+0000] {dagbag.py:540} INFO - Filling up the DagBag from /home/airflow/.local/lib/python3.12/site-packages/airflow/example_dags/example_complex.py
[2025-04-10T13:40:18.561+0000] {processor.py:840} INFO - DAG(s) 'example_complex' retrieved from /home/airflow/.local/lib/python3.12/site-packages/airflow/example_dags/example_complex.py
[2025-04-10T13:40:18.621+0000] {logging_mixin.py:188} INFO - [2025-04-10T13:40:18.620+0000] {dag.py:3096} INFO - Sync 1 DAGs
[2025-04-10T13:40:18.644+0000] {logging_mixin.py:188} INFO - [2025-04-10T13:40:18.643+0000] {dag.py:3954} INFO - Setting next_dagrun for example_complex to None, run_after=None
[2025-04-10T13:40:18.680+0000] {processor.py:183} INFO - Processing /home/airflow/.local/lib/python3.12/site-packages/airflow/example_dags/example_complex.py took 0.151 seconds
[2025-04-10T13:40:49.419+0000] {processor.py:161} INFO - Started process (PID=671) to work on /home/airflow/.local/lib/python3.12/site-packages/airflow/example_dags/example_complex.py
[2025-04-10T13:40:49.420+0000] {processor.py:830} INFO - Processing file /home/airflow/.local/lib/python3.12/site-packages/airflow/example_dags/example_complex.py for tasks to queue
[2025-04-10T13:40:49.423+0000] {logging_mixin.py:188} INFO - [2025-04-10T13:40:49.422+0000] {dagbag.py:540} INFO - Filling up the DagBag from /home/airflow/.local/lib/python3.12/site-packages/airflow/example_dags/example_complex.py
[2025-04-10T13:40:49.441+0000] {processor.py:840} INFO - DAG(s) 'example_complex' retrieved from /home/airflow/.local/lib/python3.12/site-packages/airflow/example_dags/example_complex.py
[2025-04-10T13:40:49.501+0000] {logging_mixin.py:188} INFO - [2025-04-10T13:40:49.500+0000] {dag.py:3096} INFO - Sync 1 DAGs
[2025-04-10T13:40:49.523+0000] {logging_mixin.py:188} INFO - [2025-04-10T13:40:49.523+0000] {dag.py:3954} INFO - Setting next_dagrun for example_complex to None, run_after=None
[2025-04-10T13:40:49.556+0000] {processor.py:183} INFO - Processing /home/airflow/.local/lib/python3.12/site-packages/airflow/example_dags/example_complex.py took 0.147 seconds
[2025-04-10T13:41:20.511+0000] {processor.py:161} INFO - Started process (PID=729) to work on /home/airflow/.local/lib/python3.12/site-packages/airflow/example_dags/example_complex.py
[2025-04-10T13:41:20.512+0000] {processor.py:830} INFO - Processing file /home/airflow/.local/lib/python3.12/site-packages/airflow/example_dags/example_complex.py for tasks to queue
[2025-04-10T13:41:20.515+0000] {logging_mixin.py:188} INFO - [2025-04-10T13:41:20.514+0000] {dagbag.py:540} INFO - Filling up the DagBag from /home/airflow/.local/lib/python3.12/site-packages/airflow/example_dags/example_complex.py
[2025-04-10T13:41:20.535+0000] {processor.py:840} INFO - DAG(s) 'example_complex' retrieved from /home/airflow/.local/lib/python3.12/site-packages/airflow/example_dags/example_complex.py
[2025-04-10T13:41:20.626+0000] {logging_mixin.py:188} INFO - [2025-04-10T13:41:20.625+0000] {dag.py:3096} INFO - Sync 1 DAGs
[2025-04-10T13:41:20.650+0000] {logging_mixin.py:188} INFO - [2025-04-10T13:41:20.650+0000] {dag.py:3954} INFO - Setting next_dagrun for example_complex to None, run_after=None
[2025-04-10T13:41:20.683+0000] {processor.py:183} INFO - Processing /home/airflow/.local/lib/python3.12/site-packages/airflow/example_dags/example_complex.py took 0.182 seconds
[2025-04-10T13:50:05.451+0000] {processor.py:161} INFO - Started process (PID=91) to work on /home/airflow/.local/lib/python3.12/site-packages/airflow/example_dags/example_complex.py
[2025-04-10T13:50:05.453+0000] {processor.py:830} INFO - Processing file /home/airflow/.local/lib/python3.12/site-packages/airflow/example_dags/example_complex.py for tasks to queue
[2025-04-10T13:50:05.455+0000] {logging_mixin.py:188} INFO - [2025-04-10T13:50:05.455+0000] {dagbag.py:540} INFO - Filling up the DagBag from /home/airflow/.local/lib/python3.12/site-packages/airflow/example_dags/example_complex.py
[2025-04-10T13:50:05.480+0000] {processor.py:840} INFO - DAG(s) 'example_complex' retrieved from /home/airflow/.local/lib/python3.12/site-packages/airflow/example_dags/example_complex.py
[2025-04-10T13:50:05.730+0000] {logging_mixin.py:188} INFO - [2025-04-10T13:50:05.730+0000] {dag.py:3096} INFO - Sync 1 DAGs
[2025-04-10T13:50:05.756+0000] {logging_mixin.py:188} INFO - [2025-04-10T13:50:05.755+0000] {dag.py:3954} INFO - Setting next_dagrun for example_complex to None, run_after=None
[2025-04-10T13:50:05.794+0000] {processor.py:183} INFO - Processing /home/airflow/.local/lib/python3.12/site-packages/airflow/example_dags/example_complex.py took 0.351 seconds
[2025-04-10T13:50:35.870+0000] {processor.py:161} INFO - Started process (PID=149) to work on /home/airflow/.local/lib/python3.12/site-packages/airflow/example_dags/example_complex.py
[2025-04-10T13:50:35.871+0000] {processor.py:830} INFO - Processing file /home/airflow/.local/lib/python3.12/site-packages/airflow/example_dags/example_complex.py for tasks to queue
[2025-04-10T13:50:35.874+0000] {logging_mixin.py:188} INFO - [2025-04-10T13:50:35.874+0000] {dagbag.py:540} INFO - Filling up the DagBag from /home/airflow/.local/lib/python3.12/site-packages/airflow/example_dags/example_complex.py
[2025-04-10T13:50:35.893+0000] {processor.py:840} INFO - DAG(s) 'example_complex' retrieved from /home/airflow/.local/lib/python3.12/site-packages/airflow/example_dags/example_complex.py
[2025-04-10T13:50:35.955+0000] {logging_mixin.py:188} INFO - [2025-04-10T13:50:35.955+0000] {dag.py:3096} INFO - Sync 1 DAGs
[2025-04-10T13:50:35.981+0000] {logging_mixin.py:188} INFO - [2025-04-10T13:50:35.981+0000] {dag.py:3954} INFO - Setting next_dagrun for example_complex to None, run_after=None
[2025-04-10T13:50:36.016+0000] {processor.py:183} INFO - Processing /home/airflow/.local/lib/python3.12/site-packages/airflow/example_dags/example_complex.py took 0.156 seconds
[2025-04-10T13:51:06.078+0000] {processor.py:161} INFO - Started process (PID=207) to work on /home/airflow/.local/lib/python3.12/site-packages/airflow/example_dags/example_complex.py
[2025-04-10T13:51:06.080+0000] {processor.py:830} INFO - Processing file /home/airflow/.local/lib/python3.12/site-packages/airflow/example_dags/example_complex.py for tasks to queue
[2025-04-10T13:51:06.083+0000] {logging_mixin.py:188} INFO - [2025-04-10T13:51:06.082+0000] {dagbag.py:540} INFO - Filling up the DagBag from /home/airflow/.local/lib/python3.12/site-packages/airflow/example_dags/example_complex.py
[2025-04-10T13:51:06.101+0000] {processor.py:840} INFO - DAG(s) 'example_complex' retrieved from /home/airflow/.local/lib/python3.12/site-packages/airflow/example_dags/example_complex.py
[2025-04-10T13:51:06.163+0000] {logging_mixin.py:188} INFO - [2025-04-10T13:51:06.162+0000] {dag.py:3096} INFO - Sync 1 DAGs
[2025-04-10T13:51:06.186+0000] {logging_mixin.py:188} INFO - [2025-04-10T13:51:06.186+0000] {dag.py:3954} INFO - Setting next_dagrun for example_complex to None, run_after=None
[2025-04-10T13:51:06.221+0000] {processor.py:183} INFO - Processing /home/airflow/.local/lib/python3.12/site-packages/airflow/example_dags/example_complex.py took 0.152 seconds
[2025-04-10T13:51:36.308+0000] {processor.py:161} INFO - Started process (PID=265) to work on /home/airflow/.local/lib/python3.12/site-packages/airflow/example_dags/example_complex.py
[2025-04-10T13:51:36.310+0000] {processor.py:830} INFO - Processing file /home/airflow/.local/lib/python3.12/site-packages/airflow/example_dags/example_complex.py for tasks to queue
[2025-04-10T13:51:36.313+0000] {logging_mixin.py:188} INFO - [2025-04-10T13:51:36.312+0000] {dagbag.py:540} INFO - Filling up the DagBag from /home/airflow/.local/lib/python3.12/site-packages/airflow/example_dags/example_complex.py
[2025-04-10T13:51:36.333+0000] {processor.py:840} INFO - DAG(s) 'example_complex' retrieved from /home/airflow/.local/lib/python3.12/site-packages/airflow/example_dags/example_complex.py
[2025-04-10T13:51:36.393+0000] {logging_mixin.py:188} INFO - [2025-04-10T13:51:36.392+0000] {dag.py:3096} INFO - Sync 1 DAGs
[2025-04-10T13:51:36.418+0000] {logging_mixin.py:188} INFO - [2025-04-10T13:51:36.418+0000] {dag.py:3954} INFO - Setting next_dagrun for example_complex to None, run_after=None
[2025-04-10T13:51:36.451+0000] {processor.py:183} INFO - Processing /home/airflow/.local/lib/python3.12/site-packages/airflow/example_dags/example_complex.py took 0.152 seconds
[2025-04-10T13:52:06.885+0000] {processor.py:161} INFO - Started process (PID=323) to work on /home/airflow/.local/lib/python3.12/site-packages/airflow/example_dags/example_complex.py
[2025-04-10T13:52:06.886+0000] {processor.py:830} INFO - Processing file /home/airflow/.local/lib/python3.12/site-packages/airflow/example_dags/example_complex.py for tasks to queue
[2025-04-10T13:52:06.889+0000] {logging_mixin.py:188} INFO - [2025-04-10T13:52:06.888+0000] {dagbag.py:540} INFO - Filling up the DagBag from /home/airflow/.local/lib/python3.12/site-packages/airflow/example_dags/example_complex.py
[2025-04-10T13:52:06.908+0000] {processor.py:840} INFO - DAG(s) 'example_complex' retrieved from /home/airflow/.local/lib/python3.12/site-packages/airflow/example_dags/example_complex.py
[2025-04-10T13:52:06.970+0000] {logging_mixin.py:188} INFO - [2025-04-10T13:52:06.970+0000] {dag.py:3096} INFO - Sync 1 DAGs
[2025-04-10T13:52:06.994+0000] {logging_mixin.py:188} INFO - [2025-04-10T13:52:06.993+0000] {dag.py:3954} INFO - Setting next_dagrun for example_complex to None, run_after=None
[2025-04-10T13:52:07.031+0000] {processor.py:183} INFO - Processing /home/airflow/.local/lib/python3.12/site-packages/airflow/example_dags/example_complex.py took 0.156 seconds
[2025-04-10T13:52:37.207+0000] {processor.py:161} INFO - Started process (PID=381) to work on /home/airflow/.local/lib/python3.12/site-packages/airflow/example_dags/example_complex.py
[2025-04-10T13:52:37.209+0000] {processor.py:830} INFO - Processing file /home/airflow/.local/lib/python3.12/site-packages/airflow/example_dags/example_complex.py for tasks to queue
[2025-04-10T13:52:37.212+0000] {logging_mixin.py:188} INFO - [2025-04-10T13:52:37.211+0000] {dagbag.py:540} INFO - Filling up the DagBag from /home/airflow/.local/lib/python3.12/site-packages/airflow/example_dags/example_complex.py
[2025-04-10T13:52:37.231+0000] {processor.py:840} INFO - DAG(s) 'example_complex' retrieved from /home/airflow/.local/lib/python3.12/site-packages/airflow/example_dags/example_complex.py
[2025-04-10T13:52:37.291+0000] {logging_mixin.py:188} INFO - [2025-04-10T13:52:37.290+0000] {dag.py:3096} INFO - Sync 1 DAGs
[2025-04-10T13:52:37.315+0000] {logging_mixin.py:188} INFO - [2025-04-10T13:52:37.314+0000] {dag.py:3954} INFO - Setting next_dagrun for example_complex to None, run_after=None
[2025-04-10T13:52:37.351+0000] {processor.py:183} INFO - Processing /home/airflow/.local/lib/python3.12/site-packages/airflow/example_dags/example_complex.py took 0.153 seconds
[2025-04-10T13:53:07.409+0000] {processor.py:161} INFO - Started process (PID=439) to work on /home/airflow/.local/lib/python3.12/site-packages/airflow/example_dags/example_complex.py
[2025-04-10T13:53:07.411+0000] {processor.py:830} INFO - Processing file /home/airflow/.local/lib/python3.12/site-packages/airflow/example_dags/example_complex.py for tasks to queue
[2025-04-10T13:53:07.415+0000] {logging_mixin.py:188} INFO - [2025-04-10T13:53:07.414+0000] {dagbag.py:540} INFO - Filling up the DagBag from /home/airflow/.local/lib/python3.12/site-packages/airflow/example_dags/example_complex.py
[2025-04-10T13:53:07.436+0000] {processor.py:840} INFO - DAG(s) 'example_complex' retrieved from /home/airflow/.local/lib/python3.12/site-packages/airflow/example_dags/example_complex.py
[2025-04-10T13:53:07.501+0000] {logging_mixin.py:188} INFO - [2025-04-10T13:53:07.501+0000] {dag.py:3096} INFO - Sync 1 DAGs
[2025-04-10T13:53:07.527+0000] {logging_mixin.py:188} INFO - [2025-04-10T13:53:07.527+0000] {dag.py:3954} INFO - Setting next_dagrun for example_complex to None, run_after=None
[2025-04-10T13:53:07.563+0000] {processor.py:183} INFO - Processing /home/airflow/.local/lib/python3.12/site-packages/airflow/example_dags/example_complex.py took 0.166 seconds
[2025-04-10T13:53:37.743+0000] {processor.py:161} INFO - Started process (PID=497) to work on /home/airflow/.local/lib/python3.12/site-packages/airflow/example_dags/example_complex.py
[2025-04-10T13:53:37.744+0000] {processor.py:830} INFO - Processing file /home/airflow/.local/lib/python3.12/site-packages/airflow/example_dags/example_complex.py for tasks to queue
[2025-04-10T13:53:37.747+0000] {logging_mixin.py:188} INFO - [2025-04-10T13:53:37.747+0000] {dagbag.py:540} INFO - Filling up the DagBag from /home/airflow/.local/lib/python3.12/site-packages/airflow/example_dags/example_complex.py
[2025-04-10T13:53:37.766+0000] {processor.py:840} INFO - DAG(s) 'example_complex' retrieved from /home/airflow/.local/lib/python3.12/site-packages/airflow/example_dags/example_complex.py
[2025-04-10T13:53:37.829+0000] {logging_mixin.py:188} INFO - [2025-04-10T13:53:37.829+0000] {dag.py:3096} INFO - Sync 1 DAGs
[2025-04-10T13:53:37.856+0000] {logging_mixin.py:188} INFO - [2025-04-10T13:53:37.856+0000] {dag.py:3954} INFO - Setting next_dagrun for example_complex to None, run_after=None
[2025-04-10T13:53:37.891+0000] {processor.py:183} INFO - Processing /home/airflow/.local/lib/python3.12/site-packages/airflow/example_dags/example_complex.py took 0.159 seconds
[2025-04-10T13:54:08.430+0000] {processor.py:161} INFO - Started process (PID=555) to work on /home/airflow/.local/lib/python3.12/site-packages/airflow/example_dags/example_complex.py
[2025-04-10T13:54:08.432+0000] {processor.py:830} INFO - Processing file /home/airflow/.local/lib/python3.12/site-packages/airflow/example_dags/example_complex.py for tasks to queue
[2025-04-10T13:54:08.436+0000] {logging_mixin.py:188} INFO - [2025-04-10T13:54:08.435+0000] {dagbag.py:540} INFO - Filling up the DagBag from /home/airflow/.local/lib/python3.12/site-packages/airflow/example_dags/example_complex.py
[2025-04-10T13:54:08.459+0000] {processor.py:840} INFO - DAG(s) 'example_complex' retrieved from /home/airflow/.local/lib/python3.12/site-packages/airflow/example_dags/example_complex.py
[2025-04-10T13:54:08.527+0000] {logging_mixin.py:188} INFO - [2025-04-10T13:54:08.526+0000] {dag.py:3096} INFO - Sync 1 DAGs
[2025-04-10T13:54:08.555+0000] {logging_mixin.py:188} INFO - [2025-04-10T13:54:08.554+0000] {dag.py:3954} INFO - Setting next_dagrun for example_complex to None, run_after=None
[2025-04-10T13:54:08.594+0000] {processor.py:183} INFO - Processing /home/airflow/.local/lib/python3.12/site-packages/airflow/example_dags/example_complex.py took 0.177 seconds
[2025-04-10T13:54:39.445+0000] {processor.py:161} INFO - Started process (PID=613) to work on /home/airflow/.local/lib/python3.12/site-packages/airflow/example_dags/example_complex.py
[2025-04-10T13:54:39.447+0000] {processor.py:830} INFO - Processing file /home/airflow/.local/lib/python3.12/site-packages/airflow/example_dags/example_complex.py for tasks to queue
[2025-04-10T13:54:39.450+0000] {logging_mixin.py:188} INFO - [2025-04-10T13:54:39.449+0000] {dagbag.py:540} INFO - Filling up the DagBag from /home/airflow/.local/lib/python3.12/site-packages/airflow/example_dags/example_complex.py
[2025-04-10T13:54:39.470+0000] {processor.py:840} INFO - DAG(s) 'example_complex' retrieved from /home/airflow/.local/lib/python3.12/site-packages/airflow/example_dags/example_complex.py
[2025-04-10T13:54:39.532+0000] {logging_mixin.py:188} INFO - [2025-04-10T13:54:39.531+0000] {dag.py:3096} INFO - Sync 1 DAGs
[2025-04-10T13:54:39.557+0000] {logging_mixin.py:188} INFO - [2025-04-10T13:54:39.556+0000] {dag.py:3954} INFO - Setting next_dagrun for example_complex to None, run_after=None
[2025-04-10T13:54:39.592+0000] {processor.py:183} INFO - Processing /home/airflow/.local/lib/python3.12/site-packages/airflow/example_dags/example_complex.py took 0.157 seconds
[2025-04-10T13:55:09.921+0000] {processor.py:161} INFO - Started process (PID=673) to work on /home/airflow/.local/lib/python3.12/site-packages/airflow/example_dags/example_complex.py
[2025-04-10T13:55:09.923+0000] {processor.py:830} INFO - Processing file /home/airflow/.local/lib/python3.12/site-packages/airflow/example_dags/example_complex.py for tasks to queue
[2025-04-10T13:55:09.926+0000] {logging_mixin.py:188} INFO - [2025-04-10T13:55:09.926+0000] {dagbag.py:540} INFO - Filling up the DagBag from /home/airflow/.local/lib/python3.12/site-packages/airflow/example_dags/example_complex.py
[2025-04-10T13:55:09.949+0000] {processor.py:840} INFO - DAG(s) 'example_complex' retrieved from /home/airflow/.local/lib/python3.12/site-packages/airflow/example_dags/example_complex.py
[2025-04-10T13:55:10.020+0000] {logging_mixin.py:188} INFO - [2025-04-10T13:55:10.019+0000] {dag.py:3096} INFO - Sync 1 DAGs
[2025-04-10T13:55:10.043+0000] {logging_mixin.py:188} INFO - [2025-04-10T13:55:10.043+0000] {dag.py:3954} INFO - Setting next_dagrun for example_complex to None, run_after=None
[2025-04-10T13:55:10.078+0000] {processor.py:183} INFO - Processing /home/airflow/.local/lib/python3.12/site-packages/airflow/example_dags/example_complex.py took 0.169 seconds
[2025-04-10T13:55:40.389+0000] {processor.py:161} INFO - Started process (PID=733) to work on /home/airflow/.local/lib/python3.12/site-packages/airflow/example_dags/example_complex.py
[2025-04-10T13:55:40.391+0000] {processor.py:830} INFO - Processing file /home/airflow/.local/lib/python3.12/site-packages/airflow/example_dags/example_complex.py for tasks to queue
[2025-04-10T13:55:40.394+0000] {logging_mixin.py:188} INFO - [2025-04-10T13:55:40.393+0000] {dagbag.py:540} INFO - Filling up the DagBag from /home/airflow/.local/lib/python3.12/site-packages/airflow/example_dags/example_complex.py
[2025-04-10T13:55:40.412+0000] {processor.py:840} INFO - DAG(s) 'example_complex' retrieved from /home/airflow/.local/lib/python3.12/site-packages/airflow/example_dags/example_complex.py
[2025-04-10T13:55:40.474+0000] {logging_mixin.py:188} INFO - [2025-04-10T13:55:40.474+0000] {dag.py:3096} INFO - Sync 1 DAGs
[2025-04-10T13:55:40.498+0000] {logging_mixin.py:188} INFO - [2025-04-10T13:55:40.497+0000] {dag.py:3954} INFO - Setting next_dagrun for example_complex to None, run_after=None
[2025-04-10T13:55:40.532+0000] {processor.py:183} INFO - Processing /home/airflow/.local/lib/python3.12/site-packages/airflow/example_dags/example_complex.py took 0.152 seconds
[2025-04-10T13:56:10.962+0000] {processor.py:161} INFO - Started process (PID=793) to work on /home/airflow/.local/lib/python3.12/site-packages/airflow/example_dags/example_complex.py
[2025-04-10T13:56:10.963+0000] {processor.py:830} INFO - Processing file /home/airflow/.local/lib/python3.12/site-packages/airflow/example_dags/example_complex.py for tasks to queue
[2025-04-10T13:56:10.966+0000] {logging_mixin.py:188} INFO - [2025-04-10T13:56:10.966+0000] {dagbag.py:540} INFO - Filling up the DagBag from /home/airflow/.local/lib/python3.12/site-packages/airflow/example_dags/example_complex.py
[2025-04-10T13:56:10.985+0000] {processor.py:840} INFO - DAG(s) 'example_complex' retrieved from /home/airflow/.local/lib/python3.12/site-packages/airflow/example_dags/example_complex.py
[2025-04-10T13:56:11.048+0000] {logging_mixin.py:188} INFO - [2025-04-10T13:56:11.048+0000] {dag.py:3096} INFO - Sync 1 DAGs
[2025-04-10T13:56:11.077+0000] {logging_mixin.py:188} INFO - [2025-04-10T13:56:11.076+0000] {dag.py:3954} INFO - Setting next_dagrun for example_complex to None, run_after=None
[2025-04-10T13:56:11.112+0000] {processor.py:183} INFO - Processing /home/airflow/.local/lib/python3.12/site-packages/airflow/example_dags/example_complex.py took 0.160 seconds
[2025-04-10T13:56:41.591+0000] {processor.py:161} INFO - Started process (PID=853) to work on /home/airflow/.local/lib/python3.12/site-packages/airflow/example_dags/example_complex.py
[2025-04-10T13:56:41.593+0000] {processor.py:830} INFO - Processing file /home/airflow/.local/lib/python3.12/site-packages/airflow/example_dags/example_complex.py for tasks to queue
[2025-04-10T13:56:41.596+0000] {logging_mixin.py:188} INFO - [2025-04-10T13:56:41.596+0000] {dagbag.py:540} INFO - Filling up the DagBag from /home/airflow/.local/lib/python3.12/site-packages/airflow/example_dags/example_complex.py
[2025-04-10T13:56:41.615+0000] {processor.py:840} INFO - DAG(s) 'example_complex' retrieved from /home/airflow/.local/lib/python3.12/site-packages/airflow/example_dags/example_complex.py
[2025-04-10T13:56:41.677+0000] {logging_mixin.py:188} INFO - [2025-04-10T13:56:41.677+0000] {dag.py:3096} INFO - Sync 1 DAGs
[2025-04-10T13:56:41.701+0000] {logging_mixin.py:188} INFO - [2025-04-10T13:56:41.701+0000] {dag.py:3954} INFO - Setting next_dagrun for example_complex to None, run_after=None
[2025-04-10T13:56:41.736+0000] {processor.py:183} INFO - Processing /home/airflow/.local/lib/python3.12/site-packages/airflow/example_dags/example_complex.py took 0.155 seconds
[2025-04-10T13:57:11.815+0000] {processor.py:161} INFO - Started process (PID=913) to work on /home/airflow/.local/lib/python3.12/site-packages/airflow/example_dags/example_complex.py
[2025-04-10T13:57:11.817+0000] {processor.py:830} INFO - Processing file /home/airflow/.local/lib/python3.12/site-packages/airflow/example_dags/example_complex.py for tasks to queue
[2025-04-10T13:57:11.821+0000] {logging_mixin.py:188} INFO - [2025-04-10T13:57:11.820+0000] {dagbag.py:540} INFO - Filling up the DagBag from /home/airflow/.local/lib/python3.12/site-packages/airflow/example_dags/example_complex.py
[2025-04-10T13:57:11.843+0000] {processor.py:840} INFO - DAG(s) 'example_complex' retrieved from /home/airflow/.local/lib/python3.12/site-packages/airflow/example_dags/example_complex.py
[2025-04-10T13:57:11.909+0000] {logging_mixin.py:188} INFO - [2025-04-10T13:57:11.909+0000] {dag.py:3096} INFO - Sync 1 DAGs
[2025-04-10T13:57:11.934+0000] {logging_mixin.py:188} INFO - [2025-04-10T13:57:11.934+0000] {dag.py:3954} INFO - Setting next_dagrun for example_complex to None, run_after=None
[2025-04-10T13:57:11.970+0000] {processor.py:183} INFO - Processing /home/airflow/.local/lib/python3.12/site-packages/airflow/example_dags/example_complex.py took 0.167 seconds
[2025-04-10T13:57:42.125+0000] {processor.py:161} INFO - Started process (PID=973) to work on /home/airflow/.local/lib/python3.12/site-packages/airflow/example_dags/example_complex.py
[2025-04-10T13:57:42.127+0000] {processor.py:830} INFO - Processing file /home/airflow/.local/lib/python3.12/site-packages/airflow/example_dags/example_complex.py for tasks to queue
[2025-04-10T13:57:42.130+0000] {logging_mixin.py:188} INFO - [2025-04-10T13:57:42.129+0000] {dagbag.py:540} INFO - Filling up the DagBag from /home/airflow/.local/lib/python3.12/site-packages/airflow/example_dags/example_complex.py
[2025-04-10T13:57:42.153+0000] {processor.py:840} INFO - DAG(s) 'example_complex' retrieved from /home/airflow/.local/lib/python3.12/site-packages/airflow/example_dags/example_complex.py
[2025-04-10T13:57:42.217+0000] {logging_mixin.py:188} INFO - [2025-04-10T13:57:42.216+0000] {dag.py:3096} INFO - Sync 1 DAGs
[2025-04-10T13:57:42.242+0000] {logging_mixin.py:188} INFO - [2025-04-10T13:57:42.241+0000] {dag.py:3954} INFO - Setting next_dagrun for example_complex to None, run_after=None
[2025-04-10T13:57:42.278+0000] {processor.py:183} INFO - Processing /home/airflow/.local/lib/python3.12/site-packages/airflow/example_dags/example_complex.py took 0.163 seconds
[2025-04-10T13:58:13.053+0000] {processor.py:161} INFO - Started process (PID=1033) to work on /home/airflow/.local/lib/python3.12/site-packages/airflow/example_dags/example_complex.py
[2025-04-10T13:58:13.054+0000] {processor.py:830} INFO - Processing file /home/airflow/.local/lib/python3.12/site-packages/airflow/example_dags/example_complex.py for tasks to queue
[2025-04-10T13:58:13.057+0000] {logging_mixin.py:188} INFO - [2025-04-10T13:58:13.057+0000] {dagbag.py:540} INFO - Filling up the DagBag from /home/airflow/.local/lib/python3.12/site-packages/airflow/example_dags/example_complex.py
[2025-04-10T13:58:13.076+0000] {processor.py:840} INFO - DAG(s) 'example_complex' retrieved from /home/airflow/.local/lib/python3.12/site-packages/airflow/example_dags/example_complex.py
[2025-04-10T13:58:13.139+0000] {logging_mixin.py:188} INFO - [2025-04-10T13:58:13.138+0000] {dag.py:3096} INFO - Sync 1 DAGs
[2025-04-10T13:58:13.161+0000] {logging_mixin.py:188} INFO - [2025-04-10T13:58:13.161+0000] {dag.py:3954} INFO - Setting next_dagrun for example_complex to None, run_after=None
[2025-04-10T13:58:13.196+0000] {processor.py:183} INFO - Processing /home/airflow/.local/lib/python3.12/site-packages/airflow/example_dags/example_complex.py took 0.153 seconds
[2025-04-10T13:58:43.304+0000] {processor.py:161} INFO - Started process (PID=1093) to work on /home/airflow/.local/lib/python3.12/site-packages/airflow/example_dags/example_complex.py
[2025-04-10T13:58:43.305+0000] {processor.py:830} INFO - Processing file /home/airflow/.local/lib/python3.12/site-packages/airflow/example_dags/example_complex.py for tasks to queue
[2025-04-10T13:58:43.308+0000] {logging_mixin.py:188} INFO - [2025-04-10T13:58:43.308+0000] {dagbag.py:540} INFO - Filling up the DagBag from /home/airflow/.local/lib/python3.12/site-packages/airflow/example_dags/example_complex.py
[2025-04-10T13:58:43.327+0000] {processor.py:840} INFO - DAG(s) 'example_complex' retrieved from /home/airflow/.local/lib/python3.12/site-packages/airflow/example_dags/example_complex.py
[2025-04-10T13:58:43.388+0000] {logging_mixin.py:188} INFO - [2025-04-10T13:58:43.388+0000] {dag.py:3096} INFO - Sync 1 DAGs
[2025-04-10T13:58:43.412+0000] {logging_mixin.py:188} INFO - [2025-04-10T13:58:43.412+0000] {dag.py:3954} INFO - Setting next_dagrun for example_complex to None, run_after=None
[2025-04-10T13:58:43.447+0000] {processor.py:183} INFO - Processing /home/airflow/.local/lib/python3.12/site-packages/airflow/example_dags/example_complex.py took 0.153 seconds
[2025-04-10T13:59:15.909+0000] {processor.py:161} INFO - Started process (PID=1154) to work on /home/airflow/.local/lib/python3.12/site-packages/airflow/example_dags/example_complex.py
[2025-04-10T13:59:15.911+0000] {processor.py:830} INFO - Processing file /home/airflow/.local/lib/python3.12/site-packages/airflow/example_dags/example_complex.py for tasks to queue
[2025-04-10T13:59:15.915+0000] {logging_mixin.py:188} INFO - [2025-04-10T13:59:15.914+0000] {dagbag.py:540} INFO - Filling up the DagBag from /home/airflow/.local/lib/python3.12/site-packages/airflow/example_dags/example_complex.py
[2025-04-10T13:59:15.937+0000] {processor.py:840} INFO - DAG(s) 'example_complex' retrieved from /home/airflow/.local/lib/python3.12/site-packages/airflow/example_dags/example_complex.py
[2025-04-10T13:59:16.020+0000] {logging_mixin.py:188} INFO - [2025-04-10T13:59:16.020+0000] {dag.py:3096} INFO - Sync 1 DAGs
[2025-04-10T13:59:16.056+0000] {logging_mixin.py:188} INFO - [2025-04-10T13:59:16.055+0000] {dag.py:3954} INFO - Setting next_dagrun for example_complex to None, run_after=None
[2025-04-10T13:59:16.099+0000] {processor.py:183} INFO - Processing /home/airflow/.local/lib/python3.12/site-packages/airflow/example_dags/example_complex.py took 0.202 seconds
[2025-04-10T13:59:46.927+0000] {processor.py:161} INFO - Started process (PID=1214) to work on /home/airflow/.local/lib/python3.12/site-packages/airflow/example_dags/example_complex.py
[2025-04-10T13:59:46.929+0000] {processor.py:830} INFO - Processing file /home/airflow/.local/lib/python3.12/site-packages/airflow/example_dags/example_complex.py for tasks to queue
[2025-04-10T13:59:46.932+0000] {logging_mixin.py:188} INFO - [2025-04-10T13:59:46.931+0000] {dagbag.py:540} INFO - Filling up the DagBag from /home/airflow/.local/lib/python3.12/site-packages/airflow/example_dags/example_complex.py
[2025-04-10T13:59:46.953+0000] {processor.py:840} INFO - DAG(s) 'example_complex' retrieved from /home/airflow/.local/lib/python3.12/site-packages/airflow/example_dags/example_complex.py
[2025-04-10T13:59:47.014+0000] {logging_mixin.py:188} INFO - [2025-04-10T13:59:47.014+0000] {dag.py:3096} INFO - Sync 1 DAGs
[2025-04-10T13:59:47.232+0000] {logging_mixin.py:188} INFO - [2025-04-10T13:59:47.231+0000] {dag.py:3954} INFO - Setting next_dagrun for example_complex to None, run_after=None
[2025-04-10T13:59:47.265+0000] {processor.py:183} INFO - Processing /home/airflow/.local/lib/python3.12/site-packages/airflow/example_dags/example_complex.py took 0.348 seconds
[2025-04-10T14:00:18.213+0000] {processor.py:161} INFO - Started process (PID=1274) to work on /home/airflow/.local/lib/python3.12/site-packages/airflow/example_dags/example_complex.py
[2025-04-10T14:00:18.215+0000] {processor.py:830} INFO - Processing file /home/airflow/.local/lib/python3.12/site-packages/airflow/example_dags/example_complex.py for tasks to queue
[2025-04-10T14:00:18.218+0000] {logging_mixin.py:188} INFO - [2025-04-10T14:00:18.218+0000] {dagbag.py:540} INFO - Filling up the DagBag from /home/airflow/.local/lib/python3.12/site-packages/airflow/example_dags/example_complex.py
[2025-04-10T14:00:18.241+0000] {processor.py:840} INFO - DAG(s) 'example_complex' retrieved from /home/airflow/.local/lib/python3.12/site-packages/airflow/example_dags/example_complex.py
[2025-04-10T14:00:18.319+0000] {logging_mixin.py:188} INFO - [2025-04-10T14:00:18.318+0000] {dag.py:3096} INFO - Sync 1 DAGs
[2025-04-10T14:00:18.343+0000] {logging_mixin.py:188} INFO - [2025-04-10T14:00:18.342+0000] {dag.py:3954} INFO - Setting next_dagrun for example_complex to None, run_after=None
[2025-04-10T14:00:18.376+0000] {processor.py:183} INFO - Processing /home/airflow/.local/lib/python3.12/site-packages/airflow/example_dags/example_complex.py took 0.172 seconds
[2025-04-10T14:00:48.538+0000] {processor.py:161} INFO - Started process (PID=1335) to work on /home/airflow/.local/lib/python3.12/site-packages/airflow/example_dags/example_complex.py
[2025-04-10T14:00:48.539+0000] {processor.py:830} INFO - Processing file /home/airflow/.local/lib/python3.12/site-packages/airflow/example_dags/example_complex.py for tasks to queue
[2025-04-10T14:00:48.542+0000] {logging_mixin.py:188} INFO - [2025-04-10T14:00:48.542+0000] {dagbag.py:540} INFO - Filling up the DagBag from /home/airflow/.local/lib/python3.12/site-packages/airflow/example_dags/example_complex.py
[2025-04-10T14:00:48.561+0000] {processor.py:840} INFO - DAG(s) 'example_complex' retrieved from /home/airflow/.local/lib/python3.12/site-packages/airflow/example_dags/example_complex.py
[2025-04-10T14:00:48.623+0000] {logging_mixin.py:188} INFO - [2025-04-10T14:00:48.622+0000] {dag.py:3096} INFO - Sync 1 DAGs
[2025-04-10T14:00:48.646+0000] {logging_mixin.py:188} INFO - [2025-04-10T14:00:48.646+0000] {dag.py:3954} INFO - Setting next_dagrun for example_complex to None, run_after=None
[2025-04-10T14:00:48.689+0000] {processor.py:183} INFO - Processing /home/airflow/.local/lib/python3.12/site-packages/airflow/example_dags/example_complex.py took 0.161 seconds
[2025-04-10T14:01:19.673+0000] {processor.py:161} INFO - Started process (PID=1395) to work on /home/airflow/.local/lib/python3.12/site-packages/airflow/example_dags/example_complex.py
[2025-04-10T14:01:19.675+0000] {processor.py:830} INFO - Processing file /home/airflow/.local/lib/python3.12/site-packages/airflow/example_dags/example_complex.py for tasks to queue
[2025-04-10T14:01:19.678+0000] {logging_mixin.py:188} INFO - [2025-04-10T14:01:19.677+0000] {dagbag.py:540} INFO - Filling up the DagBag from /home/airflow/.local/lib/python3.12/site-packages/airflow/example_dags/example_complex.py
[2025-04-10T14:01:19.696+0000] {processor.py:840} INFO - DAG(s) 'example_complex' retrieved from /home/airflow/.local/lib/python3.12/site-packages/airflow/example_dags/example_complex.py
[2025-04-10T14:01:19.758+0000] {logging_mixin.py:188} INFO - [2025-04-10T14:01:19.758+0000] {dag.py:3096} INFO - Sync 1 DAGs
[2025-04-10T14:01:19.781+0000] {logging_mixin.py:188} INFO - [2025-04-10T14:01:19.781+0000] {dag.py:3954} INFO - Setting next_dagrun for example_complex to None, run_after=None
[2025-04-10T14:01:19.815+0000] {processor.py:183} INFO - Processing /home/airflow/.local/lib/python3.12/site-packages/airflow/example_dags/example_complex.py took 0.152 seconds
[2025-04-10T14:01:50.221+0000] {processor.py:161} INFO - Started process (PID=1455) to work on /home/airflow/.local/lib/python3.12/site-packages/airflow/example_dags/example_complex.py
[2025-04-10T14:01:50.222+0000] {processor.py:830} INFO - Processing file /home/airflow/.local/lib/python3.12/site-packages/airflow/example_dags/example_complex.py for tasks to queue
[2025-04-10T14:01:50.225+0000] {logging_mixin.py:188} INFO - [2025-04-10T14:01:50.225+0000] {dagbag.py:540} INFO - Filling up the DagBag from /home/airflow/.local/lib/python3.12/site-packages/airflow/example_dags/example_complex.py
[2025-04-10T14:01:50.245+0000] {processor.py:840} INFO - DAG(s) 'example_complex' retrieved from /home/airflow/.local/lib/python3.12/site-packages/airflow/example_dags/example_complex.py
[2025-04-10T14:01:50.308+0000] {logging_mixin.py:188} INFO - [2025-04-10T14:01:50.308+0000] {dag.py:3096} INFO - Sync 1 DAGs
[2025-04-10T14:01:50.332+0000] {logging_mixin.py:188} INFO - [2025-04-10T14:01:50.332+0000] {dag.py:3954} INFO - Setting next_dagrun for example_complex to None, run_after=None
[2025-04-10T14:01:50.367+0000] {processor.py:183} INFO - Processing /home/airflow/.local/lib/python3.12/site-packages/airflow/example_dags/example_complex.py took 0.156 seconds
[2025-04-10T14:02:21.318+0000] {processor.py:161} INFO - Started process (PID=1515) to work on /home/airflow/.local/lib/python3.12/site-packages/airflow/example_dags/example_complex.py
[2025-04-10T14:02:21.320+0000] {processor.py:830} INFO - Processing file /home/airflow/.local/lib/python3.12/site-packages/airflow/example_dags/example_complex.py for tasks to queue
[2025-04-10T14:02:21.323+0000] {logging_mixin.py:188} INFO - [2025-04-10T14:02:21.322+0000] {dagbag.py:540} INFO - Filling up the DagBag from /home/airflow/.local/lib/python3.12/site-packages/airflow/example_dags/example_complex.py
[2025-04-10T14:02:21.342+0000] {processor.py:840} INFO - DAG(s) 'example_complex' retrieved from /home/airflow/.local/lib/python3.12/site-packages/airflow/example_dags/example_complex.py
[2025-04-10T14:02:21.401+0000] {logging_mixin.py:188} INFO - [2025-04-10T14:02:21.400+0000] {dag.py:3096} INFO - Sync 1 DAGs
[2025-04-10T14:02:21.424+0000] {logging_mixin.py:188} INFO - [2025-04-10T14:02:21.423+0000] {dag.py:3954} INFO - Setting next_dagrun for example_complex to None, run_after=None
[2025-04-10T14:02:21.459+0000] {processor.py:183} INFO - Processing /home/airflow/.local/lib/python3.12/site-packages/airflow/example_dags/example_complex.py took 0.153 seconds
[2025-04-10T14:02:52.542+0000] {processor.py:161} INFO - Started process (PID=1575) to work on /home/airflow/.local/lib/python3.12/site-packages/airflow/example_dags/example_complex.py
[2025-04-10T14:02:52.544+0000] {processor.py:830} INFO - Processing file /home/airflow/.local/lib/python3.12/site-packages/airflow/example_dags/example_complex.py for tasks to queue
[2025-04-10T14:02:52.547+0000] {logging_mixin.py:188} INFO - [2025-04-10T14:02:52.546+0000] {dagbag.py:540} INFO - Filling up the DagBag from /home/airflow/.local/lib/python3.12/site-packages/airflow/example_dags/example_complex.py
[2025-04-10T14:02:52.567+0000] {processor.py:840} INFO - DAG(s) 'example_complex' retrieved from /home/airflow/.local/lib/python3.12/site-packages/airflow/example_dags/example_complex.py
[2025-04-10T14:02:52.628+0000] {logging_mixin.py:188} INFO - [2025-04-10T14:02:52.627+0000] {dag.py:3096} INFO - Sync 1 DAGs
[2025-04-10T14:02:52.651+0000] {logging_mixin.py:188} INFO - [2025-04-10T14:02:52.650+0000] {dag.py:3954} INFO - Setting next_dagrun for example_complex to None, run_after=None
[2025-04-10T14:02:52.684+0000] {processor.py:183} INFO - Processing /home/airflow/.local/lib/python3.12/site-packages/airflow/example_dags/example_complex.py took 0.152 seconds
[2025-04-10T14:03:23.259+0000] {processor.py:161} INFO - Started process (PID=1635) to work on /home/airflow/.local/lib/python3.12/site-packages/airflow/example_dags/example_complex.py
[2025-04-10T14:03:23.261+0000] {processor.py:830} INFO - Processing file /home/airflow/.local/lib/python3.12/site-packages/airflow/example_dags/example_complex.py for tasks to queue
[2025-04-10T14:03:23.264+0000] {logging_mixin.py:188} INFO - [2025-04-10T14:03:23.263+0000] {dagbag.py:540} INFO - Filling up the DagBag from /home/airflow/.local/lib/python3.12/site-packages/airflow/example_dags/example_complex.py
[2025-04-10T14:03:23.292+0000] {processor.py:840} INFO - DAG(s) 'example_complex' retrieved from /home/airflow/.local/lib/python3.12/site-packages/airflow/example_dags/example_complex.py
[2025-04-10T14:03:23.356+0000] {logging_mixin.py:188} INFO - [2025-04-10T14:03:23.355+0000] {dag.py:3096} INFO - Sync 1 DAGs
[2025-04-10T14:03:23.380+0000] {logging_mixin.py:188} INFO - [2025-04-10T14:03:23.380+0000] {dag.py:3954} INFO - Setting next_dagrun for example_complex to None, run_after=None
[2025-04-10T14:03:23.418+0000] {processor.py:183} INFO - Processing /home/airflow/.local/lib/python3.12/site-packages/airflow/example_dags/example_complex.py took 0.170 seconds
[2025-04-10T14:03:53.911+0000] {processor.py:161} INFO - Started process (PID=1695) to work on /home/airflow/.local/lib/python3.12/site-packages/airflow/example_dags/example_complex.py
[2025-04-10T14:03:53.913+0000] {processor.py:830} INFO - Processing file /home/airflow/.local/lib/python3.12/site-packages/airflow/example_dags/example_complex.py for tasks to queue
[2025-04-10T14:03:53.916+0000] {logging_mixin.py:188} INFO - [2025-04-10T14:03:53.915+0000] {dagbag.py:540} INFO - Filling up the DagBag from /home/airflow/.local/lib/python3.12/site-packages/airflow/example_dags/example_complex.py
[2025-04-10T14:03:53.935+0000] {processor.py:840} INFO - DAG(s) 'example_complex' retrieved from /home/airflow/.local/lib/python3.12/site-packages/airflow/example_dags/example_complex.py
[2025-04-10T14:03:54.011+0000] {logging_mixin.py:188} INFO - [2025-04-10T14:03:54.011+0000] {dag.py:3096} INFO - Sync 1 DAGs
[2025-04-10T14:03:54.043+0000] {logging_mixin.py:188} INFO - [2025-04-10T14:03:54.043+0000] {dag.py:3954} INFO - Setting next_dagrun for example_complex to None, run_after=None
[2025-04-10T14:03:54.080+0000] {processor.py:183} INFO - Processing /home/airflow/.local/lib/python3.12/site-packages/airflow/example_dags/example_complex.py took 0.178 seconds
[2025-04-10T14:04:24.735+0000] {processor.py:161} INFO - Started process (PID=1756) to work on /home/airflow/.local/lib/python3.12/site-packages/airflow/example_dags/example_complex.py
[2025-04-10T14:04:24.737+0000] {processor.py:830} INFO - Processing file /home/airflow/.local/lib/python3.12/site-packages/airflow/example_dags/example_complex.py for tasks to queue
[2025-04-10T14:04:24.740+0000] {logging_mixin.py:188} INFO - [2025-04-10T14:04:24.739+0000] {dagbag.py:540} INFO - Filling up the DagBag from /home/airflow/.local/lib/python3.12/site-packages/airflow/example_dags/example_complex.py
[2025-04-10T14:04:24.759+0000] {processor.py:840} INFO - DAG(s) 'example_complex' retrieved from /home/airflow/.local/lib/python3.12/site-packages/airflow/example_dags/example_complex.py
[2025-04-10T14:04:24.819+0000] {logging_mixin.py:188} INFO - [2025-04-10T14:04:24.819+0000] {dag.py:3096} INFO - Sync 1 DAGs
[2025-04-10T14:04:24.843+0000] {logging_mixin.py:188} INFO - [2025-04-10T14:04:24.842+0000] {dag.py:3954} INFO - Setting next_dagrun for example_complex to None, run_after=None
[2025-04-10T14:04:24.877+0000] {processor.py:183} INFO - Processing /home/airflow/.local/lib/python3.12/site-packages/airflow/example_dags/example_complex.py took 0.152 seconds
[2025-04-10T14:04:55.210+0000] {processor.py:161} INFO - Started process (PID=1816) to work on /home/airflow/.local/lib/python3.12/site-packages/airflow/example_dags/example_complex.py
[2025-04-10T14:04:55.212+0000] {processor.py:830} INFO - Processing file /home/airflow/.local/lib/python3.12/site-packages/airflow/example_dags/example_complex.py for tasks to queue
[2025-04-10T14:04:55.215+0000] {logging_mixin.py:188} INFO - [2025-04-10T14:04:55.214+0000] {dagbag.py:540} INFO - Filling up the DagBag from /home/airflow/.local/lib/python3.12/site-packages/airflow/example_dags/example_complex.py
[2025-04-10T14:04:55.234+0000] {processor.py:840} INFO - DAG(s) 'example_complex' retrieved from /home/airflow/.local/lib/python3.12/site-packages/airflow/example_dags/example_complex.py
[2025-04-10T14:04:55.296+0000] {logging_mixin.py:188} INFO - [2025-04-10T14:04:55.295+0000] {dag.py:3096} INFO - Sync 1 DAGs
[2025-04-10T14:04:55.319+0000] {logging_mixin.py:188} INFO - [2025-04-10T14:04:55.318+0000] {dag.py:3954} INFO - Setting next_dagrun for example_complex to None, run_after=None
[2025-04-10T14:04:55.353+0000] {processor.py:183} INFO - Processing /home/airflow/.local/lib/python3.12/site-packages/airflow/example_dags/example_complex.py took 0.153 seconds
[2025-04-10T14:05:25.503+0000] {processor.py:161} INFO - Started process (PID=1874) to work on /home/airflow/.local/lib/python3.12/site-packages/airflow/example_dags/example_complex.py
[2025-04-10T14:05:25.504+0000] {processor.py:830} INFO - Processing file /home/airflow/.local/lib/python3.12/site-packages/airflow/example_dags/example_complex.py for tasks to queue
[2025-04-10T14:05:25.507+0000] {logging_mixin.py:188} INFO - [2025-04-10T14:05:25.507+0000] {dagbag.py:540} INFO - Filling up the DagBag from /home/airflow/.local/lib/python3.12/site-packages/airflow/example_dags/example_complex.py
[2025-04-10T14:05:25.527+0000] {processor.py:840} INFO - DAG(s) 'example_complex' retrieved from /home/airflow/.local/lib/python3.12/site-packages/airflow/example_dags/example_complex.py
[2025-04-10T14:05:25.589+0000] {logging_mixin.py:188} INFO - [2025-04-10T14:05:25.588+0000] {dag.py:3096} INFO - Sync 1 DAGs
[2025-04-10T14:05:25.612+0000] {logging_mixin.py:188} INFO - [2025-04-10T14:05:25.612+0000] {dag.py:3954} INFO - Setting next_dagrun for example_complex to None, run_after=None
[2025-04-10T14:05:25.648+0000] {processor.py:183} INFO - Processing /home/airflow/.local/lib/python3.12/site-packages/airflow/example_dags/example_complex.py took 0.156 seconds
[2025-04-10T14:05:55.758+0000] {processor.py:161} INFO - Started process (PID=1934) to work on /home/airflow/.local/lib/python3.12/site-packages/airflow/example_dags/example_complex.py
[2025-04-10T14:05:55.759+0000] {processor.py:830} INFO - Processing file /home/airflow/.local/lib/python3.12/site-packages/airflow/example_dags/example_complex.py for tasks to queue
[2025-04-10T14:05:55.762+0000] {logging_mixin.py:188} INFO - [2025-04-10T14:05:55.761+0000] {dagbag.py:540} INFO - Filling up the DagBag from /home/airflow/.local/lib/python3.12/site-packages/airflow/example_dags/example_complex.py
[2025-04-10T14:05:55.782+0000] {processor.py:840} INFO - DAG(s) 'example_complex' retrieved from /home/airflow/.local/lib/python3.12/site-packages/airflow/example_dags/example_complex.py
[2025-04-10T14:05:55.843+0000] {logging_mixin.py:188} INFO - [2025-04-10T14:05:55.842+0000] {dag.py:3096} INFO - Sync 1 DAGs
[2025-04-10T14:05:55.866+0000] {logging_mixin.py:188} INFO - [2025-04-10T14:05:55.865+0000] {dag.py:3954} INFO - Setting next_dagrun for example_complex to None, run_after=None
[2025-04-10T14:05:55.900+0000] {processor.py:183} INFO - Processing /home/airflow/.local/lib/python3.12/site-packages/airflow/example_dags/example_complex.py took 0.152 seconds
[2025-04-10T14:06:26.246+0000] {processor.py:161} INFO - Started process (PID=1994) to work on /home/airflow/.local/lib/python3.12/site-packages/airflow/example_dags/example_complex.py
[2025-04-10T14:06:26.247+0000] {processor.py:830} INFO - Processing file /home/airflow/.local/lib/python3.12/site-packages/airflow/example_dags/example_complex.py for tasks to queue
[2025-04-10T14:06:26.250+0000] {logging_mixin.py:188} INFO - [2025-04-10T14:06:26.249+0000] {dagbag.py:540} INFO - Filling up the DagBag from /home/airflow/.local/lib/python3.12/site-packages/airflow/example_dags/example_complex.py
[2025-04-10T14:06:26.269+0000] {processor.py:840} INFO - DAG(s) 'example_complex' retrieved from /home/airflow/.local/lib/python3.12/site-packages/airflow/example_dags/example_complex.py
[2025-04-10T14:06:26.331+0000] {logging_mixin.py:188} INFO - [2025-04-10T14:06:26.331+0000] {dag.py:3096} INFO - Sync 1 DAGs
[2025-04-10T14:06:26.355+0000] {logging_mixin.py:188} INFO - [2025-04-10T14:06:26.354+0000] {dag.py:3954} INFO - Setting next_dagrun for example_complex to None, run_after=None
[2025-04-10T14:06:26.390+0000] {processor.py:183} INFO - Processing /home/airflow/.local/lib/python3.12/site-packages/airflow/example_dags/example_complex.py took 0.153 seconds
[2025-04-10T14:06:56.715+0000] {processor.py:161} INFO - Started process (PID=2054) to work on /home/airflow/.local/lib/python3.12/site-packages/airflow/example_dags/example_complex.py
[2025-04-10T14:06:56.716+0000] {processor.py:830} INFO - Processing file /home/airflow/.local/lib/python3.12/site-packages/airflow/example_dags/example_complex.py for tasks to queue
[2025-04-10T14:06:56.720+0000] {logging_mixin.py:188} INFO - [2025-04-10T14:06:56.719+0000] {dagbag.py:540} INFO - Filling up the DagBag from /home/airflow/.local/lib/python3.12/site-packages/airflow/example_dags/example_complex.py
[2025-04-10T14:06:56.738+0000] {processor.py:840} INFO - DAG(s) 'example_complex' retrieved from /home/airflow/.local/lib/python3.12/site-packages/airflow/example_dags/example_complex.py
[2025-04-10T14:06:56.801+0000] {logging_mixin.py:188} INFO - [2025-04-10T14:06:56.800+0000] {dag.py:3096} INFO - Sync 1 DAGs
[2025-04-10T14:06:56.825+0000] {logging_mixin.py:188} INFO - [2025-04-10T14:06:56.825+0000] {dag.py:3954} INFO - Setting next_dagrun for example_complex to None, run_after=None
[2025-04-10T14:06:56.860+0000] {processor.py:183} INFO - Processing /home/airflow/.local/lib/python3.12/site-packages/airflow/example_dags/example_complex.py took 0.155 seconds
[2025-04-10T14:07:27.298+0000] {processor.py:161} INFO - Started process (PID=2114) to work on /home/airflow/.local/lib/python3.12/site-packages/airflow/example_dags/example_complex.py
[2025-04-10T14:07:27.300+0000] {processor.py:830} INFO - Processing file /home/airflow/.local/lib/python3.12/site-packages/airflow/example_dags/example_complex.py for tasks to queue
[2025-04-10T14:07:27.303+0000] {logging_mixin.py:188} INFO - [2025-04-10T14:07:27.302+0000] {dagbag.py:540} INFO - Filling up the DagBag from /home/airflow/.local/lib/python3.12/site-packages/airflow/example_dags/example_complex.py
[2025-04-10T14:07:27.322+0000] {processor.py:840} INFO - DAG(s) 'example_complex' retrieved from /home/airflow/.local/lib/python3.12/site-packages/airflow/example_dags/example_complex.py
[2025-04-10T14:07:27.383+0000] {logging_mixin.py:188} INFO - [2025-04-10T14:07:27.383+0000] {dag.py:3096} INFO - Sync 1 DAGs
[2025-04-10T14:07:27.407+0000] {logging_mixin.py:188} INFO - [2025-04-10T14:07:27.406+0000] {dag.py:3954} INFO - Setting next_dagrun for example_complex to None, run_after=None
[2025-04-10T14:07:27.444+0000] {processor.py:183} INFO - Processing /home/airflow/.local/lib/python3.12/site-packages/airflow/example_dags/example_complex.py took 0.156 seconds
[2025-04-10T14:07:57.782+0000] {processor.py:161} INFO - Started process (PID=2174) to work on /home/airflow/.local/lib/python3.12/site-packages/airflow/example_dags/example_complex.py
[2025-04-10T14:07:57.783+0000] {processor.py:830} INFO - Processing file /home/airflow/.local/lib/python3.12/site-packages/airflow/example_dags/example_complex.py for tasks to queue
[2025-04-10T14:07:57.786+0000] {logging_mixin.py:188} INFO - [2025-04-10T14:07:57.785+0000] {dagbag.py:540} INFO - Filling up the DagBag from /home/airflow/.local/lib/python3.12/site-packages/airflow/example_dags/example_complex.py
[2025-04-10T14:07:57.805+0000] {processor.py:840} INFO - DAG(s) 'example_complex' retrieved from /home/airflow/.local/lib/python3.12/site-packages/airflow/example_dags/example_complex.py
[2025-04-10T14:07:57.865+0000] {logging_mixin.py:188} INFO - [2025-04-10T14:07:57.865+0000] {dag.py:3096} INFO - Sync 1 DAGs
[2025-04-10T14:07:57.890+0000] {logging_mixin.py:188} INFO - [2025-04-10T14:07:57.890+0000] {dag.py:3954} INFO - Setting next_dagrun for example_complex to None, run_after=None
[2025-04-10T14:07:57.924+0000] {processor.py:183} INFO - Processing /home/airflow/.local/lib/python3.12/site-packages/airflow/example_dags/example_complex.py took 0.152 seconds
[2025-04-10T14:08:28.345+0000] {processor.py:161} INFO - Started process (PID=2234) to work on /home/airflow/.local/lib/python3.12/site-packages/airflow/example_dags/example_complex.py
[2025-04-10T14:08:28.347+0000] {processor.py:830} INFO - Processing file /home/airflow/.local/lib/python3.12/site-packages/airflow/example_dags/example_complex.py for tasks to queue
[2025-04-10T14:08:28.350+0000] {logging_mixin.py:188} INFO - [2025-04-10T14:08:28.349+0000] {dagbag.py:540} INFO - Filling up the DagBag from /home/airflow/.local/lib/python3.12/site-packages/airflow/example_dags/example_complex.py
[2025-04-10T14:08:28.369+0000] {processor.py:840} INFO - DAG(s) 'example_complex' retrieved from /home/airflow/.local/lib/python3.12/site-packages/airflow/example_dags/example_complex.py
[2025-04-10T14:08:28.432+0000] {logging_mixin.py:188} INFO - [2025-04-10T14:08:28.431+0000] {dag.py:3096} INFO - Sync 1 DAGs
[2025-04-10T14:08:28.455+0000] {logging_mixin.py:188} INFO - [2025-04-10T14:08:28.455+0000] {dag.py:3954} INFO - Setting next_dagrun for example_complex to None, run_after=None
[2025-04-10T14:08:28.495+0000] {processor.py:183} INFO - Processing /home/airflow/.local/lib/python3.12/site-packages/airflow/example_dags/example_complex.py took 0.160 seconds
[2025-04-10T14:08:58.832+0000] {processor.py:161} INFO - Started process (PID=2294) to work on /home/airflow/.local/lib/python3.12/site-packages/airflow/example_dags/example_complex.py
[2025-04-10T14:08:58.833+0000] {processor.py:830} INFO - Processing file /home/airflow/.local/lib/python3.12/site-packages/airflow/example_dags/example_complex.py for tasks to queue
[2025-04-10T14:08:58.836+0000] {logging_mixin.py:188} INFO - [2025-04-10T14:08:58.836+0000] {dagbag.py:540} INFO - Filling up the DagBag from /home/airflow/.local/lib/python3.12/site-packages/airflow/example_dags/example_complex.py
[2025-04-10T14:08:58.856+0000] {processor.py:840} INFO - DAG(s) 'example_complex' retrieved from /home/airflow/.local/lib/python3.12/site-packages/airflow/example_dags/example_complex.py
[2025-04-10T14:08:58.920+0000] {logging_mixin.py:188} INFO - [2025-04-10T14:08:58.920+0000] {dag.py:3096} INFO - Sync 1 DAGs
[2025-04-10T14:08:58.943+0000] {logging_mixin.py:188} INFO - [2025-04-10T14:08:58.943+0000] {dag.py:3954} INFO - Setting next_dagrun for example_complex to None, run_after=None
[2025-04-10T14:08:58.979+0000] {processor.py:183} INFO - Processing /home/airflow/.local/lib/python3.12/site-packages/airflow/example_dags/example_complex.py took 0.157 seconds
[2025-04-10T14:09:29.335+0000] {processor.py:161} INFO - Started process (PID=2354) to work on /home/airflow/.local/lib/python3.12/site-packages/airflow/example_dags/example_complex.py
[2025-04-10T14:09:29.336+0000] {processor.py:830} INFO - Processing file /home/airflow/.local/lib/python3.12/site-packages/airflow/example_dags/example_complex.py for tasks to queue
[2025-04-10T14:09:29.339+0000] {logging_mixin.py:188} INFO - [2025-04-10T14:09:29.339+0000] {dagbag.py:540} INFO - Filling up the DagBag from /home/airflow/.local/lib/python3.12/site-packages/airflow/example_dags/example_complex.py
[2025-04-10T14:09:29.358+0000] {processor.py:840} INFO - DAG(s) 'example_complex' retrieved from /home/airflow/.local/lib/python3.12/site-packages/airflow/example_dags/example_complex.py
[2025-04-10T14:09:29.422+0000] {logging_mixin.py:188} INFO - [2025-04-10T14:09:29.421+0000] {dag.py:3096} INFO - Sync 1 DAGs
[2025-04-10T14:09:29.445+0000] {logging_mixin.py:188} INFO - [2025-04-10T14:09:29.445+0000] {dag.py:3954} INFO - Setting next_dagrun for example_complex to None, run_after=None
[2025-04-10T14:09:29.480+0000] {processor.py:183} INFO - Processing /home/airflow/.local/lib/python3.12/site-packages/airflow/example_dags/example_complex.py took 0.155 seconds
[2025-04-10T14:10:00.145+0000] {processor.py:161} INFO - Started process (PID=2420) to work on /home/airflow/.local/lib/python3.12/site-packages/airflow/example_dags/example_complex.py
[2025-04-10T14:10:00.147+0000] {processor.py:830} INFO - Processing file /home/airflow/.local/lib/python3.12/site-packages/airflow/example_dags/example_complex.py for tasks to queue
[2025-04-10T14:10:00.150+0000] {logging_mixin.py:188} INFO - [2025-04-10T14:10:00.149+0000] {dagbag.py:540} INFO - Filling up the DagBag from /home/airflow/.local/lib/python3.12/site-packages/airflow/example_dags/example_complex.py
[2025-04-10T14:10:00.169+0000] {processor.py:840} INFO - DAG(s) 'example_complex' retrieved from /home/airflow/.local/lib/python3.12/site-packages/airflow/example_dags/example_complex.py
[2025-04-10T14:10:00.231+0000] {logging_mixin.py:188} INFO - [2025-04-10T14:10:00.230+0000] {dag.py:3096} INFO - Sync 1 DAGs
[2025-04-10T14:10:00.253+0000] {logging_mixin.py:188} INFO - [2025-04-10T14:10:00.252+0000] {dag.py:3954} INFO - Setting next_dagrun for example_complex to None, run_after=None
[2025-04-10T14:10:00.288+0000] {processor.py:183} INFO - Processing /home/airflow/.local/lib/python3.12/site-packages/airflow/example_dags/example_complex.py took 0.154 seconds
[2025-04-10T14:10:30.583+0000] {processor.py:161} INFO - Started process (PID=2480) to work on /home/airflow/.local/lib/python3.12/site-packages/airflow/example_dags/example_complex.py
[2025-04-10T14:10:30.585+0000] {processor.py:830} INFO - Processing file /home/airflow/.local/lib/python3.12/site-packages/airflow/example_dags/example_complex.py for tasks to queue
[2025-04-10T14:10:30.589+0000] {logging_mixin.py:188} INFO - [2025-04-10T14:10:30.589+0000] {dagbag.py:540} INFO - Filling up the DagBag from /home/airflow/.local/lib/python3.12/site-packages/airflow/example_dags/example_complex.py
[2025-04-10T14:10:30.620+0000] {processor.py:840} INFO - DAG(s) 'example_complex' retrieved from /home/airflow/.local/lib/python3.12/site-packages/airflow/example_dags/example_complex.py
[2025-04-10T14:10:30.698+0000] {logging_mixin.py:188} INFO - [2025-04-10T14:10:30.697+0000] {dag.py:3096} INFO - Sync 1 DAGs
[2025-04-10T14:10:30.723+0000] {logging_mixin.py:188} INFO - [2025-04-10T14:10:30.722+0000] {dag.py:3954} INFO - Setting next_dagrun for example_complex to None, run_after=None
[2025-04-10T14:10:30.758+0000] {processor.py:183} INFO - Processing /home/airflow/.local/lib/python3.12/site-packages/airflow/example_dags/example_complex.py took 0.188 seconds
[2025-04-10T14:11:01.232+0000] {processor.py:161} INFO - Started process (PID=2540) to work on /home/airflow/.local/lib/python3.12/site-packages/airflow/example_dags/example_complex.py
[2025-04-10T14:11:01.233+0000] {processor.py:830} INFO - Processing file /home/airflow/.local/lib/python3.12/site-packages/airflow/example_dags/example_complex.py for tasks to queue
[2025-04-10T14:11:01.236+0000] {logging_mixin.py:188} INFO - [2025-04-10T14:11:01.235+0000] {dagbag.py:540} INFO - Filling up the DagBag from /home/airflow/.local/lib/python3.12/site-packages/airflow/example_dags/example_complex.py
[2025-04-10T14:11:01.256+0000] {processor.py:840} INFO - DAG(s) 'example_complex' retrieved from /home/airflow/.local/lib/python3.12/site-packages/airflow/example_dags/example_complex.py
[2025-04-10T14:11:01.317+0000] {logging_mixin.py:188} INFO - [2025-04-10T14:11:01.317+0000] {dag.py:3096} INFO - Sync 1 DAGs
[2025-04-10T14:11:01.341+0000] {logging_mixin.py:188} INFO - [2025-04-10T14:11:01.341+0000] {dag.py:3954} INFO - Setting next_dagrun for example_complex to None, run_after=None
[2025-04-10T14:11:01.380+0000] {processor.py:183} INFO - Processing /home/airflow/.local/lib/python3.12/site-packages/airflow/example_dags/example_complex.py took 0.158 seconds
[2025-04-10T14:11:31.712+0000] {processor.py:161} INFO - Started process (PID=2598) to work on /home/airflow/.local/lib/python3.12/site-packages/airflow/example_dags/example_complex.py
[2025-04-10T14:11:31.713+0000] {processor.py:830} INFO - Processing file /home/airflow/.local/lib/python3.12/site-packages/airflow/example_dags/example_complex.py for tasks to queue
[2025-04-10T14:11:31.717+0000] {logging_mixin.py:188} INFO - [2025-04-10T14:11:31.716+0000] {dagbag.py:540} INFO - Filling up the DagBag from /home/airflow/.local/lib/python3.12/site-packages/airflow/example_dags/example_complex.py
[2025-04-10T14:11:31.740+0000] {processor.py:840} INFO - DAG(s) 'example_complex' retrieved from /home/airflow/.local/lib/python3.12/site-packages/airflow/example_dags/example_complex.py
[2025-04-10T14:11:31.802+0000] {logging_mixin.py:188} INFO - [2025-04-10T14:11:31.802+0000] {dag.py:3096} INFO - Sync 1 DAGs
[2025-04-10T14:11:31.827+0000] {logging_mixin.py:188} INFO - [2025-04-10T14:11:31.826+0000] {dag.py:3954} INFO - Setting next_dagrun for example_complex to None, run_after=None
[2025-04-10T14:11:31.860+0000] {processor.py:183} INFO - Processing /home/airflow/.local/lib/python3.12/site-packages/airflow/example_dags/example_complex.py took 0.160 seconds
[2025-04-10T14:12:02.317+0000] {processor.py:161} INFO - Started process (PID=2658) to work on /home/airflow/.local/lib/python3.12/site-packages/airflow/example_dags/example_complex.py
[2025-04-10T14:12:02.318+0000] {processor.py:830} INFO - Processing file /home/airflow/.local/lib/python3.12/site-packages/airflow/example_dags/example_complex.py for tasks to queue
[2025-04-10T14:12:02.321+0000] {logging_mixin.py:188} INFO - [2025-04-10T14:12:02.321+0000] {dagbag.py:540} INFO - Filling up the DagBag from /home/airflow/.local/lib/python3.12/site-packages/airflow/example_dags/example_complex.py
[2025-04-10T14:12:02.341+0000] {processor.py:840} INFO - DAG(s) 'example_complex' retrieved from /home/airflow/.local/lib/python3.12/site-packages/airflow/example_dags/example_complex.py
[2025-04-10T14:12:02.403+0000] {logging_mixin.py:188} INFO - [2025-04-10T14:12:02.403+0000] {dag.py:3096} INFO - Sync 1 DAGs
[2025-04-10T14:12:02.426+0000] {logging_mixin.py:188} INFO - [2025-04-10T14:12:02.426+0000] {dag.py:3954} INFO - Setting next_dagrun for example_complex to None, run_after=None
[2025-04-10T14:12:02.461+0000] {processor.py:183} INFO - Processing /home/airflow/.local/lib/python3.12/site-packages/airflow/example_dags/example_complex.py took 0.154 seconds
[2025-04-10T14:12:33.212+0000] {processor.py:161} INFO - Started process (PID=2718) to work on /home/airflow/.local/lib/python3.12/site-packages/airflow/example_dags/example_complex.py
[2025-04-10T14:12:33.214+0000] {processor.py:830} INFO - Processing file /home/airflow/.local/lib/python3.12/site-packages/airflow/example_dags/example_complex.py for tasks to queue
[2025-04-10T14:12:33.217+0000] {logging_mixin.py:188} INFO - [2025-04-10T14:12:33.216+0000] {dagbag.py:540} INFO - Filling up the DagBag from /home/airflow/.local/lib/python3.12/site-packages/airflow/example_dags/example_complex.py
[2025-04-10T14:12:33.236+0000] {processor.py:840} INFO - DAG(s) 'example_complex' retrieved from /home/airflow/.local/lib/python3.12/site-packages/airflow/example_dags/example_complex.py
[2025-04-10T14:12:33.300+0000] {logging_mixin.py:188} INFO - [2025-04-10T14:12:33.299+0000] {dag.py:3096} INFO - Sync 1 DAGs
[2025-04-10T14:12:33.322+0000] {logging_mixin.py:188} INFO - [2025-04-10T14:12:33.322+0000] {dag.py:3954} INFO - Setting next_dagrun for example_complex to None, run_after=None
[2025-04-10T14:12:33.358+0000] {processor.py:183} INFO - Processing /home/airflow/.local/lib/python3.12/site-packages/airflow/example_dags/example_complex.py took 0.156 seconds
[2025-04-10T14:13:04.302+0000] {processor.py:161} INFO - Started process (PID=2778) to work on /home/airflow/.local/lib/python3.12/site-packages/airflow/example_dags/example_complex.py
[2025-04-10T14:13:04.304+0000] {processor.py:830} INFO - Processing file /home/airflow/.local/lib/python3.12/site-packages/airflow/example_dags/example_complex.py for tasks to queue
[2025-04-10T14:13:04.307+0000] {logging_mixin.py:188} INFO - [2025-04-10T14:13:04.306+0000] {dagbag.py:540} INFO - Filling up the DagBag from /home/airflow/.local/lib/python3.12/site-packages/airflow/example_dags/example_complex.py
[2025-04-10T14:13:04.326+0000] {processor.py:840} INFO - DAG(s) 'example_complex' retrieved from /home/airflow/.local/lib/python3.12/site-packages/airflow/example_dags/example_complex.py
[2025-04-10T14:13:04.387+0000] {logging_mixin.py:188} INFO - [2025-04-10T14:13:04.387+0000] {dag.py:3096} INFO - Sync 1 DAGs
[2025-04-10T14:13:04.410+0000] {logging_mixin.py:188} INFO - [2025-04-10T14:13:04.410+0000] {dag.py:3954} INFO - Setting next_dagrun for example_complex to None, run_after=None
[2025-04-10T14:13:04.446+0000] {processor.py:183} INFO - Processing /home/airflow/.local/lib/python3.12/site-packages/airflow/example_dags/example_complex.py took 0.153 seconds
[2025-04-10T14:13:34.892+0000] {processor.py:161} INFO - Started process (PID=2838) to work on /home/airflow/.local/lib/python3.12/site-packages/airflow/example_dags/example_complex.py
[2025-04-10T14:13:34.893+0000] {processor.py:830} INFO - Processing file /home/airflow/.local/lib/python3.12/site-packages/airflow/example_dags/example_complex.py for tasks to queue
[2025-04-10T14:13:34.896+0000] {logging_mixin.py:188} INFO - [2025-04-10T14:13:34.896+0000] {dagbag.py:540} INFO - Filling up the DagBag from /home/airflow/.local/lib/python3.12/site-packages/airflow/example_dags/example_complex.py
[2025-04-10T14:13:34.914+0000] {processor.py:840} INFO - DAG(s) 'example_complex' retrieved from /home/airflow/.local/lib/python3.12/site-packages/airflow/example_dags/example_complex.py
[2025-04-10T14:13:34.975+0000] {logging_mixin.py:188} INFO - [2025-04-10T14:13:34.975+0000] {dag.py:3096} INFO - Sync 1 DAGs
[2025-04-10T14:13:34.998+0000] {logging_mixin.py:188} INFO - [2025-04-10T14:13:34.997+0000] {dag.py:3954} INFO - Setting next_dagrun for example_complex to None, run_after=None
[2025-04-10T14:13:35.037+0000] {processor.py:183} INFO - Processing /home/airflow/.local/lib/python3.12/site-packages/airflow/example_dags/example_complex.py took 0.155 seconds
[2025-04-10T14:14:05.417+0000] {processor.py:161} INFO - Started process (PID=2899) to work on /home/airflow/.local/lib/python3.12/site-packages/airflow/example_dags/example_complex.py
[2025-04-10T14:14:05.418+0000] {processor.py:830} INFO - Processing file /home/airflow/.local/lib/python3.12/site-packages/airflow/example_dags/example_complex.py for tasks to queue
[2025-04-10T14:14:05.421+0000] {logging_mixin.py:188} INFO - [2025-04-10T14:14:05.420+0000] {dagbag.py:540} INFO - Filling up the DagBag from /home/airflow/.local/lib/python3.12/site-packages/airflow/example_dags/example_complex.py
[2025-04-10T14:14:05.439+0000] {processor.py:840} INFO - DAG(s) 'example_complex' retrieved from /home/airflow/.local/lib/python3.12/site-packages/airflow/example_dags/example_complex.py
[2025-04-10T14:14:05.501+0000] {logging_mixin.py:188} INFO - [2025-04-10T14:14:05.501+0000] {dag.py:3096} INFO - Sync 1 DAGs
[2025-04-10T14:14:05.524+0000] {logging_mixin.py:188} INFO - [2025-04-10T14:14:05.523+0000] {dag.py:3954} INFO - Setting next_dagrun for example_complex to None, run_after=None
[2025-04-10T14:14:05.559+0000] {processor.py:183} INFO - Processing /home/airflow/.local/lib/python3.12/site-packages/airflow/example_dags/example_complex.py took 0.152 seconds
[2025-04-10T14:14:35.658+0000] {processor.py:161} INFO - Started process (PID=2959) to work on /home/airflow/.local/lib/python3.12/site-packages/airflow/example_dags/example_complex.py
[2025-04-10T14:14:35.660+0000] {processor.py:830} INFO - Processing file /home/airflow/.local/lib/python3.12/site-packages/airflow/example_dags/example_complex.py for tasks to queue
[2025-04-10T14:14:35.662+0000] {logging_mixin.py:188} INFO - [2025-04-10T14:14:35.662+0000] {dagbag.py:540} INFO - Filling up the DagBag from /home/airflow/.local/lib/python3.12/site-packages/airflow/example_dags/example_complex.py
[2025-04-10T14:14:35.682+0000] {processor.py:840} INFO - DAG(s) 'example_complex' retrieved from /home/airflow/.local/lib/python3.12/site-packages/airflow/example_dags/example_complex.py
[2025-04-10T14:14:35.742+0000] {logging_mixin.py:188} INFO - [2025-04-10T14:14:35.741+0000] {dag.py:3096} INFO - Sync 1 DAGs
[2025-04-10T14:14:35.767+0000] {logging_mixin.py:188} INFO - [2025-04-10T14:14:35.766+0000] {dag.py:3954} INFO - Setting next_dagrun for example_complex to None, run_after=None
[2025-04-10T14:14:35.803+0000] {processor.py:183} INFO - Processing /home/airflow/.local/lib/python3.12/site-packages/airflow/example_dags/example_complex.py took 0.155 seconds
[2025-04-10T14:15:06.387+0000] {processor.py:161} INFO - Started process (PID=3019) to work on /home/airflow/.local/lib/python3.12/site-packages/airflow/example_dags/example_complex.py
[2025-04-10T14:15:06.389+0000] {processor.py:830} INFO - Processing file /home/airflow/.local/lib/python3.12/site-packages/airflow/example_dags/example_complex.py for tasks to queue
[2025-04-10T14:15:06.392+0000] {logging_mixin.py:188} INFO - [2025-04-10T14:15:06.391+0000] {dagbag.py:540} INFO - Filling up the DagBag from /home/airflow/.local/lib/python3.12/site-packages/airflow/example_dags/example_complex.py
[2025-04-10T14:15:06.410+0000] {processor.py:840} INFO - DAG(s) 'example_complex' retrieved from /home/airflow/.local/lib/python3.12/site-packages/airflow/example_dags/example_complex.py
[2025-04-10T14:15:06.472+0000] {logging_mixin.py:188} INFO - [2025-04-10T14:15:06.472+0000] {dag.py:3096} INFO - Sync 1 DAGs
[2025-04-10T14:15:06.495+0000] {logging_mixin.py:188} INFO - [2025-04-10T14:15:06.494+0000] {dag.py:3954} INFO - Setting next_dagrun for example_complex to None, run_after=None
[2025-04-10T14:15:06.534+0000] {processor.py:183} INFO - Processing /home/airflow/.local/lib/python3.12/site-packages/airflow/example_dags/example_complex.py took 0.156 seconds
[2025-04-10T14:15:37.125+0000] {processor.py:161} INFO - Started process (PID=3079) to work on /home/airflow/.local/lib/python3.12/site-packages/airflow/example_dags/example_complex.py
[2025-04-10T14:15:37.127+0000] {processor.py:830} INFO - Processing file /home/airflow/.local/lib/python3.12/site-packages/airflow/example_dags/example_complex.py for tasks to queue
[2025-04-10T14:15:37.130+0000] {logging_mixin.py:188} INFO - [2025-04-10T14:15:37.129+0000] {dagbag.py:540} INFO - Filling up the DagBag from /home/airflow/.local/lib/python3.12/site-packages/airflow/example_dags/example_complex.py
[2025-04-10T14:15:37.148+0000] {processor.py:840} INFO - DAG(s) 'example_complex' retrieved from /home/airflow/.local/lib/python3.12/site-packages/airflow/example_dags/example_complex.py
[2025-04-10T14:15:37.213+0000] {logging_mixin.py:188} INFO - [2025-04-10T14:15:37.213+0000] {dag.py:3096} INFO - Sync 1 DAGs
[2025-04-10T14:15:37.241+0000] {logging_mixin.py:188} INFO - [2025-04-10T14:15:37.240+0000] {dag.py:3954} INFO - Setting next_dagrun for example_complex to None, run_after=None
[2025-04-10T14:15:37.283+0000] {processor.py:183} INFO - Processing /home/airflow/.local/lib/python3.12/site-packages/airflow/example_dags/example_complex.py took 0.168 seconds
[2025-04-10T14:16:07.769+0000] {processor.py:161} INFO - Started process (PID=3140) to work on /home/airflow/.local/lib/python3.12/site-packages/airflow/example_dags/example_complex.py
[2025-04-10T14:16:07.770+0000] {processor.py:830} INFO - Processing file /home/airflow/.local/lib/python3.12/site-packages/airflow/example_dags/example_complex.py for tasks to queue
[2025-04-10T14:16:07.773+0000] {logging_mixin.py:188} INFO - [2025-04-10T14:16:07.773+0000] {dagbag.py:540} INFO - Filling up the DagBag from /home/airflow/.local/lib/python3.12/site-packages/airflow/example_dags/example_complex.py
[2025-04-10T14:16:07.792+0000] {processor.py:840} INFO - DAG(s) 'example_complex' retrieved from /home/airflow/.local/lib/python3.12/site-packages/airflow/example_dags/example_complex.py
[2025-04-10T14:16:07.855+0000] {logging_mixin.py:188} INFO - [2025-04-10T14:16:07.854+0000] {dag.py:3096} INFO - Sync 1 DAGs
[2025-04-10T14:16:07.877+0000] {logging_mixin.py:188} INFO - [2025-04-10T14:16:07.877+0000] {dag.py:3954} INFO - Setting next_dagrun for example_complex to None, run_after=None
[2025-04-10T14:16:07.918+0000] {processor.py:183} INFO - Processing /home/airflow/.local/lib/python3.12/site-packages/airflow/example_dags/example_complex.py took 0.159 seconds
[2025-04-10T14:16:38.314+0000] {processor.py:161} INFO - Started process (PID=3200) to work on /home/airflow/.local/lib/python3.12/site-packages/airflow/example_dags/example_complex.py
[2025-04-10T14:16:38.315+0000] {processor.py:830} INFO - Processing file /home/airflow/.local/lib/python3.12/site-packages/airflow/example_dags/example_complex.py for tasks to queue
[2025-04-10T14:16:38.318+0000] {logging_mixin.py:188} INFO - [2025-04-10T14:16:38.318+0000] {dagbag.py:540} INFO - Filling up the DagBag from /home/airflow/.local/lib/python3.12/site-packages/airflow/example_dags/example_complex.py
[2025-04-10T14:16:38.337+0000] {processor.py:840} INFO - DAG(s) 'example_complex' retrieved from /home/airflow/.local/lib/python3.12/site-packages/airflow/example_dags/example_complex.py
[2025-04-10T14:16:38.403+0000] {logging_mixin.py:188} INFO - [2025-04-10T14:16:38.402+0000] {dag.py:3096} INFO - Sync 1 DAGs
[2025-04-10T14:16:38.425+0000] {logging_mixin.py:188} INFO - [2025-04-10T14:16:38.425+0000] {dag.py:3954} INFO - Setting next_dagrun for example_complex to None, run_after=None
[2025-04-10T14:16:38.459+0000] {processor.py:183} INFO - Processing /home/airflow/.local/lib/python3.12/site-packages/airflow/example_dags/example_complex.py took 0.155 seconds
[2025-04-10T14:17:08.862+0000] {processor.py:161} INFO - Started process (PID=3260) to work on /home/airflow/.local/lib/python3.12/site-packages/airflow/example_dags/example_complex.py
[2025-04-10T14:17:08.864+0000] {processor.py:830} INFO - Processing file /home/airflow/.local/lib/python3.12/site-packages/airflow/example_dags/example_complex.py for tasks to queue
[2025-04-10T14:17:08.867+0000] {logging_mixin.py:188} INFO - [2025-04-10T14:17:08.867+0000] {dagbag.py:540} INFO - Filling up the DagBag from /home/airflow/.local/lib/python3.12/site-packages/airflow/example_dags/example_complex.py
[2025-04-10T14:17:08.886+0000] {processor.py:840} INFO - DAG(s) 'example_complex' retrieved from /home/airflow/.local/lib/python3.12/site-packages/airflow/example_dags/example_complex.py
[2025-04-10T14:17:08.949+0000] {logging_mixin.py:188} INFO - [2025-04-10T14:17:08.948+0000] {dag.py:3096} INFO - Sync 1 DAGs
[2025-04-10T14:17:08.972+0000] {logging_mixin.py:188} INFO - [2025-04-10T14:17:08.972+0000] {dag.py:3954} INFO - Setting next_dagrun for example_complex to None, run_after=None
[2025-04-10T14:17:09.011+0000] {processor.py:183} INFO - Processing /home/airflow/.local/lib/python3.12/site-packages/airflow/example_dags/example_complex.py took 0.158 seconds
[2025-04-10T14:17:39.607+0000] {processor.py:161} INFO - Started process (PID=3320) to work on /home/airflow/.local/lib/python3.12/site-packages/airflow/example_dags/example_complex.py
[2025-04-10T14:17:39.608+0000] {processor.py:830} INFO - Processing file /home/airflow/.local/lib/python3.12/site-packages/airflow/example_dags/example_complex.py for tasks to queue
[2025-04-10T14:17:39.611+0000] {logging_mixin.py:188} INFO - [2025-04-10T14:17:39.610+0000] {dagbag.py:540} INFO - Filling up the DagBag from /home/airflow/.local/lib/python3.12/site-packages/airflow/example_dags/example_complex.py
[2025-04-10T14:17:39.630+0000] {processor.py:840} INFO - DAG(s) 'example_complex' retrieved from /home/airflow/.local/lib/python3.12/site-packages/airflow/example_dags/example_complex.py
[2025-04-10T14:17:39.693+0000] {logging_mixin.py:188} INFO - [2025-04-10T14:17:39.693+0000] {dag.py:3096} INFO - Sync 1 DAGs
[2025-04-10T14:17:39.717+0000] {logging_mixin.py:188} INFO - [2025-04-10T14:17:39.716+0000] {dag.py:3954} INFO - Setting next_dagrun for example_complex to None, run_after=None
[2025-04-10T14:17:39.752+0000] {processor.py:183} INFO - Processing /home/airflow/.local/lib/python3.12/site-packages/airflow/example_dags/example_complex.py took 0.155 seconds
[2025-04-10T14:18:09.904+0000] {processor.py:161} INFO - Started process (PID=3380) to work on /home/airflow/.local/lib/python3.12/site-packages/airflow/example_dags/example_complex.py
[2025-04-10T14:18:09.906+0000] {processor.py:830} INFO - Processing file /home/airflow/.local/lib/python3.12/site-packages/airflow/example_dags/example_complex.py for tasks to queue
[2025-04-10T14:18:09.909+0000] {logging_mixin.py:188} INFO - [2025-04-10T14:18:09.908+0000] {dagbag.py:540} INFO - Filling up the DagBag from /home/airflow/.local/lib/python3.12/site-packages/airflow/example_dags/example_complex.py
[2025-04-10T14:18:09.928+0000] {processor.py:840} INFO - DAG(s) 'example_complex' retrieved from /home/airflow/.local/lib/python3.12/site-packages/airflow/example_dags/example_complex.py
[2025-04-10T14:18:09.991+0000] {logging_mixin.py:188} INFO - [2025-04-10T14:18:09.990+0000] {dag.py:3096} INFO - Sync 1 DAGs
[2025-04-10T14:18:10.014+0000] {logging_mixin.py:188} INFO - [2025-04-10T14:18:10.014+0000] {dag.py:3954} INFO - Setting next_dagrun for example_complex to None, run_after=None
[2025-04-10T14:18:10.056+0000] {processor.py:183} INFO - Processing /home/airflow/.local/lib/python3.12/site-packages/airflow/example_dags/example_complex.py took 0.161 seconds
[2025-04-10T14:18:40.473+0000] {processor.py:161} INFO - Started process (PID=3440) to work on /home/airflow/.local/lib/python3.12/site-packages/airflow/example_dags/example_complex.py
[2025-04-10T14:18:40.475+0000] {processor.py:830} INFO - Processing file /home/airflow/.local/lib/python3.12/site-packages/airflow/example_dags/example_complex.py for tasks to queue
[2025-04-10T14:18:40.480+0000] {logging_mixin.py:188} INFO - [2025-04-10T14:18:40.480+0000] {dagbag.py:540} INFO - Filling up the DagBag from /home/airflow/.local/lib/python3.12/site-packages/airflow/example_dags/example_complex.py
[2025-04-10T14:18:40.503+0000] {processor.py:840} INFO - DAG(s) 'example_complex' retrieved from /home/airflow/.local/lib/python3.12/site-packages/airflow/example_dags/example_complex.py
[2025-04-10T14:18:40.605+0000] {logging_mixin.py:188} INFO - [2025-04-10T14:18:40.604+0000] {dag.py:3096} INFO - Sync 1 DAGs
[2025-04-10T14:18:40.629+0000] {logging_mixin.py:188} INFO - [2025-04-10T14:18:40.629+0000] {dag.py:3954} INFO - Setting next_dagrun for example_complex to None, run_after=None
[2025-04-10T14:18:40.666+0000] {processor.py:183} INFO - Processing /home/airflow/.local/lib/python3.12/site-packages/airflow/example_dags/example_complex.py took 0.207 seconds
[2025-04-10T14:19:10.853+0000] {processor.py:161} INFO - Started process (PID=3500) to work on /home/airflow/.local/lib/python3.12/site-packages/airflow/example_dags/example_complex.py
[2025-04-10T14:19:10.855+0000] {processor.py:830} INFO - Processing file /home/airflow/.local/lib/python3.12/site-packages/airflow/example_dags/example_complex.py for tasks to queue
[2025-04-10T14:19:10.858+0000] {logging_mixin.py:188} INFO - [2025-04-10T14:19:10.857+0000] {dagbag.py:540} INFO - Filling up the DagBag from /home/airflow/.local/lib/python3.12/site-packages/airflow/example_dags/example_complex.py
[2025-04-10T14:19:10.877+0000] {processor.py:840} INFO - DAG(s) 'example_complex' retrieved from /home/airflow/.local/lib/python3.12/site-packages/airflow/example_dags/example_complex.py
[2025-04-10T14:19:10.955+0000] {logging_mixin.py:188} INFO - [2025-04-10T14:19:10.955+0000] {dag.py:3096} INFO - Sync 1 DAGs
[2025-04-10T14:19:10.982+0000] {logging_mixin.py:188} INFO - [2025-04-10T14:19:10.982+0000] {dag.py:3954} INFO - Setting next_dagrun for example_complex to None, run_after=None
[2025-04-10T14:19:11.021+0000] {processor.py:183} INFO - Processing /home/airflow/.local/lib/python3.12/site-packages/airflow/example_dags/example_complex.py took 0.178 seconds
[2025-04-10T14:19:41.124+0000] {processor.py:161} INFO - Started process (PID=3560) to work on /home/airflow/.local/lib/python3.12/site-packages/airflow/example_dags/example_complex.py
[2025-04-10T14:19:41.125+0000] {processor.py:830} INFO - Processing file /home/airflow/.local/lib/python3.12/site-packages/airflow/example_dags/example_complex.py for tasks to queue
[2025-04-10T14:19:41.128+0000] {logging_mixin.py:188} INFO - [2025-04-10T14:19:41.127+0000] {dagbag.py:540} INFO - Filling up the DagBag from /home/airflow/.local/lib/python3.12/site-packages/airflow/example_dags/example_complex.py
[2025-04-10T14:19:41.147+0000] {processor.py:840} INFO - DAG(s) 'example_complex' retrieved from /home/airflow/.local/lib/python3.12/site-packages/airflow/example_dags/example_complex.py
[2025-04-10T14:19:41.208+0000] {logging_mixin.py:188} INFO - [2025-04-10T14:19:41.208+0000] {dag.py:3096} INFO - Sync 1 DAGs
[2025-04-10T14:19:41.232+0000] {logging_mixin.py:188} INFO - [2025-04-10T14:19:41.232+0000] {dag.py:3954} INFO - Setting next_dagrun for example_complex to None, run_after=None
[2025-04-10T14:19:41.267+0000] {processor.py:183} INFO - Processing /home/airflow/.local/lib/python3.12/site-packages/airflow/example_dags/example_complex.py took 0.154 seconds
[2025-04-10T14:20:11.340+0000] {processor.py:161} INFO - Started process (PID=3620) to work on /home/airflow/.local/lib/python3.12/site-packages/airflow/example_dags/example_complex.py
[2025-04-10T14:20:11.342+0000] {processor.py:830} INFO - Processing file /home/airflow/.local/lib/python3.12/site-packages/airflow/example_dags/example_complex.py for tasks to queue
[2025-04-10T14:20:11.347+0000] {logging_mixin.py:188} INFO - [2025-04-10T14:20:11.346+0000] {dagbag.py:540} INFO - Filling up the DagBag from /home/airflow/.local/lib/python3.12/site-packages/airflow/example_dags/example_complex.py
[2025-04-10T14:20:11.370+0000] {processor.py:840} INFO - DAG(s) 'example_complex' retrieved from /home/airflow/.local/lib/python3.12/site-packages/airflow/example_dags/example_complex.py
[2025-04-10T14:20:11.439+0000] {logging_mixin.py:188} INFO - [2025-04-10T14:20:11.438+0000] {dag.py:3096} INFO - Sync 1 DAGs
[2025-04-10T14:20:11.469+0000] {logging_mixin.py:188} INFO - [2025-04-10T14:20:11.468+0000] {dag.py:3954} INFO - Setting next_dagrun for example_complex to None, run_after=None
[2025-04-10T14:20:11.506+0000] {processor.py:183} INFO - Processing /home/airflow/.local/lib/python3.12/site-packages/airflow/example_dags/example_complex.py took 0.179 seconds
[2025-04-10T14:20:41.620+0000] {processor.py:161} INFO - Started process (PID=3680) to work on /home/airflow/.local/lib/python3.12/site-packages/airflow/example_dags/example_complex.py
[2025-04-10T14:20:41.622+0000] {processor.py:830} INFO - Processing file /home/airflow/.local/lib/python3.12/site-packages/airflow/example_dags/example_complex.py for tasks to queue
[2025-04-10T14:20:41.626+0000] {logging_mixin.py:188} INFO - [2025-04-10T14:20:41.625+0000] {dagbag.py:540} INFO - Filling up the DagBag from /home/airflow/.local/lib/python3.12/site-packages/airflow/example_dags/example_complex.py
[2025-04-10T14:20:41.645+0000] {processor.py:840} INFO - DAG(s) 'example_complex' retrieved from /home/airflow/.local/lib/python3.12/site-packages/airflow/example_dags/example_complex.py
[2025-04-10T14:20:41.711+0000] {logging_mixin.py:188} INFO - [2025-04-10T14:20:41.710+0000] {dag.py:3096} INFO - Sync 1 DAGs
[2025-04-10T14:20:41.738+0000] {logging_mixin.py:188} INFO - [2025-04-10T14:20:41.738+0000] {dag.py:3954} INFO - Setting next_dagrun for example_complex to None, run_after=None
[2025-04-10T14:20:41.783+0000] {processor.py:183} INFO - Processing /home/airflow/.local/lib/python3.12/site-packages/airflow/example_dags/example_complex.py took 0.172 seconds
