[2025-04-10T13:35:46.208+0000] {processor.py:161} INFO - Started process (PID=111) to work on /home/airflow/.local/lib/python3.12/site-packages/airflow/example_dags/example_sla_dag.py
[2025-04-10T13:35:46.209+0000] {processor.py:830} INFO - Processing file /home/airflow/.local/lib/python3.12/site-packages/airflow/example_dags/example_sla_dag.py for tasks to queue
[2025-04-10T13:35:46.212+0000] {logging_mixin.py:188} INFO - [2025-04-10T13:35:46.212+0000] {dagbag.py:540} INFO - Filling up the DagBag from /home/airflow/.local/lib/python3.12/site-packages/airflow/example_dags/example_sla_dag.py
[2025-04-10T13:35:46.227+0000] {processor.py:840} INFO - DAG(s) 'example_sla_dag' retrieved from /home/airflow/.local/lib/python3.12/site-packages/airflow/example_dags/example_sla_dag.py
[2025-04-10T13:35:46.415+0000] {logging_mixin.py:188} INFO - [2025-04-10T13:35:46.414+0000] {dag.py:3096} INFO - Sync 1 DAGs
[2025-04-10T13:35:46.454+0000] {logging_mixin.py:188} INFO - [2025-04-10T13:35:46.454+0000] {dag.py:3954} INFO - Setting next_dagrun for example_sla_dag to 2025-04-10 13:32:00+00:00, run_after=2025-04-10 13:34:00+00:00
[2025-04-10T13:35:46.489+0000] {processor.py:183} INFO - Processing /home/airflow/.local/lib/python3.12/site-packages/airflow/example_dags/example_sla_dag.py took 0.290 seconds
[2025-04-10T13:36:16.591+0000] {processor.py:161} INFO - Started process (PID=169) to work on /home/airflow/.local/lib/python3.12/site-packages/airflow/example_dags/example_sla_dag.py
[2025-04-10T13:36:16.593+0000] {processor.py:830} INFO - Processing file /home/airflow/.local/lib/python3.12/site-packages/airflow/example_dags/example_sla_dag.py for tasks to queue
[2025-04-10T13:36:16.596+0000] {logging_mixin.py:188} INFO - [2025-04-10T13:36:16.595+0000] {dagbag.py:540} INFO - Filling up the DagBag from /home/airflow/.local/lib/python3.12/site-packages/airflow/example_dags/example_sla_dag.py
[2025-04-10T13:36:16.609+0000] {processor.py:840} INFO - DAG(s) 'example_sla_dag' retrieved from /home/airflow/.local/lib/python3.12/site-packages/airflow/example_dags/example_sla_dag.py
[2025-04-10T13:36:16.643+0000] {logging_mixin.py:188} INFO - [2025-04-10T13:36:16.642+0000] {dag.py:3096} INFO - Sync 1 DAGs
[2025-04-10T13:36:16.691+0000] {logging_mixin.py:188} INFO - [2025-04-10T13:36:16.691+0000] {dag.py:3954} INFO - Setting next_dagrun for example_sla_dag to 2025-04-10 13:34:00+00:00, run_after=2025-04-10 13:36:00+00:00
[2025-04-10T13:36:16.725+0000] {processor.py:183} INFO - Processing /home/airflow/.local/lib/python3.12/site-packages/airflow/example_dags/example_sla_dag.py took 0.143 seconds
[2025-04-10T13:36:47.186+0000] {processor.py:161} INFO - Started process (PID=227) to work on /home/airflow/.local/lib/python3.12/site-packages/airflow/example_dags/example_sla_dag.py
[2025-04-10T13:36:47.187+0000] {processor.py:830} INFO - Processing file /home/airflow/.local/lib/python3.12/site-packages/airflow/example_dags/example_sla_dag.py for tasks to queue
[2025-04-10T13:36:47.190+0000] {logging_mixin.py:188} INFO - [2025-04-10T13:36:47.190+0000] {dagbag.py:540} INFO - Filling up the DagBag from /home/airflow/.local/lib/python3.12/site-packages/airflow/example_dags/example_sla_dag.py
[2025-04-10T13:36:47.204+0000] {processor.py:840} INFO - DAG(s) 'example_sla_dag' retrieved from /home/airflow/.local/lib/python3.12/site-packages/airflow/example_dags/example_sla_dag.py
[2025-04-10T13:36:47.236+0000] {logging_mixin.py:188} INFO - [2025-04-10T13:36:47.236+0000] {dag.py:3096} INFO - Sync 1 DAGs
[2025-04-10T13:36:47.279+0000] {logging_mixin.py:188} INFO - [2025-04-10T13:36:47.278+0000] {dag.py:3954} INFO - Setting next_dagrun for example_sla_dag to 2025-04-10 13:34:00+00:00, run_after=2025-04-10 13:36:00+00:00
[2025-04-10T13:36:47.313+0000] {processor.py:183} INFO - Processing /home/airflow/.local/lib/python3.12/site-packages/airflow/example_dags/example_sla_dag.py took 0.137 seconds
[2025-04-10T13:37:18.059+0000] {processor.py:161} INFO - Started process (PID=285) to work on /home/airflow/.local/lib/python3.12/site-packages/airflow/example_dags/example_sla_dag.py
[2025-04-10T13:37:18.061+0000] {processor.py:830} INFO - Processing file /home/airflow/.local/lib/python3.12/site-packages/airflow/example_dags/example_sla_dag.py for tasks to queue
[2025-04-10T13:37:18.063+0000] {logging_mixin.py:188} INFO - [2025-04-10T13:37:18.063+0000] {dagbag.py:540} INFO - Filling up the DagBag from /home/airflow/.local/lib/python3.12/site-packages/airflow/example_dags/example_sla_dag.py
[2025-04-10T13:37:18.076+0000] {processor.py:840} INFO - DAG(s) 'example_sla_dag' retrieved from /home/airflow/.local/lib/python3.12/site-packages/airflow/example_dags/example_sla_dag.py
[2025-04-10T13:37:18.109+0000] {logging_mixin.py:188} INFO - [2025-04-10T13:37:18.109+0000] {dag.py:3096} INFO - Sync 1 DAGs
[2025-04-10T13:37:18.153+0000] {logging_mixin.py:188} INFO - [2025-04-10T13:37:18.153+0000] {dag.py:3954} INFO - Setting next_dagrun for example_sla_dag to 2025-04-10 13:34:00+00:00, run_after=2025-04-10 13:36:00+00:00
[2025-04-10T13:37:18.186+0000] {processor.py:183} INFO - Processing /home/airflow/.local/lib/python3.12/site-packages/airflow/example_dags/example_sla_dag.py took 0.136 seconds
[2025-04-10T13:37:48.561+0000] {processor.py:161} INFO - Started process (PID=343) to work on /home/airflow/.local/lib/python3.12/site-packages/airflow/example_dags/example_sla_dag.py
[2025-04-10T13:37:48.563+0000] {processor.py:830} INFO - Processing file /home/airflow/.local/lib/python3.12/site-packages/airflow/example_dags/example_sla_dag.py for tasks to queue
[2025-04-10T13:37:48.566+0000] {logging_mixin.py:188} INFO - [2025-04-10T13:37:48.565+0000] {dagbag.py:540} INFO - Filling up the DagBag from /home/airflow/.local/lib/python3.12/site-packages/airflow/example_dags/example_sla_dag.py
[2025-04-10T13:37:48.580+0000] {processor.py:840} INFO - DAG(s) 'example_sla_dag' retrieved from /home/airflow/.local/lib/python3.12/site-packages/airflow/example_dags/example_sla_dag.py
[2025-04-10T13:37:48.614+0000] {logging_mixin.py:188} INFO - [2025-04-10T13:37:48.613+0000] {dag.py:3096} INFO - Sync 1 DAGs
[2025-04-10T13:37:48.658+0000] {logging_mixin.py:188} INFO - [2025-04-10T13:37:48.658+0000] {dag.py:3954} INFO - Setting next_dagrun for example_sla_dag to 2025-04-10 13:34:00+00:00, run_after=2025-04-10 13:36:00+00:00
[2025-04-10T13:37:48.694+0000] {processor.py:183} INFO - Processing /home/airflow/.local/lib/python3.12/site-packages/airflow/example_dags/example_sla_dag.py took 0.143 seconds
[2025-04-10T13:38:19.660+0000] {processor.py:161} INFO - Started process (PID=401) to work on /home/airflow/.local/lib/python3.12/site-packages/airflow/example_dags/example_sla_dag.py
[2025-04-10T13:38:19.662+0000] {processor.py:830} INFO - Processing file /home/airflow/.local/lib/python3.12/site-packages/airflow/example_dags/example_sla_dag.py for tasks to queue
[2025-04-10T13:38:19.666+0000] {logging_mixin.py:188} INFO - [2025-04-10T13:38:19.665+0000] {dagbag.py:540} INFO - Filling up the DagBag from /home/airflow/.local/lib/python3.12/site-packages/airflow/example_dags/example_sla_dag.py
[2025-04-10T13:38:19.688+0000] {processor.py:840} INFO - DAG(s) 'example_sla_dag' retrieved from /home/airflow/.local/lib/python3.12/site-packages/airflow/example_dags/example_sla_dag.py
[2025-04-10T13:38:19.728+0000] {logging_mixin.py:188} INFO - [2025-04-10T13:38:19.728+0000] {dag.py:3096} INFO - Sync 1 DAGs
[2025-04-10T13:38:19.783+0000] {logging_mixin.py:188} INFO - [2025-04-10T13:38:19.782+0000] {dag.py:3954} INFO - Setting next_dagrun for example_sla_dag to 2025-04-10 13:36:00+00:00, run_after=2025-04-10 13:38:00+00:00
[2025-04-10T13:38:19.819+0000] {processor.py:183} INFO - Processing /home/airflow/.local/lib/python3.12/site-packages/airflow/example_dags/example_sla_dag.py took 0.169 seconds
[2025-04-10T13:38:50.655+0000] {processor.py:161} INFO - Started process (PID=459) to work on /home/airflow/.local/lib/python3.12/site-packages/airflow/example_dags/example_sla_dag.py
[2025-04-10T13:38:50.657+0000] {processor.py:830} INFO - Processing file /home/airflow/.local/lib/python3.12/site-packages/airflow/example_dags/example_sla_dag.py for tasks to queue
[2025-04-10T13:38:50.660+0000] {logging_mixin.py:188} INFO - [2025-04-10T13:38:50.659+0000] {dagbag.py:540} INFO - Filling up the DagBag from /home/airflow/.local/lib/python3.12/site-packages/airflow/example_dags/example_sla_dag.py
[2025-04-10T13:38:50.673+0000] {processor.py:840} INFO - DAG(s) 'example_sla_dag' retrieved from /home/airflow/.local/lib/python3.12/site-packages/airflow/example_dags/example_sla_dag.py
[2025-04-10T13:38:50.708+0000] {logging_mixin.py:188} INFO - [2025-04-10T13:38:50.707+0000] {dag.py:3096} INFO - Sync 1 DAGs
[2025-04-10T13:38:50.749+0000] {logging_mixin.py:188} INFO - [2025-04-10T13:38:50.749+0000] {dag.py:3954} INFO - Setting next_dagrun for example_sla_dag to 2025-04-10 13:36:00+00:00, run_after=2025-04-10 13:38:00+00:00
[2025-04-10T13:38:50.782+0000] {processor.py:183} INFO - Processing /home/airflow/.local/lib/python3.12/site-packages/airflow/example_dags/example_sla_dag.py took 0.136 seconds
[2025-04-10T13:39:21.059+0000] {processor.py:161} INFO - Started process (PID=516) to work on /home/airflow/.local/lib/python3.12/site-packages/airflow/example_dags/example_sla_dag.py
[2025-04-10T13:39:21.061+0000] {processor.py:830} INFO - Processing file /home/airflow/.local/lib/python3.12/site-packages/airflow/example_dags/example_sla_dag.py for tasks to queue
[2025-04-10T13:39:21.063+0000] {logging_mixin.py:188} INFO - [2025-04-10T13:39:21.063+0000] {dagbag.py:540} INFO - Filling up the DagBag from /home/airflow/.local/lib/python3.12/site-packages/airflow/example_dags/example_sla_dag.py
[2025-04-10T13:39:21.076+0000] {processor.py:840} INFO - DAG(s) 'example_sla_dag' retrieved from /home/airflow/.local/lib/python3.12/site-packages/airflow/example_dags/example_sla_dag.py
[2025-04-10T13:39:21.113+0000] {logging_mixin.py:188} INFO - [2025-04-10T13:39:21.113+0000] {dag.py:3096} INFO - Sync 1 DAGs
[2025-04-10T13:39:21.159+0000] {logging_mixin.py:188} INFO - [2025-04-10T13:39:21.159+0000] {dag.py:3954} INFO - Setting next_dagrun for example_sla_dag to 2025-04-10 13:36:00+00:00, run_after=2025-04-10 13:38:00+00:00
[2025-04-10T13:39:21.199+0000] {processor.py:183} INFO - Processing /home/airflow/.local/lib/python3.12/site-packages/airflow/example_dags/example_sla_dag.py took 0.149 seconds
[2025-04-10T13:39:51.727+0000] {processor.py:161} INFO - Started process (PID=574) to work on /home/airflow/.local/lib/python3.12/site-packages/airflow/example_dags/example_sla_dag.py
[2025-04-10T13:39:51.728+0000] {processor.py:830} INFO - Processing file /home/airflow/.local/lib/python3.12/site-packages/airflow/example_dags/example_sla_dag.py for tasks to queue
[2025-04-10T13:39:51.731+0000] {logging_mixin.py:188} INFO - [2025-04-10T13:39:51.731+0000] {dagbag.py:540} INFO - Filling up the DagBag from /home/airflow/.local/lib/python3.12/site-packages/airflow/example_dags/example_sla_dag.py
[2025-04-10T13:39:51.744+0000] {processor.py:840} INFO - DAG(s) 'example_sla_dag' retrieved from /home/airflow/.local/lib/python3.12/site-packages/airflow/example_dags/example_sla_dag.py
[2025-04-10T13:39:51.778+0000] {logging_mixin.py:188} INFO - [2025-04-10T13:39:51.777+0000] {dag.py:3096} INFO - Sync 1 DAGs
[2025-04-10T13:39:51.822+0000] {logging_mixin.py:188} INFO - [2025-04-10T13:39:51.822+0000] {dag.py:3954} INFO - Setting next_dagrun for example_sla_dag to 2025-04-10 13:36:00+00:00, run_after=2025-04-10 13:38:00+00:00
[2025-04-10T13:39:51.859+0000] {processor.py:183} INFO - Processing /home/airflow/.local/lib/python3.12/site-packages/airflow/example_dags/example_sla_dag.py took 0.141 seconds
[2025-04-10T13:40:22.318+0000] {processor.py:161} INFO - Started process (PID=632) to work on /home/airflow/.local/lib/python3.12/site-packages/airflow/example_dags/example_sla_dag.py
[2025-04-10T13:40:22.320+0000] {processor.py:830} INFO - Processing file /home/airflow/.local/lib/python3.12/site-packages/airflow/example_dags/example_sla_dag.py for tasks to queue
[2025-04-10T13:40:22.323+0000] {logging_mixin.py:188} INFO - [2025-04-10T13:40:22.323+0000] {dagbag.py:540} INFO - Filling up the DagBag from /home/airflow/.local/lib/python3.12/site-packages/airflow/example_dags/example_sla_dag.py
[2025-04-10T13:40:22.339+0000] {processor.py:840} INFO - DAG(s) 'example_sla_dag' retrieved from /home/airflow/.local/lib/python3.12/site-packages/airflow/example_dags/example_sla_dag.py
[2025-04-10T13:40:22.375+0000] {logging_mixin.py:188} INFO - [2025-04-10T13:40:22.374+0000] {dag.py:3096} INFO - Sync 1 DAGs
[2025-04-10T13:40:22.418+0000] {logging_mixin.py:188} INFO - [2025-04-10T13:40:22.417+0000] {dag.py:3954} INFO - Setting next_dagrun for example_sla_dag to 2025-04-10 13:38:00+00:00, run_after=2025-04-10 13:40:00+00:00
[2025-04-10T13:40:22.452+0000] {processor.py:183} INFO - Processing /home/airflow/.local/lib/python3.12/site-packages/airflow/example_dags/example_sla_dag.py took 0.145 seconds
[2025-04-10T13:40:53.421+0000] {processor.py:161} INFO - Started process (PID=690) to work on /home/airflow/.local/lib/python3.12/site-packages/airflow/example_dags/example_sla_dag.py
[2025-04-10T13:40:53.422+0000] {processor.py:830} INFO - Processing file /home/airflow/.local/lib/python3.12/site-packages/airflow/example_dags/example_sla_dag.py for tasks to queue
[2025-04-10T13:40:53.425+0000] {logging_mixin.py:188} INFO - [2025-04-10T13:40:53.424+0000] {dagbag.py:540} INFO - Filling up the DagBag from /home/airflow/.local/lib/python3.12/site-packages/airflow/example_dags/example_sla_dag.py
[2025-04-10T13:40:53.437+0000] {processor.py:840} INFO - DAG(s) 'example_sla_dag' retrieved from /home/airflow/.local/lib/python3.12/site-packages/airflow/example_dags/example_sla_dag.py
[2025-04-10T13:40:53.469+0000] {logging_mixin.py:188} INFO - [2025-04-10T13:40:53.469+0000] {dag.py:3096} INFO - Sync 1 DAGs
[2025-04-10T13:40:53.511+0000] {logging_mixin.py:188} INFO - [2025-04-10T13:40:53.511+0000] {dag.py:3954} INFO - Setting next_dagrun for example_sla_dag to 2025-04-10 13:38:00+00:00, run_after=2025-04-10 13:40:00+00:00
[2025-04-10T13:40:53.545+0000] {processor.py:183} INFO - Processing /home/airflow/.local/lib/python3.12/site-packages/airflow/example_dags/example_sla_dag.py took 0.133 seconds
[2025-04-10T13:41:24.237+0000] {processor.py:161} INFO - Started process (PID=748) to work on /home/airflow/.local/lib/python3.12/site-packages/airflow/example_dags/example_sla_dag.py
[2025-04-10T13:41:24.238+0000] {processor.py:830} INFO - Processing file /home/airflow/.local/lib/python3.12/site-packages/airflow/example_dags/example_sla_dag.py for tasks to queue
[2025-04-10T13:41:24.241+0000] {logging_mixin.py:188} INFO - [2025-04-10T13:41:24.241+0000] {dagbag.py:540} INFO - Filling up the DagBag from /home/airflow/.local/lib/python3.12/site-packages/airflow/example_dags/example_sla_dag.py
[2025-04-10T13:41:24.254+0000] {processor.py:840} INFO - DAG(s) 'example_sla_dag' retrieved from /home/airflow/.local/lib/python3.12/site-packages/airflow/example_dags/example_sla_dag.py
[2025-04-10T13:41:24.287+0000] {logging_mixin.py:188} INFO - [2025-04-10T13:41:24.287+0000] {dag.py:3096} INFO - Sync 1 DAGs
[2025-04-10T13:41:24.328+0000] {logging_mixin.py:188} INFO - [2025-04-10T13:41:24.328+0000] {dag.py:3954} INFO - Setting next_dagrun for example_sla_dag to 2025-04-10 13:38:00+00:00, run_after=2025-04-10 13:40:00+00:00
[2025-04-10T13:41:24.363+0000] {processor.py:183} INFO - Processing /home/airflow/.local/lib/python3.12/site-packages/airflow/example_dags/example_sla_dag.py took 0.135 seconds
[2025-04-10T13:50:09.319+0000] {processor.py:161} INFO - Started process (PID=111) to work on /home/airflow/.local/lib/python3.12/site-packages/airflow/example_dags/example_sla_dag.py
[2025-04-10T13:50:09.321+0000] {processor.py:830} INFO - Processing file /home/airflow/.local/lib/python3.12/site-packages/airflow/example_dags/example_sla_dag.py for tasks to queue
[2025-04-10T13:50:09.324+0000] {logging_mixin.py:188} INFO - [2025-04-10T13:50:09.324+0000] {dagbag.py:540} INFO - Filling up the DagBag from /home/airflow/.local/lib/python3.12/site-packages/airflow/example_dags/example_sla_dag.py
[2025-04-10T13:50:09.339+0000] {processor.py:840} INFO - DAG(s) 'example_sla_dag' retrieved from /home/airflow/.local/lib/python3.12/site-packages/airflow/example_dags/example_sla_dag.py
[2025-04-10T13:50:09.539+0000] {logging_mixin.py:188} INFO - [2025-04-10T13:50:09.538+0000] {dag.py:3096} INFO - Sync 1 DAGs
[2025-04-10T13:50:09.578+0000] {logging_mixin.py:188} INFO - [2025-04-10T13:50:09.578+0000] {dag.py:3954} INFO - Setting next_dagrun for example_sla_dag to 2025-04-10 13:48:00+00:00, run_after=2025-04-10 13:50:00+00:00
[2025-04-10T13:50:09.613+0000] {processor.py:183} INFO - Processing /home/airflow/.local/lib/python3.12/site-packages/airflow/example_dags/example_sla_dag.py took 0.303 seconds
[2025-04-10T13:50:40.094+0000] {processor.py:161} INFO - Started process (PID=169) to work on /home/airflow/.local/lib/python3.12/site-packages/airflow/example_dags/example_sla_dag.py
[2025-04-10T13:50:40.096+0000] {processor.py:830} INFO - Processing file /home/airflow/.local/lib/python3.12/site-packages/airflow/example_dags/example_sla_dag.py for tasks to queue
[2025-04-10T13:50:40.099+0000] {logging_mixin.py:188} INFO - [2025-04-10T13:50:40.098+0000] {dagbag.py:540} INFO - Filling up the DagBag from /home/airflow/.local/lib/python3.12/site-packages/airflow/example_dags/example_sla_dag.py
[2025-04-10T13:50:40.112+0000] {processor.py:840} INFO - DAG(s) 'example_sla_dag' retrieved from /home/airflow/.local/lib/python3.12/site-packages/airflow/example_dags/example_sla_dag.py
[2025-04-10T13:50:40.147+0000] {logging_mixin.py:188} INFO - [2025-04-10T13:50:40.147+0000] {dag.py:3096} INFO - Sync 1 DAGs
[2025-04-10T13:50:40.194+0000] {logging_mixin.py:188} INFO - [2025-04-10T13:50:40.193+0000] {dag.py:3954} INFO - Setting next_dagrun for example_sla_dag to 2025-04-10 13:48:00+00:00, run_after=2025-04-10 13:50:00+00:00
[2025-04-10T13:50:40.227+0000] {processor.py:183} INFO - Processing /home/airflow/.local/lib/python3.12/site-packages/airflow/example_dags/example_sla_dag.py took 0.142 seconds
[2025-04-10T13:51:11.174+0000] {processor.py:161} INFO - Started process (PID=227) to work on /home/airflow/.local/lib/python3.12/site-packages/airflow/example_dags/example_sla_dag.py
[2025-04-10T13:51:11.176+0000] {processor.py:830} INFO - Processing file /home/airflow/.local/lib/python3.12/site-packages/airflow/example_dags/example_sla_dag.py for tasks to queue
[2025-04-10T13:51:11.179+0000] {logging_mixin.py:188} INFO - [2025-04-10T13:51:11.179+0000] {dagbag.py:540} INFO - Filling up the DagBag from /home/airflow/.local/lib/python3.12/site-packages/airflow/example_dags/example_sla_dag.py
[2025-04-10T13:51:11.195+0000] {processor.py:840} INFO - DAG(s) 'example_sla_dag' retrieved from /home/airflow/.local/lib/python3.12/site-packages/airflow/example_dags/example_sla_dag.py
[2025-04-10T13:51:11.235+0000] {logging_mixin.py:188} INFO - [2025-04-10T13:51:11.235+0000] {dag.py:3096} INFO - Sync 1 DAGs
[2025-04-10T13:51:11.283+0000] {logging_mixin.py:188} INFO - [2025-04-10T13:51:11.282+0000] {dag.py:3954} INFO - Setting next_dagrun for example_sla_dag to 2025-04-10 13:48:00+00:00, run_after=2025-04-10 13:50:00+00:00
[2025-04-10T13:51:11.316+0000] {processor.py:183} INFO - Processing /home/airflow/.local/lib/python3.12/site-packages/airflow/example_dags/example_sla_dag.py took 0.152 seconds
[2025-04-10T13:51:41.644+0000] {processor.py:161} INFO - Started process (PID=285) to work on /home/airflow/.local/lib/python3.12/site-packages/airflow/example_dags/example_sla_dag.py
[2025-04-10T13:51:41.646+0000] {processor.py:830} INFO - Processing file /home/airflow/.local/lib/python3.12/site-packages/airflow/example_dags/example_sla_dag.py for tasks to queue
[2025-04-10T13:51:41.649+0000] {logging_mixin.py:188} INFO - [2025-04-10T13:51:41.648+0000] {dagbag.py:540} INFO - Filling up the DagBag from /home/airflow/.local/lib/python3.12/site-packages/airflow/example_dags/example_sla_dag.py
[2025-04-10T13:51:41.662+0000] {processor.py:840} INFO - DAG(s) 'example_sla_dag' retrieved from /home/airflow/.local/lib/python3.12/site-packages/airflow/example_dags/example_sla_dag.py
[2025-04-10T13:51:41.695+0000] {logging_mixin.py:188} INFO - [2025-04-10T13:51:41.694+0000] {dag.py:3096} INFO - Sync 1 DAGs
[2025-04-10T13:51:41.740+0000] {logging_mixin.py:188} INFO - [2025-04-10T13:51:41.739+0000] {dag.py:3954} INFO - Setting next_dagrun for example_sla_dag to 2025-04-10 13:48:00+00:00, run_after=2025-04-10 13:50:00+00:00
[2025-04-10T13:51:41.774+0000] {processor.py:183} INFO - Processing /home/airflow/.local/lib/python3.12/site-packages/airflow/example_dags/example_sla_dag.py took 0.139 seconds
[2025-04-10T13:52:12.114+0000] {processor.py:161} INFO - Started process (PID=343) to work on /home/airflow/.local/lib/python3.12/site-packages/airflow/example_dags/example_sla_dag.py
[2025-04-10T13:52:12.116+0000] {processor.py:830} INFO - Processing file /home/airflow/.local/lib/python3.12/site-packages/airflow/example_dags/example_sla_dag.py for tasks to queue
[2025-04-10T13:52:12.119+0000] {logging_mixin.py:188} INFO - [2025-04-10T13:52:12.118+0000] {dagbag.py:540} INFO - Filling up the DagBag from /home/airflow/.local/lib/python3.12/site-packages/airflow/example_dags/example_sla_dag.py
[2025-04-10T13:52:12.132+0000] {processor.py:840} INFO - DAG(s) 'example_sla_dag' retrieved from /home/airflow/.local/lib/python3.12/site-packages/airflow/example_dags/example_sla_dag.py
[2025-04-10T13:52:12.164+0000] {logging_mixin.py:188} INFO - [2025-04-10T13:52:12.164+0000] {dag.py:3096} INFO - Sync 1 DAGs
[2025-04-10T13:52:12.212+0000] {logging_mixin.py:188} INFO - [2025-04-10T13:52:12.211+0000] {dag.py:3954} INFO - Setting next_dagrun for example_sla_dag to 2025-04-10 13:50:00+00:00, run_after=2025-04-10 13:52:00+00:00
[2025-04-10T13:52:12.248+0000] {processor.py:183} INFO - Processing /home/airflow/.local/lib/python3.12/site-packages/airflow/example_dags/example_sla_dag.py took 0.144 seconds
[2025-04-10T13:52:42.353+0000] {processor.py:161} INFO - Started process (PID=401) to work on /home/airflow/.local/lib/python3.12/site-packages/airflow/example_dags/example_sla_dag.py
[2025-04-10T13:52:42.354+0000] {processor.py:830} INFO - Processing file /home/airflow/.local/lib/python3.12/site-packages/airflow/example_dags/example_sla_dag.py for tasks to queue
[2025-04-10T13:52:42.357+0000] {logging_mixin.py:188} INFO - [2025-04-10T13:52:42.356+0000] {dagbag.py:540} INFO - Filling up the DagBag from /home/airflow/.local/lib/python3.12/site-packages/airflow/example_dags/example_sla_dag.py
[2025-04-10T13:52:42.370+0000] {processor.py:840} INFO - DAG(s) 'example_sla_dag' retrieved from /home/airflow/.local/lib/python3.12/site-packages/airflow/example_dags/example_sla_dag.py
[2025-04-10T13:52:42.404+0000] {logging_mixin.py:188} INFO - [2025-04-10T13:52:42.403+0000] {dag.py:3096} INFO - Sync 1 DAGs
[2025-04-10T13:52:42.447+0000] {logging_mixin.py:188} INFO - [2025-04-10T13:52:42.447+0000] {dag.py:3954} INFO - Setting next_dagrun for example_sla_dag to 2025-04-10 13:50:00+00:00, run_after=2025-04-10 13:52:00+00:00
[2025-04-10T13:52:42.483+0000] {processor.py:183} INFO - Processing /home/airflow/.local/lib/python3.12/site-packages/airflow/example_dags/example_sla_dag.py took 0.141 seconds
[2025-04-10T13:53:12.773+0000] {processor.py:161} INFO - Started process (PID=459) to work on /home/airflow/.local/lib/python3.12/site-packages/airflow/example_dags/example_sla_dag.py
[2025-04-10T13:53:12.775+0000] {processor.py:830} INFO - Processing file /home/airflow/.local/lib/python3.12/site-packages/airflow/example_dags/example_sla_dag.py for tasks to queue
[2025-04-10T13:53:12.779+0000] {logging_mixin.py:188} INFO - [2025-04-10T13:53:12.778+0000] {dagbag.py:540} INFO - Filling up the DagBag from /home/airflow/.local/lib/python3.12/site-packages/airflow/example_dags/example_sla_dag.py
[2025-04-10T13:53:12.792+0000] {processor.py:840} INFO - DAG(s) 'example_sla_dag' retrieved from /home/airflow/.local/lib/python3.12/site-packages/airflow/example_dags/example_sla_dag.py
[2025-04-10T13:53:12.828+0000] {logging_mixin.py:188} INFO - [2025-04-10T13:53:12.828+0000] {dag.py:3096} INFO - Sync 1 DAGs
[2025-04-10T13:53:12.878+0000] {logging_mixin.py:188} INFO - [2025-04-10T13:53:12.877+0000] {dag.py:3954} INFO - Setting next_dagrun for example_sla_dag to 2025-04-10 13:50:00+00:00, run_after=2025-04-10 13:52:00+00:00
[2025-04-10T13:53:12.914+0000] {processor.py:183} INFO - Processing /home/airflow/.local/lib/python3.12/site-packages/airflow/example_dags/example_sla_dag.py took 0.151 seconds
[2025-04-10T13:53:43.337+0000] {processor.py:161} INFO - Started process (PID=517) to work on /home/airflow/.local/lib/python3.12/site-packages/airflow/example_dags/example_sla_dag.py
[2025-04-10T13:53:43.339+0000] {processor.py:830} INFO - Processing file /home/airflow/.local/lib/python3.12/site-packages/airflow/example_dags/example_sla_dag.py for tasks to queue
[2025-04-10T13:53:43.342+0000] {logging_mixin.py:188} INFO - [2025-04-10T13:53:43.341+0000] {dagbag.py:540} INFO - Filling up the DagBag from /home/airflow/.local/lib/python3.12/site-packages/airflow/example_dags/example_sla_dag.py
[2025-04-10T13:53:43.355+0000] {processor.py:840} INFO - DAG(s) 'example_sla_dag' retrieved from /home/airflow/.local/lib/python3.12/site-packages/airflow/example_dags/example_sla_dag.py
[2025-04-10T13:53:43.389+0000] {logging_mixin.py:188} INFO - [2025-04-10T13:53:43.388+0000] {dag.py:3096} INFO - Sync 1 DAGs
[2025-04-10T13:53:43.438+0000] {logging_mixin.py:188} INFO - [2025-04-10T13:53:43.438+0000] {dag.py:3954} INFO - Setting next_dagrun for example_sla_dag to 2025-04-10 13:50:00+00:00, run_after=2025-04-10 13:52:00+00:00
[2025-04-10T13:53:43.473+0000] {processor.py:183} INFO - Processing /home/airflow/.local/lib/python3.12/site-packages/airflow/example_dags/example_sla_dag.py took 0.145 seconds
[2025-04-10T13:54:13.596+0000] {processor.py:161} INFO - Started process (PID=575) to work on /home/airflow/.local/lib/python3.12/site-packages/airflow/example_dags/example_sla_dag.py
[2025-04-10T13:54:13.598+0000] {processor.py:830} INFO - Processing file /home/airflow/.local/lib/python3.12/site-packages/airflow/example_dags/example_sla_dag.py for tasks to queue
[2025-04-10T13:54:13.602+0000] {logging_mixin.py:188} INFO - [2025-04-10T13:54:13.601+0000] {dagbag.py:540} INFO - Filling up the DagBag from /home/airflow/.local/lib/python3.12/site-packages/airflow/example_dags/example_sla_dag.py
[2025-04-10T13:54:13.619+0000] {processor.py:840} INFO - DAG(s) 'example_sla_dag' retrieved from /home/airflow/.local/lib/python3.12/site-packages/airflow/example_dags/example_sla_dag.py
[2025-04-10T13:54:13.657+0000] {logging_mixin.py:188} INFO - [2025-04-10T13:54:13.657+0000] {dag.py:3096} INFO - Sync 1 DAGs
[2025-04-10T13:54:13.705+0000] {logging_mixin.py:188} INFO - [2025-04-10T13:54:13.705+0000] {dag.py:3954} INFO - Setting next_dagrun for example_sla_dag to 2025-04-10 13:52:00+00:00, run_after=2025-04-10 13:54:00+00:00
[2025-04-10T13:54:13.743+0000] {processor.py:183} INFO - Processing /home/airflow/.local/lib/python3.12/site-packages/airflow/example_dags/example_sla_dag.py took 0.160 seconds
[2025-04-10T13:54:43.906+0000] {processor.py:161} INFO - Started process (PID=632) to work on /home/airflow/.local/lib/python3.12/site-packages/airflow/example_dags/example_sla_dag.py
[2025-04-10T13:54:43.908+0000] {processor.py:830} INFO - Processing file /home/airflow/.local/lib/python3.12/site-packages/airflow/example_dags/example_sla_dag.py for tasks to queue
[2025-04-10T13:54:43.912+0000] {logging_mixin.py:188} INFO - [2025-04-10T13:54:43.910+0000] {dagbag.py:540} INFO - Filling up the DagBag from /home/airflow/.local/lib/python3.12/site-packages/airflow/example_dags/example_sla_dag.py
[2025-04-10T13:54:43.926+0000] {processor.py:840} INFO - DAG(s) 'example_sla_dag' retrieved from /home/airflow/.local/lib/python3.12/site-packages/airflow/example_dags/example_sla_dag.py
[2025-04-10T13:54:43.962+0000] {logging_mixin.py:188} INFO - [2025-04-10T13:54:43.961+0000] {dag.py:3096} INFO - Sync 1 DAGs
[2025-04-10T13:54:44.009+0000] {logging_mixin.py:188} INFO - [2025-04-10T13:54:44.009+0000] {dag.py:3954} INFO - Setting next_dagrun for example_sla_dag to 2025-04-10 13:52:00+00:00, run_after=2025-04-10 13:54:00+00:00
[2025-04-10T13:54:44.045+0000] {processor.py:183} INFO - Processing /home/airflow/.local/lib/python3.12/site-packages/airflow/example_dags/example_sla_dag.py took 0.149 seconds
[2025-04-10T13:55:14.200+0000] {processor.py:161} INFO - Started process (PID=692) to work on /home/airflow/.local/lib/python3.12/site-packages/airflow/example_dags/example_sla_dag.py
[2025-04-10T13:55:14.202+0000] {processor.py:830} INFO - Processing file /home/airflow/.local/lib/python3.12/site-packages/airflow/example_dags/example_sla_dag.py for tasks to queue
[2025-04-10T13:55:14.205+0000] {logging_mixin.py:188} INFO - [2025-04-10T13:55:14.205+0000] {dagbag.py:540} INFO - Filling up the DagBag from /home/airflow/.local/lib/python3.12/site-packages/airflow/example_dags/example_sla_dag.py
[2025-04-10T13:55:14.220+0000] {processor.py:840} INFO - DAG(s) 'example_sla_dag' retrieved from /home/airflow/.local/lib/python3.12/site-packages/airflow/example_dags/example_sla_dag.py
[2025-04-10T13:55:14.257+0000] {logging_mixin.py:188} INFO - [2025-04-10T13:55:14.256+0000] {dag.py:3096} INFO - Sync 1 DAGs
[2025-04-10T13:55:14.305+0000] {logging_mixin.py:188} INFO - [2025-04-10T13:55:14.305+0000] {dag.py:3954} INFO - Setting next_dagrun for example_sla_dag to 2025-04-10 13:52:00+00:00, run_after=2025-04-10 13:54:00+00:00
[2025-04-10T13:55:14.344+0000] {processor.py:183} INFO - Processing /home/airflow/.local/lib/python3.12/site-packages/airflow/example_dags/example_sla_dag.py took 0.153 seconds
[2025-04-10T13:55:45.108+0000] {processor.py:161} INFO - Started process (PID=752) to work on /home/airflow/.local/lib/python3.12/site-packages/airflow/example_dags/example_sla_dag.py
[2025-04-10T13:55:45.111+0000] {processor.py:830} INFO - Processing file /home/airflow/.local/lib/python3.12/site-packages/airflow/example_dags/example_sla_dag.py for tasks to queue
[2025-04-10T13:55:45.117+0000] {logging_mixin.py:188} INFO - [2025-04-10T13:55:45.116+0000] {dagbag.py:540} INFO - Filling up the DagBag from /home/airflow/.local/lib/python3.12/site-packages/airflow/example_dags/example_sla_dag.py
[2025-04-10T13:55:45.137+0000] {processor.py:840} INFO - DAG(s) 'example_sla_dag' retrieved from /home/airflow/.local/lib/python3.12/site-packages/airflow/example_dags/example_sla_dag.py
[2025-04-10T13:55:45.177+0000] {logging_mixin.py:188} INFO - [2025-04-10T13:55:45.176+0000] {dag.py:3096} INFO - Sync 1 DAGs
[2025-04-10T13:55:45.227+0000] {logging_mixin.py:188} INFO - [2025-04-10T13:55:45.227+0000] {dag.py:3954} INFO - Setting next_dagrun for example_sla_dag to 2025-04-10 13:52:00+00:00, run_after=2025-04-10 13:54:00+00:00
[2025-04-10T13:55:45.263+0000] {processor.py:183} INFO - Processing /home/airflow/.local/lib/python3.12/site-packages/airflow/example_dags/example_sla_dag.py took 0.171 seconds
[2025-04-10T13:56:16.087+0000] {processor.py:161} INFO - Started process (PID=812) to work on /home/airflow/.local/lib/python3.12/site-packages/airflow/example_dags/example_sla_dag.py
[2025-04-10T13:56:16.089+0000] {processor.py:830} INFO - Processing file /home/airflow/.local/lib/python3.12/site-packages/airflow/example_dags/example_sla_dag.py for tasks to queue
[2025-04-10T13:56:16.092+0000] {logging_mixin.py:188} INFO - [2025-04-10T13:56:16.091+0000] {dagbag.py:540} INFO - Filling up the DagBag from /home/airflow/.local/lib/python3.12/site-packages/airflow/example_dags/example_sla_dag.py
[2025-04-10T13:56:16.106+0000] {processor.py:840} INFO - DAG(s) 'example_sla_dag' retrieved from /home/airflow/.local/lib/python3.12/site-packages/airflow/example_dags/example_sla_dag.py
[2025-04-10T13:56:16.142+0000] {logging_mixin.py:188} INFO - [2025-04-10T13:56:16.142+0000] {dag.py:3096} INFO - Sync 1 DAGs
[2025-04-10T13:56:16.195+0000] {logging_mixin.py:188} INFO - [2025-04-10T13:56:16.195+0000] {dag.py:3954} INFO - Setting next_dagrun for example_sla_dag to 2025-04-10 13:54:00+00:00, run_after=2025-04-10 13:56:00+00:00
[2025-04-10T13:56:16.233+0000] {processor.py:183} INFO - Processing /home/airflow/.local/lib/python3.12/site-packages/airflow/example_dags/example_sla_dag.py took 0.156 seconds
[2025-04-10T13:56:46.358+0000] {processor.py:161} INFO - Started process (PID=872) to work on /home/airflow/.local/lib/python3.12/site-packages/airflow/example_dags/example_sla_dag.py
[2025-04-10T13:56:46.359+0000] {processor.py:830} INFO - Processing file /home/airflow/.local/lib/python3.12/site-packages/airflow/example_dags/example_sla_dag.py for tasks to queue
[2025-04-10T13:56:46.363+0000] {logging_mixin.py:188} INFO - [2025-04-10T13:56:46.362+0000] {dagbag.py:540} INFO - Filling up the DagBag from /home/airflow/.local/lib/python3.12/site-packages/airflow/example_dags/example_sla_dag.py
[2025-04-10T13:56:46.376+0000] {processor.py:840} INFO - DAG(s) 'example_sla_dag' retrieved from /home/airflow/.local/lib/python3.12/site-packages/airflow/example_dags/example_sla_dag.py
[2025-04-10T13:56:46.411+0000] {logging_mixin.py:188} INFO - [2025-04-10T13:56:46.410+0000] {dag.py:3096} INFO - Sync 1 DAGs
[2025-04-10T13:56:46.454+0000] {logging_mixin.py:188} INFO - [2025-04-10T13:56:46.453+0000] {dag.py:3954} INFO - Setting next_dagrun for example_sla_dag to 2025-04-10 13:54:00+00:00, run_after=2025-04-10 13:56:00+00:00
[2025-04-10T13:56:46.486+0000] {processor.py:183} INFO - Processing /home/airflow/.local/lib/python3.12/site-packages/airflow/example_dags/example_sla_dag.py took 0.138 seconds
[2025-04-10T13:57:16.627+0000] {processor.py:161} INFO - Started process (PID=932) to work on /home/airflow/.local/lib/python3.12/site-packages/airflow/example_dags/example_sla_dag.py
[2025-04-10T13:57:16.629+0000] {processor.py:830} INFO - Processing file /home/airflow/.local/lib/python3.12/site-packages/airflow/example_dags/example_sla_dag.py for tasks to queue
[2025-04-10T13:57:16.632+0000] {logging_mixin.py:188} INFO - [2025-04-10T13:57:16.632+0000] {dagbag.py:540} INFO - Filling up the DagBag from /home/airflow/.local/lib/python3.12/site-packages/airflow/example_dags/example_sla_dag.py
[2025-04-10T13:57:16.645+0000] {processor.py:840} INFO - DAG(s) 'example_sla_dag' retrieved from /home/airflow/.local/lib/python3.12/site-packages/airflow/example_dags/example_sla_dag.py
[2025-04-10T13:57:16.679+0000] {logging_mixin.py:188} INFO - [2025-04-10T13:57:16.679+0000] {dag.py:3096} INFO - Sync 1 DAGs
[2025-04-10T13:57:16.724+0000] {logging_mixin.py:188} INFO - [2025-04-10T13:57:16.723+0000] {dag.py:3954} INFO - Setting next_dagrun for example_sla_dag to 2025-04-10 13:54:00+00:00, run_after=2025-04-10 13:56:00+00:00
[2025-04-10T13:57:16.761+0000] {processor.py:183} INFO - Processing /home/airflow/.local/lib/python3.12/site-packages/airflow/example_dags/example_sla_dag.py took 0.143 seconds
[2025-04-10T13:57:47.065+0000] {processor.py:161} INFO - Started process (PID=992) to work on /home/airflow/.local/lib/python3.12/site-packages/airflow/example_dags/example_sla_dag.py
[2025-04-10T13:57:47.067+0000] {processor.py:830} INFO - Processing file /home/airflow/.local/lib/python3.12/site-packages/airflow/example_dags/example_sla_dag.py for tasks to queue
[2025-04-10T13:57:47.071+0000] {logging_mixin.py:188} INFO - [2025-04-10T13:57:47.070+0000] {dagbag.py:540} INFO - Filling up the DagBag from /home/airflow/.local/lib/python3.12/site-packages/airflow/example_dags/example_sla_dag.py
[2025-04-10T13:57:47.086+0000] {processor.py:840} INFO - DAG(s) 'example_sla_dag' retrieved from /home/airflow/.local/lib/python3.12/site-packages/airflow/example_dags/example_sla_dag.py
[2025-04-10T13:57:47.121+0000] {logging_mixin.py:188} INFO - [2025-04-10T13:57:47.120+0000] {dag.py:3096} INFO - Sync 1 DAGs
[2025-04-10T13:57:47.163+0000] {logging_mixin.py:188} INFO - [2025-04-10T13:57:47.163+0000] {dag.py:3954} INFO - Setting next_dagrun for example_sla_dag to 2025-04-10 13:54:00+00:00, run_after=2025-04-10 13:56:00+00:00
[2025-04-10T13:57:47.199+0000] {processor.py:183} INFO - Processing /home/airflow/.local/lib/python3.12/site-packages/airflow/example_dags/example_sla_dag.py took 0.145 seconds
[2025-04-10T13:58:18.030+0000] {processor.py:161} INFO - Started process (PID=1052) to work on /home/airflow/.local/lib/python3.12/site-packages/airflow/example_dags/example_sla_dag.py
[2025-04-10T13:58:18.031+0000] {processor.py:830} INFO - Processing file /home/airflow/.local/lib/python3.12/site-packages/airflow/example_dags/example_sla_dag.py for tasks to queue
[2025-04-10T13:58:18.034+0000] {logging_mixin.py:188} INFO - [2025-04-10T13:58:18.034+0000] {dagbag.py:540} INFO - Filling up the DagBag from /home/airflow/.local/lib/python3.12/site-packages/airflow/example_dags/example_sla_dag.py
[2025-04-10T13:58:18.048+0000] {processor.py:840} INFO - DAG(s) 'example_sla_dag' retrieved from /home/airflow/.local/lib/python3.12/site-packages/airflow/example_dags/example_sla_dag.py
[2025-04-10T13:58:18.082+0000] {logging_mixin.py:188} INFO - [2025-04-10T13:58:18.081+0000] {dag.py:3096} INFO - Sync 1 DAGs
[2025-04-10T13:58:18.125+0000] {logging_mixin.py:188} INFO - [2025-04-10T13:58:18.124+0000] {dag.py:3954} INFO - Setting next_dagrun for example_sla_dag to 2025-04-10 13:56:00+00:00, run_after=2025-04-10 13:58:00+00:00
[2025-04-10T13:58:18.161+0000] {processor.py:183} INFO - Processing /home/airflow/.local/lib/python3.12/site-packages/airflow/example_dags/example_sla_dag.py took 0.142 seconds
[2025-04-10T13:58:48.393+0000] {processor.py:161} INFO - Started process (PID=1112) to work on /home/airflow/.local/lib/python3.12/site-packages/airflow/example_dags/example_sla_dag.py
[2025-04-10T13:58:48.395+0000] {processor.py:830} INFO - Processing file /home/airflow/.local/lib/python3.12/site-packages/airflow/example_dags/example_sla_dag.py for tasks to queue
[2025-04-10T13:58:48.398+0000] {logging_mixin.py:188} INFO - [2025-04-10T13:58:48.397+0000] {dagbag.py:540} INFO - Filling up the DagBag from /home/airflow/.local/lib/python3.12/site-packages/airflow/example_dags/example_sla_dag.py
[2025-04-10T13:58:48.411+0000] {processor.py:840} INFO - DAG(s) 'example_sla_dag' retrieved from /home/airflow/.local/lib/python3.12/site-packages/airflow/example_dags/example_sla_dag.py
[2025-04-10T13:58:48.445+0000] {logging_mixin.py:188} INFO - [2025-04-10T13:58:48.444+0000] {dag.py:3096} INFO - Sync 1 DAGs
[2025-04-10T13:58:48.488+0000] {logging_mixin.py:188} INFO - [2025-04-10T13:58:48.487+0000] {dag.py:3954} INFO - Setting next_dagrun for example_sla_dag to 2025-04-10 13:56:00+00:00, run_after=2025-04-10 13:58:00+00:00
[2025-04-10T13:58:48.524+0000] {processor.py:183} INFO - Processing /home/airflow/.local/lib/python3.12/site-packages/airflow/example_dags/example_sla_dag.py took 0.140 seconds
[2025-04-10T13:59:19.107+0000] {processor.py:161} INFO - Started process (PID=1173) to work on /home/airflow/.local/lib/python3.12/site-packages/airflow/example_dags/example_sla_dag.py
[2025-04-10T13:59:19.109+0000] {processor.py:830} INFO - Processing file /home/airflow/.local/lib/python3.12/site-packages/airflow/example_dags/example_sla_dag.py for tasks to queue
[2025-04-10T13:59:19.114+0000] {logging_mixin.py:188} INFO - [2025-04-10T13:59:19.113+0000] {dagbag.py:540} INFO - Filling up the DagBag from /home/airflow/.local/lib/python3.12/site-packages/airflow/example_dags/example_sla_dag.py
[2025-04-10T13:59:19.157+0000] {processor.py:840} INFO - DAG(s) 'example_sla_dag' retrieved from /home/airflow/.local/lib/python3.12/site-packages/airflow/example_dags/example_sla_dag.py
[2025-04-10T13:59:19.258+0000] {logging_mixin.py:188} INFO - [2025-04-10T13:59:19.258+0000] {dag.py:3096} INFO - Sync 1 DAGs
[2025-04-10T13:59:19.380+0000] {logging_mixin.py:188} INFO - [2025-04-10T13:59:19.379+0000] {dag.py:3954} INFO - Setting next_dagrun for example_sla_dag to 2025-04-10 13:56:00+00:00, run_after=2025-04-10 13:58:00+00:00
[2025-04-10T13:59:19.454+0000] {processor.py:183} INFO - Processing /home/airflow/.local/lib/python3.12/site-packages/airflow/example_dags/example_sla_dag.py took 0.366 seconds
[2025-04-10T13:59:50.898+0000] {processor.py:161} INFO - Started process (PID=1233) to work on /home/airflow/.local/lib/python3.12/site-packages/airflow/example_dags/example_sla_dag.py
[2025-04-10T13:59:50.900+0000] {processor.py:830} INFO - Processing file /home/airflow/.local/lib/python3.12/site-packages/airflow/example_dags/example_sla_dag.py for tasks to queue
[2025-04-10T13:59:50.903+0000] {logging_mixin.py:188} INFO - [2025-04-10T13:59:50.903+0000] {dagbag.py:540} INFO - Filling up the DagBag from /home/airflow/.local/lib/python3.12/site-packages/airflow/example_dags/example_sla_dag.py
[2025-04-10T13:59:50.918+0000] {processor.py:840} INFO - DAG(s) 'example_sla_dag' retrieved from /home/airflow/.local/lib/python3.12/site-packages/airflow/example_dags/example_sla_dag.py
[2025-04-10T13:59:50.955+0000] {logging_mixin.py:188} INFO - [2025-04-10T13:59:50.955+0000] {dag.py:3096} INFO - Sync 1 DAGs
[2025-04-10T13:59:51.240+0000] {logging_mixin.py:188} INFO - [2025-04-10T13:59:51.239+0000] {dag.py:3954} INFO - Setting next_dagrun for example_sla_dag to 2025-04-10 13:56:00+00:00, run_after=2025-04-10 13:58:00+00:00
[2025-04-10T13:59:51.287+0000] {processor.py:183} INFO - Processing /home/airflow/.local/lib/python3.12/site-packages/airflow/example_dags/example_sla_dag.py took 0.398 seconds
[2025-04-10T14:00:21.373+0000] {processor.py:161} INFO - Started process (PID=1292) to work on /home/airflow/.local/lib/python3.12/site-packages/airflow/example_dags/example_sla_dag.py
[2025-04-10T14:00:21.374+0000] {processor.py:830} INFO - Processing file /home/airflow/.local/lib/python3.12/site-packages/airflow/example_dags/example_sla_dag.py for tasks to queue
[2025-04-10T14:00:21.377+0000] {logging_mixin.py:188} INFO - [2025-04-10T14:00:21.377+0000] {dagbag.py:540} INFO - Filling up the DagBag from /home/airflow/.local/lib/python3.12/site-packages/airflow/example_dags/example_sla_dag.py
[2025-04-10T14:00:21.391+0000] {processor.py:840} INFO - DAG(s) 'example_sla_dag' retrieved from /home/airflow/.local/lib/python3.12/site-packages/airflow/example_dags/example_sla_dag.py
[2025-04-10T14:00:21.424+0000] {logging_mixin.py:188} INFO - [2025-04-10T14:00:21.424+0000] {dag.py:3096} INFO - Sync 1 DAGs
[2025-04-10T14:00:21.469+0000] {logging_mixin.py:188} INFO - [2025-04-10T14:00:21.468+0000] {dag.py:3954} INFO - Setting next_dagrun for example_sla_dag to 2025-04-10 13:58:00+00:00, run_after=2025-04-10 14:00:00+00:00
[2025-04-10T14:00:21.694+0000] {processor.py:183} INFO - Processing /home/airflow/.local/lib/python3.12/site-packages/airflow/example_dags/example_sla_dag.py took 0.330 seconds
[2025-04-10T14:00:51.792+0000] {processor.py:161} INFO - Started process (PID=1353) to work on /home/airflow/.local/lib/python3.12/site-packages/airflow/example_dags/example_sla_dag.py
[2025-04-10T14:00:51.793+0000] {processor.py:830} INFO - Processing file /home/airflow/.local/lib/python3.12/site-packages/airflow/example_dags/example_sla_dag.py for tasks to queue
[2025-04-10T14:00:51.796+0000] {logging_mixin.py:188} INFO - [2025-04-10T14:00:51.795+0000] {dagbag.py:540} INFO - Filling up the DagBag from /home/airflow/.local/lib/python3.12/site-packages/airflow/example_dags/example_sla_dag.py
[2025-04-10T14:00:51.811+0000] {processor.py:840} INFO - DAG(s) 'example_sla_dag' retrieved from /home/airflow/.local/lib/python3.12/site-packages/airflow/example_dags/example_sla_dag.py
[2025-04-10T14:00:51.846+0000] {logging_mixin.py:188} INFO - [2025-04-10T14:00:51.845+0000] {dag.py:3096} INFO - Sync 1 DAGs
[2025-04-10T14:00:51.893+0000] {logging_mixin.py:188} INFO - [2025-04-10T14:00:51.893+0000] {dag.py:3954} INFO - Setting next_dagrun for example_sla_dag to 2025-04-10 13:58:00+00:00, run_after=2025-04-10 14:00:00+00:00
[2025-04-10T14:00:51.927+0000] {processor.py:183} INFO - Processing /home/airflow/.local/lib/python3.12/site-packages/airflow/example_dags/example_sla_dag.py took 0.146 seconds
[2025-04-10T14:01:22.741+0000] {processor.py:161} INFO - Started process (PID=1413) to work on /home/airflow/.local/lib/python3.12/site-packages/airflow/example_dags/example_sla_dag.py
[2025-04-10T14:01:22.742+0000] {processor.py:830} INFO - Processing file /home/airflow/.local/lib/python3.12/site-packages/airflow/example_dags/example_sla_dag.py for tasks to queue
[2025-04-10T14:01:22.746+0000] {logging_mixin.py:188} INFO - [2025-04-10T14:01:22.745+0000] {dagbag.py:540} INFO - Filling up the DagBag from /home/airflow/.local/lib/python3.12/site-packages/airflow/example_dags/example_sla_dag.py
[2025-04-10T14:01:22.759+0000] {processor.py:840} INFO - DAG(s) 'example_sla_dag' retrieved from /home/airflow/.local/lib/python3.12/site-packages/airflow/example_dags/example_sla_dag.py
[2025-04-10T14:01:22.791+0000] {logging_mixin.py:188} INFO - [2025-04-10T14:01:22.790+0000] {dag.py:3096} INFO - Sync 1 DAGs
[2025-04-10T14:01:22.838+0000] {logging_mixin.py:188} INFO - [2025-04-10T14:01:22.837+0000] {dag.py:3954} INFO - Setting next_dagrun for example_sla_dag to 2025-04-10 13:58:00+00:00, run_after=2025-04-10 14:00:00+00:00
[2025-04-10T14:01:22.869+0000] {processor.py:183} INFO - Processing /home/airflow/.local/lib/python3.12/site-packages/airflow/example_dags/example_sla_dag.py took 0.138 seconds
[2025-04-10T14:01:53.303+0000] {processor.py:161} INFO - Started process (PID=1474) to work on /home/airflow/.local/lib/python3.12/site-packages/airflow/example_dags/example_sla_dag.py
[2025-04-10T14:01:53.304+0000] {processor.py:830} INFO - Processing file /home/airflow/.local/lib/python3.12/site-packages/airflow/example_dags/example_sla_dag.py for tasks to queue
[2025-04-10T14:01:53.309+0000] {logging_mixin.py:188} INFO - [2025-04-10T14:01:53.308+0000] {dagbag.py:540} INFO - Filling up the DagBag from /home/airflow/.local/lib/python3.12/site-packages/airflow/example_dags/example_sla_dag.py
[2025-04-10T14:01:53.324+0000] {processor.py:840} INFO - DAG(s) 'example_sla_dag' retrieved from /home/airflow/.local/lib/python3.12/site-packages/airflow/example_dags/example_sla_dag.py
[2025-04-10T14:01:53.359+0000] {logging_mixin.py:188} INFO - [2025-04-10T14:01:53.359+0000] {dag.py:3096} INFO - Sync 1 DAGs
[2025-04-10T14:01:53.406+0000] {logging_mixin.py:188} INFO - [2025-04-10T14:01:53.406+0000] {dag.py:3954} INFO - Setting next_dagrun for example_sla_dag to 2025-04-10 13:58:00+00:00, run_after=2025-04-10 14:00:00+00:00
[2025-04-10T14:01:53.442+0000] {processor.py:183} INFO - Processing /home/airflow/.local/lib/python3.12/site-packages/airflow/example_dags/example_sla_dag.py took 0.153 seconds
[2025-04-10T14:02:24.183+0000] {processor.py:161} INFO - Started process (PID=1534) to work on /home/airflow/.local/lib/python3.12/site-packages/airflow/example_dags/example_sla_dag.py
[2025-04-10T14:02:24.185+0000] {processor.py:830} INFO - Processing file /home/airflow/.local/lib/python3.12/site-packages/airflow/example_dags/example_sla_dag.py for tasks to queue
[2025-04-10T14:02:24.188+0000] {logging_mixin.py:188} INFO - [2025-04-10T14:02:24.188+0000] {dagbag.py:540} INFO - Filling up the DagBag from /home/airflow/.local/lib/python3.12/site-packages/airflow/example_dags/example_sla_dag.py
[2025-04-10T14:02:24.202+0000] {processor.py:840} INFO - DAG(s) 'example_sla_dag' retrieved from /home/airflow/.local/lib/python3.12/site-packages/airflow/example_dags/example_sla_dag.py
[2025-04-10T14:02:24.240+0000] {logging_mixin.py:188} INFO - [2025-04-10T14:02:24.240+0000] {dag.py:3096} INFO - Sync 1 DAGs
[2025-04-10T14:02:24.289+0000] {logging_mixin.py:188} INFO - [2025-04-10T14:02:24.288+0000] {dag.py:3954} INFO - Setting next_dagrun for example_sla_dag to 2025-04-10 14:00:00+00:00, run_after=2025-04-10 14:02:00+00:00
[2025-04-10T14:02:24.321+0000] {processor.py:183} INFO - Processing /home/airflow/.local/lib/python3.12/site-packages/airflow/example_dags/example_sla_dag.py took 0.147 seconds
[2025-04-10T14:02:54.436+0000] {processor.py:161} INFO - Started process (PID=1594) to work on /home/airflow/.local/lib/python3.12/site-packages/airflow/example_dags/example_sla_dag.py
[2025-04-10T14:02:54.437+0000] {processor.py:830} INFO - Processing file /home/airflow/.local/lib/python3.12/site-packages/airflow/example_dags/example_sla_dag.py for tasks to queue
[2025-04-10T14:02:54.440+0000] {logging_mixin.py:188} INFO - [2025-04-10T14:02:54.440+0000] {dagbag.py:540} INFO - Filling up the DagBag from /home/airflow/.local/lib/python3.12/site-packages/airflow/example_dags/example_sla_dag.py
[2025-04-10T14:02:54.455+0000] {processor.py:840} INFO - DAG(s) 'example_sla_dag' retrieved from /home/airflow/.local/lib/python3.12/site-packages/airflow/example_dags/example_sla_dag.py
[2025-04-10T14:02:54.493+0000] {logging_mixin.py:188} INFO - [2025-04-10T14:02:54.493+0000] {dag.py:3096} INFO - Sync 1 DAGs
[2025-04-10T14:02:54.539+0000] {logging_mixin.py:188} INFO - [2025-04-10T14:02:54.539+0000] {dag.py:3954} INFO - Setting next_dagrun for example_sla_dag to 2025-04-10 14:00:00+00:00, run_after=2025-04-10 14:02:00+00:00
[2025-04-10T14:02:54.572+0000] {processor.py:183} INFO - Processing /home/airflow/.local/lib/python3.12/site-packages/airflow/example_dags/example_sla_dag.py took 0.146 seconds
[2025-04-10T14:03:25.325+0000] {processor.py:161} INFO - Started process (PID=1654) to work on /home/airflow/.local/lib/python3.12/site-packages/airflow/example_dags/example_sla_dag.py
[2025-04-10T14:03:25.326+0000] {processor.py:830} INFO - Processing file /home/airflow/.local/lib/python3.12/site-packages/airflow/example_dags/example_sla_dag.py for tasks to queue
[2025-04-10T14:03:25.329+0000] {logging_mixin.py:188} INFO - [2025-04-10T14:03:25.329+0000] {dagbag.py:540} INFO - Filling up the DagBag from /home/airflow/.local/lib/python3.12/site-packages/airflow/example_dags/example_sla_dag.py
[2025-04-10T14:03:25.343+0000] {processor.py:840} INFO - DAG(s) 'example_sla_dag' retrieved from /home/airflow/.local/lib/python3.12/site-packages/airflow/example_dags/example_sla_dag.py
[2025-04-10T14:03:25.377+0000] {logging_mixin.py:188} INFO - [2025-04-10T14:03:25.376+0000] {dag.py:3096} INFO - Sync 1 DAGs
[2025-04-10T14:03:25.423+0000] {logging_mixin.py:188} INFO - [2025-04-10T14:03:25.422+0000] {dag.py:3954} INFO - Setting next_dagrun for example_sla_dag to 2025-04-10 14:00:00+00:00, run_after=2025-04-10 14:02:00+00:00
[2025-04-10T14:03:25.453+0000] {processor.py:183} INFO - Processing /home/airflow/.local/lib/python3.12/site-packages/airflow/example_dags/example_sla_dag.py took 0.139 seconds
[2025-04-10T14:03:55.852+0000] {processor.py:161} INFO - Started process (PID=1714) to work on /home/airflow/.local/lib/python3.12/site-packages/airflow/example_dags/example_sla_dag.py
[2025-04-10T14:03:55.854+0000] {processor.py:830} INFO - Processing file /home/airflow/.local/lib/python3.12/site-packages/airflow/example_dags/example_sla_dag.py for tasks to queue
[2025-04-10T14:03:55.857+0000] {logging_mixin.py:188} INFO - [2025-04-10T14:03:55.856+0000] {dagbag.py:540} INFO - Filling up the DagBag from /home/airflow/.local/lib/python3.12/site-packages/airflow/example_dags/example_sla_dag.py
[2025-04-10T14:03:55.871+0000] {processor.py:840} INFO - DAG(s) 'example_sla_dag' retrieved from /home/airflow/.local/lib/python3.12/site-packages/airflow/example_dags/example_sla_dag.py
[2025-04-10T14:03:55.906+0000] {logging_mixin.py:188} INFO - [2025-04-10T14:03:55.905+0000] {dag.py:3096} INFO - Sync 1 DAGs
[2025-04-10T14:03:55.952+0000] {logging_mixin.py:188} INFO - [2025-04-10T14:03:55.952+0000] {dag.py:3954} INFO - Setting next_dagrun for example_sla_dag to 2025-04-10 14:00:00+00:00, run_after=2025-04-10 14:02:00+00:00
[2025-04-10T14:03:55.988+0000] {processor.py:183} INFO - Processing /home/airflow/.local/lib/python3.12/site-packages/airflow/example_dags/example_sla_dag.py took 0.146 seconds
[2025-04-10T14:04:26.495+0000] {processor.py:161} INFO - Started process (PID=1775) to work on /home/airflow/.local/lib/python3.12/site-packages/airflow/example_dags/example_sla_dag.py
[2025-04-10T14:04:26.497+0000] {processor.py:830} INFO - Processing file /home/airflow/.local/lib/python3.12/site-packages/airflow/example_dags/example_sla_dag.py for tasks to queue
[2025-04-10T14:04:26.500+0000] {logging_mixin.py:188} INFO - [2025-04-10T14:04:26.499+0000] {dagbag.py:540} INFO - Filling up the DagBag from /home/airflow/.local/lib/python3.12/site-packages/airflow/example_dags/example_sla_dag.py
[2025-04-10T14:04:26.514+0000] {processor.py:840} INFO - DAG(s) 'example_sla_dag' retrieved from /home/airflow/.local/lib/python3.12/site-packages/airflow/example_dags/example_sla_dag.py
[2025-04-10T14:04:26.550+0000] {logging_mixin.py:188} INFO - [2025-04-10T14:04:26.550+0000] {dag.py:3096} INFO - Sync 1 DAGs
[2025-04-10T14:04:26.598+0000] {logging_mixin.py:188} INFO - [2025-04-10T14:04:26.598+0000] {dag.py:3954} INFO - Setting next_dagrun for example_sla_dag to 2025-04-10 14:02:00+00:00, run_after=2025-04-10 14:04:00+00:00
[2025-04-10T14:04:26.633+0000] {processor.py:183} INFO - Processing /home/airflow/.local/lib/python3.12/site-packages/airflow/example_dags/example_sla_dag.py took 0.147 seconds
[2025-04-10T14:04:57.291+0000] {processor.py:161} INFO - Started process (PID=1835) to work on /home/airflow/.local/lib/python3.12/site-packages/airflow/example_dags/example_sla_dag.py
[2025-04-10T14:04:57.293+0000] {processor.py:830} INFO - Processing file /home/airflow/.local/lib/python3.12/site-packages/airflow/example_dags/example_sla_dag.py for tasks to queue
[2025-04-10T14:04:57.296+0000] {logging_mixin.py:188} INFO - [2025-04-10T14:04:57.296+0000] {dagbag.py:540} INFO - Filling up the DagBag from /home/airflow/.local/lib/python3.12/site-packages/airflow/example_dags/example_sla_dag.py
[2025-04-10T14:04:57.310+0000] {processor.py:840} INFO - DAG(s) 'example_sla_dag' retrieved from /home/airflow/.local/lib/python3.12/site-packages/airflow/example_dags/example_sla_dag.py
[2025-04-10T14:04:57.345+0000] {logging_mixin.py:188} INFO - [2025-04-10T14:04:57.345+0000] {dag.py:3096} INFO - Sync 1 DAGs
[2025-04-10T14:04:57.389+0000] {logging_mixin.py:188} INFO - [2025-04-10T14:04:57.389+0000] {dag.py:3954} INFO - Setting next_dagrun for example_sla_dag to 2025-04-10 14:02:00+00:00, run_after=2025-04-10 14:04:00+00:00
[2025-04-10T14:04:57.422+0000] {processor.py:183} INFO - Processing /home/airflow/.local/lib/python3.12/site-packages/airflow/example_dags/example_sla_dag.py took 0.141 seconds
[2025-04-10T14:05:27.740+0000] {processor.py:161} INFO - Started process (PID=1895) to work on /home/airflow/.local/lib/python3.12/site-packages/airflow/example_dags/example_sla_dag.py
[2025-04-10T14:05:27.742+0000] {processor.py:830} INFO - Processing file /home/airflow/.local/lib/python3.12/site-packages/airflow/example_dags/example_sla_dag.py for tasks to queue
[2025-04-10T14:05:27.745+0000] {logging_mixin.py:188} INFO - [2025-04-10T14:05:27.744+0000] {dagbag.py:540} INFO - Filling up the DagBag from /home/airflow/.local/lib/python3.12/site-packages/airflow/example_dags/example_sla_dag.py
[2025-04-10T14:05:27.760+0000] {processor.py:840} INFO - DAG(s) 'example_sla_dag' retrieved from /home/airflow/.local/lib/python3.12/site-packages/airflow/example_dags/example_sla_dag.py
[2025-04-10T14:05:27.794+0000] {logging_mixin.py:188} INFO - [2025-04-10T14:05:27.793+0000] {dag.py:3096} INFO - Sync 1 DAGs
[2025-04-10T14:05:27.838+0000] {logging_mixin.py:188} INFO - [2025-04-10T14:05:27.838+0000] {dag.py:3954} INFO - Setting next_dagrun for example_sla_dag to 2025-04-10 14:02:00+00:00, run_after=2025-04-10 14:04:00+00:00
[2025-04-10T14:05:27.869+0000] {processor.py:183} INFO - Processing /home/airflow/.local/lib/python3.12/site-packages/airflow/example_dags/example_sla_dag.py took 0.143 seconds
[2025-04-10T14:05:58.624+0000] {processor.py:161} INFO - Started process (PID=1955) to work on /home/airflow/.local/lib/python3.12/site-packages/airflow/example_dags/example_sla_dag.py
[2025-04-10T14:05:58.626+0000] {processor.py:830} INFO - Processing file /home/airflow/.local/lib/python3.12/site-packages/airflow/example_dags/example_sla_dag.py for tasks to queue
[2025-04-10T14:05:58.629+0000] {logging_mixin.py:188} INFO - [2025-04-10T14:05:58.628+0000] {dagbag.py:540} INFO - Filling up the DagBag from /home/airflow/.local/lib/python3.12/site-packages/airflow/example_dags/example_sla_dag.py
[2025-04-10T14:05:58.643+0000] {processor.py:840} INFO - DAG(s) 'example_sla_dag' retrieved from /home/airflow/.local/lib/python3.12/site-packages/airflow/example_dags/example_sla_dag.py
[2025-04-10T14:05:58.677+0000] {logging_mixin.py:188} INFO - [2025-04-10T14:05:58.676+0000] {dag.py:3096} INFO - Sync 1 DAGs
[2025-04-10T14:05:58.720+0000] {logging_mixin.py:188} INFO - [2025-04-10T14:05:58.720+0000] {dag.py:3954} INFO - Setting next_dagrun for example_sla_dag to 2025-04-10 14:02:00+00:00, run_after=2025-04-10 14:04:00+00:00
[2025-04-10T14:05:58.754+0000] {processor.py:183} INFO - Processing /home/airflow/.local/lib/python3.12/site-packages/airflow/example_dags/example_sla_dag.py took 0.139 seconds
[2025-04-10T14:06:29.069+0000] {processor.py:161} INFO - Started process (PID=2015) to work on /home/airflow/.local/lib/python3.12/site-packages/airflow/example_dags/example_sla_dag.py
[2025-04-10T14:06:29.071+0000] {processor.py:830} INFO - Processing file /home/airflow/.local/lib/python3.12/site-packages/airflow/example_dags/example_sla_dag.py for tasks to queue
[2025-04-10T14:06:29.074+0000] {logging_mixin.py:188} INFO - [2025-04-10T14:06:29.073+0000] {dagbag.py:540} INFO - Filling up the DagBag from /home/airflow/.local/lib/python3.12/site-packages/airflow/example_dags/example_sla_dag.py
[2025-04-10T14:06:29.088+0000] {processor.py:840} INFO - DAG(s) 'example_sla_dag' retrieved from /home/airflow/.local/lib/python3.12/site-packages/airflow/example_dags/example_sla_dag.py
[2025-04-10T14:06:29.123+0000] {logging_mixin.py:188} INFO - [2025-04-10T14:06:29.122+0000] {dag.py:3096} INFO - Sync 1 DAGs
[2025-04-10T14:06:29.167+0000] {logging_mixin.py:188} INFO - [2025-04-10T14:06:29.167+0000] {dag.py:3954} INFO - Setting next_dagrun for example_sla_dag to 2025-04-10 14:04:00+00:00, run_after=2025-04-10 14:06:00+00:00
[2025-04-10T14:06:29.199+0000] {processor.py:183} INFO - Processing /home/airflow/.local/lib/python3.12/site-packages/airflow/example_dags/example_sla_dag.py took 0.139 seconds
[2025-04-10T14:06:59.933+0000] {processor.py:161} INFO - Started process (PID=2081) to work on /home/airflow/.local/lib/python3.12/site-packages/airflow/example_dags/example_sla_dag.py
[2025-04-10T14:06:59.934+0000] {processor.py:830} INFO - Processing file /home/airflow/.local/lib/python3.12/site-packages/airflow/example_dags/example_sla_dag.py for tasks to queue
[2025-04-10T14:06:59.938+0000] {logging_mixin.py:188} INFO - [2025-04-10T14:06:59.937+0000] {dagbag.py:540} INFO - Filling up the DagBag from /home/airflow/.local/lib/python3.12/site-packages/airflow/example_dags/example_sla_dag.py
[2025-04-10T14:06:59.953+0000] {processor.py:840} INFO - DAG(s) 'example_sla_dag' retrieved from /home/airflow/.local/lib/python3.12/site-packages/airflow/example_dags/example_sla_dag.py
[2025-04-10T14:06:59.986+0000] {logging_mixin.py:188} INFO - [2025-04-10T14:06:59.985+0000] {dag.py:3096} INFO - Sync 1 DAGs
[2025-04-10T14:07:00.034+0000] {logging_mixin.py:188} INFO - [2025-04-10T14:07:00.034+0000] {dag.py:3954} INFO - Setting next_dagrun for example_sla_dag to 2025-04-10 14:04:00+00:00, run_after=2025-04-10 14:06:00+00:00
[2025-04-10T14:07:00.067+0000] {processor.py:183} INFO - Processing /home/airflow/.local/lib/python3.12/site-packages/airflow/example_dags/example_sla_dag.py took 0.144 seconds
[2025-04-10T14:07:30.493+0000] {processor.py:161} INFO - Started process (PID=2141) to work on /home/airflow/.local/lib/python3.12/site-packages/airflow/example_dags/example_sla_dag.py
[2025-04-10T14:07:30.495+0000] {processor.py:830} INFO - Processing file /home/airflow/.local/lib/python3.12/site-packages/airflow/example_dags/example_sla_dag.py for tasks to queue
[2025-04-10T14:07:30.498+0000] {logging_mixin.py:188} INFO - [2025-04-10T14:07:30.497+0000] {dagbag.py:540} INFO - Filling up the DagBag from /home/airflow/.local/lib/python3.12/site-packages/airflow/example_dags/example_sla_dag.py
[2025-04-10T14:07:30.512+0000] {processor.py:840} INFO - DAG(s) 'example_sla_dag' retrieved from /home/airflow/.local/lib/python3.12/site-packages/airflow/example_dags/example_sla_dag.py
[2025-04-10T14:07:30.544+0000] {logging_mixin.py:188} INFO - [2025-04-10T14:07:30.544+0000] {dag.py:3096} INFO - Sync 1 DAGs
[2025-04-10T14:07:30.588+0000] {logging_mixin.py:188} INFO - [2025-04-10T14:07:30.587+0000] {dag.py:3954} INFO - Setting next_dagrun for example_sla_dag to 2025-04-10 14:04:00+00:00, run_after=2025-04-10 14:06:00+00:00
[2025-04-10T14:07:30.623+0000] {processor.py:183} INFO - Processing /home/airflow/.local/lib/python3.12/site-packages/airflow/example_dags/example_sla_dag.py took 0.141 seconds
[2025-04-10T14:08:01.200+0000] {processor.py:161} INFO - Started process (PID=2201) to work on /home/airflow/.local/lib/python3.12/site-packages/airflow/example_dags/example_sla_dag.py
[2025-04-10T14:08:01.202+0000] {processor.py:830} INFO - Processing file /home/airflow/.local/lib/python3.12/site-packages/airflow/example_dags/example_sla_dag.py for tasks to queue
[2025-04-10T14:08:01.205+0000] {logging_mixin.py:188} INFO - [2025-04-10T14:08:01.204+0000] {dagbag.py:540} INFO - Filling up the DagBag from /home/airflow/.local/lib/python3.12/site-packages/airflow/example_dags/example_sla_dag.py
[2025-04-10T14:08:01.218+0000] {processor.py:840} INFO - DAG(s) 'example_sla_dag' retrieved from /home/airflow/.local/lib/python3.12/site-packages/airflow/example_dags/example_sla_dag.py
[2025-04-10T14:08:01.251+0000] {logging_mixin.py:188} INFO - [2025-04-10T14:08:01.251+0000] {dag.py:3096} INFO - Sync 1 DAGs
[2025-04-10T14:08:01.295+0000] {logging_mixin.py:188} INFO - [2025-04-10T14:08:01.294+0000] {dag.py:3954} INFO - Setting next_dagrun for example_sla_dag to 2025-04-10 14:06:00+00:00, run_after=2025-04-10 14:08:00+00:00
[2025-04-10T14:08:01.328+0000] {processor.py:183} INFO - Processing /home/airflow/.local/lib/python3.12/site-packages/airflow/example_dags/example_sla_dag.py took 0.137 seconds
[2025-04-10T14:08:31.768+0000] {processor.py:161} INFO - Started process (PID=2261) to work on /home/airflow/.local/lib/python3.12/site-packages/airflow/example_dags/example_sla_dag.py
[2025-04-10T14:08:31.770+0000] {processor.py:830} INFO - Processing file /home/airflow/.local/lib/python3.12/site-packages/airflow/example_dags/example_sla_dag.py for tasks to queue
[2025-04-10T14:08:31.773+0000] {logging_mixin.py:188} INFO - [2025-04-10T14:08:31.772+0000] {dagbag.py:540} INFO - Filling up the DagBag from /home/airflow/.local/lib/python3.12/site-packages/airflow/example_dags/example_sla_dag.py
[2025-04-10T14:08:31.786+0000] {processor.py:840} INFO - DAG(s) 'example_sla_dag' retrieved from /home/airflow/.local/lib/python3.12/site-packages/airflow/example_dags/example_sla_dag.py
[2025-04-10T14:08:31.826+0000] {logging_mixin.py:188} INFO - [2025-04-10T14:08:31.825+0000] {dag.py:3096} INFO - Sync 1 DAGs
[2025-04-10T14:08:31.871+0000] {logging_mixin.py:188} INFO - [2025-04-10T14:08:31.871+0000] {dag.py:3954} INFO - Setting next_dagrun for example_sla_dag to 2025-04-10 14:06:00+00:00, run_after=2025-04-10 14:08:00+00:00
[2025-04-10T14:08:31.902+0000] {processor.py:183} INFO - Processing /home/airflow/.local/lib/python3.12/site-packages/airflow/example_dags/example_sla_dag.py took 0.144 seconds
[2025-04-10T14:09:02.079+0000] {processor.py:161} INFO - Started process (PID=2320) to work on /home/airflow/.local/lib/python3.12/site-packages/airflow/example_dags/example_sla_dag.py
[2025-04-10T14:09:02.080+0000] {processor.py:830} INFO - Processing file /home/airflow/.local/lib/python3.12/site-packages/airflow/example_dags/example_sla_dag.py for tasks to queue
[2025-04-10T14:09:02.083+0000] {logging_mixin.py:188} INFO - [2025-04-10T14:09:02.083+0000] {dagbag.py:540} INFO - Filling up the DagBag from /home/airflow/.local/lib/python3.12/site-packages/airflow/example_dags/example_sla_dag.py
[2025-04-10T14:09:02.096+0000] {processor.py:840} INFO - DAG(s) 'example_sla_dag' retrieved from /home/airflow/.local/lib/python3.12/site-packages/airflow/example_dags/example_sla_dag.py
[2025-04-10T14:09:02.130+0000] {logging_mixin.py:188} INFO - [2025-04-10T14:09:02.130+0000] {dag.py:3096} INFO - Sync 1 DAGs
[2025-04-10T14:09:02.174+0000] {logging_mixin.py:188} INFO - [2025-04-10T14:09:02.174+0000] {dag.py:3954} INFO - Setting next_dagrun for example_sla_dag to 2025-04-10 14:06:00+00:00, run_after=2025-04-10 14:08:00+00:00
[2025-04-10T14:09:02.208+0000] {processor.py:183} INFO - Processing /home/airflow/.local/lib/python3.12/site-packages/airflow/example_dags/example_sla_dag.py took 0.139 seconds
[2025-04-10T14:09:32.380+0000] {processor.py:161} INFO - Started process (PID=2379) to work on /home/airflow/.local/lib/python3.12/site-packages/airflow/example_dags/example_sla_dag.py
[2025-04-10T14:09:32.382+0000] {processor.py:830} INFO - Processing file /home/airflow/.local/lib/python3.12/site-packages/airflow/example_dags/example_sla_dag.py for tasks to queue
[2025-04-10T14:09:32.385+0000] {logging_mixin.py:188} INFO - [2025-04-10T14:09:32.384+0000] {dagbag.py:540} INFO - Filling up the DagBag from /home/airflow/.local/lib/python3.12/site-packages/airflow/example_dags/example_sla_dag.py
[2025-04-10T14:09:32.399+0000] {processor.py:840} INFO - DAG(s) 'example_sla_dag' retrieved from /home/airflow/.local/lib/python3.12/site-packages/airflow/example_dags/example_sla_dag.py
[2025-04-10T14:09:32.430+0000] {logging_mixin.py:188} INFO - [2025-04-10T14:09:32.430+0000] {dag.py:3096} INFO - Sync 1 DAGs
[2025-04-10T14:09:32.475+0000] {logging_mixin.py:188} INFO - [2025-04-10T14:09:32.474+0000] {dag.py:3954} INFO - Setting next_dagrun for example_sla_dag to 2025-04-10 14:06:00+00:00, run_after=2025-04-10 14:08:00+00:00
[2025-04-10T14:09:32.509+0000] {processor.py:183} INFO - Processing /home/airflow/.local/lib/python3.12/site-packages/airflow/example_dags/example_sla_dag.py took 0.138 seconds
[2025-04-10T14:10:03.366+0000] {processor.py:161} INFO - Started process (PID=2439) to work on /home/airflow/.local/lib/python3.12/site-packages/airflow/example_dags/example_sla_dag.py
[2025-04-10T14:10:03.367+0000] {processor.py:830} INFO - Processing file /home/airflow/.local/lib/python3.12/site-packages/airflow/example_dags/example_sla_dag.py for tasks to queue
[2025-04-10T14:10:03.370+0000] {logging_mixin.py:188} INFO - [2025-04-10T14:10:03.370+0000] {dagbag.py:540} INFO - Filling up the DagBag from /home/airflow/.local/lib/python3.12/site-packages/airflow/example_dags/example_sla_dag.py
[2025-04-10T14:10:03.384+0000] {processor.py:840} INFO - DAG(s) 'example_sla_dag' retrieved from /home/airflow/.local/lib/python3.12/site-packages/airflow/example_dags/example_sla_dag.py
[2025-04-10T14:10:03.416+0000] {logging_mixin.py:188} INFO - [2025-04-10T14:10:03.416+0000] {dag.py:3096} INFO - Sync 1 DAGs
[2025-04-10T14:10:03.460+0000] {logging_mixin.py:188} INFO - [2025-04-10T14:10:03.459+0000] {dag.py:3954} INFO - Setting next_dagrun for example_sla_dag to 2025-04-10 14:08:00+00:00, run_after=2025-04-10 14:10:00+00:00
[2025-04-10T14:10:03.494+0000] {processor.py:183} INFO - Processing /home/airflow/.local/lib/python3.12/site-packages/airflow/example_dags/example_sla_dag.py took 0.137 seconds
[2025-04-10T14:10:33.891+0000] {processor.py:161} INFO - Started process (PID=2499) to work on /home/airflow/.local/lib/python3.12/site-packages/airflow/example_dags/example_sla_dag.py
[2025-04-10T14:10:33.892+0000] {processor.py:830} INFO - Processing file /home/airflow/.local/lib/python3.12/site-packages/airflow/example_dags/example_sla_dag.py for tasks to queue
[2025-04-10T14:10:33.895+0000] {logging_mixin.py:188} INFO - [2025-04-10T14:10:33.895+0000] {dagbag.py:540} INFO - Filling up the DagBag from /home/airflow/.local/lib/python3.12/site-packages/airflow/example_dags/example_sla_dag.py
[2025-04-10T14:10:33.909+0000] {processor.py:840} INFO - DAG(s) 'example_sla_dag' retrieved from /home/airflow/.local/lib/python3.12/site-packages/airflow/example_dags/example_sla_dag.py
[2025-04-10T14:10:33.941+0000] {logging_mixin.py:188} INFO - [2025-04-10T14:10:33.941+0000] {dag.py:3096} INFO - Sync 1 DAGs
[2025-04-10T14:10:33.985+0000] {logging_mixin.py:188} INFO - [2025-04-10T14:10:33.985+0000] {dag.py:3954} INFO - Setting next_dagrun for example_sla_dag to 2025-04-10 14:08:00+00:00, run_after=2025-04-10 14:10:00+00:00
[2025-04-10T14:10:34.019+0000] {processor.py:183} INFO - Processing /home/airflow/.local/lib/python3.12/site-packages/airflow/example_dags/example_sla_dag.py took 0.138 seconds
[2025-04-10T14:11:04.346+0000] {processor.py:161} INFO - Started process (PID=2559) to work on /home/airflow/.local/lib/python3.12/site-packages/airflow/example_dags/example_sla_dag.py
[2025-04-10T14:11:04.348+0000] {processor.py:830} INFO - Processing file /home/airflow/.local/lib/python3.12/site-packages/airflow/example_dags/example_sla_dag.py for tasks to queue
[2025-04-10T14:11:04.351+0000] {logging_mixin.py:188} INFO - [2025-04-10T14:11:04.350+0000] {dagbag.py:540} INFO - Filling up the DagBag from /home/airflow/.local/lib/python3.12/site-packages/airflow/example_dags/example_sla_dag.py
[2025-04-10T14:11:04.365+0000] {processor.py:840} INFO - DAG(s) 'example_sla_dag' retrieved from /home/airflow/.local/lib/python3.12/site-packages/airflow/example_dags/example_sla_dag.py
[2025-04-10T14:11:04.401+0000] {logging_mixin.py:188} INFO - [2025-04-10T14:11:04.400+0000] {dag.py:3096} INFO - Sync 1 DAGs
[2025-04-10T14:11:04.444+0000] {logging_mixin.py:188} INFO - [2025-04-10T14:11:04.444+0000] {dag.py:3954} INFO - Setting next_dagrun for example_sla_dag to 2025-04-10 14:08:00+00:00, run_after=2025-04-10 14:10:00+00:00
[2025-04-10T14:11:04.477+0000] {processor.py:183} INFO - Processing /home/airflow/.local/lib/python3.12/site-packages/airflow/example_dags/example_sla_dag.py took 0.141 seconds
[2025-04-10T14:11:34.770+0000] {processor.py:161} INFO - Started process (PID=2619) to work on /home/airflow/.local/lib/python3.12/site-packages/airflow/example_dags/example_sla_dag.py
[2025-04-10T14:11:34.771+0000] {processor.py:830} INFO - Processing file /home/airflow/.local/lib/python3.12/site-packages/airflow/example_dags/example_sla_dag.py for tasks to queue
[2025-04-10T14:11:34.775+0000] {logging_mixin.py:188} INFO - [2025-04-10T14:11:34.774+0000] {dagbag.py:540} INFO - Filling up the DagBag from /home/airflow/.local/lib/python3.12/site-packages/airflow/example_dags/example_sla_dag.py
[2025-04-10T14:11:34.788+0000] {processor.py:840} INFO - DAG(s) 'example_sla_dag' retrieved from /home/airflow/.local/lib/python3.12/site-packages/airflow/example_dags/example_sla_dag.py
[2025-04-10T14:11:34.819+0000] {logging_mixin.py:188} INFO - [2025-04-10T14:11:34.819+0000] {dag.py:3096} INFO - Sync 1 DAGs
[2025-04-10T14:11:34.865+0000] {logging_mixin.py:188} INFO - [2025-04-10T14:11:34.865+0000] {dag.py:3954} INFO - Setting next_dagrun for example_sla_dag to 2025-04-10 14:08:00+00:00, run_after=2025-04-10 14:10:00+00:00
[2025-04-10T14:11:34.901+0000] {processor.py:183} INFO - Processing /home/airflow/.local/lib/python3.12/site-packages/airflow/example_dags/example_sla_dag.py took 0.141 seconds
[2025-04-10T14:12:05.905+0000] {processor.py:161} INFO - Started process (PID=2679) to work on /home/airflow/.local/lib/python3.12/site-packages/airflow/example_dags/example_sla_dag.py
[2025-04-10T14:12:05.906+0000] {processor.py:830} INFO - Processing file /home/airflow/.local/lib/python3.12/site-packages/airflow/example_dags/example_sla_dag.py for tasks to queue
[2025-04-10T14:12:05.909+0000] {logging_mixin.py:188} INFO - [2025-04-10T14:12:05.909+0000] {dagbag.py:540} INFO - Filling up the DagBag from /home/airflow/.local/lib/python3.12/site-packages/airflow/example_dags/example_sla_dag.py
[2025-04-10T14:12:05.923+0000] {processor.py:840} INFO - DAG(s) 'example_sla_dag' retrieved from /home/airflow/.local/lib/python3.12/site-packages/airflow/example_dags/example_sla_dag.py
[2025-04-10T14:12:05.955+0000] {logging_mixin.py:188} INFO - [2025-04-10T14:12:05.954+0000] {dag.py:3096} INFO - Sync 1 DAGs
[2025-04-10T14:12:05.998+0000] {logging_mixin.py:188} INFO - [2025-04-10T14:12:05.998+0000] {dag.py:3954} INFO - Setting next_dagrun for example_sla_dag to 2025-04-10 14:10:00+00:00, run_after=2025-04-10 14:12:00+00:00
[2025-04-10T14:12:06.029+0000] {processor.py:183} INFO - Processing /home/airflow/.local/lib/python3.12/site-packages/airflow/example_dags/example_sla_dag.py took 0.134 seconds
[2025-04-10T14:12:37.051+0000] {processor.py:161} INFO - Started process (PID=2739) to work on /home/airflow/.local/lib/python3.12/site-packages/airflow/example_dags/example_sla_dag.py
[2025-04-10T14:12:37.052+0000] {processor.py:830} INFO - Processing file /home/airflow/.local/lib/python3.12/site-packages/airflow/example_dags/example_sla_dag.py for tasks to queue
[2025-04-10T14:12:37.055+0000] {logging_mixin.py:188} INFO - [2025-04-10T14:12:37.055+0000] {dagbag.py:540} INFO - Filling up the DagBag from /home/airflow/.local/lib/python3.12/site-packages/airflow/example_dags/example_sla_dag.py
[2025-04-10T14:12:37.069+0000] {processor.py:840} INFO - DAG(s) 'example_sla_dag' retrieved from /home/airflow/.local/lib/python3.12/site-packages/airflow/example_dags/example_sla_dag.py
[2025-04-10T14:12:37.104+0000] {logging_mixin.py:188} INFO - [2025-04-10T14:12:37.103+0000] {dag.py:3096} INFO - Sync 1 DAGs
[2025-04-10T14:12:37.148+0000] {logging_mixin.py:188} INFO - [2025-04-10T14:12:37.148+0000] {dag.py:3954} INFO - Setting next_dagrun for example_sla_dag to 2025-04-10 14:10:00+00:00, run_after=2025-04-10 14:12:00+00:00
[2025-04-10T14:12:37.182+0000] {processor.py:183} INFO - Processing /home/airflow/.local/lib/python3.12/site-packages/airflow/example_dags/example_sla_dag.py took 0.141 seconds
[2025-04-10T14:13:07.840+0000] {processor.py:161} INFO - Started process (PID=2799) to work on /home/airflow/.local/lib/python3.12/site-packages/airflow/example_dags/example_sla_dag.py
[2025-04-10T14:13:07.842+0000] {processor.py:830} INFO - Processing file /home/airflow/.local/lib/python3.12/site-packages/airflow/example_dags/example_sla_dag.py for tasks to queue
[2025-04-10T14:13:07.845+0000] {logging_mixin.py:188} INFO - [2025-04-10T14:13:07.844+0000] {dagbag.py:540} INFO - Filling up the DagBag from /home/airflow/.local/lib/python3.12/site-packages/airflow/example_dags/example_sla_dag.py
[2025-04-10T14:13:07.859+0000] {processor.py:840} INFO - DAG(s) 'example_sla_dag' retrieved from /home/airflow/.local/lib/python3.12/site-packages/airflow/example_dags/example_sla_dag.py
[2025-04-10T14:13:07.892+0000] {logging_mixin.py:188} INFO - [2025-04-10T14:13:07.891+0000] {dag.py:3096} INFO - Sync 1 DAGs
[2025-04-10T14:13:07.935+0000] {logging_mixin.py:188} INFO - [2025-04-10T14:13:07.935+0000] {dag.py:3954} INFO - Setting next_dagrun for example_sla_dag to 2025-04-10 14:10:00+00:00, run_after=2025-04-10 14:12:00+00:00
[2025-04-10T14:13:07.971+0000] {processor.py:183} INFO - Processing /home/airflow/.local/lib/python3.12/site-packages/airflow/example_dags/example_sla_dag.py took 0.141 seconds
[2025-04-10T14:13:38.488+0000] {processor.py:161} INFO - Started process (PID=2859) to work on /home/airflow/.local/lib/python3.12/site-packages/airflow/example_dags/example_sla_dag.py
[2025-04-10T14:13:38.489+0000] {processor.py:830} INFO - Processing file /home/airflow/.local/lib/python3.12/site-packages/airflow/example_dags/example_sla_dag.py for tasks to queue
[2025-04-10T14:13:38.492+0000] {logging_mixin.py:188} INFO - [2025-04-10T14:13:38.492+0000] {dagbag.py:540} INFO - Filling up the DagBag from /home/airflow/.local/lib/python3.12/site-packages/airflow/example_dags/example_sla_dag.py
[2025-04-10T14:13:38.506+0000] {processor.py:840} INFO - DAG(s) 'example_sla_dag' retrieved from /home/airflow/.local/lib/python3.12/site-packages/airflow/example_dags/example_sla_dag.py
[2025-04-10T14:13:38.538+0000] {logging_mixin.py:188} INFO - [2025-04-10T14:13:38.538+0000] {dag.py:3096} INFO - Sync 1 DAGs
[2025-04-10T14:13:38.583+0000] {logging_mixin.py:188} INFO - [2025-04-10T14:13:38.582+0000] {dag.py:3954} INFO - Setting next_dagrun for example_sla_dag to 2025-04-10 14:10:00+00:00, run_after=2025-04-10 14:12:00+00:00
[2025-04-10T14:13:38.618+0000] {processor.py:183} INFO - Processing /home/airflow/.local/lib/python3.12/site-packages/airflow/example_dags/example_sla_dag.py took 0.140 seconds
[2025-04-10T14:14:09.178+0000] {processor.py:161} INFO - Started process (PID=2918) to work on /home/airflow/.local/lib/python3.12/site-packages/airflow/example_dags/example_sla_dag.py
[2025-04-10T14:14:09.180+0000] {processor.py:830} INFO - Processing file /home/airflow/.local/lib/python3.12/site-packages/airflow/example_dags/example_sla_dag.py for tasks to queue
[2025-04-10T14:14:09.183+0000] {logging_mixin.py:188} INFO - [2025-04-10T14:14:09.182+0000] {dagbag.py:540} INFO - Filling up the DagBag from /home/airflow/.local/lib/python3.12/site-packages/airflow/example_dags/example_sla_dag.py
[2025-04-10T14:14:09.197+0000] {processor.py:840} INFO - DAG(s) 'example_sla_dag' retrieved from /home/airflow/.local/lib/python3.12/site-packages/airflow/example_dags/example_sla_dag.py
[2025-04-10T14:14:09.229+0000] {logging_mixin.py:188} INFO - [2025-04-10T14:14:09.228+0000] {dag.py:3096} INFO - Sync 1 DAGs
[2025-04-10T14:14:09.272+0000] {logging_mixin.py:188} INFO - [2025-04-10T14:14:09.272+0000] {dag.py:3954} INFO - Setting next_dagrun for example_sla_dag to 2025-04-10 14:12:00+00:00, run_after=2025-04-10 14:14:00+00:00
[2025-04-10T14:14:09.306+0000] {processor.py:183} INFO - Processing /home/airflow/.local/lib/python3.12/site-packages/airflow/example_dags/example_sla_dag.py took 0.138 seconds
[2025-04-10T14:14:39.630+0000] {processor.py:161} INFO - Started process (PID=2978) to work on /home/airflow/.local/lib/python3.12/site-packages/airflow/example_dags/example_sla_dag.py
[2025-04-10T14:14:39.631+0000] {processor.py:830} INFO - Processing file /home/airflow/.local/lib/python3.12/site-packages/airflow/example_dags/example_sla_dag.py for tasks to queue
[2025-04-10T14:14:39.634+0000] {logging_mixin.py:188} INFO - [2025-04-10T14:14:39.634+0000] {dagbag.py:540} INFO - Filling up the DagBag from /home/airflow/.local/lib/python3.12/site-packages/airflow/example_dags/example_sla_dag.py
[2025-04-10T14:14:39.648+0000] {processor.py:840} INFO - DAG(s) 'example_sla_dag' retrieved from /home/airflow/.local/lib/python3.12/site-packages/airflow/example_dags/example_sla_dag.py
[2025-04-10T14:14:39.682+0000] {logging_mixin.py:188} INFO - [2025-04-10T14:14:39.682+0000] {dag.py:3096} INFO - Sync 1 DAGs
[2025-04-10T14:14:39.725+0000] {logging_mixin.py:188} INFO - [2025-04-10T14:14:39.725+0000] {dag.py:3954} INFO - Setting next_dagrun for example_sla_dag to 2025-04-10 14:12:00+00:00, run_after=2025-04-10 14:14:00+00:00
[2025-04-10T14:14:39.758+0000] {processor.py:183} INFO - Processing /home/airflow/.local/lib/python3.12/site-packages/airflow/example_dags/example_sla_dag.py took 0.138 seconds
[2025-04-10T14:15:10.294+0000] {processor.py:161} INFO - Started process (PID=3038) to work on /home/airflow/.local/lib/python3.12/site-packages/airflow/example_dags/example_sla_dag.py
[2025-04-10T14:15:10.296+0000] {processor.py:830} INFO - Processing file /home/airflow/.local/lib/python3.12/site-packages/airflow/example_dags/example_sla_dag.py for tasks to queue
[2025-04-10T14:15:10.299+0000] {logging_mixin.py:188} INFO - [2025-04-10T14:15:10.299+0000] {dagbag.py:540} INFO - Filling up the DagBag from /home/airflow/.local/lib/python3.12/site-packages/airflow/example_dags/example_sla_dag.py
[2025-04-10T14:15:10.314+0000] {processor.py:840} INFO - DAG(s) 'example_sla_dag' retrieved from /home/airflow/.local/lib/python3.12/site-packages/airflow/example_dags/example_sla_dag.py
[2025-04-10T14:15:10.348+0000] {logging_mixin.py:188} INFO - [2025-04-10T14:15:10.347+0000] {dag.py:3096} INFO - Sync 1 DAGs
[2025-04-10T14:15:10.392+0000] {logging_mixin.py:188} INFO - [2025-04-10T14:15:10.392+0000] {dag.py:3954} INFO - Setting next_dagrun for example_sla_dag to 2025-04-10 14:12:00+00:00, run_after=2025-04-10 14:14:00+00:00
[2025-04-10T14:15:10.423+0000] {processor.py:183} INFO - Processing /home/airflow/.local/lib/python3.12/site-packages/airflow/example_dags/example_sla_dag.py took 0.138 seconds
[2025-04-10T14:15:41.100+0000] {processor.py:161} INFO - Started process (PID=3098) to work on /home/airflow/.local/lib/python3.12/site-packages/airflow/example_dags/example_sla_dag.py
[2025-04-10T14:15:41.101+0000] {processor.py:830} INFO - Processing file /home/airflow/.local/lib/python3.12/site-packages/airflow/example_dags/example_sla_dag.py for tasks to queue
[2025-04-10T14:15:41.104+0000] {logging_mixin.py:188} INFO - [2025-04-10T14:15:41.104+0000] {dagbag.py:540} INFO - Filling up the DagBag from /home/airflow/.local/lib/python3.12/site-packages/airflow/example_dags/example_sla_dag.py
[2025-04-10T14:15:41.118+0000] {processor.py:840} INFO - DAG(s) 'example_sla_dag' retrieved from /home/airflow/.local/lib/python3.12/site-packages/airflow/example_dags/example_sla_dag.py
[2025-04-10T14:15:41.151+0000] {logging_mixin.py:188} INFO - [2025-04-10T14:15:41.151+0000] {dag.py:3096} INFO - Sync 1 DAGs
[2025-04-10T14:15:41.196+0000] {logging_mixin.py:188} INFO - [2025-04-10T14:15:41.196+0000] {dag.py:3954} INFO - Setting next_dagrun for example_sla_dag to 2025-04-10 14:12:00+00:00, run_after=2025-04-10 14:14:00+00:00
[2025-04-10T14:15:41.228+0000] {processor.py:183} INFO - Processing /home/airflow/.local/lib/python3.12/site-packages/airflow/example_dags/example_sla_dag.py took 0.139 seconds
[2025-04-10T14:16:11.651+0000] {processor.py:161} INFO - Started process (PID=3159) to work on /home/airflow/.local/lib/python3.12/site-packages/airflow/example_dags/example_sla_dag.py
[2025-04-10T14:16:11.653+0000] {processor.py:830} INFO - Processing file /home/airflow/.local/lib/python3.12/site-packages/airflow/example_dags/example_sla_dag.py for tasks to queue
[2025-04-10T14:16:11.656+0000] {logging_mixin.py:188} INFO - [2025-04-10T14:16:11.655+0000] {dagbag.py:540} INFO - Filling up the DagBag from /home/airflow/.local/lib/python3.12/site-packages/airflow/example_dags/example_sla_dag.py
[2025-04-10T14:16:11.670+0000] {processor.py:840} INFO - DAG(s) 'example_sla_dag' retrieved from /home/airflow/.local/lib/python3.12/site-packages/airflow/example_dags/example_sla_dag.py
[2025-04-10T14:16:11.703+0000] {logging_mixin.py:188} INFO - [2025-04-10T14:16:11.703+0000] {dag.py:3096} INFO - Sync 1 DAGs
[2025-04-10T14:16:11.750+0000] {logging_mixin.py:188} INFO - [2025-04-10T14:16:11.749+0000] {dag.py:3954} INFO - Setting next_dagrun for example_sla_dag to 2025-04-10 14:14:00+00:00, run_after=2025-04-10 14:16:00+00:00
[2025-04-10T14:16:11.785+0000] {processor.py:183} INFO - Processing /home/airflow/.local/lib/python3.12/site-packages/airflow/example_dags/example_sla_dag.py took 0.144 seconds
[2025-04-10T14:16:42.424+0000] {processor.py:161} INFO - Started process (PID=3219) to work on /home/airflow/.local/lib/python3.12/site-packages/airflow/example_dags/example_sla_dag.py
[2025-04-10T14:16:42.426+0000] {processor.py:830} INFO - Processing file /home/airflow/.local/lib/python3.12/site-packages/airflow/example_dags/example_sla_dag.py for tasks to queue
[2025-04-10T14:16:42.429+0000] {logging_mixin.py:188} INFO - [2025-04-10T14:16:42.428+0000] {dagbag.py:540} INFO - Filling up the DagBag from /home/airflow/.local/lib/python3.12/site-packages/airflow/example_dags/example_sla_dag.py
[2025-04-10T14:16:42.442+0000] {processor.py:840} INFO - DAG(s) 'example_sla_dag' retrieved from /home/airflow/.local/lib/python3.12/site-packages/airflow/example_dags/example_sla_dag.py
[2025-04-10T14:16:42.473+0000] {logging_mixin.py:188} INFO - [2025-04-10T14:16:42.473+0000] {dag.py:3096} INFO - Sync 1 DAGs
[2025-04-10T14:16:42.518+0000] {logging_mixin.py:188} INFO - [2025-04-10T14:16:42.517+0000] {dag.py:3954} INFO - Setting next_dagrun for example_sla_dag to 2025-04-10 14:14:00+00:00, run_after=2025-04-10 14:16:00+00:00
[2025-04-10T14:16:42.552+0000] {processor.py:183} INFO - Processing /home/airflow/.local/lib/python3.12/site-packages/airflow/example_dags/example_sla_dag.py took 0.138 seconds
[2025-04-10T14:17:12.767+0000] {processor.py:161} INFO - Started process (PID=3279) to work on /home/airflow/.local/lib/python3.12/site-packages/airflow/example_dags/example_sla_dag.py
[2025-04-10T14:17:12.769+0000] {processor.py:830} INFO - Processing file /home/airflow/.local/lib/python3.12/site-packages/airflow/example_dags/example_sla_dag.py for tasks to queue
[2025-04-10T14:17:12.772+0000] {logging_mixin.py:188} INFO - [2025-04-10T14:17:12.771+0000] {dagbag.py:540} INFO - Filling up the DagBag from /home/airflow/.local/lib/python3.12/site-packages/airflow/example_dags/example_sla_dag.py
[2025-04-10T14:17:12.786+0000] {processor.py:840} INFO - DAG(s) 'example_sla_dag' retrieved from /home/airflow/.local/lib/python3.12/site-packages/airflow/example_dags/example_sla_dag.py
[2025-04-10T14:17:12.818+0000] {logging_mixin.py:188} INFO - [2025-04-10T14:17:12.817+0000] {dag.py:3096} INFO - Sync 1 DAGs
[2025-04-10T14:17:12.860+0000] {logging_mixin.py:188} INFO - [2025-04-10T14:17:12.860+0000] {dag.py:3954} INFO - Setting next_dagrun for example_sla_dag to 2025-04-10 14:14:00+00:00, run_after=2025-04-10 14:16:00+00:00
[2025-04-10T14:17:12.893+0000] {processor.py:183} INFO - Processing /home/airflow/.local/lib/python3.12/site-packages/airflow/example_dags/example_sla_dag.py took 0.136 seconds
[2025-04-10T14:17:43.125+0000] {processor.py:161} INFO - Started process (PID=3338) to work on /home/airflow/.local/lib/python3.12/site-packages/airflow/example_dags/example_sla_dag.py
[2025-04-10T14:17:43.126+0000] {processor.py:830} INFO - Processing file /home/airflow/.local/lib/python3.12/site-packages/airflow/example_dags/example_sla_dag.py for tasks to queue
[2025-04-10T14:17:43.129+0000] {logging_mixin.py:188} INFO - [2025-04-10T14:17:43.129+0000] {dagbag.py:540} INFO - Filling up the DagBag from /home/airflow/.local/lib/python3.12/site-packages/airflow/example_dags/example_sla_dag.py
[2025-04-10T14:17:43.143+0000] {processor.py:840} INFO - DAG(s) 'example_sla_dag' retrieved from /home/airflow/.local/lib/python3.12/site-packages/airflow/example_dags/example_sla_dag.py
[2025-04-10T14:17:43.175+0000] {logging_mixin.py:188} INFO - [2025-04-10T14:17:43.175+0000] {dag.py:3096} INFO - Sync 1 DAGs
[2025-04-10T14:17:43.220+0000] {logging_mixin.py:188} INFO - [2025-04-10T14:17:43.220+0000] {dag.py:3954} INFO - Setting next_dagrun for example_sla_dag to 2025-04-10 14:14:00+00:00, run_after=2025-04-10 14:16:00+00:00
[2025-04-10T14:17:43.254+0000] {processor.py:183} INFO - Processing /home/airflow/.local/lib/python3.12/site-packages/airflow/example_dags/example_sla_dag.py took 0.141 seconds
[2025-04-10T14:18:14.034+0000] {processor.py:161} INFO - Started process (PID=3399) to work on /home/airflow/.local/lib/python3.12/site-packages/airflow/example_dags/example_sla_dag.py
[2025-04-10T14:18:14.035+0000] {processor.py:830} INFO - Processing file /home/airflow/.local/lib/python3.12/site-packages/airflow/example_dags/example_sla_dag.py for tasks to queue
[2025-04-10T14:18:14.038+0000] {logging_mixin.py:188} INFO - [2025-04-10T14:18:14.038+0000] {dagbag.py:540} INFO - Filling up the DagBag from /home/airflow/.local/lib/python3.12/site-packages/airflow/example_dags/example_sla_dag.py
[2025-04-10T14:18:14.053+0000] {processor.py:840} INFO - DAG(s) 'example_sla_dag' retrieved from /home/airflow/.local/lib/python3.12/site-packages/airflow/example_dags/example_sla_dag.py
[2025-04-10T14:18:14.085+0000] {logging_mixin.py:188} INFO - [2025-04-10T14:18:14.084+0000] {dag.py:3096} INFO - Sync 1 DAGs
[2025-04-10T14:18:14.129+0000] {logging_mixin.py:188} INFO - [2025-04-10T14:18:14.129+0000] {dag.py:3954} INFO - Setting next_dagrun for example_sla_dag to 2025-04-10 14:16:00+00:00, run_after=2025-04-10 14:18:00+00:00
[2025-04-10T14:18:14.164+0000] {processor.py:183} INFO - Processing /home/airflow/.local/lib/python3.12/site-packages/airflow/example_dags/example_sla_dag.py took 0.140 seconds
[2025-04-10T14:18:44.427+0000] {processor.py:161} INFO - Started process (PID=3459) to work on /home/airflow/.local/lib/python3.12/site-packages/airflow/example_dags/example_sla_dag.py
[2025-04-10T14:18:44.429+0000] {processor.py:830} INFO - Processing file /home/airflow/.local/lib/python3.12/site-packages/airflow/example_dags/example_sla_dag.py for tasks to queue
[2025-04-10T14:18:44.432+0000] {logging_mixin.py:188} INFO - [2025-04-10T14:18:44.432+0000] {dagbag.py:540} INFO - Filling up the DagBag from /home/airflow/.local/lib/python3.12/site-packages/airflow/example_dags/example_sla_dag.py
[2025-04-10T14:18:44.447+0000] {processor.py:840} INFO - DAG(s) 'example_sla_dag' retrieved from /home/airflow/.local/lib/python3.12/site-packages/airflow/example_dags/example_sla_dag.py
[2025-04-10T14:18:44.478+0000] {logging_mixin.py:188} INFO - [2025-04-10T14:18:44.478+0000] {dag.py:3096} INFO - Sync 1 DAGs
[2025-04-10T14:18:44.521+0000] {logging_mixin.py:188} INFO - [2025-04-10T14:18:44.520+0000] {dag.py:3954} INFO - Setting next_dagrun for example_sla_dag to 2025-04-10 14:16:00+00:00, run_after=2025-04-10 14:18:00+00:00
[2025-04-10T14:18:44.554+0000] {processor.py:183} INFO - Processing /home/airflow/.local/lib/python3.12/site-packages/airflow/example_dags/example_sla_dag.py took 0.137 seconds
[2025-04-10T14:19:14.782+0000] {processor.py:161} INFO - Started process (PID=3518) to work on /home/airflow/.local/lib/python3.12/site-packages/airflow/example_dags/example_sla_dag.py
[2025-04-10T14:19:14.783+0000] {processor.py:830} INFO - Processing file /home/airflow/.local/lib/python3.12/site-packages/airflow/example_dags/example_sla_dag.py for tasks to queue
[2025-04-10T14:19:14.788+0000] {logging_mixin.py:188} INFO - [2025-04-10T14:19:14.787+0000] {dagbag.py:540} INFO - Filling up the DagBag from /home/airflow/.local/lib/python3.12/site-packages/airflow/example_dags/example_sla_dag.py
[2025-04-10T14:19:14.801+0000] {processor.py:840} INFO - DAG(s) 'example_sla_dag' retrieved from /home/airflow/.local/lib/python3.12/site-packages/airflow/example_dags/example_sla_dag.py
[2025-04-10T14:19:14.834+0000] {logging_mixin.py:188} INFO - [2025-04-10T14:19:14.833+0000] {dag.py:3096} INFO - Sync 1 DAGs
[2025-04-10T14:19:14.878+0000] {logging_mixin.py:188} INFO - [2025-04-10T14:19:14.877+0000] {dag.py:3954} INFO - Setting next_dagrun for example_sla_dag to 2025-04-10 14:16:00+00:00, run_after=2025-04-10 14:18:00+00:00
[2025-04-10T14:19:14.910+0000] {processor.py:183} INFO - Processing /home/airflow/.local/lib/python3.12/site-packages/airflow/example_dags/example_sla_dag.py took 0.142 seconds
[2025-04-10T14:19:45.238+0000] {processor.py:161} INFO - Started process (PID=3579) to work on /home/airflow/.local/lib/python3.12/site-packages/airflow/example_dags/example_sla_dag.py
[2025-04-10T14:19:45.239+0000] {processor.py:830} INFO - Processing file /home/airflow/.local/lib/python3.12/site-packages/airflow/example_dags/example_sla_dag.py for tasks to queue
[2025-04-10T14:19:45.242+0000] {logging_mixin.py:188} INFO - [2025-04-10T14:19:45.242+0000] {dagbag.py:540} INFO - Filling up the DagBag from /home/airflow/.local/lib/python3.12/site-packages/airflow/example_dags/example_sla_dag.py
[2025-04-10T14:19:45.256+0000] {processor.py:840} INFO - DAG(s) 'example_sla_dag' retrieved from /home/airflow/.local/lib/python3.12/site-packages/airflow/example_dags/example_sla_dag.py
[2025-04-10T14:19:45.289+0000] {logging_mixin.py:188} INFO - [2025-04-10T14:19:45.289+0000] {dag.py:3096} INFO - Sync 1 DAGs
[2025-04-10T14:19:45.333+0000] {logging_mixin.py:188} INFO - [2025-04-10T14:19:45.333+0000] {dag.py:3954} INFO - Setting next_dagrun for example_sla_dag to 2025-04-10 14:16:00+00:00, run_after=2025-04-10 14:18:00+00:00
[2025-04-10T14:19:45.366+0000] {processor.py:183} INFO - Processing /home/airflow/.local/lib/python3.12/site-packages/airflow/example_dags/example_sla_dag.py took 0.139 seconds
[2025-04-10T14:20:15.541+0000] {processor.py:161} INFO - Started process (PID=3639) to work on /home/airflow/.local/lib/python3.12/site-packages/airflow/example_dags/example_sla_dag.py
[2025-04-10T14:20:15.543+0000] {processor.py:830} INFO - Processing file /home/airflow/.local/lib/python3.12/site-packages/airflow/example_dags/example_sla_dag.py for tasks to queue
[2025-04-10T14:20:15.546+0000] {logging_mixin.py:188} INFO - [2025-04-10T14:20:15.545+0000] {dagbag.py:540} INFO - Filling up the DagBag from /home/airflow/.local/lib/python3.12/site-packages/airflow/example_dags/example_sla_dag.py
[2025-04-10T14:20:15.561+0000] {processor.py:840} INFO - DAG(s) 'example_sla_dag' retrieved from /home/airflow/.local/lib/python3.12/site-packages/airflow/example_dags/example_sla_dag.py
[2025-04-10T14:20:15.597+0000] {logging_mixin.py:188} INFO - [2025-04-10T14:20:15.596+0000] {dag.py:3096} INFO - Sync 1 DAGs
[2025-04-10T14:20:15.644+0000] {logging_mixin.py:188} INFO - [2025-04-10T14:20:15.644+0000] {dag.py:3954} INFO - Setting next_dagrun for example_sla_dag to 2025-04-10 14:18:00+00:00, run_after=2025-04-10 14:20:00+00:00
[2025-04-10T14:20:15.678+0000] {processor.py:183} INFO - Processing /home/airflow/.local/lib/python3.12/site-packages/airflow/example_dags/example_sla_dag.py took 0.147 seconds
[2025-04-10T14:20:45.781+0000] {processor.py:161} INFO - Started process (PID=3699) to work on /home/airflow/.local/lib/python3.12/site-packages/airflow/example_dags/example_sla_dag.py
[2025-04-10T14:20:45.782+0000] {processor.py:830} INFO - Processing file /home/airflow/.local/lib/python3.12/site-packages/airflow/example_dags/example_sla_dag.py for tasks to queue
[2025-04-10T14:20:45.787+0000] {logging_mixin.py:188} INFO - [2025-04-10T14:20:45.786+0000] {dagbag.py:540} INFO - Filling up the DagBag from /home/airflow/.local/lib/python3.12/site-packages/airflow/example_dags/example_sla_dag.py
[2025-04-10T14:20:45.801+0000] {processor.py:840} INFO - DAG(s) 'example_sla_dag' retrieved from /home/airflow/.local/lib/python3.12/site-packages/airflow/example_dags/example_sla_dag.py
[2025-04-10T14:20:45.833+0000] {logging_mixin.py:188} INFO - [2025-04-10T14:20:45.833+0000] {dag.py:3096} INFO - Sync 1 DAGs
[2025-04-10T14:20:45.884+0000] {logging_mixin.py:188} INFO - [2025-04-10T14:20:45.883+0000] {dag.py:3954} INFO - Setting next_dagrun for example_sla_dag to 2025-04-10 14:18:00+00:00, run_after=2025-04-10 14:20:00+00:00
[2025-04-10T14:20:45.914+0000] {processor.py:183} INFO - Processing /home/airflow/.local/lib/python3.12/site-packages/airflow/example_dags/example_sla_dag.py took 0.144 seconds
