[2025-04-10T13:35:45.888+0000] {processor.py:161} INFO - Started process (PID=109) to work on /home/airflow/.local/lib/python3.12/site-packages/airflow/example_dags/example_display_name.py
[2025-04-10T13:35:45.889+0000] {processor.py:830} INFO - Processing file /home/airflow/.local/lib/python3.12/site-packages/airflow/example_dags/example_display_name.py for tasks to queue
[2025-04-10T13:35:45.893+0000] {logging_mixin.py:188} INFO - [2025-04-10T13:35:45.893+0000] {dagbag.py:540} INFO - Filling up the DagBag from /home/airflow/.local/lib/python3.12/site-packages/airflow/example_dags/example_display_name.py
[2025-04-10T13:35:45.909+0000] {processor.py:840} INFO - DAG(s) 'example_display_name' retrieved from /home/airflow/.local/lib/python3.12/site-packages/airflow/example_dags/example_display_name.py
[2025-04-10T13:35:46.099+0000] {logging_mixin.py:188} INFO - [2025-04-10T13:35:46.098+0000] {dag.py:3096} INFO - Sync 1 DAGs
[2025-04-10T13:35:46.119+0000] {logging_mixin.py:188} INFO - [2025-04-10T13:35:46.119+0000] {dag.py:3954} INFO - Setting next_dagrun for example_display_name to None, run_after=None
[2025-04-10T13:35:46.157+0000] {processor.py:183} INFO - Processing /home/airflow/.local/lib/python3.12/site-packages/airflow/example_dags/example_display_name.py took 0.278 seconds
[2025-04-10T13:36:16.364+0000] {processor.py:161} INFO - Started process (PID=167) to work on /home/airflow/.local/lib/python3.12/site-packages/airflow/example_dags/example_display_name.py
[2025-04-10T13:36:16.365+0000] {processor.py:830} INFO - Processing file /home/airflow/.local/lib/python3.12/site-packages/airflow/example_dags/example_display_name.py for tasks to queue
[2025-04-10T13:36:16.369+0000] {logging_mixin.py:188} INFO - [2025-04-10T13:36:16.368+0000] {dagbag.py:540} INFO - Filling up the DagBag from /home/airflow/.local/lib/python3.12/site-packages/airflow/example_dags/example_display_name.py
[2025-04-10T13:36:16.377+0000] {processor.py:840} INFO - DAG(s) 'example_display_name' retrieved from /home/airflow/.local/lib/python3.12/site-packages/airflow/example_dags/example_display_name.py
[2025-04-10T13:36:16.409+0000] {logging_mixin.py:188} INFO - [2025-04-10T13:36:16.409+0000] {dag.py:3096} INFO - Sync 1 DAGs
[2025-04-10T13:36:16.433+0000] {logging_mixin.py:188} INFO - [2025-04-10T13:36:16.432+0000] {dag.py:3954} INFO - Setting next_dagrun for example_display_name to None, run_after=None
[2025-04-10T13:36:16.466+0000] {processor.py:183} INFO - Processing /home/airflow/.local/lib/python3.12/site-packages/airflow/example_dags/example_display_name.py took 0.111 seconds
[2025-04-10T13:36:47.033+0000] {processor.py:161} INFO - Started process (PID=225) to work on /home/airflow/.local/lib/python3.12/site-packages/airflow/example_dags/example_display_name.py
[2025-04-10T13:36:47.034+0000] {processor.py:830} INFO - Processing file /home/airflow/.local/lib/python3.12/site-packages/airflow/example_dags/example_display_name.py for tasks to queue
[2025-04-10T13:36:47.037+0000] {logging_mixin.py:188} INFO - [2025-04-10T13:36:47.037+0000] {dagbag.py:540} INFO - Filling up the DagBag from /home/airflow/.local/lib/python3.12/site-packages/airflow/example_dags/example_display_name.py
[2025-04-10T13:36:47.047+0000] {processor.py:840} INFO - DAG(s) 'example_display_name' retrieved from /home/airflow/.local/lib/python3.12/site-packages/airflow/example_dags/example_display_name.py
[2025-04-10T13:36:47.081+0000] {logging_mixin.py:188} INFO - [2025-04-10T13:36:47.080+0000] {dag.py:3096} INFO - Sync 1 DAGs
[2025-04-10T13:36:47.103+0000] {logging_mixin.py:188} INFO - [2025-04-10T13:36:47.102+0000] {dag.py:3954} INFO - Setting next_dagrun for example_display_name to None, run_after=None
[2025-04-10T13:36:47.136+0000] {processor.py:183} INFO - Processing /home/airflow/.local/lib/python3.12/site-packages/airflow/example_dags/example_display_name.py took 0.112 seconds
[2025-04-10T13:37:17.665+0000] {processor.py:161} INFO - Started process (PID=283) to work on /home/airflow/.local/lib/python3.12/site-packages/airflow/example_dags/example_display_name.py
[2025-04-10T13:37:17.666+0000] {processor.py:830} INFO - Processing file /home/airflow/.local/lib/python3.12/site-packages/airflow/example_dags/example_display_name.py for tasks to queue
[2025-04-10T13:37:17.669+0000] {logging_mixin.py:188} INFO - [2025-04-10T13:37:17.669+0000] {dagbag.py:540} INFO - Filling up the DagBag from /home/airflow/.local/lib/python3.12/site-packages/airflow/example_dags/example_display_name.py
[2025-04-10T13:37:17.678+0000] {processor.py:840} INFO - DAG(s) 'example_display_name' retrieved from /home/airflow/.local/lib/python3.12/site-packages/airflow/example_dags/example_display_name.py
[2025-04-10T13:37:17.710+0000] {logging_mixin.py:188} INFO - [2025-04-10T13:37:17.710+0000] {dag.py:3096} INFO - Sync 1 DAGs
[2025-04-10T13:37:17.734+0000] {logging_mixin.py:188} INFO - [2025-04-10T13:37:17.733+0000] {dag.py:3954} INFO - Setting next_dagrun for example_display_name to None, run_after=None
[2025-04-10T13:37:17.764+0000] {processor.py:183} INFO - Processing /home/airflow/.local/lib/python3.12/site-packages/airflow/example_dags/example_display_name.py took 0.109 seconds
[2025-04-10T13:37:48.133+0000] {processor.py:161} INFO - Started process (PID=341) to work on /home/airflow/.local/lib/python3.12/site-packages/airflow/example_dags/example_display_name.py
[2025-04-10T13:37:48.135+0000] {processor.py:830} INFO - Processing file /home/airflow/.local/lib/python3.12/site-packages/airflow/example_dags/example_display_name.py for tasks to queue
[2025-04-10T13:37:48.138+0000] {logging_mixin.py:188} INFO - [2025-04-10T13:37:48.138+0000] {dagbag.py:540} INFO - Filling up the DagBag from /home/airflow/.local/lib/python3.12/site-packages/airflow/example_dags/example_display_name.py
[2025-04-10T13:37:48.147+0000] {processor.py:840} INFO - DAG(s) 'example_display_name' retrieved from /home/airflow/.local/lib/python3.12/site-packages/airflow/example_dags/example_display_name.py
[2025-04-10T13:37:48.179+0000] {logging_mixin.py:188} INFO - [2025-04-10T13:37:48.178+0000] {dag.py:3096} INFO - Sync 1 DAGs
[2025-04-10T13:37:48.206+0000] {logging_mixin.py:188} INFO - [2025-04-10T13:37:48.206+0000] {dag.py:3954} INFO - Setting next_dagrun for example_display_name to None, run_after=None
[2025-04-10T13:37:48.242+0000] {processor.py:183} INFO - Processing /home/airflow/.local/lib/python3.12/site-packages/airflow/example_dags/example_display_name.py took 0.118 seconds
[2025-04-10T13:38:19.194+0000] {processor.py:161} INFO - Started process (PID=399) to work on /home/airflow/.local/lib/python3.12/site-packages/airflow/example_dags/example_display_name.py
[2025-04-10T13:38:19.196+0000] {processor.py:830} INFO - Processing file /home/airflow/.local/lib/python3.12/site-packages/airflow/example_dags/example_display_name.py for tasks to queue
[2025-04-10T13:38:19.199+0000] {logging_mixin.py:188} INFO - [2025-04-10T13:38:19.199+0000] {dagbag.py:540} INFO - Filling up the DagBag from /home/airflow/.local/lib/python3.12/site-packages/airflow/example_dags/example_display_name.py
[2025-04-10T13:38:19.210+0000] {processor.py:840} INFO - DAG(s) 'example_display_name' retrieved from /home/airflow/.local/lib/python3.12/site-packages/airflow/example_dags/example_display_name.py
[2025-04-10T13:38:19.249+0000] {logging_mixin.py:188} INFO - [2025-04-10T13:38:19.248+0000] {dag.py:3096} INFO - Sync 1 DAGs
[2025-04-10T13:38:19.290+0000] {logging_mixin.py:188} INFO - [2025-04-10T13:38:19.289+0000] {dag.py:3954} INFO - Setting next_dagrun for example_display_name to None, run_after=None
[2025-04-10T13:38:19.333+0000] {processor.py:183} INFO - Processing /home/airflow/.local/lib/python3.12/site-packages/airflow/example_dags/example_display_name.py took 0.149 seconds
[2025-04-10T13:38:49.418+0000] {processor.py:161} INFO - Started process (PID=456) to work on /home/airflow/.local/lib/python3.12/site-packages/airflow/example_dags/example_display_name.py
[2025-04-10T13:38:49.419+0000] {processor.py:830} INFO - Processing file /home/airflow/.local/lib/python3.12/site-packages/airflow/example_dags/example_display_name.py for tasks to queue
[2025-04-10T13:38:49.422+0000] {logging_mixin.py:188} INFO - [2025-04-10T13:38:49.422+0000] {dagbag.py:540} INFO - Filling up the DagBag from /home/airflow/.local/lib/python3.12/site-packages/airflow/example_dags/example_display_name.py
[2025-04-10T13:38:49.432+0000] {processor.py:840} INFO - DAG(s) 'example_display_name' retrieved from /home/airflow/.local/lib/python3.12/site-packages/airflow/example_dags/example_display_name.py
[2025-04-10T13:38:49.466+0000] {logging_mixin.py:188} INFO - [2025-04-10T13:38:49.465+0000] {dag.py:3096} INFO - Sync 1 DAGs
[2025-04-10T13:38:49.488+0000] {logging_mixin.py:188} INFO - [2025-04-10T13:38:49.487+0000] {dag.py:3954} INFO - Setting next_dagrun for example_display_name to None, run_after=None
[2025-04-10T13:38:49.520+0000] {processor.py:183} INFO - Processing /home/airflow/.local/lib/python3.12/site-packages/airflow/example_dags/example_display_name.py took 0.112 seconds
[2025-04-10T13:39:19.886+0000] {processor.py:161} INFO - Started process (PID=514) to work on /home/airflow/.local/lib/python3.12/site-packages/airflow/example_dags/example_display_name.py
[2025-04-10T13:39:19.887+0000] {processor.py:830} INFO - Processing file /home/airflow/.local/lib/python3.12/site-packages/airflow/example_dags/example_display_name.py for tasks to queue
[2025-04-10T13:39:19.890+0000] {logging_mixin.py:188} INFO - [2025-04-10T13:39:19.890+0000] {dagbag.py:540} INFO - Filling up the DagBag from /home/airflow/.local/lib/python3.12/site-packages/airflow/example_dags/example_display_name.py
[2025-04-10T13:39:19.900+0000] {processor.py:840} INFO - DAG(s) 'example_display_name' retrieved from /home/airflow/.local/lib/python3.12/site-packages/airflow/example_dags/example_display_name.py
[2025-04-10T13:39:19.932+0000] {logging_mixin.py:188} INFO - [2025-04-10T13:39:19.932+0000] {dag.py:3096} INFO - Sync 1 DAGs
[2025-04-10T13:39:19.954+0000] {logging_mixin.py:188} INFO - [2025-04-10T13:39:19.954+0000] {dag.py:3954} INFO - Setting next_dagrun for example_display_name to None, run_after=None
[2025-04-10T13:39:19.991+0000] {processor.py:183} INFO - Processing /home/airflow/.local/lib/python3.12/site-packages/airflow/example_dags/example_display_name.py took 0.115 seconds
[2025-04-10T13:39:50.547+0000] {processor.py:161} INFO - Started process (PID=572) to work on /home/airflow/.local/lib/python3.12/site-packages/airflow/example_dags/example_display_name.py
[2025-04-10T13:39:50.549+0000] {processor.py:830} INFO - Processing file /home/airflow/.local/lib/python3.12/site-packages/airflow/example_dags/example_display_name.py for tasks to queue
[2025-04-10T13:39:50.552+0000] {logging_mixin.py:188} INFO - [2025-04-10T13:39:50.552+0000] {dagbag.py:540} INFO - Filling up the DagBag from /home/airflow/.local/lib/python3.12/site-packages/airflow/example_dags/example_display_name.py
[2025-04-10T13:39:50.563+0000] {processor.py:840} INFO - DAG(s) 'example_display_name' retrieved from /home/airflow/.local/lib/python3.12/site-packages/airflow/example_dags/example_display_name.py
[2025-04-10T13:39:50.597+0000] {logging_mixin.py:188} INFO - [2025-04-10T13:39:50.596+0000] {dag.py:3096} INFO - Sync 1 DAGs
[2025-04-10T13:39:50.621+0000] {logging_mixin.py:188} INFO - [2025-04-10T13:39:50.621+0000] {dag.py:3954} INFO - Setting next_dagrun for example_display_name to None, run_after=None
[2025-04-10T13:39:50.660+0000] {processor.py:183} INFO - Processing /home/airflow/.local/lib/python3.12/site-packages/airflow/example_dags/example_display_name.py took 0.123 seconds
[2025-04-10T13:40:21.140+0000] {processor.py:161} INFO - Started process (PID=630) to work on /home/airflow/.local/lib/python3.12/site-packages/airflow/example_dags/example_display_name.py
[2025-04-10T13:40:21.142+0000] {processor.py:830} INFO - Processing file /home/airflow/.local/lib/python3.12/site-packages/airflow/example_dags/example_display_name.py for tasks to queue
[2025-04-10T13:40:21.145+0000] {logging_mixin.py:188} INFO - [2025-04-10T13:40:21.144+0000] {dagbag.py:540} INFO - Filling up the DagBag from /home/airflow/.local/lib/python3.12/site-packages/airflow/example_dags/example_display_name.py
[2025-04-10T13:40:21.155+0000] {processor.py:840} INFO - DAG(s) 'example_display_name' retrieved from /home/airflow/.local/lib/python3.12/site-packages/airflow/example_dags/example_display_name.py
[2025-04-10T13:40:21.192+0000] {logging_mixin.py:188} INFO - [2025-04-10T13:40:21.191+0000] {dag.py:3096} INFO - Sync 1 DAGs
[2025-04-10T13:40:21.216+0000] {logging_mixin.py:188} INFO - [2025-04-10T13:40:21.215+0000] {dag.py:3954} INFO - Setting next_dagrun for example_display_name to None, run_after=None
[2025-04-10T13:40:21.251+0000] {processor.py:183} INFO - Processing /home/airflow/.local/lib/python3.12/site-packages/airflow/example_dags/example_display_name.py took 0.121 seconds
[2025-04-10T13:40:52.251+0000] {processor.py:161} INFO - Started process (PID=688) to work on /home/airflow/.local/lib/python3.12/site-packages/airflow/example_dags/example_display_name.py
[2025-04-10T13:40:52.253+0000] {processor.py:830} INFO - Processing file /home/airflow/.local/lib/python3.12/site-packages/airflow/example_dags/example_display_name.py for tasks to queue
[2025-04-10T13:40:52.255+0000] {logging_mixin.py:188} INFO - [2025-04-10T13:40:52.255+0000] {dagbag.py:540} INFO - Filling up the DagBag from /home/airflow/.local/lib/python3.12/site-packages/airflow/example_dags/example_display_name.py
[2025-04-10T13:40:52.264+0000] {processor.py:840} INFO - DAG(s) 'example_display_name' retrieved from /home/airflow/.local/lib/python3.12/site-packages/airflow/example_dags/example_display_name.py
[2025-04-10T13:40:52.298+0000] {logging_mixin.py:188} INFO - [2025-04-10T13:40:52.298+0000] {dag.py:3096} INFO - Sync 1 DAGs
[2025-04-10T13:40:52.321+0000] {logging_mixin.py:188} INFO - [2025-04-10T13:40:52.320+0000] {dag.py:3954} INFO - Setting next_dagrun for example_display_name to None, run_after=None
[2025-04-10T13:40:52.354+0000] {processor.py:183} INFO - Processing /home/airflow/.local/lib/python3.12/site-packages/airflow/example_dags/example_display_name.py took 0.112 seconds
[2025-04-10T13:41:23.047+0000] {processor.py:161} INFO - Started process (PID=746) to work on /home/airflow/.local/lib/python3.12/site-packages/airflow/example_dags/example_display_name.py
[2025-04-10T13:41:23.049+0000] {processor.py:830} INFO - Processing file /home/airflow/.local/lib/python3.12/site-packages/airflow/example_dags/example_display_name.py for tasks to queue
[2025-04-10T13:41:23.052+0000] {logging_mixin.py:188} INFO - [2025-04-10T13:41:23.052+0000] {dagbag.py:540} INFO - Filling up the DagBag from /home/airflow/.local/lib/python3.12/site-packages/airflow/example_dags/example_display_name.py
[2025-04-10T13:41:23.064+0000] {processor.py:840} INFO - DAG(s) 'example_display_name' retrieved from /home/airflow/.local/lib/python3.12/site-packages/airflow/example_dags/example_display_name.py
[2025-04-10T13:41:23.102+0000] {logging_mixin.py:188} INFO - [2025-04-10T13:41:23.102+0000] {dag.py:3096} INFO - Sync 1 DAGs
[2025-04-10T13:41:23.130+0000] {logging_mixin.py:188} INFO - [2025-04-10T13:41:23.129+0000] {dag.py:3954} INFO - Setting next_dagrun for example_display_name to None, run_after=None
[2025-04-10T13:41:23.170+0000] {processor.py:183} INFO - Processing /home/airflow/.local/lib/python3.12/site-packages/airflow/example_dags/example_display_name.py took 0.135 seconds
[2025-04-10T13:50:09.002+0000] {processor.py:161} INFO - Started process (PID=109) to work on /home/airflow/.local/lib/python3.12/site-packages/airflow/example_dags/example_display_name.py
[2025-04-10T13:50:09.003+0000] {processor.py:830} INFO - Processing file /home/airflow/.local/lib/python3.12/site-packages/airflow/example_dags/example_display_name.py for tasks to queue
[2025-04-10T13:50:09.006+0000] {logging_mixin.py:188} INFO - [2025-04-10T13:50:09.006+0000] {dagbag.py:540} INFO - Filling up the DagBag from /home/airflow/.local/lib/python3.12/site-packages/airflow/example_dags/example_display_name.py
[2025-04-10T13:50:09.016+0000] {processor.py:840} INFO - DAG(s) 'example_display_name' retrieved from /home/airflow/.local/lib/python3.12/site-packages/airflow/example_dags/example_display_name.py
[2025-04-10T13:50:09.213+0000] {logging_mixin.py:188} INFO - [2025-04-10T13:50:09.213+0000] {dag.py:3096} INFO - Sync 1 DAGs
[2025-04-10T13:50:09.234+0000] {logging_mixin.py:188} INFO - [2025-04-10T13:50:09.234+0000] {dag.py:3954} INFO - Setting next_dagrun for example_display_name to None, run_after=None
[2025-04-10T13:50:09.270+0000] {processor.py:183} INFO - Processing /home/airflow/.local/lib/python3.12/site-packages/airflow/example_dags/example_display_name.py took 0.278 seconds
[2025-04-10T13:50:39.941+0000] {processor.py:161} INFO - Started process (PID=167) to work on /home/airflow/.local/lib/python3.12/site-packages/airflow/example_dags/example_display_name.py
[2025-04-10T13:50:39.942+0000] {processor.py:830} INFO - Processing file /home/airflow/.local/lib/python3.12/site-packages/airflow/example_dags/example_display_name.py for tasks to queue
[2025-04-10T13:50:39.946+0000] {logging_mixin.py:188} INFO - [2025-04-10T13:50:39.946+0000] {dagbag.py:540} INFO - Filling up the DagBag from /home/airflow/.local/lib/python3.12/site-packages/airflow/example_dags/example_display_name.py
[2025-04-10T13:50:39.955+0000] {processor.py:840} INFO - DAG(s) 'example_display_name' retrieved from /home/airflow/.local/lib/python3.12/site-packages/airflow/example_dags/example_display_name.py
[2025-04-10T13:50:39.988+0000] {logging_mixin.py:188} INFO - [2025-04-10T13:50:39.987+0000] {dag.py:3096} INFO - Sync 1 DAGs
[2025-04-10T13:50:40.011+0000] {logging_mixin.py:188} INFO - [2025-04-10T13:50:40.011+0000] {dag.py:3954} INFO - Setting next_dagrun for example_display_name to None, run_after=None
[2025-04-10T13:50:40.045+0000] {processor.py:183} INFO - Processing /home/airflow/.local/lib/python3.12/site-packages/airflow/example_dags/example_display_name.py took 0.114 seconds
[2025-04-10T13:51:11.010+0000] {processor.py:161} INFO - Started process (PID=225) to work on /home/airflow/.local/lib/python3.12/site-packages/airflow/example_dags/example_display_name.py
[2025-04-10T13:51:11.011+0000] {processor.py:830} INFO - Processing file /home/airflow/.local/lib/python3.12/site-packages/airflow/example_dags/example_display_name.py for tasks to queue
[2025-04-10T13:51:11.015+0000] {logging_mixin.py:188} INFO - [2025-04-10T13:51:11.015+0000] {dagbag.py:540} INFO - Filling up the DagBag from /home/airflow/.local/lib/python3.12/site-packages/airflow/example_dags/example_display_name.py
[2025-04-10T13:51:11.024+0000] {processor.py:840} INFO - DAG(s) 'example_display_name' retrieved from /home/airflow/.local/lib/python3.12/site-packages/airflow/example_dags/example_display_name.py
[2025-04-10T13:51:11.057+0000] {logging_mixin.py:188} INFO - [2025-04-10T13:51:11.056+0000] {dag.py:3096} INFO - Sync 1 DAGs
[2025-04-10T13:51:11.085+0000] {logging_mixin.py:188} INFO - [2025-04-10T13:51:11.084+0000] {dag.py:3954} INFO - Setting next_dagrun for example_display_name to None, run_after=None
[2025-04-10T13:51:11.122+0000] {processor.py:183} INFO - Processing /home/airflow/.local/lib/python3.12/site-packages/airflow/example_dags/example_display_name.py took 0.122 seconds
[2025-04-10T13:51:41.492+0000] {processor.py:161} INFO - Started process (PID=283) to work on /home/airflow/.local/lib/python3.12/site-packages/airflow/example_dags/example_display_name.py
[2025-04-10T13:51:41.494+0000] {processor.py:830} INFO - Processing file /home/airflow/.local/lib/python3.12/site-packages/airflow/example_dags/example_display_name.py for tasks to queue
[2025-04-10T13:51:41.497+0000] {logging_mixin.py:188} INFO - [2025-04-10T13:51:41.497+0000] {dagbag.py:540} INFO - Filling up the DagBag from /home/airflow/.local/lib/python3.12/site-packages/airflow/example_dags/example_display_name.py
[2025-04-10T13:51:41.507+0000] {processor.py:840} INFO - DAG(s) 'example_display_name' retrieved from /home/airflow/.local/lib/python3.12/site-packages/airflow/example_dags/example_display_name.py
[2025-04-10T13:51:41.538+0000] {logging_mixin.py:188} INFO - [2025-04-10T13:51:41.538+0000] {dag.py:3096} INFO - Sync 1 DAGs
[2025-04-10T13:51:41.561+0000] {logging_mixin.py:188} INFO - [2025-04-10T13:51:41.561+0000] {dag.py:3954} INFO - Setting next_dagrun for example_display_name to None, run_after=None
[2025-04-10T13:51:41.594+0000] {processor.py:183} INFO - Processing /home/airflow/.local/lib/python3.12/site-packages/airflow/example_dags/example_display_name.py took 0.112 seconds
[2025-04-10T13:52:11.959+0000] {processor.py:161} INFO - Started process (PID=341) to work on /home/airflow/.local/lib/python3.12/site-packages/airflow/example_dags/example_display_name.py
[2025-04-10T13:52:11.961+0000] {processor.py:830} INFO - Processing file /home/airflow/.local/lib/python3.12/site-packages/airflow/example_dags/example_display_name.py for tasks to queue
[2025-04-10T13:52:11.966+0000] {logging_mixin.py:188} INFO - [2025-04-10T13:52:11.965+0000] {dagbag.py:540} INFO - Filling up the DagBag from /home/airflow/.local/lib/python3.12/site-packages/airflow/example_dags/example_display_name.py
[2025-04-10T13:52:11.976+0000] {processor.py:840} INFO - DAG(s) 'example_display_name' retrieved from /home/airflow/.local/lib/python3.12/site-packages/airflow/example_dags/example_display_name.py
[2025-04-10T13:52:12.010+0000] {logging_mixin.py:188} INFO - [2025-04-10T13:52:12.009+0000] {dag.py:3096} INFO - Sync 1 DAGs
[2025-04-10T13:52:12.033+0000] {logging_mixin.py:188} INFO - [2025-04-10T13:52:12.032+0000] {dag.py:3954} INFO - Setting next_dagrun for example_display_name to None, run_after=None
[2025-04-10T13:52:12.066+0000] {processor.py:183} INFO - Processing /home/airflow/.local/lib/python3.12/site-packages/airflow/example_dags/example_display_name.py took 0.118 seconds
[2025-04-10T13:52:42.181+0000] {processor.py:161} INFO - Started process (PID=399) to work on /home/airflow/.local/lib/python3.12/site-packages/airflow/example_dags/example_display_name.py
[2025-04-10T13:52:42.183+0000] {processor.py:830} INFO - Processing file /home/airflow/.local/lib/python3.12/site-packages/airflow/example_dags/example_display_name.py for tasks to queue
[2025-04-10T13:52:42.186+0000] {logging_mixin.py:188} INFO - [2025-04-10T13:52:42.185+0000] {dagbag.py:540} INFO - Filling up the DagBag from /home/airflow/.local/lib/python3.12/site-packages/airflow/example_dags/example_display_name.py
[2025-04-10T13:52:42.196+0000] {processor.py:840} INFO - DAG(s) 'example_display_name' retrieved from /home/airflow/.local/lib/python3.12/site-packages/airflow/example_dags/example_display_name.py
[2025-04-10T13:52:42.229+0000] {logging_mixin.py:188} INFO - [2025-04-10T13:52:42.229+0000] {dag.py:3096} INFO - Sync 1 DAGs
[2025-04-10T13:52:42.254+0000] {logging_mixin.py:188} INFO - [2025-04-10T13:52:42.253+0000] {dag.py:3954} INFO - Setting next_dagrun for example_display_name to None, run_after=None
[2025-04-10T13:52:42.289+0000] {processor.py:183} INFO - Processing /home/airflow/.local/lib/python3.12/site-packages/airflow/example_dags/example_display_name.py took 0.117 seconds
[2025-04-10T13:53:12.602+0000] {processor.py:161} INFO - Started process (PID=457) to work on /home/airflow/.local/lib/python3.12/site-packages/airflow/example_dags/example_display_name.py
[2025-04-10T13:53:12.604+0000] {processor.py:830} INFO - Processing file /home/airflow/.local/lib/python3.12/site-packages/airflow/example_dags/example_display_name.py for tasks to queue
[2025-04-10T13:53:12.607+0000] {logging_mixin.py:188} INFO - [2025-04-10T13:53:12.606+0000] {dagbag.py:540} INFO - Filling up the DagBag from /home/airflow/.local/lib/python3.12/site-packages/airflow/example_dags/example_display_name.py
[2025-04-10T13:53:12.616+0000] {processor.py:840} INFO - DAG(s) 'example_display_name' retrieved from /home/airflow/.local/lib/python3.12/site-packages/airflow/example_dags/example_display_name.py
[2025-04-10T13:53:12.650+0000] {logging_mixin.py:188} INFO - [2025-04-10T13:53:12.649+0000] {dag.py:3096} INFO - Sync 1 DAGs
[2025-04-10T13:53:12.674+0000] {logging_mixin.py:188} INFO - [2025-04-10T13:53:12.673+0000] {dag.py:3954} INFO - Setting next_dagrun for example_display_name to None, run_after=None
[2025-04-10T13:53:12.712+0000] {processor.py:183} INFO - Processing /home/airflow/.local/lib/python3.12/site-packages/airflow/example_dags/example_display_name.py took 0.120 seconds
[2025-04-10T13:53:42.947+0000] {processor.py:161} INFO - Started process (PID=515) to work on /home/airflow/.local/lib/python3.12/site-packages/airflow/example_dags/example_display_name.py
[2025-04-10T13:53:42.949+0000] {processor.py:830} INFO - Processing file /home/airflow/.local/lib/python3.12/site-packages/airflow/example_dags/example_display_name.py for tasks to queue
[2025-04-10T13:53:42.953+0000] {logging_mixin.py:188} INFO - [2025-04-10T13:53:42.951+0000] {dagbag.py:540} INFO - Filling up the DagBag from /home/airflow/.local/lib/python3.12/site-packages/airflow/example_dags/example_display_name.py
[2025-04-10T13:53:42.961+0000] {processor.py:840} INFO - DAG(s) 'example_display_name' retrieved from /home/airflow/.local/lib/python3.12/site-packages/airflow/example_dags/example_display_name.py
[2025-04-10T13:53:42.993+0000] {logging_mixin.py:188} INFO - [2025-04-10T13:53:42.993+0000] {dag.py:3096} INFO - Sync 1 DAGs
[2025-04-10T13:53:43.016+0000] {logging_mixin.py:188} INFO - [2025-04-10T13:53:43.015+0000] {dag.py:3954} INFO - Setting next_dagrun for example_display_name to None, run_after=None
[2025-04-10T13:53:43.050+0000] {processor.py:183} INFO - Processing /home/airflow/.local/lib/python3.12/site-packages/airflow/example_dags/example_display_name.py took 0.112 seconds
[2025-04-10T13:54:13.167+0000] {processor.py:161} INFO - Started process (PID=572) to work on /home/airflow/.local/lib/python3.12/site-packages/airflow/example_dags/example_display_name.py
[2025-04-10T13:54:13.169+0000] {processor.py:830} INFO - Processing file /home/airflow/.local/lib/python3.12/site-packages/airflow/example_dags/example_display_name.py for tasks to queue
[2025-04-10T13:54:13.173+0000] {logging_mixin.py:188} INFO - [2025-04-10T13:54:13.173+0000] {dagbag.py:540} INFO - Filling up the DagBag from /home/airflow/.local/lib/python3.12/site-packages/airflow/example_dags/example_display_name.py
[2025-04-10T13:54:13.184+0000] {processor.py:840} INFO - DAG(s) 'example_display_name' retrieved from /home/airflow/.local/lib/python3.12/site-packages/airflow/example_dags/example_display_name.py
[2025-04-10T13:54:13.220+0000] {logging_mixin.py:188} INFO - [2025-04-10T13:54:13.220+0000] {dag.py:3096} INFO - Sync 1 DAGs
[2025-04-10T13:54:13.245+0000] {logging_mixin.py:188} INFO - [2025-04-10T13:54:13.245+0000] {dag.py:3954} INFO - Setting next_dagrun for example_display_name to None, run_after=None
[2025-04-10T13:54:13.284+0000] {processor.py:183} INFO - Processing /home/airflow/.local/lib/python3.12/site-packages/airflow/example_dags/example_display_name.py took 0.128 seconds
[2025-04-10T13:54:43.474+0000] {processor.py:161} INFO - Started process (PID=630) to work on /home/airflow/.local/lib/python3.12/site-packages/airflow/example_dags/example_display_name.py
[2025-04-10T13:54:43.476+0000] {processor.py:830} INFO - Processing file /home/airflow/.local/lib/python3.12/site-packages/airflow/example_dags/example_display_name.py for tasks to queue
[2025-04-10T13:54:43.480+0000] {logging_mixin.py:188} INFO - [2025-04-10T13:54:43.479+0000] {dagbag.py:540} INFO - Filling up the DagBag from /home/airflow/.local/lib/python3.12/site-packages/airflow/example_dags/example_display_name.py
[2025-04-10T13:54:43.491+0000] {processor.py:840} INFO - DAG(s) 'example_display_name' retrieved from /home/airflow/.local/lib/python3.12/site-packages/airflow/example_dags/example_display_name.py
[2025-04-10T13:54:43.532+0000] {logging_mixin.py:188} INFO - [2025-04-10T13:54:43.532+0000] {dag.py:3096} INFO - Sync 1 DAGs
[2025-04-10T13:54:43.562+0000] {logging_mixin.py:188} INFO - [2025-04-10T13:54:43.561+0000] {dag.py:3954} INFO - Setting next_dagrun for example_display_name to None, run_after=None
[2025-04-10T13:54:43.600+0000] {processor.py:183} INFO - Processing /home/airflow/.local/lib/python3.12/site-packages/airflow/example_dags/example_display_name.py took 0.137 seconds
[2025-04-10T13:55:13.790+0000] {processor.py:161} INFO - Started process (PID=690) to work on /home/airflow/.local/lib/python3.12/site-packages/airflow/example_dags/example_display_name.py
[2025-04-10T13:55:13.792+0000] {processor.py:830} INFO - Processing file /home/airflow/.local/lib/python3.12/site-packages/airflow/example_dags/example_display_name.py for tasks to queue
[2025-04-10T13:55:13.795+0000] {logging_mixin.py:188} INFO - [2025-04-10T13:55:13.794+0000] {dagbag.py:540} INFO - Filling up the DagBag from /home/airflow/.local/lib/python3.12/site-packages/airflow/example_dags/example_display_name.py
[2025-04-10T13:55:13.804+0000] {processor.py:840} INFO - DAG(s) 'example_display_name' retrieved from /home/airflow/.local/lib/python3.12/site-packages/airflow/example_dags/example_display_name.py
[2025-04-10T13:55:13.838+0000] {logging_mixin.py:188} INFO - [2025-04-10T13:55:13.837+0000] {dag.py:3096} INFO - Sync 1 DAGs
[2025-04-10T13:55:13.862+0000] {logging_mixin.py:188} INFO - [2025-04-10T13:55:13.861+0000] {dag.py:3954} INFO - Setting next_dagrun for example_display_name to None, run_after=None
[2025-04-10T13:55:13.897+0000] {processor.py:183} INFO - Processing /home/airflow/.local/lib/python3.12/site-packages/airflow/example_dags/example_display_name.py took 0.116 seconds
[2025-04-10T13:55:43.995+0000] {processor.py:161} INFO - Started process (PID=750) to work on /home/airflow/.local/lib/python3.12/site-packages/airflow/example_dags/example_display_name.py
[2025-04-10T13:55:43.997+0000] {processor.py:830} INFO - Processing file /home/airflow/.local/lib/python3.12/site-packages/airflow/example_dags/example_display_name.py for tasks to queue
[2025-04-10T13:55:44.000+0000] {logging_mixin.py:188} INFO - [2025-04-10T13:55:43.999+0000] {dagbag.py:540} INFO - Filling up the DagBag from /home/airflow/.local/lib/python3.12/site-packages/airflow/example_dags/example_display_name.py
[2025-04-10T13:55:44.010+0000] {processor.py:840} INFO - DAG(s) 'example_display_name' retrieved from /home/airflow/.local/lib/python3.12/site-packages/airflow/example_dags/example_display_name.py
[2025-04-10T13:55:44.046+0000] {logging_mixin.py:188} INFO - [2025-04-10T13:55:44.045+0000] {dag.py:3096} INFO - Sync 1 DAGs
[2025-04-10T13:55:44.070+0000] {logging_mixin.py:188} INFO - [2025-04-10T13:55:44.069+0000] {dag.py:3954} INFO - Setting next_dagrun for example_display_name to None, run_after=None
[2025-04-10T13:55:44.106+0000] {processor.py:183} INFO - Processing /home/airflow/.local/lib/python3.12/site-packages/airflow/example_dags/example_display_name.py took 0.121 seconds
[2025-04-10T13:56:14.906+0000] {processor.py:161} INFO - Started process (PID=810) to work on /home/airflow/.local/lib/python3.12/site-packages/airflow/example_dags/example_display_name.py
[2025-04-10T13:56:14.908+0000] {processor.py:830} INFO - Processing file /home/airflow/.local/lib/python3.12/site-packages/airflow/example_dags/example_display_name.py for tasks to queue
[2025-04-10T13:56:14.911+0000] {logging_mixin.py:188} INFO - [2025-04-10T13:56:14.910+0000] {dagbag.py:540} INFO - Filling up the DagBag from /home/airflow/.local/lib/python3.12/site-packages/airflow/example_dags/example_display_name.py
[2025-04-10T13:56:14.920+0000] {processor.py:840} INFO - DAG(s) 'example_display_name' retrieved from /home/airflow/.local/lib/python3.12/site-packages/airflow/example_dags/example_display_name.py
[2025-04-10T13:56:14.954+0000] {logging_mixin.py:188} INFO - [2025-04-10T13:56:14.953+0000] {dag.py:3096} INFO - Sync 1 DAGs
[2025-04-10T13:56:14.978+0000] {logging_mixin.py:188} INFO - [2025-04-10T13:56:14.978+0000] {dag.py:3954} INFO - Setting next_dagrun for example_display_name to None, run_after=None
[2025-04-10T13:56:15.012+0000] {processor.py:183} INFO - Processing /home/airflow/.local/lib/python3.12/site-packages/airflow/example_dags/example_display_name.py took 0.116 seconds
[2025-04-10T13:56:45.340+0000] {processor.py:161} INFO - Started process (PID=870) to work on /home/airflow/.local/lib/python3.12/site-packages/airflow/example_dags/example_display_name.py
[2025-04-10T13:56:45.341+0000] {processor.py:830} INFO - Processing file /home/airflow/.local/lib/python3.12/site-packages/airflow/example_dags/example_display_name.py for tasks to queue
[2025-04-10T13:56:45.344+0000] {logging_mixin.py:188} INFO - [2025-04-10T13:56:45.344+0000] {dagbag.py:540} INFO - Filling up the DagBag from /home/airflow/.local/lib/python3.12/site-packages/airflow/example_dags/example_display_name.py
[2025-04-10T13:56:45.354+0000] {processor.py:840} INFO - DAG(s) 'example_display_name' retrieved from /home/airflow/.local/lib/python3.12/site-packages/airflow/example_dags/example_display_name.py
[2025-04-10T13:56:45.391+0000] {logging_mixin.py:188} INFO - [2025-04-10T13:56:45.390+0000] {dag.py:3096} INFO - Sync 1 DAGs
[2025-04-10T13:56:45.414+0000] {logging_mixin.py:188} INFO - [2025-04-10T13:56:45.414+0000] {dag.py:3954} INFO - Setting next_dagrun for example_display_name to None, run_after=None
[2025-04-10T13:56:45.447+0000] {processor.py:183} INFO - Processing /home/airflow/.local/lib/python3.12/site-packages/airflow/example_dags/example_display_name.py took 0.117 seconds
[2025-04-10T13:57:15.607+0000] {processor.py:161} INFO - Started process (PID=930) to work on /home/airflow/.local/lib/python3.12/site-packages/airflow/example_dags/example_display_name.py
[2025-04-10T13:57:15.609+0000] {processor.py:830} INFO - Processing file /home/airflow/.local/lib/python3.12/site-packages/airflow/example_dags/example_display_name.py for tasks to queue
[2025-04-10T13:57:15.612+0000] {logging_mixin.py:188} INFO - [2025-04-10T13:57:15.612+0000] {dagbag.py:540} INFO - Filling up the DagBag from /home/airflow/.local/lib/python3.12/site-packages/airflow/example_dags/example_display_name.py
[2025-04-10T13:57:15.621+0000] {processor.py:840} INFO - DAG(s) 'example_display_name' retrieved from /home/airflow/.local/lib/python3.12/site-packages/airflow/example_dags/example_display_name.py
[2025-04-10T13:57:15.654+0000] {logging_mixin.py:188} INFO - [2025-04-10T13:57:15.654+0000] {dag.py:3096} INFO - Sync 1 DAGs
[2025-04-10T13:57:15.677+0000] {logging_mixin.py:188} INFO - [2025-04-10T13:57:15.677+0000] {dag.py:3954} INFO - Setting next_dagrun for example_display_name to None, run_after=None
[2025-04-10T13:57:15.711+0000] {processor.py:183} INFO - Processing /home/airflow/.local/lib/python3.12/site-packages/airflow/example_dags/example_display_name.py took 0.114 seconds
[2025-04-10T13:57:45.890+0000] {processor.py:161} INFO - Started process (PID=990) to work on /home/airflow/.local/lib/python3.12/site-packages/airflow/example_dags/example_display_name.py
[2025-04-10T13:57:45.892+0000] {processor.py:830} INFO - Processing file /home/airflow/.local/lib/python3.12/site-packages/airflow/example_dags/example_display_name.py for tasks to queue
[2025-04-10T13:57:45.894+0000] {logging_mixin.py:188} INFO - [2025-04-10T13:57:45.894+0000] {dagbag.py:540} INFO - Filling up the DagBag from /home/airflow/.local/lib/python3.12/site-packages/airflow/example_dags/example_display_name.py
[2025-04-10T13:57:45.903+0000] {processor.py:840} INFO - DAG(s) 'example_display_name' retrieved from /home/airflow/.local/lib/python3.12/site-packages/airflow/example_dags/example_display_name.py
[2025-04-10T13:57:45.938+0000] {logging_mixin.py:188} INFO - [2025-04-10T13:57:45.938+0000] {dag.py:3096} INFO - Sync 1 DAGs
[2025-04-10T13:57:45.961+0000] {logging_mixin.py:188} INFO - [2025-04-10T13:57:45.960+0000] {dag.py:3954} INFO - Setting next_dagrun for example_display_name to None, run_after=None
[2025-04-10T13:57:45.995+0000] {processor.py:183} INFO - Processing /home/airflow/.local/lib/python3.12/site-packages/airflow/example_dags/example_display_name.py took 0.114 seconds
[2025-04-10T13:58:16.840+0000] {processor.py:161} INFO - Started process (PID=1049) to work on /home/airflow/.local/lib/python3.12/site-packages/airflow/example_dags/example_display_name.py
[2025-04-10T13:58:16.842+0000] {processor.py:830} INFO - Processing file /home/airflow/.local/lib/python3.12/site-packages/airflow/example_dags/example_display_name.py for tasks to queue
[2025-04-10T13:58:16.845+0000] {logging_mixin.py:188} INFO - [2025-04-10T13:58:16.844+0000] {dagbag.py:540} INFO - Filling up the DagBag from /home/airflow/.local/lib/python3.12/site-packages/airflow/example_dags/example_display_name.py
[2025-04-10T13:58:16.854+0000] {processor.py:840} INFO - DAG(s) 'example_display_name' retrieved from /home/airflow/.local/lib/python3.12/site-packages/airflow/example_dags/example_display_name.py
[2025-04-10T13:58:16.890+0000] {logging_mixin.py:188} INFO - [2025-04-10T13:58:16.890+0000] {dag.py:3096} INFO - Sync 1 DAGs
[2025-04-10T13:58:16.914+0000] {logging_mixin.py:188} INFO - [2025-04-10T13:58:16.913+0000] {dag.py:3954} INFO - Setting next_dagrun for example_display_name to None, run_after=None
[2025-04-10T13:58:16.948+0000] {processor.py:183} INFO - Processing /home/airflow/.local/lib/python3.12/site-packages/airflow/example_dags/example_display_name.py took 0.117 seconds
[2025-04-10T13:58:47.203+0000] {processor.py:161} INFO - Started process (PID=1109) to work on /home/airflow/.local/lib/python3.12/site-packages/airflow/example_dags/example_display_name.py
[2025-04-10T13:58:47.205+0000] {processor.py:830} INFO - Processing file /home/airflow/.local/lib/python3.12/site-packages/airflow/example_dags/example_display_name.py for tasks to queue
[2025-04-10T13:58:47.208+0000] {logging_mixin.py:188} INFO - [2025-04-10T13:58:47.207+0000] {dagbag.py:540} INFO - Filling up the DagBag from /home/airflow/.local/lib/python3.12/site-packages/airflow/example_dags/example_display_name.py
[2025-04-10T13:58:47.218+0000] {processor.py:840} INFO - DAG(s) 'example_display_name' retrieved from /home/airflow/.local/lib/python3.12/site-packages/airflow/example_dags/example_display_name.py
[2025-04-10T13:58:47.252+0000] {logging_mixin.py:188} INFO - [2025-04-10T13:58:47.251+0000] {dag.py:3096} INFO - Sync 1 DAGs
[2025-04-10T13:58:47.275+0000] {logging_mixin.py:188} INFO - [2025-04-10T13:58:47.275+0000] {dag.py:3954} INFO - Setting next_dagrun for example_display_name to None, run_after=None
[2025-04-10T13:58:47.310+0000] {processor.py:183} INFO - Processing /home/airflow/.local/lib/python3.12/site-packages/airflow/example_dags/example_display_name.py took 0.117 seconds
[2025-04-10T13:59:17.905+0000] {processor.py:161} INFO - Started process (PID=1171) to work on /home/airflow/.local/lib/python3.12/site-packages/airflow/example_dags/example_display_name.py
[2025-04-10T13:59:17.907+0000] {processor.py:830} INFO - Processing file /home/airflow/.local/lib/python3.12/site-packages/airflow/example_dags/example_display_name.py for tasks to queue
[2025-04-10T13:59:17.910+0000] {logging_mixin.py:188} INFO - [2025-04-10T13:59:17.909+0000] {dagbag.py:540} INFO - Filling up the DagBag from /home/airflow/.local/lib/python3.12/site-packages/airflow/example_dags/example_display_name.py
[2025-04-10T13:59:17.921+0000] {processor.py:840} INFO - DAG(s) 'example_display_name' retrieved from /home/airflow/.local/lib/python3.12/site-packages/airflow/example_dags/example_display_name.py
[2025-04-10T13:59:17.957+0000] {logging_mixin.py:188} INFO - [2025-04-10T13:59:17.956+0000] {dag.py:3096} INFO - Sync 1 DAGs
[2025-04-10T13:59:17.987+0000] {logging_mixin.py:188} INFO - [2025-04-10T13:59:17.986+0000] {dag.py:3954} INFO - Setting next_dagrun for example_display_name to None, run_after=None
[2025-04-10T13:59:18.030+0000] {processor.py:183} INFO - Processing /home/airflow/.local/lib/python3.12/site-packages/airflow/example_dags/example_display_name.py took 0.135 seconds
[2025-04-10T13:59:50.454+0000] {processor.py:161} INFO - Started process (PID=1231) to work on /home/airflow/.local/lib/python3.12/site-packages/airflow/example_dags/example_display_name.py
[2025-04-10T13:59:50.456+0000] {processor.py:830} INFO - Processing file /home/airflow/.local/lib/python3.12/site-packages/airflow/example_dags/example_display_name.py for tasks to queue
[2025-04-10T13:59:50.459+0000] {logging_mixin.py:188} INFO - [2025-04-10T13:59:50.459+0000] {dagbag.py:540} INFO - Filling up the DagBag from /home/airflow/.local/lib/python3.12/site-packages/airflow/example_dags/example_display_name.py
[2025-04-10T13:59:50.469+0000] {processor.py:840} INFO - DAG(s) 'example_display_name' retrieved from /home/airflow/.local/lib/python3.12/site-packages/airflow/example_dags/example_display_name.py
[2025-04-10T13:59:50.507+0000] {logging_mixin.py:188} INFO - [2025-04-10T13:59:50.507+0000] {dag.py:3096} INFO - Sync 1 DAGs
[2025-04-10T13:59:50.784+0000] {logging_mixin.py:188} INFO - [2025-04-10T13:59:50.783+0000] {dag.py:3954} INFO - Setting next_dagrun for example_display_name to None, run_after=None
[2025-04-10T13:59:50.823+0000] {processor.py:183} INFO - Processing /home/airflow/.local/lib/python3.12/site-packages/airflow/example_dags/example_display_name.py took 0.380 seconds
[2025-04-10T14:00:21.372+0000] {processor.py:161} INFO - Started process (PID=1291) to work on /home/airflow/.local/lib/python3.12/site-packages/airflow/example_dags/example_display_name.py
[2025-04-10T14:00:21.373+0000] {processor.py:830} INFO - Processing file /home/airflow/.local/lib/python3.12/site-packages/airflow/example_dags/example_display_name.py for tasks to queue
[2025-04-10T14:00:21.376+0000] {logging_mixin.py:188} INFO - [2025-04-10T14:00:21.376+0000] {dagbag.py:540} INFO - Filling up the DagBag from /home/airflow/.local/lib/python3.12/site-packages/airflow/example_dags/example_display_name.py
[2025-04-10T14:00:21.386+0000] {processor.py:840} INFO - DAG(s) 'example_display_name' retrieved from /home/airflow/.local/lib/python3.12/site-packages/airflow/example_dags/example_display_name.py
[2025-04-10T14:00:21.419+0000] {logging_mixin.py:188} INFO - [2025-04-10T14:00:21.419+0000] {dag.py:3096} INFO - Sync 1 DAGs
[2025-04-10T14:00:21.442+0000] {logging_mixin.py:188} INFO - [2025-04-10T14:00:21.442+0000] {dag.py:3954} INFO - Setting next_dagrun for example_display_name to None, run_after=None
[2025-04-10T14:00:21.478+0000] {processor.py:183} INFO - Processing /home/airflow/.local/lib/python3.12/site-packages/airflow/example_dags/example_display_name.py took 0.115 seconds
[2025-04-10T14:00:51.592+0000] {processor.py:161} INFO - Started process (PID=1352) to work on /home/airflow/.local/lib/python3.12/site-packages/airflow/example_dags/example_display_name.py
[2025-04-10T14:00:51.593+0000] {processor.py:830} INFO - Processing file /home/airflow/.local/lib/python3.12/site-packages/airflow/example_dags/example_display_name.py for tasks to queue
[2025-04-10T14:00:51.596+0000] {logging_mixin.py:188} INFO - [2025-04-10T14:00:51.595+0000] {dagbag.py:540} INFO - Filling up the DagBag from /home/airflow/.local/lib/python3.12/site-packages/airflow/example_dags/example_display_name.py
[2025-04-10T14:00:51.604+0000] {processor.py:840} INFO - DAG(s) 'example_display_name' retrieved from /home/airflow/.local/lib/python3.12/site-packages/airflow/example_dags/example_display_name.py
[2025-04-10T14:00:51.638+0000] {logging_mixin.py:188} INFO - [2025-04-10T14:00:51.638+0000] {dag.py:3096} INFO - Sync 1 DAGs
[2025-04-10T14:00:51.662+0000] {logging_mixin.py:188} INFO - [2025-04-10T14:00:51.661+0000] {dag.py:3954} INFO - Setting next_dagrun for example_display_name to None, run_after=None
[2025-04-10T14:00:51.695+0000] {processor.py:183} INFO - Processing /home/airflow/.local/lib/python3.12/site-packages/airflow/example_dags/example_display_name.py took 0.113 seconds
[2025-04-10T14:01:22.588+0000] {processor.py:161} INFO - Started process (PID=1412) to work on /home/airflow/.local/lib/python3.12/site-packages/airflow/example_dags/example_display_name.py
[2025-04-10T14:01:22.590+0000] {processor.py:830} INFO - Processing file /home/airflow/.local/lib/python3.12/site-packages/airflow/example_dags/example_display_name.py for tasks to queue
[2025-04-10T14:01:22.594+0000] {logging_mixin.py:188} INFO - [2025-04-10T14:01:22.593+0000] {dagbag.py:540} INFO - Filling up the DagBag from /home/airflow/.local/lib/python3.12/site-packages/airflow/example_dags/example_display_name.py
[2025-04-10T14:01:22.602+0000] {processor.py:840} INFO - DAG(s) 'example_display_name' retrieved from /home/airflow/.local/lib/python3.12/site-packages/airflow/example_dags/example_display_name.py
[2025-04-10T14:01:22.634+0000] {logging_mixin.py:188} INFO - [2025-04-10T14:01:22.634+0000] {dag.py:3096} INFO - Sync 1 DAGs
[2025-04-10T14:01:22.657+0000] {logging_mixin.py:188} INFO - [2025-04-10T14:01:22.657+0000] {dag.py:3954} INFO - Setting next_dagrun for example_display_name to None, run_after=None
[2025-04-10T14:01:22.692+0000] {processor.py:183} INFO - Processing /home/airflow/.local/lib/python3.12/site-packages/airflow/example_dags/example_display_name.py took 0.114 seconds
[2025-04-10T14:01:52.853+0000] {processor.py:161} INFO - Started process (PID=1472) to work on /home/airflow/.local/lib/python3.12/site-packages/airflow/example_dags/example_display_name.py
[2025-04-10T14:01:52.854+0000] {processor.py:830} INFO - Processing file /home/airflow/.local/lib/python3.12/site-packages/airflow/example_dags/example_display_name.py for tasks to queue
[2025-04-10T14:01:52.859+0000] {logging_mixin.py:188} INFO - [2025-04-10T14:01:52.859+0000] {dagbag.py:540} INFO - Filling up the DagBag from /home/airflow/.local/lib/python3.12/site-packages/airflow/example_dags/example_display_name.py
[2025-04-10T14:01:52.868+0000] {processor.py:840} INFO - DAG(s) 'example_display_name' retrieved from /home/airflow/.local/lib/python3.12/site-packages/airflow/example_dags/example_display_name.py
[2025-04-10T14:01:52.904+0000] {logging_mixin.py:188} INFO - [2025-04-10T14:01:52.903+0000] {dag.py:3096} INFO - Sync 1 DAGs
[2025-04-10T14:01:52.926+0000] {logging_mixin.py:188} INFO - [2025-04-10T14:01:52.926+0000] {dag.py:3954} INFO - Setting next_dagrun for example_display_name to None, run_after=None
[2025-04-10T14:01:52.962+0000] {processor.py:183} INFO - Processing /home/airflow/.local/lib/python3.12/site-packages/airflow/example_dags/example_display_name.py took 0.118 seconds
[2025-04-10T14:02:24.017+0000] {processor.py:161} INFO - Started process (PID=1532) to work on /home/airflow/.local/lib/python3.12/site-packages/airflow/example_dags/example_display_name.py
[2025-04-10T14:02:24.019+0000] {processor.py:830} INFO - Processing file /home/airflow/.local/lib/python3.12/site-packages/airflow/example_dags/example_display_name.py for tasks to queue
[2025-04-10T14:02:24.023+0000] {logging_mixin.py:188} INFO - [2025-04-10T14:02:24.022+0000] {dagbag.py:540} INFO - Filling up the DagBag from /home/airflow/.local/lib/python3.12/site-packages/airflow/example_dags/example_display_name.py
[2025-04-10T14:02:24.031+0000] {processor.py:840} INFO - DAG(s) 'example_display_name' retrieved from /home/airflow/.local/lib/python3.12/site-packages/airflow/example_dags/example_display_name.py
[2025-04-10T14:02:24.066+0000] {logging_mixin.py:188} INFO - [2025-04-10T14:02:24.066+0000] {dag.py:3096} INFO - Sync 1 DAGs
[2025-04-10T14:02:24.090+0000] {logging_mixin.py:188} INFO - [2025-04-10T14:02:24.089+0000] {dag.py:3954} INFO - Setting next_dagrun for example_display_name to None, run_after=None
[2025-04-10T14:02:24.124+0000] {processor.py:183} INFO - Processing /home/airflow/.local/lib/python3.12/site-packages/airflow/example_dags/example_display_name.py took 0.117 seconds
[2025-04-10T14:02:54.278+0000] {processor.py:161} INFO - Started process (PID=1592) to work on /home/airflow/.local/lib/python3.12/site-packages/airflow/example_dags/example_display_name.py
[2025-04-10T14:02:54.279+0000] {processor.py:830} INFO - Processing file /home/airflow/.local/lib/python3.12/site-packages/airflow/example_dags/example_display_name.py for tasks to queue
[2025-04-10T14:02:54.283+0000] {logging_mixin.py:188} INFO - [2025-04-10T14:02:54.282+0000] {dagbag.py:540} INFO - Filling up the DagBag from /home/airflow/.local/lib/python3.12/site-packages/airflow/example_dags/example_display_name.py
[2025-04-10T14:02:54.291+0000] {processor.py:840} INFO - DAG(s) 'example_display_name' retrieved from /home/airflow/.local/lib/python3.12/site-packages/airflow/example_dags/example_display_name.py
[2025-04-10T14:02:54.324+0000] {logging_mixin.py:188} INFO - [2025-04-10T14:02:54.324+0000] {dag.py:3096} INFO - Sync 1 DAGs
[2025-04-10T14:02:54.348+0000] {logging_mixin.py:188} INFO - [2025-04-10T14:02:54.348+0000] {dag.py:3954} INFO - Setting next_dagrun for example_display_name to None, run_after=None
[2025-04-10T14:02:54.382+0000] {processor.py:183} INFO - Processing /home/airflow/.local/lib/python3.12/site-packages/airflow/example_dags/example_display_name.py took 0.114 seconds
[2025-04-10T14:03:24.908+0000] {processor.py:161} INFO - Started process (PID=1652) to work on /home/airflow/.local/lib/python3.12/site-packages/airflow/example_dags/example_display_name.py
[2025-04-10T14:03:24.910+0000] {processor.py:830} INFO - Processing file /home/airflow/.local/lib/python3.12/site-packages/airflow/example_dags/example_display_name.py for tasks to queue
[2025-04-10T14:03:24.914+0000] {logging_mixin.py:188} INFO - [2025-04-10T14:03:24.914+0000] {dagbag.py:540} INFO - Filling up the DagBag from /home/airflow/.local/lib/python3.12/site-packages/airflow/example_dags/example_display_name.py
[2025-04-10T14:03:24.924+0000] {processor.py:840} INFO - DAG(s) 'example_display_name' retrieved from /home/airflow/.local/lib/python3.12/site-packages/airflow/example_dags/example_display_name.py
[2025-04-10T14:03:24.959+0000] {logging_mixin.py:188} INFO - [2025-04-10T14:03:24.959+0000] {dag.py:3096} INFO - Sync 1 DAGs
[2025-04-10T14:03:24.983+0000] {logging_mixin.py:188} INFO - [2025-04-10T14:03:24.982+0000] {dag.py:3954} INFO - Setting next_dagrun for example_display_name to None, run_after=None
[2025-04-10T14:03:25.017+0000] {processor.py:183} INFO - Processing /home/airflow/.local/lib/python3.12/site-packages/airflow/example_dags/example_display_name.py took 0.119 seconds
[2025-04-10T14:03:55.451+0000] {processor.py:161} INFO - Started process (PID=1712) to work on /home/airflow/.local/lib/python3.12/site-packages/airflow/example_dags/example_display_name.py
[2025-04-10T14:03:55.453+0000] {processor.py:830} INFO - Processing file /home/airflow/.local/lib/python3.12/site-packages/airflow/example_dags/example_display_name.py for tasks to queue
[2025-04-10T14:03:55.457+0000] {logging_mixin.py:188} INFO - [2025-04-10T14:03:55.457+0000] {dagbag.py:540} INFO - Filling up the DagBag from /home/airflow/.local/lib/python3.12/site-packages/airflow/example_dags/example_display_name.py
[2025-04-10T14:03:55.466+0000] {processor.py:840} INFO - DAG(s) 'example_display_name' retrieved from /home/airflow/.local/lib/python3.12/site-packages/airflow/example_dags/example_display_name.py
[2025-04-10T14:03:55.501+0000] {logging_mixin.py:188} INFO - [2025-04-10T14:03:55.500+0000] {dag.py:3096} INFO - Sync 1 DAGs
[2025-04-10T14:03:55.524+0000] {logging_mixin.py:188} INFO - [2025-04-10T14:03:55.524+0000] {dag.py:3954} INFO - Setting next_dagrun for example_display_name to None, run_after=None
[2025-04-10T14:03:55.560+0000] {processor.py:183} INFO - Processing /home/airflow/.local/lib/python3.12/site-packages/airflow/example_dags/example_display_name.py took 0.119 seconds
[2025-04-10T14:04:26.334+0000] {processor.py:161} INFO - Started process (PID=1773) to work on /home/airflow/.local/lib/python3.12/site-packages/airflow/example_dags/example_display_name.py
[2025-04-10T14:04:26.336+0000] {processor.py:830} INFO - Processing file /home/airflow/.local/lib/python3.12/site-packages/airflow/example_dags/example_display_name.py for tasks to queue
[2025-04-10T14:04:26.340+0000] {logging_mixin.py:188} INFO - [2025-04-10T14:04:26.340+0000] {dagbag.py:540} INFO - Filling up the DagBag from /home/airflow/.local/lib/python3.12/site-packages/airflow/example_dags/example_display_name.py
[2025-04-10T14:04:26.350+0000] {processor.py:840} INFO - DAG(s) 'example_display_name' retrieved from /home/airflow/.local/lib/python3.12/site-packages/airflow/example_dags/example_display_name.py
[2025-04-10T14:04:26.384+0000] {logging_mixin.py:188} INFO - [2025-04-10T14:04:26.384+0000] {dag.py:3096} INFO - Sync 1 DAGs
[2025-04-10T14:04:26.411+0000] {logging_mixin.py:188} INFO - [2025-04-10T14:04:26.411+0000] {dag.py:3954} INFO - Setting next_dagrun for example_display_name to None, run_after=None
[2025-04-10T14:04:26.444+0000] {processor.py:183} INFO - Processing /home/airflow/.local/lib/python3.12/site-packages/airflow/example_dags/example_display_name.py took 0.119 seconds
[2025-04-10T14:04:56.867+0000] {processor.py:161} INFO - Started process (PID=1833) to work on /home/airflow/.local/lib/python3.12/site-packages/airflow/example_dags/example_display_name.py
[2025-04-10T14:04:56.869+0000] {processor.py:830} INFO - Processing file /home/airflow/.local/lib/python3.12/site-packages/airflow/example_dags/example_display_name.py for tasks to queue
[2025-04-10T14:04:56.873+0000] {logging_mixin.py:188} INFO - [2025-04-10T14:04:56.873+0000] {dagbag.py:540} INFO - Filling up the DagBag from /home/airflow/.local/lib/python3.12/site-packages/airflow/example_dags/example_display_name.py
[2025-04-10T14:04:56.882+0000] {processor.py:840} INFO - DAG(s) 'example_display_name' retrieved from /home/airflow/.local/lib/python3.12/site-packages/airflow/example_dags/example_display_name.py
[2025-04-10T14:04:56.914+0000] {logging_mixin.py:188} INFO - [2025-04-10T14:04:56.914+0000] {dag.py:3096} INFO - Sync 1 DAGs
[2025-04-10T14:04:56.937+0000] {logging_mixin.py:188} INFO - [2025-04-10T14:04:56.936+0000] {dag.py:3954} INFO - Setting next_dagrun for example_display_name to None, run_after=None
[2025-04-10T14:04:56.971+0000] {processor.py:183} INFO - Processing /home/airflow/.local/lib/python3.12/site-packages/airflow/example_dags/example_display_name.py took 0.114 seconds
[2025-04-10T14:05:27.431+0000] {processor.py:161} INFO - Started process (PID=1892) to work on /home/airflow/.local/lib/python3.12/site-packages/airflow/example_dags/example_display_name.py
[2025-04-10T14:05:27.433+0000] {processor.py:830} INFO - Processing file /home/airflow/.local/lib/python3.12/site-packages/airflow/example_dags/example_display_name.py for tasks to queue
[2025-04-10T14:05:27.436+0000] {logging_mixin.py:188} INFO - [2025-04-10T14:05:27.435+0000] {dagbag.py:540} INFO - Filling up the DagBag from /home/airflow/.local/lib/python3.12/site-packages/airflow/example_dags/example_display_name.py
[2025-04-10T14:05:27.445+0000] {processor.py:840} INFO - DAG(s) 'example_display_name' retrieved from /home/airflow/.local/lib/python3.12/site-packages/airflow/example_dags/example_display_name.py
[2025-04-10T14:05:27.478+0000] {logging_mixin.py:188} INFO - [2025-04-10T14:05:27.477+0000] {dag.py:3096} INFO - Sync 1 DAGs
[2025-04-10T14:05:27.501+0000] {logging_mixin.py:188} INFO - [2025-04-10T14:05:27.501+0000] {dag.py:3954} INFO - Setting next_dagrun for example_display_name to None, run_after=None
[2025-04-10T14:05:27.535+0000] {processor.py:183} INFO - Processing /home/airflow/.local/lib/python3.12/site-packages/airflow/example_dags/example_display_name.py took 0.114 seconds
[2025-04-10T14:05:58.265+0000] {processor.py:161} INFO - Started process (PID=1952) to work on /home/airflow/.local/lib/python3.12/site-packages/airflow/example_dags/example_display_name.py
[2025-04-10T14:05:58.266+0000] {processor.py:830} INFO - Processing file /home/airflow/.local/lib/python3.12/site-packages/airflow/example_dags/example_display_name.py for tasks to queue
[2025-04-10T14:05:58.270+0000] {logging_mixin.py:188} INFO - [2025-04-10T14:05:58.269+0000] {dagbag.py:540} INFO - Filling up the DagBag from /home/airflow/.local/lib/python3.12/site-packages/airflow/example_dags/example_display_name.py
[2025-04-10T14:05:58.279+0000] {processor.py:840} INFO - DAG(s) 'example_display_name' retrieved from /home/airflow/.local/lib/python3.12/site-packages/airflow/example_dags/example_display_name.py
[2025-04-10T14:05:58.313+0000] {logging_mixin.py:188} INFO - [2025-04-10T14:05:58.312+0000] {dag.py:3096} INFO - Sync 1 DAGs
[2025-04-10T14:05:58.336+0000] {logging_mixin.py:188} INFO - [2025-04-10T14:05:58.336+0000] {dag.py:3954} INFO - Setting next_dagrun for example_display_name to None, run_after=None
[2025-04-10T14:05:58.371+0000] {processor.py:183} INFO - Processing /home/airflow/.local/lib/python3.12/site-packages/airflow/example_dags/example_display_name.py took 0.115 seconds
[2025-04-10T14:06:28.750+0000] {processor.py:161} INFO - Started process (PID=2012) to work on /home/airflow/.local/lib/python3.12/site-packages/airflow/example_dags/example_display_name.py
[2025-04-10T14:06:28.752+0000] {processor.py:830} INFO - Processing file /home/airflow/.local/lib/python3.12/site-packages/airflow/example_dags/example_display_name.py for tasks to queue
[2025-04-10T14:06:28.755+0000] {logging_mixin.py:188} INFO - [2025-04-10T14:06:28.754+0000] {dagbag.py:540} INFO - Filling up the DagBag from /home/airflow/.local/lib/python3.12/site-packages/airflow/example_dags/example_display_name.py
[2025-04-10T14:06:28.765+0000] {processor.py:840} INFO - DAG(s) 'example_display_name' retrieved from /home/airflow/.local/lib/python3.12/site-packages/airflow/example_dags/example_display_name.py
[2025-04-10T14:06:28.798+0000] {logging_mixin.py:188} INFO - [2025-04-10T14:06:28.797+0000] {dag.py:3096} INFO - Sync 1 DAGs
[2025-04-10T14:06:28.822+0000] {logging_mixin.py:188} INFO - [2025-04-10T14:06:28.821+0000] {dag.py:3954} INFO - Setting next_dagrun for example_display_name to None, run_after=None
[2025-04-10T14:06:28.857+0000] {processor.py:183} INFO - Processing /home/airflow/.local/lib/python3.12/site-packages/airflow/example_dags/example_display_name.py took 0.117 seconds
[2025-04-10T14:06:59.767+0000] {processor.py:161} INFO - Started process (PID=2079) to work on /home/airflow/.local/lib/python3.12/site-packages/airflow/example_dags/example_display_name.py
[2025-04-10T14:06:59.768+0000] {processor.py:830} INFO - Processing file /home/airflow/.local/lib/python3.12/site-packages/airflow/example_dags/example_display_name.py for tasks to queue
[2025-04-10T14:06:59.771+0000] {logging_mixin.py:188} INFO - [2025-04-10T14:06:59.771+0000] {dagbag.py:540} INFO - Filling up the DagBag from /home/airflow/.local/lib/python3.12/site-packages/airflow/example_dags/example_display_name.py
[2025-04-10T14:06:59.784+0000] {processor.py:840} INFO - DAG(s) 'example_display_name' retrieved from /home/airflow/.local/lib/python3.12/site-packages/airflow/example_dags/example_display_name.py
[2025-04-10T14:06:59.821+0000] {logging_mixin.py:188} INFO - [2025-04-10T14:06:59.820+0000] {dag.py:3096} INFO - Sync 1 DAGs
[2025-04-10T14:06:59.844+0000] {logging_mixin.py:188} INFO - [2025-04-10T14:06:59.843+0000] {dag.py:3954} INFO - Setting next_dagrun for example_display_name to None, run_after=None
[2025-04-10T14:06:59.879+0000] {processor.py:183} INFO - Processing /home/airflow/.local/lib/python3.12/site-packages/airflow/example_dags/example_display_name.py took 0.122 seconds
[2025-04-10T14:07:30.322+0000] {processor.py:161} INFO - Started process (PID=2139) to work on /home/airflow/.local/lib/python3.12/site-packages/airflow/example_dags/example_display_name.py
[2025-04-10T14:07:30.324+0000] {processor.py:830} INFO - Processing file /home/airflow/.local/lib/python3.12/site-packages/airflow/example_dags/example_display_name.py for tasks to queue
[2025-04-10T14:07:30.326+0000] {logging_mixin.py:188} INFO - [2025-04-10T14:07:30.326+0000] {dagbag.py:540} INFO - Filling up the DagBag from /home/airflow/.local/lib/python3.12/site-packages/airflow/example_dags/example_display_name.py
[2025-04-10T14:07:30.336+0000] {processor.py:840} INFO - DAG(s) 'example_display_name' retrieved from /home/airflow/.local/lib/python3.12/site-packages/airflow/example_dags/example_display_name.py
[2025-04-10T14:07:30.374+0000] {logging_mixin.py:188} INFO - [2025-04-10T14:07:30.373+0000] {dag.py:3096} INFO - Sync 1 DAGs
[2025-04-10T14:07:30.400+0000] {logging_mixin.py:188} INFO - [2025-04-10T14:07:30.400+0000] {dag.py:3954} INFO - Setting next_dagrun for example_display_name to None, run_after=None
[2025-04-10T14:07:30.438+0000] {processor.py:183} INFO - Processing /home/airflow/.local/lib/python3.12/site-packages/airflow/example_dags/example_display_name.py took 0.126 seconds
[2025-04-10T14:08:01.027+0000] {processor.py:161} INFO - Started process (PID=2199) to work on /home/airflow/.local/lib/python3.12/site-packages/airflow/example_dags/example_display_name.py
[2025-04-10T14:08:01.029+0000] {processor.py:830} INFO - Processing file /home/airflow/.local/lib/python3.12/site-packages/airflow/example_dags/example_display_name.py for tasks to queue
[2025-04-10T14:08:01.032+0000] {logging_mixin.py:188} INFO - [2025-04-10T14:08:01.032+0000] {dagbag.py:540} INFO - Filling up the DagBag from /home/airflow/.local/lib/python3.12/site-packages/airflow/example_dags/example_display_name.py
[2025-04-10T14:08:01.042+0000] {processor.py:840} INFO - DAG(s) 'example_display_name' retrieved from /home/airflow/.local/lib/python3.12/site-packages/airflow/example_dags/example_display_name.py
[2025-04-10T14:08:01.076+0000] {logging_mixin.py:188} INFO - [2025-04-10T14:08:01.075+0000] {dag.py:3096} INFO - Sync 1 DAGs
[2025-04-10T14:08:01.099+0000] {logging_mixin.py:188} INFO - [2025-04-10T14:08:01.099+0000] {dag.py:3954} INFO - Setting next_dagrun for example_display_name to None, run_after=None
[2025-04-10T14:08:01.135+0000] {processor.py:183} INFO - Processing /home/airflow/.local/lib/python3.12/site-packages/airflow/example_dags/example_display_name.py took 0.118 seconds
[2025-04-10T14:08:31.359+0000] {processor.py:161} INFO - Started process (PID=2259) to work on /home/airflow/.local/lib/python3.12/site-packages/airflow/example_dags/example_display_name.py
[2025-04-10T14:08:31.361+0000] {processor.py:830} INFO - Processing file /home/airflow/.local/lib/python3.12/site-packages/airflow/example_dags/example_display_name.py for tasks to queue
[2025-04-10T14:08:31.364+0000] {logging_mixin.py:188} INFO - [2025-04-10T14:08:31.363+0000] {dagbag.py:540} INFO - Filling up the DagBag from /home/airflow/.local/lib/python3.12/site-packages/airflow/example_dags/example_display_name.py
[2025-04-10T14:08:31.372+0000] {processor.py:840} INFO - DAG(s) 'example_display_name' retrieved from /home/airflow/.local/lib/python3.12/site-packages/airflow/example_dags/example_display_name.py
[2025-04-10T14:08:31.406+0000] {logging_mixin.py:188} INFO - [2025-04-10T14:08:31.406+0000] {dag.py:3096} INFO - Sync 1 DAGs
[2025-04-10T14:08:31.429+0000] {logging_mixin.py:188} INFO - [2025-04-10T14:08:31.428+0000] {dag.py:3954} INFO - Setting next_dagrun for example_display_name to None, run_after=None
[2025-04-10T14:08:31.464+0000] {processor.py:183} INFO - Processing /home/airflow/.local/lib/python3.12/site-packages/airflow/example_dags/example_display_name.py took 0.115 seconds
[2025-04-10T14:09:01.665+0000] {processor.py:161} INFO - Started process (PID=2317) to work on /home/airflow/.local/lib/python3.12/site-packages/airflow/example_dags/example_display_name.py
[2025-04-10T14:09:01.667+0000] {processor.py:830} INFO - Processing file /home/airflow/.local/lib/python3.12/site-packages/airflow/example_dags/example_display_name.py for tasks to queue
[2025-04-10T14:09:01.671+0000] {logging_mixin.py:188} INFO - [2025-04-10T14:09:01.670+0000] {dagbag.py:540} INFO - Filling up the DagBag from /home/airflow/.local/lib/python3.12/site-packages/airflow/example_dags/example_display_name.py
[2025-04-10T14:09:01.679+0000] {processor.py:840} INFO - DAG(s) 'example_display_name' retrieved from /home/airflow/.local/lib/python3.12/site-packages/airflow/example_dags/example_display_name.py
[2025-04-10T14:09:01.711+0000] {logging_mixin.py:188} INFO - [2025-04-10T14:09:01.710+0000] {dag.py:3096} INFO - Sync 1 DAGs
[2025-04-10T14:09:01.734+0000] {logging_mixin.py:188} INFO - [2025-04-10T14:09:01.734+0000] {dag.py:3954} INFO - Setting next_dagrun for example_display_name to None, run_after=None
[2025-04-10T14:09:01.769+0000] {processor.py:183} INFO - Processing /home/airflow/.local/lib/python3.12/site-packages/airflow/example_dags/example_display_name.py took 0.113 seconds
[2025-04-10T14:09:32.191+0000] {processor.py:161} INFO - Started process (PID=2377) to work on /home/airflow/.local/lib/python3.12/site-packages/airflow/example_dags/example_display_name.py
[2025-04-10T14:09:32.193+0000] {processor.py:830} INFO - Processing file /home/airflow/.local/lib/python3.12/site-packages/airflow/example_dags/example_display_name.py for tasks to queue
[2025-04-10T14:09:32.197+0000] {logging_mixin.py:188} INFO - [2025-04-10T14:09:32.196+0000] {dagbag.py:540} INFO - Filling up the DagBag from /home/airflow/.local/lib/python3.12/site-packages/airflow/example_dags/example_display_name.py
[2025-04-10T14:09:32.205+0000] {processor.py:840} INFO - DAG(s) 'example_display_name' retrieved from /home/airflow/.local/lib/python3.12/site-packages/airflow/example_dags/example_display_name.py
[2025-04-10T14:09:32.240+0000] {logging_mixin.py:188} INFO - [2025-04-10T14:09:32.239+0000] {dag.py:3096} INFO - Sync 1 DAGs
[2025-04-10T14:09:32.263+0000] {logging_mixin.py:188} INFO - [2025-04-10T14:09:32.263+0000] {dag.py:3954} INFO - Setting next_dagrun for example_display_name to None, run_after=None
[2025-04-10T14:09:32.299+0000] {processor.py:183} INFO - Processing /home/airflow/.local/lib/python3.12/site-packages/airflow/example_dags/example_display_name.py took 0.118 seconds
[2025-04-10T14:10:03.179+0000] {processor.py:161} INFO - Started process (PID=2437) to work on /home/airflow/.local/lib/python3.12/site-packages/airflow/example_dags/example_display_name.py
[2025-04-10T14:10:03.181+0000] {processor.py:830} INFO - Processing file /home/airflow/.local/lib/python3.12/site-packages/airflow/example_dags/example_display_name.py for tasks to queue
[2025-04-10T14:10:03.184+0000] {logging_mixin.py:188} INFO - [2025-04-10T14:10:03.183+0000] {dagbag.py:540} INFO - Filling up the DagBag from /home/airflow/.local/lib/python3.12/site-packages/airflow/example_dags/example_display_name.py
[2025-04-10T14:10:03.193+0000] {processor.py:840} INFO - DAG(s) 'example_display_name' retrieved from /home/airflow/.local/lib/python3.12/site-packages/airflow/example_dags/example_display_name.py
[2025-04-10T14:10:03.226+0000] {logging_mixin.py:188} INFO - [2025-04-10T14:10:03.225+0000] {dag.py:3096} INFO - Sync 1 DAGs
[2025-04-10T14:10:03.249+0000] {logging_mixin.py:188} INFO - [2025-04-10T14:10:03.248+0000] {dag.py:3954} INFO - Setting next_dagrun for example_display_name to None, run_after=None
[2025-04-10T14:10:03.285+0000] {processor.py:183} INFO - Processing /home/airflow/.local/lib/python3.12/site-packages/airflow/example_dags/example_display_name.py took 0.115 seconds
[2025-04-10T14:10:33.524+0000] {processor.py:161} INFO - Started process (PID=2496) to work on /home/airflow/.local/lib/python3.12/site-packages/airflow/example_dags/example_display_name.py
[2025-04-10T14:10:33.525+0000] {processor.py:830} INFO - Processing file /home/airflow/.local/lib/python3.12/site-packages/airflow/example_dags/example_display_name.py for tasks to queue
[2025-04-10T14:10:33.530+0000] {logging_mixin.py:188} INFO - [2025-04-10T14:10:33.529+0000] {dagbag.py:540} INFO - Filling up the DagBag from /home/airflow/.local/lib/python3.12/site-packages/airflow/example_dags/example_display_name.py
[2025-04-10T14:10:33.538+0000] {processor.py:840} INFO - DAG(s) 'example_display_name' retrieved from /home/airflow/.local/lib/python3.12/site-packages/airflow/example_dags/example_display_name.py
[2025-04-10T14:10:33.572+0000] {logging_mixin.py:188} INFO - [2025-04-10T14:10:33.572+0000] {dag.py:3096} INFO - Sync 1 DAGs
[2025-04-10T14:10:33.595+0000] {logging_mixin.py:188} INFO - [2025-04-10T14:10:33.595+0000] {dag.py:3954} INFO - Setting next_dagrun for example_display_name to None, run_after=None
[2025-04-10T14:10:33.631+0000] {processor.py:183} INFO - Processing /home/airflow/.local/lib/python3.12/site-packages/airflow/example_dags/example_display_name.py took 0.118 seconds
[2025-04-10T14:11:04.161+0000] {processor.py:161} INFO - Started process (PID=2557) to work on /home/airflow/.local/lib/python3.12/site-packages/airflow/example_dags/example_display_name.py
[2025-04-10T14:11:04.162+0000] {processor.py:830} INFO - Processing file /home/airflow/.local/lib/python3.12/site-packages/airflow/example_dags/example_display_name.py for tasks to queue
[2025-04-10T14:11:04.167+0000] {logging_mixin.py:188} INFO - [2025-04-10T14:11:04.165+0000] {dagbag.py:540} INFO - Filling up the DagBag from /home/airflow/.local/lib/python3.12/site-packages/airflow/example_dags/example_display_name.py
[2025-04-10T14:11:04.175+0000] {processor.py:840} INFO - DAG(s) 'example_display_name' retrieved from /home/airflow/.local/lib/python3.12/site-packages/airflow/example_dags/example_display_name.py
[2025-04-10T14:11:04.211+0000] {logging_mixin.py:188} INFO - [2025-04-10T14:11:04.210+0000] {dag.py:3096} INFO - Sync 1 DAGs
[2025-04-10T14:11:04.234+0000] {logging_mixin.py:188} INFO - [2025-04-10T14:11:04.233+0000] {dag.py:3954} INFO - Setting next_dagrun for example_display_name to None, run_after=None
[2025-04-10T14:11:04.268+0000] {processor.py:183} INFO - Processing /home/airflow/.local/lib/python3.12/site-packages/airflow/example_dags/example_display_name.py took 0.117 seconds
[2025-04-10T14:11:34.576+0000] {processor.py:161} INFO - Started process (PID=2617) to work on /home/airflow/.local/lib/python3.12/site-packages/airflow/example_dags/example_display_name.py
[2025-04-10T14:11:34.578+0000] {processor.py:830} INFO - Processing file /home/airflow/.local/lib/python3.12/site-packages/airflow/example_dags/example_display_name.py for tasks to queue
[2025-04-10T14:11:34.581+0000] {logging_mixin.py:188} INFO - [2025-04-10T14:11:34.580+0000] {dagbag.py:540} INFO - Filling up the DagBag from /home/airflow/.local/lib/python3.12/site-packages/airflow/example_dags/example_display_name.py
[2025-04-10T14:11:34.590+0000] {processor.py:840} INFO - DAG(s) 'example_display_name' retrieved from /home/airflow/.local/lib/python3.12/site-packages/airflow/example_dags/example_display_name.py
[2025-04-10T14:11:34.626+0000] {logging_mixin.py:188} INFO - [2025-04-10T14:11:34.625+0000] {dag.py:3096} INFO - Sync 1 DAGs
[2025-04-10T14:11:34.650+0000] {logging_mixin.py:188} INFO - [2025-04-10T14:11:34.650+0000] {dag.py:3954} INFO - Setting next_dagrun for example_display_name to None, run_after=None
[2025-04-10T14:11:34.687+0000] {processor.py:183} INFO - Processing /home/airflow/.local/lib/python3.12/site-packages/airflow/example_dags/example_display_name.py took 0.121 seconds
[2025-04-10T14:12:05.709+0000] {processor.py:161} INFO - Started process (PID=2677) to work on /home/airflow/.local/lib/python3.12/site-packages/airflow/example_dags/example_display_name.py
[2025-04-10T14:12:05.710+0000] {processor.py:830} INFO - Processing file /home/airflow/.local/lib/python3.12/site-packages/airflow/example_dags/example_display_name.py for tasks to queue
[2025-04-10T14:12:05.714+0000] {logging_mixin.py:188} INFO - [2025-04-10T14:12:05.713+0000] {dagbag.py:540} INFO - Filling up the DagBag from /home/airflow/.local/lib/python3.12/site-packages/airflow/example_dags/example_display_name.py
[2025-04-10T14:12:05.723+0000] {processor.py:840} INFO - DAG(s) 'example_display_name' retrieved from /home/airflow/.local/lib/python3.12/site-packages/airflow/example_dags/example_display_name.py
[2025-04-10T14:12:05.758+0000] {logging_mixin.py:188} INFO - [2025-04-10T14:12:05.757+0000] {dag.py:3096} INFO - Sync 1 DAGs
[2025-04-10T14:12:05.786+0000] {logging_mixin.py:188} INFO - [2025-04-10T14:12:05.786+0000] {dag.py:3954} INFO - Setting next_dagrun for example_display_name to None, run_after=None
[2025-04-10T14:12:05.825+0000] {processor.py:183} INFO - Processing /home/airflow/.local/lib/python3.12/site-packages/airflow/example_dags/example_display_name.py took 0.126 seconds
[2025-04-10T14:12:36.859+0000] {processor.py:161} INFO - Started process (PID=2737) to work on /home/airflow/.local/lib/python3.12/site-packages/airflow/example_dags/example_display_name.py
[2025-04-10T14:12:36.861+0000] {processor.py:830} INFO - Processing file /home/airflow/.local/lib/python3.12/site-packages/airflow/example_dags/example_display_name.py for tasks to queue
[2025-04-10T14:12:36.864+0000] {logging_mixin.py:188} INFO - [2025-04-10T14:12:36.863+0000] {dagbag.py:540} INFO - Filling up the DagBag from /home/airflow/.local/lib/python3.12/site-packages/airflow/example_dags/example_display_name.py
[2025-04-10T14:12:36.873+0000] {processor.py:840} INFO - DAG(s) 'example_display_name' retrieved from /home/airflow/.local/lib/python3.12/site-packages/airflow/example_dags/example_display_name.py
[2025-04-10T14:12:36.908+0000] {logging_mixin.py:188} INFO - [2025-04-10T14:12:36.908+0000] {dag.py:3096} INFO - Sync 1 DAGs
[2025-04-10T14:12:36.931+0000] {logging_mixin.py:188} INFO - [2025-04-10T14:12:36.931+0000] {dag.py:3954} INFO - Setting next_dagrun for example_display_name to None, run_after=None
[2025-04-10T14:12:36.969+0000] {processor.py:183} INFO - Processing /home/airflow/.local/lib/python3.12/site-packages/airflow/example_dags/example_display_name.py took 0.120 seconds
[2025-04-10T14:13:07.440+0000] {processor.py:161} INFO - Started process (PID=2797) to work on /home/airflow/.local/lib/python3.12/site-packages/airflow/example_dags/example_display_name.py
[2025-04-10T14:13:07.441+0000] {processor.py:830} INFO - Processing file /home/airflow/.local/lib/python3.12/site-packages/airflow/example_dags/example_display_name.py for tasks to queue
[2025-04-10T14:13:07.444+0000] {logging_mixin.py:188} INFO - [2025-04-10T14:13:07.444+0000] {dagbag.py:540} INFO - Filling up the DagBag from /home/airflow/.local/lib/python3.12/site-packages/airflow/example_dags/example_display_name.py
[2025-04-10T14:13:07.454+0000] {processor.py:840} INFO - DAG(s) 'example_display_name' retrieved from /home/airflow/.local/lib/python3.12/site-packages/airflow/example_dags/example_display_name.py
[2025-04-10T14:13:07.486+0000] {logging_mixin.py:188} INFO - [2025-04-10T14:13:07.486+0000] {dag.py:3096} INFO - Sync 1 DAGs
[2025-04-10T14:13:07.508+0000] {logging_mixin.py:188} INFO - [2025-04-10T14:13:07.508+0000] {dag.py:3954} INFO - Setting next_dagrun for example_display_name to None, run_after=None
[2025-04-10T14:13:07.542+0000] {processor.py:183} INFO - Processing /home/airflow/.local/lib/python3.12/site-packages/airflow/example_dags/example_display_name.py took 0.112 seconds
[2025-04-10T14:13:38.305+0000] {processor.py:161} INFO - Started process (PID=2857) to work on /home/airflow/.local/lib/python3.12/site-packages/airflow/example_dags/example_display_name.py
[2025-04-10T14:13:38.306+0000] {processor.py:830} INFO - Processing file /home/airflow/.local/lib/python3.12/site-packages/airflow/example_dags/example_display_name.py for tasks to queue
[2025-04-10T14:13:38.309+0000] {logging_mixin.py:188} INFO - [2025-04-10T14:13:38.309+0000] {dagbag.py:540} INFO - Filling up the DagBag from /home/airflow/.local/lib/python3.12/site-packages/airflow/example_dags/example_display_name.py
[2025-04-10T14:13:38.318+0000] {processor.py:840} INFO - DAG(s) 'example_display_name' retrieved from /home/airflow/.local/lib/python3.12/site-packages/airflow/example_dags/example_display_name.py
[2025-04-10T14:13:38.351+0000] {logging_mixin.py:188} INFO - [2025-04-10T14:13:38.351+0000] {dag.py:3096} INFO - Sync 1 DAGs
[2025-04-10T14:13:38.374+0000] {logging_mixin.py:188} INFO - [2025-04-10T14:13:38.373+0000] {dag.py:3954} INFO - Setting next_dagrun for example_display_name to None, run_after=None
[2025-04-10T14:13:38.406+0000] {processor.py:183} INFO - Processing /home/airflow/.local/lib/python3.12/site-packages/airflow/example_dags/example_display_name.py took 0.111 seconds
[2025-04-10T14:14:08.991+0000] {processor.py:161} INFO - Started process (PID=2916) to work on /home/airflow/.local/lib/python3.12/site-packages/airflow/example_dags/example_display_name.py
[2025-04-10T14:14:08.993+0000] {processor.py:830} INFO - Processing file /home/airflow/.local/lib/python3.12/site-packages/airflow/example_dags/example_display_name.py for tasks to queue
[2025-04-10T14:14:08.997+0000] {logging_mixin.py:188} INFO - [2025-04-10T14:14:08.995+0000] {dagbag.py:540} INFO - Filling up the DagBag from /home/airflow/.local/lib/python3.12/site-packages/airflow/example_dags/example_display_name.py
[2025-04-10T14:14:09.005+0000] {processor.py:840} INFO - DAG(s) 'example_display_name' retrieved from /home/airflow/.local/lib/python3.12/site-packages/airflow/example_dags/example_display_name.py
[2025-04-10T14:14:09.039+0000] {logging_mixin.py:188} INFO - [2025-04-10T14:14:09.038+0000] {dag.py:3096} INFO - Sync 1 DAGs
[2025-04-10T14:14:09.062+0000] {logging_mixin.py:188} INFO - [2025-04-10T14:14:09.061+0000] {dag.py:3954} INFO - Setting next_dagrun for example_display_name to None, run_after=None
[2025-04-10T14:14:09.099+0000] {processor.py:183} INFO - Processing /home/airflow/.local/lib/python3.12/site-packages/airflow/example_dags/example_display_name.py took 0.117 seconds
[2025-04-10T14:14:39.444+0000] {processor.py:161} INFO - Started process (PID=2976) to work on /home/airflow/.local/lib/python3.12/site-packages/airflow/example_dags/example_display_name.py
[2025-04-10T14:14:39.446+0000] {processor.py:830} INFO - Processing file /home/airflow/.local/lib/python3.12/site-packages/airflow/example_dags/example_display_name.py for tasks to queue
[2025-04-10T14:14:39.450+0000] {logging_mixin.py:188} INFO - [2025-04-10T14:14:39.449+0000] {dagbag.py:540} INFO - Filling up the DagBag from /home/airflow/.local/lib/python3.12/site-packages/airflow/example_dags/example_display_name.py
[2025-04-10T14:14:39.458+0000] {processor.py:840} INFO - DAG(s) 'example_display_name' retrieved from /home/airflow/.local/lib/python3.12/site-packages/airflow/example_dags/example_display_name.py
[2025-04-10T14:14:39.492+0000] {logging_mixin.py:188} INFO - [2025-04-10T14:14:39.491+0000] {dag.py:3096} INFO - Sync 1 DAGs
[2025-04-10T14:14:39.515+0000] {logging_mixin.py:188} INFO - [2025-04-10T14:14:39.514+0000] {dag.py:3954} INFO - Setting next_dagrun for example_display_name to None, run_after=None
[2025-04-10T14:14:39.552+0000] {processor.py:183} INFO - Processing /home/airflow/.local/lib/python3.12/site-packages/airflow/example_dags/example_display_name.py took 0.117 seconds
[2025-04-10T14:15:10.102+0000] {processor.py:161} INFO - Started process (PID=3036) to work on /home/airflow/.local/lib/python3.12/site-packages/airflow/example_dags/example_display_name.py
[2025-04-10T14:15:10.104+0000] {processor.py:830} INFO - Processing file /home/airflow/.local/lib/python3.12/site-packages/airflow/example_dags/example_display_name.py for tasks to queue
[2025-04-10T14:15:10.110+0000] {logging_mixin.py:188} INFO - [2025-04-10T14:15:10.110+0000] {dagbag.py:540} INFO - Filling up the DagBag from /home/airflow/.local/lib/python3.12/site-packages/airflow/example_dags/example_display_name.py
[2025-04-10T14:15:10.119+0000] {processor.py:840} INFO - DAG(s) 'example_display_name' retrieved from /home/airflow/.local/lib/python3.12/site-packages/airflow/example_dags/example_display_name.py
[2025-04-10T14:15:10.153+0000] {logging_mixin.py:188} INFO - [2025-04-10T14:15:10.152+0000] {dag.py:3096} INFO - Sync 1 DAGs
[2025-04-10T14:15:10.178+0000] {logging_mixin.py:188} INFO - [2025-04-10T14:15:10.177+0000] {dag.py:3954} INFO - Setting next_dagrun for example_display_name to None, run_after=None
[2025-04-10T14:15:10.211+0000] {processor.py:183} INFO - Processing /home/airflow/.local/lib/python3.12/site-packages/airflow/example_dags/example_display_name.py took 0.118 seconds
[2025-04-10T14:15:40.915+0000] {processor.py:161} INFO - Started process (PID=3096) to work on /home/airflow/.local/lib/python3.12/site-packages/airflow/example_dags/example_display_name.py
[2025-04-10T14:15:40.916+0000] {processor.py:830} INFO - Processing file /home/airflow/.local/lib/python3.12/site-packages/airflow/example_dags/example_display_name.py for tasks to queue
[2025-04-10T14:15:40.920+0000] {logging_mixin.py:188} INFO - [2025-04-10T14:15:40.920+0000] {dagbag.py:540} INFO - Filling up the DagBag from /home/airflow/.local/lib/python3.12/site-packages/airflow/example_dags/example_display_name.py
[2025-04-10T14:15:40.929+0000] {processor.py:840} INFO - DAG(s) 'example_display_name' retrieved from /home/airflow/.local/lib/python3.12/site-packages/airflow/example_dags/example_display_name.py
[2025-04-10T14:15:40.961+0000] {logging_mixin.py:188} INFO - [2025-04-10T14:15:40.961+0000] {dag.py:3096} INFO - Sync 1 DAGs
[2025-04-10T14:15:40.984+0000] {logging_mixin.py:188} INFO - [2025-04-10T14:15:40.984+0000] {dag.py:3954} INFO - Setting next_dagrun for example_display_name to None, run_after=None
[2025-04-10T14:15:41.017+0000] {processor.py:183} INFO - Processing /home/airflow/.local/lib/python3.12/site-packages/airflow/example_dags/example_display_name.py took 0.113 seconds
[2025-04-10T14:16:11.457+0000] {processor.py:161} INFO - Started process (PID=3157) to work on /home/airflow/.local/lib/python3.12/site-packages/airflow/example_dags/example_display_name.py
[2025-04-10T14:16:11.458+0000] {processor.py:830} INFO - Processing file /home/airflow/.local/lib/python3.12/site-packages/airflow/example_dags/example_display_name.py for tasks to queue
[2025-04-10T14:16:11.463+0000] {logging_mixin.py:188} INFO - [2025-04-10T14:16:11.462+0000] {dagbag.py:540} INFO - Filling up the DagBag from /home/airflow/.local/lib/python3.12/site-packages/airflow/example_dags/example_display_name.py
[2025-04-10T14:16:11.471+0000] {processor.py:840} INFO - DAG(s) 'example_display_name' retrieved from /home/airflow/.local/lib/python3.12/site-packages/airflow/example_dags/example_display_name.py
[2025-04-10T14:16:11.504+0000] {logging_mixin.py:188} INFO - [2025-04-10T14:16:11.504+0000] {dag.py:3096} INFO - Sync 1 DAGs
[2025-04-10T14:16:11.532+0000] {logging_mixin.py:188} INFO - [2025-04-10T14:16:11.531+0000] {dag.py:3954} INFO - Setting next_dagrun for example_display_name to None, run_after=None
[2025-04-10T14:16:11.571+0000] {processor.py:183} INFO - Processing /home/airflow/.local/lib/python3.12/site-packages/airflow/example_dags/example_display_name.py took 0.123 seconds
[2025-04-10T14:16:42.237+0000] {processor.py:161} INFO - Started process (PID=3217) to work on /home/airflow/.local/lib/python3.12/site-packages/airflow/example_dags/example_display_name.py
[2025-04-10T14:16:42.238+0000] {processor.py:830} INFO - Processing file /home/airflow/.local/lib/python3.12/site-packages/airflow/example_dags/example_display_name.py for tasks to queue
[2025-04-10T14:16:42.242+0000] {logging_mixin.py:188} INFO - [2025-04-10T14:16:42.242+0000] {dagbag.py:540} INFO - Filling up the DagBag from /home/airflow/.local/lib/python3.12/site-packages/airflow/example_dags/example_display_name.py
[2025-04-10T14:16:42.251+0000] {processor.py:840} INFO - DAG(s) 'example_display_name' retrieved from /home/airflow/.local/lib/python3.12/site-packages/airflow/example_dags/example_display_name.py
[2025-04-10T14:16:42.286+0000] {logging_mixin.py:188} INFO - [2025-04-10T14:16:42.286+0000] {dag.py:3096} INFO - Sync 1 DAGs
[2025-04-10T14:16:42.309+0000] {logging_mixin.py:188} INFO - [2025-04-10T14:16:42.309+0000] {dag.py:3954} INFO - Setting next_dagrun for example_display_name to None, run_after=None
[2025-04-10T14:16:42.343+0000] {processor.py:183} INFO - Processing /home/airflow/.local/lib/python3.12/site-packages/airflow/example_dags/example_display_name.py took 0.115 seconds
[2025-04-10T14:17:12.580+0000] {processor.py:161} INFO - Started process (PID=3277) to work on /home/airflow/.local/lib/python3.12/site-packages/airflow/example_dags/example_display_name.py
[2025-04-10T14:17:12.582+0000] {processor.py:830} INFO - Processing file /home/airflow/.local/lib/python3.12/site-packages/airflow/example_dags/example_display_name.py for tasks to queue
[2025-04-10T14:17:12.586+0000] {logging_mixin.py:188} INFO - [2025-04-10T14:17:12.585+0000] {dagbag.py:540} INFO - Filling up the DagBag from /home/airflow/.local/lib/python3.12/site-packages/airflow/example_dags/example_display_name.py
[2025-04-10T14:17:12.594+0000] {processor.py:840} INFO - DAG(s) 'example_display_name' retrieved from /home/airflow/.local/lib/python3.12/site-packages/airflow/example_dags/example_display_name.py
[2025-04-10T14:17:12.628+0000] {logging_mixin.py:188} INFO - [2025-04-10T14:17:12.627+0000] {dag.py:3096} INFO - Sync 1 DAGs
[2025-04-10T14:17:12.651+0000] {logging_mixin.py:188} INFO - [2025-04-10T14:17:12.650+0000] {dag.py:3954} INFO - Setting next_dagrun for example_display_name to None, run_after=None
[2025-04-10T14:17:12.684+0000] {processor.py:183} INFO - Processing /home/airflow/.local/lib/python3.12/site-packages/airflow/example_dags/example_display_name.py took 0.113 seconds
[2025-04-10T14:17:42.967+0000] {processor.py:161} INFO - Started process (PID=3337) to work on /home/airflow/.local/lib/python3.12/site-packages/airflow/example_dags/example_display_name.py
[2025-04-10T14:17:42.968+0000] {processor.py:830} INFO - Processing file /home/airflow/.local/lib/python3.12/site-packages/airflow/example_dags/example_display_name.py for tasks to queue
[2025-04-10T14:17:42.973+0000] {logging_mixin.py:188} INFO - [2025-04-10T14:17:42.972+0000] {dagbag.py:540} INFO - Filling up the DagBag from /home/airflow/.local/lib/python3.12/site-packages/airflow/example_dags/example_display_name.py
[2025-04-10T14:17:42.982+0000] {processor.py:840} INFO - DAG(s) 'example_display_name' retrieved from /home/airflow/.local/lib/python3.12/site-packages/airflow/example_dags/example_display_name.py
[2025-04-10T14:17:43.014+0000] {logging_mixin.py:188} INFO - [2025-04-10T14:17:43.014+0000] {dag.py:3096} INFO - Sync 1 DAGs
[2025-04-10T14:17:43.041+0000] {logging_mixin.py:188} INFO - [2025-04-10T14:17:43.041+0000] {dag.py:3954} INFO - Setting next_dagrun for example_display_name to None, run_after=None
[2025-04-10T14:17:43.077+0000] {processor.py:183} INFO - Processing /home/airflow/.local/lib/python3.12/site-packages/airflow/example_dags/example_display_name.py took 0.119 seconds
[2025-04-10T14:18:13.838+0000] {processor.py:161} INFO - Started process (PID=3397) to work on /home/airflow/.local/lib/python3.12/site-packages/airflow/example_dags/example_display_name.py
[2025-04-10T14:18:13.840+0000] {processor.py:830} INFO - Processing file /home/airflow/.local/lib/python3.12/site-packages/airflow/example_dags/example_display_name.py for tasks to queue
[2025-04-10T14:18:13.843+0000] {logging_mixin.py:188} INFO - [2025-04-10T14:18:13.843+0000] {dagbag.py:540} INFO - Filling up the DagBag from /home/airflow/.local/lib/python3.12/site-packages/airflow/example_dags/example_display_name.py
[2025-04-10T14:18:13.852+0000] {processor.py:840} INFO - DAG(s) 'example_display_name' retrieved from /home/airflow/.local/lib/python3.12/site-packages/airflow/example_dags/example_display_name.py
[2025-04-10T14:18:13.887+0000] {logging_mixin.py:188} INFO - [2025-04-10T14:18:13.886+0000] {dag.py:3096} INFO - Sync 1 DAGs
[2025-04-10T14:18:13.910+0000] {logging_mixin.py:188} INFO - [2025-04-10T14:18:13.910+0000] {dag.py:3954} INFO - Setting next_dagrun for example_display_name to None, run_after=None
[2025-04-10T14:18:13.947+0000] {processor.py:183} INFO - Processing /home/airflow/.local/lib/python3.12/site-packages/airflow/example_dags/example_display_name.py took 0.119 seconds
[2025-04-10T14:18:44.240+0000] {processor.py:161} INFO - Started process (PID=3457) to work on /home/airflow/.local/lib/python3.12/site-packages/airflow/example_dags/example_display_name.py
[2025-04-10T14:18:44.242+0000] {processor.py:830} INFO - Processing file /home/airflow/.local/lib/python3.12/site-packages/airflow/example_dags/example_display_name.py for tasks to queue
[2025-04-10T14:18:44.247+0000] {logging_mixin.py:188} INFO - [2025-04-10T14:18:44.246+0000] {dagbag.py:540} INFO - Filling up the DagBag from /home/airflow/.local/lib/python3.12/site-packages/airflow/example_dags/example_display_name.py
[2025-04-10T14:18:44.255+0000] {processor.py:840} INFO - DAG(s) 'example_display_name' retrieved from /home/airflow/.local/lib/python3.12/site-packages/airflow/example_dags/example_display_name.py
[2025-04-10T14:18:44.291+0000] {logging_mixin.py:188} INFO - [2025-04-10T14:18:44.290+0000] {dag.py:3096} INFO - Sync 1 DAGs
[2025-04-10T14:18:44.314+0000] {logging_mixin.py:188} INFO - [2025-04-10T14:18:44.314+0000] {dag.py:3954} INFO - Setting next_dagrun for example_display_name to None, run_after=None
[2025-04-10T14:18:44.348+0000] {processor.py:183} INFO - Processing /home/airflow/.local/lib/python3.12/site-packages/airflow/example_dags/example_display_name.py took 0.116 seconds
[2025-04-10T14:19:14.625+0000] {processor.py:161} INFO - Started process (PID=3517) to work on /home/airflow/.local/lib/python3.12/site-packages/airflow/example_dags/example_display_name.py
[2025-04-10T14:19:14.626+0000] {processor.py:830} INFO - Processing file /home/airflow/.local/lib/python3.12/site-packages/airflow/example_dags/example_display_name.py for tasks to queue
[2025-04-10T14:19:14.630+0000] {logging_mixin.py:188} INFO - [2025-04-10T14:19:14.629+0000] {dagbag.py:540} INFO - Filling up the DagBag from /home/airflow/.local/lib/python3.12/site-packages/airflow/example_dags/example_display_name.py
[2025-04-10T14:19:14.639+0000] {processor.py:840} INFO - DAG(s) 'example_display_name' retrieved from /home/airflow/.local/lib/python3.12/site-packages/airflow/example_dags/example_display_name.py
[2025-04-10T14:19:14.673+0000] {logging_mixin.py:188} INFO - [2025-04-10T14:19:14.672+0000] {dag.py:3096} INFO - Sync 1 DAGs
[2025-04-10T14:19:14.696+0000] {logging_mixin.py:188} INFO - [2025-04-10T14:19:14.695+0000] {dag.py:3954} INFO - Setting next_dagrun for example_display_name to None, run_after=None
[2025-04-10T14:19:14.728+0000] {processor.py:183} INFO - Processing /home/airflow/.local/lib/python3.12/site-packages/airflow/example_dags/example_display_name.py took 0.112 seconds
[2025-04-10T14:19:45.051+0000] {processor.py:161} INFO - Started process (PID=3577) to work on /home/airflow/.local/lib/python3.12/site-packages/airflow/example_dags/example_display_name.py
[2025-04-10T14:19:45.052+0000] {processor.py:830} INFO - Processing file /home/airflow/.local/lib/python3.12/site-packages/airflow/example_dags/example_display_name.py for tasks to queue
[2025-04-10T14:19:45.056+0000] {logging_mixin.py:188} INFO - [2025-04-10T14:19:45.056+0000] {dagbag.py:540} INFO - Filling up the DagBag from /home/airflow/.local/lib/python3.12/site-packages/airflow/example_dags/example_display_name.py
[2025-04-10T14:19:45.065+0000] {processor.py:840} INFO - DAG(s) 'example_display_name' retrieved from /home/airflow/.local/lib/python3.12/site-packages/airflow/example_dags/example_display_name.py
[2025-04-10T14:19:45.098+0000] {logging_mixin.py:188} INFO - [2025-04-10T14:19:45.097+0000] {dag.py:3096} INFO - Sync 1 DAGs
[2025-04-10T14:19:45.121+0000] {logging_mixin.py:188} INFO - [2025-04-10T14:19:45.121+0000] {dag.py:3954} INFO - Setting next_dagrun for example_display_name to None, run_after=None
[2025-04-10T14:19:45.159+0000] {processor.py:183} INFO - Processing /home/airflow/.local/lib/python3.12/site-packages/airflow/example_dags/example_display_name.py took 0.118 seconds
[2025-04-10T14:20:15.346+0000] {processor.py:161} INFO - Started process (PID=3637) to work on /home/airflow/.local/lib/python3.12/site-packages/airflow/example_dags/example_display_name.py
[2025-04-10T14:20:15.347+0000] {processor.py:830} INFO - Processing file /home/airflow/.local/lib/python3.12/site-packages/airflow/example_dags/example_display_name.py for tasks to queue
[2025-04-10T14:20:15.350+0000] {logging_mixin.py:188} INFO - [2025-04-10T14:20:15.350+0000] {dagbag.py:540} INFO - Filling up the DagBag from /home/airflow/.local/lib/python3.12/site-packages/airflow/example_dags/example_display_name.py
[2025-04-10T14:20:15.360+0000] {processor.py:840} INFO - DAG(s) 'example_display_name' retrieved from /home/airflow/.local/lib/python3.12/site-packages/airflow/example_dags/example_display_name.py
[2025-04-10T14:20:15.393+0000] {logging_mixin.py:188} INFO - [2025-04-10T14:20:15.393+0000] {dag.py:3096} INFO - Sync 1 DAGs
[2025-04-10T14:20:15.419+0000] {logging_mixin.py:188} INFO - [2025-04-10T14:20:15.418+0000] {dag.py:3954} INFO - Setting next_dagrun for example_display_name to None, run_after=None
[2025-04-10T14:20:15.457+0000] {processor.py:183} INFO - Processing /home/airflow/.local/lib/python3.12/site-packages/airflow/example_dags/example_display_name.py took 0.121 seconds
[2025-04-10T14:20:45.600+0000] {processor.py:161} INFO - Started process (PID=3697) to work on /home/airflow/.local/lib/python3.12/site-packages/airflow/example_dags/example_display_name.py
[2025-04-10T14:20:45.601+0000] {processor.py:830} INFO - Processing file /home/airflow/.local/lib/python3.12/site-packages/airflow/example_dags/example_display_name.py for tasks to queue
[2025-04-10T14:20:45.605+0000] {logging_mixin.py:188} INFO - [2025-04-10T14:20:45.604+0000] {dagbag.py:540} INFO - Filling up the DagBag from /home/airflow/.local/lib/python3.12/site-packages/airflow/example_dags/example_display_name.py
[2025-04-10T14:20:45.613+0000] {processor.py:840} INFO - DAG(s) 'example_display_name' retrieved from /home/airflow/.local/lib/python3.12/site-packages/airflow/example_dags/example_display_name.py
[2025-04-10T14:20:45.646+0000] {logging_mixin.py:188} INFO - [2025-04-10T14:20:45.646+0000] {dag.py:3096} INFO - Sync 1 DAGs
[2025-04-10T14:20:45.669+0000] {logging_mixin.py:188} INFO - [2025-04-10T14:20:45.668+0000] {dag.py:3954} INFO - Setting next_dagrun for example_display_name to None, run_after=None
[2025-04-10T14:20:45.701+0000] {processor.py:183} INFO - Processing /home/airflow/.local/lib/python3.12/site-packages/airflow/example_dags/example_display_name.py took 0.110 seconds
