[2025-04-10T13:35:46.540+0000] {processor.py:161} INFO - Started process (PID=113) to work on /home/airflow/.local/lib/python3.12/site-packages/airflow/example_dags/tutorial.py
[2025-04-10T13:35:46.542+0000] {processor.py:830} INFO - Processing file /home/airflow/.local/lib/python3.12/site-packages/airflow/example_dags/tutorial.py for tasks to queue
[2025-04-10T13:35:46.545+0000] {logging_mixin.py:188} INFO - [2025-04-10T13:35:46.545+0000] {dagbag.py:540} INFO - Filling up the DagBag from /home/airflow/.local/lib/python3.12/site-packages/airflow/example_dags/tutorial.py
[2025-04-10T13:35:46.555+0000] {processor.py:840} INFO - DAG(s) 'tutorial' retrieved from /home/airflow/.local/lib/python3.12/site-packages/airflow/example_dags/tutorial.py
[2025-04-10T13:35:46.750+0000] {logging_mixin.py:188} INFO - [2025-04-10T13:35:46.749+0000] {dag.py:3096} INFO - Sync 1 DAGs
[2025-04-10T13:35:46.785+0000] {logging_mixin.py:188} INFO - [2025-04-10T13:35:46.785+0000] {dag.py:3954} INFO - Setting next_dagrun for tutorial to 2025-04-09 00:00:00+00:00, run_after=2025-04-10 00:00:00+00:00
[2025-04-10T13:35:46.821+0000] {processor.py:183} INFO - Processing /home/airflow/.local/lib/python3.12/site-packages/airflow/example_dags/tutorial.py took 0.290 seconds
[2025-04-10T13:36:16.974+0000] {processor.py:161} INFO - Started process (PID=171) to work on /home/airflow/.local/lib/python3.12/site-packages/airflow/example_dags/tutorial.py
[2025-04-10T13:36:16.976+0000] {processor.py:830} INFO - Processing file /home/airflow/.local/lib/python3.12/site-packages/airflow/example_dags/tutorial.py for tasks to queue
[2025-04-10T13:36:16.979+0000] {logging_mixin.py:188} INFO - [2025-04-10T13:36:16.979+0000] {dagbag.py:540} INFO - Filling up the DagBag from /home/airflow/.local/lib/python3.12/site-packages/airflow/example_dags/tutorial.py
[2025-04-10T13:36:16.989+0000] {processor.py:840} INFO - DAG(s) 'tutorial' retrieved from /home/airflow/.local/lib/python3.12/site-packages/airflow/example_dags/tutorial.py
[2025-04-10T13:36:17.021+0000] {logging_mixin.py:188} INFO - [2025-04-10T13:36:17.021+0000] {dag.py:3096} INFO - Sync 1 DAGs
[2025-04-10T13:36:17.059+0000] {logging_mixin.py:188} INFO - [2025-04-10T13:36:17.059+0000] {dag.py:3954} INFO - Setting next_dagrun for tutorial to 2025-04-09 00:00:00+00:00, run_after=2025-04-10 00:00:00+00:00
[2025-04-10T13:36:17.090+0000] {processor.py:183} INFO - Processing /home/airflow/.local/lib/python3.12/site-packages/airflow/example_dags/tutorial.py took 0.125 seconds
[2025-04-10T13:36:47.363+0000] {processor.py:161} INFO - Started process (PID=229) to work on /home/airflow/.local/lib/python3.12/site-packages/airflow/example_dags/tutorial.py
[2025-04-10T13:36:47.365+0000] {processor.py:830} INFO - Processing file /home/airflow/.local/lib/python3.12/site-packages/airflow/example_dags/tutorial.py for tasks to queue
[2025-04-10T13:36:47.369+0000] {logging_mixin.py:188} INFO - [2025-04-10T13:36:47.368+0000] {dagbag.py:540} INFO - Filling up the DagBag from /home/airflow/.local/lib/python3.12/site-packages/airflow/example_dags/tutorial.py
[2025-04-10T13:36:47.379+0000] {processor.py:840} INFO - DAG(s) 'tutorial' retrieved from /home/airflow/.local/lib/python3.12/site-packages/airflow/example_dags/tutorial.py
[2025-04-10T13:36:47.413+0000] {logging_mixin.py:188} INFO - [2025-04-10T13:36:47.412+0000] {dag.py:3096} INFO - Sync 1 DAGs
[2025-04-10T13:36:47.453+0000] {logging_mixin.py:188} INFO - [2025-04-10T13:36:47.452+0000] {dag.py:3954} INFO - Setting next_dagrun for tutorial to 2025-04-09 00:00:00+00:00, run_after=2025-04-10 00:00:00+00:00
[2025-04-10T13:36:47.489+0000] {processor.py:183} INFO - Processing /home/airflow/.local/lib/python3.12/site-packages/airflow/example_dags/tutorial.py took 0.136 seconds
[2025-04-10T13:37:18.242+0000] {processor.py:161} INFO - Started process (PID=287) to work on /home/airflow/.local/lib/python3.12/site-packages/airflow/example_dags/tutorial.py
[2025-04-10T13:37:18.243+0000] {processor.py:830} INFO - Processing file /home/airflow/.local/lib/python3.12/site-packages/airflow/example_dags/tutorial.py for tasks to queue
[2025-04-10T13:37:18.247+0000] {logging_mixin.py:188} INFO - [2025-04-10T13:37:18.246+0000] {dagbag.py:540} INFO - Filling up the DagBag from /home/airflow/.local/lib/python3.12/site-packages/airflow/example_dags/tutorial.py
[2025-04-10T13:37:18.256+0000] {processor.py:840} INFO - DAG(s) 'tutorial' retrieved from /home/airflow/.local/lib/python3.12/site-packages/airflow/example_dags/tutorial.py
[2025-04-10T13:37:18.291+0000] {logging_mixin.py:188} INFO - [2025-04-10T13:37:18.291+0000] {dag.py:3096} INFO - Sync 1 DAGs
[2025-04-10T13:37:18.331+0000] {logging_mixin.py:188} INFO - [2025-04-10T13:37:18.330+0000] {dag.py:3954} INFO - Setting next_dagrun for tutorial to 2025-04-09 00:00:00+00:00, run_after=2025-04-10 00:00:00+00:00
[2025-04-10T13:37:18.365+0000] {processor.py:183} INFO - Processing /home/airflow/.local/lib/python3.12/site-packages/airflow/example_dags/tutorial.py took 0.133 seconds
[2025-04-10T13:37:48.954+0000] {processor.py:161} INFO - Started process (PID=345) to work on /home/airflow/.local/lib/python3.12/site-packages/airflow/example_dags/tutorial.py
[2025-04-10T13:37:48.955+0000] {processor.py:830} INFO - Processing file /home/airflow/.local/lib/python3.12/site-packages/airflow/example_dags/tutorial.py for tasks to queue
[2025-04-10T13:37:48.958+0000] {logging_mixin.py:188} INFO - [2025-04-10T13:37:48.958+0000] {dagbag.py:540} INFO - Filling up the DagBag from /home/airflow/.local/lib/python3.12/site-packages/airflow/example_dags/tutorial.py
[2025-04-10T13:37:48.967+0000] {processor.py:840} INFO - DAG(s) 'tutorial' retrieved from /home/airflow/.local/lib/python3.12/site-packages/airflow/example_dags/tutorial.py
[2025-04-10T13:37:49.002+0000] {logging_mixin.py:188} INFO - [2025-04-10T13:37:49.001+0000] {dag.py:3096} INFO - Sync 1 DAGs
[2025-04-10T13:37:49.044+0000] {logging_mixin.py:188} INFO - [2025-04-10T13:37:49.043+0000] {dag.py:3954} INFO - Setting next_dagrun for tutorial to 2025-04-09 00:00:00+00:00, run_after=2025-04-10 00:00:00+00:00
[2025-04-10T13:37:49.077+0000] {processor.py:183} INFO - Processing /home/airflow/.local/lib/python3.12/site-packages/airflow/example_dags/tutorial.py took 0.132 seconds
[2025-04-10T13:38:19.872+0000] {processor.py:161} INFO - Started process (PID=403) to work on /home/airflow/.local/lib/python3.12/site-packages/airflow/example_dags/tutorial.py
[2025-04-10T13:38:19.873+0000] {processor.py:830} INFO - Processing file /home/airflow/.local/lib/python3.12/site-packages/airflow/example_dags/tutorial.py for tasks to queue
[2025-04-10T13:38:19.876+0000] {logging_mixin.py:188} INFO - [2025-04-10T13:38:19.876+0000] {dagbag.py:540} INFO - Filling up the DagBag from /home/airflow/.local/lib/python3.12/site-packages/airflow/example_dags/tutorial.py
[2025-04-10T13:38:19.885+0000] {processor.py:840} INFO - DAG(s) 'tutorial' retrieved from /home/airflow/.local/lib/python3.12/site-packages/airflow/example_dags/tutorial.py
[2025-04-10T13:38:19.919+0000] {logging_mixin.py:188} INFO - [2025-04-10T13:38:19.918+0000] {dag.py:3096} INFO - Sync 1 DAGs
[2025-04-10T13:38:19.958+0000] {logging_mixin.py:188} INFO - [2025-04-10T13:38:19.957+0000] {dag.py:3954} INFO - Setting next_dagrun for tutorial to 2025-04-09 00:00:00+00:00, run_after=2025-04-10 00:00:00+00:00
[2025-04-10T13:38:19.993+0000] {processor.py:183} INFO - Processing /home/airflow/.local/lib/python3.12/site-packages/airflow/example_dags/tutorial.py took 0.131 seconds
[2025-04-10T13:38:51.050+0000] {processor.py:161} INFO - Started process (PID=461) to work on /home/airflow/.local/lib/python3.12/site-packages/airflow/example_dags/tutorial.py
[2025-04-10T13:38:51.051+0000] {processor.py:830} INFO - Processing file /home/airflow/.local/lib/python3.12/site-packages/airflow/example_dags/tutorial.py for tasks to queue
[2025-04-10T13:38:51.054+0000] {logging_mixin.py:188} INFO - [2025-04-10T13:38:51.054+0000] {dagbag.py:540} INFO - Filling up the DagBag from /home/airflow/.local/lib/python3.12/site-packages/airflow/example_dags/tutorial.py
[2025-04-10T13:38:51.065+0000] {processor.py:840} INFO - DAG(s) 'tutorial' retrieved from /home/airflow/.local/lib/python3.12/site-packages/airflow/example_dags/tutorial.py
[2025-04-10T13:38:51.109+0000] {logging_mixin.py:188} INFO - [2025-04-10T13:38:51.108+0000] {dag.py:3096} INFO - Sync 1 DAGs
[2025-04-10T13:38:51.151+0000] {logging_mixin.py:188} INFO - [2025-04-10T13:38:51.150+0000] {dag.py:3954} INFO - Setting next_dagrun for tutorial to 2025-04-09 00:00:00+00:00, run_after=2025-04-10 00:00:00+00:00
[2025-04-10T13:38:51.185+0000] {processor.py:183} INFO - Processing /home/airflow/.local/lib/python3.12/site-packages/airflow/example_dags/tutorial.py took 0.145 seconds
[2025-04-10T13:39:21.483+0000] {processor.py:161} INFO - Started process (PID=519) to work on /home/airflow/.local/lib/python3.12/site-packages/airflow/example_dags/tutorial.py
[2025-04-10T13:39:21.485+0000] {processor.py:830} INFO - Processing file /home/airflow/.local/lib/python3.12/site-packages/airflow/example_dags/tutorial.py for tasks to queue
[2025-04-10T13:39:21.488+0000] {logging_mixin.py:188} INFO - [2025-04-10T13:39:21.488+0000] {dagbag.py:540} INFO - Filling up the DagBag from /home/airflow/.local/lib/python3.12/site-packages/airflow/example_dags/tutorial.py
[2025-04-10T13:39:21.497+0000] {processor.py:840} INFO - DAG(s) 'tutorial' retrieved from /home/airflow/.local/lib/python3.12/site-packages/airflow/example_dags/tutorial.py
[2025-04-10T13:39:21.533+0000] {logging_mixin.py:188} INFO - [2025-04-10T13:39:21.532+0000] {dag.py:3096} INFO - Sync 1 DAGs
[2025-04-10T13:39:21.572+0000] {logging_mixin.py:188} INFO - [2025-04-10T13:39:21.571+0000] {dag.py:3954} INFO - Setting next_dagrun for tutorial to 2025-04-09 00:00:00+00:00, run_after=2025-04-10 00:00:00+00:00
[2025-04-10T13:39:21.609+0000] {processor.py:183} INFO - Processing /home/airflow/.local/lib/python3.12/site-packages/airflow/example_dags/tutorial.py took 0.135 seconds
[2025-04-10T13:39:51.946+0000] {processor.py:161} INFO - Started process (PID=576) to work on /home/airflow/.local/lib/python3.12/site-packages/airflow/example_dags/tutorial.py
[2025-04-10T13:39:51.947+0000] {processor.py:830} INFO - Processing file /home/airflow/.local/lib/python3.12/site-packages/airflow/example_dags/tutorial.py for tasks to queue
[2025-04-10T13:39:51.950+0000] {logging_mixin.py:188} INFO - [2025-04-10T13:39:51.950+0000] {dagbag.py:540} INFO - Filling up the DagBag from /home/airflow/.local/lib/python3.12/site-packages/airflow/example_dags/tutorial.py
[2025-04-10T13:39:51.960+0000] {processor.py:840} INFO - DAG(s) 'tutorial' retrieved from /home/airflow/.local/lib/python3.12/site-packages/airflow/example_dags/tutorial.py
[2025-04-10T13:39:51.993+0000] {logging_mixin.py:188} INFO - [2025-04-10T13:39:51.993+0000] {dag.py:3096} INFO - Sync 1 DAGs
[2025-04-10T13:39:52.031+0000] {logging_mixin.py:188} INFO - [2025-04-10T13:39:52.030+0000] {dag.py:3954} INFO - Setting next_dagrun for tutorial to 2025-04-09 00:00:00+00:00, run_after=2025-04-10 00:00:00+00:00
[2025-04-10T13:39:52.064+0000] {processor.py:183} INFO - Processing /home/airflow/.local/lib/python3.12/site-packages/airflow/example_dags/tutorial.py took 0.127 seconds
[2025-04-10T13:40:22.548+0000] {processor.py:161} INFO - Started process (PID=634) to work on /home/airflow/.local/lib/python3.12/site-packages/airflow/example_dags/tutorial.py
[2025-04-10T13:40:22.550+0000] {processor.py:830} INFO - Processing file /home/airflow/.local/lib/python3.12/site-packages/airflow/example_dags/tutorial.py for tasks to queue
[2025-04-10T13:40:22.553+0000] {logging_mixin.py:188} INFO - [2025-04-10T13:40:22.552+0000] {dagbag.py:540} INFO - Filling up the DagBag from /home/airflow/.local/lib/python3.12/site-packages/airflow/example_dags/tutorial.py
[2025-04-10T13:40:22.562+0000] {processor.py:840} INFO - DAG(s) 'tutorial' retrieved from /home/airflow/.local/lib/python3.12/site-packages/airflow/example_dags/tutorial.py
[2025-04-10T13:40:22.596+0000] {logging_mixin.py:188} INFO - [2025-04-10T13:40:22.595+0000] {dag.py:3096} INFO - Sync 1 DAGs
[2025-04-10T13:40:22.635+0000] {logging_mixin.py:188} INFO - [2025-04-10T13:40:22.635+0000] {dag.py:3954} INFO - Setting next_dagrun for tutorial to 2025-04-09 00:00:00+00:00, run_after=2025-04-10 00:00:00+00:00
[2025-04-10T13:40:22.669+0000] {processor.py:183} INFO - Processing /home/airflow/.local/lib/python3.12/site-packages/airflow/example_dags/tutorial.py took 0.130 seconds
[2025-04-10T13:40:53.632+0000] {processor.py:161} INFO - Started process (PID=692) to work on /home/airflow/.local/lib/python3.12/site-packages/airflow/example_dags/tutorial.py
[2025-04-10T13:40:53.634+0000] {processor.py:830} INFO - Processing file /home/airflow/.local/lib/python3.12/site-packages/airflow/example_dags/tutorial.py for tasks to queue
[2025-04-10T13:40:53.637+0000] {logging_mixin.py:188} INFO - [2025-04-10T13:40:53.636+0000] {dagbag.py:540} INFO - Filling up the DagBag from /home/airflow/.local/lib/python3.12/site-packages/airflow/example_dags/tutorial.py
[2025-04-10T13:40:53.647+0000] {processor.py:840} INFO - DAG(s) 'tutorial' retrieved from /home/airflow/.local/lib/python3.12/site-packages/airflow/example_dags/tutorial.py
[2025-04-10T13:40:53.683+0000] {logging_mixin.py:188} INFO - [2025-04-10T13:40:53.682+0000] {dag.py:3096} INFO - Sync 1 DAGs
[2025-04-10T13:40:53.725+0000] {logging_mixin.py:188} INFO - [2025-04-10T13:40:53.725+0000] {dag.py:3954} INFO - Setting next_dagrun for tutorial to 2025-04-09 00:00:00+00:00, run_after=2025-04-10 00:00:00+00:00
[2025-04-10T13:40:53.763+0000] {processor.py:183} INFO - Processing /home/airflow/.local/lib/python3.12/site-packages/airflow/example_dags/tutorial.py took 0.140 seconds
[2025-04-10T13:41:24.456+0000] {processor.py:161} INFO - Started process (PID=750) to work on /home/airflow/.local/lib/python3.12/site-packages/airflow/example_dags/tutorial.py
[2025-04-10T13:41:24.458+0000] {processor.py:830} INFO - Processing file /home/airflow/.local/lib/python3.12/site-packages/airflow/example_dags/tutorial.py for tasks to queue
[2025-04-10T13:41:24.461+0000] {logging_mixin.py:188} INFO - [2025-04-10T13:41:24.460+0000] {dagbag.py:540} INFO - Filling up the DagBag from /home/airflow/.local/lib/python3.12/site-packages/airflow/example_dags/tutorial.py
[2025-04-10T13:41:24.470+0000] {processor.py:840} INFO - DAG(s) 'tutorial' retrieved from /home/airflow/.local/lib/python3.12/site-packages/airflow/example_dags/tutorial.py
[2025-04-10T13:41:24.505+0000] {logging_mixin.py:188} INFO - [2025-04-10T13:41:24.504+0000] {dag.py:3096} INFO - Sync 1 DAGs
[2025-04-10T13:41:24.544+0000] {logging_mixin.py:188} INFO - [2025-04-10T13:41:24.544+0000] {dag.py:3954} INFO - Setting next_dagrun for tutorial to 2025-04-09 00:00:00+00:00, run_after=2025-04-10 00:00:00+00:00
[2025-04-10T13:41:24.579+0000] {processor.py:183} INFO - Processing /home/airflow/.local/lib/python3.12/site-packages/airflow/example_dags/tutorial.py took 0.132 seconds
[2025-04-10T13:50:09.664+0000] {processor.py:161} INFO - Started process (PID=113) to work on /home/airflow/.local/lib/python3.12/site-packages/airflow/example_dags/tutorial.py
[2025-04-10T13:50:09.666+0000] {processor.py:830} INFO - Processing file /home/airflow/.local/lib/python3.12/site-packages/airflow/example_dags/tutorial.py for tasks to queue
[2025-04-10T13:50:09.669+0000] {logging_mixin.py:188} INFO - [2025-04-10T13:50:09.668+0000] {dagbag.py:540} INFO - Filling up the DagBag from /home/airflow/.local/lib/python3.12/site-packages/airflow/example_dags/tutorial.py
[2025-04-10T13:50:09.679+0000] {processor.py:840} INFO - DAG(s) 'tutorial' retrieved from /home/airflow/.local/lib/python3.12/site-packages/airflow/example_dags/tutorial.py
[2025-04-10T13:50:09.918+0000] {logging_mixin.py:188} INFO - [2025-04-10T13:50:09.918+0000] {dag.py:3096} INFO - Sync 1 DAGs
[2025-04-10T13:50:09.960+0000] {logging_mixin.py:188} INFO - [2025-04-10T13:50:09.960+0000] {dag.py:3954} INFO - Setting next_dagrun for tutorial to 2025-04-09 00:00:00+00:00, run_after=2025-04-10 00:00:00+00:00
[2025-04-10T13:50:09.998+0000] {processor.py:183} INFO - Processing /home/airflow/.local/lib/python3.12/site-packages/airflow/example_dags/tutorial.py took 0.343 seconds
[2025-04-10T13:50:40.277+0000] {processor.py:161} INFO - Started process (PID=171) to work on /home/airflow/.local/lib/python3.12/site-packages/airflow/example_dags/tutorial.py
[2025-04-10T13:50:40.279+0000] {processor.py:830} INFO - Processing file /home/airflow/.local/lib/python3.12/site-packages/airflow/example_dags/tutorial.py for tasks to queue
[2025-04-10T13:50:40.282+0000] {logging_mixin.py:188} INFO - [2025-04-10T13:50:40.282+0000] {dagbag.py:540} INFO - Filling up the DagBag from /home/airflow/.local/lib/python3.12/site-packages/airflow/example_dags/tutorial.py
[2025-04-10T13:50:40.292+0000] {processor.py:840} INFO - DAG(s) 'tutorial' retrieved from /home/airflow/.local/lib/python3.12/site-packages/airflow/example_dags/tutorial.py
[2025-04-10T13:50:40.326+0000] {logging_mixin.py:188} INFO - [2025-04-10T13:50:40.326+0000] {dag.py:3096} INFO - Sync 1 DAGs
[2025-04-10T13:50:40.367+0000] {logging_mixin.py:188} INFO - [2025-04-10T13:50:40.367+0000] {dag.py:3954} INFO - Setting next_dagrun for tutorial to 2025-04-09 00:00:00+00:00, run_after=2025-04-10 00:00:00+00:00
[2025-04-10T13:50:40.402+0000] {processor.py:183} INFO - Processing /home/airflow/.local/lib/python3.12/site-packages/airflow/example_dags/tutorial.py took 0.136 seconds
[2025-04-10T13:51:11.364+0000] {processor.py:161} INFO - Started process (PID=229) to work on /home/airflow/.local/lib/python3.12/site-packages/airflow/example_dags/tutorial.py
[2025-04-10T13:51:11.366+0000] {processor.py:830} INFO - Processing file /home/airflow/.local/lib/python3.12/site-packages/airflow/example_dags/tutorial.py for tasks to queue
[2025-04-10T13:51:11.369+0000] {logging_mixin.py:188} INFO - [2025-04-10T13:51:11.369+0000] {dagbag.py:540} INFO - Filling up the DagBag from /home/airflow/.local/lib/python3.12/site-packages/airflow/example_dags/tutorial.py
[2025-04-10T13:51:11.379+0000] {processor.py:840} INFO - DAG(s) 'tutorial' retrieved from /home/airflow/.local/lib/python3.12/site-packages/airflow/example_dags/tutorial.py
[2025-04-10T13:51:11.415+0000] {logging_mixin.py:188} INFO - [2025-04-10T13:51:11.414+0000] {dag.py:3096} INFO - Sync 1 DAGs
[2025-04-10T13:51:11.454+0000] {logging_mixin.py:188} INFO - [2025-04-10T13:51:11.454+0000] {dag.py:3954} INFO - Setting next_dagrun for tutorial to 2025-04-09 00:00:00+00:00, run_after=2025-04-10 00:00:00+00:00
[2025-04-10T13:51:11.488+0000] {processor.py:183} INFO - Processing /home/airflow/.local/lib/python3.12/site-packages/airflow/example_dags/tutorial.py took 0.133 seconds
[2025-04-10T13:51:41.822+0000] {processor.py:161} INFO - Started process (PID=287) to work on /home/airflow/.local/lib/python3.12/site-packages/airflow/example_dags/tutorial.py
[2025-04-10T13:51:41.823+0000] {processor.py:830} INFO - Processing file /home/airflow/.local/lib/python3.12/site-packages/airflow/example_dags/tutorial.py for tasks to queue
[2025-04-10T13:51:41.826+0000] {logging_mixin.py:188} INFO - [2025-04-10T13:51:41.826+0000] {dagbag.py:540} INFO - Filling up the DagBag from /home/airflow/.local/lib/python3.12/site-packages/airflow/example_dags/tutorial.py
[2025-04-10T13:51:41.835+0000] {processor.py:840} INFO - DAG(s) 'tutorial' retrieved from /home/airflow/.local/lib/python3.12/site-packages/airflow/example_dags/tutorial.py
[2025-04-10T13:51:41.869+0000] {logging_mixin.py:188} INFO - [2025-04-10T13:51:41.869+0000] {dag.py:3096} INFO - Sync 1 DAGs
[2025-04-10T13:51:41.908+0000] {logging_mixin.py:188} INFO - [2025-04-10T13:51:41.907+0000] {dag.py:3954} INFO - Setting next_dagrun for tutorial to 2025-04-09 00:00:00+00:00, run_after=2025-04-10 00:00:00+00:00
[2025-04-10T13:51:41.947+0000] {processor.py:183} INFO - Processing /home/airflow/.local/lib/python3.12/site-packages/airflow/example_dags/tutorial.py took 0.135 seconds
[2025-04-10T13:52:12.302+0000] {processor.py:161} INFO - Started process (PID=345) to work on /home/airflow/.local/lib/python3.12/site-packages/airflow/example_dags/tutorial.py
[2025-04-10T13:52:12.304+0000] {processor.py:830} INFO - Processing file /home/airflow/.local/lib/python3.12/site-packages/airflow/example_dags/tutorial.py for tasks to queue
[2025-04-10T13:52:12.306+0000] {logging_mixin.py:188} INFO - [2025-04-10T13:52:12.306+0000] {dagbag.py:540} INFO - Filling up the DagBag from /home/airflow/.local/lib/python3.12/site-packages/airflow/example_dags/tutorial.py
[2025-04-10T13:52:12.316+0000] {processor.py:840} INFO - DAG(s) 'tutorial' retrieved from /home/airflow/.local/lib/python3.12/site-packages/airflow/example_dags/tutorial.py
[2025-04-10T13:52:12.352+0000] {logging_mixin.py:188} INFO - [2025-04-10T13:52:12.352+0000] {dag.py:3096} INFO - Sync 1 DAGs
[2025-04-10T13:52:12.401+0000] {logging_mixin.py:188} INFO - [2025-04-10T13:52:12.400+0000] {dag.py:3954} INFO - Setting next_dagrun for tutorial to 2025-04-09 00:00:00+00:00, run_after=2025-04-10 00:00:00+00:00
[2025-04-10T13:52:12.437+0000] {processor.py:183} INFO - Processing /home/airflow/.local/lib/python3.12/site-packages/airflow/example_dags/tutorial.py took 0.148 seconds
[2025-04-10T13:52:42.581+0000] {processor.py:161} INFO - Started process (PID=403) to work on /home/airflow/.local/lib/python3.12/site-packages/airflow/example_dags/tutorial.py
[2025-04-10T13:52:42.582+0000] {processor.py:830} INFO - Processing file /home/airflow/.local/lib/python3.12/site-packages/airflow/example_dags/tutorial.py for tasks to queue
[2025-04-10T13:52:42.585+0000] {logging_mixin.py:188} INFO - [2025-04-10T13:52:42.585+0000] {dagbag.py:540} INFO - Filling up the DagBag from /home/airflow/.local/lib/python3.12/site-packages/airflow/example_dags/tutorial.py
[2025-04-10T13:52:42.594+0000] {processor.py:840} INFO - DAG(s) 'tutorial' retrieved from /home/airflow/.local/lib/python3.12/site-packages/airflow/example_dags/tutorial.py
[2025-04-10T13:52:42.629+0000] {logging_mixin.py:188} INFO - [2025-04-10T13:52:42.628+0000] {dag.py:3096} INFO - Sync 1 DAGs
[2025-04-10T13:52:42.668+0000] {logging_mixin.py:188} INFO - [2025-04-10T13:52:42.667+0000] {dag.py:3954} INFO - Setting next_dagrun for tutorial to 2025-04-09 00:00:00+00:00, run_after=2025-04-10 00:00:00+00:00
[2025-04-10T13:52:42.702+0000] {processor.py:183} INFO - Processing /home/airflow/.local/lib/python3.12/site-packages/airflow/example_dags/tutorial.py took 0.131 seconds
[2025-04-10T13:53:13.000+0000] {processor.py:161} INFO - Started process (PID=461) to work on /home/airflow/.local/lib/python3.12/site-packages/airflow/example_dags/tutorial.py
[2025-04-10T13:53:13.002+0000] {processor.py:830} INFO - Processing file /home/airflow/.local/lib/python3.12/site-packages/airflow/example_dags/tutorial.py for tasks to queue
[2025-04-10T13:53:13.005+0000] {logging_mixin.py:188} INFO - [2025-04-10T13:53:13.004+0000] {dagbag.py:540} INFO - Filling up the DagBag from /home/airflow/.local/lib/python3.12/site-packages/airflow/example_dags/tutorial.py
[2025-04-10T13:53:13.015+0000] {processor.py:840} INFO - DAG(s) 'tutorial' retrieved from /home/airflow/.local/lib/python3.12/site-packages/airflow/example_dags/tutorial.py
[2025-04-10T13:53:13.049+0000] {logging_mixin.py:188} INFO - [2025-04-10T13:53:13.049+0000] {dag.py:3096} INFO - Sync 1 DAGs
[2025-04-10T13:53:13.089+0000] {logging_mixin.py:188} INFO - [2025-04-10T13:53:13.089+0000] {dag.py:3954} INFO - Setting next_dagrun for tutorial to 2025-04-09 00:00:00+00:00, run_after=2025-04-10 00:00:00+00:00
[2025-04-10T13:53:13.123+0000] {processor.py:183} INFO - Processing /home/airflow/.local/lib/python3.12/site-packages/airflow/example_dags/tutorial.py took 0.133 seconds
[2025-04-10T13:53:43.523+0000] {processor.py:161} INFO - Started process (PID=519) to work on /home/airflow/.local/lib/python3.12/site-packages/airflow/example_dags/tutorial.py
[2025-04-10T13:53:43.525+0000] {processor.py:830} INFO - Processing file /home/airflow/.local/lib/python3.12/site-packages/airflow/example_dags/tutorial.py for tasks to queue
[2025-04-10T13:53:43.528+0000] {logging_mixin.py:188} INFO - [2025-04-10T13:53:43.528+0000] {dagbag.py:540} INFO - Filling up the DagBag from /home/airflow/.local/lib/python3.12/site-packages/airflow/example_dags/tutorial.py
[2025-04-10T13:53:43.538+0000] {processor.py:840} INFO - DAG(s) 'tutorial' retrieved from /home/airflow/.local/lib/python3.12/site-packages/airflow/example_dags/tutorial.py
[2025-04-10T13:53:43.577+0000] {logging_mixin.py:188} INFO - [2025-04-10T13:53:43.577+0000] {dag.py:3096} INFO - Sync 1 DAGs
[2025-04-10T13:53:43.620+0000] {logging_mixin.py:188} INFO - [2025-04-10T13:53:43.620+0000] {dag.py:3954} INFO - Setting next_dagrun for tutorial to 2025-04-09 00:00:00+00:00, run_after=2025-04-10 00:00:00+00:00
[2025-04-10T13:53:43.656+0000] {processor.py:183} INFO - Processing /home/airflow/.local/lib/python3.12/site-packages/airflow/example_dags/tutorial.py took 0.142 seconds
[2025-04-10T13:54:13.970+0000] {processor.py:161} INFO - Started process (PID=577) to work on /home/airflow/.local/lib/python3.12/site-packages/airflow/example_dags/tutorial.py
[2025-04-10T13:54:13.972+0000] {processor.py:830} INFO - Processing file /home/airflow/.local/lib/python3.12/site-packages/airflow/example_dags/tutorial.py for tasks to queue
[2025-04-10T13:54:13.974+0000] {logging_mixin.py:188} INFO - [2025-04-10T13:54:13.974+0000] {dagbag.py:540} INFO - Filling up the DagBag from /home/airflow/.local/lib/python3.12/site-packages/airflow/example_dags/tutorial.py
[2025-04-10T13:54:13.984+0000] {processor.py:840} INFO - DAG(s) 'tutorial' retrieved from /home/airflow/.local/lib/python3.12/site-packages/airflow/example_dags/tutorial.py
[2025-04-10T13:54:14.023+0000] {logging_mixin.py:188} INFO - [2025-04-10T13:54:14.022+0000] {dag.py:3096} INFO - Sync 1 DAGs
[2025-04-10T13:54:14.069+0000] {logging_mixin.py:188} INFO - [2025-04-10T13:54:14.068+0000] {dag.py:3954} INFO - Setting next_dagrun for tutorial to 2025-04-09 00:00:00+00:00, run_after=2025-04-10 00:00:00+00:00
[2025-04-10T13:54:14.108+0000] {processor.py:183} INFO - Processing /home/airflow/.local/lib/python3.12/site-packages/airflow/example_dags/tutorial.py took 0.148 seconds
[2025-04-10T13:54:44.309+0000] {processor.py:161} INFO - Started process (PID=634) to work on /home/airflow/.local/lib/python3.12/site-packages/airflow/example_dags/tutorial.py
[2025-04-10T13:54:44.311+0000] {processor.py:830} INFO - Processing file /home/airflow/.local/lib/python3.12/site-packages/airflow/example_dags/tutorial.py for tasks to queue
[2025-04-10T13:54:44.314+0000] {logging_mixin.py:188} INFO - [2025-04-10T13:54:44.314+0000] {dagbag.py:540} INFO - Filling up the DagBag from /home/airflow/.local/lib/python3.12/site-packages/airflow/example_dags/tutorial.py
[2025-04-10T13:54:44.324+0000] {processor.py:840} INFO - DAG(s) 'tutorial' retrieved from /home/airflow/.local/lib/python3.12/site-packages/airflow/example_dags/tutorial.py
[2025-04-10T13:54:44.359+0000] {logging_mixin.py:188} INFO - [2025-04-10T13:54:44.359+0000] {dag.py:3096} INFO - Sync 1 DAGs
[2025-04-10T13:54:44.401+0000] {logging_mixin.py:188} INFO - [2025-04-10T13:54:44.400+0000] {dag.py:3954} INFO - Setting next_dagrun for tutorial to 2025-04-09 00:00:00+00:00, run_after=2025-04-10 00:00:00+00:00
[2025-04-10T13:54:44.435+0000] {processor.py:183} INFO - Processing /home/airflow/.local/lib/python3.12/site-packages/airflow/example_dags/tutorial.py took 0.137 seconds
[2025-04-10T13:55:14.596+0000] {processor.py:161} INFO - Started process (PID=694) to work on /home/airflow/.local/lib/python3.12/site-packages/airflow/example_dags/tutorial.py
[2025-04-10T13:55:14.598+0000] {processor.py:830} INFO - Processing file /home/airflow/.local/lib/python3.12/site-packages/airflow/example_dags/tutorial.py for tasks to queue
[2025-04-10T13:55:14.601+0000] {logging_mixin.py:188} INFO - [2025-04-10T13:55:14.600+0000] {dagbag.py:540} INFO - Filling up the DagBag from /home/airflow/.local/lib/python3.12/site-packages/airflow/example_dags/tutorial.py
[2025-04-10T13:55:14.611+0000] {processor.py:840} INFO - DAG(s) 'tutorial' retrieved from /home/airflow/.local/lib/python3.12/site-packages/airflow/example_dags/tutorial.py
[2025-04-10T13:55:14.646+0000] {logging_mixin.py:188} INFO - [2025-04-10T13:55:14.645+0000] {dag.py:3096} INFO - Sync 1 DAGs
[2025-04-10T13:55:14.685+0000] {logging_mixin.py:188} INFO - [2025-04-10T13:55:14.685+0000] {dag.py:3954} INFO - Setting next_dagrun for tutorial to 2025-04-09 00:00:00+00:00, run_after=2025-04-10 00:00:00+00:00
[2025-04-10T13:55:14.721+0000] {processor.py:183} INFO - Processing /home/airflow/.local/lib/python3.12/site-packages/airflow/example_dags/tutorial.py took 0.135 seconds
[2025-04-10T13:55:45.348+0000] {processor.py:161} INFO - Started process (PID=754) to work on /home/airflow/.local/lib/python3.12/site-packages/airflow/example_dags/tutorial.py
[2025-04-10T13:55:45.349+0000] {processor.py:830} INFO - Processing file /home/airflow/.local/lib/python3.12/site-packages/airflow/example_dags/tutorial.py for tasks to queue
[2025-04-10T13:55:45.352+0000] {logging_mixin.py:188} INFO - [2025-04-10T13:55:45.352+0000] {dagbag.py:540} INFO - Filling up the DagBag from /home/airflow/.local/lib/python3.12/site-packages/airflow/example_dags/tutorial.py
[2025-04-10T13:55:45.362+0000] {processor.py:840} INFO - DAG(s) 'tutorial' retrieved from /home/airflow/.local/lib/python3.12/site-packages/airflow/example_dags/tutorial.py
[2025-04-10T13:55:45.396+0000] {logging_mixin.py:188} INFO - [2025-04-10T13:55:45.396+0000] {dag.py:3096} INFO - Sync 1 DAGs
[2025-04-10T13:55:45.436+0000] {logging_mixin.py:188} INFO - [2025-04-10T13:55:45.436+0000] {dag.py:3954} INFO - Setting next_dagrun for tutorial to 2025-04-09 00:00:00+00:00, run_after=2025-04-10 00:00:00+00:00
[2025-04-10T13:55:45.472+0000] {processor.py:183} INFO - Processing /home/airflow/.local/lib/python3.12/site-packages/airflow/example_dags/tutorial.py took 0.134 seconds
[2025-04-10T13:56:16.339+0000] {processor.py:161} INFO - Started process (PID=814) to work on /home/airflow/.local/lib/python3.12/site-packages/airflow/example_dags/tutorial.py
[2025-04-10T13:56:16.340+0000] {processor.py:830} INFO - Processing file /home/airflow/.local/lib/python3.12/site-packages/airflow/example_dags/tutorial.py for tasks to queue
[2025-04-10T13:56:16.344+0000] {logging_mixin.py:188} INFO - [2025-04-10T13:56:16.343+0000] {dagbag.py:540} INFO - Filling up the DagBag from /home/airflow/.local/lib/python3.12/site-packages/airflow/example_dags/tutorial.py
[2025-04-10T13:56:16.354+0000] {processor.py:840} INFO - DAG(s) 'tutorial' retrieved from /home/airflow/.local/lib/python3.12/site-packages/airflow/example_dags/tutorial.py
[2025-04-10T13:56:16.390+0000] {logging_mixin.py:188} INFO - [2025-04-10T13:56:16.390+0000] {dag.py:3096} INFO - Sync 1 DAGs
[2025-04-10T13:56:16.433+0000] {logging_mixin.py:188} INFO - [2025-04-10T13:56:16.432+0000] {dag.py:3954} INFO - Setting next_dagrun for tutorial to 2025-04-09 00:00:00+00:00, run_after=2025-04-10 00:00:00+00:00
[2025-04-10T13:56:16.472+0000] {processor.py:183} INFO - Processing /home/airflow/.local/lib/python3.12/site-packages/airflow/example_dags/tutorial.py took 0.145 seconds
[2025-04-10T13:56:46.580+0000] {processor.py:161} INFO - Started process (PID=874) to work on /home/airflow/.local/lib/python3.12/site-packages/airflow/example_dags/tutorial.py
[2025-04-10T13:56:46.582+0000] {processor.py:830} INFO - Processing file /home/airflow/.local/lib/python3.12/site-packages/airflow/example_dags/tutorial.py for tasks to queue
[2025-04-10T13:56:46.585+0000] {logging_mixin.py:188} INFO - [2025-04-10T13:56:46.584+0000] {dagbag.py:540} INFO - Filling up the DagBag from /home/airflow/.local/lib/python3.12/site-packages/airflow/example_dags/tutorial.py
[2025-04-10T13:56:46.594+0000] {processor.py:840} INFO - DAG(s) 'tutorial' retrieved from /home/airflow/.local/lib/python3.12/site-packages/airflow/example_dags/tutorial.py
[2025-04-10T13:56:46.631+0000] {logging_mixin.py:188} INFO - [2025-04-10T13:56:46.630+0000] {dag.py:3096} INFO - Sync 1 DAGs
[2025-04-10T13:56:46.671+0000] {logging_mixin.py:188} INFO - [2025-04-10T13:56:46.671+0000] {dag.py:3954} INFO - Setting next_dagrun for tutorial to 2025-04-09 00:00:00+00:00, run_after=2025-04-10 00:00:00+00:00
[2025-04-10T13:56:46.705+0000] {processor.py:183} INFO - Processing /home/airflow/.local/lib/python3.12/site-packages/airflow/example_dags/tutorial.py took 0.135 seconds
[2025-04-10T13:57:16.849+0000] {processor.py:161} INFO - Started process (PID=934) to work on /home/airflow/.local/lib/python3.12/site-packages/airflow/example_dags/tutorial.py
[2025-04-10T13:57:16.851+0000] {processor.py:830} INFO - Processing file /home/airflow/.local/lib/python3.12/site-packages/airflow/example_dags/tutorial.py for tasks to queue
[2025-04-10T13:57:16.854+0000] {logging_mixin.py:188} INFO - [2025-04-10T13:57:16.854+0000] {dagbag.py:540} INFO - Filling up the DagBag from /home/airflow/.local/lib/python3.12/site-packages/airflow/example_dags/tutorial.py
[2025-04-10T13:57:16.864+0000] {processor.py:840} INFO - DAG(s) 'tutorial' retrieved from /home/airflow/.local/lib/python3.12/site-packages/airflow/example_dags/tutorial.py
[2025-04-10T13:57:16.898+0000] {logging_mixin.py:188} INFO - [2025-04-10T13:57:16.897+0000] {dag.py:3096} INFO - Sync 1 DAGs
[2025-04-10T13:57:16.936+0000] {logging_mixin.py:188} INFO - [2025-04-10T13:57:16.936+0000] {dag.py:3954} INFO - Setting next_dagrun for tutorial to 2025-04-09 00:00:00+00:00, run_after=2025-04-10 00:00:00+00:00
[2025-04-10T13:57:16.971+0000] {processor.py:183} INFO - Processing /home/airflow/.local/lib/python3.12/site-packages/airflow/example_dags/tutorial.py took 0.131 seconds
[2025-04-10T13:57:47.453+0000] {processor.py:161} INFO - Started process (PID=994) to work on /home/airflow/.local/lib/python3.12/site-packages/airflow/example_dags/tutorial.py
[2025-04-10T13:57:47.455+0000] {processor.py:830} INFO - Processing file /home/airflow/.local/lib/python3.12/site-packages/airflow/example_dags/tutorial.py for tasks to queue
[2025-04-10T13:57:47.458+0000] {logging_mixin.py:188} INFO - [2025-04-10T13:57:47.457+0000] {dagbag.py:540} INFO - Filling up the DagBag from /home/airflow/.local/lib/python3.12/site-packages/airflow/example_dags/tutorial.py
[2025-04-10T13:57:47.470+0000] {processor.py:840} INFO - DAG(s) 'tutorial' retrieved from /home/airflow/.local/lib/python3.12/site-packages/airflow/example_dags/tutorial.py
[2025-04-10T13:57:47.510+0000] {logging_mixin.py:188} INFO - [2025-04-10T13:57:47.509+0000] {dag.py:3096} INFO - Sync 1 DAGs
[2025-04-10T13:57:47.553+0000] {logging_mixin.py:188} INFO - [2025-04-10T13:57:47.553+0000] {dag.py:3954} INFO - Setting next_dagrun for tutorial to 2025-04-09 00:00:00+00:00, run_after=2025-04-10 00:00:00+00:00
[2025-04-10T13:57:47.589+0000] {processor.py:183} INFO - Processing /home/airflow/.local/lib/python3.12/site-packages/airflow/example_dags/tutorial.py took 0.146 seconds
[2025-04-10T13:58:18.251+0000] {processor.py:161} INFO - Started process (PID=1054) to work on /home/airflow/.local/lib/python3.12/site-packages/airflow/example_dags/tutorial.py
[2025-04-10T13:58:18.252+0000] {processor.py:830} INFO - Processing file /home/airflow/.local/lib/python3.12/site-packages/airflow/example_dags/tutorial.py for tasks to queue
[2025-04-10T13:58:18.255+0000] {logging_mixin.py:188} INFO - [2025-04-10T13:58:18.255+0000] {dagbag.py:540} INFO - Filling up the DagBag from /home/airflow/.local/lib/python3.12/site-packages/airflow/example_dags/tutorial.py
[2025-04-10T13:58:18.265+0000] {processor.py:840} INFO - DAG(s) 'tutorial' retrieved from /home/airflow/.local/lib/python3.12/site-packages/airflow/example_dags/tutorial.py
[2025-04-10T13:58:18.299+0000] {logging_mixin.py:188} INFO - [2025-04-10T13:58:18.299+0000] {dag.py:3096} INFO - Sync 1 DAGs
[2025-04-10T13:58:18.338+0000] {logging_mixin.py:188} INFO - [2025-04-10T13:58:18.338+0000] {dag.py:3954} INFO - Setting next_dagrun for tutorial to 2025-04-09 00:00:00+00:00, run_after=2025-04-10 00:00:00+00:00
[2025-04-10T13:58:18.373+0000] {processor.py:183} INFO - Processing /home/airflow/.local/lib/python3.12/site-packages/airflow/example_dags/tutorial.py took 0.132 seconds
[2025-04-10T13:58:48.624+0000] {processor.py:161} INFO - Started process (PID=1114) to work on /home/airflow/.local/lib/python3.12/site-packages/airflow/example_dags/tutorial.py
[2025-04-10T13:58:48.625+0000] {processor.py:830} INFO - Processing file /home/airflow/.local/lib/python3.12/site-packages/airflow/example_dags/tutorial.py for tasks to queue
[2025-04-10T13:58:48.628+0000] {logging_mixin.py:188} INFO - [2025-04-10T13:58:48.628+0000] {dagbag.py:540} INFO - Filling up the DagBag from /home/airflow/.local/lib/python3.12/site-packages/airflow/example_dags/tutorial.py
[2025-04-10T13:58:48.637+0000] {processor.py:840} INFO - DAG(s) 'tutorial' retrieved from /home/airflow/.local/lib/python3.12/site-packages/airflow/example_dags/tutorial.py
[2025-04-10T13:58:48.677+0000] {logging_mixin.py:188} INFO - [2025-04-10T13:58:48.677+0000] {dag.py:3096} INFO - Sync 1 DAGs
[2025-04-10T13:58:48.717+0000] {logging_mixin.py:188} INFO - [2025-04-10T13:58:48.717+0000] {dag.py:3954} INFO - Setting next_dagrun for tutorial to 2025-04-09 00:00:00+00:00, run_after=2025-04-10 00:00:00+00:00
[2025-04-10T13:58:48.756+0000] {processor.py:183} INFO - Processing /home/airflow/.local/lib/python3.12/site-packages/airflow/example_dags/tutorial.py took 0.141 seconds
[2025-04-10T13:59:19.573+0000] {processor.py:161} INFO - Started process (PID=1175) to work on /home/airflow/.local/lib/python3.12/site-packages/airflow/example_dags/tutorial.py
[2025-04-10T13:59:19.575+0000] {processor.py:830} INFO - Processing file /home/airflow/.local/lib/python3.12/site-packages/airflow/example_dags/tutorial.py for tasks to queue
[2025-04-10T13:59:19.579+0000] {logging_mixin.py:188} INFO - [2025-04-10T13:59:19.578+0000] {dagbag.py:540} INFO - Filling up the DagBag from /home/airflow/.local/lib/python3.12/site-packages/airflow/example_dags/tutorial.py
[2025-04-10T13:59:19.606+0000] {processor.py:840} INFO - DAG(s) 'tutorial' retrieved from /home/airflow/.local/lib/python3.12/site-packages/airflow/example_dags/tutorial.py
[2025-04-10T13:59:19.710+0000] {logging_mixin.py:188} INFO - [2025-04-10T13:59:19.709+0000] {dag.py:3096} INFO - Sync 1 DAGs
[2025-04-10T13:59:19.787+0000] {logging_mixin.py:188} INFO - [2025-04-10T13:59:19.787+0000] {dag.py:3954} INFO - Setting next_dagrun for tutorial to 2025-04-09 00:00:00+00:00, run_after=2025-04-10 00:00:00+00:00
[2025-04-10T13:59:19.850+0000] {processor.py:183} INFO - Processing /home/airflow/.local/lib/python3.12/site-packages/airflow/example_dags/tutorial.py took 0.295 seconds
[2025-04-10T13:59:51.382+0000] {processor.py:161} INFO - Started process (PID=1235) to work on /home/airflow/.local/lib/python3.12/site-packages/airflow/example_dags/tutorial.py
[2025-04-10T13:59:51.384+0000] {processor.py:830} INFO - Processing file /home/airflow/.local/lib/python3.12/site-packages/airflow/example_dags/tutorial.py for tasks to queue
[2025-04-10T13:59:51.387+0000] {logging_mixin.py:188} INFO - [2025-04-10T13:59:51.386+0000] {dagbag.py:540} INFO - Filling up the DagBag from /home/airflow/.local/lib/python3.12/site-packages/airflow/example_dags/tutorial.py
[2025-04-10T13:59:51.396+0000] {processor.py:840} INFO - DAG(s) 'tutorial' retrieved from /home/airflow/.local/lib/python3.12/site-packages/airflow/example_dags/tutorial.py
[2025-04-10T13:59:51.431+0000] {logging_mixin.py:188} INFO - [2025-04-10T13:59:51.430+0000] {dag.py:3096} INFO - Sync 1 DAGs
[2025-04-10T13:59:51.664+0000] {logging_mixin.py:188} INFO - [2025-04-10T13:59:51.663+0000] {dag.py:3954} INFO - Setting next_dagrun for tutorial to 2025-04-09 00:00:00+00:00, run_after=2025-04-10 00:00:00+00:00
[2025-04-10T13:59:51.696+0000] {processor.py:183} INFO - Processing /home/airflow/.local/lib/python3.12/site-packages/airflow/example_dags/tutorial.py took 0.324 seconds
[2025-04-10T14:00:21.959+0000] {processor.py:161} INFO - Started process (PID=1295) to work on /home/airflow/.local/lib/python3.12/site-packages/airflow/example_dags/tutorial.py
[2025-04-10T14:00:21.961+0000] {processor.py:830} INFO - Processing file /home/airflow/.local/lib/python3.12/site-packages/airflow/example_dags/tutorial.py for tasks to queue
[2025-04-10T14:00:21.964+0000] {logging_mixin.py:188} INFO - [2025-04-10T14:00:21.963+0000] {dagbag.py:540} INFO - Filling up the DagBag from /home/airflow/.local/lib/python3.12/site-packages/airflow/example_dags/tutorial.py
[2025-04-10T14:00:21.974+0000] {processor.py:840} INFO - DAG(s) 'tutorial' retrieved from /home/airflow/.local/lib/python3.12/site-packages/airflow/example_dags/tutorial.py
[2025-04-10T14:00:22.012+0000] {logging_mixin.py:188} INFO - [2025-04-10T14:00:22.011+0000] {dag.py:3096} INFO - Sync 1 DAGs
[2025-04-10T14:00:22.055+0000] {logging_mixin.py:188} INFO - [2025-04-10T14:00:22.055+0000] {dag.py:3954} INFO - Setting next_dagrun for tutorial to 2025-04-09 00:00:00+00:00, run_after=2025-04-10 00:00:00+00:00
[2025-04-10T14:00:22.301+0000] {processor.py:183} INFO - Processing /home/airflow/.local/lib/python3.12/site-packages/airflow/example_dags/tutorial.py took 0.352 seconds
[2025-04-10T14:00:52.445+0000] {processor.py:161} INFO - Started process (PID=1356) to work on /home/airflow/.local/lib/python3.12/site-packages/airflow/example_dags/tutorial.py
[2025-04-10T14:00:52.447+0000] {processor.py:830} INFO - Processing file /home/airflow/.local/lib/python3.12/site-packages/airflow/example_dags/tutorial.py for tasks to queue
[2025-04-10T14:00:52.450+0000] {logging_mixin.py:188} INFO - [2025-04-10T14:00:52.450+0000] {dagbag.py:540} INFO - Filling up the DagBag from /home/airflow/.local/lib/python3.12/site-packages/airflow/example_dags/tutorial.py
[2025-04-10T14:00:52.460+0000] {processor.py:840} INFO - DAG(s) 'tutorial' retrieved from /home/airflow/.local/lib/python3.12/site-packages/airflow/example_dags/tutorial.py
[2025-04-10T14:00:52.499+0000] {logging_mixin.py:188} INFO - [2025-04-10T14:00:52.499+0000] {dag.py:3096} INFO - Sync 1 DAGs
[2025-04-10T14:00:52.543+0000] {logging_mixin.py:188} INFO - [2025-04-10T14:00:52.542+0000] {dag.py:3954} INFO - Setting next_dagrun for tutorial to 2025-04-09 00:00:00+00:00, run_after=2025-04-10 00:00:00+00:00
[2025-04-10T14:00:52.580+0000] {processor.py:183} INFO - Processing /home/airflow/.local/lib/python3.12/site-packages/airflow/example_dags/tutorial.py took 0.145 seconds
[2025-04-10T14:01:23.004+0000] {processor.py:161} INFO - Started process (PID=1416) to work on /home/airflow/.local/lib/python3.12/site-packages/airflow/example_dags/tutorial.py
[2025-04-10T14:01:23.006+0000] {processor.py:830} INFO - Processing file /home/airflow/.local/lib/python3.12/site-packages/airflow/example_dags/tutorial.py for tasks to queue
[2025-04-10T14:01:23.009+0000] {logging_mixin.py:188} INFO - [2025-04-10T14:01:23.008+0000] {dagbag.py:540} INFO - Filling up the DagBag from /home/airflow/.local/lib/python3.12/site-packages/airflow/example_dags/tutorial.py
[2025-04-10T14:01:23.019+0000] {processor.py:840} INFO - DAG(s) 'tutorial' retrieved from /home/airflow/.local/lib/python3.12/site-packages/airflow/example_dags/tutorial.py
[2025-04-10T14:01:23.054+0000] {logging_mixin.py:188} INFO - [2025-04-10T14:01:23.053+0000] {dag.py:3096} INFO - Sync 1 DAGs
[2025-04-10T14:01:23.094+0000] {logging_mixin.py:188} INFO - [2025-04-10T14:01:23.093+0000] {dag.py:3954} INFO - Setting next_dagrun for tutorial to 2025-04-09 00:00:00+00:00, run_after=2025-04-10 00:00:00+00:00
[2025-04-10T14:01:23.126+0000] {processor.py:183} INFO - Processing /home/airflow/.local/lib/python3.12/site-packages/airflow/example_dags/tutorial.py took 0.131 seconds
[2025-04-10T14:01:53.511+0000] {processor.py:161} INFO - Started process (PID=1476) to work on /home/airflow/.local/lib/python3.12/site-packages/airflow/example_dags/tutorial.py
[2025-04-10T14:01:53.513+0000] {processor.py:830} INFO - Processing file /home/airflow/.local/lib/python3.12/site-packages/airflow/example_dags/tutorial.py for tasks to queue
[2025-04-10T14:01:53.517+0000] {logging_mixin.py:188} INFO - [2025-04-10T14:01:53.516+0000] {dagbag.py:540} INFO - Filling up the DagBag from /home/airflow/.local/lib/python3.12/site-packages/airflow/example_dags/tutorial.py
[2025-04-10T14:01:53.527+0000] {processor.py:840} INFO - DAG(s) 'tutorial' retrieved from /home/airflow/.local/lib/python3.12/site-packages/airflow/example_dags/tutorial.py
[2025-04-10T14:01:53.564+0000] {logging_mixin.py:188} INFO - [2025-04-10T14:01:53.563+0000] {dag.py:3096} INFO - Sync 1 DAGs
[2025-04-10T14:01:53.607+0000] {logging_mixin.py:188} INFO - [2025-04-10T14:01:53.607+0000] {dag.py:3954} INFO - Setting next_dagrun for tutorial to 2025-04-09 00:00:00+00:00, run_after=2025-04-10 00:00:00+00:00
[2025-04-10T14:01:53.645+0000] {processor.py:183} INFO - Processing /home/airflow/.local/lib/python3.12/site-packages/airflow/example_dags/tutorial.py took 0.144 seconds
[2025-04-10T14:02:24.369+0000] {processor.py:161} INFO - Started process (PID=1536) to work on /home/airflow/.local/lib/python3.12/site-packages/airflow/example_dags/tutorial.py
[2025-04-10T14:02:24.371+0000] {processor.py:830} INFO - Processing file /home/airflow/.local/lib/python3.12/site-packages/airflow/example_dags/tutorial.py for tasks to queue
[2025-04-10T14:02:24.374+0000] {logging_mixin.py:188} INFO - [2025-04-10T14:02:24.373+0000] {dagbag.py:540} INFO - Filling up the DagBag from /home/airflow/.local/lib/python3.12/site-packages/airflow/example_dags/tutorial.py
[2025-04-10T14:02:24.384+0000] {processor.py:840} INFO - DAG(s) 'tutorial' retrieved from /home/airflow/.local/lib/python3.12/site-packages/airflow/example_dags/tutorial.py
[2025-04-10T14:02:24.418+0000] {logging_mixin.py:188} INFO - [2025-04-10T14:02:24.417+0000] {dag.py:3096} INFO - Sync 1 DAGs
[2025-04-10T14:02:24.458+0000] {logging_mixin.py:188} INFO - [2025-04-10T14:02:24.457+0000] {dag.py:3954} INFO - Setting next_dagrun for tutorial to 2025-04-09 00:00:00+00:00, run_after=2025-04-10 00:00:00+00:00
[2025-04-10T14:02:24.492+0000] {processor.py:183} INFO - Processing /home/airflow/.local/lib/python3.12/site-packages/airflow/example_dags/tutorial.py took 0.133 seconds
[2025-04-10T14:02:54.625+0000] {processor.py:161} INFO - Started process (PID=1596) to work on /home/airflow/.local/lib/python3.12/site-packages/airflow/example_dags/tutorial.py
[2025-04-10T14:02:54.626+0000] {processor.py:830} INFO - Processing file /home/airflow/.local/lib/python3.12/site-packages/airflow/example_dags/tutorial.py for tasks to queue
[2025-04-10T14:02:54.630+0000] {logging_mixin.py:188} INFO - [2025-04-10T14:02:54.629+0000] {dagbag.py:540} INFO - Filling up the DagBag from /home/airflow/.local/lib/python3.12/site-packages/airflow/example_dags/tutorial.py
[2025-04-10T14:02:54.640+0000] {processor.py:840} INFO - DAG(s) 'tutorial' retrieved from /home/airflow/.local/lib/python3.12/site-packages/airflow/example_dags/tutorial.py
[2025-04-10T14:02:54.675+0000] {logging_mixin.py:188} INFO - [2025-04-10T14:02:54.674+0000] {dag.py:3096} INFO - Sync 1 DAGs
[2025-04-10T14:02:54.715+0000] {logging_mixin.py:188} INFO - [2025-04-10T14:02:54.715+0000] {dag.py:3954} INFO - Setting next_dagrun for tutorial to 2025-04-09 00:00:00+00:00, run_after=2025-04-10 00:00:00+00:00
[2025-04-10T14:02:54.748+0000] {processor.py:183} INFO - Processing /home/airflow/.local/lib/python3.12/site-packages/airflow/example_dags/tutorial.py took 0.134 seconds
[2025-04-10T14:03:25.512+0000] {processor.py:161} INFO - Started process (PID=1656) to work on /home/airflow/.local/lib/python3.12/site-packages/airflow/example_dags/tutorial.py
[2025-04-10T14:03:25.513+0000] {processor.py:830} INFO - Processing file /home/airflow/.local/lib/python3.12/site-packages/airflow/example_dags/tutorial.py for tasks to queue
[2025-04-10T14:03:25.516+0000] {logging_mixin.py:188} INFO - [2025-04-10T14:03:25.516+0000] {dagbag.py:540} INFO - Filling up the DagBag from /home/airflow/.local/lib/python3.12/site-packages/airflow/example_dags/tutorial.py
[2025-04-10T14:03:25.526+0000] {processor.py:840} INFO - DAG(s) 'tutorial' retrieved from /home/airflow/.local/lib/python3.12/site-packages/airflow/example_dags/tutorial.py
[2025-04-10T14:03:25.561+0000] {logging_mixin.py:188} INFO - [2025-04-10T14:03:25.560+0000] {dag.py:3096} INFO - Sync 1 DAGs
[2025-04-10T14:03:25.601+0000] {logging_mixin.py:188} INFO - [2025-04-10T14:03:25.601+0000] {dag.py:3954} INFO - Setting next_dagrun for tutorial to 2025-04-09 00:00:00+00:00, run_after=2025-04-10 00:00:00+00:00
[2025-04-10T14:03:25.638+0000] {processor.py:183} INFO - Processing /home/airflow/.local/lib/python3.12/site-packages/airflow/example_dags/tutorial.py took 0.136 seconds
[2025-04-10T14:03:56.056+0000] {processor.py:161} INFO - Started process (PID=1716) to work on /home/airflow/.local/lib/python3.12/site-packages/airflow/example_dags/tutorial.py
[2025-04-10T14:03:56.058+0000] {processor.py:830} INFO - Processing file /home/airflow/.local/lib/python3.12/site-packages/airflow/example_dags/tutorial.py for tasks to queue
[2025-04-10T14:03:56.061+0000] {logging_mixin.py:188} INFO - [2025-04-10T14:03:56.061+0000] {dagbag.py:540} INFO - Filling up the DagBag from /home/airflow/.local/lib/python3.12/site-packages/airflow/example_dags/tutorial.py
[2025-04-10T14:03:56.071+0000] {processor.py:840} INFO - DAG(s) 'tutorial' retrieved from /home/airflow/.local/lib/python3.12/site-packages/airflow/example_dags/tutorial.py
[2025-04-10T14:03:56.107+0000] {logging_mixin.py:188} INFO - [2025-04-10T14:03:56.106+0000] {dag.py:3096} INFO - Sync 1 DAGs
[2025-04-10T14:03:56.147+0000] {logging_mixin.py:188} INFO - [2025-04-10T14:03:56.147+0000] {dag.py:3954} INFO - Setting next_dagrun for tutorial to 2025-04-09 00:00:00+00:00, run_after=2025-04-10 00:00:00+00:00
[2025-04-10T14:03:56.181+0000] {processor.py:183} INFO - Processing /home/airflow/.local/lib/python3.12/site-packages/airflow/example_dags/tutorial.py took 0.136 seconds
[2025-04-10T14:04:26.687+0000] {processor.py:161} INFO - Started process (PID=1777) to work on /home/airflow/.local/lib/python3.12/site-packages/airflow/example_dags/tutorial.py
[2025-04-10T14:04:26.689+0000] {processor.py:830} INFO - Processing file /home/airflow/.local/lib/python3.12/site-packages/airflow/example_dags/tutorial.py for tasks to queue
[2025-04-10T14:04:26.692+0000] {logging_mixin.py:188} INFO - [2025-04-10T14:04:26.692+0000] {dagbag.py:540} INFO - Filling up the DagBag from /home/airflow/.local/lib/python3.12/site-packages/airflow/example_dags/tutorial.py
[2025-04-10T14:04:26.702+0000] {processor.py:840} INFO - DAG(s) 'tutorial' retrieved from /home/airflow/.local/lib/python3.12/site-packages/airflow/example_dags/tutorial.py
[2025-04-10T14:04:26.737+0000] {logging_mixin.py:188} INFO - [2025-04-10T14:04:26.737+0000] {dag.py:3096} INFO - Sync 1 DAGs
[2025-04-10T14:04:26.775+0000] {logging_mixin.py:188} INFO - [2025-04-10T14:04:26.775+0000] {dag.py:3954} INFO - Setting next_dagrun for tutorial to 2025-04-09 00:00:00+00:00, run_after=2025-04-10 00:00:00+00:00
[2025-04-10T14:04:26.811+0000] {processor.py:183} INFO - Processing /home/airflow/.local/lib/python3.12/site-packages/airflow/example_dags/tutorial.py took 0.134 seconds
[2025-04-10T14:04:57.483+0000] {processor.py:161} INFO - Started process (PID=1837) to work on /home/airflow/.local/lib/python3.12/site-packages/airflow/example_dags/tutorial.py
[2025-04-10T14:04:57.486+0000] {processor.py:830} INFO - Processing file /home/airflow/.local/lib/python3.12/site-packages/airflow/example_dags/tutorial.py for tasks to queue
[2025-04-10T14:04:57.489+0000] {logging_mixin.py:188} INFO - [2025-04-10T14:04:57.489+0000] {dagbag.py:540} INFO - Filling up the DagBag from /home/airflow/.local/lib/python3.12/site-packages/airflow/example_dags/tutorial.py
[2025-04-10T14:04:57.499+0000] {processor.py:840} INFO - DAG(s) 'tutorial' retrieved from /home/airflow/.local/lib/python3.12/site-packages/airflow/example_dags/tutorial.py
[2025-04-10T14:04:57.535+0000] {logging_mixin.py:188} INFO - [2025-04-10T14:04:57.534+0000] {dag.py:3096} INFO - Sync 1 DAGs
[2025-04-10T14:04:57.576+0000] {logging_mixin.py:188} INFO - [2025-04-10T14:04:57.576+0000] {dag.py:3954} INFO - Setting next_dagrun for tutorial to 2025-04-09 00:00:00+00:00, run_after=2025-04-10 00:00:00+00:00
[2025-04-10T14:04:57.610+0000] {processor.py:183} INFO - Processing /home/airflow/.local/lib/python3.12/site-packages/airflow/example_dags/tutorial.py took 0.137 seconds
[2025-04-10T14:05:27.922+0000] {processor.py:161} INFO - Started process (PID=1897) to work on /home/airflow/.local/lib/python3.12/site-packages/airflow/example_dags/tutorial.py
[2025-04-10T14:05:27.923+0000] {processor.py:830} INFO - Processing file /home/airflow/.local/lib/python3.12/site-packages/airflow/example_dags/tutorial.py for tasks to queue
[2025-04-10T14:05:27.927+0000] {logging_mixin.py:188} INFO - [2025-04-10T14:05:27.926+0000] {dagbag.py:540} INFO - Filling up the DagBag from /home/airflow/.local/lib/python3.12/site-packages/airflow/example_dags/tutorial.py
[2025-04-10T14:05:27.936+0000] {processor.py:840} INFO - DAG(s) 'tutorial' retrieved from /home/airflow/.local/lib/python3.12/site-packages/airflow/example_dags/tutorial.py
[2025-04-10T14:05:27.972+0000] {logging_mixin.py:188} INFO - [2025-04-10T14:05:27.972+0000] {dag.py:3096} INFO - Sync 1 DAGs
[2025-04-10T14:05:28.012+0000] {logging_mixin.py:188} INFO - [2025-04-10T14:05:28.012+0000] {dag.py:3954} INFO - Setting next_dagrun for tutorial to 2025-04-09 00:00:00+00:00, run_after=2025-04-10 00:00:00+00:00
[2025-04-10T14:05:28.045+0000] {processor.py:183} INFO - Processing /home/airflow/.local/lib/python3.12/site-packages/airflow/example_dags/tutorial.py took 0.132 seconds
[2025-04-10T14:05:58.804+0000] {processor.py:161} INFO - Started process (PID=1957) to work on /home/airflow/.local/lib/python3.12/site-packages/airflow/example_dags/tutorial.py
[2025-04-10T14:05:58.806+0000] {processor.py:830} INFO - Processing file /home/airflow/.local/lib/python3.12/site-packages/airflow/example_dags/tutorial.py for tasks to queue
[2025-04-10T14:05:58.809+0000] {logging_mixin.py:188} INFO - [2025-04-10T14:05:58.808+0000] {dagbag.py:540} INFO - Filling up the DagBag from /home/airflow/.local/lib/python3.12/site-packages/airflow/example_dags/tutorial.py
[2025-04-10T14:05:58.819+0000] {processor.py:840} INFO - DAG(s) 'tutorial' retrieved from /home/airflow/.local/lib/python3.12/site-packages/airflow/example_dags/tutorial.py
[2025-04-10T14:05:58.852+0000] {logging_mixin.py:188} INFO - [2025-04-10T14:05:58.852+0000] {dag.py:3096} INFO - Sync 1 DAGs
[2025-04-10T14:05:58.891+0000] {logging_mixin.py:188} INFO - [2025-04-10T14:05:58.891+0000] {dag.py:3954} INFO - Setting next_dagrun for tutorial to 2025-04-09 00:00:00+00:00, run_after=2025-04-10 00:00:00+00:00
[2025-04-10T14:05:58.924+0000] {processor.py:183} INFO - Processing /home/airflow/.local/lib/python3.12/site-packages/airflow/example_dags/tutorial.py took 0.130 seconds
[2025-04-10T14:06:29.253+0000] {processor.py:161} INFO - Started process (PID=2017) to work on /home/airflow/.local/lib/python3.12/site-packages/airflow/example_dags/tutorial.py
[2025-04-10T14:06:29.255+0000] {processor.py:830} INFO - Processing file /home/airflow/.local/lib/python3.12/site-packages/airflow/example_dags/tutorial.py for tasks to queue
[2025-04-10T14:06:29.258+0000] {logging_mixin.py:188} INFO - [2025-04-10T14:06:29.257+0000] {dagbag.py:540} INFO - Filling up the DagBag from /home/airflow/.local/lib/python3.12/site-packages/airflow/example_dags/tutorial.py
[2025-04-10T14:06:29.268+0000] {processor.py:840} INFO - DAG(s) 'tutorial' retrieved from /home/airflow/.local/lib/python3.12/site-packages/airflow/example_dags/tutorial.py
[2025-04-10T14:06:29.302+0000] {logging_mixin.py:188} INFO - [2025-04-10T14:06:29.302+0000] {dag.py:3096} INFO - Sync 1 DAGs
[2025-04-10T14:06:29.345+0000] {logging_mixin.py:188} INFO - [2025-04-10T14:06:29.344+0000] {dag.py:3954} INFO - Setting next_dagrun for tutorial to 2025-04-09 00:00:00+00:00, run_after=2025-04-10 00:00:00+00:00
[2025-04-10T14:06:29.377+0000] {processor.py:183} INFO - Processing /home/airflow/.local/lib/python3.12/site-packages/airflow/example_dags/tutorial.py took 0.134 seconds
[2025-04-10T14:07:00.334+0000] {processor.py:161} INFO - Started process (PID=2083) to work on /home/airflow/.local/lib/python3.12/site-packages/airflow/example_dags/tutorial.py
[2025-04-10T14:07:00.336+0000] {processor.py:830} INFO - Processing file /home/airflow/.local/lib/python3.12/site-packages/airflow/example_dags/tutorial.py for tasks to queue
[2025-04-10T14:07:00.340+0000] {logging_mixin.py:188} INFO - [2025-04-10T14:07:00.339+0000] {dagbag.py:540} INFO - Filling up the DagBag from /home/airflow/.local/lib/python3.12/site-packages/airflow/example_dags/tutorial.py
[2025-04-10T14:07:00.350+0000] {processor.py:840} INFO - DAG(s) 'tutorial' retrieved from /home/airflow/.local/lib/python3.12/site-packages/airflow/example_dags/tutorial.py
[2025-04-10T14:07:00.390+0000] {logging_mixin.py:188} INFO - [2025-04-10T14:07:00.389+0000] {dag.py:3096} INFO - Sync 1 DAGs
[2025-04-10T14:07:00.435+0000] {logging_mixin.py:188} INFO - [2025-04-10T14:07:00.435+0000] {dag.py:3954} INFO - Setting next_dagrun for tutorial to 2025-04-09 00:00:00+00:00, run_after=2025-04-10 00:00:00+00:00
[2025-04-10T14:07:00.470+0000] {processor.py:183} INFO - Processing /home/airflow/.local/lib/python3.12/site-packages/airflow/example_dags/tutorial.py took 0.146 seconds
[2025-04-10T14:07:30.706+0000] {processor.py:161} INFO - Started process (PID=2143) to work on /home/airflow/.local/lib/python3.12/site-packages/airflow/example_dags/tutorial.py
[2025-04-10T14:07:30.708+0000] {processor.py:830} INFO - Processing file /home/airflow/.local/lib/python3.12/site-packages/airflow/example_dags/tutorial.py for tasks to queue
[2025-04-10T14:07:30.711+0000] {logging_mixin.py:188} INFO - [2025-04-10T14:07:30.710+0000] {dagbag.py:540} INFO - Filling up the DagBag from /home/airflow/.local/lib/python3.12/site-packages/airflow/example_dags/tutorial.py
[2025-04-10T14:07:30.721+0000] {processor.py:840} INFO - DAG(s) 'tutorial' retrieved from /home/airflow/.local/lib/python3.12/site-packages/airflow/example_dags/tutorial.py
[2025-04-10T14:07:30.754+0000] {logging_mixin.py:188} INFO - [2025-04-10T14:07:30.754+0000] {dag.py:3096} INFO - Sync 1 DAGs
[2025-04-10T14:07:30.794+0000] {logging_mixin.py:188} INFO - [2025-04-10T14:07:30.793+0000] {dag.py:3954} INFO - Setting next_dagrun for tutorial to 2025-04-09 00:00:00+00:00, run_after=2025-04-10 00:00:00+00:00
[2025-04-10T14:07:30.830+0000] {processor.py:183} INFO - Processing /home/airflow/.local/lib/python3.12/site-packages/airflow/example_dags/tutorial.py took 0.134 seconds
[2025-04-10T14:08:01.425+0000] {processor.py:161} INFO - Started process (PID=2203) to work on /home/airflow/.local/lib/python3.12/site-packages/airflow/example_dags/tutorial.py
[2025-04-10T14:08:01.427+0000] {processor.py:830} INFO - Processing file /home/airflow/.local/lib/python3.12/site-packages/airflow/example_dags/tutorial.py for tasks to queue
[2025-04-10T14:08:01.430+0000] {logging_mixin.py:188} INFO - [2025-04-10T14:08:01.430+0000] {dagbag.py:540} INFO - Filling up the DagBag from /home/airflow/.local/lib/python3.12/site-packages/airflow/example_dags/tutorial.py
[2025-04-10T14:08:01.439+0000] {processor.py:840} INFO - DAG(s) 'tutorial' retrieved from /home/airflow/.local/lib/python3.12/site-packages/airflow/example_dags/tutorial.py
[2025-04-10T14:08:01.474+0000] {logging_mixin.py:188} INFO - [2025-04-10T14:08:01.474+0000] {dag.py:3096} INFO - Sync 1 DAGs
[2025-04-10T14:08:01.515+0000] {logging_mixin.py:188} INFO - [2025-04-10T14:08:01.515+0000] {dag.py:3954} INFO - Setting next_dagrun for tutorial to 2025-04-09 00:00:00+00:00, run_after=2025-04-10 00:00:00+00:00
[2025-04-10T14:08:01.552+0000] {processor.py:183} INFO - Processing /home/airflow/.local/lib/python3.12/site-packages/airflow/example_dags/tutorial.py took 0.137 seconds
[2025-04-10T14:08:31.953+0000] {processor.py:161} INFO - Started process (PID=2263) to work on /home/airflow/.local/lib/python3.12/site-packages/airflow/example_dags/tutorial.py
[2025-04-10T14:08:31.955+0000] {processor.py:830} INFO - Processing file /home/airflow/.local/lib/python3.12/site-packages/airflow/example_dags/tutorial.py for tasks to queue
[2025-04-10T14:08:31.958+0000] {logging_mixin.py:188} INFO - [2025-04-10T14:08:31.957+0000] {dagbag.py:540} INFO - Filling up the DagBag from /home/airflow/.local/lib/python3.12/site-packages/airflow/example_dags/tutorial.py
[2025-04-10T14:08:31.968+0000] {processor.py:840} INFO - DAG(s) 'tutorial' retrieved from /home/airflow/.local/lib/python3.12/site-packages/airflow/example_dags/tutorial.py
[2025-04-10T14:08:32.002+0000] {logging_mixin.py:188} INFO - [2025-04-10T14:08:32.002+0000] {dag.py:3096} INFO - Sync 1 DAGs
[2025-04-10T14:08:32.042+0000] {logging_mixin.py:188} INFO - [2025-04-10T14:08:32.042+0000] {dag.py:3954} INFO - Setting next_dagrun for tutorial to 2025-04-09 00:00:00+00:00, run_after=2025-04-10 00:00:00+00:00
[2025-04-10T14:08:32.077+0000] {processor.py:183} INFO - Processing /home/airflow/.local/lib/python3.12/site-packages/airflow/example_dags/tutorial.py took 0.134 seconds
[2025-04-10T14:09:02.462+0000] {processor.py:161} INFO - Started process (PID=2323) to work on /home/airflow/.local/lib/python3.12/site-packages/airflow/example_dags/tutorial.py
[2025-04-10T14:09:02.464+0000] {processor.py:830} INFO - Processing file /home/airflow/.local/lib/python3.12/site-packages/airflow/example_dags/tutorial.py for tasks to queue
[2025-04-10T14:09:02.467+0000] {logging_mixin.py:188} INFO - [2025-04-10T14:09:02.467+0000] {dagbag.py:540} INFO - Filling up the DagBag from /home/airflow/.local/lib/python3.12/site-packages/airflow/example_dags/tutorial.py
[2025-04-10T14:09:02.477+0000] {processor.py:840} INFO - DAG(s) 'tutorial' retrieved from /home/airflow/.local/lib/python3.12/site-packages/airflow/example_dags/tutorial.py
[2025-04-10T14:09:02.514+0000] {logging_mixin.py:188} INFO - [2025-04-10T14:09:02.513+0000] {dag.py:3096} INFO - Sync 1 DAGs
[2025-04-10T14:09:02.555+0000] {logging_mixin.py:188} INFO - [2025-04-10T14:09:02.554+0000] {dag.py:3954} INFO - Setting next_dagrun for tutorial to 2025-04-09 00:00:00+00:00, run_after=2025-04-10 00:00:00+00:00
[2025-04-10T14:09:02.594+0000] {processor.py:183} INFO - Processing /home/airflow/.local/lib/python3.12/site-packages/airflow/example_dags/tutorial.py took 0.144 seconds
[2025-04-10T14:09:32.766+0000] {processor.py:161} INFO - Started process (PID=2381) to work on /home/airflow/.local/lib/python3.12/site-packages/airflow/example_dags/tutorial.py
[2025-04-10T14:09:32.767+0000] {processor.py:830} INFO - Processing file /home/airflow/.local/lib/python3.12/site-packages/airflow/example_dags/tutorial.py for tasks to queue
[2025-04-10T14:09:32.771+0000] {logging_mixin.py:188} INFO - [2025-04-10T14:09:32.770+0000] {dagbag.py:540} INFO - Filling up the DagBag from /home/airflow/.local/lib/python3.12/site-packages/airflow/example_dags/tutorial.py
[2025-04-10T14:09:32.780+0000] {processor.py:840} INFO - DAG(s) 'tutorial' retrieved from /home/airflow/.local/lib/python3.12/site-packages/airflow/example_dags/tutorial.py
[2025-04-10T14:09:32.817+0000] {logging_mixin.py:188} INFO - [2025-04-10T14:09:32.816+0000] {dag.py:3096} INFO - Sync 1 DAGs
[2025-04-10T14:09:32.856+0000] {logging_mixin.py:188} INFO - [2025-04-10T14:09:32.856+0000] {dag.py:3954} INFO - Setting next_dagrun for tutorial to 2025-04-09 00:00:00+00:00, run_after=2025-04-10 00:00:00+00:00
[2025-04-10T14:09:32.891+0000] {processor.py:183} INFO - Processing /home/airflow/.local/lib/python3.12/site-packages/airflow/example_dags/tutorial.py took 0.135 seconds
[2025-04-10T14:10:03.563+0000] {processor.py:161} INFO - Started process (PID=2441) to work on /home/airflow/.local/lib/python3.12/site-packages/airflow/example_dags/tutorial.py
[2025-04-10T14:10:03.565+0000] {processor.py:830} INFO - Processing file /home/airflow/.local/lib/python3.12/site-packages/airflow/example_dags/tutorial.py for tasks to queue
[2025-04-10T14:10:03.568+0000] {logging_mixin.py:188} INFO - [2025-04-10T14:10:03.567+0000] {dagbag.py:540} INFO - Filling up the DagBag from /home/airflow/.local/lib/python3.12/site-packages/airflow/example_dags/tutorial.py
[2025-04-10T14:10:03.577+0000] {processor.py:840} INFO - DAG(s) 'tutorial' retrieved from /home/airflow/.local/lib/python3.12/site-packages/airflow/example_dags/tutorial.py
[2025-04-10T14:10:03.613+0000] {logging_mixin.py:188} INFO - [2025-04-10T14:10:03.613+0000] {dag.py:3096} INFO - Sync 1 DAGs
[2025-04-10T14:10:03.658+0000] {logging_mixin.py:188} INFO - [2025-04-10T14:10:03.657+0000] {dag.py:3954} INFO - Setting next_dagrun for tutorial to 2025-04-09 00:00:00+00:00, run_after=2025-04-10 00:00:00+00:00
[2025-04-10T14:10:03.692+0000] {processor.py:183} INFO - Processing /home/airflow/.local/lib/python3.12/site-packages/airflow/example_dags/tutorial.py took 0.138 seconds
[2025-04-10T14:10:34.069+0000] {processor.py:161} INFO - Started process (PID=2501) to work on /home/airflow/.local/lib/python3.12/site-packages/airflow/example_dags/tutorial.py
[2025-04-10T14:10:34.071+0000] {processor.py:830} INFO - Processing file /home/airflow/.local/lib/python3.12/site-packages/airflow/example_dags/tutorial.py for tasks to queue
[2025-04-10T14:10:34.074+0000] {logging_mixin.py:188} INFO - [2025-04-10T14:10:34.073+0000] {dagbag.py:540} INFO - Filling up the DagBag from /home/airflow/.local/lib/python3.12/site-packages/airflow/example_dags/tutorial.py
[2025-04-10T14:10:34.084+0000] {processor.py:840} INFO - DAG(s) 'tutorial' retrieved from /home/airflow/.local/lib/python3.12/site-packages/airflow/example_dags/tutorial.py
[2025-04-10T14:10:34.119+0000] {logging_mixin.py:188} INFO - [2025-04-10T14:10:34.119+0000] {dag.py:3096} INFO - Sync 1 DAGs
[2025-04-10T14:10:34.159+0000] {logging_mixin.py:188} INFO - [2025-04-10T14:10:34.159+0000] {dag.py:3954} INFO - Setting next_dagrun for tutorial to 2025-04-09 00:00:00+00:00, run_after=2025-04-10 00:00:00+00:00
[2025-04-10T14:10:34.195+0000] {processor.py:183} INFO - Processing /home/airflow/.local/lib/python3.12/site-packages/airflow/example_dags/tutorial.py took 0.136 seconds
[2025-04-10T14:11:04.550+0000] {processor.py:161} INFO - Started process (PID=2561) to work on /home/airflow/.local/lib/python3.12/site-packages/airflow/example_dags/tutorial.py
[2025-04-10T14:11:04.552+0000] {processor.py:830} INFO - Processing file /home/airflow/.local/lib/python3.12/site-packages/airflow/example_dags/tutorial.py for tasks to queue
[2025-04-10T14:11:04.555+0000] {logging_mixin.py:188} INFO - [2025-04-10T14:11:04.555+0000] {dagbag.py:540} INFO - Filling up the DagBag from /home/airflow/.local/lib/python3.12/site-packages/airflow/example_dags/tutorial.py
[2025-04-10T14:11:04.565+0000] {processor.py:840} INFO - DAG(s) 'tutorial' retrieved from /home/airflow/.local/lib/python3.12/site-packages/airflow/example_dags/tutorial.py
[2025-04-10T14:11:04.599+0000] {logging_mixin.py:188} INFO - [2025-04-10T14:11:04.599+0000] {dag.py:3096} INFO - Sync 1 DAGs
[2025-04-10T14:11:04.638+0000] {logging_mixin.py:188} INFO - [2025-04-10T14:11:04.638+0000] {dag.py:3954} INFO - Setting next_dagrun for tutorial to 2025-04-09 00:00:00+00:00, run_after=2025-04-10 00:00:00+00:00
[2025-04-10T14:11:04.671+0000] {processor.py:183} INFO - Processing /home/airflow/.local/lib/python3.12/site-packages/airflow/example_dags/tutorial.py took 0.130 seconds
[2025-04-10T14:11:35.150+0000] {processor.py:161} INFO - Started process (PID=2621) to work on /home/airflow/.local/lib/python3.12/site-packages/airflow/example_dags/tutorial.py
[2025-04-10T14:11:35.152+0000] {processor.py:830} INFO - Processing file /home/airflow/.local/lib/python3.12/site-packages/airflow/example_dags/tutorial.py for tasks to queue
[2025-04-10T14:11:35.155+0000] {logging_mixin.py:188} INFO - [2025-04-10T14:11:35.155+0000] {dagbag.py:540} INFO - Filling up the DagBag from /home/airflow/.local/lib/python3.12/site-packages/airflow/example_dags/tutorial.py
[2025-04-10T14:11:35.165+0000] {processor.py:840} INFO - DAG(s) 'tutorial' retrieved from /home/airflow/.local/lib/python3.12/site-packages/airflow/example_dags/tutorial.py
[2025-04-10T14:11:35.199+0000] {logging_mixin.py:188} INFO - [2025-04-10T14:11:35.199+0000] {dag.py:3096} INFO - Sync 1 DAGs
[2025-04-10T14:11:35.240+0000] {logging_mixin.py:188} INFO - [2025-04-10T14:11:35.240+0000] {dag.py:3954} INFO - Setting next_dagrun for tutorial to 2025-04-09 00:00:00+00:00, run_after=2025-04-10 00:00:00+00:00
[2025-04-10T14:11:35.275+0000] {processor.py:183} INFO - Processing /home/airflow/.local/lib/python3.12/site-packages/airflow/example_dags/tutorial.py took 0.135 seconds
[2025-04-10T14:12:06.098+0000] {processor.py:161} INFO - Started process (PID=2681) to work on /home/airflow/.local/lib/python3.12/site-packages/airflow/example_dags/tutorial.py
[2025-04-10T14:12:06.100+0000] {processor.py:830} INFO - Processing file /home/airflow/.local/lib/python3.12/site-packages/airflow/example_dags/tutorial.py for tasks to queue
[2025-04-10T14:12:06.103+0000] {logging_mixin.py:188} INFO - [2025-04-10T14:12:06.102+0000] {dagbag.py:540} INFO - Filling up the DagBag from /home/airflow/.local/lib/python3.12/site-packages/airflow/example_dags/tutorial.py
[2025-04-10T14:12:06.112+0000] {processor.py:840} INFO - DAG(s) 'tutorial' retrieved from /home/airflow/.local/lib/python3.12/site-packages/airflow/example_dags/tutorial.py
[2025-04-10T14:12:06.147+0000] {logging_mixin.py:188} INFO - [2025-04-10T14:12:06.146+0000] {dag.py:3096} INFO - Sync 1 DAGs
[2025-04-10T14:12:06.187+0000] {logging_mixin.py:188} INFO - [2025-04-10T14:12:06.186+0000] {dag.py:3954} INFO - Setting next_dagrun for tutorial to 2025-04-09 00:00:00+00:00, run_after=2025-04-10 00:00:00+00:00
[2025-04-10T14:12:06.222+0000] {processor.py:183} INFO - Processing /home/airflow/.local/lib/python3.12/site-packages/airflow/example_dags/tutorial.py took 0.133 seconds
[2025-04-10T14:12:37.434+0000] {processor.py:161} INFO - Started process (PID=2741) to work on /home/airflow/.local/lib/python3.12/site-packages/airflow/example_dags/tutorial.py
[2025-04-10T14:12:37.435+0000] {processor.py:830} INFO - Processing file /home/airflow/.local/lib/python3.12/site-packages/airflow/example_dags/tutorial.py for tasks to queue
[2025-04-10T14:12:37.438+0000] {logging_mixin.py:188} INFO - [2025-04-10T14:12:37.438+0000] {dagbag.py:540} INFO - Filling up the DagBag from /home/airflow/.local/lib/python3.12/site-packages/airflow/example_dags/tutorial.py
[2025-04-10T14:12:37.447+0000] {processor.py:840} INFO - DAG(s) 'tutorial' retrieved from /home/airflow/.local/lib/python3.12/site-packages/airflow/example_dags/tutorial.py
[2025-04-10T14:12:37.483+0000] {logging_mixin.py:188} INFO - [2025-04-10T14:12:37.482+0000] {dag.py:3096} INFO - Sync 1 DAGs
[2025-04-10T14:12:37.524+0000] {logging_mixin.py:188} INFO - [2025-04-10T14:12:37.524+0000] {dag.py:3954} INFO - Setting next_dagrun for tutorial to 2025-04-09 00:00:00+00:00, run_after=2025-04-10 00:00:00+00:00
[2025-04-10T14:12:37.558+0000] {processor.py:183} INFO - Processing /home/airflow/.local/lib/python3.12/site-packages/airflow/example_dags/tutorial.py took 0.135 seconds
[2025-04-10T14:13:08.037+0000] {processor.py:161} INFO - Started process (PID=2801) to work on /home/airflow/.local/lib/python3.12/site-packages/airflow/example_dags/tutorial.py
[2025-04-10T14:13:08.039+0000] {processor.py:830} INFO - Processing file /home/airflow/.local/lib/python3.12/site-packages/airflow/example_dags/tutorial.py for tasks to queue
[2025-04-10T14:13:08.042+0000] {logging_mixin.py:188} INFO - [2025-04-10T14:13:08.041+0000] {dagbag.py:540} INFO - Filling up the DagBag from /home/airflow/.local/lib/python3.12/site-packages/airflow/example_dags/tutorial.py
[2025-04-10T14:13:08.051+0000] {processor.py:840} INFO - DAG(s) 'tutorial' retrieved from /home/airflow/.local/lib/python3.12/site-packages/airflow/example_dags/tutorial.py
[2025-04-10T14:13:08.087+0000] {logging_mixin.py:188} INFO - [2025-04-10T14:13:08.086+0000] {dag.py:3096} INFO - Sync 1 DAGs
[2025-04-10T14:13:08.125+0000] {logging_mixin.py:188} INFO - [2025-04-10T14:13:08.125+0000] {dag.py:3954} INFO - Setting next_dagrun for tutorial to 2025-04-09 00:00:00+00:00, run_after=2025-04-10 00:00:00+00:00
[2025-04-10T14:13:08.159+0000] {processor.py:183} INFO - Processing /home/airflow/.local/lib/python3.12/site-packages/airflow/example_dags/tutorial.py took 0.132 seconds
[2025-04-10T14:13:38.875+0000] {processor.py:161} INFO - Started process (PID=2861) to work on /home/airflow/.local/lib/python3.12/site-packages/airflow/example_dags/tutorial.py
[2025-04-10T14:13:38.877+0000] {processor.py:830} INFO - Processing file /home/airflow/.local/lib/python3.12/site-packages/airflow/example_dags/tutorial.py for tasks to queue
[2025-04-10T14:13:38.879+0000] {logging_mixin.py:188} INFO - [2025-04-10T14:13:38.879+0000] {dagbag.py:540} INFO - Filling up the DagBag from /home/airflow/.local/lib/python3.12/site-packages/airflow/example_dags/tutorial.py
[2025-04-10T14:13:38.889+0000] {processor.py:840} INFO - DAG(s) 'tutorial' retrieved from /home/airflow/.local/lib/python3.12/site-packages/airflow/example_dags/tutorial.py
[2025-04-10T14:13:38.922+0000] {logging_mixin.py:188} INFO - [2025-04-10T14:13:38.922+0000] {dag.py:3096} INFO - Sync 1 DAGs
[2025-04-10T14:13:38.961+0000] {logging_mixin.py:188} INFO - [2025-04-10T14:13:38.961+0000] {dag.py:3954} INFO - Setting next_dagrun for tutorial to 2025-04-09 00:00:00+00:00, run_after=2025-04-10 00:00:00+00:00
[2025-04-10T14:13:38.994+0000] {processor.py:183} INFO - Processing /home/airflow/.local/lib/python3.12/site-packages/airflow/example_dags/tutorial.py took 0.129 seconds
[2025-04-10T14:14:10.229+0000] {processor.py:161} INFO - Started process (PID=2922) to work on /home/airflow/.local/lib/python3.12/site-packages/airflow/example_dags/tutorial.py
[2025-04-10T14:14:10.230+0000] {processor.py:830} INFO - Processing file /home/airflow/.local/lib/python3.12/site-packages/airflow/example_dags/tutorial.py for tasks to queue
[2025-04-10T14:14:10.233+0000] {logging_mixin.py:188} INFO - [2025-04-10T14:14:10.233+0000] {dagbag.py:540} INFO - Filling up the DagBag from /home/airflow/.local/lib/python3.12/site-packages/airflow/example_dags/tutorial.py
[2025-04-10T14:14:10.243+0000] {processor.py:840} INFO - DAG(s) 'tutorial' retrieved from /home/airflow/.local/lib/python3.12/site-packages/airflow/example_dags/tutorial.py
[2025-04-10T14:14:10.278+0000] {logging_mixin.py:188} INFO - [2025-04-10T14:14:10.278+0000] {dag.py:3096} INFO - Sync 1 DAGs
[2025-04-10T14:14:10.317+0000] {logging_mixin.py:188} INFO - [2025-04-10T14:14:10.316+0000] {dag.py:3954} INFO - Setting next_dagrun for tutorial to 2025-04-09 00:00:00+00:00, run_after=2025-04-10 00:00:00+00:00
[2025-04-10T14:14:10.354+0000] {processor.py:183} INFO - Processing /home/airflow/.local/lib/python3.12/site-packages/airflow/example_dags/tutorial.py took 0.134 seconds
[2025-04-10T14:14:40.842+0000] {processor.py:161} INFO - Started process (PID=2980) to work on /home/airflow/.local/lib/python3.12/site-packages/airflow/example_dags/tutorial.py
[2025-04-10T14:14:40.843+0000] {processor.py:830} INFO - Processing file /home/airflow/.local/lib/python3.12/site-packages/airflow/example_dags/tutorial.py for tasks to queue
[2025-04-10T14:14:40.846+0000] {logging_mixin.py:188} INFO - [2025-04-10T14:14:40.846+0000] {dagbag.py:540} INFO - Filling up the DagBag from /home/airflow/.local/lib/python3.12/site-packages/airflow/example_dags/tutorial.py
[2025-04-10T14:14:40.857+0000] {processor.py:840} INFO - DAG(s) 'tutorial' retrieved from /home/airflow/.local/lib/python3.12/site-packages/airflow/example_dags/tutorial.py
[2025-04-10T14:14:40.892+0000] {logging_mixin.py:188} INFO - [2025-04-10T14:14:40.891+0000] {dag.py:3096} INFO - Sync 1 DAGs
[2025-04-10T14:14:40.931+0000] {logging_mixin.py:188} INFO - [2025-04-10T14:14:40.931+0000] {dag.py:3954} INFO - Setting next_dagrun for tutorial to 2025-04-09 00:00:00+00:00, run_after=2025-04-10 00:00:00+00:00
[2025-04-10T14:14:40.969+0000] {processor.py:183} INFO - Processing /home/airflow/.local/lib/python3.12/site-packages/airflow/example_dags/tutorial.py took 0.137 seconds
[2025-04-10T14:15:11.504+0000] {processor.py:161} INFO - Started process (PID=3040) to work on /home/airflow/.local/lib/python3.12/site-packages/airflow/example_dags/tutorial.py
[2025-04-10T14:15:11.506+0000] {processor.py:830} INFO - Processing file /home/airflow/.local/lib/python3.12/site-packages/airflow/example_dags/tutorial.py for tasks to queue
[2025-04-10T14:15:11.509+0000] {logging_mixin.py:188} INFO - [2025-04-10T14:15:11.508+0000] {dagbag.py:540} INFO - Filling up the DagBag from /home/airflow/.local/lib/python3.12/site-packages/airflow/example_dags/tutorial.py
[2025-04-10T14:15:11.518+0000] {processor.py:840} INFO - DAG(s) 'tutorial' retrieved from /home/airflow/.local/lib/python3.12/site-packages/airflow/example_dags/tutorial.py
[2025-04-10T14:15:11.552+0000] {logging_mixin.py:188} INFO - [2025-04-10T14:15:11.552+0000] {dag.py:3096} INFO - Sync 1 DAGs
[2025-04-10T14:15:11.592+0000] {logging_mixin.py:188} INFO - [2025-04-10T14:15:11.592+0000] {dag.py:3954} INFO - Setting next_dagrun for tutorial to 2025-04-09 00:00:00+00:00, run_after=2025-04-10 00:00:00+00:00
[2025-04-10T14:15:11.630+0000] {processor.py:183} INFO - Processing /home/airflow/.local/lib/python3.12/site-packages/airflow/example_dags/tutorial.py took 0.136 seconds
[2025-04-10T14:15:42.314+0000] {processor.py:161} INFO - Started process (PID=3100) to work on /home/airflow/.local/lib/python3.12/site-packages/airflow/example_dags/tutorial.py
[2025-04-10T14:15:42.315+0000] {processor.py:830} INFO - Processing file /home/airflow/.local/lib/python3.12/site-packages/airflow/example_dags/tutorial.py for tasks to queue
[2025-04-10T14:15:42.318+0000] {logging_mixin.py:188} INFO - [2025-04-10T14:15:42.318+0000] {dagbag.py:540} INFO - Filling up the DagBag from /home/airflow/.local/lib/python3.12/site-packages/airflow/example_dags/tutorial.py
[2025-04-10T14:15:42.328+0000] {processor.py:840} INFO - DAG(s) 'tutorial' retrieved from /home/airflow/.local/lib/python3.12/site-packages/airflow/example_dags/tutorial.py
[2025-04-10T14:15:42.363+0000] {logging_mixin.py:188} INFO - [2025-04-10T14:15:42.362+0000] {dag.py:3096} INFO - Sync 1 DAGs
[2025-04-10T14:15:42.406+0000] {logging_mixin.py:188} INFO - [2025-04-10T14:15:42.406+0000] {dag.py:3954} INFO - Setting next_dagrun for tutorial to 2025-04-09 00:00:00+00:00, run_after=2025-04-10 00:00:00+00:00
[2025-04-10T14:15:42.437+0000] {processor.py:183} INFO - Processing /home/airflow/.local/lib/python3.12/site-packages/airflow/example_dags/tutorial.py took 0.133 seconds
[2025-04-10T14:16:12.878+0000] {processor.py:161} INFO - Started process (PID=3161) to work on /home/airflow/.local/lib/python3.12/site-packages/airflow/example_dags/tutorial.py
[2025-04-10T14:16:12.880+0000] {processor.py:830} INFO - Processing file /home/airflow/.local/lib/python3.12/site-packages/airflow/example_dags/tutorial.py for tasks to queue
[2025-04-10T14:16:12.884+0000] {logging_mixin.py:188} INFO - [2025-04-10T14:16:12.883+0000] {dagbag.py:540} INFO - Filling up the DagBag from /home/airflow/.local/lib/python3.12/site-packages/airflow/example_dags/tutorial.py
[2025-04-10T14:16:12.895+0000] {processor.py:840} INFO - DAG(s) 'tutorial' retrieved from /home/airflow/.local/lib/python3.12/site-packages/airflow/example_dags/tutorial.py
[2025-04-10T14:16:12.930+0000] {logging_mixin.py:188} INFO - [2025-04-10T14:16:12.929+0000] {dag.py:3096} INFO - Sync 1 DAGs
[2025-04-10T14:16:12.973+0000] {logging_mixin.py:188} INFO - [2025-04-10T14:16:12.972+0000] {dag.py:3954} INFO - Setting next_dagrun for tutorial to 2025-04-09 00:00:00+00:00, run_after=2025-04-10 00:00:00+00:00
[2025-04-10T14:16:13.011+0000] {processor.py:183} INFO - Processing /home/airflow/.local/lib/python3.12/site-packages/airflow/example_dags/tutorial.py took 0.144 seconds
[2025-04-10T14:16:43.647+0000] {processor.py:161} INFO - Started process (PID=3221) to work on /home/airflow/.local/lib/python3.12/site-packages/airflow/example_dags/tutorial.py
[2025-04-10T14:16:43.649+0000] {processor.py:830} INFO - Processing file /home/airflow/.local/lib/python3.12/site-packages/airflow/example_dags/tutorial.py for tasks to queue
[2025-04-10T14:16:43.652+0000] {logging_mixin.py:188} INFO - [2025-04-10T14:16:43.651+0000] {dagbag.py:540} INFO - Filling up the DagBag from /home/airflow/.local/lib/python3.12/site-packages/airflow/example_dags/tutorial.py
[2025-04-10T14:16:43.661+0000] {processor.py:840} INFO - DAG(s) 'tutorial' retrieved from /home/airflow/.local/lib/python3.12/site-packages/airflow/example_dags/tutorial.py
[2025-04-10T14:16:43.696+0000] {logging_mixin.py:188} INFO - [2025-04-10T14:16:43.695+0000] {dag.py:3096} INFO - Sync 1 DAGs
[2025-04-10T14:16:43.742+0000] {logging_mixin.py:188} INFO - [2025-04-10T14:16:43.742+0000] {dag.py:3954} INFO - Setting next_dagrun for tutorial to 2025-04-09 00:00:00+00:00, run_after=2025-04-10 00:00:00+00:00
[2025-04-10T14:16:43.777+0000] {processor.py:183} INFO - Processing /home/airflow/.local/lib/python3.12/site-packages/airflow/example_dags/tutorial.py took 0.140 seconds
[2025-04-10T14:17:13.981+0000] {processor.py:161} INFO - Started process (PID=3281) to work on /home/airflow/.local/lib/python3.12/site-packages/airflow/example_dags/tutorial.py
[2025-04-10T14:17:13.983+0000] {processor.py:830} INFO - Processing file /home/airflow/.local/lib/python3.12/site-packages/airflow/example_dags/tutorial.py for tasks to queue
[2025-04-10T14:17:13.986+0000] {logging_mixin.py:188} INFO - [2025-04-10T14:17:13.986+0000] {dagbag.py:540} INFO - Filling up the DagBag from /home/airflow/.local/lib/python3.12/site-packages/airflow/example_dags/tutorial.py
[2025-04-10T14:17:13.996+0000] {processor.py:840} INFO - DAG(s) 'tutorial' retrieved from /home/airflow/.local/lib/python3.12/site-packages/airflow/example_dags/tutorial.py
[2025-04-10T14:17:14.031+0000] {logging_mixin.py:188} INFO - [2025-04-10T14:17:14.030+0000] {dag.py:3096} INFO - Sync 1 DAGs
[2025-04-10T14:17:14.072+0000] {logging_mixin.py:188} INFO - [2025-04-10T14:17:14.071+0000] {dag.py:3954} INFO - Setting next_dagrun for tutorial to 2025-04-09 00:00:00+00:00, run_after=2025-04-10 00:00:00+00:00
[2025-04-10T14:17:14.107+0000] {processor.py:183} INFO - Processing /home/airflow/.local/lib/python3.12/site-packages/airflow/example_dags/tutorial.py took 0.136 seconds
[2025-04-10T14:17:44.407+0000] {processor.py:161} INFO - Started process (PID=3341) to work on /home/airflow/.local/lib/python3.12/site-packages/airflow/example_dags/tutorial.py
[2025-04-10T14:17:44.408+0000] {processor.py:830} INFO - Processing file /home/airflow/.local/lib/python3.12/site-packages/airflow/example_dags/tutorial.py for tasks to queue
[2025-04-10T14:17:44.412+0000] {logging_mixin.py:188} INFO - [2025-04-10T14:17:44.411+0000] {dagbag.py:540} INFO - Filling up the DagBag from /home/airflow/.local/lib/python3.12/site-packages/airflow/example_dags/tutorial.py
[2025-04-10T14:17:44.421+0000] {processor.py:840} INFO - DAG(s) 'tutorial' retrieved from /home/airflow/.local/lib/python3.12/site-packages/airflow/example_dags/tutorial.py
[2025-04-10T14:17:44.456+0000] {logging_mixin.py:188} INFO - [2025-04-10T14:17:44.456+0000] {dag.py:3096} INFO - Sync 1 DAGs
[2025-04-10T14:17:44.497+0000] {logging_mixin.py:188} INFO - [2025-04-10T14:17:44.497+0000] {dag.py:3954} INFO - Setting next_dagrun for tutorial to 2025-04-09 00:00:00+00:00, run_after=2025-04-10 00:00:00+00:00
[2025-04-10T14:17:44.536+0000] {processor.py:183} INFO - Processing /home/airflow/.local/lib/python3.12/site-packages/airflow/example_dags/tutorial.py took 0.139 seconds
[2025-04-10T14:18:15.249+0000] {processor.py:161} INFO - Started process (PID=3401) to work on /home/airflow/.local/lib/python3.12/site-packages/airflow/example_dags/tutorial.py
[2025-04-10T14:18:15.251+0000] {processor.py:830} INFO - Processing file /home/airflow/.local/lib/python3.12/site-packages/airflow/example_dags/tutorial.py for tasks to queue
[2025-04-10T14:18:15.254+0000] {logging_mixin.py:188} INFO - [2025-04-10T14:18:15.253+0000] {dagbag.py:540} INFO - Filling up the DagBag from /home/airflow/.local/lib/python3.12/site-packages/airflow/example_dags/tutorial.py
[2025-04-10T14:18:15.263+0000] {processor.py:840} INFO - DAG(s) 'tutorial' retrieved from /home/airflow/.local/lib/python3.12/site-packages/airflow/example_dags/tutorial.py
[2025-04-10T14:18:15.298+0000] {logging_mixin.py:188} INFO - [2025-04-10T14:18:15.297+0000] {dag.py:3096} INFO - Sync 1 DAGs
[2025-04-10T14:18:15.338+0000] {logging_mixin.py:188} INFO - [2025-04-10T14:18:15.338+0000] {dag.py:3954} INFO - Setting next_dagrun for tutorial to 2025-04-09 00:00:00+00:00, run_after=2025-04-10 00:00:00+00:00
[2025-04-10T14:18:15.376+0000] {processor.py:183} INFO - Processing /home/airflow/.local/lib/python3.12/site-packages/airflow/example_dags/tutorial.py took 0.136 seconds
[2025-04-10T14:18:45.642+0000] {processor.py:161} INFO - Started process (PID=3461) to work on /home/airflow/.local/lib/python3.12/site-packages/airflow/example_dags/tutorial.py
[2025-04-10T14:18:45.643+0000] {processor.py:830} INFO - Processing file /home/airflow/.local/lib/python3.12/site-packages/airflow/example_dags/tutorial.py for tasks to queue
[2025-04-10T14:18:45.647+0000] {logging_mixin.py:188} INFO - [2025-04-10T14:18:45.646+0000] {dagbag.py:540} INFO - Filling up the DagBag from /home/airflow/.local/lib/python3.12/site-packages/airflow/example_dags/tutorial.py
[2025-04-10T14:18:45.656+0000] {processor.py:840} INFO - DAG(s) 'tutorial' retrieved from /home/airflow/.local/lib/python3.12/site-packages/airflow/example_dags/tutorial.py
[2025-04-10T14:18:45.692+0000] {logging_mixin.py:188} INFO - [2025-04-10T14:18:45.691+0000] {dag.py:3096} INFO - Sync 1 DAGs
[2025-04-10T14:18:45.731+0000] {logging_mixin.py:188} INFO - [2025-04-10T14:18:45.730+0000] {dag.py:3954} INFO - Setting next_dagrun for tutorial to 2025-04-09 00:00:00+00:00, run_after=2025-04-10 00:00:00+00:00
[2025-04-10T14:18:45.766+0000] {processor.py:183} INFO - Processing /home/airflow/.local/lib/python3.12/site-packages/airflow/example_dags/tutorial.py took 0.134 seconds
[2025-04-10T14:19:16.066+0000] {processor.py:161} INFO - Started process (PID=3521) to work on /home/airflow/.local/lib/python3.12/site-packages/airflow/example_dags/tutorial.py
[2025-04-10T14:19:16.068+0000] {processor.py:830} INFO - Processing file /home/airflow/.local/lib/python3.12/site-packages/airflow/example_dags/tutorial.py for tasks to queue
[2025-04-10T14:19:16.073+0000] {logging_mixin.py:188} INFO - [2025-04-10T14:19:16.072+0000] {dagbag.py:540} INFO - Filling up the DagBag from /home/airflow/.local/lib/python3.12/site-packages/airflow/example_dags/tutorial.py
[2025-04-10T14:19:16.086+0000] {processor.py:840} INFO - DAG(s) 'tutorial' retrieved from /home/airflow/.local/lib/python3.12/site-packages/airflow/example_dags/tutorial.py
[2025-04-10T14:19:16.124+0000] {logging_mixin.py:188} INFO - [2025-04-10T14:19:16.124+0000] {dag.py:3096} INFO - Sync 1 DAGs
[2025-04-10T14:19:16.163+0000] {logging_mixin.py:188} INFO - [2025-04-10T14:19:16.162+0000] {dag.py:3954} INFO - Setting next_dagrun for tutorial to 2025-04-09 00:00:00+00:00, run_after=2025-04-10 00:00:00+00:00
[2025-04-10T14:19:16.200+0000] {processor.py:183} INFO - Processing /home/airflow/.local/lib/python3.12/site-packages/airflow/example_dags/tutorial.py took 0.149 seconds
[2025-04-10T14:19:46.463+0000] {processor.py:161} INFO - Started process (PID=3581) to work on /home/airflow/.local/lib/python3.12/site-packages/airflow/example_dags/tutorial.py
[2025-04-10T14:19:46.465+0000] {processor.py:830} INFO - Processing file /home/airflow/.local/lib/python3.12/site-packages/airflow/example_dags/tutorial.py for tasks to queue
[2025-04-10T14:19:46.468+0000] {logging_mixin.py:188} INFO - [2025-04-10T14:19:46.467+0000] {dagbag.py:540} INFO - Filling up the DagBag from /home/airflow/.local/lib/python3.12/site-packages/airflow/example_dags/tutorial.py
[2025-04-10T14:19:46.477+0000] {processor.py:840} INFO - DAG(s) 'tutorial' retrieved from /home/airflow/.local/lib/python3.12/site-packages/airflow/example_dags/tutorial.py
[2025-04-10T14:19:46.513+0000] {logging_mixin.py:188} INFO - [2025-04-10T14:19:46.512+0000] {dag.py:3096} INFO - Sync 1 DAGs
[2025-04-10T14:19:46.552+0000] {logging_mixin.py:188} INFO - [2025-04-10T14:19:46.552+0000] {dag.py:3954} INFO - Setting next_dagrun for tutorial to 2025-04-09 00:00:00+00:00, run_after=2025-04-10 00:00:00+00:00
[2025-04-10T14:19:46.586+0000] {processor.py:183} INFO - Processing /home/airflow/.local/lib/python3.12/site-packages/airflow/example_dags/tutorial.py took 0.133 seconds
[2025-04-10T14:20:16.763+0000] {processor.py:161} INFO - Started process (PID=3641) to work on /home/airflow/.local/lib/python3.12/site-packages/airflow/example_dags/tutorial.py
[2025-04-10T14:20:16.764+0000] {processor.py:830} INFO - Processing file /home/airflow/.local/lib/python3.12/site-packages/airflow/example_dags/tutorial.py for tasks to queue
[2025-04-10T14:20:16.767+0000] {logging_mixin.py:188} INFO - [2025-04-10T14:20:16.767+0000] {dagbag.py:540} INFO - Filling up the DagBag from /home/airflow/.local/lib/python3.12/site-packages/airflow/example_dags/tutorial.py
[2025-04-10T14:20:16.777+0000] {processor.py:840} INFO - DAG(s) 'tutorial' retrieved from /home/airflow/.local/lib/python3.12/site-packages/airflow/example_dags/tutorial.py
[2025-04-10T14:20:16.815+0000] {logging_mixin.py:188} INFO - [2025-04-10T14:20:16.814+0000] {dag.py:3096} INFO - Sync 1 DAGs
[2025-04-10T14:20:16.854+0000] {logging_mixin.py:188} INFO - [2025-04-10T14:20:16.853+0000] {dag.py:3954} INFO - Setting next_dagrun for tutorial to 2025-04-09 00:00:00+00:00, run_after=2025-04-10 00:00:00+00:00
[2025-04-10T14:20:16.889+0000] {processor.py:183} INFO - Processing /home/airflow/.local/lib/python3.12/site-packages/airflow/example_dags/tutorial.py took 0.135 seconds
[2025-04-10T14:20:46.995+0000] {processor.py:161} INFO - Started process (PID=3701) to work on /home/airflow/.local/lib/python3.12/site-packages/airflow/example_dags/tutorial.py
[2025-04-10T14:20:46.997+0000] {processor.py:830} INFO - Processing file /home/airflow/.local/lib/python3.12/site-packages/airflow/example_dags/tutorial.py for tasks to queue
[2025-04-10T14:20:47.000+0000] {logging_mixin.py:188} INFO - [2025-04-10T14:20:47.000+0000] {dagbag.py:540} INFO - Filling up the DagBag from /home/airflow/.local/lib/python3.12/site-packages/airflow/example_dags/tutorial.py
[2025-04-10T14:20:47.009+0000] {processor.py:840} INFO - DAG(s) 'tutorial' retrieved from /home/airflow/.local/lib/python3.12/site-packages/airflow/example_dags/tutorial.py
[2025-04-10T14:20:47.042+0000] {logging_mixin.py:188} INFO - [2025-04-10T14:20:47.042+0000] {dag.py:3096} INFO - Sync 1 DAGs
[2025-04-10T14:20:47.087+0000] {logging_mixin.py:188} INFO - [2025-04-10T14:20:47.087+0000] {dag.py:3954} INFO - Setting next_dagrun for tutorial to 2025-04-09 00:00:00+00:00, run_after=2025-04-10 00:00:00+00:00
[2025-04-10T14:20:47.123+0000] {processor.py:183} INFO - Processing /home/airflow/.local/lib/python3.12/site-packages/airflow/example_dags/tutorial.py took 0.137 seconds
