[2025-04-10T13:35:45.569+0000] {processor.py:161} INFO - Started process (PID=107) to work on /home/airflow/.local/lib/python3.12/site-packages/airflow/example_dags/tutorial_taskflow_api.py
[2025-04-10T13:35:45.570+0000] {processor.py:830} INFO - Processing file /home/airflow/.local/lib/python3.12/site-packages/airflow/example_dags/tutorial_taskflow_api.py for tasks to queue
[2025-04-10T13:35:45.573+0000] {logging_mixin.py:188} INFO - [2025-04-10T13:35:45.573+0000] {dagbag.py:540} INFO - Filling up the DagBag from /home/airflow/.local/lib/python3.12/site-packages/airflow/example_dags/tutorial_taskflow_api.py
[2025-04-10T13:35:45.585+0000] {processor.py:840} INFO - DAG(s) 'tutorial_taskflow_api' retrieved from /home/airflow/.local/lib/python3.12/site-packages/airflow/example_dags/tutorial_taskflow_api.py
[2025-04-10T13:35:45.771+0000] {logging_mixin.py:188} INFO - [2025-04-10T13:35:45.771+0000] {dag.py:3096} INFO - Sync 1 DAGs
[2025-04-10T13:35:45.798+0000] {logging_mixin.py:188} INFO - [2025-04-10T13:35:45.798+0000] {dag.py:3954} INFO - Setting next_dagrun for tutorial_taskflow_api to None, run_after=None
[2025-04-10T13:35:45.838+0000] {processor.py:183} INFO - Processing /home/airflow/.local/lib/python3.12/site-packages/airflow/example_dags/tutorial_taskflow_api.py took 0.278 seconds
[2025-04-10T13:36:16.016+0000] {processor.py:161} INFO - Started process (PID=165) to work on /home/airflow/.local/lib/python3.12/site-packages/airflow/example_dags/tutorial_taskflow_api.py
[2025-04-10T13:36:16.017+0000] {processor.py:830} INFO - Processing file /home/airflow/.local/lib/python3.12/site-packages/airflow/example_dags/tutorial_taskflow_api.py for tasks to queue
[2025-04-10T13:36:16.020+0000] {logging_mixin.py:188} INFO - [2025-04-10T13:36:16.020+0000] {dagbag.py:540} INFO - Filling up the DagBag from /home/airflow/.local/lib/python3.12/site-packages/airflow/example_dags/tutorial_taskflow_api.py
[2025-04-10T13:36:16.030+0000] {processor.py:840} INFO - DAG(s) 'tutorial_taskflow_api' retrieved from /home/airflow/.local/lib/python3.12/site-packages/airflow/example_dags/tutorial_taskflow_api.py
[2025-04-10T13:36:16.061+0000] {logging_mixin.py:188} INFO - [2025-04-10T13:36:16.061+0000] {dag.py:3096} INFO - Sync 1 DAGs
[2025-04-10T13:36:16.083+0000] {logging_mixin.py:188} INFO - [2025-04-10T13:36:16.083+0000] {dag.py:3954} INFO - Setting next_dagrun for tutorial_taskflow_api to None, run_after=None
[2025-04-10T13:36:16.117+0000] {processor.py:183} INFO - Processing /home/airflow/.local/lib/python3.12/site-packages/airflow/example_dags/tutorial_taskflow_api.py took 0.110 seconds
[2025-04-10T13:36:46.740+0000] {processor.py:161} INFO - Started process (PID=222) to work on /home/airflow/.local/lib/python3.12/site-packages/airflow/example_dags/tutorial_taskflow_api.py
[2025-04-10T13:36:46.741+0000] {processor.py:830} INFO - Processing file /home/airflow/.local/lib/python3.12/site-packages/airflow/example_dags/tutorial_taskflow_api.py for tasks to queue
[2025-04-10T13:36:46.744+0000] {logging_mixin.py:188} INFO - [2025-04-10T13:36:46.744+0000] {dagbag.py:540} INFO - Filling up the DagBag from /home/airflow/.local/lib/python3.12/site-packages/airflow/example_dags/tutorial_taskflow_api.py
[2025-04-10T13:36:46.755+0000] {processor.py:840} INFO - DAG(s) 'tutorial_taskflow_api' retrieved from /home/airflow/.local/lib/python3.12/site-packages/airflow/example_dags/tutorial_taskflow_api.py
[2025-04-10T13:36:46.789+0000] {logging_mixin.py:188} INFO - [2025-04-10T13:36:46.789+0000] {dag.py:3096} INFO - Sync 1 DAGs
[2025-04-10T13:36:46.812+0000] {logging_mixin.py:188} INFO - [2025-04-10T13:36:46.812+0000] {dag.py:3954} INFO - Setting next_dagrun for tutorial_taskflow_api to None, run_after=None
[2025-04-10T13:36:46.846+0000] {processor.py:183} INFO - Processing /home/airflow/.local/lib/python3.12/site-packages/airflow/example_dags/tutorial_taskflow_api.py took 0.115 seconds
[2025-04-10T13:37:17.500+0000] {processor.py:161} INFO - Started process (PID=281) to work on /home/airflow/.local/lib/python3.12/site-packages/airflow/example_dags/tutorial_taskflow_api.py
[2025-04-10T13:37:17.502+0000] {processor.py:830} INFO - Processing file /home/airflow/.local/lib/python3.12/site-packages/airflow/example_dags/tutorial_taskflow_api.py for tasks to queue
[2025-04-10T13:37:17.505+0000] {logging_mixin.py:188} INFO - [2025-04-10T13:37:17.504+0000] {dagbag.py:540} INFO - Filling up the DagBag from /home/airflow/.local/lib/python3.12/site-packages/airflow/example_dags/tutorial_taskflow_api.py
[2025-04-10T13:37:17.515+0000] {processor.py:840} INFO - DAG(s) 'tutorial_taskflow_api' retrieved from /home/airflow/.local/lib/python3.12/site-packages/airflow/example_dags/tutorial_taskflow_api.py
[2025-04-10T13:37:17.550+0000] {logging_mixin.py:188} INFO - [2025-04-10T13:37:17.550+0000] {dag.py:3096} INFO - Sync 1 DAGs
[2025-04-10T13:37:17.576+0000] {logging_mixin.py:188} INFO - [2025-04-10T13:37:17.576+0000] {dag.py:3954} INFO - Setting next_dagrun for tutorial_taskflow_api to None, run_after=None
[2025-04-10T13:37:17.614+0000] {processor.py:183} INFO - Processing /home/airflow/.local/lib/python3.12/site-packages/airflow/example_dags/tutorial_taskflow_api.py took 0.124 seconds
[2025-04-10T13:37:47.746+0000] {processor.py:161} INFO - Started process (PID=339) to work on /home/airflow/.local/lib/python3.12/site-packages/airflow/example_dags/tutorial_taskflow_api.py
[2025-04-10T13:37:47.748+0000] {processor.py:830} INFO - Processing file /home/airflow/.local/lib/python3.12/site-packages/airflow/example_dags/tutorial_taskflow_api.py for tasks to queue
[2025-04-10T13:37:47.750+0000] {logging_mixin.py:188} INFO - [2025-04-10T13:37:47.750+0000] {dagbag.py:540} INFO - Filling up the DagBag from /home/airflow/.local/lib/python3.12/site-packages/airflow/example_dags/tutorial_taskflow_api.py
[2025-04-10T13:37:47.761+0000] {processor.py:840} INFO - DAG(s) 'tutorial_taskflow_api' retrieved from /home/airflow/.local/lib/python3.12/site-packages/airflow/example_dags/tutorial_taskflow_api.py
[2025-04-10T13:37:47.804+0000] {logging_mixin.py:188} INFO - [2025-04-10T13:37:47.804+0000] {dag.py:3096} INFO - Sync 1 DAGs
[2025-04-10T13:37:47.836+0000] {logging_mixin.py:188} INFO - [2025-04-10T13:37:47.836+0000] {dag.py:3954} INFO - Setting next_dagrun for tutorial_taskflow_api to None, run_after=None
[2025-04-10T13:37:47.882+0000] {processor.py:183} INFO - Processing /home/airflow/.local/lib/python3.12/site-packages/airflow/example_dags/tutorial_taskflow_api.py took 0.147 seconds
[2025-04-10T13:38:17.968+0000] {processor.py:161} INFO - Started process (PID=396) to work on /home/airflow/.local/lib/python3.12/site-packages/airflow/example_dags/tutorial_taskflow_api.py
[2025-04-10T13:38:17.969+0000] {processor.py:830} INFO - Processing file /home/airflow/.local/lib/python3.12/site-packages/airflow/example_dags/tutorial_taskflow_api.py for tasks to queue
[2025-04-10T13:38:17.972+0000] {logging_mixin.py:188} INFO - [2025-04-10T13:38:17.972+0000] {dagbag.py:540} INFO - Filling up the DagBag from /home/airflow/.local/lib/python3.12/site-packages/airflow/example_dags/tutorial_taskflow_api.py
[2025-04-10T13:38:17.982+0000] {processor.py:840} INFO - DAG(s) 'tutorial_taskflow_api' retrieved from /home/airflow/.local/lib/python3.12/site-packages/airflow/example_dags/tutorial_taskflow_api.py
[2025-04-10T13:38:18.017+0000] {logging_mixin.py:188} INFO - [2025-04-10T13:38:18.017+0000] {dag.py:3096} INFO - Sync 1 DAGs
[2025-04-10T13:38:18.039+0000] {logging_mixin.py:188} INFO - [2025-04-10T13:38:18.039+0000] {dag.py:3954} INFO - Setting next_dagrun for tutorial_taskflow_api to None, run_after=None
[2025-04-10T13:38:18.073+0000] {processor.py:183} INFO - Processing /home/airflow/.local/lib/python3.12/site-packages/airflow/example_dags/tutorial_taskflow_api.py took 0.114 seconds
[2025-04-10T13:38:48.163+0000] {processor.py:161} INFO - Started process (PID=454) to work on /home/airflow/.local/lib/python3.12/site-packages/airflow/example_dags/tutorial_taskflow_api.py
[2025-04-10T13:38:48.165+0000] {processor.py:830} INFO - Processing file /home/airflow/.local/lib/python3.12/site-packages/airflow/example_dags/tutorial_taskflow_api.py for tasks to queue
[2025-04-10T13:38:48.168+0000] {logging_mixin.py:188} INFO - [2025-04-10T13:38:48.167+0000] {dagbag.py:540} INFO - Filling up the DagBag from /home/airflow/.local/lib/python3.12/site-packages/airflow/example_dags/tutorial_taskflow_api.py
[2025-04-10T13:38:48.178+0000] {processor.py:840} INFO - DAG(s) 'tutorial_taskflow_api' retrieved from /home/airflow/.local/lib/python3.12/site-packages/airflow/example_dags/tutorial_taskflow_api.py
[2025-04-10T13:38:48.210+0000] {logging_mixin.py:188} INFO - [2025-04-10T13:38:48.210+0000] {dag.py:3096} INFO - Sync 1 DAGs
[2025-04-10T13:38:48.232+0000] {logging_mixin.py:188} INFO - [2025-04-10T13:38:48.231+0000] {dag.py:3954} INFO - Setting next_dagrun for tutorial_taskflow_api to None, run_after=None
[2025-04-10T13:38:48.263+0000] {processor.py:183} INFO - Processing /home/airflow/.local/lib/python3.12/site-packages/airflow/example_dags/tutorial_taskflow_api.py took 0.109 seconds
[2025-04-10T13:39:18.817+0000] {processor.py:161} INFO - Started process (PID=512) to work on /home/airflow/.local/lib/python3.12/site-packages/airflow/example_dags/tutorial_taskflow_api.py
[2025-04-10T13:39:18.819+0000] {processor.py:830} INFO - Processing file /home/airflow/.local/lib/python3.12/site-packages/airflow/example_dags/tutorial_taskflow_api.py for tasks to queue
[2025-04-10T13:39:18.822+0000] {logging_mixin.py:188} INFO - [2025-04-10T13:39:18.821+0000] {dagbag.py:540} INFO - Filling up the DagBag from /home/airflow/.local/lib/python3.12/site-packages/airflow/example_dags/tutorial_taskflow_api.py
[2025-04-10T13:39:18.835+0000] {processor.py:840} INFO - DAG(s) 'tutorial_taskflow_api' retrieved from /home/airflow/.local/lib/python3.12/site-packages/airflow/example_dags/tutorial_taskflow_api.py
[2025-04-10T13:39:18.871+0000] {logging_mixin.py:188} INFO - [2025-04-10T13:39:18.871+0000] {dag.py:3096} INFO - Sync 1 DAGs
[2025-04-10T13:39:18.897+0000] {logging_mixin.py:188} INFO - [2025-04-10T13:39:18.896+0000] {dag.py:3954} INFO - Setting next_dagrun for tutorial_taskflow_api to None, run_after=None
[2025-04-10T13:39:18.933+0000] {processor.py:183} INFO - Processing /home/airflow/.local/lib/python3.12/site-packages/airflow/example_dags/tutorial_taskflow_api.py took 0.127 seconds
[2025-04-10T13:39:49.491+0000] {processor.py:161} INFO - Started process (PID=570) to work on /home/airflow/.local/lib/python3.12/site-packages/airflow/example_dags/tutorial_taskflow_api.py
[2025-04-10T13:39:49.492+0000] {processor.py:830} INFO - Processing file /home/airflow/.local/lib/python3.12/site-packages/airflow/example_dags/tutorial_taskflow_api.py for tasks to queue
[2025-04-10T13:39:49.495+0000] {logging_mixin.py:188} INFO - [2025-04-10T13:39:49.494+0000] {dagbag.py:540} INFO - Filling up the DagBag from /home/airflow/.local/lib/python3.12/site-packages/airflow/example_dags/tutorial_taskflow_api.py
[2025-04-10T13:39:49.505+0000] {processor.py:840} INFO - DAG(s) 'tutorial_taskflow_api' retrieved from /home/airflow/.local/lib/python3.12/site-packages/airflow/example_dags/tutorial_taskflow_api.py
[2025-04-10T13:39:49.538+0000] {logging_mixin.py:188} INFO - [2025-04-10T13:39:49.538+0000] {dag.py:3096} INFO - Sync 1 DAGs
[2025-04-10T13:39:49.563+0000] {logging_mixin.py:188} INFO - [2025-04-10T13:39:49.563+0000] {dag.py:3954} INFO - Setting next_dagrun for tutorial_taskflow_api to None, run_after=None
[2025-04-10T13:39:49.597+0000] {processor.py:183} INFO - Processing /home/airflow/.local/lib/python3.12/site-packages/airflow/example_dags/tutorial_taskflow_api.py took 0.116 seconds
[2025-04-10T13:40:20.044+0000] {processor.py:161} INFO - Started process (PID=628) to work on /home/airflow/.local/lib/python3.12/site-packages/airflow/example_dags/tutorial_taskflow_api.py
[2025-04-10T13:40:20.046+0000] {processor.py:830} INFO - Processing file /home/airflow/.local/lib/python3.12/site-packages/airflow/example_dags/tutorial_taskflow_api.py for tasks to queue
[2025-04-10T13:40:20.049+0000] {logging_mixin.py:188} INFO - [2025-04-10T13:40:20.049+0000] {dagbag.py:540} INFO - Filling up the DagBag from /home/airflow/.local/lib/python3.12/site-packages/airflow/example_dags/tutorial_taskflow_api.py
[2025-04-10T13:40:20.062+0000] {processor.py:840} INFO - DAG(s) 'tutorial_taskflow_api' retrieved from /home/airflow/.local/lib/python3.12/site-packages/airflow/example_dags/tutorial_taskflow_api.py
[2025-04-10T13:40:20.102+0000] {logging_mixin.py:188} INFO - [2025-04-10T13:40:20.102+0000] {dag.py:3096} INFO - Sync 1 DAGs
[2025-04-10T13:40:20.128+0000] {logging_mixin.py:188} INFO - [2025-04-10T13:40:20.128+0000] {dag.py:3954} INFO - Setting next_dagrun for tutorial_taskflow_api to None, run_after=None
[2025-04-10T13:40:20.161+0000] {processor.py:183} INFO - Processing /home/airflow/.local/lib/python3.12/site-packages/airflow/example_dags/tutorial_taskflow_api.py took 0.128 seconds
[2025-04-10T13:40:51.100+0000] {processor.py:161} INFO - Started process (PID=686) to work on /home/airflow/.local/lib/python3.12/site-packages/airflow/example_dags/tutorial_taskflow_api.py
[2025-04-10T13:40:51.102+0000] {processor.py:830} INFO - Processing file /home/airflow/.local/lib/python3.12/site-packages/airflow/example_dags/tutorial_taskflow_api.py for tasks to queue
[2025-04-10T13:40:51.105+0000] {logging_mixin.py:188} INFO - [2025-04-10T13:40:51.104+0000] {dagbag.py:540} INFO - Filling up the DagBag from /home/airflow/.local/lib/python3.12/site-packages/airflow/example_dags/tutorial_taskflow_api.py
[2025-04-10T13:40:51.115+0000] {processor.py:840} INFO - DAG(s) 'tutorial_taskflow_api' retrieved from /home/airflow/.local/lib/python3.12/site-packages/airflow/example_dags/tutorial_taskflow_api.py
[2025-04-10T13:40:51.148+0000] {logging_mixin.py:188} INFO - [2025-04-10T13:40:51.148+0000] {dag.py:3096} INFO - Sync 1 DAGs
[2025-04-10T13:40:51.171+0000] {logging_mixin.py:188} INFO - [2025-04-10T13:40:51.170+0000] {dag.py:3954} INFO - Setting next_dagrun for tutorial_taskflow_api to None, run_after=None
[2025-04-10T13:40:51.204+0000] {processor.py:183} INFO - Processing /home/airflow/.local/lib/python3.12/site-packages/airflow/example_dags/tutorial_taskflow_api.py took 0.113 seconds
[2025-04-10T13:41:21.947+0000] {processor.py:161} INFO - Started process (PID=744) to work on /home/airflow/.local/lib/python3.12/site-packages/airflow/example_dags/tutorial_taskflow_api.py
[2025-04-10T13:41:21.948+0000] {processor.py:830} INFO - Processing file /home/airflow/.local/lib/python3.12/site-packages/airflow/example_dags/tutorial_taskflow_api.py for tasks to queue
[2025-04-10T13:41:21.952+0000] {logging_mixin.py:188} INFO - [2025-04-10T13:41:21.951+0000] {dagbag.py:540} INFO - Filling up the DagBag from /home/airflow/.local/lib/python3.12/site-packages/airflow/example_dags/tutorial_taskflow_api.py
[2025-04-10T13:41:21.964+0000] {processor.py:840} INFO - DAG(s) 'tutorial_taskflow_api' retrieved from /home/airflow/.local/lib/python3.12/site-packages/airflow/example_dags/tutorial_taskflow_api.py
[2025-04-10T13:41:21.997+0000] {logging_mixin.py:188} INFO - [2025-04-10T13:41:21.996+0000] {dag.py:3096} INFO - Sync 1 DAGs
[2025-04-10T13:41:22.020+0000] {logging_mixin.py:188} INFO - [2025-04-10T13:41:22.020+0000] {dag.py:3954} INFO - Setting next_dagrun for tutorial_taskflow_api to None, run_after=None
[2025-04-10T13:41:22.052+0000] {processor.py:183} INFO - Processing /home/airflow/.local/lib/python3.12/site-packages/airflow/example_dags/tutorial_taskflow_api.py took 0.114 seconds
[2025-04-10T13:50:08.689+0000] {processor.py:161} INFO - Started process (PID=107) to work on /home/airflow/.local/lib/python3.12/site-packages/airflow/example_dags/tutorial_taskflow_api.py
[2025-04-10T13:50:08.691+0000] {processor.py:830} INFO - Processing file /home/airflow/.local/lib/python3.12/site-packages/airflow/example_dags/tutorial_taskflow_api.py for tasks to queue
[2025-04-10T13:50:08.694+0000] {logging_mixin.py:188} INFO - [2025-04-10T13:50:08.693+0000] {dagbag.py:540} INFO - Filling up the DagBag from /home/airflow/.local/lib/python3.12/site-packages/airflow/example_dags/tutorial_taskflow_api.py
[2025-04-10T13:50:08.705+0000] {processor.py:840} INFO - DAG(s) 'tutorial_taskflow_api' retrieved from /home/airflow/.local/lib/python3.12/site-packages/airflow/example_dags/tutorial_taskflow_api.py
[2025-04-10T13:50:08.901+0000] {logging_mixin.py:188} INFO - [2025-04-10T13:50:08.900+0000] {dag.py:3096} INFO - Sync 1 DAGs
[2025-04-10T13:50:08.920+0000] {logging_mixin.py:188} INFO - [2025-04-10T13:50:08.920+0000] {dag.py:3954} INFO - Setting next_dagrun for tutorial_taskflow_api to None, run_after=None
[2025-04-10T13:50:08.954+0000] {processor.py:183} INFO - Processing /home/airflow/.local/lib/python3.12/site-packages/airflow/example_dags/tutorial_taskflow_api.py took 0.274 seconds
[2025-04-10T13:50:39.789+0000] {processor.py:161} INFO - Started process (PID=165) to work on /home/airflow/.local/lib/python3.12/site-packages/airflow/example_dags/tutorial_taskflow_api.py
[2025-04-10T13:50:39.791+0000] {processor.py:830} INFO - Processing file /home/airflow/.local/lib/python3.12/site-packages/airflow/example_dags/tutorial_taskflow_api.py for tasks to queue
[2025-04-10T13:50:39.794+0000] {logging_mixin.py:188} INFO - [2025-04-10T13:50:39.793+0000] {dagbag.py:540} INFO - Filling up the DagBag from /home/airflow/.local/lib/python3.12/site-packages/airflow/example_dags/tutorial_taskflow_api.py
[2025-04-10T13:50:39.805+0000] {processor.py:840} INFO - DAG(s) 'tutorial_taskflow_api' retrieved from /home/airflow/.local/lib/python3.12/site-packages/airflow/example_dags/tutorial_taskflow_api.py
[2025-04-10T13:50:39.841+0000] {logging_mixin.py:188} INFO - [2025-04-10T13:50:39.841+0000] {dag.py:3096} INFO - Sync 1 DAGs
[2025-04-10T13:50:39.863+0000] {logging_mixin.py:188} INFO - [2025-04-10T13:50:39.863+0000] {dag.py:3954} INFO - Setting next_dagrun for tutorial_taskflow_api to None, run_after=None
[2025-04-10T13:50:39.895+0000] {processor.py:183} INFO - Processing /home/airflow/.local/lib/python3.12/site-packages/airflow/example_dags/tutorial_taskflow_api.py took 0.115 seconds
[2025-04-10T13:51:10.853+0000] {processor.py:161} INFO - Started process (PID=223) to work on /home/airflow/.local/lib/python3.12/site-packages/airflow/example_dags/tutorial_taskflow_api.py
[2025-04-10T13:51:10.855+0000] {processor.py:830} INFO - Processing file /home/airflow/.local/lib/python3.12/site-packages/airflow/example_dags/tutorial_taskflow_api.py for tasks to queue
[2025-04-10T13:51:10.858+0000] {logging_mixin.py:188} INFO - [2025-04-10T13:51:10.857+0000] {dagbag.py:540} INFO - Filling up the DagBag from /home/airflow/.local/lib/python3.12/site-packages/airflow/example_dags/tutorial_taskflow_api.py
[2025-04-10T13:51:10.869+0000] {processor.py:840} INFO - DAG(s) 'tutorial_taskflow_api' retrieved from /home/airflow/.local/lib/python3.12/site-packages/airflow/example_dags/tutorial_taskflow_api.py
[2025-04-10T13:51:10.905+0000] {logging_mixin.py:188} INFO - [2025-04-10T13:51:10.905+0000] {dag.py:3096} INFO - Sync 1 DAGs
[2025-04-10T13:51:10.928+0000] {logging_mixin.py:188} INFO - [2025-04-10T13:51:10.928+0000] {dag.py:3954} INFO - Setting next_dagrun for tutorial_taskflow_api to None, run_after=None
[2025-04-10T13:51:10.962+0000] {processor.py:183} INFO - Processing /home/airflow/.local/lib/python3.12/site-packages/airflow/example_dags/tutorial_taskflow_api.py took 0.118 seconds
[2025-04-10T13:51:41.322+0000] {processor.py:161} INFO - Started process (PID=281) to work on /home/airflow/.local/lib/python3.12/site-packages/airflow/example_dags/tutorial_taskflow_api.py
[2025-04-10T13:51:41.325+0000] {processor.py:830} INFO - Processing file /home/airflow/.local/lib/python3.12/site-packages/airflow/example_dags/tutorial_taskflow_api.py for tasks to queue
[2025-04-10T13:51:41.328+0000] {logging_mixin.py:188} INFO - [2025-04-10T13:51:41.327+0000] {dagbag.py:540} INFO - Filling up the DagBag from /home/airflow/.local/lib/python3.12/site-packages/airflow/example_dags/tutorial_taskflow_api.py
[2025-04-10T13:51:41.338+0000] {processor.py:840} INFO - DAG(s) 'tutorial_taskflow_api' retrieved from /home/airflow/.local/lib/python3.12/site-packages/airflow/example_dags/tutorial_taskflow_api.py
[2025-04-10T13:51:41.377+0000] {logging_mixin.py:188} INFO - [2025-04-10T13:51:41.376+0000] {dag.py:3096} INFO - Sync 1 DAGs
[2025-04-10T13:51:41.403+0000] {logging_mixin.py:188} INFO - [2025-04-10T13:51:41.403+0000] {dag.py:3954} INFO - Setting next_dagrun for tutorial_taskflow_api to None, run_after=None
[2025-04-10T13:51:41.442+0000] {processor.py:183} INFO - Processing /home/airflow/.local/lib/python3.12/site-packages/airflow/example_dags/tutorial_taskflow_api.py took 0.129 seconds
[2025-04-10T13:52:11.579+0000] {processor.py:161} INFO - Started process (PID=339) to work on /home/airflow/.local/lib/python3.12/site-packages/airflow/example_dags/tutorial_taskflow_api.py
[2025-04-10T13:52:11.581+0000] {processor.py:830} INFO - Processing file /home/airflow/.local/lib/python3.12/site-packages/airflow/example_dags/tutorial_taskflow_api.py for tasks to queue
[2025-04-10T13:52:11.586+0000] {logging_mixin.py:188} INFO - [2025-04-10T13:52:11.585+0000] {dagbag.py:540} INFO - Filling up the DagBag from /home/airflow/.local/lib/python3.12/site-packages/airflow/example_dags/tutorial_taskflow_api.py
[2025-04-10T13:52:11.600+0000] {processor.py:840} INFO - DAG(s) 'tutorial_taskflow_api' retrieved from /home/airflow/.local/lib/python3.12/site-packages/airflow/example_dags/tutorial_taskflow_api.py
[2025-04-10T13:52:11.642+0000] {logging_mixin.py:188} INFO - [2025-04-10T13:52:11.641+0000] {dag.py:3096} INFO - Sync 1 DAGs
[2025-04-10T13:52:11.666+0000] {logging_mixin.py:188} INFO - [2025-04-10T13:52:11.665+0000] {dag.py:3954} INFO - Setting next_dagrun for tutorial_taskflow_api to None, run_after=None
[2025-04-10T13:52:11.703+0000] {processor.py:183} INFO - Processing /home/airflow/.local/lib/python3.12/site-packages/airflow/example_dags/tutorial_taskflow_api.py took 0.138 seconds
[2025-04-10T13:52:41.826+0000] {processor.py:161} INFO - Started process (PID=397) to work on /home/airflow/.local/lib/python3.12/site-packages/airflow/example_dags/tutorial_taskflow_api.py
[2025-04-10T13:52:41.828+0000] {processor.py:830} INFO - Processing file /home/airflow/.local/lib/python3.12/site-packages/airflow/example_dags/tutorial_taskflow_api.py for tasks to queue
[2025-04-10T13:52:41.831+0000] {logging_mixin.py:188} INFO - [2025-04-10T13:52:41.830+0000] {dagbag.py:540} INFO - Filling up the DagBag from /home/airflow/.local/lib/python3.12/site-packages/airflow/example_dags/tutorial_taskflow_api.py
[2025-04-10T13:52:41.842+0000] {processor.py:840} INFO - DAG(s) 'tutorial_taskflow_api' retrieved from /home/airflow/.local/lib/python3.12/site-packages/airflow/example_dags/tutorial_taskflow_api.py
[2025-04-10T13:52:41.875+0000] {logging_mixin.py:188} INFO - [2025-04-10T13:52:41.875+0000] {dag.py:3096} INFO - Sync 1 DAGs
[2025-04-10T13:52:41.899+0000] {logging_mixin.py:188} INFO - [2025-04-10T13:52:41.898+0000] {dag.py:3954} INFO - Setting next_dagrun for tutorial_taskflow_api to None, run_after=None
[2025-04-10T13:52:41.933+0000] {processor.py:183} INFO - Processing /home/airflow/.local/lib/python3.12/site-packages/airflow/example_dags/tutorial_taskflow_api.py took 0.116 seconds
[2025-04-10T13:53:12.261+0000] {processor.py:161} INFO - Started process (PID=455) to work on /home/airflow/.local/lib/python3.12/site-packages/airflow/example_dags/tutorial_taskflow_api.py
[2025-04-10T13:53:12.262+0000] {processor.py:830} INFO - Processing file /home/airflow/.local/lib/python3.12/site-packages/airflow/example_dags/tutorial_taskflow_api.py for tasks to queue
[2025-04-10T13:53:12.265+0000] {logging_mixin.py:188} INFO - [2025-04-10T13:53:12.265+0000] {dagbag.py:540} INFO - Filling up the DagBag from /home/airflow/.local/lib/python3.12/site-packages/airflow/example_dags/tutorial_taskflow_api.py
[2025-04-10T13:53:12.276+0000] {processor.py:840} INFO - DAG(s) 'tutorial_taskflow_api' retrieved from /home/airflow/.local/lib/python3.12/site-packages/airflow/example_dags/tutorial_taskflow_api.py
[2025-04-10T13:53:12.309+0000] {logging_mixin.py:188} INFO - [2025-04-10T13:53:12.309+0000] {dag.py:3096} INFO - Sync 1 DAGs
[2025-04-10T13:53:12.333+0000] {logging_mixin.py:188} INFO - [2025-04-10T13:53:12.332+0000] {dag.py:3954} INFO - Setting next_dagrun for tutorial_taskflow_api to None, run_after=None
[2025-04-10T13:53:12.369+0000] {processor.py:183} INFO - Processing /home/airflow/.local/lib/python3.12/site-packages/airflow/example_dags/tutorial_taskflow_api.py took 0.118 seconds
[2025-04-10T13:53:42.579+0000] {processor.py:161} INFO - Started process (PID=512) to work on /home/airflow/.local/lib/python3.12/site-packages/airflow/example_dags/tutorial_taskflow_api.py
[2025-04-10T13:53:42.580+0000] {processor.py:830} INFO - Processing file /home/airflow/.local/lib/python3.12/site-packages/airflow/example_dags/tutorial_taskflow_api.py for tasks to queue
[2025-04-10T13:53:42.583+0000] {logging_mixin.py:188} INFO - [2025-04-10T13:53:42.582+0000] {dagbag.py:540} INFO - Filling up the DagBag from /home/airflow/.local/lib/python3.12/site-packages/airflow/example_dags/tutorial_taskflow_api.py
[2025-04-10T13:53:42.594+0000] {processor.py:840} INFO - DAG(s) 'tutorial_taskflow_api' retrieved from /home/airflow/.local/lib/python3.12/site-packages/airflow/example_dags/tutorial_taskflow_api.py
[2025-04-10T13:53:42.633+0000] {logging_mixin.py:188} INFO - [2025-04-10T13:53:42.632+0000] {dag.py:3096} INFO - Sync 1 DAGs
[2025-04-10T13:53:42.659+0000] {logging_mixin.py:188} INFO - [2025-04-10T13:53:42.658+0000] {dag.py:3954} INFO - Setting next_dagrun for tutorial_taskflow_api to None, run_after=None
[2025-04-10T13:53:42.694+0000] {processor.py:183} INFO - Processing /home/airflow/.local/lib/python3.12/site-packages/airflow/example_dags/tutorial_taskflow_api.py took 0.125 seconds
[2025-04-10T13:54:12.837+0000] {processor.py:161} INFO - Started process (PID=570) to work on /home/airflow/.local/lib/python3.12/site-packages/airflow/example_dags/tutorial_taskflow_api.py
[2025-04-10T13:54:12.839+0000] {processor.py:830} INFO - Processing file /home/airflow/.local/lib/python3.12/site-packages/airflow/example_dags/tutorial_taskflow_api.py for tasks to queue
[2025-04-10T13:54:12.841+0000] {logging_mixin.py:188} INFO - [2025-04-10T13:54:12.841+0000] {dagbag.py:540} INFO - Filling up the DagBag from /home/airflow/.local/lib/python3.12/site-packages/airflow/example_dags/tutorial_taskflow_api.py
[2025-04-10T13:54:12.854+0000] {processor.py:840} INFO - DAG(s) 'tutorial_taskflow_api' retrieved from /home/airflow/.local/lib/python3.12/site-packages/airflow/example_dags/tutorial_taskflow_api.py
[2025-04-10T13:54:12.890+0000] {logging_mixin.py:188} INFO - [2025-04-10T13:54:12.889+0000] {dag.py:3096} INFO - Sync 1 DAGs
[2025-04-10T13:54:12.915+0000] {logging_mixin.py:188} INFO - [2025-04-10T13:54:12.914+0000] {dag.py:3954} INFO - Setting next_dagrun for tutorial_taskflow_api to None, run_after=None
[2025-04-10T13:54:12.954+0000] {processor.py:183} INFO - Processing /home/airflow/.local/lib/python3.12/site-packages/airflow/example_dags/tutorial_taskflow_api.py took 0.127 seconds
[2025-04-10T13:54:43.051+0000] {processor.py:161} INFO - Started process (PID=628) to work on /home/airflow/.local/lib/python3.12/site-packages/airflow/example_dags/tutorial_taskflow_api.py
[2025-04-10T13:54:43.053+0000] {processor.py:830} INFO - Processing file /home/airflow/.local/lib/python3.12/site-packages/airflow/example_dags/tutorial_taskflow_api.py for tasks to queue
[2025-04-10T13:54:43.056+0000] {logging_mixin.py:188} INFO - [2025-04-10T13:54:43.055+0000] {dagbag.py:540} INFO - Filling up the DagBag from /home/airflow/.local/lib/python3.12/site-packages/airflow/example_dags/tutorial_taskflow_api.py
[2025-04-10T13:54:43.069+0000] {processor.py:840} INFO - DAG(s) 'tutorial_taskflow_api' retrieved from /home/airflow/.local/lib/python3.12/site-packages/airflow/example_dags/tutorial_taskflow_api.py
[2025-04-10T13:54:43.109+0000] {logging_mixin.py:188} INFO - [2025-04-10T13:54:43.109+0000] {dag.py:3096} INFO - Sync 1 DAGs
[2025-04-10T13:54:43.138+0000] {logging_mixin.py:188} INFO - [2025-04-10T13:54:43.137+0000] {dag.py:3954} INFO - Setting next_dagrun for tutorial_taskflow_api to None, run_after=None
[2025-04-10T13:54:43.175+0000] {processor.py:183} INFO - Processing /home/airflow/.local/lib/python3.12/site-packages/airflow/example_dags/tutorial_taskflow_api.py took 0.135 seconds
[2025-04-10T13:55:13.418+0000] {processor.py:161} INFO - Started process (PID=688) to work on /home/airflow/.local/lib/python3.12/site-packages/airflow/example_dags/tutorial_taskflow_api.py
[2025-04-10T13:55:13.420+0000] {processor.py:830} INFO - Processing file /home/airflow/.local/lib/python3.12/site-packages/airflow/example_dags/tutorial_taskflow_api.py for tasks to queue
[2025-04-10T13:55:13.423+0000] {logging_mixin.py:188} INFO - [2025-04-10T13:55:13.422+0000] {dagbag.py:540} INFO - Filling up the DagBag from /home/airflow/.local/lib/python3.12/site-packages/airflow/example_dags/tutorial_taskflow_api.py
[2025-04-10T13:55:13.434+0000] {processor.py:840} INFO - DAG(s) 'tutorial_taskflow_api' retrieved from /home/airflow/.local/lib/python3.12/site-packages/airflow/example_dags/tutorial_taskflow_api.py
[2025-04-10T13:55:13.469+0000] {logging_mixin.py:188} INFO - [2025-04-10T13:55:13.468+0000] {dag.py:3096} INFO - Sync 1 DAGs
[2025-04-10T13:55:13.492+0000] {logging_mixin.py:188} INFO - [2025-04-10T13:55:13.492+0000] {dag.py:3954} INFO - Setting next_dagrun for tutorial_taskflow_api to None, run_after=None
[2025-04-10T13:55:13.527+0000] {processor.py:183} INFO - Processing /home/airflow/.local/lib/python3.12/site-packages/airflow/example_dags/tutorial_taskflow_api.py took 0.119 seconds
[2025-04-10T13:55:43.825+0000] {processor.py:161} INFO - Started process (PID=748) to work on /home/airflow/.local/lib/python3.12/site-packages/airflow/example_dags/tutorial_taskflow_api.py
[2025-04-10T13:55:43.826+0000] {processor.py:830} INFO - Processing file /home/airflow/.local/lib/python3.12/site-packages/airflow/example_dags/tutorial_taskflow_api.py for tasks to queue
[2025-04-10T13:55:43.830+0000] {logging_mixin.py:188} INFO - [2025-04-10T13:55:43.829+0000] {dagbag.py:540} INFO - Filling up the DagBag from /home/airflow/.local/lib/python3.12/site-packages/airflow/example_dags/tutorial_taskflow_api.py
[2025-04-10T13:55:43.842+0000] {processor.py:840} INFO - DAG(s) 'tutorial_taskflow_api' retrieved from /home/airflow/.local/lib/python3.12/site-packages/airflow/example_dags/tutorial_taskflow_api.py
[2025-04-10T13:55:43.878+0000] {logging_mixin.py:188} INFO - [2025-04-10T13:55:43.878+0000] {dag.py:3096} INFO - Sync 1 DAGs
[2025-04-10T13:55:43.903+0000] {logging_mixin.py:188} INFO - [2025-04-10T13:55:43.903+0000] {dag.py:3954} INFO - Setting next_dagrun for tutorial_taskflow_api to None, run_after=None
[2025-04-10T13:55:43.941+0000] {processor.py:183} INFO - Processing /home/airflow/.local/lib/python3.12/site-packages/airflow/example_dags/tutorial_taskflow_api.py took 0.126 seconds
[2025-04-10T13:56:14.740+0000] {processor.py:161} INFO - Started process (PID=808) to work on /home/airflow/.local/lib/python3.12/site-packages/airflow/example_dags/tutorial_taskflow_api.py
[2025-04-10T13:56:14.741+0000] {processor.py:830} INFO - Processing file /home/airflow/.local/lib/python3.12/site-packages/airflow/example_dags/tutorial_taskflow_api.py for tasks to queue
[2025-04-10T13:56:14.744+0000] {logging_mixin.py:188} INFO - [2025-04-10T13:56:14.744+0000] {dagbag.py:540} INFO - Filling up the DagBag from /home/airflow/.local/lib/python3.12/site-packages/airflow/example_dags/tutorial_taskflow_api.py
[2025-04-10T13:56:14.755+0000] {processor.py:840} INFO - DAG(s) 'tutorial_taskflow_api' retrieved from /home/airflow/.local/lib/python3.12/site-packages/airflow/example_dags/tutorial_taskflow_api.py
[2025-04-10T13:56:14.790+0000] {logging_mixin.py:188} INFO - [2025-04-10T13:56:14.790+0000] {dag.py:3096} INFO - Sync 1 DAGs
[2025-04-10T13:56:14.813+0000] {logging_mixin.py:188} INFO - [2025-04-10T13:56:14.813+0000] {dag.py:3954} INFO - Setting next_dagrun for tutorial_taskflow_api to None, run_after=None
[2025-04-10T13:56:14.848+0000] {processor.py:183} INFO - Processing /home/airflow/.local/lib/python3.12/site-packages/airflow/example_dags/tutorial_taskflow_api.py took 0.118 seconds
[2025-04-10T13:56:44.977+0000] {processor.py:161} INFO - Started process (PID=868) to work on /home/airflow/.local/lib/python3.12/site-packages/airflow/example_dags/tutorial_taskflow_api.py
[2025-04-10T13:56:44.978+0000] {processor.py:830} INFO - Processing file /home/airflow/.local/lib/python3.12/site-packages/airflow/example_dags/tutorial_taskflow_api.py for tasks to queue
[2025-04-10T13:56:44.981+0000] {logging_mixin.py:188} INFO - [2025-04-10T13:56:44.981+0000] {dagbag.py:540} INFO - Filling up the DagBag from /home/airflow/.local/lib/python3.12/site-packages/airflow/example_dags/tutorial_taskflow_api.py
[2025-04-10T13:56:44.992+0000] {processor.py:840} INFO - DAG(s) 'tutorial_taskflow_api' retrieved from /home/airflow/.local/lib/python3.12/site-packages/airflow/example_dags/tutorial_taskflow_api.py
[2025-04-10T13:56:45.026+0000] {logging_mixin.py:188} INFO - [2025-04-10T13:56:45.025+0000] {dag.py:3096} INFO - Sync 1 DAGs
[2025-04-10T13:56:45.049+0000] {logging_mixin.py:188} INFO - [2025-04-10T13:56:45.048+0000] {dag.py:3954} INFO - Setting next_dagrun for tutorial_taskflow_api to None, run_after=None
[2025-04-10T13:56:45.082+0000] {processor.py:183} INFO - Processing /home/airflow/.local/lib/python3.12/site-packages/airflow/example_dags/tutorial_taskflow_api.py took 0.115 seconds
[2025-04-10T13:57:15.243+0000] {processor.py:161} INFO - Started process (PID=928) to work on /home/airflow/.local/lib/python3.12/site-packages/airflow/example_dags/tutorial_taskflow_api.py
[2025-04-10T13:57:15.244+0000] {processor.py:830} INFO - Processing file /home/airflow/.local/lib/python3.12/site-packages/airflow/example_dags/tutorial_taskflow_api.py for tasks to queue
[2025-04-10T13:57:15.247+0000] {logging_mixin.py:188} INFO - [2025-04-10T13:57:15.247+0000] {dagbag.py:540} INFO - Filling up the DagBag from /home/airflow/.local/lib/python3.12/site-packages/airflow/example_dags/tutorial_taskflow_api.py
[2025-04-10T13:57:15.257+0000] {processor.py:840} INFO - DAG(s) 'tutorial_taskflow_api' retrieved from /home/airflow/.local/lib/python3.12/site-packages/airflow/example_dags/tutorial_taskflow_api.py
[2025-04-10T13:57:15.292+0000] {logging_mixin.py:188} INFO - [2025-04-10T13:57:15.292+0000] {dag.py:3096} INFO - Sync 1 DAGs
[2025-04-10T13:57:15.314+0000] {logging_mixin.py:188} INFO - [2025-04-10T13:57:15.314+0000] {dag.py:3954} INFO - Setting next_dagrun for tutorial_taskflow_api to None, run_after=None
[2025-04-10T13:57:15.353+0000] {processor.py:183} INFO - Processing /home/airflow/.local/lib/python3.12/site-packages/airflow/example_dags/tutorial_taskflow_api.py took 0.120 seconds
[2025-04-10T13:57:45.723+0000] {processor.py:161} INFO - Started process (PID=988) to work on /home/airflow/.local/lib/python3.12/site-packages/airflow/example_dags/tutorial_taskflow_api.py
[2025-04-10T13:57:45.725+0000] {processor.py:830} INFO - Processing file /home/airflow/.local/lib/python3.12/site-packages/airflow/example_dags/tutorial_taskflow_api.py for tasks to queue
[2025-04-10T13:57:45.728+0000] {logging_mixin.py:188} INFO - [2025-04-10T13:57:45.727+0000] {dagbag.py:540} INFO - Filling up the DagBag from /home/airflow/.local/lib/python3.12/site-packages/airflow/example_dags/tutorial_taskflow_api.py
[2025-04-10T13:57:45.738+0000] {processor.py:840} INFO - DAG(s) 'tutorial_taskflow_api' retrieved from /home/airflow/.local/lib/python3.12/site-packages/airflow/example_dags/tutorial_taskflow_api.py
[2025-04-10T13:57:45.772+0000] {logging_mixin.py:188} INFO - [2025-04-10T13:57:45.772+0000] {dag.py:3096} INFO - Sync 1 DAGs
[2025-04-10T13:57:45.796+0000] {logging_mixin.py:188} INFO - [2025-04-10T13:57:45.795+0000] {dag.py:3954} INFO - Setting next_dagrun for tutorial_taskflow_api to None, run_after=None
[2025-04-10T13:57:45.827+0000] {processor.py:183} INFO - Processing /home/airflow/.local/lib/python3.12/site-packages/airflow/example_dags/tutorial_taskflow_api.py took 0.113 seconds
[2025-04-10T13:58:16.676+0000] {processor.py:161} INFO - Started process (PID=1048) to work on /home/airflow/.local/lib/python3.12/site-packages/airflow/example_dags/tutorial_taskflow_api.py
[2025-04-10T13:58:16.677+0000] {processor.py:830} INFO - Processing file /home/airflow/.local/lib/python3.12/site-packages/airflow/example_dags/tutorial_taskflow_api.py for tasks to queue
[2025-04-10T13:58:16.680+0000] {logging_mixin.py:188} INFO - [2025-04-10T13:58:16.680+0000] {dagbag.py:540} INFO - Filling up the DagBag from /home/airflow/.local/lib/python3.12/site-packages/airflow/example_dags/tutorial_taskflow_api.py
[2025-04-10T13:58:16.690+0000] {processor.py:840} INFO - DAG(s) 'tutorial_taskflow_api' retrieved from /home/airflow/.local/lib/python3.12/site-packages/airflow/example_dags/tutorial_taskflow_api.py
[2025-04-10T13:58:16.724+0000] {logging_mixin.py:188} INFO - [2025-04-10T13:58:16.723+0000] {dag.py:3096} INFO - Sync 1 DAGs
[2025-04-10T13:58:16.746+0000] {logging_mixin.py:188} INFO - [2025-04-10T13:58:16.746+0000] {dag.py:3954} INFO - Setting next_dagrun for tutorial_taskflow_api to None, run_after=None
[2025-04-10T13:58:16.780+0000] {processor.py:183} INFO - Processing /home/airflow/.local/lib/python3.12/site-packages/airflow/example_dags/tutorial_taskflow_api.py took 0.114 seconds
[2025-04-10T13:58:47.028+0000] {processor.py:161} INFO - Started process (PID=1108) to work on /home/airflow/.local/lib/python3.12/site-packages/airflow/example_dags/tutorial_taskflow_api.py
[2025-04-10T13:58:47.030+0000] {processor.py:830} INFO - Processing file /home/airflow/.local/lib/python3.12/site-packages/airflow/example_dags/tutorial_taskflow_api.py for tasks to queue
[2025-04-10T13:58:47.034+0000] {logging_mixin.py:188} INFO - [2025-04-10T13:58:47.033+0000] {dagbag.py:540} INFO - Filling up the DagBag from /home/airflow/.local/lib/python3.12/site-packages/airflow/example_dags/tutorial_taskflow_api.py
[2025-04-10T13:58:47.048+0000] {processor.py:840} INFO - DAG(s) 'tutorial_taskflow_api' retrieved from /home/airflow/.local/lib/python3.12/site-packages/airflow/example_dags/tutorial_taskflow_api.py
[2025-04-10T13:58:47.082+0000] {logging_mixin.py:188} INFO - [2025-04-10T13:58:47.082+0000] {dag.py:3096} INFO - Sync 1 DAGs
[2025-04-10T13:58:47.106+0000] {logging_mixin.py:188} INFO - [2025-04-10T13:58:47.105+0000] {dag.py:3954} INFO - Setting next_dagrun for tutorial_taskflow_api to None, run_after=None
[2025-04-10T13:58:47.140+0000] {processor.py:183} INFO - Processing /home/airflow/.local/lib/python3.12/site-packages/airflow/example_dags/tutorial_taskflow_api.py took 0.123 seconds
[2025-04-10T13:59:17.707+0000] {processor.py:161} INFO - Started process (PID=1169) to work on /home/airflow/.local/lib/python3.12/site-packages/airflow/example_dags/tutorial_taskflow_api.py
[2025-04-10T13:59:17.709+0000] {processor.py:830} INFO - Processing file /home/airflow/.local/lib/python3.12/site-packages/airflow/example_dags/tutorial_taskflow_api.py for tasks to queue
[2025-04-10T13:59:17.714+0000] {logging_mixin.py:188} INFO - [2025-04-10T13:59:17.713+0000] {dagbag.py:540} INFO - Filling up the DagBag from /home/airflow/.local/lib/python3.12/site-packages/airflow/example_dags/tutorial_taskflow_api.py
[2025-04-10T13:59:17.728+0000] {processor.py:840} INFO - DAG(s) 'tutorial_taskflow_api' retrieved from /home/airflow/.local/lib/python3.12/site-packages/airflow/example_dags/tutorial_taskflow_api.py
[2025-04-10T13:59:17.770+0000] {logging_mixin.py:188} INFO - [2025-04-10T13:59:17.769+0000] {dag.py:3096} INFO - Sync 1 DAGs
[2025-04-10T13:59:17.801+0000] {logging_mixin.py:188} INFO - [2025-04-10T13:59:17.800+0000] {dag.py:3954} INFO - Setting next_dagrun for tutorial_taskflow_api to None, run_after=None
[2025-04-10T13:59:17.847+0000] {processor.py:183} INFO - Processing /home/airflow/.local/lib/python3.12/site-packages/airflow/example_dags/tutorial_taskflow_api.py took 0.154 seconds
[2025-04-10T13:59:49.695+0000] {processor.py:161} INFO - Started process (PID=1229) to work on /home/airflow/.local/lib/python3.12/site-packages/airflow/example_dags/tutorial_taskflow_api.py
[2025-04-10T13:59:49.697+0000] {processor.py:830} INFO - Processing file /home/airflow/.local/lib/python3.12/site-packages/airflow/example_dags/tutorial_taskflow_api.py for tasks to queue
[2025-04-10T13:59:49.700+0000] {logging_mixin.py:188} INFO - [2025-04-10T13:59:49.699+0000] {dagbag.py:540} INFO - Filling up the DagBag from /home/airflow/.local/lib/python3.12/site-packages/airflow/example_dags/tutorial_taskflow_api.py
[2025-04-10T13:59:49.710+0000] {processor.py:840} INFO - DAG(s) 'tutorial_taskflow_api' retrieved from /home/airflow/.local/lib/python3.12/site-packages/airflow/example_dags/tutorial_taskflow_api.py
[2025-04-10T13:59:49.745+0000] {logging_mixin.py:188} INFO - [2025-04-10T13:59:49.744+0000] {dag.py:3096} INFO - Sync 1 DAGs
[2025-04-10T13:59:49.958+0000] {logging_mixin.py:188} INFO - [2025-04-10T13:59:49.957+0000] {dag.py:3954} INFO - Setting next_dagrun for tutorial_taskflow_api to None, run_after=None
[2025-04-10T13:59:49.990+0000] {processor.py:183} INFO - Processing /home/airflow/.local/lib/python3.12/site-packages/airflow/example_dags/tutorial_taskflow_api.py took 0.304 seconds
[2025-04-10T14:00:20.805+0000] {processor.py:161} INFO - Started process (PID=1289) to work on /home/airflow/.local/lib/python3.12/site-packages/airflow/example_dags/tutorial_taskflow_api.py
[2025-04-10T14:00:20.807+0000] {processor.py:830} INFO - Processing file /home/airflow/.local/lib/python3.12/site-packages/airflow/example_dags/tutorial_taskflow_api.py for tasks to queue
[2025-04-10T14:00:20.810+0000] {logging_mixin.py:188} INFO - [2025-04-10T14:00:20.809+0000] {dagbag.py:540} INFO - Filling up the DagBag from /home/airflow/.local/lib/python3.12/site-packages/airflow/example_dags/tutorial_taskflow_api.py
[2025-04-10T14:00:20.821+0000] {processor.py:840} INFO - DAG(s) 'tutorial_taskflow_api' retrieved from /home/airflow/.local/lib/python3.12/site-packages/airflow/example_dags/tutorial_taskflow_api.py
[2025-04-10T14:00:20.857+0000] {logging_mixin.py:188} INFO - [2025-04-10T14:00:20.856+0000] {dag.py:3096} INFO - Sync 1 DAGs
[2025-04-10T14:00:20.881+0000] {logging_mixin.py:188} INFO - [2025-04-10T14:00:20.880+0000] {dag.py:3954} INFO - Setting next_dagrun for tutorial_taskflow_api to None, run_after=None
[2025-04-10T14:00:20.916+0000] {processor.py:183} INFO - Processing /home/airflow/.local/lib/python3.12/site-packages/airflow/example_dags/tutorial_taskflow_api.py took 0.120 seconds
[2025-04-10T14:00:51.419+0000] {processor.py:161} INFO - Started process (PID=1350) to work on /home/airflow/.local/lib/python3.12/site-packages/airflow/example_dags/tutorial_taskflow_api.py
[2025-04-10T14:00:51.420+0000] {processor.py:830} INFO - Processing file /home/airflow/.local/lib/python3.12/site-packages/airflow/example_dags/tutorial_taskflow_api.py for tasks to queue
[2025-04-10T14:00:51.423+0000] {logging_mixin.py:188} INFO - [2025-04-10T14:00:51.423+0000] {dagbag.py:540} INFO - Filling up the DagBag from /home/airflow/.local/lib/python3.12/site-packages/airflow/example_dags/tutorial_taskflow_api.py
[2025-04-10T14:00:51.433+0000] {processor.py:840} INFO - DAG(s) 'tutorial_taskflow_api' retrieved from /home/airflow/.local/lib/python3.12/site-packages/airflow/example_dags/tutorial_taskflow_api.py
[2025-04-10T14:00:51.467+0000] {logging_mixin.py:188} INFO - [2025-04-10T14:00:51.467+0000] {dag.py:3096} INFO - Sync 1 DAGs
[2025-04-10T14:00:51.491+0000] {logging_mixin.py:188} INFO - [2025-04-10T14:00:51.490+0000] {dag.py:3954} INFO - Setting next_dagrun for tutorial_taskflow_api to None, run_after=None
[2025-04-10T14:00:51.524+0000] {processor.py:183} INFO - Processing /home/airflow/.local/lib/python3.12/site-packages/airflow/example_dags/tutorial_taskflow_api.py took 0.117 seconds
[2025-04-10T14:01:22.431+0000] {processor.py:161} INFO - Started process (PID=1410) to work on /home/airflow/.local/lib/python3.12/site-packages/airflow/example_dags/tutorial_taskflow_api.py
[2025-04-10T14:01:22.433+0000] {processor.py:830} INFO - Processing file /home/airflow/.local/lib/python3.12/site-packages/airflow/example_dags/tutorial_taskflow_api.py for tasks to queue
[2025-04-10T14:01:22.436+0000] {logging_mixin.py:188} INFO - [2025-04-10T14:01:22.435+0000] {dagbag.py:540} INFO - Filling up the DagBag from /home/airflow/.local/lib/python3.12/site-packages/airflow/example_dags/tutorial_taskflow_api.py
[2025-04-10T14:01:22.447+0000] {processor.py:840} INFO - DAG(s) 'tutorial_taskflow_api' retrieved from /home/airflow/.local/lib/python3.12/site-packages/airflow/example_dags/tutorial_taskflow_api.py
[2025-04-10T14:01:22.481+0000] {logging_mixin.py:188} INFO - [2025-04-10T14:01:22.480+0000] {dag.py:3096} INFO - Sync 1 DAGs
[2025-04-10T14:01:22.504+0000] {logging_mixin.py:188} INFO - [2025-04-10T14:01:22.503+0000] {dag.py:3954} INFO - Setting next_dagrun for tutorial_taskflow_api to None, run_after=None
[2025-04-10T14:01:22.538+0000] {processor.py:183} INFO - Processing /home/airflow/.local/lib/python3.12/site-packages/airflow/example_dags/tutorial_taskflow_api.py took 0.117 seconds
[2025-04-10T14:01:52.687+0000] {processor.py:161} INFO - Started process (PID=1470) to work on /home/airflow/.local/lib/python3.12/site-packages/airflow/example_dags/tutorial_taskflow_api.py
[2025-04-10T14:01:52.689+0000] {processor.py:830} INFO - Processing file /home/airflow/.local/lib/python3.12/site-packages/airflow/example_dags/tutorial_taskflow_api.py for tasks to queue
[2025-04-10T14:01:52.693+0000] {logging_mixin.py:188} INFO - [2025-04-10T14:01:52.692+0000] {dagbag.py:540} INFO - Filling up the DagBag from /home/airflow/.local/lib/python3.12/site-packages/airflow/example_dags/tutorial_taskflow_api.py
[2025-04-10T14:01:52.704+0000] {processor.py:840} INFO - DAG(s) 'tutorial_taskflow_api' retrieved from /home/airflow/.local/lib/python3.12/site-packages/airflow/example_dags/tutorial_taskflow_api.py
[2025-04-10T14:01:52.739+0000] {logging_mixin.py:188} INFO - [2025-04-10T14:01:52.738+0000] {dag.py:3096} INFO - Sync 1 DAGs
[2025-04-10T14:01:52.763+0000] {logging_mixin.py:188} INFO - [2025-04-10T14:01:52.762+0000] {dag.py:3954} INFO - Setting next_dagrun for tutorial_taskflow_api to None, run_after=None
[2025-04-10T14:01:52.798+0000] {processor.py:183} INFO - Processing /home/airflow/.local/lib/python3.12/site-packages/airflow/example_dags/tutorial_taskflow_api.py took 0.121 seconds
[2025-04-10T14:02:23.651+0000] {processor.py:161} INFO - Started process (PID=1530) to work on /home/airflow/.local/lib/python3.12/site-packages/airflow/example_dags/tutorial_taskflow_api.py
[2025-04-10T14:02:23.653+0000] {processor.py:830} INFO - Processing file /home/airflow/.local/lib/python3.12/site-packages/airflow/example_dags/tutorial_taskflow_api.py for tasks to queue
[2025-04-10T14:02:23.657+0000] {logging_mixin.py:188} INFO - [2025-04-10T14:02:23.656+0000] {dagbag.py:540} INFO - Filling up the DagBag from /home/airflow/.local/lib/python3.12/site-packages/airflow/example_dags/tutorial_taskflow_api.py
[2025-04-10T14:02:23.666+0000] {processor.py:840} INFO - DAG(s) 'tutorial_taskflow_api' retrieved from /home/airflow/.local/lib/python3.12/site-packages/airflow/example_dags/tutorial_taskflow_api.py
[2025-04-10T14:02:23.702+0000] {logging_mixin.py:188} INFO - [2025-04-10T14:02:23.702+0000] {dag.py:3096} INFO - Sync 1 DAGs
[2025-04-10T14:02:23.725+0000] {logging_mixin.py:188} INFO - [2025-04-10T14:02:23.724+0000] {dag.py:3954} INFO - Setting next_dagrun for tutorial_taskflow_api to None, run_after=None
[2025-04-10T14:02:23.757+0000] {processor.py:183} INFO - Processing /home/airflow/.local/lib/python3.12/site-packages/airflow/example_dags/tutorial_taskflow_api.py took 0.115 seconds
[2025-04-10T14:02:53.965+0000] {processor.py:161} INFO - Started process (PID=1590) to work on /home/airflow/.local/lib/python3.12/site-packages/airflow/example_dags/tutorial_taskflow_api.py
[2025-04-10T14:02:53.967+0000] {processor.py:830} INFO - Processing file /home/airflow/.local/lib/python3.12/site-packages/airflow/example_dags/tutorial_taskflow_api.py for tasks to queue
[2025-04-10T14:02:53.970+0000] {logging_mixin.py:188} INFO - [2025-04-10T14:02:53.969+0000] {dagbag.py:540} INFO - Filling up the DagBag from /home/airflow/.local/lib/python3.12/site-packages/airflow/example_dags/tutorial_taskflow_api.py
[2025-04-10T14:02:53.981+0000] {processor.py:840} INFO - DAG(s) 'tutorial_taskflow_api' retrieved from /home/airflow/.local/lib/python3.12/site-packages/airflow/example_dags/tutorial_taskflow_api.py
[2025-04-10T14:02:54.014+0000] {logging_mixin.py:188} INFO - [2025-04-10T14:02:54.014+0000] {dag.py:3096} INFO - Sync 1 DAGs
[2025-04-10T14:02:54.039+0000] {logging_mixin.py:188} INFO - [2025-04-10T14:02:54.038+0000] {dag.py:3954} INFO - Setting next_dagrun for tutorial_taskflow_api to None, run_after=None
[2025-04-10T14:02:54.074+0000] {processor.py:183} INFO - Processing /home/airflow/.local/lib/python3.12/site-packages/airflow/example_dags/tutorial_taskflow_api.py took 0.120 seconds
[2025-04-10T14:03:24.727+0000] {processor.py:161} INFO - Started process (PID=1650) to work on /home/airflow/.local/lib/python3.12/site-packages/airflow/example_dags/tutorial_taskflow_api.py
[2025-04-10T14:03:24.729+0000] {processor.py:830} INFO - Processing file /home/airflow/.local/lib/python3.12/site-packages/airflow/example_dags/tutorial_taskflow_api.py for tasks to queue
[2025-04-10T14:03:24.732+0000] {logging_mixin.py:188} INFO - [2025-04-10T14:03:24.731+0000] {dagbag.py:540} INFO - Filling up the DagBag from /home/airflow/.local/lib/python3.12/site-packages/airflow/example_dags/tutorial_taskflow_api.py
[2025-04-10T14:03:24.743+0000] {processor.py:840} INFO - DAG(s) 'tutorial_taskflow_api' retrieved from /home/airflow/.local/lib/python3.12/site-packages/airflow/example_dags/tutorial_taskflow_api.py
[2025-04-10T14:03:24.781+0000] {logging_mixin.py:188} INFO - [2025-04-10T14:03:24.781+0000] {dag.py:3096} INFO - Sync 1 DAGs
[2025-04-10T14:03:24.810+0000] {logging_mixin.py:188} INFO - [2025-04-10T14:03:24.809+0000] {dag.py:3954} INFO - Setting next_dagrun for tutorial_taskflow_api to None, run_after=None
[2025-04-10T14:03:24.850+0000] {processor.py:183} INFO - Processing /home/airflow/.local/lib/python3.12/site-packages/airflow/example_dags/tutorial_taskflow_api.py took 0.133 seconds
[2025-04-10T14:03:55.289+0000] {processor.py:161} INFO - Started process (PID=1710) to work on /home/airflow/.local/lib/python3.12/site-packages/airflow/example_dags/tutorial_taskflow_api.py
[2025-04-10T14:03:55.290+0000] {processor.py:830} INFO - Processing file /home/airflow/.local/lib/python3.12/site-packages/airflow/example_dags/tutorial_taskflow_api.py for tasks to queue
[2025-04-10T14:03:55.293+0000] {logging_mixin.py:188} INFO - [2025-04-10T14:03:55.293+0000] {dagbag.py:540} INFO - Filling up the DagBag from /home/airflow/.local/lib/python3.12/site-packages/airflow/example_dags/tutorial_taskflow_api.py
[2025-04-10T14:03:55.305+0000] {processor.py:840} INFO - DAG(s) 'tutorial_taskflow_api' retrieved from /home/airflow/.local/lib/python3.12/site-packages/airflow/example_dags/tutorial_taskflow_api.py
[2025-04-10T14:03:55.341+0000] {logging_mixin.py:188} INFO - [2025-04-10T14:03:55.341+0000] {dag.py:3096} INFO - Sync 1 DAGs
[2025-04-10T14:03:55.367+0000] {logging_mixin.py:188} INFO - [2025-04-10T14:03:55.366+0000] {dag.py:3954} INFO - Setting next_dagrun for tutorial_taskflow_api to None, run_after=None
[2025-04-10T14:03:55.400+0000] {processor.py:183} INFO - Processing /home/airflow/.local/lib/python3.12/site-packages/airflow/example_dags/tutorial_taskflow_api.py took 0.121 seconds
[2025-04-10T14:04:26.179+0000] {processor.py:161} INFO - Started process (PID=1771) to work on /home/airflow/.local/lib/python3.12/site-packages/airflow/example_dags/tutorial_taskflow_api.py
[2025-04-10T14:04:26.180+0000] {processor.py:830} INFO - Processing file /home/airflow/.local/lib/python3.12/site-packages/airflow/example_dags/tutorial_taskflow_api.py for tasks to queue
[2025-04-10T14:04:26.183+0000] {logging_mixin.py:188} INFO - [2025-04-10T14:04:26.182+0000] {dagbag.py:540} INFO - Filling up the DagBag from /home/airflow/.local/lib/python3.12/site-packages/airflow/example_dags/tutorial_taskflow_api.py
[2025-04-10T14:04:26.194+0000] {processor.py:840} INFO - DAG(s) 'tutorial_taskflow_api' retrieved from /home/airflow/.local/lib/python3.12/site-packages/airflow/example_dags/tutorial_taskflow_api.py
[2025-04-10T14:04:26.227+0000] {logging_mixin.py:188} INFO - [2025-04-10T14:04:26.227+0000] {dag.py:3096} INFO - Sync 1 DAGs
[2025-04-10T14:04:26.251+0000] {logging_mixin.py:188} INFO - [2025-04-10T14:04:26.250+0000] {dag.py:3954} INFO - Setting next_dagrun for tutorial_taskflow_api to None, run_after=None
[2025-04-10T14:04:26.284+0000] {processor.py:183} INFO - Processing /home/airflow/.local/lib/python3.12/site-packages/airflow/example_dags/tutorial_taskflow_api.py took 0.115 seconds
[2025-04-10T14:04:56.711+0000] {processor.py:161} INFO - Started process (PID=1831) to work on /home/airflow/.local/lib/python3.12/site-packages/airflow/example_dags/tutorial_taskflow_api.py
[2025-04-10T14:04:56.712+0000] {processor.py:830} INFO - Processing file /home/airflow/.local/lib/python3.12/site-packages/airflow/example_dags/tutorial_taskflow_api.py for tasks to queue
[2025-04-10T14:04:56.715+0000] {logging_mixin.py:188} INFO - [2025-04-10T14:04:56.715+0000] {dagbag.py:540} INFO - Filling up the DagBag from /home/airflow/.local/lib/python3.12/site-packages/airflow/example_dags/tutorial_taskflow_api.py
[2025-04-10T14:04:56.726+0000] {processor.py:840} INFO - DAG(s) 'tutorial_taskflow_api' retrieved from /home/airflow/.local/lib/python3.12/site-packages/airflow/example_dags/tutorial_taskflow_api.py
[2025-04-10T14:04:56.759+0000] {logging_mixin.py:188} INFO - [2025-04-10T14:04:56.759+0000] {dag.py:3096} INFO - Sync 1 DAGs
[2025-04-10T14:04:56.782+0000] {logging_mixin.py:188} INFO - [2025-04-10T14:04:56.781+0000] {dag.py:3954} INFO - Setting next_dagrun for tutorial_taskflow_api to None, run_after=None
[2025-04-10T14:04:56.814+0000] {processor.py:183} INFO - Processing /home/airflow/.local/lib/python3.12/site-packages/airflow/example_dags/tutorial_taskflow_api.py took 0.114 seconds
[2025-04-10T14:05:27.389+0000] {processor.py:161} INFO - Started process (PID=1891) to work on /home/airflow/.local/lib/python3.12/site-packages/airflow/example_dags/tutorial_taskflow_api.py
[2025-04-10T14:05:27.390+0000] {processor.py:830} INFO - Processing file /home/airflow/.local/lib/python3.12/site-packages/airflow/example_dags/tutorial_taskflow_api.py for tasks to queue
[2025-04-10T14:05:27.393+0000] {logging_mixin.py:188} INFO - [2025-04-10T14:05:27.393+0000] {dagbag.py:540} INFO - Filling up the DagBag from /home/airflow/.local/lib/python3.12/site-packages/airflow/example_dags/tutorial_taskflow_api.py
[2025-04-10T14:05:27.404+0000] {processor.py:840} INFO - DAG(s) 'tutorial_taskflow_api' retrieved from /home/airflow/.local/lib/python3.12/site-packages/airflow/example_dags/tutorial_taskflow_api.py
[2025-04-10T14:05:27.437+0000] {logging_mixin.py:188} INFO - [2025-04-10T14:05:27.436+0000] {dag.py:3096} INFO - Sync 1 DAGs
[2025-04-10T14:05:27.459+0000] {logging_mixin.py:188} INFO - [2025-04-10T14:05:27.459+0000] {dag.py:3954} INFO - Setting next_dagrun for tutorial_taskflow_api to None, run_after=None
[2025-04-10T14:05:27.492+0000] {processor.py:183} INFO - Processing /home/airflow/.local/lib/python3.12/site-packages/airflow/example_dags/tutorial_taskflow_api.py took 0.113 seconds
[2025-04-10T14:05:58.112+0000] {processor.py:161} INFO - Started process (PID=1951) to work on /home/airflow/.local/lib/python3.12/site-packages/airflow/example_dags/tutorial_taskflow_api.py
[2025-04-10T14:05:58.113+0000] {processor.py:830} INFO - Processing file /home/airflow/.local/lib/python3.12/site-packages/airflow/example_dags/tutorial_taskflow_api.py for tasks to queue
[2025-04-10T14:05:58.116+0000] {logging_mixin.py:188} INFO - [2025-04-10T14:05:58.116+0000] {dagbag.py:540} INFO - Filling up the DagBag from /home/airflow/.local/lib/python3.12/site-packages/airflow/example_dags/tutorial_taskflow_api.py
[2025-04-10T14:05:58.126+0000] {processor.py:840} INFO - DAG(s) 'tutorial_taskflow_api' retrieved from /home/airflow/.local/lib/python3.12/site-packages/airflow/example_dags/tutorial_taskflow_api.py
[2025-04-10T14:05:58.161+0000] {logging_mixin.py:188} INFO - [2025-04-10T14:05:58.160+0000] {dag.py:3096} INFO - Sync 1 DAGs
[2025-04-10T14:05:58.184+0000] {logging_mixin.py:188} INFO - [2025-04-10T14:05:58.183+0000] {dag.py:3954} INFO - Setting next_dagrun for tutorial_taskflow_api to None, run_after=None
[2025-04-10T14:05:58.217+0000] {processor.py:183} INFO - Processing /home/airflow/.local/lib/python3.12/site-packages/airflow/example_dags/tutorial_taskflow_api.py took 0.115 seconds
[2025-04-10T14:06:28.702+0000] {processor.py:161} INFO - Started process (PID=2011) to work on /home/airflow/.local/lib/python3.12/site-packages/airflow/example_dags/tutorial_taskflow_api.py
[2025-04-10T14:06:28.704+0000] {processor.py:830} INFO - Processing file /home/airflow/.local/lib/python3.12/site-packages/airflow/example_dags/tutorial_taskflow_api.py for tasks to queue
[2025-04-10T14:06:28.707+0000] {logging_mixin.py:188} INFO - [2025-04-10T14:06:28.707+0000] {dagbag.py:540} INFO - Filling up the DagBag from /home/airflow/.local/lib/python3.12/site-packages/airflow/example_dags/tutorial_taskflow_api.py
[2025-04-10T14:06:28.718+0000] {processor.py:840} INFO - DAG(s) 'tutorial_taskflow_api' retrieved from /home/airflow/.local/lib/python3.12/site-packages/airflow/example_dags/tutorial_taskflow_api.py
[2025-04-10T14:06:28.753+0000] {logging_mixin.py:188} INFO - [2025-04-10T14:06:28.753+0000] {dag.py:3096} INFO - Sync 1 DAGs
[2025-04-10T14:06:28.777+0000] {logging_mixin.py:188} INFO - [2025-04-10T14:06:28.776+0000] {dag.py:3954} INFO - Setting next_dagrun for tutorial_taskflow_api to None, run_after=None
[2025-04-10T14:06:28.809+0000] {processor.py:183} INFO - Processing /home/airflow/.local/lib/python3.12/site-packages/airflow/example_dags/tutorial_taskflow_api.py took 0.116 seconds
[2025-04-10T14:06:59.599+0000] {processor.py:161} INFO - Started process (PID=2071) to work on /home/airflow/.local/lib/python3.12/site-packages/airflow/example_dags/tutorial_taskflow_api.py
[2025-04-10T14:06:59.600+0000] {processor.py:830} INFO - Processing file /home/airflow/.local/lib/python3.12/site-packages/airflow/example_dags/tutorial_taskflow_api.py for tasks to queue
[2025-04-10T14:06:59.604+0000] {logging_mixin.py:188} INFO - [2025-04-10T14:06:59.603+0000] {dagbag.py:540} INFO - Filling up the DagBag from /home/airflow/.local/lib/python3.12/site-packages/airflow/example_dags/tutorial_taskflow_api.py
[2025-04-10T14:06:59.615+0000] {processor.py:840} INFO - DAG(s) 'tutorial_taskflow_api' retrieved from /home/airflow/.local/lib/python3.12/site-packages/airflow/example_dags/tutorial_taskflow_api.py
[2025-04-10T14:06:59.649+0000] {logging_mixin.py:188} INFO - [2025-04-10T14:06:59.649+0000] {dag.py:3096} INFO - Sync 1 DAGs
[2025-04-10T14:06:59.676+0000] {logging_mixin.py:188} INFO - [2025-04-10T14:06:59.675+0000] {dag.py:3954} INFO - Setting next_dagrun for tutorial_taskflow_api to None, run_after=None
[2025-04-10T14:06:59.714+0000] {processor.py:183} INFO - Processing /home/airflow/.local/lib/python3.12/site-packages/airflow/example_dags/tutorial_taskflow_api.py took 0.125 seconds
[2025-04-10T14:07:30.160+0000] {processor.py:161} INFO - Started process (PID=2137) to work on /home/airflow/.local/lib/python3.12/site-packages/airflow/example_dags/tutorial_taskflow_api.py
[2025-04-10T14:07:30.162+0000] {processor.py:830} INFO - Processing file /home/airflow/.local/lib/python3.12/site-packages/airflow/example_dags/tutorial_taskflow_api.py for tasks to queue
[2025-04-10T14:07:30.165+0000] {logging_mixin.py:188} INFO - [2025-04-10T14:07:30.165+0000] {dagbag.py:540} INFO - Filling up the DagBag from /home/airflow/.local/lib/python3.12/site-packages/airflow/example_dags/tutorial_taskflow_api.py
[2025-04-10T14:07:30.176+0000] {processor.py:840} INFO - DAG(s) 'tutorial_taskflow_api' retrieved from /home/airflow/.local/lib/python3.12/site-packages/airflow/example_dags/tutorial_taskflow_api.py
[2025-04-10T14:07:30.212+0000] {logging_mixin.py:188} INFO - [2025-04-10T14:07:30.211+0000] {dag.py:3096} INFO - Sync 1 DAGs
[2025-04-10T14:07:30.236+0000] {logging_mixin.py:188} INFO - [2025-04-10T14:07:30.236+0000] {dag.py:3954} INFO - Setting next_dagrun for tutorial_taskflow_api to None, run_after=None
[2025-04-10T14:07:30.272+0000] {processor.py:183} INFO - Processing /home/airflow/.local/lib/python3.12/site-packages/airflow/example_dags/tutorial_taskflow_api.py took 0.121 seconds
[2025-04-10T14:08:00.652+0000] {processor.py:161} INFO - Started process (PID=2197) to work on /home/airflow/.local/lib/python3.12/site-packages/airflow/example_dags/tutorial_taskflow_api.py
[2025-04-10T14:08:00.654+0000] {processor.py:830} INFO - Processing file /home/airflow/.local/lib/python3.12/site-packages/airflow/example_dags/tutorial_taskflow_api.py for tasks to queue
[2025-04-10T14:08:00.657+0000] {logging_mixin.py:188} INFO - [2025-04-10T14:08:00.657+0000] {dagbag.py:540} INFO - Filling up the DagBag from /home/airflow/.local/lib/python3.12/site-packages/airflow/example_dags/tutorial_taskflow_api.py
[2025-04-10T14:08:00.668+0000] {processor.py:840} INFO - DAG(s) 'tutorial_taskflow_api' retrieved from /home/airflow/.local/lib/python3.12/site-packages/airflow/example_dags/tutorial_taskflow_api.py
[2025-04-10T14:08:00.705+0000] {logging_mixin.py:188} INFO - [2025-04-10T14:08:00.704+0000] {dag.py:3096} INFO - Sync 1 DAGs
[2025-04-10T14:08:00.733+0000] {logging_mixin.py:188} INFO - [2025-04-10T14:08:00.732+0000] {dag.py:3954} INFO - Setting next_dagrun for tutorial_taskflow_api to None, run_after=None
[2025-04-10T14:08:00.767+0000] {processor.py:183} INFO - Processing /home/airflow/.local/lib/python3.12/site-packages/airflow/example_dags/tutorial_taskflow_api.py took 0.124 seconds
[2025-04-10T14:08:30.967+0000] {processor.py:161} INFO - Started process (PID=2255) to work on /home/airflow/.local/lib/python3.12/site-packages/airflow/example_dags/tutorial_taskflow_api.py
[2025-04-10T14:08:30.969+0000] {processor.py:830} INFO - Processing file /home/airflow/.local/lib/python3.12/site-packages/airflow/example_dags/tutorial_taskflow_api.py for tasks to queue
[2025-04-10T14:08:30.973+0000] {logging_mixin.py:188} INFO - [2025-04-10T14:08:30.971+0000] {dagbag.py:540} INFO - Filling up the DagBag from /home/airflow/.local/lib/python3.12/site-packages/airflow/example_dags/tutorial_taskflow_api.py
[2025-04-10T14:08:30.983+0000] {processor.py:840} INFO - DAG(s) 'tutorial_taskflow_api' retrieved from /home/airflow/.local/lib/python3.12/site-packages/airflow/example_dags/tutorial_taskflow_api.py
[2025-04-10T14:08:31.019+0000] {logging_mixin.py:188} INFO - [2025-04-10T14:08:31.019+0000] {dag.py:3096} INFO - Sync 1 DAGs
[2025-04-10T14:08:31.044+0000] {logging_mixin.py:188} INFO - [2025-04-10T14:08:31.044+0000] {dag.py:3954} INFO - Setting next_dagrun for tutorial_taskflow_api to None, run_after=None
[2025-04-10T14:08:31.080+0000] {processor.py:183} INFO - Processing /home/airflow/.local/lib/python3.12/site-packages/airflow/example_dags/tutorial_taskflow_api.py took 0.123 seconds
[2025-04-10T14:09:01.492+0000] {processor.py:161} INFO - Started process (PID=2315) to work on /home/airflow/.local/lib/python3.12/site-packages/airflow/example_dags/tutorial_taskflow_api.py
[2025-04-10T14:09:01.493+0000] {processor.py:830} INFO - Processing file /home/airflow/.local/lib/python3.12/site-packages/airflow/example_dags/tutorial_taskflow_api.py for tasks to queue
[2025-04-10T14:09:01.496+0000] {logging_mixin.py:188} INFO - [2025-04-10T14:09:01.496+0000] {dagbag.py:540} INFO - Filling up the DagBag from /home/airflow/.local/lib/python3.12/site-packages/airflow/example_dags/tutorial_taskflow_api.py
[2025-04-10T14:09:01.507+0000] {processor.py:840} INFO - DAG(s) 'tutorial_taskflow_api' retrieved from /home/airflow/.local/lib/python3.12/site-packages/airflow/example_dags/tutorial_taskflow_api.py
[2025-04-10T14:09:01.540+0000] {logging_mixin.py:188} INFO - [2025-04-10T14:09:01.539+0000] {dag.py:3096} INFO - Sync 1 DAGs
[2025-04-10T14:09:01.564+0000] {logging_mixin.py:188} INFO - [2025-04-10T14:09:01.563+0000] {dag.py:3954} INFO - Setting next_dagrun for tutorial_taskflow_api to None, run_after=None
[2025-04-10T14:09:01.598+0000] {processor.py:183} INFO - Processing /home/airflow/.local/lib/python3.12/site-packages/airflow/example_dags/tutorial_taskflow_api.py took 0.115 seconds
[2025-04-10T14:09:32.012+0000] {processor.py:161} INFO - Started process (PID=2375) to work on /home/airflow/.local/lib/python3.12/site-packages/airflow/example_dags/tutorial_taskflow_api.py
[2025-04-10T14:09:32.013+0000] {processor.py:830} INFO - Processing file /home/airflow/.local/lib/python3.12/site-packages/airflow/example_dags/tutorial_taskflow_api.py for tasks to queue
[2025-04-10T14:09:32.016+0000] {logging_mixin.py:188} INFO - [2025-04-10T14:09:32.016+0000] {dagbag.py:540} INFO - Filling up the DagBag from /home/airflow/.local/lib/python3.12/site-packages/airflow/example_dags/tutorial_taskflow_api.py
[2025-04-10T14:09:32.028+0000] {processor.py:840} INFO - DAG(s) 'tutorial_taskflow_api' retrieved from /home/airflow/.local/lib/python3.12/site-packages/airflow/example_dags/tutorial_taskflow_api.py
[2025-04-10T14:09:32.065+0000] {logging_mixin.py:188} INFO - [2025-04-10T14:09:32.064+0000] {dag.py:3096} INFO - Sync 1 DAGs
[2025-04-10T14:09:32.091+0000] {logging_mixin.py:188} INFO - [2025-04-10T14:09:32.090+0000] {dag.py:3954} INFO - Setting next_dagrun for tutorial_taskflow_api to None, run_after=None
[2025-04-10T14:09:32.127+0000] {processor.py:183} INFO - Processing /home/airflow/.local/lib/python3.12/site-packages/airflow/example_dags/tutorial_taskflow_api.py took 0.125 seconds
[2025-04-10T14:10:03.005+0000] {processor.py:161} INFO - Started process (PID=2435) to work on /home/airflow/.local/lib/python3.12/site-packages/airflow/example_dags/tutorial_taskflow_api.py
[2025-04-10T14:10:03.006+0000] {processor.py:830} INFO - Processing file /home/airflow/.local/lib/python3.12/site-packages/airflow/example_dags/tutorial_taskflow_api.py for tasks to queue
[2025-04-10T14:10:03.009+0000] {logging_mixin.py:188} INFO - [2025-04-10T14:10:03.009+0000] {dagbag.py:540} INFO - Filling up the DagBag from /home/airflow/.local/lib/python3.12/site-packages/airflow/example_dags/tutorial_taskflow_api.py
[2025-04-10T14:10:03.020+0000] {processor.py:840} INFO - DAG(s) 'tutorial_taskflow_api' retrieved from /home/airflow/.local/lib/python3.12/site-packages/airflow/example_dags/tutorial_taskflow_api.py
[2025-04-10T14:10:03.055+0000] {logging_mixin.py:188} INFO - [2025-04-10T14:10:03.055+0000] {dag.py:3096} INFO - Sync 1 DAGs
[2025-04-10T14:10:03.079+0000] {logging_mixin.py:188} INFO - [2025-04-10T14:10:03.079+0000] {dag.py:3954} INFO - Setting next_dagrun for tutorial_taskflow_api to None, run_after=None
[2025-04-10T14:10:03.115+0000] {processor.py:183} INFO - Processing /home/airflow/.local/lib/python3.12/site-packages/airflow/example_dags/tutorial_taskflow_api.py took 0.120 seconds
[2025-04-10T14:10:33.353+0000] {processor.py:161} INFO - Started process (PID=2495) to work on /home/airflow/.local/lib/python3.12/site-packages/airflow/example_dags/tutorial_taskflow_api.py
[2025-04-10T14:10:33.354+0000] {processor.py:830} INFO - Processing file /home/airflow/.local/lib/python3.12/site-packages/airflow/example_dags/tutorial_taskflow_api.py for tasks to queue
[2025-04-10T14:10:33.358+0000] {logging_mixin.py:188} INFO - [2025-04-10T14:10:33.357+0000] {dagbag.py:540} INFO - Filling up the DagBag from /home/airflow/.local/lib/python3.12/site-packages/airflow/example_dags/tutorial_taskflow_api.py
[2025-04-10T14:10:33.368+0000] {processor.py:840} INFO - DAG(s) 'tutorial_taskflow_api' retrieved from /home/airflow/.local/lib/python3.12/site-packages/airflow/example_dags/tutorial_taskflow_api.py
[2025-04-10T14:10:33.402+0000] {logging_mixin.py:188} INFO - [2025-04-10T14:10:33.401+0000] {dag.py:3096} INFO - Sync 1 DAGs
[2025-04-10T14:10:33.425+0000] {logging_mixin.py:188} INFO - [2025-04-10T14:10:33.425+0000] {dag.py:3954} INFO - Setting next_dagrun for tutorial_taskflow_api to None, run_after=None
[2025-04-10T14:10:33.460+0000] {processor.py:183} INFO - Processing /home/airflow/.local/lib/python3.12/site-packages/airflow/example_dags/tutorial_taskflow_api.py took 0.117 seconds
[2025-04-10T14:11:03.984+0000] {processor.py:161} INFO - Started process (PID=2555) to work on /home/airflow/.local/lib/python3.12/site-packages/airflow/example_dags/tutorial_taskflow_api.py
[2025-04-10T14:11:03.986+0000] {processor.py:830} INFO - Processing file /home/airflow/.local/lib/python3.12/site-packages/airflow/example_dags/tutorial_taskflow_api.py for tasks to queue
[2025-04-10T14:11:03.989+0000] {logging_mixin.py:188} INFO - [2025-04-10T14:11:03.989+0000] {dagbag.py:540} INFO - Filling up the DagBag from /home/airflow/.local/lib/python3.12/site-packages/airflow/example_dags/tutorial_taskflow_api.py
[2025-04-10T14:11:04.000+0000] {processor.py:840} INFO - DAG(s) 'tutorial_taskflow_api' retrieved from /home/airflow/.local/lib/python3.12/site-packages/airflow/example_dags/tutorial_taskflow_api.py
[2025-04-10T14:11:04.035+0000] {logging_mixin.py:188} INFO - [2025-04-10T14:11:04.034+0000] {dag.py:3096} INFO - Sync 1 DAGs
[2025-04-10T14:11:04.058+0000] {logging_mixin.py:188} INFO - [2025-04-10T14:11:04.058+0000] {dag.py:3954} INFO - Setting next_dagrun for tutorial_taskflow_api to None, run_after=None
[2025-04-10T14:11:04.092+0000] {processor.py:183} INFO - Processing /home/airflow/.local/lib/python3.12/site-packages/airflow/example_dags/tutorial_taskflow_api.py took 0.118 seconds
[2025-04-10T14:11:34.400+0000] {processor.py:161} INFO - Started process (PID=2615) to work on /home/airflow/.local/lib/python3.12/site-packages/airflow/example_dags/tutorial_taskflow_api.py
[2025-04-10T14:11:34.402+0000] {processor.py:830} INFO - Processing file /home/airflow/.local/lib/python3.12/site-packages/airflow/example_dags/tutorial_taskflow_api.py for tasks to queue
[2025-04-10T14:11:34.405+0000] {logging_mixin.py:188} INFO - [2025-04-10T14:11:34.405+0000] {dagbag.py:540} INFO - Filling up the DagBag from /home/airflow/.local/lib/python3.12/site-packages/airflow/example_dags/tutorial_taskflow_api.py
[2025-04-10T14:11:34.416+0000] {processor.py:840} INFO - DAG(s) 'tutorial_taskflow_api' retrieved from /home/airflow/.local/lib/python3.12/site-packages/airflow/example_dags/tutorial_taskflow_api.py
[2025-04-10T14:11:34.451+0000] {logging_mixin.py:188} INFO - [2025-04-10T14:11:34.451+0000] {dag.py:3096} INFO - Sync 1 DAGs
[2025-04-10T14:11:34.476+0000] {logging_mixin.py:188} INFO - [2025-04-10T14:11:34.476+0000] {dag.py:3954} INFO - Setting next_dagrun for tutorial_taskflow_api to None, run_after=None
[2025-04-10T14:11:34.510+0000] {processor.py:183} INFO - Processing /home/airflow/.local/lib/python3.12/site-packages/airflow/example_dags/tutorial_taskflow_api.py took 0.121 seconds
[2025-04-10T14:12:05.536+0000] {processor.py:161} INFO - Started process (PID=2675) to work on /home/airflow/.local/lib/python3.12/site-packages/airflow/example_dags/tutorial_taskflow_api.py
[2025-04-10T14:12:05.537+0000] {processor.py:830} INFO - Processing file /home/airflow/.local/lib/python3.12/site-packages/airflow/example_dags/tutorial_taskflow_api.py for tasks to queue
[2025-04-10T14:12:05.541+0000] {logging_mixin.py:188} INFO - [2025-04-10T14:12:05.540+0000] {dagbag.py:540} INFO - Filling up the DagBag from /home/airflow/.local/lib/python3.12/site-packages/airflow/example_dags/tutorial_taskflow_api.py
[2025-04-10T14:12:05.552+0000] {processor.py:840} INFO - DAG(s) 'tutorial_taskflow_api' retrieved from /home/airflow/.local/lib/python3.12/site-packages/airflow/example_dags/tutorial_taskflow_api.py
[2025-04-10T14:12:05.587+0000] {logging_mixin.py:188} INFO - [2025-04-10T14:12:05.586+0000] {dag.py:3096} INFO - Sync 1 DAGs
[2025-04-10T14:12:05.610+0000] {logging_mixin.py:188} INFO - [2025-04-10T14:12:05.610+0000] {dag.py:3954} INFO - Setting next_dagrun for tutorial_taskflow_api to None, run_after=None
[2025-04-10T14:12:05.646+0000] {processor.py:183} INFO - Processing /home/airflow/.local/lib/python3.12/site-packages/airflow/example_dags/tutorial_taskflow_api.py took 0.120 seconds
[2025-04-10T14:12:36.685+0000] {processor.py:161} INFO - Started process (PID=2735) to work on /home/airflow/.local/lib/python3.12/site-packages/airflow/example_dags/tutorial_taskflow_api.py
[2025-04-10T14:12:36.687+0000] {processor.py:830} INFO - Processing file /home/airflow/.local/lib/python3.12/site-packages/airflow/example_dags/tutorial_taskflow_api.py for tasks to queue
[2025-04-10T14:12:36.690+0000] {logging_mixin.py:188} INFO - [2025-04-10T14:12:36.689+0000] {dagbag.py:540} INFO - Filling up the DagBag from /home/airflow/.local/lib/python3.12/site-packages/airflow/example_dags/tutorial_taskflow_api.py
[2025-04-10T14:12:36.701+0000] {processor.py:840} INFO - DAG(s) 'tutorial_taskflow_api' retrieved from /home/airflow/.local/lib/python3.12/site-packages/airflow/example_dags/tutorial_taskflow_api.py
[2025-04-10T14:12:36.736+0000] {logging_mixin.py:188} INFO - [2025-04-10T14:12:36.735+0000] {dag.py:3096} INFO - Sync 1 DAGs
[2025-04-10T14:12:36.759+0000] {logging_mixin.py:188} INFO - [2025-04-10T14:12:36.759+0000] {dag.py:3954} INFO - Setting next_dagrun for tutorial_taskflow_api to None, run_after=None
[2025-04-10T14:12:36.795+0000] {processor.py:183} INFO - Processing /home/airflow/.local/lib/python3.12/site-packages/airflow/example_dags/tutorial_taskflow_api.py took 0.120 seconds
[2025-04-10T14:13:07.282+0000] {processor.py:161} INFO - Started process (PID=2795) to work on /home/airflow/.local/lib/python3.12/site-packages/airflow/example_dags/tutorial_taskflow_api.py
[2025-04-10T14:13:07.283+0000] {processor.py:830} INFO - Processing file /home/airflow/.local/lib/python3.12/site-packages/airflow/example_dags/tutorial_taskflow_api.py for tasks to queue
[2025-04-10T14:13:07.286+0000] {logging_mixin.py:188} INFO - [2025-04-10T14:13:07.286+0000] {dagbag.py:540} INFO - Filling up the DagBag from /home/airflow/.local/lib/python3.12/site-packages/airflow/example_dags/tutorial_taskflow_api.py
[2025-04-10T14:13:07.297+0000] {processor.py:840} INFO - DAG(s) 'tutorial_taskflow_api' retrieved from /home/airflow/.local/lib/python3.12/site-packages/airflow/example_dags/tutorial_taskflow_api.py
[2025-04-10T14:13:07.331+0000] {logging_mixin.py:188} INFO - [2025-04-10T14:13:07.330+0000] {dag.py:3096} INFO - Sync 1 DAGs
[2025-04-10T14:13:07.355+0000] {logging_mixin.py:188} INFO - [2025-04-10T14:13:07.355+0000] {dag.py:3954} INFO - Setting next_dagrun for tutorial_taskflow_api to None, run_after=None
[2025-04-10T14:13:07.390+0000] {processor.py:183} INFO - Processing /home/airflow/.local/lib/python3.12/site-packages/airflow/example_dags/tutorial_taskflow_api.py took 0.117 seconds
[2025-04-10T14:13:37.468+0000] {processor.py:161} INFO - Started process (PID=2853) to work on /home/airflow/.local/lib/python3.12/site-packages/airflow/example_dags/tutorial_taskflow_api.py
[2025-04-10T14:13:37.469+0000] {processor.py:830} INFO - Processing file /home/airflow/.local/lib/python3.12/site-packages/airflow/example_dags/tutorial_taskflow_api.py for tasks to queue
[2025-04-10T14:13:37.473+0000] {logging_mixin.py:188} INFO - [2025-04-10T14:13:37.472+0000] {dagbag.py:540} INFO - Filling up the DagBag from /home/airflow/.local/lib/python3.12/site-packages/airflow/example_dags/tutorial_taskflow_api.py
[2025-04-10T14:13:37.483+0000] {processor.py:840} INFO - DAG(s) 'tutorial_taskflow_api' retrieved from /home/airflow/.local/lib/python3.12/site-packages/airflow/example_dags/tutorial_taskflow_api.py
[2025-04-10T14:13:37.519+0000] {logging_mixin.py:188} INFO - [2025-04-10T14:13:37.518+0000] {dag.py:3096} INFO - Sync 1 DAGs
[2025-04-10T14:13:37.541+0000] {logging_mixin.py:188} INFO - [2025-04-10T14:13:37.541+0000] {dag.py:3954} INFO - Setting next_dagrun for tutorial_taskflow_api to None, run_after=None
[2025-04-10T14:13:37.576+0000] {processor.py:183} INFO - Processing /home/airflow/.local/lib/python3.12/site-packages/airflow/example_dags/tutorial_taskflow_api.py took 0.118 seconds
[2025-04-10T14:14:07.940+0000] {processor.py:161} INFO - Started process (PID=2914) to work on /home/airflow/.local/lib/python3.12/site-packages/airflow/example_dags/tutorial_taskflow_api.py
[2025-04-10T14:14:07.942+0000] {processor.py:830} INFO - Processing file /home/airflow/.local/lib/python3.12/site-packages/airflow/example_dags/tutorial_taskflow_api.py for tasks to queue
[2025-04-10T14:14:07.945+0000] {logging_mixin.py:188} INFO - [2025-04-10T14:14:07.944+0000] {dagbag.py:540} INFO - Filling up the DagBag from /home/airflow/.local/lib/python3.12/site-packages/airflow/example_dags/tutorial_taskflow_api.py
[2025-04-10T14:14:07.955+0000] {processor.py:840} INFO - DAG(s) 'tutorial_taskflow_api' retrieved from /home/airflow/.local/lib/python3.12/site-packages/airflow/example_dags/tutorial_taskflow_api.py
[2025-04-10T14:14:07.989+0000] {logging_mixin.py:188} INFO - [2025-04-10T14:14:07.988+0000] {dag.py:3096} INFO - Sync 1 DAGs
[2025-04-10T14:14:08.011+0000] {logging_mixin.py:188} INFO - [2025-04-10T14:14:08.010+0000] {dag.py:3954} INFO - Setting next_dagrun for tutorial_taskflow_api to None, run_after=None
[2025-04-10T14:14:08.043+0000] {processor.py:183} INFO - Processing /home/airflow/.local/lib/python3.12/site-packages/airflow/example_dags/tutorial_taskflow_api.py took 0.112 seconds
[2025-04-10T14:14:38.396+0000] {processor.py:161} INFO - Started process (PID=2974) to work on /home/airflow/.local/lib/python3.12/site-packages/airflow/example_dags/tutorial_taskflow_api.py
[2025-04-10T14:14:38.398+0000] {processor.py:830} INFO - Processing file /home/airflow/.local/lib/python3.12/site-packages/airflow/example_dags/tutorial_taskflow_api.py for tasks to queue
[2025-04-10T14:14:38.401+0000] {logging_mixin.py:188} INFO - [2025-04-10T14:14:38.400+0000] {dagbag.py:540} INFO - Filling up the DagBag from /home/airflow/.local/lib/python3.12/site-packages/airflow/example_dags/tutorial_taskflow_api.py
[2025-04-10T14:14:38.412+0000] {processor.py:840} INFO - DAG(s) 'tutorial_taskflow_api' retrieved from /home/airflow/.local/lib/python3.12/site-packages/airflow/example_dags/tutorial_taskflow_api.py
[2025-04-10T14:14:38.446+0000] {logging_mixin.py:188} INFO - [2025-04-10T14:14:38.446+0000] {dag.py:3096} INFO - Sync 1 DAGs
[2025-04-10T14:14:38.470+0000] {logging_mixin.py:188} INFO - [2025-04-10T14:14:38.470+0000] {dag.py:3954} INFO - Setting next_dagrun for tutorial_taskflow_api to None, run_after=None
[2025-04-10T14:14:38.503+0000] {processor.py:183} INFO - Processing /home/airflow/.local/lib/python3.12/site-packages/airflow/example_dags/tutorial_taskflow_api.py took 0.117 seconds
[2025-04-10T14:15:09.049+0000] {processor.py:161} INFO - Started process (PID=3034) to work on /home/airflow/.local/lib/python3.12/site-packages/airflow/example_dags/tutorial_taskflow_api.py
[2025-04-10T14:15:09.050+0000] {processor.py:830} INFO - Processing file /home/airflow/.local/lib/python3.12/site-packages/airflow/example_dags/tutorial_taskflow_api.py for tasks to queue
[2025-04-10T14:15:09.053+0000] {logging_mixin.py:188} INFO - [2025-04-10T14:15:09.053+0000] {dagbag.py:540} INFO - Filling up the DagBag from /home/airflow/.local/lib/python3.12/site-packages/airflow/example_dags/tutorial_taskflow_api.py
[2025-04-10T14:15:09.064+0000] {processor.py:840} INFO - DAG(s) 'tutorial_taskflow_api' retrieved from /home/airflow/.local/lib/python3.12/site-packages/airflow/example_dags/tutorial_taskflow_api.py
[2025-04-10T14:15:09.097+0000] {logging_mixin.py:188} INFO - [2025-04-10T14:15:09.097+0000] {dag.py:3096} INFO - Sync 1 DAGs
[2025-04-10T14:15:09.121+0000] {logging_mixin.py:188} INFO - [2025-04-10T14:15:09.121+0000] {dag.py:3954} INFO - Setting next_dagrun for tutorial_taskflow_api to None, run_after=None
[2025-04-10T14:15:09.154+0000] {processor.py:183} INFO - Processing /home/airflow/.local/lib/python3.12/site-packages/airflow/example_dags/tutorial_taskflow_api.py took 0.115 seconds
[2025-04-10T14:15:39.851+0000] {processor.py:161} INFO - Started process (PID=3094) to work on /home/airflow/.local/lib/python3.12/site-packages/airflow/example_dags/tutorial_taskflow_api.py
[2025-04-10T14:15:39.852+0000] {processor.py:830} INFO - Processing file /home/airflow/.local/lib/python3.12/site-packages/airflow/example_dags/tutorial_taskflow_api.py for tasks to queue
[2025-04-10T14:15:39.855+0000] {logging_mixin.py:188} INFO - [2025-04-10T14:15:39.855+0000] {dagbag.py:540} INFO - Filling up the DagBag from /home/airflow/.local/lib/python3.12/site-packages/airflow/example_dags/tutorial_taskflow_api.py
[2025-04-10T14:15:39.866+0000] {processor.py:840} INFO - DAG(s) 'tutorial_taskflow_api' retrieved from /home/airflow/.local/lib/python3.12/site-packages/airflow/example_dags/tutorial_taskflow_api.py
[2025-04-10T14:15:39.899+0000] {logging_mixin.py:188} INFO - [2025-04-10T14:15:39.898+0000] {dag.py:3096} INFO - Sync 1 DAGs
[2025-04-10T14:15:39.922+0000] {logging_mixin.py:188} INFO - [2025-04-10T14:15:39.921+0000] {dag.py:3954} INFO - Setting next_dagrun for tutorial_taskflow_api to None, run_after=None
[2025-04-10T14:15:39.955+0000] {processor.py:183} INFO - Processing /home/airflow/.local/lib/python3.12/site-packages/airflow/example_dags/tutorial_taskflow_api.py took 0.114 seconds
[2025-04-10T14:16:10.288+0000] {processor.py:161} INFO - Started process (PID=3155) to work on /home/airflow/.local/lib/python3.12/site-packages/airflow/example_dags/tutorial_taskflow_api.py
[2025-04-10T14:16:10.289+0000] {processor.py:830} INFO - Processing file /home/airflow/.local/lib/python3.12/site-packages/airflow/example_dags/tutorial_taskflow_api.py for tasks to queue
[2025-04-10T14:16:10.293+0000] {logging_mixin.py:188} INFO - [2025-04-10T14:16:10.292+0000] {dagbag.py:540} INFO - Filling up the DagBag from /home/airflow/.local/lib/python3.12/site-packages/airflow/example_dags/tutorial_taskflow_api.py
[2025-04-10T14:16:10.304+0000] {processor.py:840} INFO - DAG(s) 'tutorial_taskflow_api' retrieved from /home/airflow/.local/lib/python3.12/site-packages/airflow/example_dags/tutorial_taskflow_api.py
[2025-04-10T14:16:10.338+0000] {logging_mixin.py:188} INFO - [2025-04-10T14:16:10.337+0000] {dag.py:3096} INFO - Sync 1 DAGs
[2025-04-10T14:16:10.362+0000] {logging_mixin.py:188} INFO - [2025-04-10T14:16:10.361+0000] {dag.py:3954} INFO - Setting next_dagrun for tutorial_taskflow_api to None, run_after=None
[2025-04-10T14:16:10.395+0000] {processor.py:183} INFO - Processing /home/airflow/.local/lib/python3.12/site-packages/airflow/example_dags/tutorial_taskflow_api.py took 0.118 seconds
[2025-04-10T14:16:41.073+0000] {processor.py:161} INFO - Started process (PID=3215) to work on /home/airflow/.local/lib/python3.12/site-packages/airflow/example_dags/tutorial_taskflow_api.py
[2025-04-10T14:16:41.075+0000] {processor.py:830} INFO - Processing file /home/airflow/.local/lib/python3.12/site-packages/airflow/example_dags/tutorial_taskflow_api.py for tasks to queue
[2025-04-10T14:16:41.078+0000] {logging_mixin.py:188} INFO - [2025-04-10T14:16:41.077+0000] {dagbag.py:540} INFO - Filling up the DagBag from /home/airflow/.local/lib/python3.12/site-packages/airflow/example_dags/tutorial_taskflow_api.py
[2025-04-10T14:16:41.089+0000] {processor.py:840} INFO - DAG(s) 'tutorial_taskflow_api' retrieved from /home/airflow/.local/lib/python3.12/site-packages/airflow/example_dags/tutorial_taskflow_api.py
[2025-04-10T14:16:41.122+0000] {logging_mixin.py:188} INFO - [2025-04-10T14:16:41.122+0000] {dag.py:3096} INFO - Sync 1 DAGs
[2025-04-10T14:16:41.146+0000] {logging_mixin.py:188} INFO - [2025-04-10T14:16:41.145+0000] {dag.py:3954} INFO - Setting next_dagrun for tutorial_taskflow_api to None, run_after=None
[2025-04-10T14:16:41.180+0000] {processor.py:183} INFO - Processing /home/airflow/.local/lib/python3.12/site-packages/airflow/example_dags/tutorial_taskflow_api.py took 0.116 seconds
[2025-04-10T14:17:11.522+0000] {processor.py:161} INFO - Started process (PID=3275) to work on /home/airflow/.local/lib/python3.12/site-packages/airflow/example_dags/tutorial_taskflow_api.py
[2025-04-10T14:17:11.523+0000] {processor.py:830} INFO - Processing file /home/airflow/.local/lib/python3.12/site-packages/airflow/example_dags/tutorial_taskflow_api.py for tasks to queue
[2025-04-10T14:17:11.526+0000] {logging_mixin.py:188} INFO - [2025-04-10T14:17:11.526+0000] {dagbag.py:540} INFO - Filling up the DagBag from /home/airflow/.local/lib/python3.12/site-packages/airflow/example_dags/tutorial_taskflow_api.py
[2025-04-10T14:17:11.537+0000] {processor.py:840} INFO - DAG(s) 'tutorial_taskflow_api' retrieved from /home/airflow/.local/lib/python3.12/site-packages/airflow/example_dags/tutorial_taskflow_api.py
[2025-04-10T14:17:11.569+0000] {logging_mixin.py:188} INFO - [2025-04-10T14:17:11.569+0000] {dag.py:3096} INFO - Sync 1 DAGs
[2025-04-10T14:17:11.592+0000] {logging_mixin.py:188} INFO - [2025-04-10T14:17:11.592+0000] {dag.py:3954} INFO - Setting next_dagrun for tutorial_taskflow_api to None, run_after=None
[2025-04-10T14:17:11.624+0000] {processor.py:183} INFO - Processing /home/airflow/.local/lib/python3.12/site-packages/airflow/example_dags/tutorial_taskflow_api.py took 0.113 seconds
[2025-04-10T14:17:41.935+0000] {processor.py:161} INFO - Started process (PID=3335) to work on /home/airflow/.local/lib/python3.12/site-packages/airflow/example_dags/tutorial_taskflow_api.py
[2025-04-10T14:17:41.937+0000] {processor.py:830} INFO - Processing file /home/airflow/.local/lib/python3.12/site-packages/airflow/example_dags/tutorial_taskflow_api.py for tasks to queue
[2025-04-10T14:17:41.941+0000] {logging_mixin.py:188} INFO - [2025-04-10T14:17:41.940+0000] {dagbag.py:540} INFO - Filling up the DagBag from /home/airflow/.local/lib/python3.12/site-packages/airflow/example_dags/tutorial_taskflow_api.py
[2025-04-10T14:17:41.951+0000] {processor.py:840} INFO - DAG(s) 'tutorial_taskflow_api' retrieved from /home/airflow/.local/lib/python3.12/site-packages/airflow/example_dags/tutorial_taskflow_api.py
[2025-04-10T14:17:41.984+0000] {logging_mixin.py:188} INFO - [2025-04-10T14:17:41.984+0000] {dag.py:3096} INFO - Sync 1 DAGs
[2025-04-10T14:17:42.008+0000] {logging_mixin.py:188} INFO - [2025-04-10T14:17:42.008+0000] {dag.py:3954} INFO - Setting next_dagrun for tutorial_taskflow_api to None, run_after=None
[2025-04-10T14:17:42.044+0000] {processor.py:183} INFO - Processing /home/airflow/.local/lib/python3.12/site-packages/airflow/example_dags/tutorial_taskflow_api.py took 0.119 seconds
[2025-04-10T14:18:12.655+0000] {processor.py:161} INFO - Started process (PID=3395) to work on /home/airflow/.local/lib/python3.12/site-packages/airflow/example_dags/tutorial_taskflow_api.py
[2025-04-10T14:18:12.656+0000] {processor.py:830} INFO - Processing file /home/airflow/.local/lib/python3.12/site-packages/airflow/example_dags/tutorial_taskflow_api.py for tasks to queue
[2025-04-10T14:18:12.659+0000] {logging_mixin.py:188} INFO - [2025-04-10T14:18:12.658+0000] {dagbag.py:540} INFO - Filling up the DagBag from /home/airflow/.local/lib/python3.12/site-packages/airflow/example_dags/tutorial_taskflow_api.py
[2025-04-10T14:18:12.669+0000] {processor.py:840} INFO - DAG(s) 'tutorial_taskflow_api' retrieved from /home/airflow/.local/lib/python3.12/site-packages/airflow/example_dags/tutorial_taskflow_api.py
[2025-04-10T14:18:12.703+0000] {logging_mixin.py:188} INFO - [2025-04-10T14:18:12.702+0000] {dag.py:3096} INFO - Sync 1 DAGs
[2025-04-10T14:18:12.725+0000] {logging_mixin.py:188} INFO - [2025-04-10T14:18:12.725+0000] {dag.py:3954} INFO - Setting next_dagrun for tutorial_taskflow_api to None, run_after=None
[2025-04-10T14:18:12.759+0000] {processor.py:183} INFO - Processing /home/airflow/.local/lib/python3.12/site-packages/airflow/example_dags/tutorial_taskflow_api.py took 0.114 seconds
[2025-04-10T14:18:43.079+0000] {processor.py:161} INFO - Started process (PID=3455) to work on /home/airflow/.local/lib/python3.12/site-packages/airflow/example_dags/tutorial_taskflow_api.py
[2025-04-10T14:18:43.080+0000] {processor.py:830} INFO - Processing file /home/airflow/.local/lib/python3.12/site-packages/airflow/example_dags/tutorial_taskflow_api.py for tasks to queue
[2025-04-10T14:18:43.084+0000] {logging_mixin.py:188} INFO - [2025-04-10T14:18:43.083+0000] {dagbag.py:540} INFO - Filling up the DagBag from /home/airflow/.local/lib/python3.12/site-packages/airflow/example_dags/tutorial_taskflow_api.py
[2025-04-10T14:18:43.099+0000] {processor.py:840} INFO - DAG(s) 'tutorial_taskflow_api' retrieved from /home/airflow/.local/lib/python3.12/site-packages/airflow/example_dags/tutorial_taskflow_api.py
[2025-04-10T14:18:43.132+0000] {logging_mixin.py:188} INFO - [2025-04-10T14:18:43.132+0000] {dag.py:3096} INFO - Sync 1 DAGs
[2025-04-10T14:18:43.156+0000] {logging_mixin.py:188} INFO - [2025-04-10T14:18:43.156+0000] {dag.py:3954} INFO - Setting next_dagrun for tutorial_taskflow_api to None, run_after=None
[2025-04-10T14:18:43.191+0000] {processor.py:183} INFO - Processing /home/airflow/.local/lib/python3.12/site-packages/airflow/example_dags/tutorial_taskflow_api.py took 0.122 seconds
[2025-04-10T14:19:13.468+0000] {processor.py:161} INFO - Started process (PID=3515) to work on /home/airflow/.local/lib/python3.12/site-packages/airflow/example_dags/tutorial_taskflow_api.py
[2025-04-10T14:19:13.470+0000] {processor.py:830} INFO - Processing file /home/airflow/.local/lib/python3.12/site-packages/airflow/example_dags/tutorial_taskflow_api.py for tasks to queue
[2025-04-10T14:19:13.473+0000] {logging_mixin.py:188} INFO - [2025-04-10T14:19:13.472+0000] {dagbag.py:540} INFO - Filling up the DagBag from /home/airflow/.local/lib/python3.12/site-packages/airflow/example_dags/tutorial_taskflow_api.py
[2025-04-10T14:19:13.484+0000] {processor.py:840} INFO - DAG(s) 'tutorial_taskflow_api' retrieved from /home/airflow/.local/lib/python3.12/site-packages/airflow/example_dags/tutorial_taskflow_api.py
[2025-04-10T14:19:13.519+0000] {logging_mixin.py:188} INFO - [2025-04-10T14:19:13.519+0000] {dag.py:3096} INFO - Sync 1 DAGs
[2025-04-10T14:19:13.542+0000] {logging_mixin.py:188} INFO - [2025-04-10T14:19:13.542+0000] {dag.py:3954} INFO - Setting next_dagrun for tutorial_taskflow_api to None, run_after=None
[2025-04-10T14:19:13.577+0000] {processor.py:183} INFO - Processing /home/airflow/.local/lib/python3.12/site-packages/airflow/example_dags/tutorial_taskflow_api.py took 0.118 seconds
[2025-04-10T14:19:43.888+0000] {processor.py:161} INFO - Started process (PID=3575) to work on /home/airflow/.local/lib/python3.12/site-packages/airflow/example_dags/tutorial_taskflow_api.py
[2025-04-10T14:19:43.890+0000] {processor.py:830} INFO - Processing file /home/airflow/.local/lib/python3.12/site-packages/airflow/example_dags/tutorial_taskflow_api.py for tasks to queue
[2025-04-10T14:19:43.893+0000] {logging_mixin.py:188} INFO - [2025-04-10T14:19:43.892+0000] {dagbag.py:540} INFO - Filling up the DagBag from /home/airflow/.local/lib/python3.12/site-packages/airflow/example_dags/tutorial_taskflow_api.py
[2025-04-10T14:19:43.903+0000] {processor.py:840} INFO - DAG(s) 'tutorial_taskflow_api' retrieved from /home/airflow/.local/lib/python3.12/site-packages/airflow/example_dags/tutorial_taskflow_api.py
[2025-04-10T14:19:43.937+0000] {logging_mixin.py:188} INFO - [2025-04-10T14:19:43.937+0000] {dag.py:3096} INFO - Sync 1 DAGs
[2025-04-10T14:19:43.961+0000] {logging_mixin.py:188} INFO - [2025-04-10T14:19:43.961+0000] {dag.py:3954} INFO - Setting next_dagrun for tutorial_taskflow_api to None, run_after=None
[2025-04-10T14:19:43.996+0000] {processor.py:183} INFO - Processing /home/airflow/.local/lib/python3.12/site-packages/airflow/example_dags/tutorial_taskflow_api.py took 0.119 seconds
[2025-04-10T14:20:14.180+0000] {processor.py:161} INFO - Started process (PID=3635) to work on /home/airflow/.local/lib/python3.12/site-packages/airflow/example_dags/tutorial_taskflow_api.py
[2025-04-10T14:20:14.181+0000] {processor.py:830} INFO - Processing file /home/airflow/.local/lib/python3.12/site-packages/airflow/example_dags/tutorial_taskflow_api.py for tasks to queue
[2025-04-10T14:20:14.184+0000] {logging_mixin.py:188} INFO - [2025-04-10T14:20:14.183+0000] {dagbag.py:540} INFO - Filling up the DagBag from /home/airflow/.local/lib/python3.12/site-packages/airflow/example_dags/tutorial_taskflow_api.py
[2025-04-10T14:20:14.195+0000] {processor.py:840} INFO - DAG(s) 'tutorial_taskflow_api' retrieved from /home/airflow/.local/lib/python3.12/site-packages/airflow/example_dags/tutorial_taskflow_api.py
[2025-04-10T14:20:14.229+0000] {logging_mixin.py:188} INFO - [2025-04-10T14:20:14.228+0000] {dag.py:3096} INFO - Sync 1 DAGs
[2025-04-10T14:20:14.253+0000] {logging_mixin.py:188} INFO - [2025-04-10T14:20:14.253+0000] {dag.py:3954} INFO - Setting next_dagrun for tutorial_taskflow_api to None, run_after=None
[2025-04-10T14:20:14.287+0000] {processor.py:183} INFO - Processing /home/airflow/.local/lib/python3.12/site-packages/airflow/example_dags/tutorial_taskflow_api.py took 0.117 seconds
[2025-04-10T14:20:44.440+0000] {processor.py:161} INFO - Started process (PID=3695) to work on /home/airflow/.local/lib/python3.12/site-packages/airflow/example_dags/tutorial_taskflow_api.py
[2025-04-10T14:20:44.442+0000] {processor.py:830} INFO - Processing file /home/airflow/.local/lib/python3.12/site-packages/airflow/example_dags/tutorial_taskflow_api.py for tasks to queue
[2025-04-10T14:20:44.445+0000] {logging_mixin.py:188} INFO - [2025-04-10T14:20:44.444+0000] {dagbag.py:540} INFO - Filling up the DagBag from /home/airflow/.local/lib/python3.12/site-packages/airflow/example_dags/tutorial_taskflow_api.py
[2025-04-10T14:20:44.455+0000] {processor.py:840} INFO - DAG(s) 'tutorial_taskflow_api' retrieved from /home/airflow/.local/lib/python3.12/site-packages/airflow/example_dags/tutorial_taskflow_api.py
[2025-04-10T14:20:44.490+0000] {logging_mixin.py:188} INFO - [2025-04-10T14:20:44.489+0000] {dag.py:3096} INFO - Sync 1 DAGs
[2025-04-10T14:20:44.512+0000] {logging_mixin.py:188} INFO - [2025-04-10T14:20:44.512+0000] {dag.py:3954} INFO - Setting next_dagrun for tutorial_taskflow_api to None, run_after=None
[2025-04-10T14:20:44.547+0000] {processor.py:183} INFO - Processing /home/airflow/.local/lib/python3.12/site-packages/airflow/example_dags/tutorial_taskflow_api.py took 0.117 seconds
