[2025-04-10T13:55:01.844+0000] {processor.py:161} INFO - Started process (PID=654) to work on /opt/airflow/dags/data_processing_dag.py
[2025-04-10T13:55:01.846+0000] {processor.py:830} INFO - Processing file /opt/airflow/dags/data_processing_dag.py for tasks to queue
[2025-04-10T13:55:01.849+0000] {logging_mixin.py:188} INFO - [2025-04-10T13:55:01.848+0000] {dagbag.py:540} INFO - Filling up the DagBag from /opt/airflow/dags/data_processing_dag.py
[2025-04-10T13:55:02.663+0000] {processor.py:840} INFO - DAG(s) 'data_processing_pipeline' retrieved from /opt/airflow/dags/data_processing_dag.py
[2025-04-10T13:55:02.850+0000] {logging_mixin.py:188} INFO - [2025-04-10T13:55:02.849+0000] {override.py:1829} INFO - Created Permission View: can edit on DAG:data_processing_pipeline
[2025-04-10T13:55:02.872+0000] {logging_mixin.py:188} INFO - [2025-04-10T13:55:02.871+0000] {override.py:1829} INFO - Created Permission View: can delete on DAG:data_processing_pipeline
[2025-04-10T13:55:02.886+0000] {logging_mixin.py:188} INFO - [2025-04-10T13:55:02.885+0000] {override.py:1829} INFO - Created Permission View: can read on DAG:data_processing_pipeline
[2025-04-10T13:55:02.888+0000] {logging_mixin.py:188} INFO - [2025-04-10T13:55:02.887+0000] {dag.py:3096} INFO - Sync 1 DAGs
[2025-04-10T13:55:02.909+0000] {logging_mixin.py:188} INFO - [2025-04-10T13:55:02.908+0000] {dag.py:3118} INFO - Creating ORM DAG for data_processing_pipeline
[2025-04-10T13:55:02.926+0000] {logging_mixin.py:188} INFO - [2025-04-10T13:55:02.925+0000] {dag.py:3954} INFO - Setting next_dagrun for data_processing_pipeline to 2025-04-10 00:00:00+00:00, run_after=2025-04-11 00:00:00+00:00
[2025-04-10T13:55:02.955+0000] {processor.py:183} INFO - Processing /opt/airflow/dags/data_processing_dag.py took 1.123 seconds
[2025-04-10T13:55:33.369+0000] {processor.py:161} INFO - Started process (PID=714) to work on /opt/airflow/dags/data_processing_dag.py
[2025-04-10T13:55:33.371+0000] {processor.py:830} INFO - Processing file /opt/airflow/dags/data_processing_dag.py for tasks to queue
[2025-04-10T13:55:33.374+0000] {logging_mixin.py:188} INFO - [2025-04-10T13:55:33.373+0000] {dagbag.py:540} INFO - Filling up the DagBag from /opt/airflow/dags/data_processing_dag.py
[2025-04-10T13:55:34.150+0000] {processor.py:840} INFO - DAG(s) 'data_processing_pipeline' retrieved from /opt/airflow/dags/data_processing_dag.py
[2025-04-10T13:55:34.183+0000] {logging_mixin.py:188} INFO - [2025-04-10T13:55:34.182+0000] {dag.py:3096} INFO - Sync 1 DAGs
[2025-04-10T13:55:34.220+0000] {logging_mixin.py:188} INFO - [2025-04-10T13:55:34.220+0000] {dag.py:3954} INFO - Setting next_dagrun for data_processing_pipeline to 2025-04-10 00:00:00+00:00, run_after=2025-04-11 00:00:00+00:00
[2025-04-10T13:55:34.256+0000] {processor.py:183} INFO - Processing /opt/airflow/dags/data_processing_dag.py took 0.896 seconds
[2025-04-10T13:56:04.550+0000] {processor.py:161} INFO - Started process (PID=774) to work on /opt/airflow/dags/data_processing_dag.py
[2025-04-10T13:56:04.551+0000] {processor.py:830} INFO - Processing file /opt/airflow/dags/data_processing_dag.py for tasks to queue
[2025-04-10T13:56:04.554+0000] {logging_mixin.py:188} INFO - [2025-04-10T13:56:04.553+0000] {dagbag.py:540} INFO - Filling up the DagBag from /opt/airflow/dags/data_processing_dag.py
[2025-04-10T13:56:05.334+0000] {processor.py:840} INFO - DAG(s) 'data_processing_pipeline' retrieved from /opt/airflow/dags/data_processing_dag.py
[2025-04-10T13:56:05.364+0000] {logging_mixin.py:188} INFO - [2025-04-10T13:56:05.363+0000] {dag.py:3096} INFO - Sync 1 DAGs
[2025-04-10T13:56:05.399+0000] {logging_mixin.py:188} INFO - [2025-04-10T13:56:05.399+0000] {dag.py:3954} INFO - Setting next_dagrun for data_processing_pipeline to 2025-04-10 00:00:00+00:00, run_after=2025-04-11 00:00:00+00:00
[2025-04-10T13:56:05.431+0000] {processor.py:183} INFO - Processing /opt/airflow/dags/data_processing_dag.py took 0.892 seconds
[2025-04-10T13:56:35.554+0000] {processor.py:161} INFO - Started process (PID=834) to work on /opt/airflow/dags/data_processing_dag.py
[2025-04-10T13:56:35.556+0000] {processor.py:830} INFO - Processing file /opt/airflow/dags/data_processing_dag.py for tasks to queue
[2025-04-10T13:56:35.559+0000] {logging_mixin.py:188} INFO - [2025-04-10T13:56:35.559+0000] {dagbag.py:540} INFO - Filling up the DagBag from /opt/airflow/dags/data_processing_dag.py
[2025-04-10T13:56:36.409+0000] {processor.py:840} INFO - DAG(s) 'data_processing_pipeline' retrieved from /opt/airflow/dags/data_processing_dag.py
[2025-04-10T13:56:36.441+0000] {logging_mixin.py:188} INFO - [2025-04-10T13:56:36.440+0000] {dag.py:3096} INFO - Sync 1 DAGs
[2025-04-10T13:56:36.479+0000] {logging_mixin.py:188} INFO - [2025-04-10T13:56:36.478+0000] {dag.py:3954} INFO - Setting next_dagrun for data_processing_pipeline to 2025-04-10 00:00:00+00:00, run_after=2025-04-11 00:00:00+00:00
[2025-04-10T13:56:36.513+0000] {processor.py:183} INFO - Processing /opt/airflow/dags/data_processing_dag.py took 0.968 seconds
[2025-04-10T13:57:06.973+0000] {processor.py:161} INFO - Started process (PID=894) to work on /opt/airflow/dags/data_processing_dag.py
[2025-04-10T13:57:06.975+0000] {processor.py:830} INFO - Processing file /opt/airflow/dags/data_processing_dag.py for tasks to queue
[2025-04-10T13:57:06.979+0000] {logging_mixin.py:188} INFO - [2025-04-10T13:57:06.978+0000] {dagbag.py:540} INFO - Filling up the DagBag from /opt/airflow/dags/data_processing_dag.py
[2025-04-10T13:57:07.825+0000] {processor.py:840} INFO - DAG(s) 'data_processing_pipeline' retrieved from /opt/airflow/dags/data_processing_dag.py
[2025-04-10T13:57:07.856+0000] {logging_mixin.py:188} INFO - [2025-04-10T13:57:07.856+0000] {dag.py:3096} INFO - Sync 1 DAGs
[2025-04-10T13:57:07.892+0000] {logging_mixin.py:188} INFO - [2025-04-10T13:57:07.892+0000] {dag.py:3954} INFO - Setting next_dagrun for data_processing_pipeline to 2025-04-10 00:00:00+00:00, run_after=2025-04-11 00:00:00+00:00
[2025-04-10T13:57:07.924+0000] {processor.py:183} INFO - Processing /opt/airflow/dags/data_processing_dag.py took 0.960 seconds
[2025-04-10T13:57:38.231+0000] {processor.py:161} INFO - Started process (PID=954) to work on /opt/airflow/dags/data_processing_dag.py
[2025-04-10T13:57:38.233+0000] {processor.py:830} INFO - Processing file /opt/airflow/dags/data_processing_dag.py for tasks to queue
[2025-04-10T13:57:38.236+0000] {logging_mixin.py:188} INFO - [2025-04-10T13:57:38.235+0000] {dagbag.py:540} INFO - Filling up the DagBag from /opt/airflow/dags/data_processing_dag.py
[2025-04-10T13:57:39.001+0000] {processor.py:840} INFO - DAG(s) 'data_processing_pipeline' retrieved from /opt/airflow/dags/data_processing_dag.py
[2025-04-10T13:57:39.032+0000] {logging_mixin.py:188} INFO - [2025-04-10T13:57:39.031+0000] {dag.py:3096} INFO - Sync 1 DAGs
[2025-04-10T13:57:39.065+0000] {logging_mixin.py:188} INFO - [2025-04-10T13:57:39.065+0000] {dag.py:3954} INFO - Setting next_dagrun for data_processing_pipeline to 2025-04-10 00:00:00+00:00, run_after=2025-04-11 00:00:00+00:00
[2025-04-10T13:57:39.099+0000] {processor.py:183} INFO - Processing /opt/airflow/dags/data_processing_dag.py took 0.877 seconds
[2025-04-10T13:58:09.204+0000] {processor.py:161} INFO - Started process (PID=1014) to work on /opt/airflow/dags/data_processing_dag.py
[2025-04-10T13:58:09.207+0000] {processor.py:830} INFO - Processing file /opt/airflow/dags/data_processing_dag.py for tasks to queue
[2025-04-10T13:58:09.211+0000] {logging_mixin.py:188} INFO - [2025-04-10T13:58:09.211+0000] {dagbag.py:540} INFO - Filling up the DagBag from /opt/airflow/dags/data_processing_dag.py
[2025-04-10T13:58:10.024+0000] {processor.py:840} INFO - DAG(s) 'data_processing_pipeline' retrieved from /opt/airflow/dags/data_processing_dag.py
[2025-04-10T13:58:10.054+0000] {logging_mixin.py:188} INFO - [2025-04-10T13:58:10.053+0000] {dag.py:3096} INFO - Sync 1 DAGs
[2025-04-10T13:58:10.086+0000] {logging_mixin.py:188} INFO - [2025-04-10T13:58:10.085+0000] {dag.py:3954} INFO - Setting next_dagrun for data_processing_pipeline to 2025-04-10 00:00:00+00:00, run_after=2025-04-11 00:00:00+00:00
[2025-04-10T13:58:10.119+0000] {processor.py:183} INFO - Processing /opt/airflow/dags/data_processing_dag.py took 0.930 seconds
[2025-04-10T13:58:40.302+0000] {processor.py:161} INFO - Started process (PID=1074) to work on /opt/airflow/dags/data_processing_dag.py
[2025-04-10T13:58:40.304+0000] {processor.py:830} INFO - Processing file /opt/airflow/dags/data_processing_dag.py for tasks to queue
[2025-04-10T13:58:40.307+0000] {logging_mixin.py:188} INFO - [2025-04-10T13:58:40.306+0000] {dagbag.py:540} INFO - Filling up the DagBag from /opt/airflow/dags/data_processing_dag.py
[2025-04-10T13:58:41.362+0000] {processor.py:840} INFO - DAG(s) 'data_processing_pipeline' retrieved from /opt/airflow/dags/data_processing_dag.py
[2025-04-10T13:58:41.394+0000] {logging_mixin.py:188} INFO - [2025-04-10T13:58:41.393+0000] {dag.py:3096} INFO - Sync 1 DAGs
[2025-04-10T13:58:41.432+0000] {logging_mixin.py:188} INFO - [2025-04-10T13:58:41.432+0000] {dag.py:3954} INFO - Setting next_dagrun for data_processing_pipeline to 2025-04-10 00:00:00+00:00, run_after=2025-04-11 00:00:00+00:00
[2025-04-10T13:58:41.465+0000] {processor.py:183} INFO - Processing /opt/airflow/dags/data_processing_dag.py took 1.173 seconds
[2025-04-10T13:59:11.885+0000] {processor.py:161} INFO - Started process (PID=1135) to work on /opt/airflow/dags/data_processing_dag.py
[2025-04-10T13:59:11.887+0000] {processor.py:830} INFO - Processing file /opt/airflow/dags/data_processing_dag.py for tasks to queue
[2025-04-10T13:59:11.892+0000] {logging_mixin.py:188} INFO - [2025-04-10T13:59:11.892+0000] {dagbag.py:540} INFO - Filling up the DagBag from /opt/airflow/dags/data_processing_dag.py
[2025-04-10T13:59:13.164+0000] {processor.py:840} INFO - DAG(s) 'data_processing_pipeline' retrieved from /opt/airflow/dags/data_processing_dag.py
[2025-04-10T13:59:13.198+0000] {logging_mixin.py:188} INFO - [2025-04-10T13:59:13.197+0000] {dag.py:3096} INFO - Sync 1 DAGs
[2025-04-10T13:59:13.241+0000] {logging_mixin.py:188} INFO - [2025-04-10T13:59:13.241+0000] {dag.py:3954} INFO - Setting next_dagrun for data_processing_pipeline to 2025-04-10 00:00:00+00:00, run_after=2025-04-11 00:00:00+00:00
[2025-04-10T13:59:13.278+0000] {processor.py:183} INFO - Processing /opt/airflow/dags/data_processing_dag.py took 1.411 seconds
[2025-04-10T13:59:43.474+0000] {processor.py:161} INFO - Started process (PID=1197) to work on /opt/airflow/dags/data_processing_dag.py
[2025-04-10T13:59:43.476+0000] {processor.py:830} INFO - Processing file /opt/airflow/dags/data_processing_dag.py for tasks to queue
[2025-04-10T13:59:43.479+0000] {logging_mixin.py:188} INFO - [2025-04-10T13:59:43.478+0000] {dagbag.py:540} INFO - Filling up the DagBag from /opt/airflow/dags/data_processing_dag.py
[2025-04-10T13:59:44.272+0000] {processor.py:840} INFO - DAG(s) 'data_processing_pipeline' retrieved from /opt/airflow/dags/data_processing_dag.py
[2025-04-10T13:59:44.302+0000] {logging_mixin.py:188} INFO - [2025-04-10T13:59:44.301+0000] {dag.py:3096} INFO - Sync 1 DAGs
[2025-04-10T13:59:44.334+0000] {logging_mixin.py:188} INFO - [2025-04-10T13:59:44.334+0000] {dag.py:3954} INFO - Setting next_dagrun for data_processing_pipeline to 2025-04-10 00:00:00+00:00, run_after=2025-04-11 00:00:00+00:00
[2025-04-10T13:59:44.368+0000] {processor.py:183} INFO - Processing /opt/airflow/dags/data_processing_dag.py took 0.904 seconds
[2025-04-10T14:00:15.147+0000] {processor.py:161} INFO - Started process (PID=1258) to work on /opt/airflow/dags/data_processing_dag.py
[2025-04-10T14:00:15.149+0000] {processor.py:830} INFO - Processing file /opt/airflow/dags/data_processing_dag.py for tasks to queue
[2025-04-10T14:00:15.153+0000] {logging_mixin.py:188} INFO - [2025-04-10T14:00:15.152+0000] {dagbag.py:540} INFO - Filling up the DagBag from /opt/airflow/dags/data_processing_dag.py
[2025-04-10T14:00:15.935+0000] {processor.py:840} INFO - DAG(s) 'data_processing_pipeline' retrieved from /opt/airflow/dags/data_processing_dag.py
[2025-04-10T14:00:15.966+0000] {logging_mixin.py:188} INFO - [2025-04-10T14:00:15.965+0000] {dag.py:3096} INFO - Sync 1 DAGs
[2025-04-10T14:00:16.002+0000] {logging_mixin.py:188} INFO - [2025-04-10T14:00:16.002+0000] {dag.py:3954} INFO - Setting next_dagrun for data_processing_pipeline to 2025-04-10 00:00:00+00:00, run_after=2025-04-11 00:00:00+00:00
[2025-04-10T14:00:16.033+0000] {processor.py:183} INFO - Processing /opt/airflow/dags/data_processing_dag.py took 0.898 seconds
[2025-04-10T14:00:46.256+0000] {processor.py:161} INFO - Started process (PID=1319) to work on /opt/airflow/dags/data_processing_dag.py
[2025-04-10T14:00:46.258+0000] {processor.py:830} INFO - Processing file /opt/airflow/dags/data_processing_dag.py for tasks to queue
[2025-04-10T14:00:46.261+0000] {logging_mixin.py:188} INFO - [2025-04-10T14:00:46.260+0000] {dagbag.py:540} INFO - Filling up the DagBag from /opt/airflow/dags/data_processing_dag.py
[2025-04-10T14:00:47.074+0000] {processor.py:840} INFO - DAG(s) 'data_processing_pipeline' retrieved from /opt/airflow/dags/data_processing_dag.py
[2025-04-10T14:00:47.102+0000] {logging_mixin.py:188} INFO - [2025-04-10T14:00:47.102+0000] {dag.py:3096} INFO - Sync 1 DAGs
[2025-04-10T14:00:47.136+0000] {logging_mixin.py:188} INFO - [2025-04-10T14:00:47.135+0000] {dag.py:3954} INFO - Setting next_dagrun for data_processing_pipeline to 2025-04-10 00:00:00+00:00, run_after=2025-04-11 00:00:00+00:00
[2025-04-10T14:00:47.168+0000] {processor.py:183} INFO - Processing /opt/airflow/dags/data_processing_dag.py took 0.921 seconds
[2025-04-10T14:01:17.593+0000] {processor.py:161} INFO - Started process (PID=1379) to work on /opt/airflow/dags/data_processing_dag.py
[2025-04-10T14:01:17.594+0000] {processor.py:830} INFO - Processing file /opt/airflow/dags/data_processing_dag.py for tasks to queue
[2025-04-10T14:01:17.597+0000] {logging_mixin.py:188} INFO - [2025-04-10T14:01:17.597+0000] {dagbag.py:540} INFO - Filling up the DagBag from /opt/airflow/dags/data_processing_dag.py
[2025-04-10T14:01:18.181+0000] {processor.py:840} INFO - DAG(s) 'data_processing_pipeline' retrieved from /opt/airflow/dags/data_processing_dag.py
[2025-04-10T14:01:18.223+0000] {logging_mixin.py:188} INFO - [2025-04-10T14:01:18.222+0000] {dag.py:3096} INFO - Sync 1 DAGs
[2025-04-10T14:01:18.266+0000] {logging_mixin.py:188} INFO - [2025-04-10T14:01:18.266+0000] {dag.py:3954} INFO - Setting next_dagrun for data_processing_pipeline to 2025-04-10 00:00:00+00:00, run_after=2025-04-11 00:00:00+00:00
[2025-04-10T14:01:18.305+0000] {processor.py:183} INFO - Processing /opt/airflow/dags/data_processing_dag.py took 0.723 seconds
[2025-04-10T14:01:48.592+0000] {processor.py:161} INFO - Started process (PID=1441) to work on /opt/airflow/dags/data_processing_dag.py
[2025-04-10T14:01:48.594+0000] {processor.py:830} INFO - Processing file /opt/airflow/dags/data_processing_dag.py for tasks to queue
[2025-04-10T14:01:48.596+0000] {logging_mixin.py:188} INFO - [2025-04-10T14:01:48.596+0000] {dagbag.py:540} INFO - Filling up the DagBag from /opt/airflow/dags/data_processing_dag.py
[2025-04-10T14:01:49.245+0000] {processor.py:840} INFO - DAG(s) 'data_processing_pipeline' retrieved from /opt/airflow/dags/data_processing_dag.py
[2025-04-10T14:01:49.284+0000] {logging_mixin.py:188} INFO - [2025-04-10T14:01:49.284+0000] {dag.py:3096} INFO - Sync 1 DAGs
[2025-04-10T14:01:49.327+0000] {logging_mixin.py:188} INFO - [2025-04-10T14:01:49.327+0000] {dag.py:3954} INFO - Setting next_dagrun for data_processing_pipeline to 2025-04-10 00:00:00+00:00, run_after=2025-04-11 00:00:00+00:00
[2025-04-10T14:01:49.360+0000] {processor.py:183} INFO - Processing /opt/airflow/dags/data_processing_dag.py took 0.778 seconds
[2025-04-10T14:02:19.731+0000] {processor.py:161} INFO - Started process (PID=1501) to work on /opt/airflow/dags/data_processing_dag.py
[2025-04-10T14:02:19.733+0000] {processor.py:830} INFO - Processing file /opt/airflow/dags/data_processing_dag.py for tasks to queue
[2025-04-10T14:02:19.736+0000] {logging_mixin.py:188} INFO - [2025-04-10T14:02:19.735+0000] {dagbag.py:540} INFO - Filling up the DagBag from /opt/airflow/dags/data_processing_dag.py
[2025-04-10T14:02:20.323+0000] {processor.py:840} INFO - DAG(s) 'data_processing_pipeline' retrieved from /opt/airflow/dags/data_processing_dag.py
[2025-04-10T14:02:20.357+0000] {logging_mixin.py:188} INFO - [2025-04-10T14:02:20.356+0000] {dag.py:3096} INFO - Sync 1 DAGs
[2025-04-10T14:02:20.408+0000] {logging_mixin.py:188} INFO - [2025-04-10T14:02:20.407+0000] {dag.py:3954} INFO - Setting next_dagrun for data_processing_pipeline to 2025-04-10 00:00:00+00:00, run_after=2025-04-11 00:00:00+00:00
[2025-04-10T14:02:20.449+0000] {processor.py:183} INFO - Processing /opt/airflow/dags/data_processing_dag.py took 0.728 seconds
[2025-04-10T14:02:50.862+0000] {processor.py:161} INFO - Started process (PID=1561) to work on /opt/airflow/dags/data_processing_dag.py
[2025-04-10T14:02:50.864+0000] {processor.py:830} INFO - Processing file /opt/airflow/dags/data_processing_dag.py for tasks to queue
[2025-04-10T14:02:50.870+0000] {logging_mixin.py:188} INFO - [2025-04-10T14:02:50.869+0000] {dagbag.py:540} INFO - Filling up the DagBag from /opt/airflow/dags/data_processing_dag.py
[2025-04-10T14:02:51.619+0000] {processor.py:840} INFO - DAG(s) 'data_processing_pipeline' retrieved from /opt/airflow/dags/data_processing_dag.py
[2025-04-10T14:02:51.649+0000] {logging_mixin.py:188} INFO - [2025-04-10T14:02:51.649+0000] {dag.py:3096} INFO - Sync 1 DAGs
[2025-04-10T14:02:51.688+0000] {logging_mixin.py:188} INFO - [2025-04-10T14:02:51.687+0000] {dag.py:3954} INFO - Setting next_dagrun for data_processing_pipeline to 2025-04-10 00:00:00+00:00, run_after=2025-04-11 00:00:00+00:00
[2025-04-10T14:02:51.718+0000] {processor.py:183} INFO - Processing /opt/airflow/dags/data_processing_dag.py took 0.870 seconds
[2025-04-10T14:03:21.993+0000] {processor.py:161} INFO - Started process (PID=1624) to work on /opt/airflow/dags/data_processing_dag.py
[2025-04-10T14:03:21.994+0000] {processor.py:830} INFO - Processing file /opt/airflow/dags/data_processing_dag.py for tasks to queue
[2025-04-10T14:03:21.998+0000] {logging_mixin.py:188} INFO - [2025-04-10T14:03:21.997+0000] {dagbag.py:540} INFO - Filling up the DagBag from /opt/airflow/dags/data_processing_dag.py
[2025-04-10T14:03:22.634+0000] {processor.py:840} INFO - DAG(s) 'data_processing_pipeline' retrieved from /opt/airflow/dags/data_processing_dag.py
[2025-04-10T14:03:22.665+0000] {logging_mixin.py:188} INFO - [2025-04-10T14:03:22.664+0000] {dag.py:3096} INFO - Sync 1 DAGs
[2025-04-10T14:03:22.703+0000] {logging_mixin.py:188} INFO - [2025-04-10T14:03:22.702+0000] {dag.py:3954} INFO - Setting next_dagrun for data_processing_pipeline to 2025-04-10 00:00:00+00:00, run_after=2025-04-11 00:00:00+00:00
[2025-04-10T14:03:22.738+0000] {processor.py:183} INFO - Processing /opt/airflow/dags/data_processing_dag.py took 0.755 seconds
[2025-04-10T14:03:52.945+0000] {processor.py:161} INFO - Started process (PID=1687) to work on /opt/airflow/dags/data_processing_dag.py
[2025-04-10T14:03:52.946+0000] {processor.py:830} INFO - Processing file /opt/airflow/dags/data_processing_dag.py for tasks to queue
[2025-04-10T14:03:52.949+0000] {logging_mixin.py:188} INFO - [2025-04-10T14:03:52.949+0000] {dagbag.py:540} INFO - Filling up the DagBag from /opt/airflow/dags/data_processing_dag.py
[2025-04-10T14:03:53.556+0000] {processor.py:840} INFO - DAG(s) 'data_processing_pipeline' retrieved from /opt/airflow/dags/data_processing_dag.py
[2025-04-10T14:03:53.593+0000] {logging_mixin.py:188} INFO - [2025-04-10T14:03:53.592+0000] {dag.py:3096} INFO - Sync 1 DAGs
[2025-04-10T14:03:53.632+0000] {logging_mixin.py:188} INFO - [2025-04-10T14:03:53.632+0000] {dag.py:3954} INFO - Setting next_dagrun for data_processing_pipeline to 2025-04-10 00:00:00+00:00, run_after=2025-04-11 00:00:00+00:00
[2025-04-10T14:03:53.667+0000] {processor.py:183} INFO - Processing /opt/airflow/dags/data_processing_dag.py took 0.732 seconds
[2025-04-10T14:04:23.957+0000] {processor.py:161} INFO - Started process (PID=1749) to work on /opt/airflow/dags/data_processing_dag.py
[2025-04-10T14:04:23.958+0000] {processor.py:830} INFO - Processing file /opt/airflow/dags/data_processing_dag.py for tasks to queue
[2025-04-10T14:04:23.961+0000] {logging_mixin.py:188} INFO - [2025-04-10T14:04:23.961+0000] {dagbag.py:540} INFO - Filling up the DagBag from /opt/airflow/dags/data_processing_dag.py
[2025-04-10T14:04:24.538+0000] {processor.py:840} INFO - DAG(s) 'data_processing_pipeline' retrieved from /opt/airflow/dags/data_processing_dag.py
[2025-04-10T14:04:24.568+0000] {logging_mixin.py:188} INFO - [2025-04-10T14:04:24.568+0000] {dag.py:3096} INFO - Sync 1 DAGs
[2025-04-10T14:04:24.605+0000] {logging_mixin.py:188} INFO - [2025-04-10T14:04:24.604+0000] {dag.py:3954} INFO - Setting next_dagrun for data_processing_pipeline to 2025-04-10 00:00:00+00:00, run_after=2025-04-11 00:00:00+00:00
[2025-04-10T14:04:24.640+0000] {processor.py:183} INFO - Processing /opt/airflow/dags/data_processing_dag.py took 0.693 seconds
[2025-04-10T14:04:54.846+0000] {processor.py:161} INFO - Started process (PID=1812) to work on /opt/airflow/dags/data_processing_dag.py
[2025-04-10T14:04:54.847+0000] {processor.py:830} INFO - Processing file /opt/airflow/dags/data_processing_dag.py for tasks to queue
[2025-04-10T14:04:54.850+0000] {logging_mixin.py:188} INFO - [2025-04-10T14:04:54.850+0000] {dagbag.py:540} INFO - Filling up the DagBag from /opt/airflow/dags/data_processing_dag.py
[2025-04-10T14:04:55.415+0000] {processor.py:840} INFO - DAG(s) 'data_processing_pipeline' retrieved from /opt/airflow/dags/data_processing_dag.py
[2025-04-10T14:04:55.446+0000] {logging_mixin.py:188} INFO - [2025-04-10T14:04:55.445+0000] {dag.py:3096} INFO - Sync 1 DAGs
[2025-04-10T14:04:55.482+0000] {logging_mixin.py:188} INFO - [2025-04-10T14:04:55.481+0000] {dag.py:3954} INFO - Setting next_dagrun for data_processing_pipeline to 2025-04-10 00:00:00+00:00, run_after=2025-04-11 00:00:00+00:00
[2025-04-10T14:04:55.514+0000] {processor.py:183} INFO - Processing /opt/airflow/dags/data_processing_dag.py took 0.677 seconds
[2025-04-10T14:05:25.716+0000] {processor.py:161} INFO - Started process (PID=1875) to work on /opt/airflow/dags/data_processing_dag.py
[2025-04-10T14:05:25.718+0000] {processor.py:830} INFO - Processing file /opt/airflow/dags/data_processing_dag.py for tasks to queue
[2025-04-10T14:05:25.721+0000] {logging_mixin.py:188} INFO - [2025-04-10T14:05:25.721+0000] {dagbag.py:540} INFO - Filling up the DagBag from /opt/airflow/dags/data_processing_dag.py
[2025-04-10T14:05:26.285+0000] {processor.py:840} INFO - DAG(s) 'data_processing_pipeline' retrieved from /opt/airflow/dags/data_processing_dag.py
[2025-04-10T14:05:26.316+0000] {logging_mixin.py:188} INFO - [2025-04-10T14:05:26.315+0000] {dag.py:3096} INFO - Sync 1 DAGs
[2025-04-10T14:05:26.354+0000] {logging_mixin.py:188} INFO - [2025-04-10T14:05:26.354+0000] {dag.py:3954} INFO - Setting next_dagrun for data_processing_pipeline to 2025-04-10 00:00:00+00:00, run_after=2025-04-11 00:00:00+00:00
[2025-04-10T14:05:26.391+0000] {processor.py:183} INFO - Processing /opt/airflow/dags/data_processing_dag.py took 0.684 seconds
[2025-04-10T14:05:56.579+0000] {processor.py:161} INFO - Started process (PID=1938) to work on /opt/airflow/dags/data_processing_dag.py
[2025-04-10T14:05:56.581+0000] {processor.py:830} INFO - Processing file /opt/airflow/dags/data_processing_dag.py for tasks to queue
[2025-04-10T14:05:56.583+0000] {logging_mixin.py:188} INFO - [2025-04-10T14:05:56.583+0000] {dagbag.py:540} INFO - Filling up the DagBag from /opt/airflow/dags/data_processing_dag.py
[2025-04-10T14:05:57.161+0000] {processor.py:840} INFO - DAG(s) 'data_processing_pipeline' retrieved from /opt/airflow/dags/data_processing_dag.py
[2025-04-10T14:05:57.193+0000] {logging_mixin.py:188} INFO - [2025-04-10T14:05:57.192+0000] {dag.py:3096} INFO - Sync 1 DAGs
[2025-04-10T14:05:57.229+0000] {logging_mixin.py:188} INFO - [2025-04-10T14:05:57.229+0000] {dag.py:3954} INFO - Setting next_dagrun for data_processing_pipeline to 2025-04-10 00:00:00+00:00, run_after=2025-04-11 00:00:00+00:00
[2025-04-10T14:05:57.261+0000] {processor.py:183} INFO - Processing /opt/airflow/dags/data_processing_dag.py took 0.692 seconds
[2025-04-10T14:06:27.365+0000] {processor.py:161} INFO - Started process (PID=2001) to work on /opt/airflow/dags/data_processing_dag.py
[2025-04-10T14:06:27.366+0000] {processor.py:830} INFO - Processing file /opt/airflow/dags/data_processing_dag.py for tasks to queue
[2025-04-10T14:06:27.369+0000] {logging_mixin.py:188} INFO - [2025-04-10T14:06:27.368+0000] {dagbag.py:540} INFO - Filling up the DagBag from /opt/airflow/dags/data_processing_dag.py
[2025-04-10T14:06:27.934+0000] {processor.py:840} INFO - DAG(s) 'data_processing_pipeline' retrieved from /opt/airflow/dags/data_processing_dag.py
[2025-04-10T14:06:27.970+0000] {logging_mixin.py:188} INFO - [2025-04-10T14:06:27.969+0000] {dag.py:3096} INFO - Sync 1 DAGs
[2025-04-10T14:06:28.010+0000] {logging_mixin.py:188} INFO - [2025-04-10T14:06:28.009+0000] {dag.py:3954} INFO - Setting next_dagrun for data_processing_pipeline to 2025-04-10 00:00:00+00:00, run_after=2025-04-11 00:00:00+00:00
[2025-04-10T14:06:28.046+0000] {processor.py:183} INFO - Processing /opt/airflow/dags/data_processing_dag.py took 0.691 seconds
[2025-04-10T14:06:58.388+0000] {processor.py:161} INFO - Started process (PID=2061) to work on /opt/airflow/dags/data_processing_dag.py
[2025-04-10T14:06:58.389+0000] {processor.py:830} INFO - Processing file /opt/airflow/dags/data_processing_dag.py for tasks to queue
[2025-04-10T14:06:58.392+0000] {logging_mixin.py:188} INFO - [2025-04-10T14:06:58.391+0000] {dagbag.py:540} INFO - Filling up the DagBag from /opt/airflow/dags/data_processing_dag.py
[2025-04-10T14:06:58.979+0000] {processor.py:840} INFO - DAG(s) 'data_processing_pipeline' retrieved from /opt/airflow/dags/data_processing_dag.py
[2025-04-10T14:06:59.018+0000] {logging_mixin.py:188} INFO - [2025-04-10T14:06:59.017+0000] {dag.py:3096} INFO - Sync 1 DAGs
[2025-04-10T14:06:59.056+0000] {logging_mixin.py:188} INFO - [2025-04-10T14:06:59.056+0000] {dag.py:3954} INFO - Setting next_dagrun for data_processing_pipeline to 2025-04-10 00:00:00+00:00, run_after=2025-04-11 00:00:00+00:00
[2025-04-10T14:06:59.091+0000] {processor.py:183} INFO - Processing /opt/airflow/dags/data_processing_dag.py took 0.713 seconds
[2025-04-10T14:07:29.339+0000] {processor.py:161} INFO - Started process (PID=2124) to work on /opt/airflow/dags/data_processing_dag.py
[2025-04-10T14:07:29.340+0000] {processor.py:830} INFO - Processing file /opt/airflow/dags/data_processing_dag.py for tasks to queue
[2025-04-10T14:07:29.343+0000] {logging_mixin.py:188} INFO - [2025-04-10T14:07:29.343+0000] {dagbag.py:540} INFO - Filling up the DagBag from /opt/airflow/dags/data_processing_dag.py
[2025-04-10T14:07:29.916+0000] {processor.py:840} INFO - DAG(s) 'data_processing_pipeline' retrieved from /opt/airflow/dags/data_processing_dag.py
[2025-04-10T14:07:29.949+0000] {logging_mixin.py:188} INFO - [2025-04-10T14:07:29.948+0000] {dag.py:3096} INFO - Sync 1 DAGs
[2025-04-10T14:07:29.986+0000] {logging_mixin.py:188} INFO - [2025-04-10T14:07:29.986+0000] {dag.py:3954} INFO - Setting next_dagrun for data_processing_pipeline to 2025-04-10 00:00:00+00:00, run_after=2025-04-11 00:00:00+00:00
[2025-04-10T14:07:30.021+0000] {processor.py:183} INFO - Processing /opt/airflow/dags/data_processing_dag.py took 0.692 seconds
[2025-04-10T14:08:00.238+0000] {processor.py:161} INFO - Started process (PID=2193) to work on /opt/airflow/dags/data_processing_dag.py
[2025-04-10T14:08:00.239+0000] {processor.py:830} INFO - Processing file /opt/airflow/dags/data_processing_dag.py for tasks to queue
[2025-04-10T14:08:00.242+0000] {logging_mixin.py:188} INFO - [2025-04-10T14:08:00.242+0000] {dagbag.py:540} INFO - Filling up the DagBag from /opt/airflow/dags/data_processing_dag.py
[2025-04-10T14:08:00.854+0000] {processor.py:840} INFO - DAG(s) 'data_processing_pipeline' retrieved from /opt/airflow/dags/data_processing_dag.py
[2025-04-10T14:08:00.891+0000] {logging_mixin.py:188} INFO - [2025-04-10T14:08:00.890+0000] {dag.py:3096} INFO - Sync 1 DAGs
[2025-04-10T14:08:00.930+0000] {logging_mixin.py:188} INFO - [2025-04-10T14:08:00.929+0000] {dag.py:3954} INFO - Setting next_dagrun for data_processing_pipeline to 2025-04-10 00:00:00+00:00, run_after=2025-04-11 00:00:00+00:00
[2025-04-10T14:08:00.970+0000] {processor.py:183} INFO - Processing /opt/airflow/dags/data_processing_dag.py took 0.742 seconds
[2025-04-10T14:08:31.155+0000] {processor.py:161} INFO - Started process (PID=2256) to work on /opt/airflow/dags/data_processing_dag.py
[2025-04-10T14:08:31.156+0000] {processor.py:830} INFO - Processing file /opt/airflow/dags/data_processing_dag.py for tasks to queue
[2025-04-10T14:08:31.159+0000] {logging_mixin.py:188} INFO - [2025-04-10T14:08:31.158+0000] {dagbag.py:540} INFO - Filling up the DagBag from /opt/airflow/dags/data_processing_dag.py
[2025-04-10T14:08:31.723+0000] {processor.py:840} INFO - DAG(s) 'data_processing_pipeline' retrieved from /opt/airflow/dags/data_processing_dag.py
[2025-04-10T14:08:31.756+0000] {logging_mixin.py:188} INFO - [2025-04-10T14:08:31.756+0000] {dag.py:3096} INFO - Sync 1 DAGs
[2025-04-10T14:08:31.791+0000] {logging_mixin.py:188} INFO - [2025-04-10T14:08:31.791+0000] {dag.py:3954} INFO - Setting next_dagrun for data_processing_pipeline to 2025-04-10 00:00:00+00:00, run_after=2025-04-11 00:00:00+00:00
[2025-04-10T14:08:31.827+0000] {processor.py:183} INFO - Processing /opt/airflow/dags/data_processing_dag.py took 0.682 seconds
[2025-04-10T14:09:02.066+0000] {processor.py:161} INFO - Started process (PID=2319) to work on /opt/airflow/dags/data_processing_dag.py
[2025-04-10T14:09:02.068+0000] {processor.py:830} INFO - Processing file /opt/airflow/dags/data_processing_dag.py for tasks to queue
[2025-04-10T14:09:02.071+0000] {logging_mixin.py:188} INFO - [2025-04-10T14:09:02.070+0000] {dagbag.py:540} INFO - Filling up the DagBag from /opt/airflow/dags/data_processing_dag.py
[2025-04-10T14:09:02.657+0000] {processor.py:840} INFO - DAG(s) 'data_processing_pipeline' retrieved from /opt/airflow/dags/data_processing_dag.py
[2025-04-10T14:09:02.688+0000] {logging_mixin.py:188} INFO - [2025-04-10T14:09:02.687+0000] {dag.py:3096} INFO - Sync 1 DAGs
[2025-04-10T14:09:02.726+0000] {logging_mixin.py:188} INFO - [2025-04-10T14:09:02.726+0000] {dag.py:3954} INFO - Setting next_dagrun for data_processing_pipeline to 2025-04-10 00:00:00+00:00, run_after=2025-04-11 00:00:00+00:00
[2025-04-10T14:09:02.760+0000] {processor.py:183} INFO - Processing /opt/airflow/dags/data_processing_dag.py took 0.706 seconds
[2025-04-10T14:09:32.962+0000] {processor.py:161} INFO - Started process (PID=2382) to work on /opt/airflow/dags/data_processing_dag.py
[2025-04-10T14:09:32.964+0000] {processor.py:830} INFO - Processing file /opt/airflow/dags/data_processing_dag.py for tasks to queue
[2025-04-10T14:09:32.967+0000] {logging_mixin.py:188} INFO - [2025-04-10T14:09:32.966+0000] {dagbag.py:540} INFO - Filling up the DagBag from /opt/airflow/dags/data_processing_dag.py
[2025-04-10T14:09:33.540+0000] {processor.py:840} INFO - DAG(s) 'data_processing_pipeline' retrieved from /opt/airflow/dags/data_processing_dag.py
[2025-04-10T14:09:33.574+0000] {logging_mixin.py:188} INFO - [2025-04-10T14:09:33.573+0000] {dag.py:3096} INFO - Sync 1 DAGs
[2025-04-10T14:09:33.613+0000] {logging_mixin.py:188} INFO - [2025-04-10T14:09:33.613+0000] {dag.py:3954} INFO - Setting next_dagrun for data_processing_pipeline to 2025-04-10 00:00:00+00:00, run_after=2025-04-11 00:00:00+00:00
[2025-04-10T14:09:33.647+0000] {processor.py:183} INFO - Processing /opt/airflow/dags/data_processing_dag.py took 0.695 seconds
[2025-04-10T14:10:04.115+0000] {processor.py:161} INFO - Started process (PID=2445) to work on /opt/airflow/dags/data_processing_dag.py
[2025-04-10T14:10:04.116+0000] {processor.py:830} INFO - Processing file /opt/airflow/dags/data_processing_dag.py for tasks to queue
[2025-04-10T14:10:04.119+0000] {logging_mixin.py:188} INFO - [2025-04-10T14:10:04.119+0000] {dagbag.py:540} INFO - Filling up the DagBag from /opt/airflow/dags/data_processing_dag.py
[2025-04-10T14:10:04.700+0000] {processor.py:840} INFO - DAG(s) 'data_processing_pipeline' retrieved from /opt/airflow/dags/data_processing_dag.py
[2025-04-10T14:10:04.731+0000] {logging_mixin.py:188} INFO - [2025-04-10T14:10:04.730+0000] {dag.py:3096} INFO - Sync 1 DAGs
[2025-04-10T14:10:04.772+0000] {logging_mixin.py:188} INFO - [2025-04-10T14:10:04.772+0000] {dag.py:3954} INFO - Setting next_dagrun for data_processing_pipeline to 2025-04-10 00:00:00+00:00, run_after=2025-04-11 00:00:00+00:00
[2025-04-10T14:10:04.808+0000] {processor.py:183} INFO - Processing /opt/airflow/dags/data_processing_dag.py took 0.702 seconds
[2025-04-10T14:10:34.918+0000] {processor.py:161} INFO - Started process (PID=2507) to work on /opt/airflow/dags/data_processing_dag.py
[2025-04-10T14:10:34.920+0000] {processor.py:830} INFO - Processing file /opt/airflow/dags/data_processing_dag.py for tasks to queue
[2025-04-10T14:10:34.923+0000] {logging_mixin.py:188} INFO - [2025-04-10T14:10:34.923+0000] {dagbag.py:540} INFO - Filling up the DagBag from /opt/airflow/dags/data_processing_dag.py
[2025-04-10T14:10:35.629+0000] {processor.py:840} INFO - DAG(s) 'data_processing_pipeline' retrieved from /opt/airflow/dags/data_processing_dag.py
[2025-04-10T14:10:35.663+0000] {logging_mixin.py:188} INFO - [2025-04-10T14:10:35.662+0000] {dag.py:3096} INFO - Sync 1 DAGs
[2025-04-10T14:10:35.702+0000] {logging_mixin.py:188} INFO - [2025-04-10T14:10:35.702+0000] {dag.py:3954} INFO - Setting next_dagrun for data_processing_pipeline to 2025-04-10 00:00:00+00:00, run_after=2025-04-11 00:00:00+00:00
[2025-04-10T14:10:35.735+0000] {processor.py:183} INFO - Processing /opt/airflow/dags/data_processing_dag.py took 0.826 seconds
[2025-04-10T14:11:06.602+0000] {processor.py:161} INFO - Started process (PID=2572) to work on /opt/airflow/dags/data_processing_dag.py
[2025-04-10T14:11:06.604+0000] {processor.py:830} INFO - Processing file /opt/airflow/dags/data_processing_dag.py for tasks to queue
[2025-04-10T14:11:06.607+0000] {logging_mixin.py:188} INFO - [2025-04-10T14:11:06.606+0000] {dagbag.py:540} INFO - Filling up the DagBag from /opt/airflow/dags/data_processing_dag.py
[2025-04-10T14:11:07.232+0000] {processor.py:840} INFO - DAG(s) 'data_processing_pipeline' retrieved from /opt/airflow/dags/data_processing_dag.py
[2025-04-10T14:11:07.268+0000] {logging_mixin.py:188} INFO - [2025-04-10T14:11:07.267+0000] {dag.py:3096} INFO - Sync 1 DAGs
[2025-04-10T14:11:07.306+0000] {logging_mixin.py:188} INFO - [2025-04-10T14:11:07.305+0000] {dag.py:3954} INFO - Setting next_dagrun for data_processing_pipeline to 2025-04-10 00:00:00+00:00, run_after=2025-04-11 00:00:00+00:00
[2025-04-10T14:11:07.338+0000] {processor.py:183} INFO - Processing /opt/airflow/dags/data_processing_dag.py took 0.746 seconds
[2025-04-10T14:11:38.287+0000] {processor.py:161} INFO - Started process (PID=2632) to work on /opt/airflow/dags/data_processing_dag.py
[2025-04-10T14:11:38.289+0000] {processor.py:830} INFO - Processing file /opt/airflow/dags/data_processing_dag.py for tasks to queue
[2025-04-10T14:11:38.292+0000] {logging_mixin.py:188} INFO - [2025-04-10T14:11:38.292+0000] {dagbag.py:540} INFO - Filling up the DagBag from /opt/airflow/dags/data_processing_dag.py
[2025-04-10T14:11:38.883+0000] {processor.py:840} INFO - DAG(s) 'data_processing_pipeline' retrieved from /opt/airflow/dags/data_processing_dag.py
[2025-04-10T14:11:38.920+0000] {logging_mixin.py:188} INFO - [2025-04-10T14:11:38.919+0000] {dag.py:3096} INFO - Sync 1 DAGs
[2025-04-10T14:11:38.958+0000] {logging_mixin.py:188} INFO - [2025-04-10T14:11:38.957+0000] {dag.py:3954} INFO - Setting next_dagrun for data_processing_pipeline to 2025-04-10 00:00:00+00:00, run_after=2025-04-11 00:00:00+00:00
[2025-04-10T14:11:38.991+0000] {processor.py:183} INFO - Processing /opt/airflow/dags/data_processing_dag.py took 0.714 seconds
[2025-04-10T14:12:09.212+0000] {processor.py:161} INFO - Started process (PID=2692) to work on /opt/airflow/dags/data_processing_dag.py
[2025-04-10T14:12:09.214+0000] {processor.py:830} INFO - Processing file /opt/airflow/dags/data_processing_dag.py for tasks to queue
[2025-04-10T14:12:09.217+0000] {logging_mixin.py:188} INFO - [2025-04-10T14:12:09.217+0000] {dagbag.py:540} INFO - Filling up the DagBag from /opt/airflow/dags/data_processing_dag.py
[2025-04-10T14:12:09.771+0000] {processor.py:840} INFO - DAG(s) 'data_processing_pipeline' retrieved from /opt/airflow/dags/data_processing_dag.py
[2025-04-10T14:12:09.806+0000] {logging_mixin.py:188} INFO - [2025-04-10T14:12:09.806+0000] {dag.py:3096} INFO - Sync 1 DAGs
[2025-04-10T14:12:09.844+0000] {logging_mixin.py:188} INFO - [2025-04-10T14:12:09.844+0000] {dag.py:3954} INFO - Setting next_dagrun for data_processing_pipeline to 2025-04-10 00:00:00+00:00, run_after=2025-04-11 00:00:00+00:00
[2025-04-10T14:12:09.881+0000] {processor.py:183} INFO - Processing /opt/airflow/dags/data_processing_dag.py took 0.679 seconds
[2025-04-10T14:12:40.451+0000] {processor.py:161} INFO - Started process (PID=2752) to work on /opt/airflow/dags/data_processing_dag.py
[2025-04-10T14:12:40.453+0000] {processor.py:830} INFO - Processing file /opt/airflow/dags/data_processing_dag.py for tasks to queue
[2025-04-10T14:12:40.455+0000] {logging_mixin.py:188} INFO - [2025-04-10T14:12:40.455+0000] {dagbag.py:540} INFO - Filling up the DagBag from /opt/airflow/dags/data_processing_dag.py
[2025-04-10T14:12:41.048+0000] {processor.py:840} INFO - DAG(s) 'data_processing_pipeline' retrieved from /opt/airflow/dags/data_processing_dag.py
[2025-04-10T14:12:41.081+0000] {logging_mixin.py:188} INFO - [2025-04-10T14:12:41.081+0000] {dag.py:3096} INFO - Sync 1 DAGs
[2025-04-10T14:12:41.118+0000] {logging_mixin.py:188} INFO - [2025-04-10T14:12:41.118+0000] {dag.py:3954} INFO - Setting next_dagrun for data_processing_pipeline to 2025-04-10 00:00:00+00:00, run_after=2025-04-11 00:00:00+00:00
[2025-04-10T14:12:41.151+0000] {processor.py:183} INFO - Processing /opt/airflow/dags/data_processing_dag.py took 0.710 seconds
[2025-04-10T14:13:12.096+0000] {processor.py:161} INFO - Started process (PID=2812) to work on /opt/airflow/dags/data_processing_dag.py
[2025-04-10T14:13:12.097+0000] {processor.py:830} INFO - Processing file /opt/airflow/dags/data_processing_dag.py for tasks to queue
[2025-04-10T14:13:12.100+0000] {logging_mixin.py:188} INFO - [2025-04-10T14:13:12.100+0000] {dagbag.py:540} INFO - Filling up the DagBag from /opt/airflow/dags/data_processing_dag.py
[2025-04-10T14:13:12.650+0000] {processor.py:840} INFO - DAG(s) 'data_processing_pipeline' retrieved from /opt/airflow/dags/data_processing_dag.py
[2025-04-10T14:13:12.684+0000] {logging_mixin.py:188} INFO - [2025-04-10T14:13:12.684+0000] {dag.py:3096} INFO - Sync 1 DAGs
[2025-04-10T14:13:12.727+0000] {logging_mixin.py:188} INFO - [2025-04-10T14:13:12.727+0000] {dag.py:3954} INFO - Setting next_dagrun for data_processing_pipeline to 2025-04-10 00:00:00+00:00, run_after=2025-04-11 00:00:00+00:00
[2025-04-10T14:13:12.763+0000] {processor.py:183} INFO - Processing /opt/airflow/dags/data_processing_dag.py took 0.678 seconds
[2025-04-10T14:13:42.834+0000] {processor.py:161} INFO - Started process (PID=2872) to work on /opt/airflow/dags/data_processing_dag.py
[2025-04-10T14:13:42.836+0000] {processor.py:830} INFO - Processing file /opt/airflow/dags/data_processing_dag.py for tasks to queue
[2025-04-10T14:13:42.840+0000] {logging_mixin.py:188} INFO - [2025-04-10T14:13:42.839+0000] {dagbag.py:540} INFO - Filling up the DagBag from /opt/airflow/dags/data_processing_dag.py
[2025-04-10T14:13:43.397+0000] {processor.py:840} INFO - DAG(s) 'data_processing_pipeline' retrieved from /opt/airflow/dags/data_processing_dag.py
[2025-04-10T14:13:43.452+0000] {logging_mixin.py:188} INFO - [2025-04-10T14:13:43.451+0000] {dag.py:3096} INFO - Sync 1 DAGs
[2025-04-10T14:13:43.496+0000] {logging_mixin.py:188} INFO - [2025-04-10T14:13:43.496+0000] {dag.py:3954} INFO - Setting next_dagrun for data_processing_pipeline to 2025-04-10 00:00:00+00:00, run_after=2025-04-11 00:00:00+00:00
[2025-04-10T14:13:43.530+0000] {processor.py:183} INFO - Processing /opt/airflow/dags/data_processing_dag.py took 0.706 seconds
[2025-04-10T14:14:14.344+0000] {processor.py:161} INFO - Started process (PID=2933) to work on /opt/airflow/dags/data_processing_dag.py
[2025-04-10T14:14:14.345+0000] {processor.py:830} INFO - Processing file /opt/airflow/dags/data_processing_dag.py for tasks to queue
[2025-04-10T14:14:14.349+0000] {logging_mixin.py:188} INFO - [2025-04-10T14:14:14.348+0000] {dagbag.py:540} INFO - Filling up the DagBag from /opt/airflow/dags/data_processing_dag.py
[2025-04-10T14:14:14.916+0000] {processor.py:840} INFO - DAG(s) 'data_processing_pipeline' retrieved from /opt/airflow/dags/data_processing_dag.py
[2025-04-10T14:14:14.954+0000] {logging_mixin.py:188} INFO - [2025-04-10T14:14:14.953+0000] {dag.py:3096} INFO - Sync 1 DAGs
[2025-04-10T14:14:14.994+0000] {logging_mixin.py:188} INFO - [2025-04-10T14:14:14.994+0000] {dag.py:3954} INFO - Setting next_dagrun for data_processing_pipeline to 2025-04-10 00:00:00+00:00, run_after=2025-04-11 00:00:00+00:00
[2025-04-10T14:14:15.033+0000] {processor.py:183} INFO - Processing /opt/airflow/dags/data_processing_dag.py took 0.699 seconds
[2025-04-10T14:14:45.470+0000] {processor.py:161} INFO - Started process (PID=2993) to work on /opt/airflow/dags/data_processing_dag.py
[2025-04-10T14:14:45.472+0000] {processor.py:830} INFO - Processing file /opt/airflow/dags/data_processing_dag.py for tasks to queue
[2025-04-10T14:14:45.476+0000] {logging_mixin.py:188} INFO - [2025-04-10T14:14:45.475+0000] {dagbag.py:540} INFO - Filling up the DagBag from /opt/airflow/dags/data_processing_dag.py
[2025-04-10T14:14:46.034+0000] {processor.py:840} INFO - DAG(s) 'data_processing_pipeline' retrieved from /opt/airflow/dags/data_processing_dag.py
[2025-04-10T14:14:46.066+0000] {logging_mixin.py:188} INFO - [2025-04-10T14:14:46.065+0000] {dag.py:3096} INFO - Sync 1 DAGs
[2025-04-10T14:14:46.102+0000] {logging_mixin.py:188} INFO - [2025-04-10T14:14:46.101+0000] {dag.py:3954} INFO - Setting next_dagrun for data_processing_pipeline to 2025-04-10 00:00:00+00:00, run_after=2025-04-11 00:00:00+00:00
[2025-04-10T14:14:46.138+0000] {processor.py:183} INFO - Processing /opt/airflow/dags/data_processing_dag.py took 0.678 seconds
[2025-04-10T14:15:16.251+0000] {processor.py:161} INFO - Started process (PID=3053) to work on /opt/airflow/dags/data_processing_dag.py
[2025-04-10T14:15:16.253+0000] {processor.py:830} INFO - Processing file /opt/airflow/dags/data_processing_dag.py for tasks to queue
[2025-04-10T14:15:16.256+0000] {logging_mixin.py:188} INFO - [2025-04-10T14:15:16.256+0000] {dagbag.py:540} INFO - Filling up the DagBag from /opt/airflow/dags/data_processing_dag.py
[2025-04-10T14:15:16.874+0000] {processor.py:840} INFO - DAG(s) 'data_processing_pipeline' retrieved from /opt/airflow/dags/data_processing_dag.py
[2025-04-10T14:15:16.914+0000] {logging_mixin.py:188} INFO - [2025-04-10T14:15:16.914+0000] {dag.py:3096} INFO - Sync 1 DAGs
[2025-04-10T14:15:16.953+0000] {logging_mixin.py:188} INFO - [2025-04-10T14:15:16.953+0000] {dag.py:3954} INFO - Setting next_dagrun for data_processing_pipeline to 2025-04-10 00:00:00+00:00, run_after=2025-04-11 00:00:00+00:00
[2025-04-10T14:15:16.993+0000] {processor.py:183} INFO - Processing /opt/airflow/dags/data_processing_dag.py took 0.752 seconds
[2025-04-10T14:15:47.972+0000] {processor.py:161} INFO - Started process (PID=3113) to work on /opt/airflow/dags/data_processing_dag.py
[2025-04-10T14:15:47.973+0000] {processor.py:830} INFO - Processing file /opt/airflow/dags/data_processing_dag.py for tasks to queue
[2025-04-10T14:15:47.976+0000] {logging_mixin.py:188} INFO - [2025-04-10T14:15:47.976+0000] {dagbag.py:540} INFO - Filling up the DagBag from /opt/airflow/dags/data_processing_dag.py
[2025-04-10T14:15:48.549+0000] {processor.py:840} INFO - DAG(s) 'data_processing_pipeline' retrieved from /opt/airflow/dags/data_processing_dag.py
[2025-04-10T14:15:48.581+0000] {logging_mixin.py:188} INFO - [2025-04-10T14:15:48.580+0000] {dag.py:3096} INFO - Sync 1 DAGs
[2025-04-10T14:15:48.616+0000] {logging_mixin.py:188} INFO - [2025-04-10T14:15:48.616+0000] {dag.py:3954} INFO - Setting next_dagrun for data_processing_pipeline to 2025-04-10 00:00:00+00:00, run_after=2025-04-11 00:00:00+00:00
[2025-04-10T14:15:48.648+0000] {processor.py:183} INFO - Processing /opt/airflow/dags/data_processing_dag.py took 0.687 seconds
[2025-04-10T14:16:18.724+0000] {processor.py:161} INFO - Started process (PID=3174) to work on /opt/airflow/dags/data_processing_dag.py
[2025-04-10T14:16:18.726+0000] {processor.py:830} INFO - Processing file /opt/airflow/dags/data_processing_dag.py for tasks to queue
[2025-04-10T14:16:18.729+0000] {logging_mixin.py:188} INFO - [2025-04-10T14:16:18.728+0000] {dagbag.py:540} INFO - Filling up the DagBag from /opt/airflow/dags/data_processing_dag.py
[2025-04-10T14:16:19.294+0000] {processor.py:840} INFO - DAG(s) 'data_processing_pipeline' retrieved from /opt/airflow/dags/data_processing_dag.py
[2025-04-10T14:16:19.325+0000] {logging_mixin.py:188} INFO - [2025-04-10T14:16:19.325+0000] {dag.py:3096} INFO - Sync 1 DAGs
[2025-04-10T14:16:19.364+0000] {logging_mixin.py:188} INFO - [2025-04-10T14:16:19.363+0000] {dag.py:3954} INFO - Setting next_dagrun for data_processing_pipeline to 2025-04-10 00:00:00+00:00, run_after=2025-04-11 00:00:00+00:00
[2025-04-10T14:16:19.402+0000] {processor.py:183} INFO - Processing /opt/airflow/dags/data_processing_dag.py took 0.688 seconds
[2025-04-10T14:16:49.649+0000] {processor.py:161} INFO - Started process (PID=3234) to work on /opt/airflow/dags/data_processing_dag.py
[2025-04-10T14:16:49.651+0000] {processor.py:830} INFO - Processing file /opt/airflow/dags/data_processing_dag.py for tasks to queue
[2025-04-10T14:16:49.654+0000] {logging_mixin.py:188} INFO - [2025-04-10T14:16:49.653+0000] {dagbag.py:540} INFO - Filling up the DagBag from /opt/airflow/dags/data_processing_dag.py
[2025-04-10T14:16:50.229+0000] {processor.py:840} INFO - DAG(s) 'data_processing_pipeline' retrieved from /opt/airflow/dags/data_processing_dag.py
[2025-04-10T14:16:50.262+0000] {logging_mixin.py:188} INFO - [2025-04-10T14:16:50.261+0000] {dag.py:3096} INFO - Sync 1 DAGs
[2025-04-10T14:16:50.296+0000] {logging_mixin.py:188} INFO - [2025-04-10T14:16:50.296+0000] {dag.py:3954} INFO - Setting next_dagrun for data_processing_pipeline to 2025-04-10 00:00:00+00:00, run_after=2025-04-11 00:00:00+00:00
[2025-04-10T14:16:50.574+0000] {processor.py:183} INFO - Processing /opt/airflow/dags/data_processing_dag.py took 0.936 seconds
[2025-04-10T14:17:20.873+0000] {processor.py:161} INFO - Started process (PID=3294) to work on /opt/airflow/dags/data_processing_dag.py
[2025-04-10T14:17:20.875+0000] {processor.py:830} INFO - Processing file /opt/airflow/dags/data_processing_dag.py for tasks to queue
[2025-04-10T14:17:20.879+0000] {logging_mixin.py:188} INFO - [2025-04-10T14:17:20.878+0000] {dagbag.py:540} INFO - Filling up the DagBag from /opt/airflow/dags/data_processing_dag.py
[2025-04-10T14:17:21.482+0000] {processor.py:840} INFO - DAG(s) 'data_processing_pipeline' retrieved from /opt/airflow/dags/data_processing_dag.py
[2025-04-10T14:17:21.533+0000] {logging_mixin.py:188} INFO - [2025-04-10T14:17:21.532+0000] {dag.py:3096} INFO - Sync 1 DAGs
[2025-04-10T14:17:21.633+0000] {logging_mixin.py:188} INFO - [2025-04-10T14:17:21.633+0000] {dag.py:3954} INFO - Setting next_dagrun for data_processing_pipeline to 2025-04-10 00:00:00+00:00, run_after=2025-04-11 00:00:00+00:00
[2025-04-10T14:17:21.694+0000] {processor.py:183} INFO - Processing /opt/airflow/dags/data_processing_dag.py took 0.831 seconds
[2025-04-10T14:17:51.925+0000] {processor.py:161} INFO - Started process (PID=3354) to work on /opt/airflow/dags/data_processing_dag.py
[2025-04-10T14:17:51.927+0000] {processor.py:830} INFO - Processing file /opt/airflow/dags/data_processing_dag.py for tasks to queue
[2025-04-10T14:17:51.930+0000] {logging_mixin.py:188} INFO - [2025-04-10T14:17:51.929+0000] {dagbag.py:540} INFO - Filling up the DagBag from /opt/airflow/dags/data_processing_dag.py
[2025-04-10T14:17:52.582+0000] {processor.py:840} INFO - DAG(s) 'data_processing_pipeline' retrieved from /opt/airflow/dags/data_processing_dag.py
[2025-04-10T14:17:52.621+0000] {logging_mixin.py:188} INFO - [2025-04-10T14:17:52.620+0000] {dag.py:3096} INFO - Sync 1 DAGs
[2025-04-10T14:17:52.664+0000] {logging_mixin.py:188} INFO - [2025-04-10T14:17:52.664+0000] {dag.py:3954} INFO - Setting next_dagrun for data_processing_pipeline to 2025-04-10 00:00:00+00:00, run_after=2025-04-11 00:00:00+00:00
[2025-04-10T14:17:52.699+0000] {processor.py:183} INFO - Processing /opt/airflow/dags/data_processing_dag.py took 0.784 seconds
[2025-04-10T14:18:22.869+0000] {processor.py:161} INFO - Started process (PID=3414) to work on /opt/airflow/dags/data_processing_dag.py
[2025-04-10T14:18:22.870+0000] {processor.py:830} INFO - Processing file /opt/airflow/dags/data_processing_dag.py for tasks to queue
[2025-04-10T14:18:22.873+0000] {logging_mixin.py:188} INFO - [2025-04-10T14:18:22.873+0000] {dagbag.py:540} INFO - Filling up the DagBag from /opt/airflow/dags/data_processing_dag.py
[2025-04-10T14:18:23.430+0000] {processor.py:840} INFO - DAG(s) 'data_processing_pipeline' retrieved from /opt/airflow/dags/data_processing_dag.py
[2025-04-10T14:18:23.464+0000] {logging_mixin.py:188} INFO - [2025-04-10T14:18:23.463+0000] {dag.py:3096} INFO - Sync 1 DAGs
[2025-04-10T14:18:23.499+0000] {logging_mixin.py:188} INFO - [2025-04-10T14:18:23.499+0000] {dag.py:3954} INFO - Setting next_dagrun for data_processing_pipeline to 2025-04-10 00:00:00+00:00, run_after=2025-04-11 00:00:00+00:00
[2025-04-10T14:18:23.538+0000] {processor.py:183} INFO - Processing /opt/airflow/dags/data_processing_dag.py took 0.680 seconds
[2025-04-10T14:18:53.648+0000] {processor.py:161} INFO - Started process (PID=3474) to work on /opt/airflow/dags/data_processing_dag.py
[2025-04-10T14:18:53.650+0000] {processor.py:830} INFO - Processing file /opt/airflow/dags/data_processing_dag.py for tasks to queue
[2025-04-10T14:18:53.653+0000] {logging_mixin.py:188} INFO - [2025-04-10T14:18:53.653+0000] {dagbag.py:540} INFO - Filling up the DagBag from /opt/airflow/dags/data_processing_dag.py
[2025-04-10T14:18:54.300+0000] {processor.py:840} INFO - DAG(s) 'data_processing_pipeline' retrieved from /opt/airflow/dags/data_processing_dag.py
[2025-04-10T14:18:54.339+0000] {logging_mixin.py:188} INFO - [2025-04-10T14:18:54.338+0000] {dag.py:3096} INFO - Sync 1 DAGs
[2025-04-10T14:18:54.614+0000] {logging_mixin.py:188} INFO - [2025-04-10T14:18:54.613+0000] {dag.py:3954} INFO - Setting next_dagrun for data_processing_pipeline to 2025-04-10 00:00:00+00:00, run_after=2025-04-11 00:00:00+00:00
[2025-04-10T14:18:54.649+0000] {processor.py:183} INFO - Processing /opt/airflow/dags/data_processing_dag.py took 1.012 seconds
[2025-04-10T14:19:24.771+0000] {processor.py:161} INFO - Started process (PID=3534) to work on /opt/airflow/dags/data_processing_dag.py
[2025-04-10T14:19:24.772+0000] {processor.py:830} INFO - Processing file /opt/airflow/dags/data_processing_dag.py for tasks to queue
[2025-04-10T14:19:24.775+0000] {logging_mixin.py:188} INFO - [2025-04-10T14:19:24.775+0000] {dagbag.py:540} INFO - Filling up the DagBag from /opt/airflow/dags/data_processing_dag.py
[2025-04-10T14:19:25.328+0000] {processor.py:840} INFO - DAG(s) 'data_processing_pipeline' retrieved from /opt/airflow/dags/data_processing_dag.py
[2025-04-10T14:19:25.358+0000] {logging_mixin.py:188} INFO - [2025-04-10T14:19:25.357+0000] {dag.py:3096} INFO - Sync 1 DAGs
[2025-04-10T14:19:25.392+0000] {logging_mixin.py:188} INFO - [2025-04-10T14:19:25.392+0000] {dag.py:3954} INFO - Setting next_dagrun for data_processing_pipeline to 2025-04-10 00:00:00+00:00, run_after=2025-04-11 00:00:00+00:00
[2025-04-10T14:19:25.628+0000] {processor.py:183} INFO - Processing /opt/airflow/dags/data_processing_dag.py took 0.868 seconds
[2025-04-10T14:19:56.397+0000] {processor.py:161} INFO - Started process (PID=3594) to work on /opt/airflow/dags/data_processing_dag.py
[2025-04-10T14:19:56.398+0000] {processor.py:830} INFO - Processing file /opt/airflow/dags/data_processing_dag.py for tasks to queue
[2025-04-10T14:19:56.402+0000] {logging_mixin.py:188} INFO - [2025-04-10T14:19:56.401+0000] {dagbag.py:540} INFO - Filling up the DagBag from /opt/airflow/dags/data_processing_dag.py
[2025-04-10T14:19:56.956+0000] {processor.py:840} INFO - DAG(s) 'data_processing_pipeline' retrieved from /opt/airflow/dags/data_processing_dag.py
[2025-04-10T14:19:56.987+0000] {logging_mixin.py:188} INFO - [2025-04-10T14:19:56.987+0000] {dag.py:3096} INFO - Sync 1 DAGs
[2025-04-10T14:19:57.022+0000] {logging_mixin.py:188} INFO - [2025-04-10T14:19:57.022+0000] {dag.py:3954} INFO - Setting next_dagrun for data_processing_pipeline to 2025-04-10 00:00:00+00:00, run_after=2025-04-11 00:00:00+00:00
[2025-04-10T14:19:57.058+0000] {processor.py:183} INFO - Processing /opt/airflow/dags/data_processing_dag.py took 0.671 seconds
[2025-04-10T14:20:27.798+0000] {processor.py:161} INFO - Started process (PID=3654) to work on /opt/airflow/dags/data_processing_dag.py
[2025-04-10T14:20:27.801+0000] {processor.py:830} INFO - Processing file /opt/airflow/dags/data_processing_dag.py for tasks to queue
[2025-04-10T14:20:27.806+0000] {logging_mixin.py:188} INFO - [2025-04-10T14:20:27.805+0000] {dagbag.py:540} INFO - Filling up the DagBag from /opt/airflow/dags/data_processing_dag.py
[2025-04-10T14:20:28.730+0000] {processor.py:840} INFO - DAG(s) 'data_processing_pipeline' retrieved from /opt/airflow/dags/data_processing_dag.py
[2025-04-10T14:20:28.762+0000] {logging_mixin.py:188} INFO - [2025-04-10T14:20:28.761+0000] {dag.py:3096} INFO - Sync 1 DAGs
[2025-04-10T14:20:28.804+0000] {logging_mixin.py:188} INFO - [2025-04-10T14:20:28.803+0000] {dag.py:3954} INFO - Setting next_dagrun for data_processing_pipeline to 2025-04-10 00:00:00+00:00, run_after=2025-04-11 00:00:00+00:00
[2025-04-10T14:20:28.840+0000] {processor.py:183} INFO - Processing /opt/airflow/dags/data_processing_dag.py took 1.060 seconds
